parallel restore str: , false
env str: , async2ndPhase: false
env str: , create snapshot: false
2024/03/03 21:19:19 [INFO] Load configuration for function scale[40]
2024/03/03 21:19:19 [INFO] Load configuration for function chkptmngr[50]
2024/03/03 21:19:19 [INFO] Load configuration for function redisSetup[70]
2024/03/03 21:19:19 [INFO] Load configuration for function source[20]
2024/03/03 21:19:19 [INFO] Load configuration for function query2[30]
2024/03/03 21:19:19 [INFO] Parse FAAS_ENGINE_ID: 4
2024/03/03 21:19:19 [INFO] Parse FAAS_ENGINE_ID: 4
2024/03/03 21:19:19 [INFO] Current GOMAXPROCS is 2
2024/03/03 21:19:19 [INFO] Parse FAAS_ENGINE_ID: 4
2024/03/03 21:19:19 [INFO] Current GOMAXPROCS is 3
2024/03/03 21:19:19 [INFO] Parse FAAS_ENGINE_ID: 4
2024/03/03 21:19:19 [INFO] Current GOMAXPROCS is 4
2024/03/03 21:19:19 [INFO] Start new FuncWorker with client id 6
2024/03/03 21:19:19 [INFO] Start new FuncWorker with client id 7
2024/03/03 21:19:19 [INFO] Start new FuncWorker with client id 8
2024/03/03 21:19:19 [INFO] Start new FuncWorker with client id 9
Enter nexmark: funcName: source
2024/03/03 21:19:19 [INFO] Handshake with engine done
Enter nexmark: funcName: source
2024/03/03 21:19:19 [INFO] Handshake with engine done
Enter nexmark: funcName: source
2024/03/03 21:19:19 [INFO] Handshake with engine done
Enter nexmark: funcName: source
2024/03/03 21:19:19 [INFO] Handshake with engine done
redis address is [snapcache-1:6666 snapcache-2:6666 snapcache-3:6666 snapcache-4:6666]
new buffered sink stream nexmark_src[0] with bufMaxSize 131072
new buffered sink stream nexmark_src[1] with bufMaxSize 131072
new buffered sink stream nexmark_src[2] with bufMaxSize 131072
new buffered sink stream nexmark_src[3] with bufMaxSize 131072
Generator config: 
	InterEventDelayUs: [20.833333333333332]
	EventPerEpoch    : 0
	MaxEvents        : 34560000
	FirstEventNumber : 1
	EpochPeriodMs    : 0
	StepLengthSec    : 5
	BaseTime         : 1709500887713
	FirstEventId     : 1
	TotalProportion  : 50
	BidProportion    : 46
	AuctionProportion: 3
	PersonProportion : 1
Nexmark config: 
	NumEvents            : 34560000
	NumEventGenerators   : 4
	RateShape            : 0
	FirstEventRate       : 192000
	NextEventRate        : 192000
	RateUnit             : 1000000
	RatePeriodSec        : 10
	PreloadSeconds       : 0
	StreamTimeout        : 240
	IsRateLimited        : false
	UseWallclockEventTime: false
	AvgPersonByteSize    : 200
	AvgAuctionByteSize   : 500
	AvgBidByteSize       : 100
	HotAuctionRatio      : 2
	HotSellersRatio      : 4
	HotBiddersRatio      : 4
	WindowSizeSec        : 10
	WindowPeriodSec      : 5
	WatermarkHoldbackSec : 0
	NumInFlightAuctions  : 100
	NumActivePeople      : 1000
	OccasionalDelaySec   : 3
	ProbDelayedEvent     : 0.1
	OutOfOrderGroupSize  : 1
Input config: 
	SrcTopicName   : nexmark_src
	AppId          : q2
	FinalOutTpNames: [q2_out]
	Duration(s)    : 180
	FlushMs        : 10
	BufMaxSize     : 131072
	CommitEveryMs  : 100
	WaitForEndMark : true
	SerdeFormat    : MSGP
	NumOutPartition: 4
	ParNum         : 2
	NumSrcInstance : 4
	Guarantee      : ALIGN_CHKPT
new buffered sink stream __control_log_q2[0] with bufMaxSize 131072
new buffered sink stream __control_log_q2[0] with bufMaxSize 131072
generate events to [2]
StartTs: 1709500887713
gen first chkpt
srcGen_2 stats (480000 samples): dur=10.008135101s, p50=4, p90=15, p99=49
nexmark_src_bufEntry_2 stats (1666 samples): dur=10.001610028s, p50=487, p90=510, p99=512
nexmark_src_bufSize_2 stats (1666 samples): dur=10.001699973s, p50=125033, p90=131018, p99=131065
srcGen_2 stats (480395 samples): dur=10.007654939s, p50=4, p90=15, p99=47
nexmark_src_bufEntry_2 stats (1665 samples): dur=10.004050775s, p50=491, p90=510, p99=513
nexmark_src_bufSize_2 stats (1665 samples): dur=10.004050339s, p50=126605, p90=131015, p99=131064
srcGen_2 stats (480398 samples): dur=10.007181683s, p50=4, p90=15, p99=46
nexmark_src_bufEntry_2 stats (1673 samples): dur=10.007184689s, p50=479, p90=507, p99=511
nexmark_src_bufSize_2 stats (1673 samples): dur=10.0071828s, p50=123665, p90=131021, p99=131066
srcGen_2 stats (480263 samples): dur=10.007319978s, p50=4, p90=15, p99=46
nexmark_src_bufEntry_2 stats (1677 samples): dur=10.009036397s, p50=486, p90=506, p99=508
nexmark_src_bufSize_2 stats (1677 samples): dur=10.009040467s, p50=126338, p90=131014, p99=131066
srcGen_2 stats (480384 samples): dur=10.008027036s, p50=4, p90=15, p99=47
nexmark_src_bufEntry_2 stats (1665 samples): dur=10.006303744s, p50=483, p90=506, p99=508
nexmark_src_bufSize_2 stats (1665 samples): dur=10.006300748s, p50=125439, p90=131021, p99=131066
srcGen_2 stats (480384 samples): dur=10.007707352s, p50=4, p90=15, p99=46
nexmark_src_bufEntry_2 stats (1689 samples): dur=10.007701336s, p50=483, p90=506, p99=508
nexmark_src_bufSize_2 stats (1689 samples): dur=10.007699672s, p50=125667, p90=131018, p99=131067
srcGen_2 stats (480432 samples): dur=10.008523863s, p50=4, p90=14, p99=45
nexmark_src_bufEntry_2 stats (1682 samples): dur=10.008534367s, p50=484, p90=505, p99=508
nexmark_src_bufSize_2 stats (1682 samples): dur=10.008537545s, p50=126371, p90=131017, p99=131066
srcGen_2 stats (480384 samples): dur=10.008045261s, p50=4, p90=15, p99=48
nexmark_src_bufEntry_2 stats (1686 samples): dur=10.008036283s, p50=483, p90=501, p99=504
nexmark_src_bufSize_2 stats (1686 samples): dur=10.008037624s, p50=126865, p90=131016, p99=131065
srcGen_2 stats (480384 samples): dur=10.008553634s, p50=4, p90=15, p99=46
nexmark_src_bufEntry_2 stats (1671 samples): dur=10.008553808s, p50=483, p90=502, p99=504
nexmark_src_bufSize_2 stats (1671 samples): dur=10.008552194s, p50=126569, p90=131020, p99=131066
nexmark_src_bufEntry_2 stats (1674 samples): dur=10.001140541s, p50=479, p90=502, p99=504
nexmark_src_bufSize_2 stats (1674 samples): dur=10.001143462s, p50=125335, p90=131019, p99=131066
srcGen_2 stats (480384 samples): dur=10.008603042s, p50=4, p90=15, p99=47
nexmark_src_bufEntry_2 stats (1679 samples): dur=10.001059456s, p50=482, p90=502, p99=504
nexmark_src_bufSize_2 stats (1679 samples): dur=10.001080925s, p50=126342, p90=131014, p99=131065
srcGen_2 stats (480375 samples): dur=10.007346326s, p50=4, p90=15, p99=48
nexmark_src_bufEntry_2 stats (1684 samples): dur=10.006442525s, p50=480, p90=502, p99=504
nexmark_src_bufSize_2 stats (1684 samples): dur=10.006419744s, p50=126447, p90=131028, p99=131063
srcGen_2 stats (480441 samples): dur=10.008649454s, p50=4, p90=15, p99=47
nexmark_src_bufEntry_2 stats (1682 samples): dur=10.000205264s, p50=485, p90=502, p99=504
nexmark_src_bufSize_2 stats (1682 samples): dur=10.000205331s, p50=127385, p90=131026, p99=131067
srcGen_2 stats (480384 samples): dur=10.008684889s, p50=4, p90=15, p99=49
nexmark_src_bufEntry_2 stats (1676 samples): dur=10.005719671s, p50=490, p90=502, p99=504
nexmark_src_bufSize_2 stats (1676 samples): dur=10.005722332s, p50=128553, p90=131019, p99=131067
srcGen_2 stats (480432 samples): dur=10.008563437s, p50=4, p90=15, p99=49
nexmark_src_bufEntry_2 stats (1649 samples): dur=10.009512919s, p50=480, p90=502, p99=504
nexmark_src_bufSize_2 stats (1649 samples): dur=10.009509627s, p50=126408, p90=131019, p99=131066
srcGen_2 stats (480429 samples): dur=10.007467169s, p50=5, p90=15, p99=48
nexmark_src_bufEntry_2 stats (1643 samples): dur=10.008274709s, p50=473, p90=501, p99=504
nexmark_src_bufSize_2 stats (1643 samples): dur=10.008275902s, p50=124151, p90=131016, p99=131065
srcGen_2 stats (480324 samples): dur=10.007445821s, p50=5, p90=15, p99=46
nexmark_src_bufEntry_2 stats (1678 samples): dur=10.002805473s, p50=479, p90=502, p99=504
nexmark_src_bufSize_2 stats (1678 samples): dur=10.002806401s, p50=126033, p90=131023, p99=131068
srcGen_2 stats (480352 samples): dur=10.007418473s, p50=5, p90=15, p99=48
[2] chkmngr has terminated
nexmark_src_bufEntry_2 stats (1663 samples): dur=10.004167929s, p50=488, p90=502, p99=504
nexmark_src_bufSize_2 stats (1663 samples): dur=10.004168107s, p50=127945, p90=131018, p99=131067
generate stream end mark with tag: 404b3c06f60bdf02
[2] all stopped
