wait for last: true, sink max_buf_size: 131072
warmup: 0
config: map[NodeConstraint:"1,2,3,4" NumInstance:4 OutputTopicName:["nexmark_src"] funcName:"source"]
config: map[Final:true InputTopicNames:["nexmark_src"] NodeConstraint:"5,6,7,8" NumInstance:4 NumSrcProducer:[1] OutputTopicName:["fanout_out"] funcName:"fanout"]
srcInvokeConfig: &{FinalTpNames:[fanout_out] TopicName:nexmark_src AppId:fanout NodeConstraint:1,2,3,4 AdditionalBytes:0 ScaleEpoch:0 NumOutPartition:4 InstanceID:0 NumSrcInstance:4}
cliNodes: [0xc000026160]
inParamsMap: map[fanout:[0xc00007eaa0 0xc00007eb40 0xc00007ebe0 0xc00007ec80]]
configScaleInput: &{Config:map[fanout:4 fanout_out:128 nexmark_src:4 source:4] AppId:fanout FuncNames:[source fanout] BufMaxSize:131072 ScaleEpoch:0 SerdeFormat:1 Bootstrap:false}
encoded json is {"sg":{"fanout":4,"fanout_out":128,"nexmark_src":4,"source":4},"aid":"fanout","fns":["source","fanout"],"bufMaxSize":131072,"epoch":1,"serdeFormat":1,"bs":true}, node constraint is 1
func source url is http://ip-172-31-1-232.us-east-2.compute.internal:8080/function/source
func source url is http://ip-172-31-1-232.us-east-2.compute.internal:8080/function/source
func source url is http://ip-172-31-1-232.us-east-2.compute.internal:8080/function/source
src instance: 4
func source url is http://ip-172-31-1-232.us-east-2.compute.internal:8080/function/source
encoded json is {"topic_name":"nexmark_src","rate_shape":"square","aid":"fanout","events_num":46080000,"rate_period":10000000000,"finOutTpNs":["fanout_out"],"first_event_rate":256000,"next_event_rate":256000,"bid_avg_size":100,"person_avg_size":200,"auction_avg_size":500,"duration":180,"person_proportion":1,"auction_proportion":3,"bid_proportion":46,"bid_hot_ratio_auctions":2,"bid_hot_ratio_bidders":4,"auction_hot_ratio_sellers":4,"flushms":10,"bufMaxSize":131072,"commEveryMs":100,"rate_limited":false,"waitEnd":true,"serde_format":1,"numOutPar":4,"parNum":3,"nSrcIns":4,"gua":2}, node constraint is 1,2,3,4
encoded json is {"topic_name":"nexmark_src","rate_shape":"square","aid":"fanout","events_num":46080000,"rate_period":10000000000,"finOutTpNs":["fanout_out"],"first_event_rate":256000,"next_event_rate":256000,"bid_avg_size":100,"person_avg_size":200,"auction_avg_size":500,"duration":180,"person_proportion":1,"auction_proportion":3,"bid_proportion":46,"bid_hot_ratio_auctions":2,"bid_hot_ratio_bidders":4,"auction_hot_ratio_sellers":4,"flushms":10,"bufMaxSize":131072,"commEveryMs":100,"rate_limited":false,"waitEnd":true,"serde_format":1,"numOutPar":4,"nSrcIns":4,"gua":2}, node constraint is 1,2,3,4
encoded json is {"topic_name":"nexmark_src","rate_shape":"square","aid":"fanout","events_num":46080000,"rate_period":10000000000,"finOutTpNs":["fanout_out"],"first_event_rate":256000,"next_event_rate":256000,"bid_avg_size":100,"person_avg_size":200,"auction_avg_size":500,"duration":180,"person_proportion":1,"auction_proportion":3,"bid_proportion":46,"bid_hot_ratio_auctions":2,"bid_hot_ratio_bidders":4,"auction_hot_ratio_sellers":4,"flushms":10,"bufMaxSize":131072,"commEveryMs":100,"rate_limited":false,"waitEnd":true,"serde_format":1,"numOutPar":4,"parNum":2,"nSrcIns":4,"gua":2}, node constraint is 1,2,3,4
encoded json is {"topic_name":"nexmark_src","rate_shape":"square","aid":"fanout","events_num":46080000,"rate_period":10000000000,"finOutTpNs":["fanout_out"],"first_event_rate":256000,"next_event_rate":256000,"bid_avg_size":100,"person_avg_size":200,"auction_avg_size":500,"duration":180,"person_proportion":1,"auction_proportion":3,"bid_proportion":46,"bid_hot_ratio_auctions":2,"bid_hot_ratio_bidders":4,"auction_hot_ratio_sellers":4,"flushms":10,"bufMaxSize":131072,"commEveryMs":100,"rate_limited":false,"waitEnd":true,"serde_format":1,"numOutPar":4,"parNum":1,"nSrcIns":4,"gua":2}, node constraint is 1,2,3,4
Waiting for all client to return
func name is fanout
func url is http://ip-172-31-1-232.us-east-2.compute.internal:8080/function/fanout
func name is fanout
func url is http://ip-172-31-1-232.us-east-2.compute.internal:8080/function/fanout
func name is fanout
func url is http://ip-172-31-1-232.us-east-2.compute.internal:8080/function/fanout
func name is fanout
func url is http://ip-172-31-1-232.us-east-2.compute.internal:8080/function/fanout
encoded json is {"aid":"fanout","numOutPartition":"gA==","numSubstreamProducer":"AQ==","outputTopicName":["fanout_out"],"inputTopicName":["nexmark_src"],"commEveryMs":100,"flushMs":100,"duration":180,"bufMaxSize":131072,"epoch":1,"waitEnd":true,"numInPartition":4,"ParNum":3,"gua":2,"serdeFormat":1}, node constraint is 5,6,7,8
encoded json is {"aid":"fanout","numOutPartition":"gA==","numSubstreamProducer":"AQ==","outputTopicName":["fanout_out"],"inputTopicName":["nexmark_src"],"commEveryMs":100,"flushMs":100,"duration":180,"bufMaxSize":131072,"epoch":1,"waitEnd":true,"numInPartition":4,"gua":2,"serdeFormat":1}, node constraint is 5,6,7,8
encoded json is {"aid":"fanout","numOutPartition":"gA==","numSubstreamProducer":"AQ==","outputTopicName":["fanout_out"],"inputTopicName":["nexmark_src"],"commEveryMs":100,"flushMs":100,"duration":180,"bufMaxSize":131072,"epoch":1,"waitEnd":true,"numInPartition":4,"ParNum":1,"gua":2,"serdeFormat":1}, node constraint is 5,6,7,8
encoded json is {"aid":"fanout","numOutPartition":"gA==","numSubstreamProducer":"AQ==","outputTopicName":["fanout_out"],"inputTopicName":["nexmark_src"],"commEveryMs":100,"flushMs":100,"duration":180,"bufMaxSize":131072,"epoch":1,"waitEnd":true,"numInPartition":4,"ParNum":2,"gua":2,"serdeFormat":1}, node constraint is 5,6,7,8
source-3 invoke done
source-0 invoke done
source-2 invoke done
source-1 invoke done
fanout-0 call done
fanout-3 call done
fanout-2 call done
fanout-1 call done
sink processed: 11519982, throughput: (event/s) 63998.91764541366
sink_ctrl processed: 1, throughput: (event/s) 0.005555470281586695
source-0 duration: 180.002762919

sink processed: 11520001, throughput: (event/s) 63998.720568266624
sink_ctrl processed: 1, throughput: (event/s) 0.005555444011529741
source-1 duration: 180.003614099

sink processed: 11519946, throughput: (event/s) 63998.73791763934
sink_ctrl processed: 1, throughput: (event/s) 0.0055554720410702745
source-2 duration: 180.00270591

sink processed: 11520001, throughput: (event/s) 63999.26194279777
sink_ctrl processed: 1, throughput: (event/s) 0.005555491005842601
source-3 duration: 180.002091435

sink processed 46079930 events, duration: 180.003614099, tp: 255994.471170
sink_ctrl processed 4 events, duration: 180.003614099, tp: 0.022222

eventTimeLatency_fanoutSink, p50: 96 ms, p90: 186 ms, p99: 306 ms
nexmark_src_src_epoch processed: 0, throughput: (event/s) 0
nexmark_src_src_logEntry processed: 30161, throughput: (event/s) 167.06052098324267
fanoutSink processed: 11519981, throughput: (event/s) 63808.69426003969
nexmark_src_src processed: 11519982, throughput: (event/s) 63808.69979899798
nexmark_src_src_ctrl processed: 1, throughput: (event/s) 0.005538958289952014
nexmark_src_src_data processed: 11519981, throughput: (event/s) 63808.69426003969
fanout-0 duration: 180.539362756

eventTimeLatency_fanoutSink, p50: 91 ms, p90: 179 ms, p99: 328 ms
nexmark_src_src_logEntry processed: 30200, throughput: (event/s) 167.13818351033706
fanoutSink processed: 11520000, throughput: (event/s) 63756.02231917493
nexmark_src_src processed: 11520001, throughput: (event/s) 63756.027853551874
nexmark_src_src_ctrl processed: 1, throughput: (event/s) 0.005534376937428379
nexmark_src_src_data processed: 11520000, throughput: (event/s) 63756.02231917493
nexmark_src_src_epoch processed: 0, throughput: (event/s) 0
fanout-1 duration: 180.688813087

eventTimeLatency_fanoutSink, p50: 81 ms, p90: 168 ms, p99: 303 ms
fanoutSink processed: 11519945, throughput: (event/s) 63844.399073823755
nexmark_src_src processed: 11519946, throughput: (event/s) 63844.40461589875
nexmark_src_src_ctrl processed: 1, throughput: (event/s) 0.005542074990273283
nexmark_src_src_data processed: 11519945, throughput: (event/s) 63844.399073823755
nexmark_src_src_epoch processed: 0, throughput: (event/s) 0
nexmark_src_src_logEntry processed: 30319, throughput: (event/s) 168.03017163009568
fanout-2 duration: 180.437832717

eventTimeLatency_fanoutSink, p50: 94 ms, p90: 183 ms, p99: 287 ms
fanoutSink processed: 11520000, throughput: (event/s) 63821.52854436596
nexmark_src_src processed: 11520001, throughput: (event/s) 63821.53408442921
nexmark_src_src_ctrl processed: 1, throughput: (event/s) 0.005540063241698434
nexmark_src_src_data processed: 11520000, throughput: (event/s) 63821.52854436596
nexmark_src_src_epoch processed: 0, throughput: (event/s) 0
nexmark_src_src_logEntry processed: 30350, throughput: (event/s) 168.14091938554748
fanout-3 duration: 180.503354632

nexmark_src_src_epoch processed 0 events, duration: 180.688813087
nexmark_src_src_logEntry processed 121030 events, duration: 180.688813087
fanoutSink processed 46079926 events, duration: 180.688813087
nexmark_src_src processed 46079930 events, duration: 180.688813087
nexmark_src_src_ctrl processed 4 events, duration: 180.688813087
nexmark_src_src_data processed 46079926 events, duration: 180.688813087

