parallel restore str: , false
env str: , async2ndPhase: false
env str: , create snapshot: false
2024/03/03 10:21:03 [INFO] Load configuration for function scale[40]
2024/03/03 10:21:03 [INFO] Load configuration for function chkptmngr[50]
2024/03/03 10:21:03 [INFO] Load configuration for function redisSetup[70]
2024/03/03 10:21:03 [INFO] Load configuration for function source[20]
2024/03/03 10:21:03 [INFO] Load configuration for function query2[30]
2024/03/03 10:21:03 [INFO] Parse FAAS_ENGINE_ID: 7
2024/03/03 10:21:03 [INFO] Parse FAAS_ENGINE_ID: 7
2024/03/03 10:21:03 [INFO] Current GOMAXPROCS is 2
2024/03/03 10:21:03 [INFO] Parse FAAS_ENGINE_ID: 7
2024/03/03 10:21:03 [INFO] Current GOMAXPROCS is 3
2024/03/03 10:21:03 [INFO] Parse FAAS_ENGINE_ID: 7
2024/03/03 10:21:03 [INFO] Current GOMAXPROCS is 4
2024/03/03 10:21:03 [INFO] Start new FuncWorker with client id 8
2024/03/03 10:21:03 [INFO] Start new FuncWorker with client id 9
2024/03/03 10:21:03 [INFO] Start new FuncWorker with client id 10
2024/03/03 10:21:03 [INFO] Start new FuncWorker with client id 11
Enter nexmark: funcName: query2
Enter nexmark: funcName: query2
Enter nexmark: funcName: query2
2024/03/03 10:21:03 [INFO] Handshake with engine done
2024/03/03 10:21:03 [INFO] Handshake with engine done
2024/03/03 10:21:03 [INFO] Handshake with engine done
Enter nexmark: funcName: query2
2024/03/03 10:21:03 [INFO] Handshake with engine done
new buffered sink stream nexmark_src[0] with bufMaxSize 131072
new buffered sink stream nexmark_src[1] with bufMaxSize 131072
new buffered sink stream nexmark_src[2] with bufMaxSize 131072
new buffered sink stream nexmark_src[3] with bufMaxSize 131072
new buffered sink stream q2_out[0] with bufMaxSize 131072
new buffered sink stream q2_out[1] with bufMaxSize 131072
new buffered sink stream q2_out[2] with bufMaxSize 131072
new buffered sink stream q2_out[3] with bufMaxSize 131072
nexmark_src notEnded: map[0:{}], notScaleFence: map[0:{}]
redis address is [snapcache-1:6666 snapcache-2:6666 snapcache-3:6666 snapcache-4:6666]
new buffered sink stream __control_log_q2[0] with bufMaxSize 131072
new buffered sink stream __control_log_q2[0] with bufMaxSize 131072
[0] finished prev task source, funcName query2, meta epoch 0, current epoch 1, cmm instance 0, remain instances: map[]
[1] finished prev task source, funcName query2, meta epoch 0, current epoch 1, cmm instance 0, remain instances: map[]
[2] finished prev task source, funcName query2, meta epoch 0, current epoch 1, cmm instance 0, remain instances: map[]
[3] finished prev task source, funcName query2, meta epoch 0, current epoch 1, cmm instance 0, remain instances: map[]
[0] finished prev task query2, funcName query2, meta epoch 0, current epoch 1, cmm instance 0, remain instances: map[]
[0] prodId: ProducerId: {TaskId: 0x1c00b00000001, TaskEpoch: 0x1}, warmup time: 0s, flush every: 100ms, waitEndMark: true
nexmark_src_src counter: dur=10.007359886s, value=40638, rate=4060.811289184409 per second
q2_out_sink counter: dur=10.016542803s, value=176, rate=17.570932752095583 per second
q2_out_sink stats (200 samples): dur=11.430640135s, p50=1, p90=2, p99=4
nexmark_src_src counter: dur=10.010224402s, value=80773, rate=4009.4006276204154 per second
q2_out_sink counter: dur=10.054553675s, value=333, rate=15.61481544331206 per second
q2_out_bufEntry_0 stats (200 samples): dur=20.686906001s, p50=1, p90=3, p99=5
q2_out_bufSize_0 stats (200 samples): dur=20.686930762s, p50=279, p90=785, p99=1319
WaitAlignTime_0(ms) stats (200 samples): dur=22.018614197s, p50=0, p90=0, p99=0
createChkpt_0(ms) stats (200 samples): dur=22.013744016s, p50=1, p90=2, p99=6
q2_out_sink stats (200 samples): dur=12.149331823s, p50=1, p90=2, p99=2
nexmark_src_src counter: dur=10.004189941s, value=120879, rate=4008.9202860527735 per second
q2_out_sink counter: dur=10.104181635s, value=490, rate=15.53812131169196 per second
q2_out_sink stats (200 samples): dur=13.500138565s, p50=1, p90=2, p99=3
nexmark_src_src counter: dur=10.002241028s, value=160962, rate=4007.40193000676 per second
q2_out_sink counter: dur=10.075358235s, value=639, rate=14.788556051773975 per second
q2_out_bufEntry_0 stats (200 samples): dur=20.900323975s, p50=1, p90=3, p99=5
q2_out_bufSize_0 stats (200 samples): dur=20.900328167s, p50=271, p90=745, p99=1252
WaitAlignTime_0(ms) stats (200 samples): dur=22.244954025s, p50=0, p90=0, p99=0
createChkpt_0(ms) stats (200 samples): dur=22.244924038s, p50=1, p90=1, p99=20
q2_out_sink stats (387 samples): dur=10.000262329s, p50=0, p90=1, p99=2
nexmark_src_src counter: dur=10.003618357s, value=201083, rate=4010.64880408252 per second
q2_out_sink counter: dur=10.0432704s, value=1573, rate=92.99759568357334 per second
q2_out_sink stats (673 samples): dur=10.022615711s, p50=0, p90=1, p99=2
nexmark_src_src counter: dur=10.007701437s, value=241206, rate=4009.2123303817943 per second
q2_out_sink counter: dur=10.171594804s, value=1708, rate=13.272255000455877 per second
q2_out_bufEntry_0 stats (200 samples): dur=21.499325825s, p50=1, p90=4, p99=101
q2_out_bufSize_0 stats (200 samples): dur=21.499322241s, p50=275, p90=964, p99=25391
WaitAlignTime_0(ms) stats (200 samples): dur=22.059307416s, p50=0, p90=0, p99=0
createChkpt_0(ms) stats (200 samples): dur=22.059003247s, p50=1, p90=1, p99=7
nexmark_src_src counter: dur=10.00267054s, value=281304, rate=4008.7294527647214 per second
q2_out_sink stats (200 samples): dur=13.213583898s, p50=1, p90=1, p99=2
q2_out_sink counter: dur=10.040014631s, value=1862, rate=15.338623065797403 per second
nexmark_src_src counter: dur=10.002778612s, value=321403, rate=4008.786113879854 per second
q2_out_sink counter: dur=10.00195624s, value=2020, rate=15.79690974532798 per second
q2_out_sink stats (200 samples): dur=12.056740908s, p50=1, p90=1, p99=2
q2_out_bufEntry_0 stats (200 samples): dur=20.497910106s, p50=1, p90=3, p99=4
q2_out_bufSize_0 stats (200 samples): dur=20.497906282s, p50=279, p90=769, p99=1081
WaitAlignTime_0(ms) stats (200 samples): dur=22.102083682s, p50=0, p90=0, p99=0
createChkpt_0(ms) stats (200 samples): dur=22.10204258s, p50=1, p90=1, p99=3
nexmark_src_src counter: dur=10.001937855s, value=361505, rate=4009.4230319530416 per second
q2_out_sink counter: dur=10.101827694s, value=2183, rate=16.13569394940424 per second
q2_out_sink stats (200 samples): dur=13.611540602s, p50=1, p90=2, p99=2
nexmark_src_src counter: dur=10.010372497s, value=401640, rate=4009.341311927006 per second
q2_out_sink counter: dur=10.046250344s, value=3120, rate=93.26862938067353 per second
q2_out_bufEntry_0 stats (200 samples): dur=20.469751101s, p50=1, p90=3, p99=144
q2_out_bufSize_0 stats (200 samples): dur=20.469753184s, p50=281, p90=782, p99=35966
q2_out_sink stats (942 samples): dur=10.01948081s, p50=0, p90=1, p99=2
nexmark_src_src counter: dur=10.001946085s, value=441734, rate=4008.6198884964297 per second
WaitAlignTime_0(ms) stats (200 samples): dur=22.11797609s, p50=0, p90=0, p99=0
createChkpt_0(ms) stats (200 samples): dur=22.117857372s, p50=1, p90=1, p99=8
q2_out_sink counter: dur=10.053424434s, value=3272, rate=15.11922638876623 per second
nexmark_src_src counter: dur=10.00088258s, value=481805, rate=4006.746372578649 per second
q2_out_sink stats (200 samples): dur=14.211534069s, p50=1, p90=2, p99=2
q2_out_sink counter: dur=10.008117211s, value=3412, rate=13.98864512159439 per second
q2_out_bufEntry_0 stats (200 samples): dur=23.10426777s, p50=1, p90=3, p99=4
q2_out_bufSize_0 stats (200 samples): dur=23.104267825s, p50=276, p90=740, p99=1090
nexmark_src_src counter: dur=10.001774152s, value=521927, rate=4011.4883010007807 per second
q2_out_sink counter: dur=10.048485613s, value=3547, rate=13.434860256489477 per second
WaitAlignTime_0(ms) stats (200 samples): dur=22.121152387s, p50=0, p90=0, p99=0
createChkpt_0(ms) stats (200 samples): dur=22.122728723s, p50=1, p90=1, p99=9
q2_out_sink stats (200 samples): dur=14.555008507s, p50=1, p90=2, p99=2
nexmark_src_src counter: dur=10.002571882s, value=561998, rate=4006.069686148345 per second
q2_out_sink counter: dur=10.021235399s, value=3681, rate=13.371604863545228 per second
q2_out_sink stats (200 samples): dur=13.552151812s, p50=1, p90=2, p99=2
q2_out_bufEntry_0 stats (200 samples): dur=21.628246097s, p50=1, p90=3, p99=5
q2_out_bufSize_0 stats (200 samples): dur=21.628260167s, p50=269, p90=768, p99=1285
nexmark_src_src counter: dur=10.003941463s, value=602136, rate=4012.2185988844585 per second
q2_out_sink counter: dur=10.031521073s, value=4634, rate=95.0005480788965 per second
WaitAlignTime_0(ms) stats (200 samples): dur=22.129169371s, p50=0, p90=0, p99=0
createChkpt_0(ms) stats (200 samples): dur=22.127889404s, p50=1, p90=1, p99=12
q2_out_sink stats (949 samples): dur=10.051142036s, p50=0, p90=1, p99=2
nexmark_src_src counter: dur=10.000152554s, value=642226, rate=4008.9388420343894 per second
q2_out_sink counter: dur=10.011158083s, value=4783, rate=14.88339298657342 per second
q2_out_bufEntry_0 stats (200 samples): dur=20.099950129s, p50=1, p90=3, p99=128
q2_out_bufSize_0 stats (200 samples): dur=20.099934966s, p50=280, p90=805, p99=32444
nexmark_src_src counter: dur=10.006272688s, value=682340, rate=4008.885351296355 per second
q2_out_sink counter: dur=10.18329513s, value=4936, rate=15.024606283801186 per second
q2_out_sink stats (200 samples): dur=13.815984204s, p50=1, p90=2, p99=2
WaitAlignTime_0(ms) stats (200 samples): dur=22.166603788s, p50=0, p90=0, p99=0
createChkpt_0(ms) stats (200 samples): dur=22.166445418s, p50=1, p90=1, p99=12
0 producer ended, map[] remain
exit due to ctrlMsg
createChkpt_0(ms) (27 samples): dur=2.974546893s, data=[1 1 1 1 1 1 1 1 1 1 1 1 1 1 1 1 1 1 1 2 1 1 1 1 1 1 1]
[0]duration: 180.074502 s, uts: 1709461566269
WaitAlignTime_0(ms) (27 samples): dur=2.97719212s, data=[0 0 0 0 0 0 0 0 0 0 0 0 0 0 0 0 0 0 0 0 0 0 0 0 0 0 0]
nexmark_src_src msgCnt 721628, ctrlCnt 1628, epochCnt 0, logEntry 16154
sink msgCnt 5049, ctrlCnt 1628
