parallel restore str: , false
env str: , async2ndPhase: false
env str: , create snapshot: false
2024/03/03 07:51:11 [INFO] Load configuration for function scale[40]
2024/03/03 07:51:11 [INFO] Load configuration for function chkptmngr[60]
2024/03/03 07:51:11 [INFO] Load configuration for function redisSetup[70]
2024/03/03 07:51:11 [INFO] Load configuration for function source[20]
2024/03/03 07:51:11 [INFO] Load configuration for function query1[30]
2024/03/03 07:51:11 [INFO] Parse FAAS_ENGINE_ID: 6
2024/03/03 07:51:11 [INFO] Parse FAAS_ENGINE_ID: 6
2024/03/03 07:51:11 [INFO] Current GOMAXPROCS is 2
2024/03/03 07:51:11 [INFO] Parse FAAS_ENGINE_ID: 6
2024/03/03 07:51:11 [INFO] Current GOMAXPROCS is 3
2024/03/03 07:51:11 [INFO] Parse FAAS_ENGINE_ID: 6
2024/03/03 07:51:11 [INFO] Current GOMAXPROCS is 4
2024/03/03 07:51:11 [INFO] Start new FuncWorker with client id 8
2024/03/03 07:51:11 [INFO] Start new FuncWorker with client id 9
2024/03/03 07:51:11 [INFO] Start new FuncWorker with client id 10
2024/03/03 07:51:11 [INFO] Start new FuncWorker with client id 11
Enter nexmark: funcName: query1
2024/03/03 07:51:11 [INFO] Handshake with engine done
Enter nexmark: funcName: query1
Enter nexmark: funcName: query1
Enter nexmark: funcName: query1
2024/03/03 07:51:11 [INFO] Handshake with engine done
2024/03/03 07:51:11 [INFO] Handshake with engine done
2024/03/03 07:51:11 [INFO] Handshake with engine done
new buffered sink stream nexmark_src[0] with bufMaxSize 131072
new buffered sink stream nexmark_src[1] with bufMaxSize 131072
new buffered sink stream nexmark_src[2] with bufMaxSize 131072
new buffered sink stream nexmark_src[3] with bufMaxSize 131072
new buffered sink stream q1_out[0] with bufMaxSize 131072
new buffered sink stream q1_out[1] with bufMaxSize 131072
new buffered sink stream q1_out[2] with bufMaxSize 131072
new buffered sink stream q1_out[3] with bufMaxSize 131072
nexmark_src notEnded: map[1:{}], notScaleFence: map[1:{}]
redis address is [snapcache-1:6666 snapcache-2:6666 snapcache-3:6666 snapcache-4:6666]
new buffered sink stream __control_log_q1[0] with bufMaxSize 131072
new buffered sink stream __control_log_q1[0] with bufMaxSize 131072
[0] finished prev task source, funcName query1, meta epoch 0, current epoch 1, cmm instance 1, remain instances: map[]
[1] finished prev task source, funcName query1, meta epoch 0, current epoch 1, cmm instance 1, remain instances: map[]
[2] finished prev task source, funcName query1, meta epoch 0, current epoch 1, cmm instance 1, remain instances: map[]
[3] finished prev task source, funcName query1, meta epoch 0, current epoch 1, cmm instance 1, remain instances: map[]
[0] finished prev task query1, funcName query1, meta epoch 0, current epoch 1, cmm instance 1, remain instances: map[]
[1] prodId: ProducerId: {TaskId: 0x1800b00000001, TaskEpoch: 0x1}, warmup time: 0s, flush every: 100ms, waitEndMark: true
nexmark_src_src counter: dur=10.011798592s, value=161513, rate=16132.266197310255 per second
q1_out_sink counter: dur=10.011708878s, value=148318, rate=14814.453936621947 per second
q1_out_sink stats (148318 samples): dur=10.01200055s, p50=0, p90=0, p99=1
q1_out_bufEntry_1 stats (387 samples): dur=10.000929735s, p50=512, p90=517, p99=519
q1_out_bufSize_1 stats (387 samples): dur=10.00095807s, p50=130837, p90=131032, p99=131065
nexmark_src_src counter: dur=10.006421338s, value=321716, rate=16010.0194253883 per second
q1_out_sink counter: dur=10.006441596s, value=295606, rate=14719.318409740908 per second
q1_out_sink stats (147288 samples): dur=10.006434812s, p50=0, p90=0, p99=1
q1_out_bufEntry_1 stats (387 samples): dur=10.028242453s, p50=513, p90=517, p99=519
q1_out_bufSize_1 stats (387 samples): dur=10.028241958s, p50=130828, p90=131031, p99=131065
WaitAlignTime_0(ms) stats (200 samples): dur=22.055585362s, p50=0, p90=0, p99=0
createChkpt_1(ms) stats (200 samples): dur=22.053404014s, p50=1, p90=1, p99=3
nexmark_src_src counter: dur=10.001491636s, value=481822, rate=16008.21215744503 per second
q1_out_sink counter: dur=10.001467942s, value=442838, rate=14721.039036851416 per second
q1_out_sink stats (147232 samples): dur=10.00424192s, p50=0, p90=0, p99=1
q1_out_bufEntry_1 stats (388 samples): dur=10.004315131s, p50=513, p90=517, p99=519
q1_out_bufSize_1 stats (388 samples): dur=10.004313997s, p50=130838, p90=131017, p99=131066
nexmark_src_src counter: dur=10.00692993s, value=642040, rate=16010.704693722184 per second
q1_out_sink counter: dur=10.006959977s, value=590154, rate=14721.353971494955 per second
q1_out_sink stats (147316 samples): dur=10.004202694s, p50=0, p90=0, p99=1
q1_out_bufEntry_1 stats (384 samples): dur=10.015931354s, p50=513, p90=517, p99=519
q1_out_bufSize_1 stats (384 samples): dur=10.015935714s, p50=130822, p90=131012, p99=131064
WaitAlignTime_0(ms) stats (200 samples): dur=22.140083919s, p50=0, p90=0, p99=0
createChkpt_1(ms) stats (200 samples): dur=22.140506852s, p50=1, p90=1, p99=2
nexmark_src_src counter: dur=10.007238128s, value=802227, rate=16007.113846107131 per second
q1_out_sink counter: dur=10.007239002s, value=737458, rate=14719.744374103637 per second
q1_out_sink stats (147304 samples): dur=10.007257568s, p50=0, p90=0, p99=1
q1_out_bufEntry_1 stats (383 samples): dur=10.019675835s, p50=513, p90=517, p99=519
q1_out_bufSize_1 stats (383 samples): dur=10.019676132s, p50=130821, p90=131020, p99=131068
nexmark_src_src counter: dur=10.008730919s, value=962477, rate=16011.020907335076 per second
q1_out_sink counter: dur=10.008719209s, value=884806, rate=14721.96361223745 per second
q1_out_sink stats (147348 samples): dur=10.008692932s, p50=0, p90=0, p99=1
q1_out_bufEntry_1 stats (384 samples): dur=10.010684492s, p50=513, p90=517, p99=519
q1_out_bufSize_1 stats (384 samples): dur=10.010686439s, p50=130822, p90=131023, p99=131066
WaitAlignTime_0(ms) stats (200 samples): dur=22.111155858s, p50=0, p90=0, p99=0
createChkpt_1(ms) stats (200 samples): dur=22.111183935s, p50=1, p90=1, p99=2
nexmark_src_src counter: dur=10.006717969s, value=1122679, rate=16009.444904542406 per second
q1_out_sink counter: dur=10.006694518s, value=1032106, rate=14720.14557205053 per second
q1_out_sink stats (147300 samples): dur=10.006684302s, p50=0, p90=0, p99=1
q1_out_bufEntry_1 stats (383 samples): dur=10.01550557s, p50=510, p90=517, p99=519
q1_out_bufSize_1 stats (383 samples): dur=10.015498861s, p50=130832, p90=131036, p99=131069
nexmark_src_src counter: dur=10.007128403s, value=1282865, rate=16007.18943028436 per second
q1_out_sink counter: dur=10.007139814s, value=1179382, rate=14717.092269857238 per second
q1_out_sink stats (147276 samples): dur=10.007136373s, p50=0, p90=0, p99=0
q1_out_bufEntry_1 stats (383 samples): dur=10.000918148s, p50=508, p90=513, p99=515
q1_out_bufSize_1 stats (383 samples): dur=10.000917719s, p50=130830, p90=131022, p99=131067
WaitAlignTime_0(ms) stats (200 samples): dur=22.404530453s, p50=0, p90=0, p99=0
createChkpt_1(ms) stats (200 samples): dur=22.404241726s, p50=1, p90=2, p99=29
nexmark_src_src counter: dur=10.000986176s, value=1442970, rate=16008.92123860886 per second
q1_out_sink counter: dur=10.000975755s, value=1326610, rate=14721.36355559038 per second
q1_out_sink stats (147228 samples): dur=10.00101319s, p50=0, p90=0, p99=1
q1_out_bufEntry_1 stats (384 samples): dur=10.006918608s, p50=509, p90=513, p99=514
q1_out_bufSize_1 stats (384 samples): dur=10.006923891s, p50=130836, p90=131001, p99=131064
q1_out_sink stats (147359 samples): dur=10.00249729s, p50=0, p90=0, p99=1
q1_out_sink counter: dur=10.002845178s, value=1473970, rate=14731.808538244679 per second
nexmark_src_src counter: dur=10.011472711s, value=1603251, rate=16009.732496587934 per second
q1_out_bufEntry_1 stats (384 samples): dur=10.026544975s, p50=509, p90=513, p99=514
q1_out_bufSize_1 stats (384 samples): dur=10.02654284s, p50=130836, p90=131024, p99=131067
q1_out_sink stats (147215 samples): dur=10.001453659s, p50=0, p90=0, p99=0
q1_out_sink counter: dur=10.001455929s, value=1621185, rate=14719.356966133164 per second
nexmark_src_src counter: dur=10.003578652s, value=1763374, rate=16006.571804979696 per second
q1_out_bufEntry_1 stats (385 samples): dur=10.000172248s, p50=509, p90=513, p99=515
q1_out_bufSize_1 stats (385 samples): dur=10.000176124s, p50=130838, p90=131035, p99=131069
WaitAlignTime_0(ms) stats (200 samples): dur=22.290245432s, p50=0, p90=0, p99=0
createChkpt_1(ms) stats (200 samples): dur=22.289966513s, p50=1, p90=2, p99=26
q1_out_sink counter: dur=10.007760707s, value=1768386, rate=14708.685020520046 per second
q1_out_sink stats (147202 samples): dur=10.008091693s, p50=0, p90=0, p99=1
nexmark_src_src counter: dur=10.009578837s, value=1923624, rate=16009.664603234096 per second
q1_out_bufEntry_1 stats (390 samples): dur=10.012126584s, p50=509, p90=513, p99=516
q1_out_bufSize_1 stats (390 samples): dur=10.012121442s, p50=130829, p90=131032, p99=131068
q1_out_sink counter: dur=10.00698157s, value=1915690, rate=14720.123043056628 per second
q1_out_sink stats (147304 samples): dur=10.006996562s, p50=0, p90=0, p99=1
nexmark_src_src counter: dur=10.007032043s, value=2083841, rate=16010.441388770518 per second
q1_out_bufEntry_1 stats (385 samples): dur=10.008766398s, p50=508, p90=513, p99=515
q1_out_bufSize_1 stats (385 samples): dur=10.008770258s, p50=130829, p90=131023, p99=131066
WaitAlignTime_0(ms) stats (200 samples): dur=22.358397273s, p50=0, p90=0, p99=0
createChkpt_1(ms) stats (200 samples): dur=22.3590705s, p50=1, p90=2, p99=25
q1_out_sink counter: dur=10.006892426s, value=2062978, rate=14718.655275769224 per second
q1_out_sink stats (147288 samples): dur=10.006881003s, p50=0, p90=0, p99=1
nexmark_src_src counter: dur=10.005822166s, value=2244027, rate=16009.279131935355 per second
q1_out_bufEntry_1 stats (384 samples): dur=10.004860982s, p50=509, p90=513, p99=515
q1_out_bufSize_1 stats (384 samples): dur=10.004859128s, p50=130828, p90=131026, p99=131068
q1_out_sink counter: dur=10.009495045s, value=2210326, rate=14720.822512780414 per second
q1_out_sink stats (147348 samples): dur=10.009495262s, p50=0, p90=0, p99=1
nexmark_src_src counter: dur=10.010381798s, value=2404277, rate=16008.38042281432 per second
q1_out_bufEntry_1 stats (387 samples): dur=10.020684246s, p50=509, p90=513, p99=516
q1_out_bufSize_1 stats (387 samples): dur=10.02068498s, p50=130844, p90=131026, p99=131064
WaitAlignTime_0(ms) stats (200 samples): dur=22.245987432s, p50=0, p90=0, p99=0
createChkpt_1(ms) stats (200 samples): dur=22.245456436s, p50=1, p90=2, p99=17
q1_out_sink counter: dur=10.004079669s, value=2357614, rate=14722.793587540753 per second
q1_out_sink stats (147288 samples): dur=10.004093879s, p50=0, p90=0, p99=1
nexmark_src_src counter: dur=10.004188826s, value=2564447, rate=16010.293566604058 per second
q1_out_bufEntry_1 stats (384 samples): dur=10.011574028s, p50=509, p90=513, p99=515
q1_out_bufSize_1 stats (384 samples): dur=10.011574954s, p50=130823, p90=131022, p99=131065
q1_out_sink stats (147268 samples): dur=10.000358763s, p50=0, p90=0, p99=1
q1_out_sink counter: dur=10.000706422s, value=2504883, rate=14725.859732871579 per second
nexmark_src_src counter: dur=10.011456192s, value=2724696, rate=16006.562574588548 per second
q1_out_bufEntry_1 stats (384 samples): dur=10.014264545s, p50=509, p90=513, p99=515
q1_out_bufSize_1 stats (384 samples): dur=10.014265434s, p50=130830, p90=131026, p99=131067
WaitAlignTime_0(ms) stats (200 samples): dur=22.189698745s, p50=0, p90=0, p99=0
createChkpt_1(ms) stats (200 samples): dur=22.190018833s, p50=1, p90=2, p99=28
1 producer ended, map[] remain
exit due to ctrlMsg
createChkpt_1(ms) (19 samples): dur=2.140372106s, data=[1 1 1 1 1 1 1 1 1 1 2 1 1 1 1 2 1 1 1]
[1]duration: 180.083826 s, uts: 1709452573029
WaitAlignTime_0(ms) (19 samples): dur=2.144828721s, data=[0 0 0 0 0 0 0 0 0 0 0 0 0 0 0 0 0 0 0]
nexmark_src_src msgCnt 2881620, ctrlCnt 1620, epochCnt 0, logEntry 14785
sink msgCnt 2649600, ctrlCnt 1620
