parallel restore str: , false
env str: , async2ndPhase: false
env str: , create snapshot: false
2024/03/03 20:30:43 [INFO] Load configuration for function scale[40]
2024/03/03 20:30:43 [INFO] Load configuration for function chkptmngr[60]
2024/03/03 20:30:43 [INFO] Load configuration for function redisSetup[70]
2024/03/03 20:30:43 [INFO] Load configuration for function source[20]
2024/03/03 20:30:43 [INFO] Load configuration for function query1[30]
2024/03/03 20:30:43 [INFO] Parse FAAS_ENGINE_ID: 4
2024/03/03 20:30:43 [INFO] Parse FAAS_ENGINE_ID: 4
2024/03/03 20:30:43 [INFO] Current GOMAXPROCS is 2
2024/03/03 20:30:43 [INFO] Parse FAAS_ENGINE_ID: 4
2024/03/03 20:30:43 [INFO] Current GOMAXPROCS is 3
2024/03/03 20:30:43 [INFO] Parse FAAS_ENGINE_ID: 4
2024/03/03 20:30:43 [INFO] Current GOMAXPROCS is 4
2024/03/03 20:30:43 [INFO] Start new FuncWorker with client id 6
2024/03/03 20:30:43 [INFO] Start new FuncWorker with client id 7
2024/03/03 20:30:43 [INFO] Start new FuncWorker with client id 8
2024/03/03 20:30:43 [INFO] Start new FuncWorker with client id 9
Enter nexmark: funcName: source
2024/03/03 20:30:43 [INFO] Handshake with engine done
Enter nexmark: funcName: source
2024/03/03 20:30:43 [INFO] Handshake with engine done
Enter nexmark: funcName: source
2024/03/03 20:30:43 [INFO] Handshake with engine done
Enter nexmark: funcName: source
2024/03/03 20:30:43 [INFO] Handshake with engine done
redis address is [snapcache-1:6666 snapcache-2:6666 snapcache-3:6666 snapcache-4:6666]
new buffered sink stream nexmark_src[0] with bufMaxSize 131072
new buffered sink stream nexmark_src[1] with bufMaxSize 131072
new buffered sink stream nexmark_src[2] with bufMaxSize 131072
new buffered sink stream nexmark_src[3] with bufMaxSize 131072
Generator config: 
	InterEventDelayUs: [250]
	EventPerEpoch    : 0
	MaxEvents        : 2880000
	FirstEventNumber : 1
	EpochPeriodMs    : 0
	StepLengthSec    : 5
	BaseTime         : 1709497969404
	FirstEventId     : 1
	TotalProportion  : 50
	BidProportion    : 46
	AuctionProportion: 3
	PersonProportion : 1
Nexmark config: 
	NumEvents            : 2880000
	NumEventGenerators   : 4
	RateShape            : 0
	FirstEventRate       : 16000
	NextEventRate        : 16000
	RateUnit             : 1000000
	RatePeriodSec        : 10
	PreloadSeconds       : 0
	StreamTimeout        : 240
	IsRateLimited        : false
	UseWallclockEventTime: false
	AvgPersonByteSize    : 200
	AvgAuctionByteSize   : 500
	AvgBidByteSize       : 100
	HotAuctionRatio      : 2
	HotSellersRatio      : 4
	HotBiddersRatio      : 4
	WindowSizeSec        : 10
	WindowPeriodSec      : 5
	WatermarkHoldbackSec : 0
	NumInFlightAuctions  : 100
	NumActivePeople      : 1000
	OccasionalDelaySec   : 3
	ProbDelayedEvent     : 0.1
	OutOfOrderGroupSize  : 1
Input config: 
	SrcTopicName   : nexmark_src
	AppId          : q1
	FinalOutTpNames: [q1_out]
	Duration(s)    : 180
	FlushMs        : 10
	BufMaxSize     : 131072
	CommitEveryMs  : 100
	WaitForEndMark : true
	SerdeFormat    : MSGP
	NumOutPartition: 4
	ParNum         : 3
	NumSrcInstance : 4
	Guarantee      : ALIGN_CHKPT
new buffered sink stream __control_log_q1[0] with bufMaxSize 131072
new buffered sink stream __control_log_q1[0] with bufMaxSize 131072
generate events to [3]
StartTs: 1709497969404
gen first chkpt
srcGen_3 stats (40004 samples): dur=10.00184894s, p50=12, p90=1095, p99=1251
nexmark_src_bufEntry_3 stats (859 samples): dur=10.004555784s, p50=48, p90=48, p99=52
nexmark_src_bufSize_3 stats (859 samples): dur=10.004608529s, p50=12004, p90=12612, p99=13583
srcGen_3 stats (40008 samples): dur=10.001803939s, p50=12, p90=1096, p99=1252
nexmark_src_bufEntry_3 stats (867 samples): dur=10.006365565s, p50=48, p90=48, p99=52
nexmark_src_bufSize_3 stats (867 samples): dur=10.006362648s, p50=11832, p90=12564, p99=13391
srcGen_3 stats (40008 samples): dur=10.001979652s, p50=12, p90=1096, p99=1247
nexmark_src_bufEntry_3 stats (868 samples): dur=10.009008808s, p50=48, p90=48, p99=52
nexmark_src_bufSize_3 stats (868 samples): dur=10.009007973s, p50=11788, p90=12594, p99=13336
srcGen_3 stats (40004 samples): dur=10.001293353s, p50=12, p90=1094, p99=1257
nexmark_src_bufEntry_3 stats (869 samples): dur=10.006940033s, p50=44, p90=48, p99=52
nexmark_src_bufSize_3 stats (869 samples): dur=10.006937011s, p50=11703, p90=12602, p99=13456
srcGen_3 stats (40008 samples): dur=10.001825557s, p50=12, p90=1094, p99=1258
nexmark_src_bufEntry_3 stats (871 samples): dur=10.007638642s, p50=44, p90=48, p99=52
nexmark_src_bufSize_3 stats (871 samples): dur=10.007642742s, p50=11677, p90=12558, p99=13420
srcGen_3 stats (40008 samples): dur=10.001840176s, p50=12, p90=1094, p99=1259
nexmark_src_bufEntry_3 stats (870 samples): dur=10.010919738s, p50=44, p90=48, p99=52
nexmark_src_bufSize_3 stats (870 samples): dur=10.010917616s, p50=11698, p90=12593, p99=13437
srcGen_3 stats (40004 samples): dur=10.001491517s, p50=12, p90=1095, p99=1243
nexmark_src_bufEntry_3 stats (870 samples): dur=10.006498348s, p50=44, p90=48, p99=52
nexmark_src_bufSize_3 stats (870 samples): dur=10.006498282s, p50=11696, p90=12595, p99=13394
srcGen_3 stats (40008 samples): dur=10.001234548s, p50=12, p90=1094, p99=1259
nexmark_src_bufEntry_3 stats (873 samples): dur=10.00106756s, p50=44, p90=48, p99=52
nexmark_src_bufSize_3 stats (873 samples): dur=10.001067862s, p50=11655, p90=12550, p99=13390
srcGen_3 stats (40004 samples): dur=10.001286963s, p50=12, p90=1095, p99=1241
nexmark_src_bufEntry_3 stats (874 samples): dur=10.001987477s, p50=44, p90=48, p99=52
nexmark_src_bufSize_3 stats (874 samples): dur=10.001988427s, p50=11629, p90=12563, p99=13458
srcGen_3 stats (40008 samples): dur=10.001791278s, p50=12, p90=1094, p99=1253
nexmark_src_bufEntry_3 stats (876 samples): dur=10.000823981s, p50=44, p90=48, p99=52
nexmark_src_bufSize_3 stats (876 samples): dur=10.000828841s, p50=11611, p90=12556, p99=13322
srcGen_3 stats (40004 samples): dur=10.001122138s, p50=12, p90=1094, p99=1290
nexmark_src_bufEntry_3 stats (881 samples): dur=10.010580796s, p50=44, p90=48, p99=52
nexmark_src_bufSize_3 stats (881 samples): dur=10.010582378s, p50=11588, p90=12527, p99=13317
srcGen_3 stats (40004 samples): dur=10.001559025s, p50=12, p90=1094, p99=1879
nexmark_src_bufEntry_3 stats (884 samples): dur=10.001639338s, p50=44, p90=48, p99=52
nexmark_src_bufSize_3 stats (884 samples): dur=10.001633188s, p50=11575, p90=12545, p99=13316
srcGen_3 stats (40004 samples): dur=10.001097997s, p50=12, p90=1093, p99=1901
nexmark_src_bufEntry_3 stats (890 samples): dur=10.000766096s, p50=44, p90=48, p99=52
nexmark_src_bufSize_3 stats (890 samples): dur=10.000769656s, p50=11531, p90=12516, p99=13293
srcGen_3 stats (40008 samples): dur=10.001622637s, p50=12, p90=1094, p99=1878
nexmark_src_bufEntry_3 stats (887 samples): dur=10.001281925s, p50=44, p90=48, p99=52
nexmark_src_bufSize_3 stats (887 samples): dur=10.001277607s, p50=11541, p90=12529, p99=13306
srcGen_3 stats (40004 samples): dur=10.001325979s, p50=12, p90=1094, p99=1890
nexmark_src_bufEntry_3 stats (888 samples): dur=10.000560706s, p50=44, p90=48, p99=48
nexmark_src_bufSize_3 stats (888 samples): dur=10.000561177s, p50=11539, p90=12496, p99=12742
srcGen_3 stats (40004 samples): dur=10.000930231s, p50=12, p90=1094, p99=1866
nexmark_src_bufEntry_3 stats (884 samples): dur=10.000308059s, p50=44, p90=48, p99=52
nexmark_src_bufSize_3 stats (884 samples): dur=10.000312262s, p50=11537, p90=12499, p99=13163
srcGen_3 stats (40008 samples): dur=10.001982803s, p50=12, p90=1096, p99=1254
nexmark_src_bufEntry_3 stats (881 samples): dur=10.009892387s, p50=44, p90=48, p99=52
nexmark_src_bufSize_3 stats (881 samples): dur=10.009888232s, p50=11580, p90=12527, p99=13210
[3] chkmngr has terminated
generate stream end mark with tag: 404b3c06f60bdf03
[3] all stopped
