parallel restore str: , false
env str: , async2ndPhase: false
env str: , create snapshot: false
2024/03/03 21:02:53 [INFO] Load configuration for function scale[40]
2024/03/03 21:02:53 [INFO] Load configuration for function chkptmngr[50]
2024/03/03 21:02:53 [INFO] Load configuration for function redisSetup[70]
2024/03/03 21:02:53 [INFO] Load configuration for function source[20]
2024/03/03 21:02:53 [INFO] Load configuration for function query2[30]
2024/03/03 21:02:53 [INFO] Parse FAAS_ENGINE_ID: 4
2024/03/03 21:02:53 [INFO] Parse FAAS_ENGINE_ID: 4
2024/03/03 21:02:53 [INFO] Current GOMAXPROCS is 2
2024/03/03 21:02:53 [INFO] Parse FAAS_ENGINE_ID: 4
2024/03/03 21:02:53 [INFO] Current GOMAXPROCS is 3
2024/03/03 21:02:53 [INFO] Parse FAAS_ENGINE_ID: 4
2024/03/03 21:02:53 [INFO] Current GOMAXPROCS is 4
2024/03/03 21:02:53 [INFO] Start new FuncWorker with client id 7
2024/03/03 21:02:53 [INFO] Start new FuncWorker with client id 8
2024/03/03 21:02:53 [INFO] Start new FuncWorker with client id 9
2024/03/03 21:02:53 [INFO] Start new FuncWorker with client id 10
Enter nexmark: funcName: source
2024/03/03 21:02:53 [INFO] Handshake with engine done
Enter nexmark: funcName: source
Enter nexmark: funcName: source
2024/03/03 21:02:53 [INFO] Handshake with engine done
2024/03/03 21:02:53 [INFO] Handshake with engine done
Enter nexmark: funcName: source
2024/03/03 21:02:53 [INFO] Handshake with engine done
redis address is [snapcache-1:6666 snapcache-2:6666 snapcache-3:6666 snapcache-4:6666]
new buffered sink stream nexmark_src[0] with bufMaxSize 131072
new buffered sink stream nexmark_src[1] with bufMaxSize 131072
new buffered sink stream nexmark_src[2] with bufMaxSize 131072
new buffered sink stream nexmark_src[3] with bufMaxSize 131072
Generator config: 
	InterEventDelayUs: [31.25]
	EventPerEpoch    : 0
	MaxEvents        : 23040000
	FirstEventNumber : 1
	EpochPeriodMs    : 0
	StepLengthSec    : 5
	BaseTime         : 1709499908895
	FirstEventId     : 1
	TotalProportion  : 50
	BidProportion    : 46
	AuctionProportion: 3
	PersonProportion : 1
Nexmark config: 
	NumEvents            : 23040000
	NumEventGenerators   : 4
	RateShape            : 0
	FirstEventRate       : 128000
	NextEventRate        : 128000
	RateUnit             : 1000000
	RatePeriodSec        : 10
	PreloadSeconds       : 0
	StreamTimeout        : 240
	IsRateLimited        : false
	UseWallclockEventTime: false
	AvgPersonByteSize    : 200
	AvgAuctionByteSize   : 500
	AvgBidByteSize       : 100
	HotAuctionRatio      : 2
	HotSellersRatio      : 4
	HotBiddersRatio      : 4
	WindowSizeSec        : 10
	WindowPeriodSec      : 5
	WatermarkHoldbackSec : 0
	NumInFlightAuctions  : 100
	NumActivePeople      : 1000
	OccasionalDelaySec   : 3
	ProbDelayedEvent     : 0.1
	OutOfOrderGroupSize  : 1
Input config: 
	SrcTopicName   : nexmark_src
	AppId          : q2
	FinalOutTpNames: [q2_out]
	Duration(s)    : 180
	FlushMs        : 10
	BufMaxSize     : 131072
	CommitEveryMs  : 100
	WaitForEndMark : true
	SerdeFormat    : MSGP
	NumOutPartition: 4
	ParNum         : 0
	NumSrcInstance : 4
	Guarantee      : ALIGN_CHKPT
new buffered sink stream __control_log_q2[0] with bufMaxSize 131072
new buffered sink stream __control_log_q2[0] with bufMaxSize 131072
generate events to [0]
StartTs: 1709499908895
gen first chkpt
srcGen_0 stats (320032 samples): dur=10.005430022s, p50=5, p90=14, p99=1546
nexmark_src_bufEntry_0 stats (786 samples): dur=10.011457307s, p50=416, p90=448, p99=505
nexmark_src_bufSize_0 stats (786 samples): dur=10.011504395s, p50=106942, p90=115316, p99=130882
srcGen_0 stats (320160 samples): dur=10.005784586s, p50=5, p90=14, p99=1560
nexmark_src_bufEntry_0 stats (786 samples): dur=10.002113211s, p50=416, p90=448, p99=448
nexmark_src_bufSize_0 stats (786 samples): dur=10.002112471s, p50=106838, p90=114806, p99=116143
srcGen_0 stats (320160 samples): dur=10.004995458s, p50=5, p90=14, p99=1563
nexmark_src_bufEntry_0 stats (789 samples): dur=10.009914091s, p50=416, p90=447, p99=448
nexmark_src_bufSize_0 stats (789 samples): dur=10.009912379s, p50=106814, p90=114729, p99=116320
srcGen_0 stats (320201 samples): dur=10.004546441s, p50=5, p90=14, p99=1576
nexmark_src_bufEntry_0 stats (790 samples): dur=10.005702312s, p50=416, p90=434, p99=448
nexmark_src_bufSize_0 stats (790 samples): dur=10.005722688s, p50=107270, p90=112682, p99=116912
srcGen_0 stats (320093 samples): dur=10.004644334s, p50=5, p90=14, p99=1580
nexmark_src_bufEntry_0 stats (788 samples): dur=10.006798367s, p50=416, p90=436, p99=448
nexmark_src_bufSize_0 stats (788 samples): dur=10.006780561s, p50=107535, p90=113506, p99=116953
srcGen_0 stats (320154 samples): dur=10.004443931s, p50=4, p90=14, p99=1586
nexmark_src_bufEntry_0 stats (787 samples): dur=10.002667625s, p50=416, p90=416, p99=448
nexmark_src_bufSize_0 stats (787 samples): dur=10.002667213s, p50=107603, p90=109535, p99=117130
srcGen_0 stats (320160 samples): dur=10.005643544s, p50=5, p90=14, p99=1581
nexmark_src_bufEntry_0 stats (788 samples): dur=10.008374159s, p50=416, p90=418, p99=448
nexmark_src_bufSize_0 stats (788 samples): dur=10.0083772s, p50=107561, p90=109649, p99=117134
srcGen_0 stats (320198 samples): dur=10.004745408s, p50=5, p90=14, p99=1580
nexmark_src_bufEntry_0 stats (792 samples): dur=10.011448095s, p50=416, p90=435, p99=448
nexmark_src_bufSize_0 stats (792 samples): dur=10.011445929s, p50=107510, p90=112654, p99=117060
srcGen_0 stats (320154 samples): dur=10.005913381s, p50=5, p90=14, p99=1588
nexmark_src_bufEntry_0 stats (791 samples): dur=10.006837793s, p50=416, p90=438, p99=448
nexmark_src_bufSize_0 stats (791 samples): dur=10.006833874s, p50=107526, p90=112978, p99=116935
srcGen_0 stats (320173 samples): dur=10.005015892s, p50=5, p90=14, p99=1567
nexmark_src_bufEntry_0 stats (779 samples): dur=10.00709826s, p50=416, p90=448, p99=448
nexmark_src_bufSize_0 stats (779 samples): dur=10.007101622s, p50=107800, p90=116168, p99=117405
srcGen_0 stats (320147 samples): dur=10.005070741s, p50=5, p90=14, p99=1559
nexmark_src_bufEntry_0 stats (786 samples): dur=10.008071434s, p50=416, p90=448, p99=448
nexmark_src_bufSize_0 stats (786 samples): dur=10.008071175s, p50=108455, p90=116862, p99=118063
srcGen_0 stats (320166 samples): dur=10.004687068s, p50=5, p90=14, p99=1553
nexmark_src_bufEntry_0 stats (784 samples): dur=10.00185737s, p50=416, p90=448, p99=448
nexmark_src_bufSize_0 stats (784 samples): dur=10.001856796s, p50=108565, p90=117147, p99=118043
srcGen_0 stats (320186 samples): dur=10.006194223s, p50=5, p90=14, p99=1559
nexmark_src_bufEntry_0 stats (784 samples): dur=10.011301071s, p50=416, p90=448, p99=448
nexmark_src_bufSize_0 stats (784 samples): dur=10.011304228s, p50=108650, p90=117094, p99=118417
srcGen_0 stats (320160 samples): dur=10.004884679s, p50=5, p90=14, p99=1555
nexmark_src_bufEntry_0 stats (783 samples): dur=10.011673968s, p50=416, p90=448, p99=448
nexmark_src_bufSize_0 stats (783 samples): dur=10.011670937s, p50=108590, p90=117093, p99=118130
srcGen_0 stats (320160 samples): dur=10.005538918s, p50=5, p90=14, p99=1566
nexmark_src_bufEntry_0 stats (784 samples): dur=10.011808552s, p50=416, p90=448, p99=460
nexmark_src_bufSize_0 stats (784 samples): dur=10.011805793s, p50=108588, p90=117083, p99=120051
srcGen_0 stats (320224 samples): dur=10.006425806s, p50=4, p90=14, p99=1565
nexmark_src_bufEntry_0 stats (783 samples): dur=10.007031876s, p50=416, p90=448, p99=448
nexmark_src_bufSize_0 stats (783 samples): dur=10.007034827s, p50=108709, p90=117001, p99=118135
srcGen_0 stats (320192 samples): dur=10.0059061s, p50=5, p90=14, p99=1572
nexmark_src_bufEntry_0 stats (787 samples): dur=10.004619987s, p50=416, p90=448, p99=448
nexmark_src_bufSize_0 stats (787 samples): dur=10.004621686s, p50=108404, p90=116531, p99=117981
[0] chkmngr has terminated
generate stream end mark with tag: 404b3c06f60bdf00
[0] all stopped
