parallel restore str: , false
env str: , async2ndPhase: false
env str: , create snapshot: false
2024/03/03 21:51:53 [INFO] Load configuration for function scale[40]
2024/03/03 21:51:53 [INFO] Load configuration for function chkptmngr[50]
2024/03/03 21:51:53 [INFO] Load configuration for function redisSetup[70]
2024/03/03 21:51:53 [INFO] Load configuration for function source[20]
2024/03/03 21:51:53 [INFO] Load configuration for function query2[30]
2024/03/03 21:51:53 [INFO] Parse FAAS_ENGINE_ID: 6
2024/03/03 21:51:53 [INFO] Parse FAAS_ENGINE_ID: 6
2024/03/03 21:51:53 [INFO] Current GOMAXPROCS is 2
2024/03/03 21:51:53 [INFO] Parse FAAS_ENGINE_ID: 6
2024/03/03 21:51:53 [INFO] Current GOMAXPROCS is 3
2024/03/03 21:51:53 [INFO] Parse FAAS_ENGINE_ID: 6
2024/03/03 21:51:53 [INFO] Start new FuncWorker with client id 1
2024/03/03 21:51:53 [INFO] Start new FuncWorker with client id 3
2024/03/03 21:51:53 [INFO] Current GOMAXPROCS is 4
2024/03/03 21:51:53 [INFO] Start new FuncWorker with client id 2
2024/03/03 21:51:53 [INFO] Start new FuncWorker with client id 4
Enter nexmark: funcName: query2
Enter nexmark: funcName: query2
2024/03/03 21:51:53 [INFO] Handshake with engine done
2024/03/03 21:51:53 [INFO] Handshake with engine done
Enter nexmark: funcName: query2
Enter nexmark: funcName: query2
2024/03/03 21:51:53 [INFO] Handshake with engine done
2024/03/03 21:51:53 [INFO] Handshake with engine done
new buffered sink stream nexmark_src[0] with bufMaxSize 131072
new buffered sink stream nexmark_src[1] with bufMaxSize 131072
new buffered sink stream nexmark_src[2] with bufMaxSize 131072
new buffered sink stream nexmark_src[3] with bufMaxSize 131072
new buffered sink stream q2_out[0] with bufMaxSize 131072
new buffered sink stream q2_out[1] with bufMaxSize 131072
new buffered sink stream q2_out[2] with bufMaxSize 131072
new buffered sink stream q2_out[3] with bufMaxSize 131072
nexmark_src notEnded: map[3:{}], notScaleFence: map[3:{}]
redis address is [snapcache-1:6666 snapcache-2:6666 snapcache-3:6666 snapcache-4:6666]
new buffered sink stream __control_log_q2[0] with bufMaxSize 131072
new buffered sink stream __control_log_q2[0] with bufMaxSize 131072
[0] finished prev task source, funcName query2, meta epoch 0, current epoch 1, cmm instance 3, remain instances: map[]
[1] finished prev task source, funcName query2, meta epoch 0, current epoch 1, cmm instance 3, remain instances: map[]
[2] finished prev task source, funcName query2, meta epoch 0, current epoch 1, cmm instance 3, remain instances: map[]
[3] finished prev task source, funcName query2, meta epoch 0, current epoch 1, cmm instance 3, remain instances: map[]
[0] finished prev task query2, funcName query2, meta epoch 0, current epoch 1, cmm instance 3, remain instances: map[]
[3] prodId: ProducerId: {TaskId: 0x1800300000001, TaskEpoch: 0x1}, warmup time: 0s, flush every: 100ms, waitEndMark: true
nexmark_src_src counter: dur=10.059705282s, value=805264, rate=80048.46836227622 per second
q2_out_sink counter: dur=10.059578297s, value=5927, rate=589.1897080583954 per second
q2_out_sink stats (5927 samples): dur=10.059600982s, p50=0, p90=0, p99=1
q2_out_bufEntry_3 stats (200 samples): dur=12.665253618s, p50=21, p90=37, p99=516
q2_out_bufSize_3 stats (200 samples): dur=12.665275221s, p50=5437, p90=9382, p99=131009
nexmark_src_src counter: dur=10.004979272s, value=1610663, rate=80499.81695154481 per second
q2_out_sink counter: dur=10.00518638s, value=11482, rate=555.2120459349204 per second
q2_out_sink stats (5555 samples): dur=10.005188906s, p50=0, p90=1, p99=1
q2_out_bufEntry_3 stats (200 samples): dur=12.92698303s, p50=20, p90=41, p99=512
q2_out_bufSize_3 stats (200 samples): dur=12.926982659s, p50=5014, p90=10493, p99=130902
WaitAlignTime_0(ms) stats (200 samples): dur=28.203773464s, p50=0, p90=0, p99=0
createChkpt_3(ms) stats (200 samples): dur=28.202045454s, p50=1, p90=56, p99=132
nexmark_src_src counter: dur=10.003227543s, value=2411015, rate=80009.37662965247 per second
q2_out_sink counter: dur=10.009054345s, value=17534, rate=604.6525267417759 per second
q2_out_sink stats (6052 samples): dur=10.00906042s, p50=0, p90=0, p99=1
q2_out_bufEntry_3 stats (200 samples): dur=12.550640893s, p50=17, p90=38, p99=510
q2_out_bufSize_3 stats (200 samples): dur=12.550643237s, p50=4385, p90=9363, p99=130844
nexmark_src_src counter: dur=10.004323656s, value=3210614, rate=79925.34303110515 per second
q2_out_sink counter: dur=10.003549013s, value=23632, rate=609.5836579673286 per second
q2_out_sink stats (6098 samples): dur=10.00354623s, p50=0, p90=1, p99=1
nexmark_src_src counter: dur=10.000330512s, value=4011535, rate=80089.45294747275 per second
q2_out_sink counter: dur=10.00748638s, value=29838, rate=620.1357428177685 per second
q2_out_sink stats (6206 samples): dur=10.00748724s, p50=0, p90=0, p99=1
q2_out_bufEntry_3 stats (200 samples): dur=11.91893122s, p50=20, p90=37, p99=509
q2_out_bufSize_3 stats (200 samples): dur=11.918927797s, p50=5143, p90=9645, p99=130902
WaitAlignTime_0(ms) stats (200 samples): dur=26.234892022s, p50=0, p90=0, p99=0
createChkpt_3(ms) stats (200 samples): dur=26.234862195s, p50=1, p90=29, p99=117
nexmark_src_src counter: dur=10.000074951s, value=4811614, rate=80007.30033728325 per second
q2_out_sink counter: dur=10.000376335s, value=36002, rate=616.3768035835623 per second
q2_out_sink stats (6164 samples): dur=10.000378908s, p50=0, p90=1, p99=1
q2_out_bufEntry_3 stats (200 samples): dur=11.33960139s, p50=19, p90=34, p99=508
q2_out_bufSize_3 stats (200 samples): dur=11.339628828s, p50=4722, p90=8773, p99=130876
nexmark_src_src counter: dur=10.005764296s, value=5612067, rate=79999.18610115538 per second
q2_out_sink counter: dur=10.003984055s, value=42124, rate=611.9561932868354 per second
q2_out_sink stats (6122 samples): dur=10.003985225s, p50=0, p90=0, p99=1
q2_out_bufEntry_3 stats (200 samples): dur=11.146267445s, p50=17, p90=34, p99=506
q2_out_bufSize_3 stats (200 samples): dur=11.146242683s, p50=4347, p90=8770, p99=130838
WaitAlignTime_0(ms) stats (200 samples): dur=23.224659411s, p50=0, p90=0, p99=0
createChkpt_3(ms) stats (200 samples): dur=23.224575585s, p50=1, p90=5, p99=48
nexmark_src_src counter: dur=10.003054533s, value=6412469, rate=80015.75892238515 per second
q2_out_sink counter: dur=10.004852026s, value=48189, rate=606.2058673370328 per second
q2_out_sink stats (6065 samples): dur=10.004865804s, p50=0, p90=1, p99=1
q2_out_bufEntry_3 stats (200 samples): dur=11.52663353s, p50=18, p90=33, p99=507
q2_out_bufSize_3 stats (200 samples): dur=11.526633642s, p50=4625, p90=8387, p99=130931
nexmark_src_src counter: dur=10.001503833s, value=7212622, rate=80003.2688444204 per second
q2_out_sink counter: dur=10.000620362s, value=54362, rate=617.2617074292656 per second
q2_out_sink stats (6173 samples): dur=10.000604895s, p50=0, p90=0, p99=1
q2_out_bufEntry_3 stats (200 samples): dur=11.325303298s, p50=17, p90=35, p99=508
q2_out_bufSize_3 stats (200 samples): dur=11.325302405s, p50=4356, p90=8975, p99=130871
nexmark_src_src counter: dur=10.003810236s, value=8013168, rate=80024.10892593025 per second
q2_out_sink counter: dur=10.004659078s, value=60499, rate=613.4142055370095 per second
q2_out_sink stats (6137 samples): dur=10.004657487s, p50=0, p90=1, p99=1
WaitAlignTime_0(ms) stats (200 samples): dur=23.645200408s, p50=0, p90=0, p99=0
createChkpt_3(ms) stats (200 samples): dur=23.64480777s, p50=1, p90=19, p99=52
q2_out_bufEntry_3 stats (200 samples): dur=11.214084791s, p50=18, p90=31, p99=505
q2_out_bufSize_3 stats (200 samples): dur=11.214086986s, p50=4580, p90=8050, p99=130909
nexmark_src_src counter: dur=10.002561206s, value=8813354, rate=79998.11083585386 per second
q2_out_sink counter: dur=10.00020756s, value=66614, rate=611.4873079694358 per second
q2_out_sink stats (6115 samples): dur=10.000203357s, p50=0, p90=0, p99=1
q2_out_bufEntry_3 stats (200 samples): dur=10.985888314s, p50=18, p90=33, p99=507
q2_out_bufSize_3 stats (200 samples): dur=10.98588689s, p50=4502, p90=8662, p99=130879
nexmark_src_src counter: dur=10.001642419s, value=9613515, rate=80002.9601618174 per second
q2_out_sink counter: dur=10.000691599s, value=71893, rate=527.8634930136095 per second
q2_out_sink stats (5279 samples): dur=10.000703371s, p50=0, p90=0, p99=1
WaitAlignTime_0(ms) stats (200 samples): dur=23.234730004s, p50=0, p90=0, p99=0
createChkpt_3(ms) stats (200 samples): dur=23.235046862s, p50=1, p90=8, p99=46
q2_out_bufEntry_3 stats (200 samples): dur=11.058450951s, p50=16, p90=32, p99=507
q2_out_bufSize_3 stats (200 samples): dur=11.058450187s, p50=4154, p90=8357, p99=130828
nexmark_src_src counter: dur=10.003116182s, value=10413504, rate=79973.9786527254 per second
q2_out_sink counter: dur=10.006982424s, value=77927, rate=602.978974513686 per second
q2_out_sink stats (6034 samples): dur=10.006975709s, p50=0, p90=0, p99=1
q2_out_bufEntry_3 stats (200 samples): dur=11.043460623s, p50=16, p90=34, p99=507
q2_out_bufSize_3 stats (200 samples): dur=11.043460596s, p50=4229, p90=8640, p99=130825
nexmark_src_src counter: dur=10.011271637s, value=11213120, rate=79871.57166375866 per second
q2_out_sink counter: dur=10.016863657s, value=84133, rate=619.5552033558042 per second
q2_out_sink stats (6206 samples): dur=10.016868089s, p50=0, p90=0, p99=1
WaitAlignTime_0(ms) stats (200 samples): dur=22.724783066s, p50=0, p90=0, p99=0
createChkpt_3(ms) stats (200 samples): dur=22.724875117s, p50=1, p90=1, p99=50
nexmark_src_src counter: dur=10.011182273s, value=12014964, rate=80094.83576805516 per second
q2_out_sink counter: dur=10.003782621s, value=90351, rate=621.5648855611015 per second
q2_out_sink stats (6218 samples): dur=10.003775345s, p50=0, p90=0, p99=1
q2_out_bufEntry_3 stats (200 samples): dur=11.099057789s, p50=17, p90=32, p99=506
q2_out_bufSize_3 stats (200 samples): dur=11.099060645s, p50=4418, p90=8075, p99=130883
nexmark_src_src counter: dur=10.010698243s, value=12815978, rate=80015.79715581883 per second
q2_out_sink counter: dur=10.003976265s, value=96612, rate=625.8511449996928 per second
q2_out_sink stats (6261 samples): dur=10.003971012s, p50=0, p90=0, p99=1
q2_out_bufEntry_3 stats (200 samples): dur=11.00114006s, p50=19, p90=37, p99=507
q2_out_bufSize_3 stats (200 samples): dur=11.00113813s, p50=4813, p90=9390, p99=130971
nexmark_src_src counter: dur=10.009915866s, value=13616694, rate=79992.28072632833 per second
q2_out_sink counter: dur=10.027472557s, value=102771, rate=614.2126009310803 per second
q2_out_sink stats (6159 samples): dur=10.02748045s, p50=0, p90=0, p99=1
WaitAlignTime_0(ms) stats (200 samples): dur=22.938173722s, p50=0, p90=0, p99=0
createChkpt_3(ms) stats (200 samples): dur=22.938028421s, p50=1, p90=2, p99=45
q2_out_bufEntry_3 stats (200 samples): dur=11.28979387s, p50=17, p90=32, p99=504
q2_out_bufSize_3 stats (200 samples): dur=11.289794591s, p50=4441, p90=8362, p99=130844
3 producer ended, map[] remain
exit due to ctrlMsg
createChkpt_3(ms) (85 samples): dur=9.762952424s, data=[1 1 1 1 1 1 1 2 1 1 1 51 1 1 1 10 1 1 1 1 1 1 1 1 1 1 1 1 42 1 1 1 1 1 1 1 1 1 1 1 1 1 1 1 1 1 1 1 1 1 1 1 1 1 28 1 1 1 27 1 1 1 13 1 1 1 1 1 1 1 1 1 1 1 1 1 1 1 20 1 1 1 1 2 1]
[3]duration: 180.107197 s, uts: 1709503025586
WaitAlignTime_0(ms) (85 samples): dur=9.766836325s, data=[0 0 0 0 0 0 0 0 0 0 0 0 0 0 0 0 0 0 0 0 0 0 0 0 0 0 0 0 0 0 0 0 0 0 0 0 0 0 0 0 0 0 0 0 0 0 0 0 0 0 0 0 0 0 0 0 0 0 0 0 0 0 0 0 0 0 0 0 0 0 0 0 0 0 0 0 0 0 0 0 0 0 0 0 0]
nexmark_src_src msgCnt 14401486, ctrlCnt 1486, epochCnt 0, logEntry 35499
sink msgCnt 108834, ctrlCnt 1486
