wait for last: true
warmup: 0
config: map[NodeConstraint:"1,2,3,4" NumInstance:4 OutputTopicName:["nexmark_src"] funcName:"source"]
config: map[InputTopicNames:["nexmark_src"] NodeConstraint:"5,6,7,8" NumInstance:4 NumSrcProducer:[1] OutputTopicName:["q8_aucsBySellerID_out","q8_personsByID_out"] funcName:"q8GroupBy"]
config: map[InputTopicNames:["q8_aucsBySellerID_out","q8_personsByID_out"] NodeConstraint:"5,6,7,8" NumInstance:4 NumSrcProducer:[4,4] OutputTopicName:["q8_out"] funcName:"q8JoinStream"]
srcInvokeConfig: {TopicName:nexmark_src AppId:q8 NodeConstraint:1,2,3,4 ScaleEpoch:0 NumOutPartition:4 InstanceID:0 NumSrcInstance:4}
cliNodes: [0xc000026260 0xc0000262c0]
inParamsMap: map[q8GroupBy:[0xc000000d20 0xc000000dc0 0xc000000e60 0xc000000f00] q8JoinStream:[0xc000000fa0 0xc000001040 0xc0000010e0 0xc000001180]]
configScaleInput: {Config:map[changelog:4 nexmark_src:4 q8GroupBy:4 q8JoinStream:4 q8_aucsBySellerID_out:4 q8_out:4 q8_personsByID_out:4 source:4] AppId:q8 FuncNames:[source q8GroupBy q8JoinStream] ScaleEpoch:0 SerdeFormat:1 Bootstrap:false}
encoded json is {"sg":{"changelog":4,"nexmark_src":4,"q8GroupBy":4,"q8JoinStream":4,"q8_aucsBySellerID_out":4,"q8_out":4,"q8_personsByID_out":4,"source":4},"aid":"q8","fns":["source","q8GroupBy","q8JoinStream"],"epoch":1,"serdeFormat":1,"bs":true}, node constraint is 1
func source url is http://ip-172-31-5-102.us-east-2.compute.internal:8080/function/source
func source url is http://ip-172-31-5-102.us-east-2.compute.internal:8080/function/source
src instance: 4
func source url is http://ip-172-31-5-102.us-east-2.compute.internal:8080/function/source
encoded json is {"topic_name":"nexmark_src","rate_shape":"square","aid":"q8","events_num":8640000,"rate_period":10000000000,"bid_avg_size":100,"first_event_rate":48000,"next_event_rate":48000,"person_avg_size":200,"auction_avg_size":500,"duration":180,"person_proportion":1,"auction_proportion":3,"bid_proportion":46,"bid_hot_ratio_auctions":2,"bid_hot_ratio_bidders":4,"auction_hot_ratio_sellers":4,"flushms":50,"rate_limited":false,"waitEnd":true,"serde_format":1,"numOutPar":4,"parNum":3,"nSrcIns":4}, node constraint is 1,2,3,4
func source url is http://ip-172-31-5-102.us-east-2.compute.internal:8080/function/source
encoded json is {"topic_name":"nexmark_src","rate_shape":"square","aid":"q8","events_num":8640000,"rate_period":10000000000,"bid_avg_size":100,"first_event_rate":48000,"next_event_rate":48000,"person_avg_size":200,"auction_avg_size":500,"duration":180,"person_proportion":1,"auction_proportion":3,"bid_proportion":46,"bid_hot_ratio_auctions":2,"bid_hot_ratio_bidders":4,"auction_hot_ratio_sellers":4,"flushms":50,"rate_limited":false,"waitEnd":true,"serde_format":1,"numOutPar":4,"parNum":2,"nSrcIns":4}, node constraint is 1,2,3,4
encoded json is {"topic_name":"nexmark_src","rate_shape":"square","aid":"q8","events_num":8640000,"rate_period":10000000000,"bid_avg_size":100,"first_event_rate":48000,"next_event_rate":48000,"person_avg_size":200,"auction_avg_size":500,"duration":180,"person_proportion":1,"auction_proportion":3,"bid_proportion":46,"bid_hot_ratio_auctions":2,"bid_hot_ratio_bidders":4,"auction_hot_ratio_sellers":4,"flushms":50,"rate_limited":false,"waitEnd":true,"serde_format":1,"numOutPar":4,"parNum":1,"nSrcIns":4}, node constraint is 1,2,3,4
encoded json is {"topic_name":"nexmark_src","rate_shape":"square","aid":"q8","events_num":8640000,"rate_period":10000000000,"bid_avg_size":100,"first_event_rate":48000,"next_event_rate":48000,"person_avg_size":200,"auction_avg_size":500,"duration":180,"person_proportion":1,"auction_proportion":3,"bid_proportion":46,"bid_hot_ratio_auctions":2,"bid_hot_ratio_bidders":4,"auction_hot_ratio_sellers":4,"flushms":50,"rate_limited":false,"waitEnd":true,"serde_format":1,"numOutPar":4,"nSrcIns":4}, node constraint is 1,2,3,4
Waiting for all client to return
func name is q8GroupBy
func name is q8JoinStream
func url is http://ip-172-31-5-102.us-east-2.compute.internal:8080/function/q8GroupBy
func url is http://ip-172-31-5-102.us-east-2.compute.internal:8080/function/q8JoinStream
func name is q8GroupBy
func url is http://ip-172-31-5-102.us-east-2.compute.internal:8080/function/q8GroupBy
func name is q8GroupBy
func url is http://ip-172-31-5-102.us-east-2.compute.internal:8080/function/q8GroupBy
func name is q8JoinStream
func url is http://ip-172-31-5-102.us-east-2.compute.internal:8080/function/q8JoinStream
func name is q8JoinStream
func url is http://ip-172-31-5-102.us-east-2.compute.internal:8080/function/q8JoinStream
encoded json is {"aid":"q8","numOutPartition":"BA==","numSubstreamProducer":"BAQ=","outputTopicName":["q8_out"],"inputTopicName":["q8_aucsBySellerID_out","q8_personsByID_out"],"commEveryMs":50,"flushMs":50,"snapEveryS":10,"duration":180,"epoch":1,"waitEnd":true,"numChangelogPartition":4,"numInPartition":4,"ParNum":3,"gua":3,"serdeFormat":1}, node constraint is 5,6,7,8
func name is q8JoinStream
func url is http://ip-172-31-5-102.us-east-2.compute.internal:8080/function/q8JoinStream
func name is q8GroupBy
func url is http://ip-172-31-5-102.us-east-2.compute.internal:8080/function/q8GroupBy
encoded json is {"aid":"q8","numOutPartition":"BAQ=","numSubstreamProducer":"AQ==","outputTopicName":["q8_aucsBySellerID_out","q8_personsByID_out"],"inputTopicName":["nexmark_src"],"commEveryMs":50,"flushMs":50,"snapEveryS":10,"duration":180,"epoch":1,"waitEnd":true,"numChangelogPartition":4,"numInPartition":4,"ParNum":1,"gua":3,"serdeFormat":1}, node constraint is 5,6,7,8
encoded json is {"aid":"q8","numOutPartition":"BA==","numSubstreamProducer":"BAQ=","outputTopicName":["q8_out"],"inputTopicName":["q8_aucsBySellerID_out","q8_personsByID_out"],"commEveryMs":50,"flushMs":50,"snapEveryS":10,"duration":180,"epoch":1,"waitEnd":true,"numChangelogPartition":4,"numInPartition":4,"ParNum":1,"gua":3,"serdeFormat":1}, node constraint is 5,6,7,8
encoded json is {"aid":"q8","numOutPartition":"BA==","numSubstreamProducer":"BAQ=","outputTopicName":["q8_out"],"inputTopicName":["q8_aucsBySellerID_out","q8_personsByID_out"],"commEveryMs":50,"flushMs":50,"snapEveryS":10,"duration":180,"epoch":1,"waitEnd":true,"numChangelogPartition":4,"numInPartition":4,"gua":3,"serdeFormat":1}, node constraint is 5,6,7,8
encoded json is {"aid":"q8","numOutPartition":"BAQ=","numSubstreamProducer":"AQ==","outputTopicName":["q8_aucsBySellerID_out","q8_personsByID_out"],"inputTopicName":["nexmark_src"],"commEveryMs":50,"flushMs":50,"snapEveryS":10,"duration":180,"epoch":1,"waitEnd":true,"numChangelogPartition":4,"numInPartition":4,"ParNum":2,"gua":3,"serdeFormat":1}, node constraint is 5,6,7,8
encoded json is {"aid":"q8","numOutPartition":"BA==","numSubstreamProducer":"BAQ=","outputTopicName":["q8_out"],"inputTopicName":["q8_aucsBySellerID_out","q8_personsByID_out"],"commEveryMs":50,"flushMs":50,"snapEveryS":10,"duration":180,"epoch":1,"waitEnd":true,"numChangelogPartition":4,"numInPartition":4,"ParNum":2,"gua":3,"serdeFormat":1}, node constraint is 5,6,7,8
encoded json is {"aid":"q8","numOutPartition":"BAQ=","numSubstreamProducer":"AQ==","outputTopicName":["q8_aucsBySellerID_out","q8_personsByID_out"],"inputTopicName":["nexmark_src"],"commEveryMs":50,"flushMs":50,"snapEveryS":10,"duration":180,"epoch":1,"waitEnd":true,"numChangelogPartition":4,"numInPartition":4,"ParNum":3,"gua":3,"serdeFormat":1}, node constraint is 5,6,7,8
encoded json is {"aid":"q8","numOutPartition":"BAQ=","numSubstreamProducer":"AQ==","outputTopicName":["q8_aucsBySellerID_out","q8_personsByID_out"],"inputTopicName":["nexmark_src"],"commEveryMs":50,"flushMs":50,"snapEveryS":10,"duration":180,"epoch":1,"waitEnd":true,"numChangelogPartition":4,"numInPartition":4,"gua":3,"serdeFormat":1}, node constraint is 5,6,7,8
source-3 invoke done
source-0 invoke done
source-1 invoke done
source-2 invoke done
q8GroupBy-3 call done
q8GroupBy-2 call done
q8GroupBy-1 call done
q8GroupBy-0 call done
q8JoinStream-2 call done
q8JoinStream-0 call done
q8JoinStream-1 call done
q8JoinStream-3 call done
sink processed: 2160001, throughput: (event/s) 11999.863195445201
sink_ctrl processed: 1, throughput: (event/s) 0.00555548964812757
source-0 duration: 180.002135426

sink processed: 2160001, throughput: (event/s) 11999.83390299817
sink_ctrl processed: 1, throughput: (event/s) 0.0055554760868157796
source-1 duration: 180.002574824

sink_ctrl processed: 1, throughput: (event/s) 0.005555484282056372
sink processed: 2160001, throughput: (event/s) 11999.851604726044
source-2 duration: 180.002309291

sink processed: 2160001, throughput: (event/s) 11999.840029362196
sink_ctrl processed: 1, throughput: (event/s) 0.005555478923094108
source-3 duration: 180.002482926

sink processed 8640004 events, duration: 180.002574824, tp: 47999.335612
sink_ctrl processed 4 events, duration: 180.002574824, tp: 0.022222

nexmark_src_src_logEntry processed: 6918, throughput: (event/s) 38.424694893876115
personsByIDSink processed: 43200, throughput: (event/s) 239.94605657927843
auctionsBySellerIDSink processed: 129600, throughput: (event/s) 719.8381697378353
nexmark_src_src processed: 2160001, throughput: (event/s) 11997.308383270787
nexmark_src_src_ctrl processed: 1, throughput: (event/s) 0.005554306865261075
nexmark_src_src_data processed: 2160000, throughput: (event/s) 11997.30282896392
nexmark_src_src_epoch processed: 0, throughput: (event/s) 0
q8GroupBy-0 duration: 180.040466661

nexmark_src_src_logEntry processed: 6916, throughput: (event/s) 38.415267789767924
personsByIDSink processed: 43200, throughput: (event/s) 239.95655993608653
auctionsBySellerIDSink processed: 129600, throughput: (event/s) 719.8696798082595
nexmark_src_src processed: 2160001, throughput: (event/s) 11997.833551354324
nexmark_src_src_ctrl processed: 1, throughput: (event/s) 0.005554549998520521
nexmark_src_src_data processed: 2160000, throughput: (event/s) 11997.827996804326
nexmark_src_src_epoch processed: 0, throughput: (event/s) 0
q8GroupBy-1 duration: 180.032585946

nexmark_src_src_ctrl processed: 1, throughput: (event/s) 0.005554625269322454
nexmark_src_src_data processed: 2160000, throughput: (event/s) 11997.9905817365
nexmark_src_src_epoch processed: 0, throughput: (event/s) 0
nexmark_src_src_logEntry processed: 6930, throughput: (event/s) 38.493553116404605
personsByIDSink processed: 43200, throughput: (event/s) 239.95981163473
auctionsBySellerIDSink processed: 129600, throughput: (event/s) 719.87943490419
nexmark_src_src processed: 2160001, throughput: (event/s) 11997.99613636177
q8GroupBy-2 duration: 180.030146322

auctionsBySellerIDSink processed: 129600, throughput: (event/s) 719.8815173686172
nexmark_src_src processed: 2160001, throughput: (event/s) 11998.030844118291
nexmark_src_src_ctrl processed: 1, throughput: (event/s) 0.005554641337720812
nexmark_src_src_data processed: 2160000, throughput: (event/s) 11998.025289476955
nexmark_src_src_epoch processed: 0, throughput: (event/s) 0
nexmark_src_src_logEntry processed: 6951, throughput: (event/s) 38.61031193849737
personsByIDSink processed: 43200, throughput: (event/s) 239.96050578953907
q8GroupBy-3 duration: 180.029625533

nexmark_src_src_ctrl processed 4 events, duration: 180.040466661
nexmark_src_src_data processed 8640000 events, duration: 180.040466661
nexmark_src_src_epoch processed 0 events, duration: 180.040466661
nexmark_src_src_logEntry processed 27715 events, duration: 180.040466661
personsByIDSink processed 172800 events, duration: 180.040466661
auctionsBySellerIDSink processed 518400 events, duration: 180.040466661
nexmark_src_src processed 8640004 events, duration: 180.040466661

eventTimeLatency_sink, p50: 75 ms, p90: 106 ms, p99: 124 ms
sink processed: 496351, throughput: (event/s) 2755.646939667374
personsByIDSrc_ctrl processed: 4, throughput: (event/s) 0.022207243983933745
auctionsBySellerIDSrc_logEntry processed: 10147, throughput: (event/s) 56.334226176243924
personsByIDSrc_epoch processed: 10439, throughput: (event/s) 57.95535498707109
auctionsBySellerIDSrc_data processed: 124803, throughput: (event/s) 692.8826677317207
auctionsBySellerIDSrc_epoch processed: 10147, throughput: (event/s) 56.334226176243924
personsByIDSrc_data processed: 42984, throughput: (event/s) 238.639043851352
auctionsBySellerIDSrc processed: 134954, throughput: (event/s) 749.2391011519486
personsByIDSrc processed: 53427, throughput: (event/s) 296.61660608240703
personsByIDSrc_logEntry processed: 10439, throughput: (event/s) 57.95535498707109
auctionsBySellerIDSrc_ctrl processed: 4, throughput: (event/s) 0.022207243983933745
q8JoinStream-0 duration: 180.12140556

eventTimeLatency_sink, p50: 75 ms, p90: 106 ms, p99: 125 ms
personsByIDSrc_epoch processed: 10506, throughput: (event/s) 58.32760568404041
sink processed: 525668, throughput: (event/s) 2918.4233604338615
auctionsBySellerIDSrc_ctrl processed: 4, throughput: (event/s) 0.022207350346103334
auctionsBySellerIDSrc_data processed: 131197, throughput: (event/s) 728.3844358394298
auctionsBySellerIDSrc_epoch processed: 10217, throughput: (event/s) 56.72312462153444
personsByIDSrc processed: 53622, throughput: (event/s) 297.70063506468824
personsByIDSrc_ctrl processed: 4, throughput: (event/s) 0.022207350346103334
personsByIDSrc_logEntry processed: 10506, throughput: (event/s) 58.32760568404041
auctionsBySellerIDSrc processed: 141418, throughput: (event/s) 785.1297678113103
auctionsBySellerIDSrc_logEntry processed: 10217, throughput: (event/s) 56.72312462153444
personsByIDSrc_data processed: 43112, throughput: (event/s) 239.3508220303017
q8JoinStream-1 duration: 180.120542868

eventTimeLatency_sink, p50: 75 ms, p90: 106 ms, p99: 124 ms
auctionsBySellerIDSrc_epoch processed: 10196, throughput: (event/s) 56.61027728454222
personsByIDSrc processed: 53574, throughput: (event/s) 297.4538049472406
personsByIDSrc_ctrl processed: 4, throughput: (event/s) 0.022208818079459482
personsByIDSrc_data processed: 43080, throughput: (event/s) 239.18897071577862
auctionsBySellerIDSrc_logEntry processed: 10196, throughput: (event/s) 56.61027728454222
personsByIDSrc_logEntry processed: 10490, throughput: (event/s) 58.2426254133825
auctionsBySellerIDSrc processed: 132890, throughput: (event/s) 737.8324586448426
personsByIDSrc_epoch processed: 10490, throughput: (event/s) 58.2426254133825
auctionsBySellerIDSrc_ctrl processed: 4, throughput: (event/s) 0.022208818079459482
auctionsBySellerIDSrc_data processed: 122690, throughput: (event/s) 681.199972542221
sink processed: 491547, throughput: (event/s) 2729.1694751260175
q8JoinStream-2 duration: 180.108639086

eventTimeLatency_sink, p50: 75 ms, p90: 106 ms, p99: 125 ms
sink processed: 559666, throughput: (event/s) 3107.3650067019303
auctionsBySellerIDSrc_ctrl processed: 4, throughput: (event/s) 0.022208710242908665
auctionsBySellerIDSrc_logEntry processed: 10214, throughput: (event/s) 56.709941605267275
personsByIDSrc_ctrl processed: 4, throughput: (event/s) 0.022208710242908665
personsByIDSrc_data processed: 43624, throughput: (event/s) 242.20819390916188
auctionsBySellerIDSrc_data processed: 139710, throughput: (event/s) 775.6947270091923
personsByIDSrc processed: 54123, throughput: (event/s) 300.5005061192364
personsByIDSrc_epoch processed: 10495, throughput: (event/s) 58.270103499831606
personsByIDSrc_logEntry processed: 10495, throughput: (event/s) 58.270103499831606
auctionsBySellerIDSrc processed: 149928, throughput: (event/s) 832.4268773247026
auctionsBySellerIDSrc_epoch processed: 10214, throughput: (event/s) 56.709941605267275
q8JoinStream-3 duration: 180.109513621

auctionsBySellerIDSrc_logEntry processed 40774 events, duration: 180.12140556
personsByIDSrc_epoch processed 41930 events, duration: 180.12140556
personsByIDSrc_logEntry processed 41930 events, duration: 180.12140556
auctionsBySellerIDSrc_ctrl processed 16 events, duration: 180.12140556
personsByIDSrc processed 214746 events, duration: 180.12140556
sink processed 2073232 events, duration: 180.12140556
personsByIDSrc_ctrl processed 16 events, duration: 180.12140556
auctionsBySellerIDSrc_data processed 518400 events, duration: 180.12140556
auctionsBySellerIDSrc_epoch processed 40774 events, duration: 180.12140556
personsByIDSrc_data processed 172800 events, duration: 180.12140556
auctionsBySellerIDSrc processed 559190 events, duration: 180.12140556

