parallel restore str: , false
env str: , async2ndPhase: false
env str: , create snapshot: false
2024/03/03 12:22:53 [INFO] Load configuration for function scale[40]
2024/03/03 12:22:53 [INFO] Load configuration for function chkptmngr[50]
2024/03/03 12:22:53 [INFO] Load configuration for function redisSetup[70]
2024/03/03 12:22:53 [INFO] Load configuration for function source[20]
2024/03/03 12:22:53 [INFO] Load configuration for function query2[30]
2024/03/03 12:22:53 [INFO] Parse FAAS_ENGINE_ID: 1
2024/03/03 12:22:53 [INFO] Parse FAAS_ENGINE_ID: 1
2024/03/03 12:22:53 [INFO] Current GOMAXPROCS is 2
2024/03/03 12:22:53 [INFO] Parse FAAS_ENGINE_ID: 1
2024/03/03 12:22:53 [INFO] Current GOMAXPROCS is 3
2024/03/03 12:22:53 [INFO] Parse FAAS_ENGINE_ID: 1
2024/03/03 12:22:53 [INFO] Start new FuncWorker with client id 2
2024/03/03 12:22:53 [INFO] Start new FuncWorker with client id 4
2024/03/03 12:22:53 [INFO] Start new FuncWorker with client id 3
2024/03/03 12:22:53 [INFO] Current GOMAXPROCS is 4
2024/03/03 12:22:53 [INFO] Start new FuncWorker with client id 5
Enter nexmark: funcName: source
2024/03/03 12:22:53 [INFO] Handshake with engine done
Enter nexmark: funcName: source
2024/03/03 12:22:53 [INFO] Handshake with engine done
Enter nexmark: funcName: source
2024/03/03 12:22:53 [INFO] Handshake with engine done
Enter nexmark: funcName: source
2024/03/03 12:22:53 [INFO] Handshake with engine done
redis address is [snapcache-1:6666 snapcache-2:6666 snapcache-3:6666 snapcache-4:6666]
new buffered sink stream nexmark_src[0] with bufMaxSize 131072
new buffered sink stream nexmark_src[1] with bufMaxSize 131072
new buffered sink stream nexmark_src[2] with bufMaxSize 131072
new buffered sink stream nexmark_src[3] with bufMaxSize 131072
Generator config: 
	InterEventDelayUs: [12.5]
	EventPerEpoch    : 0
	MaxEvents        : 57600000
	FirstEventNumber : 1
	EpochPeriodMs    : 0
	StepLengthSec    : 5
	BaseTime         : 1709468706304
	FirstEventId     : 1
	TotalProportion  : 50
	BidProportion    : 46
	AuctionProportion: 3
	PersonProportion : 1
Nexmark config: 
	NumEvents            : 57600000
	NumEventGenerators   : 4
	RateShape            : 0
	FirstEventRate       : 320000
	NextEventRate        : 320000
	RateUnit             : 1000000
	RatePeriodSec        : 10
	PreloadSeconds       : 0
	StreamTimeout        : 240
	IsRateLimited        : false
	UseWallclockEventTime: false
	AvgPersonByteSize    : 200
	AvgAuctionByteSize   : 500
	AvgBidByteSize       : 100
	HotAuctionRatio      : 2
	HotSellersRatio      : 4
	HotBiddersRatio      : 4
	WindowSizeSec        : 10
	WindowPeriodSec      : 5
	WatermarkHoldbackSec : 0
	NumInFlightAuctions  : 100
	NumActivePeople      : 1000
	OccasionalDelaySec   : 3
	ProbDelayedEvent     : 0.1
	OutOfOrderGroupSize  : 1
Input config: 
	SrcTopicName   : nexmark_src
	AppId          : q2
	FinalOutTpNames: [q2_out]
	Duration(s)    : 180
	FlushMs        : 10
	BufMaxSize     : 131072
	CommitEveryMs  : 100
	WaitForEndMark : true
	SerdeFormat    : MSGP
	NumOutPartition: 4
	ParNum         : 2
	NumSrcInstance : 4
	Guarantee      : ALIGN_CHKPT
new buffered sink stream __control_log_q2[0] with bufMaxSize 131072
new buffered sink stream __control_log_q2[0] with bufMaxSize 131072
generate events to [2]
StartTs: 1709468706304
gen first chkpt
srcGen_2 stats (800000 samples): dur=10.010439417s, p50=4, p90=13, p99=26
nexmark_src_bufEntry_2 stats (1893 samples): dur=10.004153197s, p50=506, p90=511, p99=513
nexmark_src_bufSize_2 stats (1893 samples): dur=10.00425036s, p50=130850, p90=131033, p99=131069
nexmark_src_bufEntry_2 stats (1938 samples): dur=10.001390775s, p50=502, p90=509, p99=512
nexmark_src_bufSize_2 stats (1938 samples): dur=10.001400492s, p50=130842, p90=131028, p99=131067
srcGen_2 stats (800880 samples): dur=10.012129884s, p50=4, p90=13, p99=26
nexmark_src_bufEntry_2 stats (1918 samples): dur=10.004916062s, p50=502, p90=507, p99=509
nexmark_src_bufSize_2 stats (1918 samples): dur=10.004910015s, p50=130844, p90=131024, p99=131065
srcGen_2 stats (800720 samples): dur=10.012800286s, p50=4, p90=13, p99=26
nexmark_src_bufEntry_2 stats (1954 samples): dur=10.000528392s, p50=502, p90=507, p99=509
nexmark_src_bufSize_2 stats (1954 samples): dur=10.000536079s, p50=130847, p90=131030, p99=131066
srcGen_2 stats (801200 samples): dur=10.010650389s, p50=4, p90=13, p99=26
nexmark_src_bufEntry_2 stats (1995 samples): dur=10.001916639s, p50=499, p90=503, p99=505
nexmark_src_bufSize_2 stats (1995 samples): dur=10.001935829s, p50=130858, p90=131026, p99=131066
srcGen_2 stats (800880 samples): dur=10.01153937s, p50=4, p90=13, p99=26
nexmark_src_bufEntry_2 stats (1985 samples): dur=10.005543458s, p50=498, p90=502, p99=505
nexmark_src_bufSize_2 stats (1985 samples): dur=10.005543759s, p50=130853, p90=131024, p99=131068
srcGen_2 stats (800915 samples): dur=10.010399982s, p50=4, p90=13, p99=26
nexmark_src_bufEntry_2 stats (1977 samples): dur=10.001116724s, p50=499, p90=502, p99=505
nexmark_src_bufSize_2 stats (1977 samples): dur=10.001092305s, p50=130854, p90=131027, p99=131066
srcGen_2 stats (800897 samples): dur=10.010958031s, p50=4, p90=13, p99=26
nexmark_src_bufEntry_2 stats (1981 samples): dur=10.00075914s, p50=499, p90=502, p99=505
nexmark_src_bufSize_2 stats (1981 samples): dur=10.000761868s, p50=130856, p90=131027, p99=131068
srcGen_2 stats (800828 samples): dur=10.014918959s, p50=4, p90=13, p99=26
nexmark_src_bufEntry_2 stats (1963 samples): dur=10.002157101s, p50=499, p90=502, p99=505
nexmark_src_bufSize_2 stats (1963 samples): dur=10.002154069s, p50=130855, p90=131025, p99=131067
srcGen_2 stats (801153 samples): dur=10.010249676s, p50=4, p90=13, p99=26
nexmark_src_bufEntry_2 stats (1982 samples): dur=10.003656122s, p50=499, p90=502, p99=505
nexmark_src_bufSize_2 stats (1982 samples): dur=10.003656294s, p50=130848, p90=131028, p99=131069
srcGen_2 stats (800847 samples): dur=10.010535211s, p50=4, p90=13, p99=26
nexmark_src_bufEntry_2 stats (2010 samples): dur=10.003370016s, p50=499, p90=502, p99=505
nexmark_src_bufSize_2 stats (2010 samples): dur=10.003368339s, p50=130857, p90=131026, p99=131067
srcGen_2 stats (800800 samples): dur=10.010863284s, p50=4, p90=13, p99=26
nexmark_src_bufEntry_2 stats (2062 samples): dur=10.001731609s, p50=499, p90=502, p99=505
nexmark_src_bufSize_2 stats (2062 samples): dur=10.001739852s, p50=130856, p90=131030, p99=131065
srcGen_2 stats (800880 samples): dur=10.011448283s, p50=4, p90=13, p99=26
nexmark_src_bufEntry_2 stats (2079 samples): dur=10.004253414s, p50=499, p90=502, p99=505
nexmark_src_bufSize_2 stats (2079 samples): dur=10.004247882s, p50=130857, p90=131031, p99=131066
srcGen_2 stats (800960 samples): dur=10.011107646s, p50=4, p90=13, p99=26
nexmark_src_bufEntry_2 stats (2048 samples): dur=10.003740717s, p50=499, p90=502, p99=505
nexmark_src_bufSize_2 stats (2048 samples): dur=10.003741552s, p50=130862, p90=131028, p99=131067
srcGen_2 stats (800880 samples): dur=10.011577144s, p50=4, p90=13, p99=26
nexmark_src_bufEntry_2 stats (2015 samples): dur=10.004395464s, p50=498, p90=502, p99=505
nexmark_src_bufSize_2 stats (2015 samples): dur=10.004394527s, p50=130852, p90=131024, p99=131067
srcGen_2 stats (800960 samples): dur=10.011164669s, p50=4, p90=13, p99=26
nexmark_src_bufEntry_2 stats (2034 samples): dur=10.002712157s, p50=499, p90=502, p99=505
nexmark_src_bufSize_2 stats (2034 samples): dur=10.002710028s, p50=130867, p90=131034, p99=131068
srcGen_2 stats (800957 samples): dur=10.010214597s, p50=4, p90=13, p99=26
nexmark_src_bufEntry_2 stats (2096 samples): dur=10.005103801s, p50=499, p90=502, p99=505
nexmark_src_bufSize_2 stats (2096 samples): dur=10.005107326s, p50=130859, p90=131033, p99=131067
srcGen_2 stats (800647 samples): dur=10.011054932s, p50=4, p90=13, p99=26
[2] chkmngr has terminated
nexmark_src_bufEntry_2 stats (2040 samples): dur=10.018798351s, p50=499, p90=502, p99=505
nexmark_src_bufSize_2 stats (2040 samples): dur=10.018843323s, p50=130863, p90=131031, p99=131068
generate stream end mark with tag: 404b3c06f60bdf02
[2] all stopped
