wait for last: true
warmup: 0
config: map[NodeConstraint:"1,2,3,4" NumInstance:4 OutputTopicName:["nexmark_src"] funcName:"source"]
config: map[InputTopicNames:["nexmark_src"] NodeConstraint:"5,6,7,8" NumInstance:4 NumSrcProducer:[1] OutputTopicName:["q2_out"] funcName:"query2"]
srcInvokeConfig: {TopicName:nexmark_src AppId:q2 NodeConstraint:1,2,3,4 ScaleEpoch:0 NumOutPartition:4 InstanceID:0 NumSrcInstance:4}
cliNodes: [0xc0000ce1a0]
inParamsMap: map[query2:[0xc0000b2b40 0xc0000b2be0 0xc0000b2c80 0xc0000b2d20]]
configScaleInput: {Config:map[nexmark_src:4 q2_out:4 query2:4 source:4] AppId:q2 FuncNames:[source query2] ScaleEpoch:0 SerdeFormat:1 Bootstrap:false}
encoded json is {"sg":{"nexmark_src":4,"q2_out":4,"query2":4,"source":4},"aid":"q2","fns":["source","query2"],"epoch":1,"serdeFormat":1,"bs":true}, node constraint is 1
func source url is http://ip-172-31-11-132.us-east-2.compute.internal:8080/function/source
func source url is http://ip-172-31-11-132.us-east-2.compute.internal:8080/function/source
func source url is http://ip-172-31-11-132.us-east-2.compute.internal:8080/function/source
func source url is http://ip-172-31-11-132.us-east-2.compute.internal:8080/function/source
src instance: 4
encoded json is {"topic_name":"nexmark_src","rate_shape":"square","aid":"q2","events_num":11520000,"rate_period":10000000000,"bid_avg_size":100,"first_event_rate":64000,"next_event_rate":64000,"person_avg_size":200,"auction_avg_size":500,"duration":180,"person_proportion":1,"auction_proportion":3,"bid_proportion":46,"bid_hot_ratio_auctions":2,"bid_hot_ratio_bidders":4,"auction_hot_ratio_sellers":4,"flushms":10,"rate_limited":false,"waitEnd":true,"serde_format":1,"numOutPar":4,"parNum":1,"nSrcIns":4}, node constraint is 1,2,3,4
encoded json is {"topic_name":"nexmark_src","rate_shape":"square","aid":"q2","events_num":11520000,"rate_period":10000000000,"bid_avg_size":100,"first_event_rate":64000,"next_event_rate":64000,"person_avg_size":200,"auction_avg_size":500,"duration":180,"person_proportion":1,"auction_proportion":3,"bid_proportion":46,"bid_hot_ratio_auctions":2,"bid_hot_ratio_bidders":4,"auction_hot_ratio_sellers":4,"flushms":10,"rate_limited":false,"waitEnd":true,"serde_format":1,"numOutPar":4,"parNum":3,"nSrcIns":4}, node constraint is 1,2,3,4
encoded json is {"topic_name":"nexmark_src","rate_shape":"square","aid":"q2","events_num":11520000,"rate_period":10000000000,"bid_avg_size":100,"first_event_rate":64000,"next_event_rate":64000,"person_avg_size":200,"auction_avg_size":500,"duration":180,"person_proportion":1,"auction_proportion":3,"bid_proportion":46,"bid_hot_ratio_auctions":2,"bid_hot_ratio_bidders":4,"auction_hot_ratio_sellers":4,"flushms":10,"rate_limited":false,"waitEnd":true,"serde_format":1,"numOutPar":4,"parNum":2,"nSrcIns":4}, node constraint is 1,2,3,4
encoded json is {"topic_name":"nexmark_src","rate_shape":"square","aid":"q2","events_num":11520000,"rate_period":10000000000,"bid_avg_size":100,"first_event_rate":64000,"next_event_rate":64000,"person_avg_size":200,"auction_avg_size":500,"duration":180,"person_proportion":1,"auction_proportion":3,"bid_proportion":46,"bid_hot_ratio_auctions":2,"bid_hot_ratio_bidders":4,"auction_hot_ratio_sellers":4,"flushms":10,"rate_limited":false,"waitEnd":true,"serde_format":1,"numOutPar":4,"nSrcIns":4}, node constraint is 1,2,3,4
Waiting for all client to return
func name is query2
func url is http://ip-172-31-11-132.us-east-2.compute.internal:8080/function/query2
func name is query2
func url is http://ip-172-31-11-132.us-east-2.compute.internal:8080/function/query2
func name is query2
func url is http://ip-172-31-11-132.us-east-2.compute.internal:8080/function/query2
func name is query2
func url is http://ip-172-31-11-132.us-east-2.compute.internal:8080/function/query2
encoded json is {"aid":"q2","numOutPartition":"BA==","numSubstreamProducer":"AQ==","outputTopicName":["q2_out"],"inputTopicName":["nexmark_src"],"commEveryMs":100,"flushMs":100,"duration":180,"epoch":1,"waitEnd":true,"numInPartition":4,"ParNum":1,"gua":3,"serdeFormat":1}, node constraint is 5,6,7,8
encoded json is {"aid":"q2","numOutPartition":"BA==","numSubstreamProducer":"AQ==","outputTopicName":["q2_out"],"inputTopicName":["nexmark_src"],"commEveryMs":100,"flushMs":100,"duration":180,"epoch":1,"waitEnd":true,"numInPartition":4,"ParNum":3,"gua":3,"serdeFormat":1}, node constraint is 5,6,7,8
encoded json is {"aid":"q2","numOutPartition":"BA==","numSubstreamProducer":"AQ==","outputTopicName":["q2_out"],"inputTopicName":["nexmark_src"],"commEveryMs":100,"flushMs":100,"duration":180,"epoch":1,"waitEnd":true,"numInPartition":4,"gua":3,"serdeFormat":1}, node constraint is 5,6,7,8
encoded json is {"aid":"q2","numOutPartition":"BA==","numSubstreamProducer":"AQ==","outputTopicName":["q2_out"],"inputTopicName":["nexmark_src"],"commEveryMs":100,"flushMs":100,"duration":180,"epoch":1,"waitEnd":true,"numInPartition":4,"ParNum":2,"gua":3,"serdeFormat":1}, node constraint is 5,6,7,8
source-1 invoke done
source-3 invoke done
source-2 invoke done
source-0 invoke done
query2-1 call done
query2-2 call done
query2-3 call done
query2-0 call done
sink processed: 2879993, throughput: (event/s) 15999.763364791319
sink_ctrl processed: 1, throughput: (event/s) 0.005555486893472074
source-0 duration: 180.002224679

sink processed: 2880001, throughput: (event/s) 15999.811960141922
sink_ctrl processed: 1, throughput: (event/s) 0.005555488334949162
source-1 duration: 180.002177974

sink processed: 2880001, throughput: (event/s) 15999.780786635121
sink_ctrl processed: 1, throughput: (event/s) 0.0055554775108186145
source-2 duration: 180.002528685

sink processed: 2880001, throughput: (event/s) 15999.857241145557
sink_ctrl processed: 1, throughput: (event/s) 0.00555550405751441
source-3 duration: 180.001668552

sink processed 11519996 events, duration: 180.002528685, tp: 63999.078703
sink_ctrl processed 4 events, duration: 180.002528685, tp: 0.022222

eventTimeLatency_sink, p50: 12 ms, p90: 17 ms, p99: 19 ms
src processed: 2879993, throughput: (event/s) 15999.21931610709
src_ctrl processed: 1, throughput: (event/s) 0.005555297987219792
src_data processed: 2879992, throughput: (event/s) 15999.213760809103
src_epoch processed: 0, throughput: (event/s) 0
src_logEntry processed: 14580, throughput: (event/s) 80.99624465366456
sink processed: 21617, throughput: (event/s) 120.08887658973025
query2-0 duration: 180.008345601

eventTimeLatency_sink, p50: 11 ms, p90: 16 ms, p99: 18 ms
src_epoch processed: 0, throughput: (event/s) 0
src_logEntry processed: 14448, throughput: (event/s) 80.26293701742745
sink processed: 21613, throughput: (event/s) 120.06664297879702
src processed: 2880001, throughput: (event/s) 15999.26210362182
src_ctrl processed: 1, throughput: (event/s) 0.005555297412612642
src_data processed: 2880000, throughput: (event/s) 15999.256548324407
query2-1 duration: 180.00836422

eventTimeLatency_sink, p50: 10 ms, p90: 15 ms, p99: 17 ms
src_logEntry processed: 14235, throughput: (event/s) 79.07943356357758
sink processed: 21729, throughput: (event/s) 120.71071386743782
src processed: 2880001, throughput: (event/s) 15999.216560768318
src_ctrl processed: 1, throughput: (event/s) 0.005555281599127333
src_data processed: 2880000, throughput: (event/s) 15999.211005486719
src_epoch processed: 0, throughput: (event/s) 0
query2-2 duration: 180.008876626

eventTimeLatency_sink, p50: 10 ms, p90: 15 ms, p99: 17 ms
src_data processed: 2880000, throughput: (event/s) 15999.30426874283
src_epoch processed: 0, throughput: (event/s) 0
src_logEntry processed: 14723, throughput: (event/s) 81.79088775996551
sink processed: 21913, throughput: (event/s) 121.73359529200056
src processed: 2880001, throughput: (event/s) 15999.30982405681
src_ctrl processed: 1, throughput: (event/s) 0.005555313982202371
query2-3 duration: 180.007827317

src_ctrl processed 4 events, duration: 180.008876626
src_data processed 11519992 events, duration: 180.008876626
src_epoch processed 0 events, duration: 180.008876626
src_logEntry processed 57986 events, duration: 180.008876626
sink processed 86872 events, duration: 180.008876626
src processed 11519996 events, duration: 180.008876626

