wait for last: true, sink max_buf_size: 131072
warmup: 0
config: map[NodeConstraint:"1,2,3,4" NumInstance:4 OutputTopicName:["nexmark_src"] funcName:"source"]
config: map[InputTopicNames:["nexmark_src"] NodeConstraint:"5,6,7,8" NumInstance:4 NumSrcProducer:[1] OutputTopicName:["q8_aucsBySellerID_out","q8_personsByID_out"] funcName:"q8GroupBy"]
config: map[Final:true InputTopicNames:["q8_aucsBySellerID_out","q8_personsByID_out"] NodeConstraint:"5,6,7,8" NumInstance:4 NumSrcProducer:[4,4] OutputTopicName:["q8_out"] funcName:"q8JoinStream"]
srcInvokeConfig: &{FinalTpNames:[q8_out] TopicName:nexmark_src AppId:q8 NodeConstraint:1,2,3,4 AdditionalBytes:0 ScaleEpoch:0 NumOutPartition:4 InstanceID:0 NumSrcInstance:4}
cliNodes: [0xc0000261e0 0xc000026240]
inParamsMap: map[q8GroupBy:[0xc00007eaa0 0xc00007eb40 0xc00007ebe0 0xc00007ec80] q8JoinStream:[0xc00007ed20 0xc00007edc0 0xc00007ee60 0xc00007ef00]]
encoded json is {"sg":{"changelog":4,"nexmark_src":4,"q8GroupBy":4,"q8JoinStream":4,"q8_aucsBySellerID_out":4,"q8_out":4,"q8_personsByID_out":4,"source":4},"aid":"q8","fns":["source","q8GroupBy","q8JoinStream"],"bufMaxSize":131072,"epoch":1,"serdeFormat":1,"bs":true}, node constraint is 1
configScaleInput: &{Config:map[changelog:4 nexmark_src:4 q8GroupBy:4 q8JoinStream:4 q8_aucsBySellerID_out:4 q8_out:4 q8_personsByID_out:4 source:4] AppId:q8 FuncNames:[source q8GroupBy q8JoinStream] BufMaxSize:131072 ScaleEpoch:0 SerdeFormat:1 Bootstrap:false}
encoded json is {"outTpNames":["q8_out"]}, node constraint is 1
redis_setup url is http://ip-172-31-4-184.us-east-2.compute.internal:8080/function/redisSetup
chkptmngr url is http://ip-172-31-4-184.us-east-2.compute.internal:8080/function/chkptmngr
encoded json is {"srcTpName":"nexmark_src","outTpNames":["q8_out"],"numOutParts":"BA==","chkptEveryMs":100,"bufMaxSize":131072,"srcNumPart":4,"gua":4,"serde_format":1}, node constraint is 1
src instance: 4
func source url is http://ip-172-31-4-184.us-east-2.compute.internal:8080/function/source
func source url is http://ip-172-31-4-184.us-east-2.compute.internal:8080/function/source
func source url is http://ip-172-31-4-184.us-east-2.compute.internal:8080/function/source
func source url is http://ip-172-31-4-184.us-east-2.compute.internal:8080/function/source
encoded json is {"topic_name":"nexmark_src","rate_shape":"square","aid":"q8","events_num":23040000,"rate_period":10000000000,"finOutTpNs":["q8_out"],"first_event_rate":128000,"next_event_rate":128000,"bid_avg_size":100,"person_avg_size":200,"auction_avg_size":500,"duration":180,"person_proportion":1,"auction_proportion":3,"bid_proportion":46,"bid_hot_ratio_auctions":2,"bid_hot_ratio_bidders":4,"auction_hot_ratio_sellers":4,"flushms":100,"bufMaxSize":131072,"commEveryMs":100,"rate_limited":false,"waitEnd":true,"serde_format":1,"numOutPar":4,"nSrcIns":4,"gua":4}, node constraint is 1,2,3,4
encoded json is {"topic_name":"nexmark_src","rate_shape":"square","aid":"q8","events_num":23040000,"rate_period":10000000000,"finOutTpNs":["q8_out"],"first_event_rate":128000,"next_event_rate":128000,"bid_avg_size":100,"person_avg_size":200,"auction_avg_size":500,"duration":180,"person_proportion":1,"auction_proportion":3,"bid_proportion":46,"bid_hot_ratio_auctions":2,"bid_hot_ratio_bidders":4,"auction_hot_ratio_sellers":4,"flushms":100,"bufMaxSize":131072,"commEveryMs":100,"rate_limited":false,"waitEnd":true,"serde_format":1,"numOutPar":4,"parNum":3,"nSrcIns":4,"gua":4}, node constraint is 1,2,3,4
encoded json is {"topic_name":"nexmark_src","rate_shape":"square","aid":"q8","events_num":23040000,"rate_period":10000000000,"finOutTpNs":["q8_out"],"first_event_rate":128000,"next_event_rate":128000,"bid_avg_size":100,"person_avg_size":200,"auction_avg_size":500,"duration":180,"person_proportion":1,"auction_proportion":3,"bid_proportion":46,"bid_hot_ratio_auctions":2,"bid_hot_ratio_bidders":4,"auction_hot_ratio_sellers":4,"flushms":100,"bufMaxSize":131072,"commEveryMs":100,"rate_limited":false,"waitEnd":true,"serde_format":1,"numOutPar":4,"parNum":2,"nSrcIns":4,"gua":4}, node constraint is 1,2,3,4
encoded json is {"topic_name":"nexmark_src","rate_shape":"square","aid":"q8","events_num":23040000,"rate_period":10000000000,"finOutTpNs":["q8_out"],"first_event_rate":128000,"next_event_rate":128000,"bid_avg_size":100,"person_avg_size":200,"auction_avg_size":500,"duration":180,"person_proportion":1,"auction_proportion":3,"bid_proportion":46,"bid_hot_ratio_auctions":2,"bid_hot_ratio_bidders":4,"auction_hot_ratio_sellers":4,"flushms":100,"bufMaxSize":131072,"commEveryMs":100,"rate_limited":false,"waitEnd":true,"serde_format":1,"numOutPar":4,"parNum":1,"nSrcIns":4,"gua":4}, node constraint is 1,2,3,4
Waiting for all client to return
func name is q8GroupBy
func name is q8GroupBy
func name is q8GroupBy
func url is http://ip-172-31-4-184.us-east-2.compute.internal:8080/function/q8GroupBy
func url is http://ip-172-31-4-184.us-east-2.compute.internal:8080/function/q8GroupBy
func name is q8JoinStream
func url is http://ip-172-31-4-184.us-east-2.compute.internal:8080/function/q8JoinStream
func name is q8JoinStream
func url is http://ip-172-31-4-184.us-east-2.compute.internal:8080/function/q8JoinStream
func name is q8JoinStream
func url is http://ip-172-31-4-184.us-east-2.compute.internal:8080/function/q8JoinStream
func url is http://ip-172-31-4-184.us-east-2.compute.internal:8080/function/q8GroupBy
func name is q8GroupBy
func url is http://ip-172-31-4-184.us-east-2.compute.internal:8080/function/q8GroupBy
func name is q8JoinStream
func url is http://ip-172-31-4-184.us-east-2.compute.internal:8080/function/q8JoinStream
encoded json is {"aid":"q8","numOutPartition":"BAQ=","numSubstreamProducer":"AQ==","outputTopicName":["q8_aucsBySellerID_out","q8_personsByID_out"],"inputTopicName":["nexmark_src"],"commEveryMs":100,"flushMs":100,"snapEveryS":10,"duration":180,"bufMaxSize":131072,"epoch":1,"waitEnd":true,"numChangelogPartition":4,"numInPartition":4,"ParNum":1,"gua":4,"serdeFormat":1}, node constraint is 5,6,7,8
encoded json is {"aid":"q8","numOutPartition":"BAQ=","numSubstreamProducer":"AQ==","outputTopicName":["q8_aucsBySellerID_out","q8_personsByID_out"],"inputTopicName":["nexmark_src"],"commEveryMs":100,"flushMs":100,"snapEveryS":10,"duration":180,"bufMaxSize":131072,"epoch":1,"waitEnd":true,"numChangelogPartition":4,"numInPartition":4,"ParNum":3,"gua":4,"serdeFormat":1}, node constraint is 5,6,7,8
encoded json is {"aid":"q8","numOutPartition":"BA==","numSubstreamProducer":"BAQ=","outputTopicName":["q8_out"],"inputTopicName":["q8_aucsBySellerID_out","q8_personsByID_out"],"commEveryMs":100,"flushMs":100,"snapEveryS":10,"duration":180,"bufMaxSize":131072,"epoch":1,"waitEnd":true,"numChangelogPartition":4,"numInPartition":4,"ParNum":1,"gua":4,"serdeFormat":1}, node constraint is 5,6,7,8
encoded json is {"aid":"q8","numOutPartition":"BA==","numSubstreamProducer":"BAQ=","outputTopicName":["q8_out"],"inputTopicName":["q8_aucsBySellerID_out","q8_personsByID_out"],"commEveryMs":100,"flushMs":100,"snapEveryS":10,"duration":180,"bufMaxSize":131072,"epoch":1,"waitEnd":true,"numChangelogPartition":4,"numInPartition":4,"ParNum":2,"gua":4,"serdeFormat":1}, node constraint is 5,6,7,8
encoded json is {"aid":"q8","numOutPartition":"BAQ=","numSubstreamProducer":"AQ==","outputTopicName":["q8_aucsBySellerID_out","q8_personsByID_out"],"inputTopicName":["nexmark_src"],"commEveryMs":100,"flushMs":100,"snapEveryS":10,"duration":180,"bufMaxSize":131072,"epoch":1,"waitEnd":true,"numChangelogPartition":4,"numInPartition":4,"gua":4,"serdeFormat":1}, node constraint is 5,6,7,8
encoded json is {"aid":"q8","numOutPartition":"BA==","numSubstreamProducer":"BAQ=","outputTopicName":["q8_out"],"inputTopicName":["q8_aucsBySellerID_out","q8_personsByID_out"],"commEveryMs":100,"flushMs":100,"snapEveryS":10,"duration":180,"bufMaxSize":131072,"epoch":1,"waitEnd":true,"numChangelogPartition":4,"numInPartition":4,"ParNum":3,"gua":4,"serdeFormat":1}, node constraint is 5,6,7,8
encoded json is {"aid":"q8","numOutPartition":"BAQ=","numSubstreamProducer":"AQ==","outputTopicName":["q8_aucsBySellerID_out","q8_personsByID_out"],"inputTopicName":["nexmark_src"],"commEveryMs":100,"flushMs":100,"snapEveryS":10,"duration":180,"bufMaxSize":131072,"epoch":1,"waitEnd":true,"numChangelogPartition":4,"numInPartition":4,"ParNum":2,"gua":4,"serdeFormat":1}, node constraint is 5,6,7,8
encoded json is {"aid":"q8","numOutPartition":"BA==","numSubstreamProducer":"BAQ=","outputTopicName":["q8_out"],"inputTopicName":["q8_aucsBySellerID_out","q8_personsByID_out"],"commEveryMs":100,"flushMs":100,"snapEveryS":10,"duration":180,"bufMaxSize":131072,"epoch":1,"waitEnd":true,"numChangelogPartition":4,"numInPartition":4,"gua":4,"serdeFormat":1}, node constraint is 5,6,7,8
source-1 invoke done
source-0 invoke done
source-3 invoke done
q8GroupBy-0 call done
q8GroupBy-1 call done
source-2 invoke done
q8GroupBy-2 call done
q8GroupBy-3 call done
q8JoinStream-2 call done
q8JoinStream-0 call done
q8JoinStream-1 call done
q8JoinStream-3 call done
sink_ctrl processed: 2, throughput: (event/s) 0.011110656436013819
sink processed: 5759981, throughput: (event/s) 31998.58498448366
source-0 duration: 180.007366038

sink processed: 5759970, throughput: (event/s) 31998.504472418645
sink_ctrl processed: 2, throughput: (event/s) 0.0111106496986681
source-1 duration: 180.007475192

sink_ctrl processed: 2, throughput: (event/s) 0.011110850305998425
sink processed: 5760002, throughput: (event/s) 31999.259992125768
source-2 duration: 180.004225142

sink processed: 5760002, throughput: (event/s) 31998.77306684827
sink_ctrl processed: 2, throughput: (event/s) 0.01111068123478022
source-3 duration: 180.006964266

sink_ctrl processed 8 events, duration: 180.007475192, tp: 0.044443
sink processed 23039955 events, duration: 180.007475192, tp: 127994.434539

personsByIDSink processed: 115199, throughput: (event/s) 639.8921034786224
auctionsBySellerIDSink processed: 345599, throughput: (event/s) 1919.68741977021
nexmark_src_src processed: 5760205, throughput: (event/s) 31996.02161405983
nexmark_src_src_ctrl processed: 226, throughput: (event/s) 1.2553547807374081
nexmark_src_src_data processed: 5759979, throughput: (event/s) 31994.76625927909
nexmark_src_src_epoch processed: 0, throughput: (event/s) 0
nexmark_src_src_logEntry processed: 12305, throughput: (event/s) 68.35017954413189
q8GroupBy-0 duration: 180.02878825

auctionsBySellerIDSink processed: 345599, throughput: (event/s) 1919.6821089551822
nexmark_src_src processed: 5760194, throughput: (event/s) 31995.871995899834
nexmark_src_src_ctrl processed: 226, throughput: (event/s) 1.2553513077985503
nexmark_src_src_data processed: 5759968, throughput: (event/s) 31994.616644592035
nexmark_src_src_epoch processed: 0, throughput: (event/s) 0
nexmark_src_src_logEntry processed: 12316, throughput: (event/s) 68.41109162321658
personsByIDSink processed: 115199, throughput: (event/s) 639.8903332171911
q8GroupBy-1 duration: 180.029286301

auctionsBySellerIDSink processed: 345600, throughput: (event/s) 1919.7416283413847
nexmark_src_src processed: 5760226, throughput: (event/s) 31996.949192286982
nexmark_src_src_ctrl processed: 226, throughput: (event/s) 1.2553865972371323
nexmark_src_src_data processed: 5760000, throughput: (event/s) 31995.693805689745
nexmark_src_src_epoch processed: 0, throughput: (event/s) 0
nexmark_src_src_logEntry processed: 12285, throughput: (event/s) 68.24081569494766
personsByIDSink processed: 115200, throughput: (event/s) 639.9138761137949
q8GroupBy-2 duration: 180.024225603

nexmark_src_src_data processed: 5760000, throughput: (event/s) 31963.552680058863
nexmark_src_src_epoch processed: 0, throughput: (event/s) 0
nexmark_src_src_logEntry processed: 12316, throughput: (event/s) 68.3442907652092
personsByIDSink processed: 115200, throughput: (event/s) 639.2710536011773
auctionsBySellerIDSink processed: 345600, throughput: (event/s) 1917.813160803532
nexmark_src_src processed: 5760226, throughput: (event/s) 31964.806805563327
nexmark_src_src_ctrl processed: 226, throughput: (event/s) 1.254125504460643
q8GroupBy-3 duration: 180.20524995

nexmark_src_src_ctrl processed 904 events, duration: 180.20524995
nexmark_src_src_data processed 23039947 events, duration: 180.20524995
nexmark_src_src_epoch processed 0 events, duration: 180.20524995
nexmark_src_src_logEntry processed 49222 events, duration: 180.20524995
personsByIDSink processed 460798 events, duration: 180.20524995
auctionsBySellerIDSink processed 1382398 events, duration: 180.20524995
nexmark_src_src processed 23040851 events, duration: 180.20524995

eventTimeLatency_sink, p50: 539 ms, p90: 1663 ms, p99: 4607 ms
auctionsBySellerIDSrc_epoch processed: 0, throughput: (event/s) 0
personsByIDSrc_ctrl processed: 229, throughput: (event/s) 1.2480841955899642
auctionsBySellerIDSrc_ctrl processed: 229, throughput: (event/s) 1.2480841955899642
personsByIDSrc processed: 115057, throughput: (event/s) 627.0778309694084
personsByIDSrc_data processed: 114828, throughput: (event/s) 625.8297467738184
personsByIDSrc_logEntry processed: 924, throughput: (event/s) 5.03593797696562
sink processed: 1344808, throughput: (event/s) 7329.404414423357
auctionsBySellerIDSrc processed: 337057, throughput: (event/s) 1837.01098127933
personsByIDSrc_epoch processed: 0, throughput: (event/s) 0
auctionsBySellerIDSrc_data processed: 336828, throughput: (event/s) 1835.7628970837402
auctionsBySellerIDSrc_logEntry processed: 2147, throughput: (event/s) 11.70147060232163
q8JoinStream-0 duration: 183.481211291

eventTimeLatency_sink, p50: 506 ms, p90: 1371 ms, p99: 3245 ms
personsByIDSrc processed: 115793, throughput: (event/s) 631.0873568008213
sink processed: 1370949, throughput: (event/s) 7471.855645148922
auctionsBySellerIDSrc processed: 342714, throughput: (event/s) 1867.8371956736303
auctionsBySellerIDSrc_logEntry processed: 2164, throughput: (event/s) 11.794089799184556
personsByIDSrc_ctrl processed: 229, throughput: (event/s) 1.2480806672889386
auctionsBySellerIDSrc_ctrl processed: 229, throughput: (event/s) 1.2480806672889386
auctionsBySellerIDSrc_data processed: 342485, throughput: (event/s) 1866.5891150063414
personsByIDSrc_logEntry processed: 927, throughput: (event/s) 5.05227414225697
auctionsBySellerIDSrc_epoch processed: 0, throughput: (event/s) 0
personsByIDSrc_data processed: 115564, throughput: (event/s) 629.8392761335324
personsByIDSrc_epoch processed: 0, throughput: (event/s) 0
q8JoinStream-1 duration: 183.481729989

eventTimeLatency_sink, p50: 477 ms, p90: 1234 ms, p99: 3320 ms
personsByIDSrc_logEntry processed: 924, throughput: (event/s) 5.03454215017727
auctionsBySellerIDSrc_data processed: 335096, throughput: (event/s) 1825.817030688098
auctionsBySellerIDSrc_epoch processed: 0, throughput: (event/s) 0
personsByIDSrc_data processed: 114598, throughput: (event/s) 624.4030966731762
personsByIDSrc_epoch processed: 0, throughput: (event/s) 0
sink processed: 1341245, throughput: (event/s) 7307.959400665057
auctionsBySellerIDSrc_ctrl processed: 229, throughput: (event/s) 1.2477382601629814
auctionsBySellerIDSrc_logEntry processed: 2121, throughput: (event/s) 11.556562662906915
personsByIDSrc processed: 114827, throughput: (event/s) 625.6508349333392
auctionsBySellerIDSrc processed: 335325, throughput: (event/s) 1827.0647689482607
personsByIDSrc_ctrl processed: 229, throughput: (event/s) 1.2477382601629814
q8JoinStream-2 duration: 183.532081456

eventTimeLatency_sink, p50: 519 ms, p90: 1302 ms, p99: 2460 ms
auctionsBySellerIDSrc_logEntry processed: 2294, throughput: (event/s) 12.488803910195445
auctionsBySellerIDSrc processed: 368218, throughput: (event/s) 2004.621795206777
personsByIDSrc processed: 116037, throughput: (event/s) 631.7189796544677
personsByIDSrc_epoch processed: 0, throughput: (event/s) 0
personsByIDSrc_logEntry processed: 930, throughput: (event/s) 5.063028612241397
sink processed: 1473222, throughput: (event/s) 8020.392621702683
auctionsBySellerIDSrc_ctrl processed: 229, throughput: (event/s) 1.2467027443046022
auctionsBySellerIDSrc_data processed: 367989, throughput: (event/s) 2003.3750924624726
auctionsBySellerIDSrc_epoch processed: 0, throughput: (event/s) 0
personsByIDSrc_ctrl processed: 229, throughput: (event/s) 1.2467027443046022
personsByIDSrc_data processed: 115808, throughput: (event/s) 630.4722769101631
q8JoinStream-3 duration: 183.684523874

auctionsBySellerIDSrc_epoch processed 0 events, duration: 183.684523874
personsByIDSrc_ctrl processed 916 events, duration: 183.684523874
personsByIDSrc_data processed 460798 events, duration: 183.684523874
sink processed 5530224 events, duration: 183.684523874
personsByIDSrc_epoch processed 0 events, duration: 183.684523874
auctionsBySellerIDSrc_ctrl processed 916 events, duration: 183.684523874
personsByIDSrc processed 461714 events, duration: 183.684523874
personsByIDSrc_logEntry processed 3705 events, duration: 183.684523874
auctionsBySellerIDSrc processed 1383314 events, duration: 183.684523874
auctionsBySellerIDSrc_data processed 1382398 events, duration: 183.684523874
auctionsBySellerIDSrc_logEntry processed 8726 events, duration: 183.684523874

