wait for last: true, sink max_buf_size: 131072
warmup: 0
encoded json is {"sg":{"fanout":4,"fanout_out":8,"nexmark_src":4,"source":4},"aid":"fanout","fns":["source","fanout"],"bufMaxSize":131072,"epoch":1,"serdeFormat":1,"bs":true}, node constraint is 1
config: map[NodeConstraint:"1,2,3,4" NumInstance:4 OutputTopicName:["nexmark_src"] funcName:"source"]
config: map[Final:true InputTopicNames:["nexmark_src"] NodeConstraint:"5,6,7,8" NumInstance:4 NumSrcProducer:[1] OutputTopicName:["fanout_out"] funcName:"fanout"]
srcInvokeConfig: &{FinalTpNames:[fanout_out] TopicName:nexmark_src AppId:fanout NodeConstraint:1,2,3,4 AdditionalBytes:0 ScaleEpoch:0 NumOutPartition:4 InstanceID:0 NumSrcInstance:4}
cliNodes: [0xc000026160]
inParamsMap: map[fanout:[0xc00007eaa0 0xc00007eb40 0xc00007ebe0 0xc00007ec80]]
configScaleInput: &{Config:map[fanout:4 fanout_out:8 nexmark_src:4 source:4] AppId:fanout FuncNames:[source fanout] BufMaxSize:131072 ScaleEpoch:0 SerdeFormat:1 Bootstrap:false}
func source url is http://ip-172-31-9-234.us-east-2.compute.internal:8080/function/source
func source url is http://ip-172-31-9-234.us-east-2.compute.internal:8080/function/source
func source url is http://ip-172-31-9-234.us-east-2.compute.internal:8080/function/source
func source url is http://ip-172-31-9-234.us-east-2.compute.internal:8080/function/source
encoded json is {"topic_name":"nexmark_src","rate_shape":"square","aid":"fanout","events_num":46080000,"rate_period":10000000000,"finOutTpNs":["fanout_out"],"first_event_rate":256000,"next_event_rate":256000,"bid_avg_size":100,"person_avg_size":200,"auction_avg_size":500,"duration":180,"person_proportion":1,"auction_proportion":3,"bid_proportion":46,"bid_hot_ratio_auctions":2,"bid_hot_ratio_bidders":4,"auction_hot_ratio_sellers":4,"flushms":10,"bufMaxSize":131072,"commEveryMs":100,"rate_limited":false,"waitEnd":true,"serde_format":1,"numOutPar":4,"parNum":3,"nSrcIns":4,"gua":3}, node constraint is 1,2,3,4
src instance: 4
encoded json is {"topic_name":"nexmark_src","rate_shape":"square","aid":"fanout","events_num":46080000,"rate_period":10000000000,"finOutTpNs":["fanout_out"],"first_event_rate":256000,"next_event_rate":256000,"bid_avg_size":100,"person_avg_size":200,"auction_avg_size":500,"duration":180,"person_proportion":1,"auction_proportion":3,"bid_proportion":46,"bid_hot_ratio_auctions":2,"bid_hot_ratio_bidders":4,"auction_hot_ratio_sellers":4,"flushms":10,"bufMaxSize":131072,"commEveryMs":100,"rate_limited":false,"waitEnd":true,"serde_format":1,"numOutPar":4,"parNum":2,"nSrcIns":4,"gua":3}, node constraint is 1,2,3,4
encoded json is {"topic_name":"nexmark_src","rate_shape":"square","aid":"fanout","events_num":46080000,"rate_period":10000000000,"finOutTpNs":["fanout_out"],"first_event_rate":256000,"next_event_rate":256000,"bid_avg_size":100,"person_avg_size":200,"auction_avg_size":500,"duration":180,"person_proportion":1,"auction_proportion":3,"bid_proportion":46,"bid_hot_ratio_auctions":2,"bid_hot_ratio_bidders":4,"auction_hot_ratio_sellers":4,"flushms":10,"bufMaxSize":131072,"commEveryMs":100,"rate_limited":false,"waitEnd":true,"serde_format":1,"numOutPar":4,"parNum":1,"nSrcIns":4,"gua":3}, node constraint is 1,2,3,4
encoded json is {"topic_name":"nexmark_src","rate_shape":"square","aid":"fanout","events_num":46080000,"rate_period":10000000000,"finOutTpNs":["fanout_out"],"first_event_rate":256000,"next_event_rate":256000,"bid_avg_size":100,"person_avg_size":200,"auction_avg_size":500,"duration":180,"person_proportion":1,"auction_proportion":3,"bid_proportion":46,"bid_hot_ratio_auctions":2,"bid_hot_ratio_bidders":4,"auction_hot_ratio_sellers":4,"flushms":10,"bufMaxSize":131072,"commEveryMs":100,"rate_limited":false,"waitEnd":true,"serde_format":1,"numOutPar":4,"nSrcIns":4,"gua":3}, node constraint is 1,2,3,4
Waiting for all client to return
func name is fanout
func url is http://ip-172-31-9-234.us-east-2.compute.internal:8080/function/fanout
func name is fanout
func url is http://ip-172-31-9-234.us-east-2.compute.internal:8080/function/fanout
func name is fanout
func url is http://ip-172-31-9-234.us-east-2.compute.internal:8080/function/fanout
func name is fanout
func url is http://ip-172-31-9-234.us-east-2.compute.internal:8080/function/fanout
encoded json is {"aid":"fanout","numOutPartition":"CA==","numSubstreamProducer":"AQ==","outputTopicName":["fanout_out"],"inputTopicName":["nexmark_src"],"commEveryMs":100,"flushMs":100,"duration":180,"bufMaxSize":131072,"epoch":1,"waitEnd":true,"numInPartition":4,"ParNum":1,"gua":3,"serdeFormat":1}, node constraint is 5,6,7,8
encoded json is {"aid":"fanout","numOutPartition":"CA==","numSubstreamProducer":"AQ==","outputTopicName":["fanout_out"],"inputTopicName":["nexmark_src"],"commEveryMs":100,"flushMs":100,"duration":180,"bufMaxSize":131072,"epoch":1,"waitEnd":true,"numInPartition":4,"ParNum":3,"gua":3,"serdeFormat":1}, node constraint is 5,6,7,8
encoded json is {"aid":"fanout","numOutPartition":"CA==","numSubstreamProducer":"AQ==","outputTopicName":["fanout_out"],"inputTopicName":["nexmark_src"],"commEveryMs":100,"flushMs":100,"duration":180,"bufMaxSize":131072,"epoch":1,"waitEnd":true,"numInPartition":4,"ParNum":2,"gua":3,"serdeFormat":1}, node constraint is 5,6,7,8
encoded json is {"aid":"fanout","numOutPartition":"CA==","numSubstreamProducer":"AQ==","outputTopicName":["fanout_out"],"inputTopicName":["nexmark_src"],"commEveryMs":100,"flushMs":100,"duration":180,"bufMaxSize":131072,"epoch":1,"waitEnd":true,"numInPartition":4,"gua":3,"serdeFormat":1}, node constraint is 5,6,7,8
source-3 invoke done
source-1 invoke done
source-2 invoke done
source-0 invoke done
fanout-3 call done
fanout-1 call done
fanout-0 call done
fanout-2 call done
sink processed: 11520001, throughput: (event/s) 63998.8502003126
sink_ctrl processed: 1, throughput: (event/s) 0.005555455264310533
source-0 duration: 180.003249495

sink_ctrl processed: 1, throughput: (event/s) 0.005555478900779909
sink processed: 11520001, throughput: (event/s) 63999.12249246345
source-1 duration: 180.002483649

sink processed: 11520001, throughput: (event/s) 63998.619193644874
sink_ctrl processed: 1, throughput: (event/s) 0.0055554352116501445
source-2 duration: 180.003899227

sink processed: 11520001, throughput: (event/s) 63998.72695023376
sink_ctrl processed: 1, throughput: (event/s) 0.005555444565519895
source-3 duration: 180.003596149

sink processed 46080004 events, duration: 180.003899227, tp: 255994.476775
sink_ctrl processed 4 events, duration: 180.003899227, tp: 0.022222

eventTimeLatency_fanoutSink, p50: 19 ms, p90: 31 ms, p99: 47 ms
nexmark_src_src_epoch processed: 0, throughput: (event/s) 0
nexmark_src_src_logEntry processed: 29907, throughput: (event/s) 166.10643393210708
fanoutSink processed: 11520000, throughput: (event/s) 63983.21860761272
nexmark_src_src processed: 11520001, throughput: (event/s) 63983.22416171155
nexmark_src_src_ctrl processed: 1, throughput: (event/s) 0.005554098837466381
nexmark_src_src_data processed: 11520000, throughput: (event/s) 63983.21860761272
fanout-0 duration: 180.047210045

eventTimeLatency_fanoutSink, p50: 18 ms, p90: 31 ms, p99: 51 ms
nexmark_src_src_epoch processed: 0, throughput: (event/s) 0
nexmark_src_src_logEntry processed: 30009, throughput: (event/s) 166.6750440024274
fanoutSink processed: 11520000, throughput: (event/s) 63984.021690425
nexmark_src_src processed: 11520001, throughput: (event/s) 63984.02724459354
nexmark_src_src_ctrl processed: 1, throughput: (event/s) 0.0055541685495160585
nexmark_src_src_data processed: 11520000, throughput: (event/s) 63984.021690425
fanout-1 duration: 180.044950218

eventTimeLatency_fanoutSink, p50: 17 ms, p90: 30 ms, p99: 47 ms
nexmark_src_src_ctrl processed: 1, throughput: (event/s) 0.005554127113455137
nexmark_src_src_data processed: 11520000, throughput: (event/s) 63983.544347003175
nexmark_src_src_epoch processed: 0, throughput: (event/s) 0
nexmark_src_src_logEntry processed: 30117, throughput: (event/s) 167.27364627592834
fanoutSink processed: 11520000, throughput: (event/s) 63983.544347003175
nexmark_src_src processed: 11520001, throughput: (event/s) 63983.54990113029
fanout-2 duration: 180.046293427

eventTimeLatency_fanoutSink, p50: 15 ms, p90: 28 ms, p99: 45 ms
nexmark_src_src_logEntry processed: 30059, throughput: (event/s) 166.91780552594625
fanoutSink processed: 11520000, throughput: (event/s) 63970.62841940519
nexmark_src_src processed: 11520001, throughput: (event/s) 63970.63397241113
nexmark_src_src_ctrl processed: 1, throughput: (event/s) 0.005553005939184479
nexmark_src_src_data processed: 11520000, throughput: (event/s) 63970.62841940519
nexmark_src_src_epoch processed: 0, throughput: (event/s) 0
fanout-3 duration: 180.082645499

nexmark_src_src_epoch processed 0 events, duration: 180.082645499
nexmark_src_src_logEntry processed 120092 events, duration: 180.082645499
fanoutSink processed 46080000 events, duration: 180.082645499
nexmark_src_src processed 46080004 events, duration: 180.082645499
nexmark_src_src_ctrl processed 4 events, duration: 180.082645499
nexmark_src_src_data processed 46080000 events, duration: 180.082645499

