wait for last: true
warmup: 0
config: map[NodeConstraint:"1,2,3,4" NumInstance:4 OutputTopicName:["nexmark_src"] funcName:"source"]
config: map[InputTopicNames:["nexmark_src"] NodeConstraint:"5,6,7,8" NumInstance:4 NumSrcProducer:[1] OutputTopicName:["q46_aucsByID","q46_bidsByAucID"] funcName:"q46GroupBy"]
config: map[InputTopicNames:["q46_aucsByID","q46_bidsByAucID"] NodeConstraint:"5,6,7,8" NumInstance:4 NumSrcProducer:[4,4] OutputTopicName:["q4_aucIDCat"] funcName:"q4JoinStream"]
config: map[InputTopicNames:["q4_aucIDCat"] NodeConstraint:"5,6,7,8" NumInstance:4 NumSrcProducer:[1] OutputTopicName:["q4_maxBids"] funcName:"q4MaxBid"]
config: map[InputTopicNames:["q4_maxBids"] NodeConstraint:"5,6,7,8" NumInstance:4 NumSrcProducer:[4] OutputTopicName:["q4_out"] funcName:"q4Avg"]
srcInvokeConfig: {TopicName:nexmark_src AppId:q4 NodeConstraint:1,2,3,4 ScaleEpoch:0 NumOutPartition:4 InstanceID:0 NumSrcInstance:4}
cliNodes: [0xc0000ce220 0xc0000ce280 0xc0000ce2c0 0xc0000ce320]
inParamsMap: map[q46GroupBy:[0xc0000b2b40 0xc0000b2be0 0xc0000b2c80 0xc0000b2d20] q4Avg:[0xc0000b32c0 0xc0000b3360 0xc0000b3400 0xc0000b34a0] q4JoinStream:[0xc0000b2dc0 0xc0000b2e60 0xc0000b2f00 0xc0000b2fa0] q4MaxBid:[0xc0000b3040 0xc0000b30e0 0xc0000b3180 0xc0000b3220]]
configScaleInput: {Config:map[changelog:4 nexmark_src:4 q46GroupBy:4 q46_aucsByID:4 q46_bidsByAucID:4 q4Avg:4 q4JoinStream:4 q4MaxBid:4 q4_aucIDCat:4 q4_maxBids:4 q4_out:4 source:4] AppId:q4 FuncNames:[source q46GroupBy q4JoinStream q4MaxBid q4Avg] ScaleEpoch:0 SerdeFormat:1 Bootstrap:false}
encoded json is {"sg":{"changelog":4,"nexmark_src":4,"q46GroupBy":4,"q46_aucsByID":4,"q46_bidsByAucID":4,"q4Avg":4,"q4JoinStream":4,"q4MaxBid":4,"q4_aucIDCat":4,"q4_maxBids":4,"q4_out":4,"source":4},"aid":"q4","fns":["source","q46GroupBy","q4JoinStream","q4MaxBid","q4Avg"],"epoch":1,"serdeFormat":1,"bs":true}, node constraint is 1
func source url is http://ip-172-31-0-177.us-east-2.compute.internal:8080/function/source
func source url is http://ip-172-31-0-177.us-east-2.compute.internal:8080/function/source
func source url is http://ip-172-31-0-177.us-east-2.compute.internal:8080/function/source
src instance: 4
func source url is http://ip-172-31-0-177.us-east-2.compute.internal:8080/function/source
encoded json is {"topic_name":"nexmark_src","rate_shape":"square","aid":"q4","events_num":1440000,"rate_period":10000000000,"bid_avg_size":100,"first_event_rate":8000,"next_event_rate":8000,"person_avg_size":200,"auction_avg_size":500,"duration":180,"person_proportion":1,"auction_proportion":3,"bid_proportion":46,"bid_hot_ratio_auctions":2,"bid_hot_ratio_bidders":4,"auction_hot_ratio_sellers":4,"flushms":100,"rate_limited":false,"waitEnd":true,"serde_format":1,"numOutPar":4,"parNum":1,"nSrcIns":4}, node constraint is 1,2,3,4
encoded json is {"topic_name":"nexmark_src","rate_shape":"square","aid":"q4","events_num":1440000,"rate_period":10000000000,"bid_avg_size":100,"first_event_rate":8000,"next_event_rate":8000,"person_avg_size":200,"auction_avg_size":500,"duration":180,"person_proportion":1,"auction_proportion":3,"bid_proportion":46,"bid_hot_ratio_auctions":2,"bid_hot_ratio_bidders":4,"auction_hot_ratio_sellers":4,"flushms":100,"rate_limited":false,"waitEnd":true,"serde_format":1,"numOutPar":4,"parNum":2,"nSrcIns":4}, node constraint is 1,2,3,4
encoded json is {"topic_name":"nexmark_src","rate_shape":"square","aid":"q4","events_num":1440000,"rate_period":10000000000,"bid_avg_size":100,"first_event_rate":8000,"next_event_rate":8000,"person_avg_size":200,"auction_avg_size":500,"duration":180,"person_proportion":1,"auction_proportion":3,"bid_proportion":46,"bid_hot_ratio_auctions":2,"bid_hot_ratio_bidders":4,"auction_hot_ratio_sellers":4,"flushms":100,"rate_limited":false,"waitEnd":true,"serde_format":1,"numOutPar":4,"parNum":3,"nSrcIns":4}, node constraint is 1,2,3,4
encoded json is {"topic_name":"nexmark_src","rate_shape":"square","aid":"q4","events_num":1440000,"rate_period":10000000000,"bid_avg_size":100,"first_event_rate":8000,"next_event_rate":8000,"person_avg_size":200,"auction_avg_size":500,"duration":180,"person_proportion":1,"auction_proportion":3,"bid_proportion":46,"bid_hot_ratio_auctions":2,"bid_hot_ratio_bidders":4,"auction_hot_ratio_sellers":4,"flushms":100,"rate_limited":false,"waitEnd":true,"serde_format":1,"numOutPar":4,"nSrcIns":4}, node constraint is 1,2,3,4
func name is q46GroupBy
func url is http://ip-172-31-0-177.us-east-2.compute.internal:8080/function/q46GroupBy
encoded json is {"aid":"q4","numOutPartition":"BA==","numSubstreamProducer":"AQ==","outputTopicName":["q4_maxBids"],"inputTopicName":["q4_aucIDCat"],"commEveryMs":100,"flushMs":100,"snapEveryS":10,"duration":180,"epoch":1,"waitEnd":true,"numChangelogPartition":4,"numInPartition":4,"ParNum":2,"gua":3,"serdeFormat":1}, node constraint is 5,6,7,8
encoded json is {"aid":"q4","numOutPartition":"BA==","numSubstreamProducer":"BA==","outputTopicName":["q4_out"],"inputTopicName":["q4_maxBids"],"commEveryMs":100,"flushMs":100,"snapEveryS":10,"duration":180,"epoch":1,"waitEnd":true,"numChangelogPartition":4,"numInPartition":4,"ParNum":2,"gua":3,"serdeFormat":1}, node constraint is 5,6,7,8
encoded json is {"aid":"q4","numOutPartition":"BA==","numSubstreamProducer":"BA==","outputTopicName":["q4_out"],"inputTopicName":["q4_maxBids"],"commEveryMs":100,"flushMs":100,"snapEveryS":10,"duration":180,"epoch":1,"waitEnd":true,"numChangelogPartition":4,"numInPartition":4,"ParNum":3,"gua":3,"serdeFormat":1}, node constraint is 5,6,7,8
encoded json is {"aid":"q4","numOutPartition":"BA==","numSubstreamProducer":"BAQ=","outputTopicName":["q4_aucIDCat"],"inputTopicName":["q46_aucsByID","q46_bidsByAucID"],"commEveryMs":100,"flushMs":100,"snapEveryS":10,"duration":180,"epoch":1,"waitEnd":true,"numChangelogPartition":4,"numInPartition":4,"ParNum":2,"gua":3,"serdeFormat":1}, node constraint is 5,6,7,8
encoded json is {"aid":"q4","numOutPartition":"BA==","numSubstreamProducer":"AQ==","outputTopicName":["q4_maxBids"],"inputTopicName":["q4_aucIDCat"],"commEveryMs":100,"flushMs":100,"snapEveryS":10,"duration":180,"epoch":1,"waitEnd":true,"numChangelogPartition":4,"numInPartition":4,"gua":3,"serdeFormat":1}, node constraint is 5,6,7,8
encoded json is {"aid":"q4","numOutPartition":"BA==","numSubstreamProducer":"BAQ=","outputTopicName":["q4_aucIDCat"],"inputTopicName":["q46_aucsByID","q46_bidsByAucID"],"commEveryMs":100,"flushMs":100,"snapEveryS":10,"duration":180,"epoch":1,"waitEnd":true,"numChangelogPartition":4,"numInPartition":4,"gua":3,"serdeFormat":1}, node constraint is 5,6,7,8
encoded json is {"aid":"q4","numOutPartition":"BA==","numSubstreamProducer":"BAQ=","outputTopicName":["q4_aucIDCat"],"inputTopicName":["q46_aucsByID","q46_bidsByAucID"],"commEveryMs":100,"flushMs":100,"snapEveryS":10,"duration":180,"epoch":1,"waitEnd":true,"numChangelogPartition":4,"numInPartition":4,"ParNum":1,"gua":3,"serdeFormat":1}, node constraint is 5,6,7,8
encoded json is {"aid":"q4","numOutPartition":"BAQ=","numSubstreamProducer":"AQ==","outputTopicName":["q46_aucsByID","q46_bidsByAucID"],"inputTopicName":["nexmark_src"],"commEveryMs":100,"flushMs":100,"snapEveryS":10,"duration":180,"epoch":1,"waitEnd":true,"numChangelogPartition":4,"numInPartition":4,"ParNum":1,"gua":3,"serdeFormat":1}, node constraint is 5,6,7,8
encoded json is {"aid":"q4","numOutPartition":"BAQ=","numSubstreamProducer":"AQ==","outputTopicName":["q46_aucsByID","q46_bidsByAucID"],"inputTopicName":["nexmark_src"],"commEveryMs":100,"flushMs":100,"snapEveryS":10,"duration":180,"epoch":1,"waitEnd":true,"numChangelogPartition":4,"numInPartition":4,"ParNum":3,"gua":3,"serdeFormat":1}, node constraint is 5,6,7,8
encoded json is {"aid":"q4","numOutPartition":"BA==","numSubstreamProducer":"BAQ=","outputTopicName":["q4_aucIDCat"],"inputTopicName":["q46_aucsByID","q46_bidsByAucID"],"commEveryMs":100,"flushMs":100,"snapEveryS":10,"duration":180,"epoch":1,"waitEnd":true,"numChangelogPartition":4,"numInPartition":4,"ParNum":3,"gua":3,"serdeFormat":1}, node constraint is 5,6,7,8
encoded json is {"aid":"q4","numOutPartition":"BA==","numSubstreamProducer":"BA==","outputTopicName":["q4_out"],"inputTopicName":["q4_maxBids"],"commEveryMs":100,"flushMs":100,"snapEveryS":10,"duration":180,"epoch":1,"waitEnd":true,"numChangelogPartition":4,"numInPartition":4,"gua":3,"serdeFormat":1}, node constraint is 5,6,7,8
func name is q4Avg
func name is q4JoinStream
func url is http://ip-172-31-0-177.us-east-2.compute.internal:8080/function/q4Avg
func url is http://ip-172-31-0-177.us-east-2.compute.internal:8080/function/q4JoinStream
func name is q4MaxBid
func url is http://ip-172-31-0-177.us-east-2.compute.internal:8080/function/q4MaxBid
func name is q46GroupBy
func url is http://ip-172-31-0-177.us-east-2.compute.internal:8080/function/q46GroupBy
Waiting for all client to return
func name is q4MaxBid
func url is http://ip-172-31-0-177.us-east-2.compute.internal:8080/function/q4MaxBid
func name is q4MaxBid
func url is http://ip-172-31-0-177.us-east-2.compute.internal:8080/function/q4MaxBid
func name is q4Avg
func name is q4JoinStream
func name is q46GroupBy
func url is http://ip-172-31-0-177.us-east-2.compute.internal:8080/function/q4JoinStream
func url is http://ip-172-31-0-177.us-east-2.compute.internal:8080/function/q46GroupBy
func name is q4JoinStream
func name is q4Avg
func url is http://ip-172-31-0-177.us-east-2.compute.internal:8080/function/q4Avg
func url is http://ip-172-31-0-177.us-east-2.compute.internal:8080/function/q4Avg
func url is http://ip-172-31-0-177.us-east-2.compute.internal:8080/function/q4JoinStream
func name is q46GroupBy
func name is q4JoinStream
func url is http://ip-172-31-0-177.us-east-2.compute.internal:8080/function/q4JoinStream
func name is q4MaxBid
func url is http://ip-172-31-0-177.us-east-2.compute.internal:8080/function/q4MaxBid
func url is http://ip-172-31-0-177.us-east-2.compute.internal:8080/function/q46GroupBy
func name is q4Avg
func url is http://ip-172-31-0-177.us-east-2.compute.internal:8080/function/q4Avg
encoded json is {"aid":"q4","numOutPartition":"BA==","numSubstreamProducer":"BA==","outputTopicName":["q4_out"],"inputTopicName":["q4_maxBids"],"commEveryMs":100,"flushMs":100,"snapEveryS":10,"duration":180,"epoch":1,"waitEnd":true,"numChangelogPartition":4,"numInPartition":4,"ParNum":1,"gua":3,"serdeFormat":1}, node constraint is 5,6,7,8
encoded json is {"aid":"q4","numOutPartition":"BA==","numSubstreamProducer":"AQ==","outputTopicName":["q4_maxBids"],"inputTopicName":["q4_aucIDCat"],"commEveryMs":100,"flushMs":100,"snapEveryS":10,"duration":180,"epoch":1,"waitEnd":true,"numChangelogPartition":4,"numInPartition":4,"ParNum":1,"gua":3,"serdeFormat":1}, node constraint is 5,6,7,8
encoded json is {"aid":"q4","numOutPartition":"BAQ=","numSubstreamProducer":"AQ==","outputTopicName":["q46_aucsByID","q46_bidsByAucID"],"inputTopicName":["nexmark_src"],"commEveryMs":100,"flushMs":100,"snapEveryS":10,"duration":180,"epoch":1,"waitEnd":true,"numChangelogPartition":4,"numInPartition":4,"ParNum":2,"gua":3,"serdeFormat":1}, node constraint is 5,6,7,8
encoded json is {"aid":"q4","numOutPartition":"BA==","numSubstreamProducer":"AQ==","outputTopicName":["q4_maxBids"],"inputTopicName":["q4_aucIDCat"],"commEveryMs":100,"flushMs":100,"snapEveryS":10,"duration":180,"epoch":1,"waitEnd":true,"numChangelogPartition":4,"numInPartition":4,"ParNum":3,"gua":3,"serdeFormat":1}, node constraint is 5,6,7,8
encoded json is {"aid":"q4","numOutPartition":"BAQ=","numSubstreamProducer":"AQ==","outputTopicName":["q46_aucsByID","q46_bidsByAucID"],"inputTopicName":["nexmark_src"],"commEveryMs":100,"flushMs":100,"snapEveryS":10,"duration":180,"epoch":1,"waitEnd":true,"numChangelogPartition":4,"numInPartition":4,"gua":3,"serdeFormat":1}, node constraint is 5,6,7,8
source-1 invoke done
source-2 invoke done
source-3 invoke done
source-0 invoke done
q46GroupBy-2 call done
q46GroupBy-3 call done
q46GroupBy-1 call done
q46GroupBy-0 call done
q4JoinStream-1 call done
{"level":"error","time":"2022-11-21T20:59:41-06:00","message":"q4Avg request failed: Post \"http://ip-172-31-0-177.us-east-2.compute.internal:8080/function/q4Avg\": context deadline exceeded (Client.Timeout exceeded while awaiting headers)"}
q4Avg-3 call done
{"level":"error","time":"2022-11-21T20:59:41-06:00","message":"q4Avg request failed: Post \"http://ip-172-31-0-177.us-east-2.compute.internal:8080/function/q4Avg\": context deadline exceeded (Client.Timeout exceeded while awaiting headers)"}
q4Avg-2 call done
{"level":"error","time":"2022-11-21T20:59:41-06:00","message":"q4Avg request failed: Post \"http://ip-172-31-0-177.us-east-2.compute.internal:8080/function/q4Avg\": context deadline exceeded (Client.Timeout exceeded while awaiting headers)"}
q4Avg-0 call done
{"level":"error","time":"2022-11-21T20:59:41-06:00","message":"q4JoinStream request failed: Post \"http://ip-172-31-0-177.us-east-2.compute.internal:8080/function/q4JoinStream\": context deadline exceeded (Client.Timeout exceeded while awaiting headers)"}
q4JoinStream-2 call done
{"level":"error","time":"2022-11-21T20:59:41-06:00","message":"q4MaxBid request failed: Post \"http://ip-172-31-0-177.us-east-2.compute.internal:8080/function/q4MaxBid\": context deadline exceeded (Client.Timeout exceeded while awaiting headers)"}
q4MaxBid-0 call done
{"level":"error","time":"2022-11-21T20:59:41-06:00","message":"q4JoinStream request failed: Post \"http://ip-172-31-0-177.us-east-2.compute.internal:8080/function/q4JoinStream\": context deadline exceeded (Client.Timeout exceeded while awaiting headers)"}
q4JoinStream-0 call done
{"level":"error","time":"2022-11-21T20:59:41-06:00","message":"q4JoinStream request failed: Post \"http://ip-172-31-0-177.us-east-2.compute.internal:8080/function/q4JoinStream\": context deadline exceeded (Client.Timeout exceeded while awaiting headers)"}
q4JoinStream-3 call done
{"level":"error","time":"2022-11-21T20:59:41-06:00","message":"q4MaxBid request failed: Post \"http://ip-172-31-0-177.us-east-2.compute.internal:8080/function/q4MaxBid\": context deadline exceeded (Client.Timeout exceeded while awaiting headers)"}
q4MaxBid-2 call done
{"level":"error","time":"2022-11-21T20:59:41-06:00","message":"q4MaxBid request failed: Post \"http://ip-172-31-0-177.us-east-2.compute.internal:8080/function/q4MaxBid\": context deadline exceeded (Client.Timeout exceeded while awaiting headers)"}
q4MaxBid-1 call done
{"level":"error","time":"2022-11-21T20:59:41-06:00","message":"q4Avg request failed: Post \"http://ip-172-31-0-177.us-east-2.compute.internal:8080/function/q4Avg\": context deadline exceeded (Client.Timeout exceeded while awaiting headers)"}
q4Avg-1 call done
{"level":"error","time":"2022-11-21T20:59:41-06:00","message":"q4MaxBid request failed: Post \"http://ip-172-31-0-177.us-east-2.compute.internal:8080/function/q4MaxBid\": context deadline exceeded (Client.Timeout exceeded while awaiting headers)"}
q4MaxBid-3 call done
sink processed: 360001, throughput: (event/s) 1999.9727756573227
sink_ctrl processed: 1, throughput: (event/s) 0.005555464500535618
source-0 duration: 180.002950231

sink processed: 360001, throughput: (event/s) 1999.978271507535
sink_ctrl processed: 1, throughput: (event/s) 0.005555479766743801
source-1 duration: 180.002455591

sink processed: 360001, throughput: (event/s) 1999.9816210866134
sink_ctrl processed: 1, throughput: (event/s) 0.005555489071104284
source-2 duration: 180.002154122

sink processed: 360001, throughput: (event/s) 1999.9837295997822
sink_ctrl processed: 1, throughput: (event/s) 0.005555494928069039
source-3 duration: 180.001964352

sink processed 1440004 events, duration: 180.002950231, tp: 7999.891103
sink_ctrl processed 4 events, duration: 180.002950231, tp: 0.022222

q4Avg-0 failed, msg 
q4Avg-1 failed, msg 
q4Avg-2 failed, msg 
q4Avg-3 failed, msg 
nexmark_src_src_ctrl processed: 1, throughput: (event/s) 0.005554312603489108
nexmark_src_src_data processed: 360000, throughput: (event/s) 1999.552537256079
nexmark_src_src_epoch processed: 0, throughput: (event/s) 0
nexmark_src_src_logEntry processed: 1760, throughput: (event/s) 9.775590182140832
aucsByIDSink processed: 21600, throughput: (event/s) 119.97315223536474
bidsByAucIDSink processed: 331200, throughput: (event/s) 1839.5883342755926
nexmark_src_src processed: 360001, throughput: (event/s) 1999.5580915686826
q46GroupBy-0 duration: 180.040280659

nexmark_src_src_epoch processed: 0, throughput: (event/s) 0
nexmark_src_src_logEntry processed: 1765, throughput: (event/s) 9.803236451399483
aucsByIDSink processed: 21600, throughput: (event/s) 119.97161889531378
bidsByAucIDSink processed: 331200, throughput: (event/s) 1839.5648230614781
nexmark_src_src processed: 360001, throughput: (event/s) 1999.5325358301786
nexmark_src_src_ctrl processed: 1, throughput: (event/s) 0.005554241615523786
nexmark_src_src_data processed: 360000, throughput: (event/s) 1999.526981588563
q46GroupBy-1 duration: 180.042581728

nexmark_src_src_logEntry processed: 1761, throughput: (event/s) 9.781594763113839
aucsByIDSink processed: 21600, throughput: (event/s) 119.97867511826173
bidsByAucIDSink processed: 331200, throughput: (event/s) 1839.6730184800133
nexmark_src_src processed: 360001, throughput: (event/s) 1999.6501398726548
nexmark_src_src_ctrl processed: 1, throughput: (event/s) 0.005554568292512117
nexmark_src_src_data processed: 360000, throughput: (event/s) 1999.6445853043622
nexmark_src_src_epoch processed: 0, throughput: (event/s) 0
q46GroupBy-2 duration: 180.031993008

nexmark_src_src_logEntry processed: 1758, throughput: (event/s) 9.76477439806973
aucsByIDSink processed: 21600, throughput: (event/s) 119.9767502834506
bidsByAucIDSink processed: 331200, throughput: (event/s) 1839.6435043462425
nexmark_src_src processed: 360001, throughput: (event/s) 1999.6180592033563
nexmark_src_src_ctrl processed: 1, throughput: (event/s) 0.005554479179789379
nexmark_src_src_data processed: 360000, throughput: (event/s) 1999.6125047241765
nexmark_src_src_epoch processed: 0, throughput: (event/s) 0
q46GroupBy-3 duration: 180.034881333

bidsByAucIDSink processed 1324800 events, duration: 180.042581728
nexmark_src_src processed 1440004 events, duration: 180.042581728
nexmark_src_src_ctrl processed 4 events, duration: 180.042581728
nexmark_src_src_data processed 1440000 events, duration: 180.042581728
nexmark_src_src_epoch processed 0 events, duration: 180.042581728
nexmark_src_src_logEntry processed 7044 events, duration: 180.042581728
aucsByIDSink processed 86400 events, duration: 180.042581728

q4JoinStream-0 failed, msg 
aucsByIDSrc_data processed: 21744, throughput: (event/s) 72.48336259307005
aucsByIDSrc_logEntry processed: 5824, throughput: (event/s) 19.414233983721488
bidsByAucIDSrc_logEntry processed: 5961, throughput: (event/s) 19.870921836703946
sink processed: 857399, throughput: (event/s) 2858.129258827064
aucsByIDSrc_ctrl processed: 4, throughput: (event/s) 0.013333951911896626
bidsByAucIDSrc processed: 301642, throughput: (event/s) 1005.5199806520804
bidsByAucIDSrc_ctrl processed: 4, throughput: (event/s) 0.013333951911896626
bidsByAucIDSrc_epoch processed: 5961, throughput: (event/s) 19.870921836703946
aucsByIDSrc processed: 27572, throughput: (event/s) 91.91093052870345
aucsByIDSrc_epoch processed: 5824, throughput: (event/s) 19.414233983721488
bidsByAucIDSrc_data processed: 295677, throughput: (event/s) 985.6357248634647
q4JoinStream-1 duration: 299.986082628

q4JoinStream-2 failed, msg 
q4JoinStream-3 failed, msg 
bidsByAucIDSrc_ctrl processed 4 events, duration: 299.986082628
aucsByIDSrc processed 27572 events, duration: 299.986082628
bidsByAucIDSrc_data processed 295677 events, duration: 299.986082628
aucsByIDSrc_logEntry processed 5824 events, duration: 299.986082628
bidsByAucIDSrc_logEntry processed 5961 events, duration: 299.986082628
sink processed 857399 events, duration: 299.986082628
bidsByAucIDSrc_epoch processed 5961 events, duration: 299.986082628
aucsByIDSrc_epoch processed 5824 events, duration: 299.986082628
aucsByIDSrc_data processed 21744 events, duration: 299.986082628
aucsByIDSrc_ctrl processed 4 events, duration: 299.986082628
bidsByAucIDSrc processed 301642 events, duration: 299.986082628

q4MaxBid-0 failed, msg 
q4MaxBid-1 failed, msg 
q4MaxBid-2 failed, msg 
q4MaxBid-3 failed, msg 
