parallel restore str: , false
env str: , async2ndPhase: false
env str: , create snapshot: false
2024/03/03 08:23:57 [INFO] Load configuration for function scale[40]
2024/03/03 08:23:57 [INFO] Load configuration for function chkptmngr[60]
2024/03/03 08:23:57 [INFO] Load configuration for function redisSetup[70]
2024/03/03 08:23:57 [INFO] Load configuration for function source[20]
2024/03/03 08:23:57 [INFO] Load configuration for function query1[30]
2024/03/03 08:23:57 [INFO] Parse FAAS_ENGINE_ID: 5
2024/03/03 08:23:57 [INFO] Parse FAAS_ENGINE_ID: 5
2024/03/03 08:23:57 [INFO] Current GOMAXPROCS is 2
2024/03/03 08:23:57 [INFO] Parse FAAS_ENGINE_ID: 5
2024/03/03 08:23:57 [INFO] Current GOMAXPROCS is 3
2024/03/03 08:23:57 [INFO] Parse FAAS_ENGINE_ID: 5
2024/03/03 08:23:57 [INFO] Start new FuncWorker with client id 1
2024/03/03 08:23:57 [INFO] Start new FuncWorker with client id 3
2024/03/03 08:23:57 [INFO] Start new FuncWorker with client id 2
2024/03/03 08:23:57 [INFO] Current GOMAXPROCS is 4
2024/03/03 08:23:57 [INFO] Start new FuncWorker with client id 4
Enter nexmark: funcName: query1
2024/03/03 08:23:57 [INFO] Handshake with engine done
Enter nexmark: funcName: query1
Enter nexmark: funcName: query1
2024/03/03 08:23:57 [INFO] Handshake with engine done
2024/03/03 08:23:57 [INFO] Handshake with engine done
Enter nexmark: funcName: query1
2024/03/03 08:23:57 [INFO] Handshake with engine done
new buffered sink stream nexmark_src[0] with bufMaxSize 131072
new buffered sink stream nexmark_src[1] with bufMaxSize 131072
new buffered sink stream nexmark_src[2] with bufMaxSize 131072
new buffered sink stream nexmark_src[3] with bufMaxSize 131072
new buffered sink stream q1_out[0] with bufMaxSize 131072
new buffered sink stream q1_out[1] with bufMaxSize 131072
new buffered sink stream q1_out[2] with bufMaxSize 131072
new buffered sink stream q1_out[3] with bufMaxSize 131072
nexmark_src notEnded: map[0:{}], notScaleFence: map[0:{}]
redis address is [snapcache-1:6666 snapcache-2:6666 snapcache-3:6666 snapcache-4:6666]
new buffered sink stream __control_log_q1[0] with bufMaxSize 131072
new buffered sink stream __control_log_q1[0] with bufMaxSize 131072
[0] finished prev task source, funcName query1, meta epoch 0, current epoch 1, cmm instance 0, remain instances: map[]
[1] finished prev task source, funcName query1, meta epoch 0, current epoch 1, cmm instance 0, remain instances: map[]
[2] finished prev task source, funcName query1, meta epoch 0, current epoch 1, cmm instance 0, remain instances: map[]
[3] finished prev task source, funcName query1, meta epoch 0, current epoch 1, cmm instance 0, remain instances: map[]
[0] finished prev task query1, funcName query1, meta epoch 0, current epoch 1, cmm instance 0, remain instances: map[]
[0] prodId: ProducerId: {TaskId: 0x1400300000001, TaskEpoch: 0x1}, warmup time: 0s, flush every: 100ms, waitEndMark: true
q1_out_sink counter: dur=10.003563829s, value=295937, rate=29583.1570686927 per second
q1_out_sink stats (295937 samples): dur=10.004137248s, p50=0, p90=0, p99=0
q1_out_bufEntry_0 stats (655 samples): dur=10.000145338s, p50=514, p90=517, p99=519
q1_out_bufSize_0 stats (655 samples): dur=10.00017586s, p50=130892, p90=131042, p99=131070
nexmark_src_src counter: dur=10.012956662s, value=322326, rate=32190.89135012976 per second
q1_out_sink counter: dur=10.001377542s, value=590214, rate=29423.64676907824 per second
q1_out_sink stats (294277 samples): dur=10.001371425s, p50=0, p90=0, p99=0
q1_out_bufEntry_0 stats (658 samples): dur=10.001638151s, p50=515, p90=517, p99=519
q1_out_bufSize_0 stats (658 samples): dur=10.001639575s, p50=130900, p90=131039, p99=131065
nexmark_src_src counter: dur=10.003741758s, value=642543, rate=32009.72273638733 per second
WaitAlignTime_0(ms) stats (200 samples): dur=22.591231884s, p50=0, p90=0, p99=0
createChkpt_0(ms) stats (200 samples): dur=22.58984327s, p50=1, p90=2, p99=23
q1_out_sink counter: dur=10.007008158s, value=884878, rate=29445.763943385406 per second
q1_out_sink stats (294664 samples): dur=10.007083777s, p50=0, p90=0, p99=0
q1_out_bufEntry_0 stats (656 samples): dur=10.007011137s, p50=514, p90=517, p99=519
q1_out_bufSize_0 stats (656 samples): dur=10.007017869s, p50=130891, p90=131029, p99=131064
nexmark_src_src counter: dur=10.007068676s, value=962855, rate=32008.574175992795 per second
q1_out_sink counter: dur=10.004243254s, value=1179395, rate=29439.208196206462 per second
q1_out_sink stats (294517 samples): dur=10.004179303s, p50=0, p90=0, p99=0
q1_out_bufEntry_0 stats (655 samples): dur=10.004002908s, p50=511, p90=516, p99=518
q1_out_bufSize_0 stats (655 samples): dur=10.003996196s, p50=130893, p90=131032, p99=131067
nexmark_src_src counter: dur=10.005939822s, value=1283135, rate=32008.987231344552 per second
WaitAlignTime_0(ms) stats (200 samples): dur=22.714677543s, p50=0, p90=0, p99=0
createChkpt_0(ms) stats (200 samples): dur=22.713094417s, p50=1, p90=2, p99=26
q1_out_sink counter: dur=10.012215568s, value=1474118, rate=29436.341836462543 per second
q1_out_sink stats (294723 samples): dur=10.012214014s, p50=0, p90=0, p99=0
q1_out_bufEntry_0 stats (666 samples): dur=10.012283098s, p50=510, p90=513, p99=515
q1_out_bufSize_0 stats (666 samples): dur=10.012282071s, p50=130909, p90=131039, p99=131067
nexmark_src_src counter: dur=10.010678841s, value=1603576, rate=32009.91711846687 per second
q1_out_sink counter: dur=10.000026368s, value=1768815, rate=29469.62229449993 per second
q1_out_sink stats (294756 samples): dur=10.011775319s, p50=0, p90=0, p99=0
q1_out_bufEntry_0 stats (665 samples): dur=10.019097038s, p50=510, p90=513, p99=515
q1_out_bufSize_0 stats (665 samples): dur=10.019102121s, p50=130894, p90=131042, p99=131066
nexmark_src_src counter: dur=10.011843945s, value=1924016, rate=32006.092160478634 per second
WaitAlignTime_0(ms) stats (200 samples): dur=22.704219961s, p50=0, p90=0, p99=0
createChkpt_0(ms) stats (200 samples): dur=22.706016511s, p50=1, p90=2, p99=27
q1_out_sink counter: dur=10.005175976s, value=2063098, rate=29413.07586252494 per second
q1_out_sink stats (294604 samples): dur=10.007201861s, p50=0, p90=0, p99=0
q1_out_bufEntry_0 stats (661 samples): dur=10.001841739s, p50=510, p90=513, p99=515
q1_out_bufSize_0 stats (661 samples): dur=10.001843046s, p50=130901, p90=131043, p99=131068
nexmark_src_src counter: dur=10.008522796s, value=2244392, rate=32010.318258758554 per second
q1_out_sink counter: dur=10.002144872s, value=2357526, rate=29436.486250486294 per second
q1_out_sink stats (294460 samples): dur=10.002881688s, p50=0, p90=0, p99=0
q1_out_bufEntry_0 stats (661 samples): dur=10.010487679s, p50=510, p90=513, p99=515
q1_out_bufSize_0 stats (661 samples): dur=10.010489713s, p50=130884, p90=131029, p99=131067
nexmark_src_src counter: dur=10.013597729s, value=2564929, rate=32010.173433640633 per second
q1_out_sink counter: dur=10.004643888s, value=2652074, rate=29441.12786995782 per second
q1_out_sink stats (294548 samples): dur=10.003603336s, p50=0, p90=0, p99=0
q1_out_bufEntry_0 stats (653 samples): dur=10.006020979s, p50=510, p90=513, p99=516
q1_out_bufSize_0 stats (653 samples): dur=10.006018235s, p50=130898, p90=131037, p99=131067
nexmark_src_src counter: dur=10.006056581s, value=2885177, rate=32005.415660761195 per second
WaitAlignTime_0(ms) stats (200 samples): dur=22.597419276s, p50=0, p90=0, p99=0
createChkpt_0(ms) stats (200 samples): dur=22.595492626s, p50=1, p90=2, p99=42
q1_out_sink counter: dur=10.005231259s, value=2946650, rate=29442.198023660894 per second
q1_out_sink stats (294548 samples): dur=10.005441547s, p50=0, p90=0, p99=0
q1_out_bufEntry_0 stats (658 samples): dur=10.005395113s, p50=510, p90=513, p99=515
q1_out_bufSize_0 stats (658 samples): dur=10.005394576s, p50=130888, p90=131035, p99=131070
nexmark_src_src counter: dur=10.004007298s, value=3205394, rate=32008.873090688146 per second
q1_out_sink counter: dur=10.001231966s, value=3241050, rate=29436.37353886368 per second
q1_out_sink stats (294525 samples): dur=10.001901126s, p50=0, p90=0, p99=0
nexmark_src_src counter: dur=10.011399328s, value=3525866, rate=32010.709941786074 per second
q1_out_bufEntry_0 stats (663 samples): dur=10.023825947s, p50=506, p90=510, p99=511
q1_out_bufSize_0 stats (663 samples): dur=10.023828139s, p50=130901, p90=131038, p99=131068
WaitAlignTime_0(ms) stats (200 samples): dur=22.623192107s, p50=0, p90=0, p99=0
createChkpt_0(ms) stats (200 samples): dur=22.62429863s, p50=1, p90=2, p99=26
q1_out_sink counter: dur=10.007818732s, value=3535745, rate=29446.47658912054 per second
q1_out_sink stats (294539 samples): dur=10.006485211s, p50=0, p90=0, p99=0
nexmark_src_src counter: dur=10.008580563s, value=3846242, rate=32010.133503283665 per second
q1_out_bufEntry_0 stats (662 samples): dur=10.00859692s, p50=506, p90=509, p99=511
q1_out_bufSize_0 stats (662 samples): dur=10.008592445s, p50=130893, p90=131036, p99=131067
q1_out_sink counter: dur=10.008806367s, value=3830378, rate=29437.37636602037 per second
q1_out_sink stats (294664 samples): dur=10.008137114s, p50=0, p90=0, p99=0
nexmark_src_src counter: dur=10.009035278s, value=4166585, rate=32005.382247389854 per second
q1_out_bufEntry_0 stats (666 samples): dur=10.009222266s, p50=506, p90=509, p99=511
q1_out_bufSize_0 stats (666 samples): dur=10.009221887s, p50=130896, p90=131039, p99=131070
WaitAlignTime_0(ms) stats (200 samples): dur=22.986094605s, p50=0, p90=0, p99=0
createChkpt_0(ms) stats (200 samples): dur=22.986738021s, p50=1, p90=6, p99=31
q1_out_sink counter: dur=10.000372878s, value=4124892, rate=29450.30186303419 per second
q1_out_sink stats (294676 samples): dur=10.000620194s, p50=0, p90=0, p99=0
nexmark_src_src counter: dur=10.01232192s, value=4487089, rate=32010.9563556662 per second
q1_out_bufEntry_0 stats (668 samples): dur=10.012171111s, p50=507, p90=509, p99=512
q1_out_bufSize_0 stats (668 samples): dur=10.012170443s, p50=130898, p90=131035, p99=131068
q1_out_sink counter: dur=10.001138961s, value=4419178, rate=29425.248578945328 per second
q1_out_sink stats (294152 samples): dur=10.002435458s, p50=0, p90=0, p99=0
nexmark_src_src counter: dur=10.006188244s, value=4807367, rate=32007.99267313884 per second
q1_out_bufEntry_0 stats (664 samples): dur=10.006262938s, p50=507, p90=509, p99=511
q1_out_bufSize_0 stats (664 samples): dur=10.00626425s, p50=130908, p90=131040, p99=131066
WaitAlignTime_0(ms) stats (200 samples): dur=22.876997144s, p50=0, p90=0, p99=0
createChkpt_0(ms) stats (200 samples): dur=22.876993601s, p50=1, p90=2, p99=27
q1_out_sink counter: dur=10.001772616s, value=4713698, rate=29446.780216623953 per second
q1_out_sink stats (294751 samples): dur=10.000912087s, p50=0, p90=0, p99=0
nexmark_src_src counter: dur=10.012008386s, value=5127807, rate=32005.566480355523 per second
q1_out_bufEntry_0 stats (667 samples): dur=10.012137523s, p50=506, p90=509, p99=511
q1_out_bufSize_0 stats (667 samples): dur=10.012150353s, p50=130898, p90=131039, p99=131068
q1_out_sink counter: dur=10.007259123s, value=5008302, rate=29439.02984613462 per second
q1_out_sink stats (294317 samples): dur=10.007178078s, p50=0, p90=0, p99=0
q1_out_bufEntry_0 stats (671 samples): dur=10.002113219s, p50=507, p90=509, p99=511
q1_out_bufSize_0 stats (671 samples): dur=10.002110225s, p50=130899, p90=131046, p99=131069
nexmark_src_src counter: dur=10.005521067s, value=5448113, rate=32012.9254493728 per second
0 producer ended, map[] remain
exit due to ctrlMsg
createChkpt_0(ms) (182 samples): dur=20.806938826s, data=[1 1 1 1 1 23 1 11 2 1 1 1 1 1 1 1 14 1 13 1 1 1 1 1 1 1 1 11 1 15 1 1 1 1 1 1 1 1 15 2 15 2 1 1 1 1 1 1 1 1 1 2 1 1 1 1 2 1 1 1 5 12 1 1 1 1 1 1 1 2 1 1 13 1 1 1 1 1 1 1 1 1 1 1 38 1 2 1 1 1 1 1 1 1 1 20 1 1 1 1 1 1 1 1 1 1 2 1 1 1 2 1 1 1 1 1 2 18 1 1 1 2 1 1 1 2 2 1 1 1 6 1 1 2 1 2 2 2 1 1 1 1 1 1 1 1 1 1 1 1 15 1 2 1 1 1 1 1 1 2 1 1 1 1 14 1 1 1 1 1 1 1 1 12 1 1 1 1 1 1 1 1]
[0]duration: 180.010914 s, uts: 1709454559652
WaitAlignTime_0(ms) (182 samples): dur=20.81182369s, data=[0 0 0 0 0 0 0 0 0 0 0 0 0 0 0 0 0 0 0 0 0 0 0 0 0 0 0 0 0 0 0 0 0 0 0 0 0 0 0 0 0 0 0 0 0 0 0 0 0 0 0 0 0 0 0 0 0 0 0 0 0 0 0 0 0 0 0 0 0 0 0 0 0 0 0 0 0 0 0 0 0 0 0 0 0 0 0 0 0 0 0 0 0 0 0 0 0 0 0 0 0 0 0 0 0 0 0 0 0 0 0 0 0 0 0 0 0 0 0 0 0 0 0 0 0 0 0 0 0 0 0 0 0 0 0 0 0 0 0 0 0 0 0 0 0 0 0 0 0 0 0 0 0 0 0 0 0 0 0 0 0 0 0 0 0 0 0 0 0 0 0 0 0 0 0 0 0 0 0 0 0 0]
nexmark_src_src msgCnt 5761577, ctrlCnt 1583, epochCnt 0, logEntry 14254
sink msgCnt 5299196, ctrlCnt 1583
