parallel restore str: , false
env str: , async2ndPhase: false
env str: , create snapshot: false
2024/03/03 21:27:21 [INFO] Load configuration for function scale[40]
2024/03/03 21:27:21 [INFO] Load configuration for function chkptmngr[50]
2024/03/03 21:27:21 [INFO] Load configuration for function redisSetup[70]
2024/03/03 21:27:21 [INFO] Load configuration for function source[20]
2024/03/03 21:27:21 [INFO] Load configuration for function query2[30]
2024/03/03 21:27:21 [INFO] Parse FAAS_ENGINE_ID: 5
2024/03/03 21:27:21 [INFO] Parse FAAS_ENGINE_ID: 5
2024/03/03 21:27:21 [INFO] Current GOMAXPROCS is 2
2024/03/03 21:27:21 [INFO] Parse FAAS_ENGINE_ID: 5
2024/03/03 21:27:21 [INFO] Current GOMAXPROCS is 3
2024/03/03 21:27:21 [INFO] Parse FAAS_ENGINE_ID: 5
2024/03/03 21:27:21 [INFO] Current GOMAXPROCS is 4
2024/03/03 21:27:21 [INFO] Start new FuncWorker with client id 7
2024/03/03 21:27:21 [INFO] Start new FuncWorker with client id 10
2024/03/03 21:27:21 [INFO] Start new FuncWorker with client id 8
2024/03/03 21:27:21 [INFO] Start new FuncWorker with client id 9
Enter nexmark: funcName: query2
2024/03/03 21:27:21 [INFO] Handshake with engine done
Enter nexmark: funcName: query2
2024/03/03 21:27:21 [INFO] Handshake with engine done
Enter nexmark: funcName: query2
2024/03/03 21:27:21 [INFO] Handshake with engine done
Enter nexmark: funcName: query2
2024/03/03 21:27:21 [INFO] Handshake with engine done
new buffered sink stream nexmark_src[0] with bufMaxSize 131072
new buffered sink stream nexmark_src[1] with bufMaxSize 131072
new buffered sink stream nexmark_src[2] with bufMaxSize 131072
new buffered sink stream nexmark_src[3] with bufMaxSize 131072
new buffered sink stream q2_out[0] with bufMaxSize 131072
new buffered sink stream q2_out[1] with bufMaxSize 131072
new buffered sink stream q2_out[2] with bufMaxSize 131072
new buffered sink stream q2_out[3] with bufMaxSize 131072
nexmark_src notEnded: map[0:{}], notScaleFence: map[0:{}]
redis address is [snapcache-1:6666 snapcache-2:6666 snapcache-3:6666 snapcache-4:6666]
new buffered sink stream __control_log_q2[0] with bufMaxSize 131072
new buffered sink stream __control_log_q2[0] with bufMaxSize 131072
[0] finished prev task source, funcName query2, meta epoch 0, current epoch 1, cmm instance 0, remain instances: map[]
[1] finished prev task source, funcName query2, meta epoch 0, current epoch 1, cmm instance 0, remain instances: map[]
[2] finished prev task source, funcName query2, meta epoch 0, current epoch 1, cmm instance 0, remain instances: map[]
[3] finished prev task source, funcName query2, meta epoch 0, current epoch 1, cmm instance 0, remain instances: map[]
[0] finished prev task query2, funcName query2, meta epoch 0, current epoch 1, cmm instance 0, remain instances: map[]
[0] prodId: ProducerId: {TaskId: 0x1400800000001, TaskEpoch: 0x1}, warmup time: 0s, flush every: 100ms, waitEndMark: true
nexmark_src_src counter: dur=10.000128792s, value=642882, rate=64287.37203007815 per second
q2_out_sink counter: dur=10.000692773s, value=4624, rate=462.367968395543 per second
q2_out_sink stats (4624 samples): dur=10.000711467s, p50=0, p90=0, p99=1
q2_out_bufEntry_0 stats (200 samples): dur=12.175119829s, p50=14, p90=27, p99=393
q2_out_bufSize_0 stats (200 samples): dur=12.175156912s, p50=3497, p90=6820, p99=98930
nexmark_src_src counter: dur=10.003007944s, value=1285759, rate=64268.36843467771 per second
q2_out_sink counter: dur=10.002311751s, value=9473, rate=484.78792910201105 per second
q2_out_sink stats (4849 samples): dur=10.002310603s, p50=0, p90=0, p99=1
q2_out_bufEntry_0 stats (200 samples): dur=12.132419646s, p50=15, p90=28, p99=512
q2_out_bufSize_0 stats (200 samples): dur=12.132403452s, p50=3931, p90=7192, p99=130906
WaitAlignTime_0(ms) stats (200 samples): dur=25.799756582s, p50=0, p90=0, p99=0
createChkpt_0(ms) stats (200 samples): dur=25.797612879s, p50=1, p90=45, p99=102
nexmark_src_src counter: dur=10.000927862s, value=1926097, rate=64027.85909826014 per second
q2_out_sink counter: dur=10.000855397s, value=14318, rate=484.45855956015276 per second
q2_out_sink stats (4845 samples): dur=10.000852164s, p50=0, p90=0, p99=1
q2_out_bufEntry_0 stats (200 samples): dur=11.771849209s, p50=15, p90=27, p99=511
q2_out_bufSize_0 stats (200 samples): dur=11.771857587s, p50=3846, p90=7031, p99=130900
nexmark_src_src counter: dur=10.002670548s, value=2566521, rate=64025.30173585 per second
q2_out_sink counter: dur=10.009529731s, value=19087, rate=476.44595981669096 per second
q2_out_sink stats (4769 samples): dur=10.0095367s, p50=0, p90=0, p99=1
q2_out_bufEntry_0 stats (200 samples): dur=11.477208702s, p50=14, p90=28, p99=508
q2_out_bufSize_0 stats (200 samples): dur=11.477200286s, p50=3536, p90=7155, p99=130810
nexmark_src_src counter: dur=10.004837991s, value=3206976, rate=64014.529828082246 per second
q2_out_sink counter: dur=10.002948172s, value=23878, rate=478.95879470922847 per second
q2_out_sink stats (4791 samples): dur=10.002946663s, p50=0, p90=0, p99=1
WaitAlignTime_0(ms) stats (200 samples): dur=24.614271728s, p50=0, p90=0, p99=0
createChkpt_0(ms) stats (200 samples): dur=24.614177827s, p50=1, p90=18, p99=50
q2_out_bufEntry_0 stats (200 samples): dur=12.02223253s, p50=15, p90=28, p99=442
q2_out_bufSize_0 stats (200 samples): dur=12.02223237s, p50=3774, p90=7262, p99=114105
nexmark_src_src counter: dur=10.001942745s, value=3847120, rate=64001.96605004661 per second
q2_out_sink counter: dur=10.004972493s, value=28706, rate=482.5600473542451 per second
q2_out_sink stats (4828 samples): dur=10.004971541s, p50=0, p90=0, p99=1
nexmark_src_src counter: dur=10.003033524s, value=4487456, rate=64014.18114451578 per second
q2_out_sink counter: dur=10.000473798s, value=33420, rate=471.37766622045 per second
q2_out_sink stats (4714 samples): dur=10.00047248s, p50=0, p90=0, p99=1
q2_out_bufEntry_0 stats (200 samples): dur=11.600557071s, p50=14, p90=28, p99=508
q2_out_bufSize_0 stats (200 samples): dur=11.600559135s, p50=3769, p90=7064, p99=130900
WaitAlignTime_0(ms) stats (200 samples): dur=24.885840769s, p50=0, p90=0, p99=0
createChkpt_0(ms) stats (200 samples): dur=24.885758052s, p50=1, p90=16, p99=52
nexmark_src_src counter: dur=10.006603297s, value=5127984, rate=64010.53194464416 per second
q2_out_sink counter: dur=10.001189571s, value=38957, rate=553.6341412880914 per second
q2_out_sink stats (5537 samples): dur=10.001188565s, p50=0, p90=0, p99=1
q2_out_bufEntry_0 stats (200 samples): dur=12.012354739s, p50=15, p90=26, p99=505
q2_out_bufSize_0 stats (200 samples): dur=12.012351603s, p50=3940, p90=6697, p99=130883
nexmark_src_src counter: dur=10.002851456s, value=5768214, rate=64004.749327350204 per second
q2_out_sink counter: dur=10.002786251s, value=43682, rate=472.3683863111272 per second
q2_out_sink stats (4725 samples): dur=10.002783599s, p50=0, p90=0, p99=1
q2_out_bufEntry_0 stats (200 samples): dur=12.087839125s, p50=14, p90=28, p99=506
q2_out_bufSize_0 stats (200 samples): dur=12.087840634s, p50=3595, p90=7412, p99=130933
nexmark_src_src counter: dur=10.003796023s, value=6408525, rate=64006.802870414744 per second
q2_out_sink counter: dur=10.00389115s, value=48432, rate=474.8152422670053 per second
q2_out_sink stats (4750 samples): dur=10.003895287s, p50=0, p90=0, p99=1
WaitAlignTime_0(ms) stats (200 samples): dur=25.510293897s, p50=0, p90=0, p99=0
createChkpt_0(ms) stats (200 samples): dur=25.553656027s, p50=1, p90=31, p99=87
q2_out_bufEntry_0 stats (200 samples): dur=12.300680027s, p50=15, p90=28, p99=505
q2_out_bufSize_0 stats (200 samples): dur=12.300680479s, p50=4005, p90=7095, p99=130878
nexmark_src_src counter: dur=10.002020135s, value=7048674, rate=64001.97073788434 per second
q2_out_sink counter: dur=10.001859563s, value=53248, rate=481.51046009642914 per second
q2_out_sink stats (4816 samples): dur=10.001855969s, p50=0, p90=0, p99=1
q2_out_bufEntry_0 stats (200 samples): dur=12.299692301s, p50=15, p90=29, p99=506
q2_out_bufSize_0 stats (200 samples): dur=12.299690839s, p50=3904, p90=7409, p99=130881
nexmark_src_src counter: dur=10.004425949s, value=7689115, rate=64015.76694802922 per second
q2_out_sink counter: dur=10.004521346s, value=57954, rate=470.3873216164958 per second
q2_out_sink stats (4706 samples): dur=10.004520455s, p50=0, p90=0, p99=1
WaitAlignTime_0(ms) stats (200 samples): dur=26.393686056s, p50=0, p90=0, p99=0
createChkpt_0(ms) stats (200 samples): dur=26.350299337s, p50=1, p90=42, p99=99
nexmark_src_src counter: dur=10.002020764s, value=8329265, rate=64002.06669277017 per second
q2_out_sink counter: dur=10.001974745s, value=62698, rate=474.3063365933344 per second
q2_out_sink stats (4744 samples): dur=10.00199397s, p50=0, p90=0, p99=1
q2_out_bufEntry_0 stats (200 samples): dur=12.622012002s, p50=14, p90=31, p99=504
q2_out_bufSize_0 stats (200 samples): dur=12.622012135s, p50=3652, p90=7972, p99=130807
nexmark_src_src counter: dur=10.001541086s, value=8969084, rate=63972.04135826714 per second
q2_out_sink counter: dur=10.010736988s, value=67358, rate=465.50019300137467 per second
q2_out_sink stats (4660 samples): dur=10.010725505s, p50=0, p90=0, p99=1
q2_out_bufEntry_0 stats (200 samples): dur=12.337049748s, p50=15, p90=31, p99=506
q2_out_bufSize_0 stats (200 samples): dur=12.337050618s, p50=3903, p90=8068, p99=130866
nexmark_src_src counter: dur=10.006355096s, value=9609426, rate=63993.531496396135 per second
q2_out_sink counter: dur=10.004780221s, value=72150, rate=478.9710412570191 per second
q2_out_sink stats (4792 samples): dur=10.00478434s, p50=0, p90=0, p99=1
WaitAlignTime_0(ms) stats (200 samples): dur=26.269817111s, p50=0, p90=0, p99=0
createChkpt_0(ms) stats (200 samples): dur=26.269410927s, p50=1, p90=43, p99=109
q2_out_bufEntry_0 stats (200 samples): dur=12.111787763s, p50=14, p90=30, p99=416
q2_out_bufSize_0 stats (200 samples): dur=12.111787919s, p50=3675, p90=7764, p99=107054
nexmark_src_src counter: dur=10.007429444s, value=10249894, rate=63999.25211403769 per second
q2_out_sink counter: dur=10.004406038s, value=77710, rate=555.7551321768933 per second
q2_out_sink stats (5560 samples): dur=10.004400361s, p50=0, p90=0, p99=1
q2_out_bufEntry_0 stats (200 samples): dur=11.929540191s, p50=15, p90=27, p99=465
q2_out_bufSize_0 stats (200 samples): dur=11.929539867s, p50=3870, p90=6976, p99=119279
nexmark_src_src counter: dur=10.00985255s, value=10890549, rate=64002.441274721874 per second
q2_out_sink counter: dur=10.009629436s, value=82523, rate=480.83698110640023 per second
q2_out_sink stats (4813 samples): dur=10.009628521s, p50=0, p90=0, p99=1
WaitAlignTime_0(ms) stats (200 samples): dur=25.132100827s, p50=0, p90=0, p99=0
createChkpt_0(ms) stats (200 samples): dur=25.210153137s, p50=1, p90=26, p99=79
0 producer ended, map[] remain
exit due to ctrlMsg
createChkpt_0(ms) (9 samples): dur=1.259644782s, data=[8 1 1 1 1 1 1 1 120]
[0]duration: 180.102650 s, uts: 1709501551748
WaitAlignTime_0(ms) (9 samples): dur=1.341705817s, data=[0 0 0 0 0 0 0 0 0]
nexmark_src_src msgCnt 11521350, ctrlCnt 1410, epochCnt 0, logEntry 30216
sink msgCnt 87247, ctrlCnt 1410
