wait for last: true, sink max_buf_size: 131072
warmup: 0
config: map[NodeConstraint:"1,2,3,4" NumInstance:4 OutputTopicName:["nexmark_src"] funcName:"source"]
config: map[InputTopicNames:["nexmark_src"] NodeConstraint:"5,6,7,8" NumInstance:4 NumSrcProducer:[1] OutputTopicName:["q46_aucsByID","q46_bidsByAucID"] funcName:"q46GroupBy"]
config: map[InputTopicNames:["q46_aucsByID","q46_bidsByAucID"] NodeConstraint:"5,6,7,8" NumInstance:4 NumSrcProducer:[4,4] OutputTopicName:["q6_aucIDSeller"] funcName:"q6JoinStream"]
config: map[InputTopicNames:["q6_aucIDSeller"] NodeConstraint:"5,6,7,8" NumInstance:4 NumSrcProducer:[1] OutputTopicName:["q6_maxBids"] funcName:"q6MaxBid"]
config: map[Final:true InputTopicNames:["q6_maxBids"] NodeConstraint:"5,6,7,8" NumInstance:4 NumSrcProducer:[4] OutputTopicName:["q6_out"] funcName:"q6Avg"]
srcInvokeConfig: &{FinalTpNames:[q6_out] TopicName:nexmark_src AppId:q6 NodeConstraint:1,2,3,4 AdditionalBytes:0 ScaleEpoch:0 NumOutPartition:4 InstanceID:0 NumSrcInstance:4}
cliNodes: [0xc0000261e0 0xc000026240 0xc000026280 0xc0000262e0]
inParamsMap: map[q46GroupBy:[0xc00007eb40 0xc00007ebe0 0xc00007ec80 0xc00007ed20] q6Avg:[0xc00007f2c0 0xc00007f360 0xc00007f400 0xc00007f4a0] q6JoinStream:[0xc00007edc0 0xc00007ee60 0xc00007ef00 0xc00007efa0] q6MaxBid:[0xc00007f040 0xc00007f0e0 0xc00007f180 0xc00007f220]]
configScaleInput: &{Config:map[changelog:4 nexmark_src:4 q46GroupBy:4 q46_aucsByID:4 q46_bidsByAucID:4 q6Avg:4 q6JoinStream:4 q6MaxBid:4 q6_aucIDSeller:4 q6_maxBids:4 q6_out:4 source:4] AppId:q6 FuncNames:[source q46GroupBy q6JoinStream q6MaxBid q6Avg] BufMaxSize:131072 ScaleEpoch:0 SerdeFormat:1 Bootstrap:false}
encoded json is {"sg":{"changelog":4,"nexmark_src":4,"q46GroupBy":4,"q46_aucsByID":4,"q46_bidsByAucID":4,"q6Avg":4,"q6JoinStream":4,"q6MaxBid":4,"q6_aucIDSeller":4,"q6_maxBids":4,"q6_out":4,"source":4},"aid":"q6","fns":["source","q46GroupBy","q6JoinStream","q6MaxBid","q6Avg"],"bufMaxSize":131072,"epoch":1,"serdeFormat":1,"bs":true}, node constraint is 1
encoded json is {"outTpNames":["q6_out"]}, node constraint is 1
redis_setup url is http://ip-172-31-5-53.us-east-2.compute.internal:8080/function/redisSetup
encoded json is {"srcTpName":"nexmark_src","outTpNames":["q6_out"],"numOutParts":"BA==","chkptEveryMs":100,"bufMaxSize":131072,"srcNumPart":4,"gua":4,"serde_format":1}, node constraint is 1
chkptmngr url is http://ip-172-31-5-53.us-east-2.compute.internal:8080/function/chkptmngr
func source url is http://ip-172-31-5-53.us-east-2.compute.internal:8080/function/source
src instance: 4
func source url is http://ip-172-31-5-53.us-east-2.compute.internal:8080/function/source
func source url is http://ip-172-31-5-53.us-east-2.compute.internal:8080/function/source
func source url is http://ip-172-31-5-53.us-east-2.compute.internal:8080/function/source
encoded json is {"topic_name":"nexmark_src","rate_shape":"square","aid":"q6","events_num":900000,"rate_period":10000000000,"finOutTpNs":["q6_out"],"first_event_rate":5000,"next_event_rate":5000,"bid_avg_size":100,"person_avg_size":200,"auction_avg_size":500,"duration":180,"person_proportion":1,"auction_proportion":3,"bid_proportion":46,"bid_hot_ratio_auctions":2,"bid_hot_ratio_bidders":4,"auction_hot_ratio_sellers":4,"flushms":100,"bufMaxSize":131072,"commEveryMs":100,"rate_limited":false,"waitEnd":true,"serde_format":1,"numOutPar":4,"parNum":1,"nSrcIns":4,"gua":4}, node constraint is 1,2,3,4
encoded json is {"topic_name":"nexmark_src","rate_shape":"square","aid":"q6","events_num":900000,"rate_period":10000000000,"finOutTpNs":["q6_out"],"first_event_rate":5000,"next_event_rate":5000,"bid_avg_size":100,"person_avg_size":200,"auction_avg_size":500,"duration":180,"person_proportion":1,"auction_proportion":3,"bid_proportion":46,"bid_hot_ratio_auctions":2,"bid_hot_ratio_bidders":4,"auction_hot_ratio_sellers":4,"flushms":100,"bufMaxSize":131072,"commEveryMs":100,"rate_limited":false,"waitEnd":true,"serde_format":1,"numOutPar":4,"parNum":3,"nSrcIns":4,"gua":4}, node constraint is 1,2,3,4
encoded json is {"topic_name":"nexmark_src","rate_shape":"square","aid":"q6","events_num":900000,"rate_period":10000000000,"finOutTpNs":["q6_out"],"first_event_rate":5000,"next_event_rate":5000,"bid_avg_size":100,"person_avg_size":200,"auction_avg_size":500,"duration":180,"person_proportion":1,"auction_proportion":3,"bid_proportion":46,"bid_hot_ratio_auctions":2,"bid_hot_ratio_bidders":4,"auction_hot_ratio_sellers":4,"flushms":100,"bufMaxSize":131072,"commEveryMs":100,"rate_limited":false,"waitEnd":true,"serde_format":1,"numOutPar":4,"nSrcIns":4,"gua":4}, node constraint is 1,2,3,4
encoded json is {"topic_name":"nexmark_src","rate_shape":"square","aid":"q6","events_num":900000,"rate_period":10000000000,"finOutTpNs":["q6_out"],"first_event_rate":5000,"next_event_rate":5000,"bid_avg_size":100,"person_avg_size":200,"auction_avg_size":500,"duration":180,"person_proportion":1,"auction_proportion":3,"bid_proportion":46,"bid_hot_ratio_auctions":2,"bid_hot_ratio_bidders":4,"auction_hot_ratio_sellers":4,"flushms":100,"bufMaxSize":131072,"commEveryMs":100,"rate_limited":false,"waitEnd":true,"serde_format":1,"numOutPar":4,"parNum":2,"nSrcIns":4,"gua":4}, node constraint is 1,2,3,4
Waiting for all client to return
func name is q46GroupBy
encoded json is {"aid":"q6","numOutPartition":"BA==","numSubstreamProducer":"BAQ=","outputTopicName":["q6_aucIDSeller"],"inputTopicName":["q46_aucsByID","q46_bidsByAucID"],"commEveryMs":100,"flushMs":100,"snapEveryS":10,"duration":180,"bufMaxSize":131072,"epoch":1,"waitEnd":true,"numChangelogPartition":4,"numInPartition":4,"ParNum":2,"gua":4,"serdeFormat":1}, node constraint is 5,6,7,8
encoded json is {"aid":"q6","numOutPartition":"BAQ=","numSubstreamProducer":"AQ==","outputTopicName":["q46_aucsByID","q46_bidsByAucID"],"inputTopicName":["nexmark_src"],"commEveryMs":100,"flushMs":100,"snapEveryS":10,"duration":180,"bufMaxSize":131072,"epoch":1,"waitEnd":true,"numChangelogPartition":4,"numInPartition":4,"ParNum":3,"gua":4,"serdeFormat":1}, node constraint is 5,6,7,8
encoded json is {"aid":"q6","numOutPartition":"BA==","numSubstreamProducer":"BA==","outputTopicName":["q6_out"],"inputTopicName":["q6_maxBids"],"commEveryMs":100,"flushMs":100,"snapEveryS":10,"duration":180,"bufMaxSize":131072,"epoch":1,"waitEnd":true,"numChangelogPartition":4,"numInPartition":4,"ParNum":1,"gua":4,"serdeFormat":1}, node constraint is 5,6,7,8
encoded json is {"aid":"q6","numOutPartition":"BAQ=","numSubstreamProducer":"AQ==","outputTopicName":["q46_aucsByID","q46_bidsByAucID"],"inputTopicName":["nexmark_src"],"commEveryMs":100,"flushMs":100,"snapEveryS":10,"duration":180,"bufMaxSize":131072,"epoch":1,"waitEnd":true,"numChangelogPartition":4,"numInPartition":4,"ParNum":1,"gua":4,"serdeFormat":1}, node constraint is 5,6,7,8
encoded json is {"aid":"q6","numOutPartition":"BA==","numSubstreamProducer":"AQ==","outputTopicName":["q6_maxBids"],"inputTopicName":["q6_aucIDSeller"],"commEveryMs":100,"flushMs":100,"snapEveryS":10,"duration":180,"bufMaxSize":131072,"epoch":1,"waitEnd":true,"numChangelogPartition":4,"numInPartition":4,"ParNum":3,"gua":4,"serdeFormat":1}, node constraint is 5,6,7,8
encoded json is {"aid":"q6","numOutPartition":"BAQ=","numSubstreamProducer":"AQ==","outputTopicName":["q46_aucsByID","q46_bidsByAucID"],"inputTopicName":["nexmark_src"],"commEveryMs":100,"flushMs":100,"snapEveryS":10,"duration":180,"bufMaxSize":131072,"epoch":1,"waitEnd":true,"numChangelogPartition":4,"numInPartition":4,"ParNum":2,"gua":4,"serdeFormat":1}, node constraint is 5,6,7,8
encoded json is {"aid":"q6","numOutPartition":"BA==","numSubstreamProducer":"BAQ=","outputTopicName":["q6_aucIDSeller"],"inputTopicName":["q46_aucsByID","q46_bidsByAucID"],"commEveryMs":100,"flushMs":100,"snapEveryS":10,"duration":180,"bufMaxSize":131072,"epoch":1,"waitEnd":true,"numChangelogPartition":4,"numInPartition":4,"gua":4,"serdeFormat":1}, node constraint is 5,6,7,8
encoded json is {"aid":"q6","numOutPartition":"BA==","numSubstreamProducer":"AQ==","outputTopicName":["q6_maxBids"],"inputTopicName":["q6_aucIDSeller"],"commEveryMs":100,"flushMs":100,"snapEveryS":10,"duration":180,"bufMaxSize":131072,"epoch":1,"waitEnd":true,"numChangelogPartition":4,"numInPartition":4,"ParNum":1,"gua":4,"serdeFormat":1}, node constraint is 5,6,7,8
encoded json is {"aid":"q6","numOutPartition":"BA==","numSubstreamProducer":"BAQ=","outputTopicName":["q6_aucIDSeller"],"inputTopicName":["q46_aucsByID","q46_bidsByAucID"],"commEveryMs":100,"flushMs":100,"snapEveryS":10,"duration":180,"bufMaxSize":131072,"epoch":1,"waitEnd":true,"numChangelogPartition":4,"numInPartition":4,"ParNum":3,"gua":4,"serdeFormat":1}, node constraint is 5,6,7,8
encoded json is {"aid":"q6","numOutPartition":"BA==","numSubstreamProducer":"AQ==","outputTopicName":["q6_maxBids"],"inputTopicName":["q6_aucIDSeller"],"commEveryMs":100,"flushMs":100,"snapEveryS":10,"duration":180,"bufMaxSize":131072,"epoch":1,"waitEnd":true,"numChangelogPartition":4,"numInPartition":4,"ParNum":2,"gua":4,"serdeFormat":1}, node constraint is 5,6,7,8
encoded json is {"aid":"q6","numOutPartition":"BAQ=","numSubstreamProducer":"AQ==","outputTopicName":["q46_aucsByID","q46_bidsByAucID"],"inputTopicName":["nexmark_src"],"commEveryMs":100,"flushMs":100,"snapEveryS":10,"duration":180,"bufMaxSize":131072,"epoch":1,"waitEnd":true,"numChangelogPartition":4,"numInPartition":4,"gua":4,"serdeFormat":1}, node constraint is 5,6,7,8
encoded json is {"aid":"q6","numOutPartition":"BA==","numSubstreamProducer":"BA==","outputTopicName":["q6_out"],"inputTopicName":["q6_maxBids"],"commEveryMs":100,"flushMs":100,"snapEveryS":10,"duration":180,"bufMaxSize":131072,"epoch":1,"waitEnd":true,"numChangelogPartition":4,"numInPartition":4,"ParNum":3,"gua":4,"serdeFormat":1}, node constraint is 5,6,7,8
encoded json is {"aid":"q6","numOutPartition":"BA==","numSubstreamProducer":"BAQ=","outputTopicName":["q6_aucIDSeller"],"inputTopicName":["q46_aucsByID","q46_bidsByAucID"],"commEveryMs":100,"flushMs":100,"snapEveryS":10,"duration":180,"bufMaxSize":131072,"epoch":1,"waitEnd":true,"numChangelogPartition":4,"numInPartition":4,"ParNum":1,"gua":4,"serdeFormat":1}, node constraint is 5,6,7,8
encoded json is {"aid":"q6","numOutPartition":"BA==","numSubstreamProducer":"BA==","outputTopicName":["q6_out"],"inputTopicName":["q6_maxBids"],"commEveryMs":100,"flushMs":100,"snapEveryS":10,"duration":180,"bufMaxSize":131072,"epoch":1,"waitEnd":true,"numChangelogPartition":4,"numInPartition":4,"ParNum":2,"gua":4,"serdeFormat":1}, node constraint is 5,6,7,8
encoded json is {"aid":"q6","numOutPartition":"BA==","numSubstreamProducer":"AQ==","outputTopicName":["q6_maxBids"],"inputTopicName":["q6_aucIDSeller"],"commEveryMs":100,"flushMs":100,"snapEveryS":10,"duration":180,"bufMaxSize":131072,"epoch":1,"waitEnd":true,"numChangelogPartition":4,"numInPartition":4,"gua":4,"serdeFormat":1}, node constraint is 5,6,7,8
encoded json is {"aid":"q6","numOutPartition":"BA==","numSubstreamProducer":"BA==","outputTopicName":["q6_out"],"inputTopicName":["q6_maxBids"],"commEveryMs":100,"flushMs":100,"snapEveryS":10,"duration":180,"bufMaxSize":131072,"epoch":1,"waitEnd":true,"numChangelogPartition":4,"numInPartition":4,"gua":4,"serdeFormat":1}, node constraint is 5,6,7,8
func name is q6JoinStream
func url is http://ip-172-31-5-53.us-east-2.compute.internal:8080/function/q6JoinStream
func name is q6MaxBid
func url is http://ip-172-31-5-53.us-east-2.compute.internal:8080/function/q6MaxBid
func name is q46GroupBy
func url is http://ip-172-31-5-53.us-east-2.compute.internal:8080/function/q46GroupBy
func name is q46GroupBy
func name is q6JoinStream
func url is http://ip-172-31-5-53.us-east-2.compute.internal:8080/function/q46GroupBy
func name is q6Avg
func name is q6JoinStream
func name is q6MaxBid
func name is q6JoinStream
func url is http://ip-172-31-5-53.us-east-2.compute.internal:8080/function/q6MaxBid
func url is http://ip-172-31-5-53.us-east-2.compute.internal:8080/function/q6JoinStream
func name is q6Avg
func url is http://ip-172-31-5-53.us-east-2.compute.internal:8080/function/q6JoinStream
func url is http://ip-172-31-5-53.us-east-2.compute.internal:8080/function/q6Avg
func url is http://ip-172-31-5-53.us-east-2.compute.internal:8080/function/q6Avg
func name is q6MaxBid
func url is http://ip-172-31-5-53.us-east-2.compute.internal:8080/function/q6JoinStream
func name is q6MaxBid
func url is http://ip-172-31-5-53.us-east-2.compute.internal:8080/function/q6MaxBid
func url is http://ip-172-31-5-53.us-east-2.compute.internal:8080/function/q46GroupBy
func url is http://ip-172-31-5-53.us-east-2.compute.internal:8080/function/q6MaxBid
func name is q6Avg
func name is q6Avg
func url is http://ip-172-31-5-53.us-east-2.compute.internal:8080/function/q6Avg
func url is http://ip-172-31-5-53.us-east-2.compute.internal:8080/function/q6Avg
func name is q46GroupBy
func url is http://ip-172-31-5-53.us-east-2.compute.internal:8080/function/q46GroupBy
source-0 invoke done
source-3 invoke done
source-1 invoke done
source-2 invoke done
q46GroupBy-3 call done
q46GroupBy-0 call done
q46GroupBy-1 call done
q46GroupBy-2 call done
q6MaxBid-0 call done
q6MaxBid-2 call done
q6MaxBid-3 call done
q6JoinStream-0 call done
q6JoinStream-2 call done
q6JoinStream-3 call done
q6MaxBid-1 call done
q6JoinStream-1 call done
q6Avg-1 call done
q6Avg-0 call done
q6Avg-3 call done
q6Avg-2 call done
sink processed: 225002, throughput: (event/s) 1249.9913903511099
sink_ctrl processed: 2, throughput: (event/s) 0.011110935817024825
source-0 duration: 180.002839809

sink processed: 225002, throughput: (event/s) 1249.9979675977593
sink_ctrl processed: 2, throughput: (event/s) 0.011110994280919807
source-1 duration: 180.001892669

sink processed: 225002, throughput: (event/s) 1249.9919757478385
sink_ctrl processed: 2, throughput: (event/s) 0.011110941020505048
source-2 duration: 180.00275551

sink processed: 225002, throughput: (event/s) 1249.9892295079865
sink_ctrl processed: 2, throughput: (event/s) 0.011110916609701127
source-3 duration: 180.003150978

sink processed 900008 events, duration: 180.003150978, tp: 4999.956918
sink_ctrl processed 8 events, duration: 180.003150978, tp: 0.044444

nexmark_src_src_epoch processed: 0, throughput: (event/s) 0
nexmark_src_src_logEntry processed: 1762, throughput: (event/s) 9.787581519810564
aucsByIDSink processed: 13500, throughput: (event/s) 74.98998326756109
bidsByAucIDSink processed: 207000, throughput: (event/s) 1149.8464101026032
nexmark_src_src processed: 225378, throughput: (event/s) 1251.932773990843
nexmark_src_src_ctrl processed: 378, throughput: (event/s) 2.09971953149171
nexmark_src_src_data processed: 225000, throughput: (event/s) 1249.8330544593514
q46GroupBy-0 duration: 180.024043369

bidsByAucIDSink processed: 207000, throughput: (event/s) 1149.8527878673965
nexmark_src_src processed: 225378, throughput: (event/s) 1251.9397179902323
nexmark_src_src_ctrl processed: 378, throughput: (event/s) 2.099731177844811
nexmark_src_src_data processed: 225000, throughput: (event/s) 1249.8399868123875
nexmark_src_src_epoch processed: 0, throughput: (event/s) 0
nexmark_src_src_logEntry processed: 1761, throughput: (event/s) 9.78208096345162
aucsByIDSink processed: 13500, throughput: (event/s) 74.99039920874324
q46GroupBy-1 duration: 180.023044849

nexmark_src_src_epoch processed: 0, throughput: (event/s) 0
nexmark_src_src_logEntry processed: 1762, throughput: (event/s) 9.787550927795168
aucsByIDSink processed: 13500, throughput: (event/s) 74.98974887924788
bidsByAucIDSink processed: 207000, throughput: (event/s) 1149.8428161484676
nexmark_src_src processed: 225378, throughput: (event/s) 1251.9288609560838
nexmark_src_src_ctrl processed: 378, throughput: (event/s) 2.099712968618941
nexmark_src_src_data processed: 225000, throughput: (event/s) 1249.8291479874647
q46GroupBy-2 duration: 180.024606053

bidsByAucIDSink processed: 207000, throughput: (event/s) 1149.8625652129788
nexmark_src_src processed: 225378, throughput: (event/s) 1251.9503633940615
nexmark_src_src_ctrl processed: 378, throughput: (event/s) 2.0997490321280483
nexmark_src_src_data processed: 225000, throughput: (event/s) 1249.8506143619334
nexmark_src_src_epoch processed: 0, throughput: (event/s) 0
nexmark_src_src_logEntry processed: 1761, throughput: (event/s) 9.782164141739399
aucsByIDSink processed: 13500, throughput: (event/s) 74.99103686171601
q46GroupBy-3 duration: 180.021514103

nexmark_src_src_data processed 900000 events, duration: 180.024606053
nexmark_src_src_epoch processed 0 events, duration: 180.024606053
nexmark_src_src_logEntry processed 7046 events, duration: 180.024606053
aucsByIDSink processed 54000 events, duration: 180.024606053
bidsByAucIDSink processed 828000 events, duration: 180.024606053
nexmark_src_src processed 901512 events, duration: 180.024606053
nexmark_src_src_ctrl processed 1512 events, duration: 180.024606053

aucsByIDSrc processed: 13805, throughput: (event/s) 75.32499210775494
aucsByIDSrc_ctrl processed: 381, throughput: (event/s) 2.0788715677692595
bidsByAucIDSrc_epoch processed: 0, throughput: (event/s) 0
sink processed: 537020, throughput: (event/s) 2930.172202948682
aucsByIDSrc_epoch processed: 0, throughput: (event/s) 0
aucsByIDSrc_logEntry processed: 1470, throughput: (event/s) 8.020843056747538
bidsByAucIDSrc_ctrl processed: 381, throughput: (event/s) 2.0788715677692595
bidsByAucIDSrc_data processed: 192046, throughput: (event/s) 1047.871309983767
aucsByIDSrc_data processed: 13424, throughput: (event/s) 73.24612053998567
bidsByAucIDSrc_logEntry processed: 1603, throughput: (event/s) 8.746538380929458
bidsByAucIDSrc processed: 192427, throughput: (event/s) 1049.9501815515364
q6JoinStream-0 duration: 183.272505097

sink processed: 550278, throughput: (event/s) 2991.03880264346
bidsByAucIDSrc processed: 189191, throughput: (event/s) 1028.3486203535647
aucsByIDSrc processed: 13825, throughput: (event/s) 75.14585617914187
aucsByIDSrc_logEntry processed: 1473, throughput: (event/s) 8.006498817495551
bidsByAucIDSrc_data processed: 188810, throughput: (event/s) 1026.277692960852
bidsByAucIDSrc_logEntry processed: 1633, throughput: (event/s) 8.876179612335529
aucsByIDSrc_ctrl processed: 381, throughput: (event/s) 2.0709273927126985
aucsByIDSrc_data processed: 13444, throughput: (event/s) 73.07492878642918
bidsByAucIDSrc_ctrl processed: 381, throughput: (event/s) 2.0709273927126985
bidsByAucIDSrc_epoch processed: 0, throughput: (event/s) 0
aucsByIDSrc_epoch processed: 0, throughput: (event/s) 0
q6JoinStream-1 duration: 183.975547062

aucsByIDSrc_data processed: 13620, throughput: (event/s) 74.31338393622497
aucsByIDSrc_ctrl processed: 381, throughput: (event/s) 2.078810519801888
aucsByIDSrc_epoch processed: 0, throughput: (event/s) 0
bidsByAucIDSrc_data processed: 205306, throughput: (event/s) 1120.189691806946
aucsByIDSrc processed: 14001, throughput: (event/s) 76.39219445602686
bidsByAucIDSrc processed: 205687, throughput: (event/s) 1122.268502326748
bidsByAucIDSrc_ctrl processed: 381, throughput: (event/s) 2.078810519801888
sink processed: 578875, throughput: (event/s) 3158.455222179312
aucsByIDSrc_logEntry processed: 1484, throughput: (event/s) 8.096994255606305
bidsByAucIDSrc_epoch processed: 0, throughput: (event/s) 0
bidsByAucIDSrc_logEntry processed: 1595, throughput: (event/s) 8.702631966099768
q6JoinStream-2 duration: 183.27788722

aucsByIDSrc_epoch processed: 0, throughput: (event/s) 0
aucsByIDSrc_logEntry processed: 1471, throughput: (event/s) 8.021839146476779
bidsByAucIDSrc_data processed: 241838, throughput: (event/s) 1318.8208942934407
aucsByIDSrc processed: 13893, throughput: (event/s) 75.76302601087824
aucsByIDSrc_ctrl processed: 381, throughput: (event/s) 2.0777163254980646
bidsByAucIDSrc_epoch processed: 0, throughput: (event/s) 0
sink processed: 697170, throughput: (event/s) 3801.8936762401195
aucsByIDSrc_data processed: 13512, throughput: (event/s) 73.68530968538018
bidsByAucIDSrc_ctrl processed: 381, throughput: (event/s) 2.0777163254980646
bidsByAucIDSrc_logEntry processed: 1696, throughput: (event/s) 9.24883697649532
bidsByAucIDSrc processed: 242219, throughput: (event/s) 1320.8986106189388
q6JoinStream-3 duration: 183.374407432

bidsByAucIDSrc_data processed 828000 events, duration: 183.975547062
bidsByAucIDSrc_logEntry processed 6527 events, duration: 183.975547062
bidsByAucIDSrc processed 829524 events, duration: 183.975547062
aucsByIDSrc processed 55524 events, duration: 183.975547062
aucsByIDSrc_ctrl processed 1524 events, duration: 183.975547062
bidsByAucIDSrc_epoch processed 0 events, duration: 183.975547062
sink processed 2363343 events, duration: 183.975547062
aucsByIDSrc_logEntry processed 5898 events, duration: 183.975547062
aucsByIDSrc_epoch processed 0 events, duration: 183.975547062
bidsByAucIDSrc_ctrl processed 1524 events, duration: 183.975547062
aucsByIDSrc_data processed 54000 events, duration: 183.975547062

q6_aucIDSeller_src processed: 537398, throughput: (event/s) 2942.4020886991957
q6_aucIDSeller_src_ctrl processed: 378, throughput: (event/s) 2.069654128836162
q6_aucIDSeller_src_data processed: 537020, throughput: (event/s) 2940.3324345703595
q6_aucIDSeller_src_epoch processed: 0, throughput: (event/s) 0
q6_aucIDSeller_src_logEntry processed: 867, throughput: (event/s) 4.7470638351877055
sink processed: 1067463, throughput: (event/s) 5844.653982354064
q6MaxBid-0 duration: 182.639212385

q6_aucIDSeller_src_logEntry processed: 888, throughput: (event/s) 4.840686322380697
sink processed: 1093996, throughput: (event/s) 5963.616524706298
q6_aucIDSeller_src processed: 550656, throughput: (event/s) 3001.7488373162896
q6_aucIDSeller_src_ctrl processed: 378, throughput: (event/s) 2.060562421013405
q6_aucIDSeller_src_data processed: 550278, throughput: (event/s) 2999.688274895276
q6_aucIDSeller_src_epoch processed: 0, throughput: (event/s) 0
q6MaxBid-1 duration: 183.445061477

q6_aucIDSeller_src_ctrl processed: 378, throughput: (event/s) 2.069455935470429
q6_aucIDSeller_src_data processed: 578875, throughput: (event/s) 3169.196573136097
q6_aucIDSeller_src_epoch processed: 0, throughput: (event/s) 0
q6_aucIDSeller_src_logEntry processed: 917, throughput: (event/s) 5.0203468064190035
sink processed: 1151077, throughput: (event/s) 6301.860131834643
q6_aucIDSeller_src processed: 579253, throughput: (event/s) 3171.266029071567
q6MaxBid-2 duration: 182.656703881

q6_aucIDSeller_src_logEntry processed: 1075, throughput: (event/s) 5.883378730584403
sink processed: 1387715, throughput: (event/s) 7594.839921035288
q6_aucIDSeller_src processed: 697548, throughput: (event/s) 3817.617736522501
q6_aucIDSeller_src_ctrl processed: 378, throughput: (event/s) 2.068760148986888
q6_aucIDSeller_src_data processed: 697170, throughput: (event/s) 3815.5489763735145
q6_aucIDSeller_src_epoch processed: 0, throughput: (event/s) 0
q6MaxBid-3 duration: 182.718136844

q6_aucIDSeller_src processed 2364855 events, duration: 183.445061477
q6_aucIDSeller_src_ctrl processed 1512 events, duration: 183.445061477
q6_aucIDSeller_src_data processed 2363343 events, duration: 183.445061477
q6_aucIDSeller_src_epoch processed 0 events, duration: 183.445061477
q6_aucIDSeller_src_logEntry processed 3747 events, duration: 183.445061477
sink processed 4700251 events, duration: 183.445061477

eventTimeLatency_sink, p50: 325 ms, p90: 1603 ms, p99: 3461 ms
q6_maxBids_src_ctrl processed: 381, throughput: (event/s) 2.0769967188872913
q6_maxBids_src_data processed: 1084682, throughput: (event/s) 5913.073372798175
q6_maxBids_src_epoch processed: 0, throughput: (event/s) 0
q6_maxBids_src_logEntry processed: 1925, throughput: (event/s) 10.494012293590645
sink processed: 1084682, throughput: (event/s) 5913.073372798175
q6_maxBids_src processed: 1085063, throughput: (event/s) 5915.150369517062
q6Avg-0 duration: 183.437940241

eventTimeLatency_sink, p50: 370 ms, p90: 1575 ms, p99: 3730 ms
q6_maxBids_src_logEntry processed: 1854, throughput: (event/s) 10.106582914416936
sink processed: 882521, throughput: (event/s) 4810.826138195333
q6_maxBids_src processed: 882902, throughput: (event/s) 4812.9030573379405
q6_maxBids_src_ctrl processed: 381, throughput: (event/s) 2.0769191426067164
q6_maxBids_src_data processed: 882521, throughput: (event/s) 4810.826138195333
q6_maxBids_src_epoch processed: 0, throughput: (event/s) 0
q6Avg-1 duration: 183.444791944

eventTimeLatency_sink, p50: 492 ms, p90: 1622 ms, p99: 2639 ms
sink processed: 1587827, throughput: (event/s) 8655.819130139605
q6_maxBids_src processed: 1588208, throughput: (event/s) 8657.89609890798
q6_maxBids_src_ctrl processed: 381, throughput: (event/s) 2.0769687683753895
q6_maxBids_src_data processed: 1587827, throughput: (event/s) 8655.819130139605
q6_maxBids_src_epoch processed: 0, throughput: (event/s) 0
q6_maxBids_src_logEntry processed: 2219, throughput: (event/s) 12.096571383267689
q6Avg-2 duration: 183.440408831

eventTimeLatency_sink, p50: 615 ms, p90: 1918 ms, p99: 3276 ms
q6_maxBids_src_ctrl processed: 381, throughput: (event/s) 2.076961519768667
q6_maxBids_src_data processed: 1145221, throughput: (event/s) 6242.991991157461
q6_maxBids_src_epoch processed: 0, throughput: (event/s) 0
q6_maxBids_src_logEntry processed: 2038, throughput: (event/s) 11.109836160862319
sink processed: 1145221, throughput: (event/s) 6242.991991157461
q6_maxBids_src processed: 1145602, throughput: (event/s) 6245.068952677229
q6Avg-3 duration: 183.441049039

q6_maxBids_src_logEntry processed 8036 events, duration: 183.444791944
sink processed 4700251 events, duration: 183.444791944
q6_maxBids_src processed 4701775 events, duration: 183.444791944
q6_maxBids_src_ctrl processed 1524 events, duration: 183.444791944
q6_maxBids_src_data processed 4700251 events, duration: 183.444791944
q6_maxBids_src_epoch processed 0 events, duration: 183.444791944

