wait for last: true, sink max_buf_size: 131072
warmup: 0
config: map[NodeConstraint:"1,2,3,4" NumInstance:4 OutputTopicName:["nexmark_src"] funcName:"source"]
config: map[InputTopicNames:["nexmark_src"] NodeConstraint:"5,6,7,8" NumInstance:4 NumSrcProducer:[1] OutputTopicName:["q8_aucsBySellerID_out","q8_personsByID_out"] funcName:"q8GroupBy"]
config: map[Final:true InputTopicNames:["q8_aucsBySellerID_out","q8_personsByID_out"] NodeConstraint:"5,6,7,8" NumInstance:4 NumSrcProducer:[4,4] OutputTopicName:["q8_out"] funcName:"q8JoinStream"]
srcInvokeConfig: &{FinalTpNames:[q8_out] TopicName:nexmark_src AppId:q8 NodeConstraint:1,2,3,4 AdditionalBytes:0 ScaleEpoch:0 NumOutPartition:4 InstanceID:0 NumSrcInstance:4}
cliNodes: [0xc0000c01a0 0xc0000c0200]
inParamsMap: map[q8GroupBy:[0xc0000a2aa0 0xc0000a2b40 0xc0000a2be0 0xc0000a2c80] q8JoinStream:[0xc0000a2d20 0xc0000a2dc0 0xc0000a2e60 0xc0000a2f00]]
configScaleInput: &{Config:map[changelog:4 nexmark_src:4 q8GroupBy:4 q8JoinStream:4 q8_aucsBySellerID_out:4 q8_out:4 q8_personsByID_out:4 source:4] AppId:q8 FuncNames:[source q8GroupBy q8JoinStream] BufMaxSize:131072 ScaleEpoch:0 SerdeFormat:1 Bootstrap:false}
encoded json is {"sg":{"changelog":4,"nexmark_src":4,"q8GroupBy":4,"q8JoinStream":4,"q8_aucsBySellerID_out":4,"q8_out":4,"q8_personsByID_out":4,"source":4},"aid":"q8","fns":["source","q8GroupBy","q8JoinStream"],"bufMaxSize":131072,"epoch":1,"serdeFormat":1,"bs":true}, node constraint is 1
func source url is http://ip-172-31-12-161.us-east-2.compute.internal:8080/function/source
func source url is http://ip-172-31-12-161.us-east-2.compute.internal:8080/function/source
func source url is http://ip-172-31-12-161.us-east-2.compute.internal:8080/function/source
src instance: 4
func source url is http://ip-172-31-12-161.us-east-2.compute.internal:8080/function/source
encoded json is {"topic_name":"nexmark_src","rate_shape":"square","aid":"q8","events_num":20160000,"rate_period":10000000000,"finOutTpNs":["q8_out"],"first_event_rate":112000,"next_event_rate":112000,"bid_avg_size":100,"person_avg_size":200,"auction_avg_size":500,"duration":180,"person_proportion":1,"auction_proportion":3,"bid_proportion":46,"bid_hot_ratio_auctions":2,"bid_hot_ratio_bidders":4,"auction_hot_ratio_sellers":4,"flushms":100,"bufMaxSize":131072,"commEveryMs":100,"rate_limited":false,"waitEnd":true,"serde_format":1,"numOutPar":4,"parNum":3,"nSrcIns":4,"gua":3}, node constraint is 1,2,3,4
encoded json is {"topic_name":"nexmark_src","rate_shape":"square","aid":"q8","events_num":20160000,"rate_period":10000000000,"finOutTpNs":["q8_out"],"first_event_rate":112000,"next_event_rate":112000,"bid_avg_size":100,"person_avg_size":200,"auction_avg_size":500,"duration":180,"person_proportion":1,"auction_proportion":3,"bid_proportion":46,"bid_hot_ratio_auctions":2,"bid_hot_ratio_bidders":4,"auction_hot_ratio_sellers":4,"flushms":100,"bufMaxSize":131072,"commEveryMs":100,"rate_limited":false,"waitEnd":true,"serde_format":1,"numOutPar":4,"parNum":1,"nSrcIns":4,"gua":3}, node constraint is 1,2,3,4
encoded json is {"topic_name":"nexmark_src","rate_shape":"square","aid":"q8","events_num":20160000,"rate_period":10000000000,"finOutTpNs":["q8_out"],"first_event_rate":112000,"next_event_rate":112000,"bid_avg_size":100,"person_avg_size":200,"auction_avg_size":500,"duration":180,"person_proportion":1,"auction_proportion":3,"bid_proportion":46,"bid_hot_ratio_auctions":2,"bid_hot_ratio_bidders":4,"auction_hot_ratio_sellers":4,"flushms":100,"bufMaxSize":131072,"commEveryMs":100,"rate_limited":false,"waitEnd":true,"serde_format":1,"numOutPar":4,"nSrcIns":4,"gua":3}, node constraint is 1,2,3,4
encoded json is {"topic_name":"nexmark_src","rate_shape":"square","aid":"q8","events_num":20160000,"rate_period":10000000000,"finOutTpNs":["q8_out"],"first_event_rate":112000,"next_event_rate":112000,"bid_avg_size":100,"person_avg_size":200,"auction_avg_size":500,"duration":180,"person_proportion":1,"auction_proportion":3,"bid_proportion":46,"bid_hot_ratio_auctions":2,"bid_hot_ratio_bidders":4,"auction_hot_ratio_sellers":4,"flushms":100,"bufMaxSize":131072,"commEveryMs":100,"rate_limited":false,"waitEnd":true,"serde_format":1,"numOutPar":4,"parNum":2,"nSrcIns":4,"gua":3}, node constraint is 1,2,3,4
Waiting for all client to return
func name is q8JoinStream
func url is http://ip-172-31-12-161.us-east-2.compute.internal:8080/function/q8JoinStream
func name is q8JoinStream
func url is http://ip-172-31-12-161.us-east-2.compute.internal:8080/function/q8JoinStream
func name is q8GroupBy
func url is http://ip-172-31-12-161.us-east-2.compute.internal:8080/function/q8GroupBy
func name is q8JoinStream
func name is q8JoinStream
func url is http://ip-172-31-12-161.us-east-2.compute.internal:8080/function/q8JoinStream
func url is http://ip-172-31-12-161.us-east-2.compute.internal:8080/function/q8JoinStream
func name is q8GroupBy
func url is http://ip-172-31-12-161.us-east-2.compute.internal:8080/function/q8GroupBy
func name is q8GroupBy
func url is http://ip-172-31-12-161.us-east-2.compute.internal:8080/function/q8GroupBy
func name is q8GroupBy
encoded json is {"aid":"q8","numOutPartition":"BA==","numSubstreamProducer":"BAQ=","outputTopicName":["q8_out"],"inputTopicName":["q8_aucsBySellerID_out","q8_personsByID_out"],"commEveryMs":100,"flushMs":100,"snapEveryS":10,"duration":180,"bufMaxSize":131072,"epoch":1,"waitEnd":true,"numChangelogPartition":4,"numInPartition":4,"ParNum":3,"gua":3,"serdeFormat":1}, node constraint is 5,6,7,8
func url is http://ip-172-31-12-161.us-east-2.compute.internal:8080/function/q8GroupBy
encoded json is {"aid":"q8","numOutPartition":"BAQ=","numSubstreamProducer":"AQ==","outputTopicName":["q8_aucsBySellerID_out","q8_personsByID_out"],"inputTopicName":["nexmark_src"],"commEveryMs":100,"flushMs":100,"snapEveryS":10,"duration":180,"bufMaxSize":131072,"epoch":1,"waitEnd":true,"numChangelogPartition":4,"numInPartition":4,"gua":3,"serdeFormat":1}, node constraint is 5,6,7,8
encoded json is {"aid":"q8","numOutPartition":"BAQ=","numSubstreamProducer":"AQ==","outputTopicName":["q8_aucsBySellerID_out","q8_personsByID_out"],"inputTopicName":["nexmark_src"],"commEveryMs":100,"flushMs":100,"snapEveryS":10,"duration":180,"bufMaxSize":131072,"epoch":1,"waitEnd":true,"numChangelogPartition":4,"numInPartition":4,"ParNum":1,"gua":3,"serdeFormat":1}, node constraint is 5,6,7,8
encoded json is {"aid":"q8","numOutPartition":"BA==","numSubstreamProducer":"BAQ=","outputTopicName":["q8_out"],"inputTopicName":["q8_aucsBySellerID_out","q8_personsByID_out"],"commEveryMs":100,"flushMs":100,"snapEveryS":10,"duration":180,"bufMaxSize":131072,"epoch":1,"waitEnd":true,"numChangelogPartition":4,"numInPartition":4,"gua":3,"serdeFormat":1}, node constraint is 5,6,7,8
encoded json is {"aid":"q8","numOutPartition":"BA==","numSubstreamProducer":"BAQ=","outputTopicName":["q8_out"],"inputTopicName":["q8_aucsBySellerID_out","q8_personsByID_out"],"commEveryMs":100,"flushMs":100,"snapEveryS":10,"duration":180,"bufMaxSize":131072,"epoch":1,"waitEnd":true,"numChangelogPartition":4,"numInPartition":4,"ParNum":1,"gua":3,"serdeFormat":1}, node constraint is 5,6,7,8
encoded json is {"aid":"q8","numOutPartition":"BAQ=","numSubstreamProducer":"AQ==","outputTopicName":["q8_aucsBySellerID_out","q8_personsByID_out"],"inputTopicName":["nexmark_src"],"commEveryMs":100,"flushMs":100,"snapEveryS":10,"duration":180,"bufMaxSize":131072,"epoch":1,"waitEnd":true,"numChangelogPartition":4,"numInPartition":4,"ParNum":3,"gua":3,"serdeFormat":1}, node constraint is 5,6,7,8
encoded json is {"aid":"q8","numOutPartition":"BAQ=","numSubstreamProducer":"AQ==","outputTopicName":["q8_aucsBySellerID_out","q8_personsByID_out"],"inputTopicName":["nexmark_src"],"commEveryMs":100,"flushMs":100,"snapEveryS":10,"duration":180,"bufMaxSize":131072,"epoch":1,"waitEnd":true,"numChangelogPartition":4,"numInPartition":4,"ParNum":2,"gua":3,"serdeFormat":1}, node constraint is 5,6,7,8
encoded json is {"aid":"q8","numOutPartition":"BA==","numSubstreamProducer":"BAQ=","outputTopicName":["q8_out"],"inputTopicName":["q8_aucsBySellerID_out","q8_personsByID_out"],"commEveryMs":100,"flushMs":100,"snapEveryS":10,"duration":180,"bufMaxSize":131072,"epoch":1,"waitEnd":true,"numChangelogPartition":4,"numInPartition":4,"ParNum":2,"gua":3,"serdeFormat":1}, node constraint is 5,6,7,8
source-3 invoke done
source-2 invoke done
source-0 invoke done
source-1 invoke done
q8GroupBy-3 call done
q8GroupBy-1 call done
q8GroupBy-0 call done
q8GroupBy-2 call done
q8JoinStream-2 call done
q8JoinStream-1 call done
q8JoinStream-0 call done
q8JoinStream-3 call done
sink_ctrl processed: 1, throughput: (event/s) 0.00555548059039429
sink processed: 5040001, throughput: (event/s) 27999.62773106781
source-0 duration: 180.002428904

sink processed: 5040001, throughput: (event/s) 27999.479508801072
sink_ctrl processed: 1, throughput: (event/s) 0.005555451181220216
source-1 duration: 180.003381792

sink processed: 5039991, throughput: (event/s) 27999.590494746797
sink_ctrl processed: 1, throughput: (event/s) 0.005555484225020798
source-2 duration: 180.002311139

sink_ctrl processed: 1, throughput: (event/s) 0.005555500729491684
sink processed: 5040001, throughput: (event/s) 27999.729232138816
source-3 duration: 180.001776382

sink processed 20159994 events, duration: 180.003381792, tp: 111997.862481
sink_ctrl processed 4 events, duration: 180.003381792, tp: 0.022222

nexmark_src_src_epoch processed: 0, throughput: (event/s) 0
nexmark_src_src_logEntry processed: 10544, throughput: (event/s) 58.56766731360288
personsByIDSink processed: 100800, throughput: (event/s) 559.9033445761733
auctionsBySellerIDSink processed: 302400, throughput: (event/s) 1679.7100337285196
nexmark_src_src processed: 5040001, throughput: (event/s) 27995.172783405334
nexmark_src_src_ctrl processed: 1, throughput: (event/s) 0.0055545966723826706
nexmark_src_src_data processed: 5040000, throughput: (event/s) 27995.167228808663
q8GroupBy-0 duration: 180.031073178

nexmark_src_src_epoch processed: 0, throughput: (event/s) 0
nexmark_src_src_logEntry processed: 10542, throughput: (event/s) 58.556936621934625
personsByIDSink processed: 100800, throughput: (event/s) 559.9069637157096
auctionsBySellerIDSink processed: 302400, throughput: (event/s) 1679.7208911471287
nexmark_src_src processed: 5040001, throughput: (event/s) 27995.353740418053
nexmark_src_src_ctrl processed: 1, throughput: (event/s) 0.005554632576544738
nexmark_src_src_data processed: 5040000, throughput: (event/s) 27995.34818578548
q8GroupBy-1 duration: 180.029909489

nexmark_src_src processed: 5039991, throughput: (event/s) 27994.446491668983
nexmark_src_src_ctrl processed: 1, throughput: (event/s) 0.005554463587666919
nexmark_src_src_data processed: 5039990, throughput: (event/s) 27994.440937205396
nexmark_src_src_epoch processed: 0, throughput: (event/s) 0
nexmark_src_src_logEntry processed: 10540, throughput: (event/s) 58.54404621400933
personsByIDSink processed: 100799, throughput: (event/s) 559.8843751732378
auctionsBySellerIDSink processed: 302399, throughput: (event/s) 1679.6642344468887
q8GroupBy-2 duration: 180.035386715

personsByIDSink processed: 100800, throughput: (event/s) 559.9051491282356
auctionsBySellerIDSink processed: 302400, throughput: (event/s) 1679.715447384707
nexmark_src_src processed: 5040001, throughput: (event/s) 27995.26301102636
nexmark_src_src_ctrl processed: 1, throughput: (event/s) 0.005554614574684878
nexmark_src_src_data processed: 5040000, throughput: (event/s) 27995.257456411782
nexmark_src_src_epoch processed: 0, throughput: (event/s) 0
nexmark_src_src_logEntry processed: 10527, throughput: (event/s) 58.47342762770771
q8GroupBy-3 duration: 180.030492945

nexmark_src_src_epoch processed 0 events, duration: 180.035386715
nexmark_src_src_logEntry processed 42153 events, duration: 180.035386715
personsByIDSink processed 403199 events, duration: 180.035386715
auctionsBySellerIDSink processed 1209599 events, duration: 180.035386715
nexmark_src_src processed 20159994 events, duration: 180.035386715
nexmark_src_src_ctrl processed 4 events, duration: 180.035386715
nexmark_src_src_data processed 20159990 events, duration: 180.035386715

eventTimeLatency_sink, p50: 112 ms, p90: 170 ms, p99: 253 ms
auctionsBySellerIDSrc_ctrl processed: 4, throughput: (event/s) 0.02216213381850608
auctionsBySellerIDSrc_epoch processed: 6377, throughput: (event/s) 35.33198184015332
personsByIDSrc_epoch processed: 6377, throughput: (event/s) 35.33198184015332
sink processed: 1187098, throughput: (event/s) 6577.156182920233
auctionsBySellerIDSrc processed: 303525, throughput: (event/s) 1681.6904168155145
auctionsBySellerIDSrc_data processed: 297144, throughput: (event/s) 1646.3362728415427
personsByIDSrc_logEntry processed: 6377, throughput: (event/s) 35.33198184015332
personsByIDSrc_data processed: 100284, throughput: (event/s) 555.6268569637659
auctionsBySellerIDSrc_logEntry processed: 6381, throughput: (event/s) 35.35414397397182
personsByIDSrc processed: 106665, throughput: (event/s) 590.9810009377378
personsByIDSrc_ctrl processed: 4, throughput: (event/s) 0.02216213381850608
q8JoinStream-0 duration: 180.488035708

eventTimeLatency_sink, p50: 112 ms, p90: 171 ms, p99: 247 ms
personsByIDSrc_logEntry processed: 6377, throughput: (event/s) 35.3499810128733
auctionsBySellerIDSrc_logEntry processed: 6377, throughput: (event/s) 35.3499810128733
personsByIDSrc processed: 107408, throughput: (event/s) 595.400777894103
auctionsBySellerIDSrc_data processed: 302004, throughput: (event/s) 1674.1156759936941
auctionsBySellerIDSrc_epoch processed: 6377, throughput: (event/s) 35.3499810128733
personsByIDSrc_data processed: 101027, throughput: (event/s) 560.0286234573547
personsByIDSrc_epoch processed: 6377, throughput: (event/s) 35.3499810128733
sink processed: 1210121, throughput: (event/s) 6708.131468289046
auctionsBySellerIDSrc processed: 308385, throughput: (event/s) 1709.4878304304425
auctionsBySellerIDSrc_ctrl processed: 4, throughput: (event/s) 0.02217342387509694
personsByIDSrc_ctrl processed: 4, throughput: (event/s) 0.02217342387509694
q8JoinStream-1 duration: 180.396136498

eventTimeLatency_sink, p50: 109 ms, p90: 161 ms, p99: 217 ms
personsByIDSrc_data processed: 100504, throughput: (event/s) 557.1144290823988
auctionsBySellerIDSrc_ctrl processed: 4, throughput: (event/s) 0.022172826119652902
auctionsBySellerIDSrc_logEntry processed: 6378, throughput: (event/s) 35.35457124778655
personsByIDSrc processed: 106885, throughput: (event/s) 592.4856299497751
personsByIDSrc_logEntry processed: 6377, throughput: (event/s) 35.34902804125664
auctionsBySellerIDSrc processed: 297673, throughput: (event/s) 1650.0629173788595
auctionsBySellerIDSrc_data processed: 291292, throughput: (event/s) 1614.6917165114833
personsByIDSrc_ctrl processed: 4, throughput: (event/s) 0.022172826119652902
personsByIDSrc_epoch processed: 6377, throughput: (event/s) 35.34902804125664
sink processed: 1167216, throughput: (event/s) 6470.119353019196
auctionsBySellerIDSrc_epoch processed: 6377, throughput: (event/s) 35.34902804125664
q8JoinStream-2 duration: 180.400999783

eventTimeLatency_sink, p50: 112 ms, p90: 171 ms, p99: 247 ms
sink processed: 1278818, throughput: (event/s) 7085.374344068223
personsByIDSrc_data processed: 101384, throughput: (event/s) 561.7246492456414
auctionsBySellerIDSrc_data processed: 319159, throughput: (event/s) 1768.3212077703552
auctionsBySellerIDSrc_ctrl processed: 4, throughput: (event/s) 0.022162260287447385
auctionsBySellerIDSrc_logEntry processed: 6377, throughput: (event/s) 35.33218346326299
personsByIDSrc processed: 107765, throughput: (event/s) 597.0789949691919
personsByIDSrc_epoch processed: 6377, throughput: (event/s) 35.33218346326299
personsByIDSrc_logEntry processed: 6377, throughput: (event/s) 35.33218346326299
auctionsBySellerIDSrc processed: 325540, throughput: (event/s) 1803.6755534939055
auctionsBySellerIDSrc_epoch processed: 6377, throughput: (event/s) 35.33218346326299
personsByIDSrc_ctrl processed: 4, throughput: (event/s) 0.022162260287447385
q8JoinStream-3 duration: 180.487005753

auctionsBySellerIDSrc_data processed 1209599 events, duration: 180.488035708
personsByIDSrc_logEntry processed 25508 events, duration: 180.488035708
personsByIDSrc_data processed 403199 events, duration: 180.488035708
personsByIDSrc_ctrl processed 16 events, duration: 180.488035708
auctionsBySellerIDSrc_ctrl processed 16 events, duration: 180.488035708
personsByIDSrc_epoch processed 25508 events, duration: 180.488035708
auctionsBySellerIDSrc processed 1235123 events, duration: 180.488035708
personsByIDSrc processed 428723 events, duration: 180.488035708
auctionsBySellerIDSrc_epoch processed 25508 events, duration: 180.488035708
sink processed 4843253 events, duration: 180.488035708
auctionsBySellerIDSrc_logEntry processed 25513 events, duration: 180.488035708

