parallel restore str: , false
env str: , async2ndPhase: false
env str: , create snapshot: false
2024/03/03 12:56:04 [INFO] Load configuration for function scale[40]
2024/03/03 12:56:04 [INFO] Load configuration for function chkptmngr[50]
2024/03/03 12:56:04 [INFO] Load configuration for function redisSetup[70]
2024/03/03 12:56:04 [INFO] Load configuration for function source[20]
2024/03/03 12:56:04 [INFO] Load configuration for function query2[30]
2024/03/03 12:56:04 [INFO] Parse FAAS_ENGINE_ID: 7
2024/03/03 12:56:04 [INFO] Parse FAAS_ENGINE_ID: 7
2024/03/03 12:56:04 [INFO] Current GOMAXPROCS is 2
2024/03/03 12:56:04 [INFO] Parse FAAS_ENGINE_ID: 7
2024/03/03 12:56:04 [INFO] Current GOMAXPROCS is 3
2024/03/03 12:56:04 [INFO] Parse FAAS_ENGINE_ID: 7
2024/03/03 12:56:04 [INFO] Current GOMAXPROCS is 4
2024/03/03 12:56:04 [INFO] Start new FuncWorker with client id 8
2024/03/03 12:56:04 [INFO] Start new FuncWorker with client id 9
2024/03/03 12:56:04 [INFO] Start new FuncWorker with client id 11
2024/03/03 12:56:04 [INFO] Start new FuncWorker with client id 10
Enter nexmark: funcName: query2
Enter nexmark: funcName: query2
2024/03/03 12:56:04 [INFO] Handshake with engine done
2024/03/03 12:56:04 [INFO] Handshake with engine done
Enter nexmark: funcName: query2
Enter nexmark: funcName: query2
2024/03/03 12:56:04 [INFO] Handshake with engine done
2024/03/03 12:56:04 [INFO] Handshake with engine done
new buffered sink stream nexmark_src[0] with bufMaxSize 131072
new buffered sink stream nexmark_src[1] with bufMaxSize 131072
new buffered sink stream nexmark_src[2] with bufMaxSize 131072
new buffered sink stream nexmark_src[3] with bufMaxSize 131072
new buffered sink stream q2_out[0] with bufMaxSize 131072
new buffered sink stream q2_out[1] with bufMaxSize 131072
new buffered sink stream q2_out[2] with bufMaxSize 131072
new buffered sink stream q2_out[3] with bufMaxSize 131072
nexmark_src notEnded: map[1:{}], notScaleFence: map[1:{}]
redis address is [snapcache-1:6666 snapcache-2:6666 snapcache-3:6666 snapcache-4:6666]
new buffered sink stream __control_log_q2[0] with bufMaxSize 131072
new buffered sink stream __control_log_q2[0] with bufMaxSize 131072
[0] finished prev task source, funcName query2, meta epoch 0, current epoch 1, cmm instance 1, remain instances: map[]
[1] finished prev task source, funcName query2, meta epoch 0, current epoch 1, cmm instance 1, remain instances: map[]
[2] finished prev task source, funcName query2, meta epoch 0, current epoch 1, cmm instance 1, remain instances: map[]
[3] finished prev task source, funcName query2, meta epoch 0, current epoch 1, cmm instance 1, remain instances: map[]
[0] finished prev task query2, funcName query2, meta epoch 0, current epoch 1, cmm instance 1, remain instances: map[]
[1] prodId: ProducerId: {TaskId: 0x1c00b00000001, TaskEpoch: 0x1}, warmup time: 0s, flush every: 100ms, waitEndMark: true
nexmark_src_src counter: dur=10.003200369s, value=885728, rate=88544.46250470783 per second
q2_out_sink counter: dur=10.003085398s, value=6434, rate=643.2015467234143 per second
q2_out_sink stats (6434 samples): dur=10.003110592s, p50=0, p90=1, p99=2
q2_out_bufEntry_1 stats (200 samples): dur=12.035781585s, p50=23, p90=40, p99=516
q2_out_bufSize_1 stats (200 samples): dur=12.03580794s, p50=5792, p90=10149, p99=130962
nexmark_src_src counter: dur=10.007001288s, value=1765096, rate=87875.27598847252 per second
q2_out_sink counter: dur=10.006938819s, value=12972, rate=653.34665458196 per second
q2_out_sink stats (6538 samples): dur=10.006934751s, p50=0, p90=1, p99=1
q2_out_bufEntry_1 stats (200 samples): dur=11.947416288s, p50=21, p90=41, p99=511
q2_out_bufSize_1 stats (200 samples): dur=11.947417314s, p50=5267, p90=10520, p99=130943
WaitAlignTime_0(ms) stats (200 samples): dur=25.075951068s, p50=0, p90=0, p99=0
createChkpt_1(ms) stats (200 samples): dur=25.074165789s, p50=1, p90=46, p99=88
nexmark_src_src counter: dur=10.005861365s, value=2646958, rate=88134.54112853382 per second
q2_out_sink counter: dur=10.005901759s, value=19363, rate=638.7230410543949 per second
q2_out_sink stats (6391 samples): dur=10.005907344s, p50=0, p90=1, p99=2
q2_out_bufEntry_1 stats (200 samples): dur=11.801724228s, p50=20, p90=43, p99=510
q2_out_bufSize_1 stats (200 samples): dur=11.801727728s, p50=5078, p90=11020, p99=130889
nexmark_src_src counter: dur=10.001383852s, value=3527098, rate=88001.82185028288 per second
q2_out_sink counter: dur=10.007222668s, value=26672, rate=730.3724762088005 per second
q2_out_sink stats (7309 samples): dur=10.007238836s, p50=0, p90=0, p99=1
q2_out_bufEntry_1 stats (200 samples): dur=12.015700307s, p50=19, p90=40, p99=507
q2_out_bufSize_1 stats (200 samples): dur=12.01570761s, p50=5075, p90=10414, p99=130972
nexmark_src_src counter: dur=10.002957326s, value=4407150, rate=87979.18168785358 per second
q2_out_sink counter: dur=10.00418245s, value=32956, rate=628.1372847213518 per second
q2_out_sink stats (6284 samples): dur=10.00417305s, p50=0, p90=1, p99=2
WaitAlignTime_0(ms) stats (200 samples): dur=25.023654417s, p50=0, p90=0, p99=0
createChkpt_1(ms) stats (200 samples): dur=25.023539275s, p50=1, p90=43, p99=77
q2_out_bufEntry_1 stats (200 samples): dur=11.983057395s, p50=20, p90=38, p99=507
q2_out_bufSize_1 stats (200 samples): dur=11.983044651s, p50=5105, p90=9761, p99=130874
nexmark_src_src counter: dur=10.001838626s, value=5286835, rate=87952.32885614046 per second
q2_out_sink counter: dur=10.004306251s, value=39315, rate=635.626283368162 per second
q2_out_sink stats (6359 samples): dur=10.004323592s, p50=0, p90=1, p99=2
nexmark_src_src counter: dur=10.006808128s, value=6167413, rate=87997.88991017616 per second
q2_out_sink counter: dur=10.001097635s, value=46499, rate=718.3211545559518 per second
q2_out_sink stats (7184 samples): dur=10.001088476s, p50=0, p90=1, p99=2
q2_out_bufEntry_1 stats (200 samples): dur=11.7328869s, p50=20, p90=38, p99=506
q2_out_bufSize_1 stats (200 samples): dur=11.732883719s, p50=5171, p90=9641, p99=130933
WaitAlignTime_0(ms) stats (200 samples): dur=24.277789545s, p50=0, p90=0, p99=0
createChkpt_1(ms) stats (200 samples): dur=24.277557518s, p50=1, p90=26, p99=55
nexmark_src_src counter: dur=10.011218018s, value=7048481, rate=88008.07238598289 per second
q2_out_sink counter: dur=10.012201755s, value=52840, rate=633.3272296309215 per second
q2_out_sink stats (6341 samples): dur=10.012191847s, p50=0, p90=1, p99=2
q2_out_bufEntry_1 stats (200 samples): dur=11.426888361s, p50=18, p90=40, p99=507
q2_out_bufSize_1 stats (200 samples): dur=11.426890669s, p50=4794, p90=10281, p99=130988
nexmark_src_src counter: dur=10.011516256s, value=7929529, rate=88003.45297067058 per second
q2_out_sink counter: dur=10.011090116s, value=59367, rate=651.976949999518 per second
q2_out_sink stats (6527 samples): dur=10.011094481s, p50=0, p90=1, p99=2
q2_out_bufEntry_1 stats (200 samples): dur=11.639095652s, p50=19, p90=40, p99=508
q2_out_bufSize_1 stats (200 samples): dur=11.639094257s, p50=4983, p90=10258, p99=131012
WaitAlignTime_0(ms) stats (200 samples): dur=24.614567491s, p50=0, p90=0, p99=0
createChkpt_1(ms) stats (200 samples): dur=24.643328177s, p50=1, p90=27, p99=73
nexmark_src_src counter: dur=10.012806497s, value=8810752, rate=88009.59054427236 per second
q2_out_sink counter: dur=10.008364661s, value=66662, rate=728.8903079667673 per second
q2_out_sink stats (7295 samples): dur=10.008362576s, p50=0, p90=1, p99=2
q2_out_bufEntry_1 stats (200 samples): dur=11.601269075s, p50=20, p90=37, p99=506
q2_out_bufSize_1 stats (200 samples): dur=11.601270857s, p50=5263, p90=9655, p99=130929
nexmark_src_src counter: dur=10.012540487s, value=9691889, rate=88003.33952647116 per second
q2_out_sink counter: dur=10.012477779s, value=73183, rate=651.2873380530276 per second
q2_out_sink stats (6521 samples): dur=10.012468375s, p50=0, p90=1, p99=2
q2_out_bufEntry_1 stats (200 samples): dur=11.399319739s, p50=21, p90=37, p99=508
q2_out_bufSize_1 stats (200 samples): dur=11.399326135s, p50=5313, p90=9508, p99=130853
nexmark_src_src counter: dur=10.010912789s, value=10573057, rate=88020.74481841737 per second
q2_out_sink counter: dur=10.015352896s, value=79529, rate=633.6271987514798 per second
q2_out_sink stats (6346 samples): dur=10.015364467s, p50=0, p90=1, p99=2
WaitAlignTime_0(ms) stats (200 samples): dur=24.387212519s, p50=0, p90=0, p99=0
createChkpt_1(ms) stats (200 samples): dur=24.378508735s, p50=1, p90=22, p99=46
q2_out_bufEntry_1 stats (200 samples): dur=11.700860363s, p50=19, p90=41, p99=507
q2_out_bufSize_1 stats (200 samples): dur=11.700852332s, p50=4801, p90=10279, p99=130991
nexmark_src_src counter: dur=10.000239646s, value=11454089, rate=88101.08869264991 per second
q2_out_sink counter: dur=10.008589364s, value=85941, rate=640.64972263358 per second
q2_out_sink stats (6412 samples): dur=10.008582361s, p50=0, p90=0, p99=2
nexmark_src_src counter: dur=10.001516518s, value=12334297, rate=88007.4535112616 per second
q2_out_sink counter: dur=10.014786694s, value=93122, rate=717.0397352848502 per second
q2_out_sink stats (7181 samples): dur=10.014796451s, p50=0, p90=1, p99=2
q2_out_bufEntry_1 stats (200 samples): dur=11.700026631s, p50=19, p90=41, p99=506
q2_out_bufSize_1 stats (200 samples): dur=11.700029087s, p50=4882, p90=10635, p99=130841
WaitAlignTime_0(ms) stats (200 samples): dur=24.629081862s, p50=0, p90=0, p99=0
createChkpt_1(ms) stats (200 samples): dur=24.609598086s, p50=1, p90=28, p99=60
nexmark_src_src counter: dur=10.00051053s, value=13214396, rate=88005.40705995337 per second
q2_out_sink counter: dur=10.010100456s, value=99560, rate=643.1503887796748 per second
q2_out_sink stats (6438 samples): dur=10.010097664s, p50=0, p90=1, p99=2
q2_out_bufEntry_1 stats (200 samples): dur=11.99992485s, p50=20, p90=42, p99=506
q2_out_bufSize_1 stats (200 samples): dur=11.999921931s, p50=5150, p90=10818, p99=131028
nexmark_src_src counter: dur=10.000788167s, value=14094309, rate=87984.36536267052 per second
q2_out_sink counter: dur=10.003209748s, value=106045, rate=648.2919146323593 per second
q2_out_sink stats (6485 samples): dur=10.003211825s, p50=0, p90=1, p99=2
q2_out_bufEntry_1 stats (200 samples): dur=11.799887427s, p50=20, p90=40, p99=507
q2_out_bufSize_1 stats (200 samples): dur=11.799889716s, p50=5312, p90=10193, p99=130858
nexmark_src_src counter: dur=10.001036365s, value=14974284, rate=87988.38119213258 per second
q2_out_sink counter: dur=10.006069625s, value=113166, rate=711.6680441847315 per second
q2_out_sink stats (7121 samples): dur=10.006067695s, p50=0, p90=1, p99=2
WaitAlignTime_0(ms) stats (200 samples): dur=24.694015725s, p50=0, p90=0, p99=0
createChkpt_1(ms) stats (200 samples): dur=24.698741533s, p50=2, p90=35, p99=56
q2_out_bufEntry_1 stats (200 samples): dur=11.799761332s, p50=20, p90=37, p99=507
q2_out_bufSize_1 stats (200 samples): dur=11.799761168s, p50=5191, p90=9737, p99=130978
1 producer ended, map[] remain
exit due to ctrlMsg
createChkpt_1(ms) (59 samples): dur=7.238753277s, data=[1 1 1 2 1 1 16 54 1 1 1 1 2 28 21 21 1 1 2 2 25 15 10 1 1 1 1 38 8 29 1 17 1 30 2 44 2 1 1 1 2 1 6 20 1 1 1 1 34 5 12 2 1 1 1 1 33 8 1]
[1]duration: 180.105432 s, uts: 1709470876017
WaitAlignTime_0(ms) (59 samples): dur=7.248364479s, data=[0 0 0 0 0 0 0 0 0 0 0 0 0 0 0 0 0 0 0 0 0 0 0 0 0 0 0 0 0 0 0 0 0 0 0 0 0 0 0 0 0 0 0 0 0 0 0 0 0 0 0 0 0 0 0 0 0 0 0]
nexmark_src_src msgCnt 15841414, ctrlCnt 1460, epochCnt 0, logEntry 43585
sink msgCnt 119584, ctrlCnt 1460
