wait for last: true
warmup: 0
config: map[NodeConstraint:"1,2,3,4" NumInstance:4 OutputTopicName:["nexmark_src"] funcName:"source"]
config: map[InputTopicNames:["nexmark_src"] NodeConstraint:"5,6,7,8" NumInstance:4 NumSrcProducer:[1] OutputTopicName:["q1_out"] funcName:"query1"]
srcInvokeConfig: {TopicName:nexmark_src AppId:q1 NodeConstraint:1,2,3,4 ScaleEpoch:0 NumOutPartition:4 InstanceID:0 NumSrcInstance:4}
cliNodes: [0xc0000261e0]
inParamsMap: map[query1:[0xc000000c80 0xc000000d20 0xc000000dc0 0xc000000e60]]
encoded json is {"sg":{"nexmark_src":4,"q1_out":4,"query1":4,"source":4},"aid":"q1","fns":["source","query1"],"epoch":1,"serdeFormat":1,"bs":true}, node constraint is 1
configScaleInput: {Config:map[nexmark_src:4 q1_out:4 query1:4 source:4] AppId:q1 FuncNames:[source query1] ScaleEpoch:0 SerdeFormat:1 Bootstrap:false}
func source url is http://ip-172-31-6-120.us-east-2.compute.internal:8080/function/source
func source url is http://ip-172-31-6-120.us-east-2.compute.internal:8080/function/source
func source url is http://ip-172-31-6-120.us-east-2.compute.internal:8080/function/source
src instance: 4
func source url is http://ip-172-31-6-120.us-east-2.compute.internal:8080/function/source
encoded json is {"topic_name":"nexmark_src","rate_shape":"square","aid":"q1","events_num":63360000,"rate_period":10000000000,"bid_avg_size":100,"first_event_rate":352000,"next_event_rate":352000,"person_avg_size":200,"auction_avg_size":500,"duration":180,"person_proportion":1,"auction_proportion":3,"bid_proportion":46,"bid_hot_ratio_auctions":2,"bid_hot_ratio_bidders":4,"auction_hot_ratio_sellers":4,"flushms":10,"rate_limited":false,"waitEnd":true,"serde_format":1,"numOutPar":4,"parNum":1,"nSrcIns":4}, node constraint is 1,2,3,4
encoded json is {"topic_name":"nexmark_src","rate_shape":"square","aid":"q1","events_num":63360000,"rate_period":10000000000,"bid_avg_size":100,"first_event_rate":352000,"next_event_rate":352000,"person_avg_size":200,"auction_avg_size":500,"duration":180,"person_proportion":1,"auction_proportion":3,"bid_proportion":46,"bid_hot_ratio_auctions":2,"bid_hot_ratio_bidders":4,"auction_hot_ratio_sellers":4,"flushms":10,"rate_limited":false,"waitEnd":true,"serde_format":1,"numOutPar":4,"parNum":2,"nSrcIns":4}, node constraint is 1,2,3,4
encoded json is {"topic_name":"nexmark_src","rate_shape":"square","aid":"q1","events_num":63360000,"rate_period":10000000000,"bid_avg_size":100,"first_event_rate":352000,"next_event_rate":352000,"person_avg_size":200,"auction_avg_size":500,"duration":180,"person_proportion":1,"auction_proportion":3,"bid_proportion":46,"bid_hot_ratio_auctions":2,"bid_hot_ratio_bidders":4,"auction_hot_ratio_sellers":4,"flushms":10,"rate_limited":false,"waitEnd":true,"serde_format":1,"numOutPar":4,"nSrcIns":4}, node constraint is 1,2,3,4
encoded json is {"topic_name":"nexmark_src","rate_shape":"square","aid":"q1","events_num":63360000,"rate_period":10000000000,"bid_avg_size":100,"first_event_rate":352000,"next_event_rate":352000,"person_avg_size":200,"auction_avg_size":500,"duration":180,"person_proportion":1,"auction_proportion":3,"bid_proportion":46,"bid_hot_ratio_auctions":2,"bid_hot_ratio_bidders":4,"auction_hot_ratio_sellers":4,"flushms":10,"rate_limited":false,"waitEnd":true,"serde_format":1,"numOutPar":4,"parNum":3,"nSrcIns":4}, node constraint is 1,2,3,4
encoded json is {"aid":"q1","numOutPartition":"BA==","numSubstreamProducer":"AQ==","outputTopicName":["q1_out"],"inputTopicName":["nexmark_src"],"commEveryMs":10,"flushMs":10,"duration":180,"epoch":1,"waitEnd":true,"numInPartition":4,"ParNum":3,"gua":3,"serdeFormat":1}, node constraint is 5,6,7,8
Waiting for all client to return
func name is query1
func url is http://ip-172-31-6-120.us-east-2.compute.internal:8080/function/query1
func name is query1
func url is http://ip-172-31-6-120.us-east-2.compute.internal:8080/function/query1
func name is query1
func url is http://ip-172-31-6-120.us-east-2.compute.internal:8080/function/query1
func name is query1
func url is http://ip-172-31-6-120.us-east-2.compute.internal:8080/function/query1
encoded json is {"aid":"q1","numOutPartition":"BA==","numSubstreamProducer":"AQ==","outputTopicName":["q1_out"],"inputTopicName":["nexmark_src"],"commEveryMs":10,"flushMs":10,"duration":180,"epoch":1,"waitEnd":true,"numInPartition":4,"gua":3,"serdeFormat":1}, node constraint is 5,6,7,8
encoded json is {"aid":"q1","numOutPartition":"BA==","numSubstreamProducer":"AQ==","outputTopicName":["q1_out"],"inputTopicName":["nexmark_src"],"commEveryMs":10,"flushMs":10,"duration":180,"epoch":1,"waitEnd":true,"numInPartition":4,"ParNum":1,"gua":3,"serdeFormat":1}, node constraint is 5,6,7,8
encoded json is {"aid":"q1","numOutPartition":"BA==","numSubstreamProducer":"AQ==","outputTopicName":["q1_out"],"inputTopicName":["nexmark_src"],"commEveryMs":10,"flushMs":10,"duration":180,"epoch":1,"waitEnd":true,"numInPartition":4,"ParNum":2,"gua":3,"serdeFormat":1}, node constraint is 5,6,7,8
source-1 invoke done
source-0 invoke done
source-3 invoke done
source-2 invoke done
query1-1 call done
query1-2 call done
query1-0 call done
query1-3 call done
sink processed: 15835804, throughput: (event/s) 87933.56391887432
sink_ctrl processed: 1, throughput: (event/s) 0.00555283229818166
source-0 duration: 180.088276811

sink processed: 15836129, throughput: (event/s) 87934.96134440576
sink_ctrl processed: 1, throughput: (event/s) 0.005552806581987667
source-1 duration: 180.089110837

sink processed: 15835834, throughput: (event/s) 87933.2291292515
sink_ctrl processed: 1, throughput: (event/s) 0.00555280063741837
source-2 duration: 180.089303632

sink processed: 15836195, throughput: (event/s) 87935.72130255334
sink_ctrl processed: 1, throughput: (event/s) 0.005552831428417833
source-3 duration: 180.088305019

sink processed 63343962 events, duration: 180.089303632, tp: 351736.392570
sink_ctrl processed 4 events, duration: 180.089303632, tp: 0.022211

eventTimeLatency_sink, p50: 10 ms, p90: 12 ms, p99: 92 ms
nexmark_src_src processed: 15835804, throughput: (event/s) 87904.44220812977
nexmark_src_src_ctrl processed: 1, throughput: (event/s) 0.0055509933191980505
nexmark_src_src_data processed: 15835803, throughput: (event/s) 87904.43665713645
nexmark_src_src_epoch processed: 0, throughput: (event/s) 0
nexmark_src_src_logEntry processed: 43860, throughput: (event/s) 243.4665669800265
sink processed: 14568937, throughput: (event/s) 80872.0719548173
query1-0 duration: 180.147937945

eventTimeLatency_sink, p50: 9 ms, p90: 11 ms, p99: 91 ms
nexmark_src_src_epoch processed: 0, throughput: (event/s) 0
nexmark_src_src_logEntry processed: 43857, throughput: (event/s) 243.42832506432944
sink processed: 14569238, throughput: (event/s) 80866.5709876093
nexmark_src_src processed: 15836129, throughput: (event/s) 87898.45082820654
nexmark_src_src_ctrl processed: 1, throughput: (event/s) 0.005550501061730839
nexmark_src_src_data processed: 15836128, throughput: (event/s) 87898.44527770548
query1-1 duration: 180.163914731

eventTimeLatency_sink, p50: 10 ms, p90: 13 ms, p99: 97 ms
nexmark_src_src_data processed: 15835833, throughput: (event/s) 87905.0929900591
nexmark_src_src_epoch processed: 0, throughput: (event/s) 0
nexmark_src_src_logEntry processed: 43811, throughput: (event/s) 243.19592338385226
sink processed: 14568967, throughput: (event/s) 80872.6891035099
nexmark_src_src processed: 15835834, throughput: (event/s) 87905.09854108335
nexmark_src_src_ctrl processed: 1, throughput: (event/s) 0.005551024249249099
query1-2 duration: 180.146934169

eventTimeLatency_sink, p50: 10 ms, p90: 13 ms, p99: 118 ms
nexmark_src_src_ctrl processed: 1, throughput: (event/s) 0.0055507611649443815
nexmark_src_src_data processed: 15836194, throughput: (event/s) 87902.93065572523
nexmark_src_src_epoch processed: 0, throughput: (event/s) 0
nexmark_src_src_logEntry processed: 44209, throughput: (event/s) 245.39360034102617
sink processed: 14569300, throughput: (event/s) 80870.70464042418
nexmark_src_src processed: 15836195, throughput: (event/s) 87902.9362064864
query1-3 duration: 180.155472427

nexmark_src_src_ctrl processed 4 events, duration: 180.163914731
nexmark_src_src_data processed 63343958 events, duration: 180.163914731
nexmark_src_src_epoch processed 0 events, duration: 180.163914731
nexmark_src_src_logEntry processed 175737 events, duration: 180.163914731
sink processed 58276442 events, duration: 180.163914731
nexmark_src_src processed 63343962 events, duration: 180.163914731

