parallel restore str: , false
env str: , async2ndPhase: false
env str: , create snapshot: false
2024/03/03 20:38:49 [INFO] Load configuration for function scale[40]
2024/03/03 20:38:49 [INFO] Load configuration for function chkptmngr[60]
2024/03/03 20:38:49 [INFO] Load configuration for function redisSetup[70]
2024/03/03 20:38:49 [INFO] Load configuration for function source[20]
2024/03/03 20:38:49 [INFO] Load configuration for function query1[30]
2024/03/03 20:38:49 [INFO] Parse FAAS_ENGINE_ID: 7
2024/03/03 20:38:49 [INFO] Parse FAAS_ENGINE_ID: 7
2024/03/03 20:38:49 [INFO] Current GOMAXPROCS is 2
2024/03/03 20:38:49 [INFO] Parse FAAS_ENGINE_ID: 7
2024/03/03 20:38:49 [INFO] Current GOMAXPROCS is 3
2024/03/03 20:38:49 [INFO] Parse FAAS_ENGINE_ID: 7
2024/03/03 20:38:49 [INFO] Current GOMAXPROCS is 4
2024/03/03 20:38:49 [INFO] Start new FuncWorker with client id 7
2024/03/03 20:38:49 [INFO] Start new FuncWorker with client id 10
2024/03/03 20:38:49 [INFO] Start new FuncWorker with client id 8
2024/03/03 20:38:49 [INFO] Start new FuncWorker with client id 9
Enter nexmark: funcName: query1
2024/03/03 20:38:49 [INFO] Handshake with engine done
Enter nexmark: funcName: query1
2024/03/03 20:38:49 [INFO] Handshake with engine done
Enter nexmark: funcName: query1
Enter nexmark: funcName: query1
2024/03/03 20:38:49 [INFO] Handshake with engine done
2024/03/03 20:38:49 [INFO] Handshake with engine done
new buffered sink stream nexmark_src[0] with bufMaxSize 131072
new buffered sink stream nexmark_src[1] with bufMaxSize 131072
new buffered sink stream nexmark_src[2] with bufMaxSize 131072
new buffered sink stream nexmark_src[3] with bufMaxSize 131072
new buffered sink stream q1_out[0] with bufMaxSize 131072
new buffered sink stream q1_out[1] with bufMaxSize 131072
new buffered sink stream q1_out[2] with bufMaxSize 131072
new buffered sink stream q1_out[3] with bufMaxSize 131072
nexmark_src notEnded: map[0:{}], notScaleFence: map[0:{}]
redis address is [snapcache-1:6666 snapcache-2:6666 snapcache-3:6666 snapcache-4:6666]
new buffered sink stream __control_log_q1[0] with bufMaxSize 131072
new buffered sink stream __control_log_q1[0] with bufMaxSize 131072
[0] finished prev task source, funcName query1, meta epoch 0, current epoch 1, cmm instance 0, remain instances: map[]
[1] finished prev task source, funcName query1, meta epoch 0, current epoch 1, cmm instance 0, remain instances: map[]
[2] finished prev task source, funcName query1, meta epoch 0, current epoch 1, cmm instance 0, remain instances: map[]
[3] finished prev task source, funcName query1, meta epoch 0, current epoch 1, cmm instance 0, remain instances: map[]
[0] finished prev task query1, funcName query1, meta epoch 0, current epoch 1, cmm instance 0, remain instances: map[]
[0] prodId: ProducerId: {TaskId: 0x1c00900000001, TaskEpoch: 0x1}, warmup time: 0s, flush every: 100ms, waitEndMark: true
nexmark_src_src counter: dur=10.004017627s, value=40290, rate=4027.3819481545784 per second
q1_out_sink counter: dur=10.004004266s, value=36942, rate=3692.7213361506174 per second
q1_out_sink stats (36942 samples): dur=10.004071413s, p50=0, p90=0, p99=0
q1_out_bufEntry_0 stats (200 samples): dur=11.027499617s, p50=204, p90=333, p99=381
q1_out_bufSize_0 stats (200 samples): dur=11.027519606s, p50=51962, p90=84517, p99=96628
nexmark_src_src counter: dur=10.003194193s, value=80393, rate=4009.0194418162087 per second
q1_out_sink counter: dur=10.003191643s, value=73754, rate=3680.025467247764 per second
q1_out_sink stats (36812 samples): dur=10.003193563s, p50=0, p90=0, p99=0
WaitAlignTime_0(ms) stats (200 samples): dur=21.971481254s, p50=0, p90=0, p99=0
createChkpt_0(ms) stats (200 samples): dur=21.9688516s, p50=1, p90=1, p99=8
q1_out_bufEntry_0 stats (200 samples): dur=11.164347335s, p50=204, p90=364, p99=376
q1_out_bufSize_0 stats (200 samples): dur=11.164344412s, p50=51833, p90=91938, p99=95596
nexmark_src_src counter: dur=10.003296356s, value=120499, rate=4009.2783991093424 per second
q1_out_sink counter: dur=10.003297584s, value=110570, rate=3680.38636168199 per second
q1_out_sink stats (36816 samples): dur=10.003292691s, p50=0, p90=0, p99=0
q1_out_bufEntry_0 stats (200 samples): dur=11.131779361s, p50=204, p90=359, p99=376
q1_out_bufSize_0 stats (200 samples): dur=11.131783262s, p50=51816, p90=90893, p99=95641
nexmark_src_src counter: dur=10.005815623s, value=160614, rate=4009.168418793279 per second
q1_out_sink counter: dur=10.00581468s, value=147390, rate=3679.8602790032883 per second
q1_out_sink stats (36820 samples): dur=10.005825662s, p50=0, p90=0, p99=0
WaitAlignTime_0(ms) stats (200 samples): dur=22.079455232s, p50=0, p90=0, p99=0
createChkpt_0(ms) stats (200 samples): dur=22.079067956s, p50=1, p90=1, p99=14
q1_out_bufEntry_0 stats (200 samples): dur=11.280796928s, p50=204, p90=364, p99=379
q1_out_bufSize_0 stats (200 samples): dur=11.280797935s, p50=51948, p90=92405, p99=96237
nexmark_src_src counter: dur=10.005627679s, value=200724, rate=4008.7440075532318 per second
q1_out_sink counter: dur=10.005630145s, value=184210, rate=3679.928147094228 per second
q1_out_sink stats (36820 samples): dur=10.005621631s, p50=0, p90=0, p99=0
q1_out_bufEntry_0 stats (200 samples): dur=11.114128536s, p50=204, p90=336, p99=372
q1_out_bufSize_0 stats (200 samples): dur=11.114131132s, p50=51849, p90=85324, p99=94774
nexmark_src_src counter: dur=10.008858335s, value=240850, rate=4009.0486504023443 per second
q1_out_sink counter: dur=10.008858666s, value=221042, rate=3679.940064007294 per second
q1_out_sink stats (36832 samples): dur=10.008875684s, p50=0, p90=0, p99=0
WaitAlignTime_0(ms) stats (200 samples): dur=22.128371164s, p50=0, p90=0, p99=0
createChkpt_0(ms) stats (200 samples): dur=22.12682183s, p50=1, p90=1, p99=14
q1_out_bufEntry_0 stats (200 samples): dur=11.156884858s, p50=204, p90=333, p99=404
q1_out_bufSize_0 stats (200 samples): dur=11.156880509s, p50=52065, p90=84639, p99=102270
nexmark_src_src counter: dur=10.003215658s, value=280957, rate=4009.4107106373053 per second
q1_out_sink counter: dur=10.00321848s, value=257858, rate=3680.415465643214 per second
q1_out_sink stats (36816 samples): dur=10.003205343s, p50=0, p90=0, p99=0
q1_out_bufEntry_0 stats (200 samples): dur=11.149824669s, p50=204, p90=339, p99=404
q1_out_bufSize_0 stats (200 samples): dur=11.149824908s, p50=51979, p90=85431, p99=102482
nexmark_src_src counter: dur=10.0056683s, value=321067, rate=4008.7277328591836 per second
q1_out_sink counter: dur=10.005663213s, value=294677, rate=3679.8160417954496 per second
q1_out_sink stats (36819 samples): dur=10.005657827s, p50=0, p90=0, p99=0
WaitAlignTime_0(ms) stats (200 samples): dur=22.09361923s, p50=0, p90=0, p99=0
createChkpt_0(ms) stats (200 samples): dur=22.095013665s, p50=1, p90=1, p99=15
q1_out_bufEntry_0 stats (200 samples): dur=10.949748781s, p50=204, p90=340, p99=372
q1_out_bufSize_0 stats (200 samples): dur=10.949749632s, p50=51948, p90=85638, p99=94568
nexmark_src_src counter: dur=10.008401548s, value=361190, rate=4008.931876640967 per second
q1_out_sink counter: dur=10.008402851s, value=331506, rate=3679.8079122404824 per second
q1_out_sink stats (36829 samples): dur=10.008405124s, p50=0, p90=0, p99=0
nexmark_src_src counter: dur=10.001497094s, value=401289, rate=4009.2997701369927 per second
q1_out_sink counter: dur=10.001495455s, value=368314, rate=3680.2496352281746 per second
q1_out_sink stats (36808 samples): dur=10.001491902s, p50=0, p90=0, p99=0
q1_out_bufEntry_0 stats (200 samples): dur=11.291120526s, p50=204, p90=365, p99=404
q1_out_bufSize_0 stats (200 samples): dur=11.291117962s, p50=51786, p90=93050, p99=102407
nexmark_src_src counter: dur=10.010958787s, value=441420, rate=4008.7069434461355 per second
q1_out_sink counter: dur=10.010970245s, value=405150, rate=3679.5634287693365 per second
q1_out_sink stats (36836 samples): dur=10.011016587s, p50=0, p90=0, p99=0
WaitAlignTime_0(ms) stats (200 samples): dur=22.00667391s, p50=0, p90=0, p99=0
createChkpt_0(ms) stats (200 samples): dur=22.006686855s, p50=1, p90=1, p99=1
q1_out_bufEntry_0 stats (200 samples): dur=10.998891914s, p50=204, p90=332, p99=372
q1_out_bufSize_0 stats (200 samples): dur=10.998892684s, p50=51744, p90=84583, p99=94723
nexmark_src_src counter: dur=10.010094143s, value=481554, rate=4009.352901847129 per second
q1_out_sink counter: dur=10.010085451s, value=441990, rate=3680.2882633054555 per second
q1_out_sink stats (36840 samples): dur=10.010044128s, p50=0, p90=0, p99=0
q1_out_bufEntry_0 stats (200 samples): dur=11.008863172s, p50=204, p90=332, p99=380
q1_out_bufSize_0 stats (200 samples): dur=11.008863273s, p50=51750, p90=84898, p99=96247
nexmark_src_src counter: dur=10.001984026s, value=521653, rate=4009.1045832270156 per second
q1_out_sink counter: dur=10.001982459s, value=478798, rate=3680.070441123336 per second
q1_out_sink stats (36808 samples): dur=10.00197768s, p50=0, p90=0, p99=0
WaitAlignTime_0(ms) stats (200 samples): dur=22.067779943s, p50=0, p90=0, p99=0
createChkpt_0(ms) stats (200 samples): dur=22.06786312s, p50=1, p90=1, p99=2
q1_out_bufEntry_0 stats (200 samples): dur=11.062973758s, p50=204, p90=336, p99=376
q1_out_bufSize_0 stats (200 samples): dur=11.062975717s, p50=51972, p90=85201, p99=94756
nexmark_src_src counter: dur=10.005122171s, value=561763, rate=4008.9465490246034 per second
q1_out_sink counter: dur=10.005127458s, value=515615, rate=3679.813191241406 per second
q1_out_sink stats (36817 samples): dur=10.005132182s, p50=0, p90=0, p99=0
q1_out_bufEntry_0 stats (200 samples): dur=11.337866552s, p50=207, p90=364, p99=380
q1_out_bufSize_0 stats (200 samples): dur=11.337865764s, p50=52549, p90=92334, p99=97114
nexmark_src_src counter: dur=10.002680154s, value=601861, rate=4008.725599804878 per second
q1_out_sink counter: dur=10.002675966s, value=552422, rate=3679.7153206912153 per second
q1_out_sink stats (36807 samples): dur=10.002676124s, p50=0, p90=0, p99=0
WaitAlignTime_0(ms) stats (200 samples): dur=22.21765655s, p50=0, p90=0, p99=0
createChkpt_0(ms) stats (200 samples): dur=22.218071793s, p50=1, p90=1, p99=18
q1_out_bufEntry_0 stats (200 samples): dur=11.198673333s, p50=204, p90=364, p99=376
q1_out_bufSize_0 stats (200 samples): dur=11.198676166s, p50=51834, p90=92469, p99=95498
nexmark_src_src counter: dur=10.007373843s, value=641984, rate=4009.343572995967 per second
q1_out_sink counter: dur=10.007374199s, value=589254, rate=3680.4859364288077 per second
q1_out_sink stats (36832 samples): dur=10.00737166s, p50=0, p90=0, p99=0
q1_out_bufEntry_0 stats (200 samples): dur=11.072262823s, p50=204, p90=364, p99=372
q1_out_bufSize_0 stats (200 samples): dur=11.072258252s, p50=52083, p90=92244, p99=94488
nexmark_src_src counter: dur=10.002018395s, value=682082, rate=4008.9908272959137 per second
q1_out_sink counter: dur=10.002018933s, value=626061, rate=3679.9570413290676 per second
q1_out_sink stats (36807 samples): dur=10.002017046s, p50=0, p90=0, p99=0
WaitAlignTime_0(ms) stats (200 samples): dur=22.069185015s, p50=0, p90=0, p99=0
createChkpt_0(ms) stats (200 samples): dur=22.068991974s, p50=1, p90=1, p99=1
q1_out_bufEntry_0 stats (200 samples): dur=11.127879536s, p50=204, p90=340, p99=373
q1_out_bufSize_0 stats (200 samples): dur=11.127880294s, p50=51974, p90=86427, p99=95256
0 producer ended, map[] remain
exit due to ctrlMsg
createChkpt_0(ms) (29 samples): dur=3.236864605s, data=[1 1 1 1 1 1 1 1 1 1 1 1 1 1 1 1 1 1 1 1 1 1 1 1 11 1 1 1 1]
[0]duration: 180.008319 s, uts: 1709498634030
WaitAlignTime_0(ms) (29 samples): dur=3.241446765s, data=[0 0 0 0 0 0 0 0 0 0 0 0 0 0 0 0 0 0 0 0 0 0 0 0 0 0 0 0 0]
nexmark_src_src msgCnt 721630, ctrlCnt 1630, epochCnt 0, logEntry 16137
sink msgCnt 662400, ctrlCnt 1630
