parallel restore str: , false
env str: , async2ndPhase: false
env str: , create snapshot: false
2024/03/03 07:18:56 [INFO] Load configuration for function scale[40]
2024/03/03 07:18:56 [INFO] Load configuration for function chkptmngr[60]
2024/03/03 07:18:56 [INFO] Load configuration for function redisSetup[70]
2024/03/03 07:18:56 [INFO] Load configuration for function source[20]
2024/03/03 07:18:56 [INFO] Load configuration for function query1[30]
2024/03/03 07:18:56 [INFO] Parse FAAS_ENGINE_ID: 5
2024/03/03 07:18:56 [INFO] Parse FAAS_ENGINE_ID: 5
2024/03/03 07:18:56 [INFO] Current GOMAXPROCS is 2
2024/03/03 07:18:56 [INFO] Parse FAAS_ENGINE_ID: 5
2024/03/03 07:18:56 [INFO] Current GOMAXPROCS is 3
2024/03/03 07:18:56 [INFO] Parse FAAS_ENGINE_ID: 5
2024/03/03 07:18:56 [INFO] Start new FuncWorker with client id 7
2024/03/03 07:18:56 [INFO] Start new FuncWorker with client id 9
2024/03/03 07:18:56 [INFO] Start new FuncWorker with client id 8
2024/03/03 07:18:56 [INFO] Current GOMAXPROCS is 4
2024/03/03 07:18:56 [INFO] Start new FuncWorker with client id 10
Enter nexmark: funcName: query1
2024/03/03 07:18:56 [INFO] Handshake with engine done
Enter nexmark: funcName: query1
2024/03/03 07:18:56 [INFO] Handshake with engine done
Enter nexmark: funcName: query1
2024/03/03 07:18:56 [INFO] Handshake with engine done
Enter nexmark: funcName: query1
2024/03/03 07:18:56 [INFO] Handshake with engine done
new buffered sink stream nexmark_src[0] with bufMaxSize 131072
new buffered sink stream nexmark_src[1] with bufMaxSize 131072
new buffered sink stream nexmark_src[2] with bufMaxSize 131072
new buffered sink stream nexmark_src[3] with bufMaxSize 131072
new buffered sink stream q1_out[0] with bufMaxSize 131072
new buffered sink stream q1_out[1] with bufMaxSize 131072
new buffered sink stream q1_out[2] with bufMaxSize 131072
new buffered sink stream q1_out[3] with bufMaxSize 131072
nexmark_src notEnded: map[0:{}], notScaleFence: map[0:{}]
redis address is [snapcache-1:6666 snapcache-2:6666 snapcache-3:6666 snapcache-4:6666]
new buffered sink stream __control_log_q1[0] with bufMaxSize 131072
new buffered sink stream __control_log_q1[0] with bufMaxSize 131072
[0] finished prev task source, funcName query1, meta epoch 0, current epoch 1, cmm instance 0, remain instances: map[]
[1] finished prev task source, funcName query1, meta epoch 0, current epoch 1, cmm instance 0, remain instances: map[]
[2] finished prev task source, funcName query1, meta epoch 0, current epoch 1, cmm instance 0, remain instances: map[]
[3] finished prev task source, funcName query1, meta epoch 0, current epoch 1, cmm instance 0, remain instances: map[]
[0] finished prev task query1, funcName query1, meta epoch 0, current epoch 1, cmm instance 0, remain instances: map[]
[0] prodId: ProducerId: {TaskId: 0x1400700000001, TaskEpoch: 0x1}, warmup time: 0s, flush every: 100ms, waitEndMark: true
nexmark_src_src counter: dur=10.009387561s, value=40666, rate=4062.7860348268114 per second
q1_out_sink counter: dur=10.000167624s, value=37290, rate=3728.9374940581497 per second
q1_out_sink stats (37290 samples): dur=10.000234555s, p50=0, p90=0, p99=1
q1_out_bufEntry_0 stats (200 samples): dur=11.267913954s, p50=212, p90=339, p99=384
q1_out_bufSize_0 stats (200 samples): dur=11.267937858s, p50=53573, p90=86098, p99=97357
nexmark_src_src counter: dur=10.005674874s, value=80777, rate=4008.8250422996903 per second
q1_out_sink counter: dur=10.005659599s, value=74107, rate=3679.617484056685 per second
q1_out_sink stats (36817 samples): dur=10.005659368s, p50=0, p90=0, p99=1
WaitAlignTime_0(ms) stats (200 samples): dur=21.97169219s, p50=0, p90=0, p99=0
createChkpt_0(ms) stats (200 samples): dur=21.96764364s, p50=1, p90=1, p99=3
q1_out_bufEntry_0 stats (200 samples): dur=11.101101905s, p50=208, p90=336, p99=380
q1_out_bufSize_0 stats (200 samples): dur=11.101101158s, p50=52905, p90=85466, p99=96810
nexmark_src_src counter: dur=10.002536651s, value=120868, rate=4008.0832891516493 per second
q1_out_sink counter: dur=10.00254083s, value=110907, rate=3679.065212073721 per second
q1_out_sink stats (36800 samples): dur=10.002551065s, p50=0, p90=0, p99=1
q1_out_bufEntry_0 stats (200 samples): dur=11.278386271s, p50=208, p90=339, p99=380
q1_out_bufSize_0 stats (200 samples): dur=11.278386302s, p50=52552, p90=86111, p99=96182
nexmark_src_src counter: dur=10.000683875s, value=160970, rate=4009.925771201322 per second
q1_out_sink counter: dur=10.00069482s, value=147718, rate=3680.8442475799898 per second
q1_out_sink stats (36811 samples): dur=10.000711029s, p50=0, p90=0, p99=1
WaitAlignTime_0(ms) stats (200 samples): dur=22.032742751s, p50=0, p90=0, p99=0
createChkpt_0(ms) stats (200 samples): dur=22.034591528s, p50=1, p90=1, p99=2
q1_out_bufEntry_0 stats (200 samples): dur=11.220623776s, p50=208, p90=368, p99=380
q1_out_bufSize_0 stats (200 samples): dur=11.220622717s, p50=52593, p90=93386, p99=96741
nexmark_src_src counter: dur=10.003849749s, value=201077, rate=4009.1565753483205 per second
q1_out_sink counter: dur=10.00384281s, value=184534, rate=3680.185774530378 per second
q1_out_sink stats (36816 samples): dur=10.003816653s, p50=0, p90=0, p99=1
q1_out_bufEntry_0 stats (200 samples): dur=10.999150645s, p50=208, p90=336, p99=376
q1_out_bufSize_0 stats (200 samples): dur=10.999151967s, p50=52664, p90=85110, p99=96168
nexmark_src_src counter: dur=10.002005972s, value=241176, rate=4009.0957866106746 per second
q1_out_sink counter: dur=10.002007835s, value=221338, rate=3679.661184748512 per second
q1_out_sink stats (36804 samples): dur=10.002006553s, p50=0, p90=0, p99=1
WaitAlignTime_0(ms) stats (200 samples): dur=22.060868576s, p50=0, p90=0, p99=0
createChkpt_0(ms) stats (200 samples): dur=22.061026733s, p50=1, p90=1, p99=2
q1_out_bufEntry_0 stats (200 samples): dur=11.200591259s, p50=208, p90=336, p99=380
q1_out_bufSize_0 stats (200 samples): dur=11.200587593s, p50=52420, p90=85409, p99=96915
nexmark_src_src counter: dur=10.00292144s, value=281278, rate=4009.028786294257 per second
q1_out_sink counter: dur=10.002915969s, value=258153, rate=3680.426798954748 per second
q1_out_sink stats (36815 samples): dur=10.002920003s, p50=0, p90=0, p99=0
q1_out_bufEntry_0 stats (200 samples): dur=11.232293207s, p50=208, p90=340, p99=377
q1_out_bufSize_0 stats (200 samples): dur=11.232294923s, p50=52672, p90=86830, p99=95831
nexmark_src_src counter: dur=10.007061456s, value=321397, rate=4009.0690135559807 per second
q1_out_sink counter: dur=10.007061331s, value=294978, rate=3679.90149974629 per second
q1_out_sink stats (36825 samples): dur=10.007069394s, p50=0, p90=0, p99=0
WaitAlignTime_0(ms) stats (200 samples): dur=22.07425832s, p50=0, p90=0, p99=0
createChkpt_0(ms) stats (200 samples): dur=22.07346876s, p50=1, p90=1, p99=2
q1_out_bufEntry_0 stats (200 samples): dur=10.96790129s, p50=207, p90=335, p99=380
q1_out_bufSize_0 stats (200 samples): dur=10.967899774s, p50=52645, p90=85150, p99=96809
nexmark_src_src counter: dur=10.003910698s, value=361504, rate=4009.1321494921244 per second
q1_out_sink counter: dur=10.003914235s, value=331794, rate=3680.1594990883086 per second
q1_out_sink stats (36816 samples): dur=10.003903293s, p50=0, p90=0, p99=0
nexmark_src_src counter: dur=10.003462939s, value=401610, rate=4009.211634467175 per second
q1_out_sink counter: dur=10.003458709s, value=368606, rate=3679.927220260394 per second
q1_out_sink stats (36812 samples): dur=10.003458559s, p50=0, p90=0, p99=0
q1_out_bufEntry_0 stats (200 samples): dur=11.100523378s, p50=205, p90=336, p99=376
q1_out_bufSize_0 stats (200 samples): dur=11.100524758s, p50=52320, p90=85671, p99=95987
nexmark_src_src counter: dur=10.000342513s, value=441703, rate=4009.1626809662657 per second
q1_out_sink counter: dur=10.000347433s, value=405406, rate=3679.8721490979624 per second
q1_out_sink stats (36800 samples): dur=10.000363093s, p50=0, p90=0, p99=0
WaitAlignTime_0(ms) stats (200 samples): dur=22.125143165s, p50=0, p90=0, p99=0
createChkpt_0(ms) stats (200 samples): dur=22.126021618s, p50=1, p90=1, p99=12
q1_out_bufEntry_0 stats (200 samples): dur=11.199540478s, p50=205, p90=336, p99=380
q1_out_bufSize_0 stats (200 samples): dur=11.199541685s, p50=52213, p90=85345, p99=96035
nexmark_src_src counter: dur=10.008213783s, value=481823, rate=4008.7073347841574 per second
q1_out_sink counter: dur=10.008209349s, value=442238, rate=3680.178812774353 per second
q1_out_sink stats (36832 samples): dur=10.00819245s, p50=0, p90=0, p99=1
q1_out_bufEntry_0 stats (200 samples): dur=11.101757853s, p50=208, p90=336, p99=380
q1_out_bufSize_0 stats (200 samples): dur=11.101759006s, p50=52761, p90=85549, p99=96606
nexmark_src_src counter: dur=10.002175523s, value=521926, rate=4009.4277397735286 per second
q1_out_sink counter: dur=10.002173089s, value=479045, rate=3679.900324908285 per second
q1_out_sink stats (36807 samples): dur=10.002174038s, p50=0, p90=0, p99=1
WaitAlignTime_0(ms) stats (200 samples): dur=22.060151014s, p50=0, p90=0, p99=0
createChkpt_0(ms) stats (200 samples): dur=22.058959836s, p50=1, p90=1, p99=2
q1_out_bufEntry_0 stats (200 samples): dur=11.098214401s, p50=205, p90=336, p99=376
q1_out_bufSize_0 stats (200 samples): dur=11.098212988s, p50=52353, p90=86009, p99=96215
nexmark_src_src counter: dur=10.005439957s, value=562037, rate=4008.919165212477 per second
q1_out_sink counter: dur=10.005440785s, value=515866, rate=3680.097737942887 per second
q1_out_sink stats (36821 samples): dur=10.005440341s, p50=0, p90=0, p99=1
q1_out_bufEntry_0 stats (200 samples): dur=11.108902932s, p50=208, p90=336, p99=380
q1_out_bufSize_0 stats (200 samples): dur=11.10890314s, p50=52707, p90=85351, p99=96375
nexmark_src_src counter: dur=10.008342895s, value=602124, rate=4005.3583715668647 per second
q1_out_sink counter: dur=10.011732642s, value=552702, rate=3679.2832287060987 per second
q1_out_sink stats (36836 samples): dur=10.011738693s, p50=0, p90=0, p99=0
WaitAlignTime_0(ms) stats (200 samples): dur=22.038387472s, p50=0, p90=0, p99=0
createChkpt_0(ms) stats (200 samples): dur=22.039480425s, p50=1, p90=1, p99=2
q1_out_bufEntry_0 stats (200 samples): dur=10.919171256s, p50=205, p90=340, p99=380
q1_out_bufSize_0 stats (200 samples): dur=10.919170738s, p50=52054, p90=85881, p99=96383
nexmark_src_src counter: dur=10.006248592s, value=642274, rate=4012.4927569858637 per second
q1_out_sink counter: dur=10.002864779s, value=589514, rate=3680.14571958256 per second
q1_out_sink stats (36812 samples): dur=10.002867926s, p50=0, p90=0, p99=0
q1_out_bufEntry_0 stats (200 samples): dur=11.242814873s, p50=208, p90=336, p99=380
q1_out_bufSize_0 stats (200 samples): dur=11.24281526s, p50=52721, p90=85685, p99=97284
nexmark_src_src counter: dur=10.005361234s, value=682385, rate=4008.9507077161466 per second
q1_out_sink counter: dur=10.005359102s, value=626337, rate=3680.3276748597004 per second
q1_out_sink stats (36823 samples): dur=10.005347873s, p50=0, p90=0, p99=1
WaitAlignTime_0(ms) stats (200 samples): dur=22.103407926s, p50=0, p90=0, p99=0
createChkpt_0(ms) stats (200 samples): dur=22.103118351s, p50=1, p90=1, p99=2
q1_out_bufEntry_0 stats (200 samples): dur=11.130791752s, p50=204, p90=336, p99=380
q1_out_bufSize_0 stats (200 samples): dur=11.130793672s, p50=51963, p90=86105, p99=96573
0 producer ended, map[] remain
exit due to ctrlMsg
createChkpt_0(ms) (31 samples): dur=3.415774913s, data=[1 1 1 1 1 1 1 1 1 1 1 1 1 1 1 1 1 1 1 1 1 1 1 1 1 1 1 1 1 1 1]
[0]duration: 180.035620 s, uts: 1709450643307
WaitAlignTime_0(ms) (31 samples): dur=3.420586042s, data=[0 0 0 0 0 0 0 0 0 0 0 0 0 0 0 0 0 0 0 0 0 0 0 0 0 0 0 0 0 0 0]
nexmark_src_src msgCnt 721632, ctrlCnt 1632, epochCnt 0, logEntry 15903
sink msgCnt 662400, ctrlCnt 1632
