wait for last: true
warmup: 0
config: map[NodeConstraint:"1,2,3,4" NumInstance:4 OutputTopicName:["nexmark_src"] funcName:"source"]
config: map[InputTopicNames:["nexmark_src"] NodeConstraint:"5,6,7,8" NumInstance:4 NumSrcProducer:[1] OutputTopicName:["q46_aucsByID","q46_bidsByAucID"] funcName:"q46GroupBy"]
config: map[InputTopicNames:["q46_aucsByID","q46_bidsByAucID"] NodeConstraint:"5,6,7,8" NumInstance:4 NumSrcProducer:[4,4] OutputTopicName:["q4_aucIDCat"] funcName:"q4JoinStream"]
config: map[InputTopicNames:["q4_aucIDCat"] NodeConstraint:"5,6,7,8" NumInstance:4 NumSrcProducer:[1] OutputTopicName:["q4_maxBids"] funcName:"q4MaxBid"]
config: map[InputTopicNames:["q4_maxBids"] NodeConstraint:"5,6,7,8" NumInstance:4 NumSrcProducer:[4] OutputTopicName:["q4_out"] funcName:"q4Avg"]
srcInvokeConfig: {TopicName:nexmark_src AppId:q4 NodeConstraint:1,2,3,4 ScaleEpoch:0 NumOutPartition:4 InstanceID:0 NumSrcInstance:4}
cliNodes: [0xc000026260 0xc0000262c0 0xc000026300 0xc000026360]
inParamsMap: map[q46GroupBy:[0xc000000be0 0xc000000c80 0xc000000d20 0xc000000dc0] q4Avg:[0xc000001360 0xc000001400 0xc0000014a0 0xc000001540] q4JoinStream:[0xc000000e60 0xc000000f00 0xc000000fa0 0xc000001040] q4MaxBid:[0xc0000010e0 0xc000001180 0xc000001220 0xc0000012c0]]
configScaleInput: {Config:map[changelog:4 nexmark_src:4 q46GroupBy:4 q46_aucsByID:4 q46_bidsByAucID:4 q4Avg:4 q4JoinStream:4 q4MaxBid:4 q4_aucIDCat:4 q4_maxBids:4 q4_out:4 source:4] AppId:q4 FuncNames:[source q46GroupBy q4JoinStream q4MaxBid q4Avg] ScaleEpoch:0 SerdeFormat:1 Bootstrap:false}
encoded json is {"sg":{"changelog":4,"nexmark_src":4,"q46GroupBy":4,"q46_aucsByID":4,"q46_bidsByAucID":4,"q4Avg":4,"q4JoinStream":4,"q4MaxBid":4,"q4_aucIDCat":4,"q4_maxBids":4,"q4_out":4,"source":4},"aid":"q4","fns":["source","q46GroupBy","q4JoinStream","q4MaxBid","q4Avg"],"epoch":1,"serdeFormat":1,"bs":true}, node constraint is 1
func source url is http://ip-172-31-0-177.us-east-2.compute.internal:8080/function/source
func source url is http://ip-172-31-0-177.us-east-2.compute.internal:8080/function/source
func source url is http://ip-172-31-0-177.us-east-2.compute.internal:8080/function/source
func source url is http://ip-172-31-0-177.us-east-2.compute.internal:8080/function/source
encoded json is {"topic_name":"nexmark_src","rate_shape":"square","aid":"q4","events_num":1080000,"rate_period":10000000000,"bid_avg_size":100,"first_event_rate":6000,"next_event_rate":6000,"person_avg_size":200,"auction_avg_size":500,"duration":180,"person_proportion":1,"auction_proportion":3,"bid_proportion":46,"bid_hot_ratio_auctions":2,"bid_hot_ratio_bidders":4,"auction_hot_ratio_sellers":4,"flushms":100,"rate_limited":false,"waitEnd":true,"serde_format":1,"numOutPar":4,"parNum":1,"nSrcIns":4}, node constraint is 1,2,3,4
encoded json is {"topic_name":"nexmark_src","rate_shape":"square","aid":"q4","events_num":1080000,"rate_period":10000000000,"bid_avg_size":100,"first_event_rate":6000,"next_event_rate":6000,"person_avg_size":200,"auction_avg_size":500,"duration":180,"person_proportion":1,"auction_proportion":3,"bid_proportion":46,"bid_hot_ratio_auctions":2,"bid_hot_ratio_bidders":4,"auction_hot_ratio_sellers":4,"flushms":100,"rate_limited":false,"waitEnd":true,"serde_format":1,"numOutPar":4,"parNum":3,"nSrcIns":4}, node constraint is 1,2,3,4
src instance: 4
encoded json is {"topic_name":"nexmark_src","rate_shape":"square","aid":"q4","events_num":1080000,"rate_period":10000000000,"bid_avg_size":100,"first_event_rate":6000,"next_event_rate":6000,"person_avg_size":200,"auction_avg_size":500,"duration":180,"person_proportion":1,"auction_proportion":3,"bid_proportion":46,"bid_hot_ratio_auctions":2,"bid_hot_ratio_bidders":4,"auction_hot_ratio_sellers":4,"flushms":100,"rate_limited":false,"waitEnd":true,"serde_format":1,"numOutPar":4,"parNum":2,"nSrcIns":4}, node constraint is 1,2,3,4
encoded json is {"topic_name":"nexmark_src","rate_shape":"square","aid":"q4","events_num":1080000,"rate_period":10000000000,"bid_avg_size":100,"first_event_rate":6000,"next_event_rate":6000,"person_avg_size":200,"auction_avg_size":500,"duration":180,"person_proportion":1,"auction_proportion":3,"bid_proportion":46,"bid_hot_ratio_auctions":2,"bid_hot_ratio_bidders":4,"auction_hot_ratio_sellers":4,"flushms":100,"rate_limited":false,"waitEnd":true,"serde_format":1,"numOutPar":4,"nSrcIns":4}, node constraint is 1,2,3,4
Waiting for all client to return
func name is q4JoinStream
func url is http://ip-172-31-0-177.us-east-2.compute.internal:8080/function/q4JoinStream
func name is q4Avg
func url is http://ip-172-31-0-177.us-east-2.compute.internal:8080/function/q4Avg
func name is q4MaxBid
func url is http://ip-172-31-0-177.us-east-2.compute.internal:8080/function/q4MaxBid
func name is q4MaxBid
func url is http://ip-172-31-0-177.us-east-2.compute.internal:8080/function/q4MaxBid
func name is q4MaxBid
func url is http://ip-172-31-0-177.us-east-2.compute.internal:8080/function/q4MaxBid
func name is q4MaxBid
func url is http://ip-172-31-0-177.us-east-2.compute.internal:8080/function/q4MaxBid
func name is q4JoinStream
func url is http://ip-172-31-0-177.us-east-2.compute.internal:8080/function/q4JoinStream
func name is q4JoinStream
func url is http://ip-172-31-0-177.us-east-2.compute.internal:8080/function/q4JoinStream
func name is q4JoinStream
func url is http://ip-172-31-0-177.us-east-2.compute.internal:8080/function/q4JoinStream
func name is q46GroupBy
func name is q46GroupBy
func url is http://ip-172-31-0-177.us-east-2.compute.internal:8080/function/q46GroupBy
func url is http://ip-172-31-0-177.us-east-2.compute.internal:8080/function/q46GroupBy
func name is q46GroupBy
func url is http://ip-172-31-0-177.us-east-2.compute.internal:8080/function/q46GroupBy
func name is q46GroupBy
func name is q4Avg
func url is http://ip-172-31-0-177.us-east-2.compute.internal:8080/function/q46GroupBy
func url is http://ip-172-31-0-177.us-east-2.compute.internal:8080/function/q4Avg
func name is q4Avg
func url is http://ip-172-31-0-177.us-east-2.compute.internal:8080/function/q4Avg
func name is q4Avg
func url is http://ip-172-31-0-177.us-east-2.compute.internal:8080/function/q4Avg
encoded json is {"aid":"q4","numOutPartition":"BA==","numSubstreamProducer":"BA==","outputTopicName":["q4_out"],"inputTopicName":["q4_maxBids"],"commEveryMs":100,"flushMs":100,"snapEveryS":10,"duration":180,"epoch":1,"waitEnd":true,"numChangelogPartition":4,"numInPartition":4,"ParNum":3,"gua":3,"serdeFormat":1}, node constraint is 5,6,7,8
encoded json is {"aid":"q4","numOutPartition":"BA==","numSubstreamProducer":"AQ==","outputTopicName":["q4_maxBids"],"inputTopicName":["q4_aucIDCat"],"commEveryMs":100,"flushMs":100,"snapEveryS":10,"duration":180,"epoch":1,"waitEnd":true,"numChangelogPartition":4,"numInPartition":4,"ParNum":1,"gua":3,"serdeFormat":1}, node constraint is 5,6,7,8
encoded json is {"aid":"q4","numOutPartition":"BA==","numSubstreamProducer":"AQ==","outputTopicName":["q4_maxBids"],"inputTopicName":["q4_aucIDCat"],"commEveryMs":100,"flushMs":100,"snapEveryS":10,"duration":180,"epoch":1,"waitEnd":true,"numChangelogPartition":4,"numInPartition":4,"ParNum":3,"gua":3,"serdeFormat":1}, node constraint is 5,6,7,8
encoded json is {"aid":"q4","numOutPartition":"BA==","numSubstreamProducer":"AQ==","outputTopicName":["q4_maxBids"],"inputTopicName":["q4_aucIDCat"],"commEveryMs":100,"flushMs":100,"snapEveryS":10,"duration":180,"epoch":1,"waitEnd":true,"numChangelogPartition":4,"numInPartition":4,"gua":3,"serdeFormat":1}, node constraint is 5,6,7,8
encoded json is {"aid":"q4","numOutPartition":"BA==","numSubstreamProducer":"BA==","outputTopicName":["q4_out"],"inputTopicName":["q4_maxBids"],"commEveryMs":100,"flushMs":100,"snapEveryS":10,"duration":180,"epoch":1,"waitEnd":true,"numChangelogPartition":4,"numInPartition":4,"ParNum":1,"gua":3,"serdeFormat":1}, node constraint is 5,6,7,8
encoded json is {"aid":"q4","numOutPartition":"BA==","numSubstreamProducer":"BAQ=","outputTopicName":["q4_aucIDCat"],"inputTopicName":["q46_aucsByID","q46_bidsByAucID"],"commEveryMs":100,"flushMs":100,"snapEveryS":10,"duration":180,"epoch":1,"waitEnd":true,"numChangelogPartition":4,"numInPartition":4,"ParNum":2,"gua":3,"serdeFormat":1}, node constraint is 5,6,7,8
encoded json is {"aid":"q4","numOutPartition":"BAQ=","numSubstreamProducer":"AQ==","outputTopicName":["q46_aucsByID","q46_bidsByAucID"],"inputTopicName":["nexmark_src"],"commEveryMs":100,"flushMs":100,"snapEveryS":10,"duration":180,"epoch":1,"waitEnd":true,"numChangelogPartition":4,"numInPartition":4,"ParNum":1,"gua":3,"serdeFormat":1}, node constraint is 5,6,7,8
encoded json is {"aid":"q4","numOutPartition":"BAQ=","numSubstreamProducer":"AQ==","outputTopicName":["q46_aucsByID","q46_bidsByAucID"],"inputTopicName":["nexmark_src"],"commEveryMs":100,"flushMs":100,"snapEveryS":10,"duration":180,"epoch":1,"waitEnd":true,"numChangelogPartition":4,"numInPartition":4,"gua":3,"serdeFormat":1}, node constraint is 5,6,7,8
encoded json is {"aid":"q4","numOutPartition":"BAQ=","numSubstreamProducer":"AQ==","outputTopicName":["q46_aucsByID","q46_bidsByAucID"],"inputTopicName":["nexmark_src"],"commEveryMs":100,"flushMs":100,"snapEveryS":10,"duration":180,"epoch":1,"waitEnd":true,"numChangelogPartition":4,"numInPartition":4,"ParNum":2,"gua":3,"serdeFormat":1}, node constraint is 5,6,7,8
encoded json is {"aid":"q4","numOutPartition":"BAQ=","numSubstreamProducer":"AQ==","outputTopicName":["q46_aucsByID","q46_bidsByAucID"],"inputTopicName":["nexmark_src"],"commEveryMs":100,"flushMs":100,"snapEveryS":10,"duration":180,"epoch":1,"waitEnd":true,"numChangelogPartition":4,"numInPartition":4,"ParNum":3,"gua":3,"serdeFormat":1}, node constraint is 5,6,7,8
encoded json is {"aid":"q4","numOutPartition":"BA==","numSubstreamProducer":"BAQ=","outputTopicName":["q4_aucIDCat"],"inputTopicName":["q46_aucsByID","q46_bidsByAucID"],"commEveryMs":100,"flushMs":100,"snapEveryS":10,"duration":180,"epoch":1,"waitEnd":true,"numChangelogPartition":4,"numInPartition":4,"ParNum":3,"gua":3,"serdeFormat":1}, node constraint is 5,6,7,8
encoded json is {"aid":"q4","numOutPartition":"BA==","numSubstreamProducer":"BAQ=","outputTopicName":["q4_aucIDCat"],"inputTopicName":["q46_aucsByID","q46_bidsByAucID"],"commEveryMs":100,"flushMs":100,"snapEveryS":10,"duration":180,"epoch":1,"waitEnd":true,"numChangelogPartition":4,"numInPartition":4,"gua":3,"serdeFormat":1}, node constraint is 5,6,7,8
encoded json is {"aid":"q4","numOutPartition":"BA==","numSubstreamProducer":"AQ==","outputTopicName":["q4_maxBids"],"inputTopicName":["q4_aucIDCat"],"commEveryMs":100,"flushMs":100,"snapEveryS":10,"duration":180,"epoch":1,"waitEnd":true,"numChangelogPartition":4,"numInPartition":4,"ParNum":2,"gua":3,"serdeFormat":1}, node constraint is 5,6,7,8
encoded json is {"aid":"q4","numOutPartition":"BA==","numSubstreamProducer":"BA==","outputTopicName":["q4_out"],"inputTopicName":["q4_maxBids"],"commEveryMs":100,"flushMs":100,"snapEveryS":10,"duration":180,"epoch":1,"waitEnd":true,"numChangelogPartition":4,"numInPartition":4,"ParNum":2,"gua":3,"serdeFormat":1}, node constraint is 5,6,7,8
encoded json is {"aid":"q4","numOutPartition":"BA==","numSubstreamProducer":"BA==","outputTopicName":["q4_out"],"inputTopicName":["q4_maxBids"],"commEveryMs":100,"flushMs":100,"snapEveryS":10,"duration":180,"epoch":1,"waitEnd":true,"numChangelogPartition":4,"numInPartition":4,"gua":3,"serdeFormat":1}, node constraint is 5,6,7,8
encoded json is {"aid":"q4","numOutPartition":"BA==","numSubstreamProducer":"BAQ=","outputTopicName":["q4_aucIDCat"],"inputTopicName":["q46_aucsByID","q46_bidsByAucID"],"commEveryMs":100,"flushMs":100,"snapEveryS":10,"duration":180,"epoch":1,"waitEnd":true,"numChangelogPartition":4,"numInPartition":4,"ParNum":1,"gua":3,"serdeFormat":1}, node constraint is 5,6,7,8
source-1 invoke done
source-3 invoke done
source-2 invoke done
q46GroupBy-3 call done
q46GroupBy-1 call done
q46GroupBy-2 call done
source-0 invoke done
q46GroupBy-0 call done
q4JoinStream-2 call done
q4MaxBid-2 call done
q4JoinStream-1 call done
q4MaxBid-1 call done
q4JoinStream-3 call done
q4MaxBid-3 call done
q4JoinStream-0 call done
q4MaxBid-0 call done
q4Avg-1 call done
q4Avg-0 call done
q4Avg-2 call done
q4Avg-3 call done
sink processed: 270001, throughput: (event/s) 1499.9855906973437
sink_ctrl processed: 1, throughput: (event/s) 0.005555481611910118
source-0 duration: 180.002395806

sink processed: 270001, throughput: (event/s) 1499.9910674418334
sink_ctrl processed: 1, throughput: (event/s) 0.005555501896073842
source-1 duration: 180.001738584

sink processed: 270001, throughput: (event/s) 1499.9821612337762
sink_ctrl processed: 1, throughput: (event/s) 0.005555468910240244
source-2 duration: 180.002807352

sink processed: 270001, throughput: (event/s) 1499.9926838266704
sink_ctrl processed: 1, throughput: (event/s) 0.005555507882662177
source-3 duration: 180.001544615

sink processed 1080004 events, duration: 180.002807352, tp: 5999.928645
sink_ctrl processed 4 events, duration: 180.002807352, tp: 0.022222

nexmark_src_src_logEntry processed: 1759, throughput: (event/s) 9.769587240089884
aucsByIDSink processed: 16200, throughput: (event/s) 89.97573239878119
bidsByAucIDSink processed: 248400, throughput: (event/s) 1379.6278967813116
nexmark_src_src processed: 270001, throughput: (event/s) 1499.6010940372419
nexmark_src_src_ctrl processed: 1, throughput: (event/s) 0.00555405755548032
nexmark_src_src_data processed: 270000, throughput: (event/s) 1499.5955399796865
nexmark_src_src_epoch processed: 0, throughput: (event/s) 0
q46GroupBy-0 duration: 180.048548293

nexmark_src_src_epoch processed: 0, throughput: (event/s) 0
nexmark_src_src_logEntry processed: 1762, throughput: (event/s) 9.786998961428655
aucsByIDSink processed: 16200, throughput: (event/s) 89.98262382244279
bidsByAucIDSink processed: 248400, throughput: (event/s) 1379.7335652774561
nexmark_src_src processed: 270001, throughput: (event/s) 1499.7159515236654
nexmark_src_src_ctrl processed: 1, throughput: (event/s) 0.005554482952002642
nexmark_src_src_data processed: 270000, throughput: (event/s) 1499.7103970407134
q46GroupBy-1 duration: 180.034759066

aucsByIDSink processed: 16200, throughput: (event/s) 89.98088602174192
bidsByAucIDSink processed: 248400, throughput: (event/s) 1379.7069190000427
nexmark_src_src processed: 270001, throughput: (event/s) 1499.686988071379
nexmark_src_src_ctrl processed: 1, throughput: (event/s) 0.00555437568035444
nexmark_src_src_data processed: 270000, throughput: (event/s) 1499.6814336956986
nexmark_src_src_epoch processed: 0, throughput: (event/s) 0
nexmark_src_src_logEntry processed: 1763, throughput: (event/s) 9.792364324464877
q46GroupBy-2 duration: 180.038236077

nexmark_src_src processed: 270001, throughput: (event/s) 1499.7778475594757
nexmark_src_src_ctrl processed: 1, throughput: (event/s) 0.005554712195730666
nexmark_src_src_data processed: 270000, throughput: (event/s) 1499.77229284728
nexmark_src_src_epoch processed: 0, throughput: (event/s) 0
nexmark_src_src_logEntry processed: 1766, throughput: (event/s) 9.809621737660358
aucsByIDSink processed: 16200, throughput: (event/s) 89.9863375708368
bidsByAucIDSink processed: 248400, throughput: (event/s) 1379.7905094194975
q46GroupBy-3 duration: 180.027329007

nexmark_src_src_epoch processed 0 events, duration: 180.048548293
nexmark_src_src_logEntry processed 7050 events, duration: 180.048548293
aucsByIDSink processed 64800 events, duration: 180.048548293
bidsByAucIDSink processed 993600 events, duration: 180.048548293
nexmark_src_src processed 1080004 events, duration: 180.048548293
nexmark_src_src_ctrl processed 4 events, duration: 180.048548293
nexmark_src_src_data processed 1080000 events, duration: 180.048548293

bidsByAucIDSrc_logEntry processed: 5991, throughput: (event/s) 24.34943879171035
bidsByAucIDSrc_ctrl processed: 4, throughput: (event/s) 0.016257345212292006
bidsByAucIDSrc_data processed: 240391, throughput: (event/s) 977.029868232022
aucsByIDSrc_data processed: 16208, throughput: (event/s) 65.87476280020721
aucsByIDSrc_logEntry processed: 5615, throughput: (event/s) 22.821248341754906
bidsByAucIDSrc processed: 246386, throughput: (event/s) 1001.3955643689446
aucsByIDSrc processed: 21827, throughput: (event/s) 88.71226848717441
aucsByIDSrc_epoch processed: 5615, throughput: (event/s) 22.821248341754906
aucsByIDSrc_ctrl processed: 4, throughput: (event/s) 0.016257345212292006
bidsByAucIDSrc_epoch processed: 5991, throughput: (event/s) 24.34943879171035
sink processed: 693280, throughput: (event/s) 2817.7230721944507
q4JoinStream-0 duration: 246.04263167

bidsByAucIDSrc_data processed: 228400, throughput: (event/s) 1028.1548354129013
aucsByIDSrc processed: 21813, throughput: (event/s) 98.19238802478816
aucsByIDSrc_logEntry processed: 5649, throughput: (event/s) 25.429276117545882
bidsByAucIDSrc_epoch processed: 5991, throughput: (event/s) 26.968807438523168
aucsByIDSrc_ctrl processed: 4, throughput: (event/s) 0.018006214280436098
bidsByAucIDSrc_ctrl processed: 4, throughput: (event/s) 0.018006214280436098
aucsByIDSrc_epoch processed: 5649, throughput: (event/s) 25.429276117545882
bidsByAucIDSrc processed: 234395, throughput: (event/s) 1055.1416490657048
aucsByIDSrc_data processed: 16160, throughput: (event/s) 72.74510569296184
bidsByAucIDSrc_logEntry processed: 5991, throughput: (event/s) 26.968807438523168
sink processed: 662657, throughput: (event/s) 2982.985984107736
q4JoinStream-1 duration: 222.145529188

bidsByAucIDSrc processed: 250297, throughput: (event/s) 1133.7684048857948
bidsByAucIDSrc_epoch processed: 5991, throughput: (event/s) 27.13738683911831
bidsByAucIDSrc_logEntry processed: 5991, throughput: (event/s) 27.13738683911831
aucsByIDSrc_ctrl processed: 4, throughput: (event/s) 0.0181187693801491
aucsByIDSrc_logEntry processed: 5605, throughput: (event/s) 25.388925593933923
bidsByAucIDSrc_data processed: 244302, throughput: (event/s) 1106.6128992772963
aucsByIDSrc processed: 21885, throughput: (event/s) 99.13231697114075
aucsByIDSrc_epoch processed: 5605, throughput: (event/s) 25.388925593933923
sink processed: 707231, throughput: (event/s) 3203.5388468730566
aucsByIDSrc_data processed: 16276, throughput: (event/s) 73.72527260782668
bidsByAucIDSrc_ctrl processed: 4, throughput: (event/s) 0.0181187693801491
q4JoinStream-2 duration: 220.765545169

aucsByIDSrc processed: 21771, throughput: (event/s) 92.3014263697765
aucsByIDSrc_epoch processed: 5611, throughput: (event/s) 23.788677753011616
bidsByAucIDSrc_logEntry processed: 5991, throughput: (event/s) 25.399744861574156
sink processed: 805317, throughput: (event/s) 3414.2624491217352
aucsByIDSrc_data processed: 16156, throughput: (event/s) 68.49579001562212
bidsByAucIDSrc_data processed: 280507, throughput: (event/s) 1189.2515826882961
bidsByAucIDSrc_epoch processed: 5991, throughput: (event/s) 25.399744861574156
aucsByIDSrc_logEntry processed: 5611, throughput: (event/s) 23.788677753011616
bidsByAucIDSrc_ctrl processed: 4, throughput: (event/s) 0.016958601142763582
bidsByAucIDSrc processed: 286502, throughput: (event/s) 1214.668286151013
aucsByIDSrc_ctrl processed: 4, throughput: (event/s) 0.016958601142763582
q4JoinStream-3 duration: 235.868510989

bidsByAucIDSrc_data processed 993600 events, duration: 246.04263167
aucsByIDSrc_logEntry processed 22480 events, duration: 246.04263167
aucsByIDSrc processed 87296 events, duration: 246.04263167
aucsByIDSrc_epoch processed 22480 events, duration: 246.04263167
bidsByAucIDSrc_epoch processed 23964 events, duration: 246.04263167
bidsByAucIDSrc_logEntry processed 23964 events, duration: 246.04263167
bidsByAucIDSrc_ctrl processed 16 events, duration: 246.04263167
aucsByIDSrc_data processed 64800 events, duration: 246.04263167
bidsByAucIDSrc processed 1017580 events, duration: 246.04263167
aucsByIDSrc_ctrl processed 16 events, duration: 246.04263167
sink processed 2868485 events, duration: 246.04263167

q4_aucIDCat_src_epoch processed: 1282, throughput: (event/s) 5.209909299528276
q4_aucIDCat_src_logEntry processed: 1622, throughput: (event/s) 6.5916325146917805
sink processed: 76827, throughput: (event/s) 312.2166160334312
q4_aucIDCat_src processed: 694563, throughput: (event/s) 2822.6288867459107
q4_aucIDCat_src_ctrl processed: 1, throughput: (event/s) 0.004063891809304427
q4_aucIDCat_src_data processed: 693280, throughput: (event/s) 2817.414913554573
q4MaxBid-0 duration: 246.069542922

q4_aucIDCat_src_data processed: 662657, throughput: (event/s) 2982.616801849982
q4_aucIDCat_src_epoch processed: 1217, throughput: (event/s) 5.4777126746588785
q4_aucIDCat_src_logEntry processed: 1520, throughput: (event/s) 6.841514597766224
sink processed: 97912, throughput: (event/s) 440.70156401084637
q4_aucIDCat_src processed: 663875, throughput: (event/s) 2988.0990155210866
q4_aucIDCat_src_ctrl processed: 1, throughput: (event/s) 0.004500996445898832
q4MaxBid-1 duration: 222.173025911

q4_aucIDCat_src_data processed: 707231, throughput: (event/s) 3203.1006962076394
q4_aucIDCat_src_epoch processed: 1220, throughput: (event/s) 5.525468834614602
q4_aucIDCat_src_logEntry processed: 1562, throughput: (event/s) 7.074411737432794
sink processed: 95253, throughput: (event/s) 431.407772871758
q4_aucIDCat_src processed: 708452, throughput: (event/s) 3208.630694115069
q4_aucIDCat_src_ctrl processed: 1, throughput: (event/s) 0.004529072815257871
q4MaxBid-2 duration: 220.795743586

q4_aucIDCat_src_data processed: 805317, throughput: (event/s) 3413.8691851916965
q4_aucIDCat_src_epoch processed: 1231, throughput: (event/s) 5.218408362136871
q4_aucIDCat_src_logEntry processed: 1672, throughput: (event/s) 7.087878782691184
sink processed: 101727, throughput: (event/s) 431.2372278270491
q4_aucIDCat_src processed: 806549, throughput: (event/s) 3419.0918327157847
q4_aucIDCat_src_ctrl processed: 1, throughput: (event/s) 0.004239161951370325
q4MaxBid-3 duration: 235.895682088

sink processed 371719 events, duration: 246.069542922
q4_aucIDCat_src processed 2873439 events, duration: 246.069542922
q4_aucIDCat_src_ctrl processed 4 events, duration: 246.069542922
q4_aucIDCat_src_data processed 2868485 events, duration: 246.069542922
q4_aucIDCat_src_epoch processed 4950 events, duration: 246.069542922
q4_aucIDCat_src_logEntry processed 6376 events, duration: 246.069542922

eventTimeLatency_sink, p50: 188 ms, p90: 835 ms, p99: 38264 ms
q4_maxBids_src_logEntry processed: 5136, throughput: (event/s) 20.871855289651204
sink processed: 72628, throughput: (event/s) 295.1481904160412
q4_maxBids_src processed: 77768, throughput: (event/s) 316.036301044703
q4_maxBids_src_ctrl processed: 4, throughput: (event/s) 0.016255339010631777
q4_maxBids_src_data processed: 72628, throughput: (event/s) 295.1481904160412
q4_maxBids_src_epoch processed: 5136, throughput: (event/s) 20.871855289651204
q4Avg-0 duration: 246.072997763

eventTimeLatency_sink, p50: 188 ms, p90: 810 ms, p99: 38012 ms
q4_maxBids_src_ctrl processed: 4, throughput: (event/s) 0.0162553718957991
q4_maxBids_src_data processed: 74964, throughput: (event/s) 304.64192469917094
q4_maxBids_src_epoch processed: 5176, throughput: (event/s) 21.034451233164035
q4_maxBids_src_logEntry processed: 5176, throughput: (event/s) 21.034451233164035
sink processed: 74964, throughput: (event/s) 304.64192469917094
q4_maxBids_src processed: 80144, throughput: (event/s) 325.69263130423076
q4Avg-1 duration: 246.072499949

eventTimeLatency_sink, p50: 188 ms, p90: 814 ms, p99: 38261 ms
sink processed: 74978, throughput: (event/s) 304.6976635552228
q4_maxBids_src processed: 80140, throughput: (event/s) 325.6751414723726
q4_maxBids_src_ctrl processed: 4, throughput: (event/s) 0.01625531028062753
q4_maxBids_src_data processed: 74978, throughput: (event/s) 304.6976635552228
q4_maxBids_src_epoch processed: 5158, throughput: (event/s) 20.961222606869203
q4_maxBids_src_logEntry processed: 5158, throughput: (event/s) 20.961222606869203
q4Avg-2 duration: 246.073432678

eventTimeLatency_sink, p50: 187 ms, p90: 733 ms, p99: 38219 ms
sink processed: 149149, throughput: (event/s) 606.1094518830629
q4_maxBids_src processed: 154498, throughput: (event/s) 627.8466372354454
q4_maxBids_src_ctrl processed: 4, throughput: (event/s) 0.016255139541882624
q4_maxBids_src_data processed: 149149, throughput: (event/s) 606.1094518830629
q4_maxBids_src_epoch processed: 5345, throughput: (event/s) 21.720930212840656
q4_maxBids_src_logEntry processed: 5345, throughput: (event/s) 21.720930212840656
q4Avg-3 duration: 246.076017354

q4_maxBids_src_epoch processed 20815 events, duration: 246.076017354
q4_maxBids_src_logEntry processed 20815 events, duration: 246.076017354
sink processed 371719 events, duration: 246.076017354
q4_maxBids_src processed 392550 events, duration: 246.076017354
q4_maxBids_src_ctrl processed 16 events, duration: 246.076017354
q4_maxBids_src_data processed 371719 events, duration: 246.076017354

