wait for last: true, sink max_buf_size: 131072
warmup: 0
config: map[NodeConstraint:"1,2,3,4" NumInstance:4 OutputTopicName:["nexmark_src"] funcName:"source"]
config: map[InputTopicNames:["nexmark_src"] NodeConstraint:"5,6,7,8" NumInstance:4 NumSrcProducer:[1] OutputTopicName:["q3_aucsBySellerID_out","q3_personsByID_out"] funcName:"q3GroupBy"]
config: map[Final:true InputTopicNames:["q3_aucsBySellerID_out","q3_personsByID_out"] NodeConstraint:"5,6,7,8" NumInstance:4 NumSrcProducer:[4,4] OutputTopicName:["q3_out"] funcName:"q3JoinTable"]
srcInvokeConfig: &{FinalTpNames:[q3_out] TopicName:nexmark_src AppId:q3 NodeConstraint:1,2,3,4 AdditionalBytes:0 ScaleEpoch:0 NumOutPartition:4 InstanceID:0 NumSrcInstance:4}
cliNodes: [0xc0000261e0 0xc000026240]
inParamsMap: map[q3GroupBy:[0xc00007eaa0 0xc00007eb40 0xc00007ebe0 0xc00007ec80] q3JoinTable:[0xc00007ed20 0xc00007edc0 0xc00007ee60 0xc00007ef00]]
configScaleInput: &{Config:map[changelog:4 nexmark_src:4 q3GroupBy:4 q3JoinTable:4 q3_aucsBySellerID_out:4 q3_out:4 q3_personsByID_out:4 source:4] AppId:q3 FuncNames:[source q3GroupBy q3JoinTable] BufMaxSize:131072 ScaleEpoch:0 SerdeFormat:1 Bootstrap:false}
encoded json is {"sg":{"changelog":4,"nexmark_src":4,"q3GroupBy":4,"q3JoinTable":4,"q3_aucsBySellerID_out":4,"q3_out":4,"q3_personsByID_out":4,"source":4},"aid":"q3","fns":["source","q3GroupBy","q3JoinTable"],"bufMaxSize":131072,"epoch":1,"serdeFormat":1,"bs":true}, node constraint is 1
encoded json is {"outTpNames":["q3_out"]}, node constraint is 1
redis_setup url is http://ip-172-31-6-184.us-east-2.compute.internal:8080/function/redisSetup
encoded json is {"srcTpName":"nexmark_src","outTpNames":["q3_out"],"numOutParts":"BA==","chkptEveryMs":100,"bufMaxSize":131072,"srcNumPart":4,"gua":4,"serde_format":1}, node constraint is 1
chkptmngr url is http://ip-172-31-6-184.us-east-2.compute.internal:8080/function/chkptmngr
func source url is http://ip-172-31-6-184.us-east-2.compute.internal:8080/function/source
func source url is http://ip-172-31-6-184.us-east-2.compute.internal:8080/function/source
src instance: 4
func source url is http://ip-172-31-6-184.us-east-2.compute.internal:8080/function/source
func source url is http://ip-172-31-6-184.us-east-2.compute.internal:8080/function/source
encoded json is {"topic_name":"nexmark_src","rate_shape":"square","aid":"q3","events_num":46080000,"rate_period":10000000000,"finOutTpNs":["q3_out"],"first_event_rate":256000,"next_event_rate":256000,"bid_avg_size":100,"person_avg_size":200,"auction_avg_size":500,"duration":180,"person_proportion":1,"auction_proportion":3,"bid_proportion":46,"bid_hot_ratio_auctions":2,"bid_hot_ratio_bidders":4,"auction_hot_ratio_sellers":4,"flushms":100,"bufMaxSize":131072,"commEveryMs":100,"rate_limited":false,"waitEnd":true,"serde_format":1,"numOutPar":4,"nSrcIns":4,"gua":4}, node constraint is 1,2,3,4
encoded json is {"topic_name":"nexmark_src","rate_shape":"square","aid":"q3","events_num":46080000,"rate_period":10000000000,"finOutTpNs":["q3_out"],"first_event_rate":256000,"next_event_rate":256000,"bid_avg_size":100,"person_avg_size":200,"auction_avg_size":500,"duration":180,"person_proportion":1,"auction_proportion":3,"bid_proportion":46,"bid_hot_ratio_auctions":2,"bid_hot_ratio_bidders":4,"auction_hot_ratio_sellers":4,"flushms":100,"bufMaxSize":131072,"commEveryMs":100,"rate_limited":false,"waitEnd":true,"serde_format":1,"numOutPar":4,"parNum":1,"nSrcIns":4,"gua":4}, node constraint is 1,2,3,4
encoded json is {"topic_name":"nexmark_src","rate_shape":"square","aid":"q3","events_num":46080000,"rate_period":10000000000,"finOutTpNs":["q3_out"],"first_event_rate":256000,"next_event_rate":256000,"bid_avg_size":100,"person_avg_size":200,"auction_avg_size":500,"duration":180,"person_proportion":1,"auction_proportion":3,"bid_proportion":46,"bid_hot_ratio_auctions":2,"bid_hot_ratio_bidders":4,"auction_hot_ratio_sellers":4,"flushms":100,"bufMaxSize":131072,"commEveryMs":100,"rate_limited":false,"waitEnd":true,"serde_format":1,"numOutPar":4,"parNum":3,"nSrcIns":4,"gua":4}, node constraint is 1,2,3,4
encoded json is {"topic_name":"nexmark_src","rate_shape":"square","aid":"q3","events_num":46080000,"rate_period":10000000000,"finOutTpNs":["q3_out"],"first_event_rate":256000,"next_event_rate":256000,"bid_avg_size":100,"person_avg_size":200,"auction_avg_size":500,"duration":180,"person_proportion":1,"auction_proportion":3,"bid_proportion":46,"bid_hot_ratio_auctions":2,"bid_hot_ratio_bidders":4,"auction_hot_ratio_sellers":4,"flushms":100,"bufMaxSize":131072,"commEveryMs":100,"rate_limited":false,"waitEnd":true,"serde_format":1,"numOutPar":4,"parNum":2,"nSrcIns":4,"gua":4}, node constraint is 1,2,3,4
Waiting for all client to return
func name is q3JoinTable
func url is http://ip-172-31-6-184.us-east-2.compute.internal:8080/function/q3JoinTable
func name is q3GroupBy
func url is http://ip-172-31-6-184.us-east-2.compute.internal:8080/function/q3GroupBy
func name is q3JoinTable
func url is http://ip-172-31-6-184.us-east-2.compute.internal:8080/function/q3JoinTable
func name is q3GroupBy
func url is http://ip-172-31-6-184.us-east-2.compute.internal:8080/function/q3GroupBy
func name is q3GroupBy
func url is http://ip-172-31-6-184.us-east-2.compute.internal:8080/function/q3GroupBy
func name is q3GroupBy
func url is http://ip-172-31-6-184.us-east-2.compute.internal:8080/function/q3GroupBy
encoded json is {"aid":"q3","numOutPartition":"BA==","numSubstreamProducer":"BAQ=","outputTopicName":["q3_out"],"inputTopicName":["q3_aucsBySellerID_out","q3_personsByID_out"],"commEveryMs":100,"flushMs":100,"snapEveryS":10,"duration":180,"bufMaxSize":131072,"epoch":1,"waitEnd":true,"numChangelogPartition":4,"numInPartition":4,"ParNum":3,"gua":4,"serdeFormat":1}, node constraint is 5,6,7,8
encoded json is {"aid":"q3","numOutPartition":"BAQ=","numSubstreamProducer":"AQ==","outputTopicName":["q3_aucsBySellerID_out","q3_personsByID_out"],"inputTopicName":["nexmark_src"],"commEveryMs":100,"flushMs":100,"snapEveryS":10,"duration":180,"bufMaxSize":131072,"epoch":1,"waitEnd":true,"numChangelogPartition":4,"numInPartition":4,"ParNum":3,"gua":4,"serdeFormat":1}, node constraint is 5,6,7,8
func name is q3JoinTable
func url is http://ip-172-31-6-184.us-east-2.compute.internal:8080/function/q3JoinTable
encoded json is {"aid":"q3","numOutPartition":"BA==","numSubstreamProducer":"BAQ=","outputTopicName":["q3_out"],"inputTopicName":["q3_aucsBySellerID_out","q3_personsByID_out"],"commEveryMs":100,"flushMs":100,"snapEveryS":10,"duration":180,"bufMaxSize":131072,"epoch":1,"waitEnd":true,"numChangelogPartition":4,"numInPartition":4,"gua":4,"serdeFormat":1}, node constraint is 5,6,7,8
encoded json is {"aid":"q3","numOutPartition":"BA==","numSubstreamProducer":"BAQ=","outputTopicName":["q3_out"],"inputTopicName":["q3_aucsBySellerID_out","q3_personsByID_out"],"commEveryMs":100,"flushMs":100,"snapEveryS":10,"duration":180,"bufMaxSize":131072,"epoch":1,"waitEnd":true,"numChangelogPartition":4,"numInPartition":4,"ParNum":2,"gua":4,"serdeFormat":1}, node constraint is 5,6,7,8
encoded json is {"aid":"q3","numOutPartition":"BAQ=","numSubstreamProducer":"AQ==","outputTopicName":["q3_aucsBySellerID_out","q3_personsByID_out"],"inputTopicName":["nexmark_src"],"commEveryMs":100,"flushMs":100,"snapEveryS":10,"duration":180,"bufMaxSize":131072,"epoch":1,"waitEnd":true,"numChangelogPartition":4,"numInPartition":4,"ParNum":2,"gua":4,"serdeFormat":1}, node constraint is 5,6,7,8
encoded json is {"aid":"q3","numOutPartition":"BAQ=","numSubstreamProducer":"AQ==","outputTopicName":["q3_aucsBySellerID_out","q3_personsByID_out"],"inputTopicName":["nexmark_src"],"commEveryMs":100,"flushMs":100,"snapEveryS":10,"duration":180,"bufMaxSize":131072,"epoch":1,"waitEnd":true,"numChangelogPartition":4,"numInPartition":4,"gua":4,"serdeFormat":1}, node constraint is 5,6,7,8
encoded json is {"aid":"q3","numOutPartition":"BAQ=","numSubstreamProducer":"AQ==","outputTopicName":["q3_aucsBySellerID_out","q3_personsByID_out"],"inputTopicName":["nexmark_src"],"commEveryMs":100,"flushMs":100,"snapEveryS":10,"duration":180,"bufMaxSize":131072,"epoch":1,"waitEnd":true,"numChangelogPartition":4,"numInPartition":4,"ParNum":1,"gua":4,"serdeFormat":1}, node constraint is 5,6,7,8
encoded json is {"aid":"q3","numOutPartition":"BA==","numSubstreamProducer":"BAQ=","outputTopicName":["q3_out"],"inputTopicName":["q3_aucsBySellerID_out","q3_personsByID_out"],"commEveryMs":100,"flushMs":100,"snapEveryS":10,"duration":180,"bufMaxSize":131072,"epoch":1,"waitEnd":true,"numChangelogPartition":4,"numInPartition":4,"ParNum":1,"gua":4,"serdeFormat":1}, node constraint is 5,6,7,8
func name is q3JoinTable
func url is http://ip-172-31-6-184.us-east-2.compute.internal:8080/function/q3JoinTable
source-0 invoke done
source-2 invoke done
source-3 invoke done
source-1 invoke done
q3GroupBy-2 call done
q3GroupBy-0 call done
q3GroupBy-3 call done
q3GroupBy-1 call done
q3JoinTable-3 call done
q3JoinTable-2 call done
q3JoinTable-0 call done
q3JoinTable-1 call done
sink processed: 11520002, throughput: (event/s) 63957.31396691161
sink_ctrl processed: 2, throughput: (event/s) 0.011103698413752291
source-0 duration: 180.120165865

sink processed: 11520002, throughput: (event/s) 63957.41559952602
sink_ctrl processed: 2, throughput: (event/s) 0.01110371605830034
source-1 duration: 180.119879642

sink processed: 11520002, throughput: (event/s) 63961.99218291008
sink_ctrl processed: 2, throughput: (event/s) 0.011104510603888796
source-2 duration: 180.106991775

sink processed: 11520002, throughput: (event/s) 63956.662761424384
sink_ctrl processed: 2, throughput: (event/s) 0.01110358535726372
source-3 duration: 180.121999845

sink processed 46080008 events, duration: 180.121999845, tp: 255826.651046
sink_ctrl processed 8 events, duration: 180.121999845, tp: 0.044414

nexmark_src_src_logEntry processed: 24242, throughput: (event/s) 134.05066260397976
perSink processed: 115147, throughput: (event/s) 636.726823152399
aucSink processed: 138280, throughput: (event/s) 764.6450633148387
nexmark_src_src processed: 11520422, throughput: (event/s) 63704.32318197614
nexmark_src_src_ctrl processed: 422, throughput: (event/s) 2.3335277460143327
nexmark_src_src_data processed: 11520000, throughput: (event/s) 63701.98965423013
nexmark_src_src_epoch processed: 0, throughput: (event/s) 0
q3GroupBy-0 duration: 180.842075146

aucSink processed: 138322, throughput: (event/s) 762.9271748398284
nexmark_src_src processed: 11520422, throughput: (event/s) 63541.902296255146
nexmark_src_src_ctrl processed: 422, throughput: (event/s) 2.327578171096482
nexmark_src_src_data processed: 11520000, throughput: (event/s) 63539.57471808405
nexmark_src_src_epoch processed: 0, throughput: (event/s) 0
nexmark_src_src_logEntry processed: 24214, throughput: (event/s) 133.55444984580618
perSink processed: 114882, throughput: (event/s) 633.6417901703934
q3GroupBy-1 duration: 181.304329642

nexmark_src_src processed: 11520422, throughput: (event/s) 63711.28600896326
nexmark_src_src_ctrl processed: 422, throughput: (event/s) 2.3337827985626305
nexmark_src_src_data processed: 11520000, throughput: (event/s) 63708.95222616469
nexmark_src_src_epoch processed: 0, throughput: (event/s) 0
nexmark_src_src_logEntry processed: 24241, throughput: (event/s) 134.05978393354673
perSink processed: 115610, throughput: (event/s) 639.3569415683073
aucSink processed: 138725, throughput: (event/s) 767.1896178450259
q3GroupBy-2 duration: 180.822311425

nexmark_src_src_ctrl processed: 422, throughput: (event/s) 2.3313451838497907
nexmark_src_src_data processed: 11520000, throughput: (event/s) 63642.40881030708
nexmark_src_src_epoch processed: 0, throughput: (event/s) 0
nexmark_src_src_logEntry processed: 24337, throughput: (event/s) 134.4501131264274
perSink processed: 115491, throughput: (event/s) 638.0317218672895
aucSink processed: 138676, throughput: (event/s) 766.1175941126862
nexmark_src_src processed: 11520422, throughput: (event/s) 63644.74015549093
q3GroupBy-3 duration: 181.011376146

aucSink processed 554003 events, duration: 181.304329642
nexmark_src_src processed 46081688 events, duration: 181.304329642
nexmark_src_src_ctrl processed 1688 events, duration: 181.304329642
nexmark_src_src_data processed 46080000 events, duration: 181.304329642
nexmark_src_src_epoch processed 0 events, duration: 181.304329642
nexmark_src_src_logEntry processed 97034 events, duration: 181.304329642
perSink processed 461130 events, duration: 181.304329642

eventTimeLatency_sink, p50: 107 ms, p90: 727 ms, p99: 1435 ms
personsSrc_ctrl processed: 425, throughput: (event/s) 2.335460507262474
personsSrc_logEntry processed: 7803, throughput: (event/s) 42.879054913339026
personsSrc_data processed: 114639, throughput: (event/s) 629.964369628383
personsSrc_epoch processed: 0, throughput: (event/s) 0
personsSrc processed: 115064, throughput: (event/s) 632.2998301356455
auctionsSrc processed: 134931, throughput: (event/s) 741.4729922480774
auctionsSrc_ctrl processed: 425, throughput: (event/s) 2.335460507262474
sink processed: 110769, throughput: (event/s) 608.6979410093106
auctionsSrc_data processed: 134506, throughput: (event/s) 739.137531740815
auctionsSrc_logEntry processed: 7552, throughput: (event/s) 41.499759413755775
auctionsSrc_epoch processed: 0, throughput: (event/s) 0
q3JoinTable-0 duration: 181.976958582

eventTimeLatency_sink, p50: 105 ms, p90: 703 ms, p99: 1599 ms
auctionsSrc processed: 141225, throughput: (event/s) 776.0590237383582
auctionsSrc_epoch processed: 0, throughput: (event/s) 0
personsSrc_data processed: 115417, throughput: (event/s) 634.2390111015053
personsSrc_ctrl processed: 425, throughput: (event/s) 2.3354582056208337
auctionsSrc_data processed: 140800, throughput: (event/s) 773.7235655327373
personsSrc processed: 115842, throughput: (event/s) 636.5744693071262
personsSrc_epoch processed: 0, throughput: (event/s) 0
sink processed: 118581, throughput: (event/s) 651.6258105428801
auctionsSrc_ctrl processed: 425, throughput: (event/s) 2.3354582056208337
auctionsSrc_logEntry processed: 7574, throughput: (event/s) 41.62061282205222
personsSrc_logEntry processed: 7796, throughput: (event/s) 42.84054628475299
q3JoinTable-1 duration: 181.977137924

eventTimeLatency_sink, p50: 118 ms, p90: 776 ms, p99: 1496 ms
sink processed: 118399, throughput: (event/s) 651.7830893637965
auctionsSrc_data processed: 140368, throughput: (event/s) 772.7218024461134
auctionsSrc_logEntry processed: 7581, throughput: (event/s) 41.73318693964426
personsSrc_data processed: 115541, throughput: (event/s) 636.0498815714864
personsSrc_epoch processed: 0, throughput: (event/s) 0
auctionsSrc processed: 140793, throughput: (event/s) 775.061415221387
auctionsSrc_ctrl processed: 425, throughput: (event/s) 2.339612775273554
auctionsSrc_epoch processed: 0, throughput: (event/s) 0
personsSrc processed: 115966, throughput: (event/s) 638.3894943467599
personsSrc_ctrl processed: 425, throughput: (event/s) 2.339612775273554
personsSrc_logEntry processed: 7798, throughput: (event/s) 42.92776569784276
q3JoinTable-2 duration: 181.653991845

eventTimeLatency_sink, p50: 104 ms, p90: 698 ms, p99: 1594 ms
personsSrc_logEntry processed: 7809, throughput: (event/s) 43.038368438442006
personsSrc_data processed: 115533, throughput: (event/s) 636.746295402551
personsSrc_epoch processed: 0, throughput: (event/s) 0
sink processed: 112849, throughput: (event/s) 621.9537507888003
auctionsSrc_data processed: 138329, throughput: (event/s) 762.3837197747785
auctionsSrc_epoch processed: 0, throughput: (event/s) 0
auctionsSrc_logEntry processed: 7531, throughput: (event/s) 41.50620472658558
personsSrc processed: 115958, throughput: (event/s) 639.0886320124034
auctionsSrc_ctrl processed: 425, throughput: (event/s) 2.342336609852459
personsSrc_ctrl processed: 425, throughput: (event/s) 2.342336609852459
auctionsSrc processed: 138754, throughput: (event/s) 764.7260563846309
q3JoinTable-3 duration: 181.442751743

personsSrc_logEntry processed 31206 events, duration: 181.977137924
personsSrc_epoch processed 0 events, duration: 181.977137924
personsSrc processed 462830 events, duration: 181.977137924
sink processed 460598 events, duration: 181.977137924
auctionsSrc_data processed 554003 events, duration: 181.977137924
auctionsSrc_logEntry processed 30238 events, duration: 181.977137924
auctionsSrc_epoch processed 0 events, duration: 181.977137924
personsSrc_ctrl processed 1700 events, duration: 181.977137924
personsSrc_data processed 461130 events, duration: 181.977137924
auctionsSrc processed 555703 events, duration: 181.977137924
auctionsSrc_ctrl processed 1700 events, duration: 181.977137924

