parallel restore str: , false
env str: , async2ndPhase: false
env str: , create snapshot: false
2024/03/03 11:09:18 [INFO] Load configuration for function scale[40]
2024/03/03 11:09:18 [INFO] Load configuration for function chkptmngr[50]
2024/03/03 11:09:18 [INFO] Load configuration for function redisSetup[70]
2024/03/03 11:09:18 [INFO] Load configuration for function source[20]
2024/03/03 11:09:18 [INFO] Load configuration for function query2[30]
2024/03/03 11:09:18 [INFO] Parse FAAS_ENGINE_ID: 1
2024/03/03 11:09:18 [INFO] Start new FuncWorker with client id 10
Enter nexmark: funcName: chkptmngr
2024/03/03 11:09:18 [INFO] Handshake with engine done
redis address is [snapcache-1:6666 snapcache-2:6666 snapcache-3:6666 snapcache-4:6666]
ChkptMngrInput:
	SrcTopicName         : nexmark_src
	FinalOutputTopicNames: [q2_out]
	FinalNumOutPartitions: [4]
	BufMaxSize           : 131072
	SrcNumPart           : 4
	ChkptEveryMs: 100
	Guarantee            : ALIGN_CHKPT
	SerdeFormat          : MSGP
new buffered sink stream nexmark_src[0] with bufMaxSize 131072
new buffered sink stream nexmark_src[1] with bufMaxSize 131072
new buffered sink stream nexmark_src[2] with bufMaxSize 131072
new buffered sink stream nexmark_src[3] with bufMaxSize 131072
e2eChkptElapsed(ms) stats (200 samples): dur=22.665943847s, p50=9, p90=15, p99=79
e2eChkptElapsed(ms) stats (200 samples): dur=22.949062299s, p50=9, p90=15, p99=58
e2eChkptElapsed(ms) stats (200 samples): dur=22.992876854s, p50=9, p90=20, p99=79
e2eChkptElapsed(ms) stats (200 samples): dur=22.712062692s, p50=9, p90=15, p99=73
e2eChkptElapsed(ms) stats (200 samples): dur=22.860006798s, p50=9, p90=15, p99=85
e2eChkptElapsed(ms) stats (200 samples): dur=22.850997524s, p50=9, p90=15, p99=79
e2eChkptElapsed(ms) stats (200 samples): dur=22.511458461s, p50=9, p90=15, p99=47
e2eChkptElapsed(ms) (181 samples): dur=20.265713338s, data=[10 9 52 9 9 10 9 9 9 10 9 9 9 9 9 10 9 9 9 9 9 20 9 20 20 9 9 9 9 9 9 9 9 9 9 9 9 10 9 9 9 9 15 9 9 9 26 9 9 9 9 9 10 9 9 9 15 9 9 9 10 9 9 9 10 9 9 10 15 9 9 36 10 9 9 20 9 9 9 9 9 9 9 9 9 25 15 31 9 9 9 9 9 9 10 9 9 10 9 10 9 9 9 9 9 9 9 9 9 9 9 9 9 9 9 10 9 9 10 9 9 9 9 9 9 9 9 9 9 9 9 9 20 9 9 9 9 9 9 9 9 9 9 9 9 9 9 9 9 9 15 30 36 9 9 9 9 9 9 9 9 9 9 9 9 9 9 9 9 9 9 9 9 9 9 9 9 9 9 9 5]
