parallel restore str: , false
env str: , async2ndPhase: false
env str: , create snapshot: false
2024/03/03 21:19:05 [INFO] Load configuration for function scale[40]
2024/03/03 21:19:05 [INFO] Load configuration for function chkptmngr[50]
2024/03/03 21:19:05 [INFO] Load configuration for function redisSetup[70]
2024/03/03 21:19:05 [INFO] Load configuration for function source[20]
2024/03/03 21:19:05 [INFO] Load configuration for function query2[30]
2024/03/03 21:19:05 [INFO] Parse FAAS_ENGINE_ID: 7
2024/03/03 21:19:05 [INFO] Parse FAAS_ENGINE_ID: 7
2024/03/03 21:19:05 [INFO] Current GOMAXPROCS is 2
2024/03/03 21:19:05 [INFO] Parse FAAS_ENGINE_ID: 7
2024/03/03 21:19:05 [INFO] Current GOMAXPROCS is 3
2024/03/03 21:19:05 [INFO] Parse FAAS_ENGINE_ID: 7
2024/03/03 21:19:05 [INFO] Start new FuncWorker with client id 7
2024/03/03 21:19:05 [INFO] Start new FuncWorker with client id 9
2024/03/03 21:19:05 [INFO] Start new FuncWorker with client id 8
2024/03/03 21:19:05 [INFO] Current GOMAXPROCS is 4
2024/03/03 21:19:05 [INFO] Start new FuncWorker with client id 10
Enter nexmark: funcName: query2
2024/03/03 21:19:05 [INFO] Handshake with engine done
Enter nexmark: funcName: query2
Enter nexmark: funcName: query2
2024/03/03 21:19:05 [INFO] Handshake with engine done
2024/03/03 21:19:05 [INFO] Handshake with engine done
Enter nexmark: funcName: query2
2024/03/03 21:19:05 [INFO] Handshake with engine done
new buffered sink stream nexmark_src[0] with bufMaxSize 131072
new buffered sink stream nexmark_src[1] with bufMaxSize 131072
new buffered sink stream nexmark_src[2] with bufMaxSize 131072
new buffered sink stream nexmark_src[3] with bufMaxSize 131072
new buffered sink stream q2_out[0] with bufMaxSize 131072
new buffered sink stream q2_out[1] with bufMaxSize 131072
new buffered sink stream q2_out[2] with bufMaxSize 131072
new buffered sink stream q2_out[3] with bufMaxSize 131072
nexmark_src notEnded: map[0:{}], notScaleFence: map[0:{}]
redis address is [snapcache-1:6666 snapcache-2:6666 snapcache-3:6666 snapcache-4:6666]
new buffered sink stream __control_log_q2[0] with bufMaxSize 131072
new buffered sink stream __control_log_q2[0] with bufMaxSize 131072
[0] finished prev task source, funcName query2, meta epoch 0, current epoch 1, cmm instance 0, remain instances: map[]
[1] finished prev task source, funcName query2, meta epoch 0, current epoch 1, cmm instance 0, remain instances: map[]
[2] finished prev task source, funcName query2, meta epoch 0, current epoch 1, cmm instance 0, remain instances: map[]
[3] finished prev task source, funcName query2, meta epoch 0, current epoch 1, cmm instance 0, remain instances: map[]
[0] finished prev task query2, funcName query2, meta epoch 0, current epoch 1, cmm instance 0, remain instances: map[]
[0] prodId: ProducerId: {TaskId: 0x1c00a00000001, TaskEpoch: 0x1}, warmup time: 0s, flush every: 100ms, waitEndMark: true
nexmark_src_src counter: dur=10.059166644s, value=480986, rate=47815.69060563225 per second
q2_out_sink counter: dur=10.058881063s, value=3362, rate=334.23200641735235 per second
q2_out_sink stats (3362 samples): dur=10.058891973s, p50=0, p90=0, p99=1
q2_out_bufEntry_0 stats (200 samples): dur=11.876149987s, p50=11, p90=20, p99=286
q2_out_bufSize_0 stats (200 samples): dur=11.876170575s, p50=2764, p90=5165, p99=73378
nexmark_src_src counter: dur=10.001627335s, value=964288, rate=48322.33633707969 per second
q2_out_sink counter: dur=10.00208154s, value=6718, rate=335.5301580554801 per second
q2_out_sink stats (3356 samples): dur=10.002085375s, p50=0, p90=0, p99=1
q2_out_bufEntry_0 stats (200 samples): dur=12.024353768s, p50=11, p90=21, p99=512
q2_out_bufSize_0 stats (200 samples): dur=12.024353054s, p50=2711, p90=5276, p99=130809
WaitAlignTime_0(ms) stats (200 samples): dur=24.930996123s, p50=0, p90=0, p99=0
createChkpt_0(ms) stats (200 samples): dur=24.99995683s, p50=1, p90=29, p99=85
nexmark_src_src counter: dur=10.002108108s, value=1445374, rate=48098.460325100095 per second
q2_out_sink counter: dur=10.0116576s, value=10856, rate=413.31817020989615 per second
q2_out_sink stats (4138 samples): dur=10.011656762s, p50=0, p90=0, p99=1
q2_out_bufEntry_0 stats (200 samples): dur=12.300897386s, p50=11, p90=21, p99=508
q2_out_bufSize_0 stats (200 samples): dur=12.300897158s, p50=2744, p90=5431, p99=130860
nexmark_src_src counter: dur=10.002238386s, value=1925615, rate=48013.35275833726 per second
q2_out_sink counter: dur=10.00274169s, value=14223, rate=336.6077126000441 per second
q2_out_sink stats (3367 samples): dur=10.00274758s, p50=0, p90=0, p99=1
q2_out_bufEntry_0 stats (200 samples): dur=12.201190688s, p50=11, p90=23, p99=461
q2_out_bufSize_0 stats (200 samples): dur=12.201192907s, p50=2669, p90=5757, p99=118158
nexmark_src_src counter: dur=10.024781403s, value=2404579, rate=47777.9994141983 per second
q2_out_sink counter: dur=10.015163673s, value=17559, rate=333.09490577708306 per second
q2_out_sink stats (3336 samples): dur=10.015158277s, p50=0, p90=0, p99=1
WaitAlignTime_0(ms) stats (200 samples): dur=25.535845118s, p50=0, p90=0, p99=0
createChkpt_0(ms) stats (200 samples): dur=25.464469628s, p50=1, p90=40, p99=98
nexmark_src_src counter: dur=10.002702517s, value=2887048, rate=48233.86471606292 per second
q2_out_sink counter: dur=10.016436697s, value=21677, rate=411.1242475313974 per second
q2_out_sink stats (4118 samples): dur=10.016440431s, p50=0, p90=0, p99=1
q2_out_bufEntry_0 stats (200 samples): dur=11.800520899s, p50=10, p90=20, p99=509
q2_out_bufSize_0 stats (200 samples): dur=11.800517384s, p50=2612, p90=5145, p99=130829
nexmark_src_src counter: dur=10.00276595s, value=3367276, rate=48009.520806592496 per second
q2_out_sink counter: dur=10.009024776s, value=25102, rate=342.19118012501957 per second
q2_out_sink stats (3425 samples): dur=10.009021743s, p50=0, p90=0, p99=1
q2_out_bufEntry_0 stats (200 samples): dur=12.415027965s, p50=11, p90=22, p99=433
q2_out_bufSize_0 stats (200 samples): dur=12.415030097s, p50=2922, p90=5720, p99=110720
WaitAlignTime_0(ms) stats (200 samples): dur=24.928022064s, p50=0, p90=0, p99=0
createChkpt_0(ms) stats (200 samples): dur=24.927935106s, p50=1, p90=24, p99=83
nexmark_src_src counter: dur=10.004044967s, value=3847514, rate=48004.38238573943 per second
q2_out_sink counter: dur=10.006449827s, value=28511, rate=340.68026712147525 per second
q2_out_sink stats (3409 samples): dur=10.006455098s, p50=0, p90=0, p99=1
q2_out_bufEntry_0 stats (200 samples): dur=12.250564922s, p50=12, p90=21, p99=195
q2_out_bufSize_0 stats (200 samples): dur=12.25056348s, p50=3039, p90=5441, p99=50191
nexmark_src_src counter: dur=10.007761457s, value=4327879, rate=47999.24559193057 per second
q2_out_sink counter: dur=10.018637814s, value=32609, rate=409.0376432486134 per second
q2_out_sink stats (4098 samples): dur=10.018665828s, p50=0, p90=0, p99=1
q2_out_bufEntry_0 stats (200 samples): dur=11.874140864s, p50=11, p90=21, p99=342
q2_out_bufSize_0 stats (200 samples): dur=11.874141787s, p50=2724, p90=5297, p99=88779
nexmark_src_src counter: dur=10.006633666s, value=4808339, rate=48014.14901721455 per second
q2_out_sink counter: dur=10.005395245s, value=35943, rate=333.2202195276694 per second
q2_out_sink stats (3334 samples): dur=10.005364138s, p50=0, p90=0, p99=1
WaitAlignTime_0(ms) stats (200 samples): dur=24.917436083s, p50=0, p90=0, p99=0
createChkpt_0(ms) stats (200 samples): dur=24.967215163s, p50=1, p90=21, p99=74
q2_out_bufEntry_0 stats (200 samples): dur=12.159355835s, p50=11, p90=21, p99=374
q2_out_bufSize_0 stats (200 samples): dur=12.159356025s, p50=2775, p90=5472, p99=96808
nexmark_src_src counter: dur=10.007142936s, value=5288744, rate=48006.20947181403 per second
q2_out_sink counter: dur=10.008509101s, value=39310, rate=336.41374214902663 per second
q2_out_sink stats (3367 samples): dur=10.008506594s, p50=0, p90=0, p99=1
nexmark_src_src counter: dur=10.008528816s, value=5769282, rate=48012.85072305476 per second
q2_out_sink counter: dur=10.009518772s, value=43383, rate=406.91266910788505 per second
q2_out_sink stats (4073 samples): dur=10.009526816s, p50=0, p90=0, p99=1
q2_out_bufEntry_0 stats (200 samples): dur=11.89938736s, p50=11, p90=19, p99=504
q2_out_bufSize_0 stats (200 samples): dur=11.899388087s, p50=2866, p90=5015, p99=131019
WaitAlignTime_0(ms) stats (200 samples): dur=24.681890559s, p50=0, p90=0, p99=0
createChkpt_0(ms) stats (200 samples): dur=24.632735008s, p50=1, p90=16, p99=67
nexmark_src_src counter: dur=10.003622563s, value=6249490, rate=48003.4104621386 per second
q2_out_sink counter: dur=10.002710527s, value=46727, rate=334.30938453868544 per second
q2_out_sink stats (3344 samples): dur=10.00270344s, p50=0, p90=0, p99=1
q2_out_bufEntry_0 stats (200 samples): dur=12.042368453s, p50=10, p90=22, p99=479
q2_out_bufSize_0 stats (200 samples): dur=12.042367244s, p50=2683, p90=5771, p99=123775
nexmark_src_src counter: dur=10.011256346s, value=6730161, rate=48013.05484421566 per second
q2_out_sink counter: dur=10.01162774s, value=50137, rate=340.60395457732034 per second
q2_out_sink stats (3410 samples): dur=10.011625227s, p50=0, p90=0, p99=1
q2_out_bufEntry_0 stats (200 samples): dur=11.807330681s, p50=10, p90=19, p99=294
q2_out_bufSize_0 stats (200 samples): dur=11.807330606s, p50=2627, p90=5007, p99=76096
WaitAlignTime_0(ms) stats (200 samples): dur=24.628586247s, p50=0, p90=0, p99=0
createChkpt_0(ms) stats (200 samples): dur=24.628409391s, p50=1, p90=14, p99=92
nexmark_src_src counter: dur=10.003232974s, value=7210409, rate=48009.27872501233 per second
q2_out_sink counter: dur=10.009073947s, value=54212, rate=407.130571876871 per second
q2_out_sink stats (4075 samples): dur=10.00908255s, p50=0, p90=0, p99=1
q2_out_bufEntry_0 stats (200 samples): dur=11.976132351s, p50=11, p90=21, p99=506
q2_out_bufSize_0 stats (200 samples): dur=11.976140098s, p50=2888, p90=5439, p99=130979
nexmark_src_src counter: dur=10.008118635s, value=7690927, rate=48012.820143793186 per second
q2_out_sink counter: dur=10.003298539s, value=57605, rate=339.1881174766167 per second
q2_out_sink stats (3393 samples): dur=10.003292556s, p50=0, p90=0, p99=1
q2_out_bufEntry_0 stats (200 samples): dur=11.780273529s, p50=11, p90=20, p99=464
q2_out_bufSize_0 stats (200 samples): dur=11.780266463s, p50=2754, p90=5254, p99=120206
nexmark_src_src counter: dur=10.004862787s, value=8171178, rate=48001.75776763504 per second
q2_out_sink counter: dur=10.002266333s, value=60923, rate=331.72482010932674 per second
q2_out_sink stats (3318 samples): dur=10.002266539s, p50=0, p90=0, p99=1
WaitAlignTime_0(ms) stats (200 samples): dur=24.005060662s, p50=0, p90=0, p99=0
createChkpt_0(ms) stats (200 samples): dur=24.004827724s, p50=1, p90=12, p99=52
0 producer ended, map[] remain
exit due to ctrlMsg
createChkpt_0(ms) (54 samples): dur=6.377648736s, data=[1 1 1 1 1 1 1 1 1 2 51 29 1 1 1 1 1 2 2 1 1 1 1 1 1 48 1 1 1 1 1 1 1 1 2 1 1 1 1 28 1 1 1 2 1 1 1 1 1 1 1 1 16 2]
[0]duration: 180.116758 s, uts: 1709501067830
WaitAlignTime_0(ms) (54 samples): dur=6.382225916s, data=[0 0 0 0 0 0 0 0 0 0 0 0 0 0 0 0 0 0 0 0 0 0 0 0 0 0 0 0 0 0 0 0 0 0 0 0 0 0 0 0 0 0 0 0 0 0 0 0 0 0 0 0 0 0]
nexmark_src_src msgCnt 8641455, ctrlCnt 1455, epochCnt 0, logEntry 30139
sink msgCnt 65038, ctrlCnt 1455
