wait for last: true
warmup: 0
config: map[NodeConstraint:"1,2,3,4" NumInstance:4 OutputTopicName:["nexmark_src"] funcName:"source"]
config: map[InputTopicNames:["nexmark_src"] NodeConstraint:"5,6,7,8" NumInstance:4 NumSrcProducer:[1] OutputTopicName:["q8_aucsBySellerID_out","q8_personsByID_out"] funcName:"q8GroupBy"]
config: map[InputTopicNames:["q8_aucsBySellerID_out","q8_personsByID_out"] NodeConstraint:"5,6,7,8" NumInstance:4 NumSrcProducer:[4,4] OutputTopicName:["q8_out"] funcName:"q8JoinStream"]
srcInvokeConfig: {TopicName:nexmark_src AppId:q8 NodeConstraint:1,2,3,4 ScaleEpoch:0 NumOutPartition:4 InstanceID:0 NumSrcInstance:4}
cliNodes: [0xc000026260 0xc0000262c0]
inParamsMap: map[q8GroupBy:[0xc000000be0 0xc000000c80 0xc000000d20 0xc000000dc0] q8JoinStream:[0xc000000e60 0xc000000f00 0xc000000fa0 0xc000001040]]
configScaleInput: {Config:map[changelog:4 nexmark_src:4 q8GroupBy:4 q8JoinStream:4 q8_aucsBySellerID_out:4 q8_out:4 q8_personsByID_out:4 source:4] AppId:q8 FuncNames:[source q8GroupBy q8JoinStream] ScaleEpoch:0 SerdeFormat:1 Bootstrap:false}
encoded json is {"sg":{"changelog":4,"nexmark_src":4,"q8GroupBy":4,"q8JoinStream":4,"q8_aucsBySellerID_out":4,"q8_out":4,"q8_personsByID_out":4,"source":4},"aid":"q8","fns":["source","q8GroupBy","q8JoinStream"],"epoch":1,"serdeFormat":1,"bs":true}, node constraint is 1
func source url is http://ip-172-31-6-98.us-east-2.compute.internal:8080/function/source
func source url is http://ip-172-31-6-98.us-east-2.compute.internal:8080/function/source
func source url is http://ip-172-31-6-98.us-east-2.compute.internal:8080/function/source
src instance: 4
encoded json is {"topic_name":"nexmark_src","rate_shape":"square","aid":"q8","events_num":23040000,"rate_period":10000000000,"bid_avg_size":100,"first_event_rate":128000,"next_event_rate":128000,"person_avg_size":200,"auction_avg_size":500,"duration":180,"person_proportion":1,"auction_proportion":3,"bid_proportion":46,"bid_hot_ratio_auctions":2,"bid_hot_ratio_bidders":4,"auction_hot_ratio_sellers":4,"flushms":50,"rate_limited":false,"waitEnd":true,"serde_format":1,"numOutPar":4,"parNum":3,"nSrcIns":4}, node constraint is 1,2,3,4
func source url is http://ip-172-31-6-98.us-east-2.compute.internal:8080/function/source
encoded json is {"topic_name":"nexmark_src","rate_shape":"square","aid":"q8","events_num":23040000,"rate_period":10000000000,"bid_avg_size":100,"first_event_rate":128000,"next_event_rate":128000,"person_avg_size":200,"auction_avg_size":500,"duration":180,"person_proportion":1,"auction_proportion":3,"bid_proportion":46,"bid_hot_ratio_auctions":2,"bid_hot_ratio_bidders":4,"auction_hot_ratio_sellers":4,"flushms":50,"rate_limited":false,"waitEnd":true,"serde_format":1,"numOutPar":4,"parNum":2,"nSrcIns":4}, node constraint is 1,2,3,4
encoded json is {"topic_name":"nexmark_src","rate_shape":"square","aid":"q8","events_num":23040000,"rate_period":10000000000,"bid_avg_size":100,"first_event_rate":128000,"next_event_rate":128000,"person_avg_size":200,"auction_avg_size":500,"duration":180,"person_proportion":1,"auction_proportion":3,"bid_proportion":46,"bid_hot_ratio_auctions":2,"bid_hot_ratio_bidders":4,"auction_hot_ratio_sellers":4,"flushms":50,"rate_limited":false,"waitEnd":true,"serde_format":1,"numOutPar":4,"nSrcIns":4}, node constraint is 1,2,3,4
encoded json is {"topic_name":"nexmark_src","rate_shape":"square","aid":"q8","events_num":23040000,"rate_period":10000000000,"bid_avg_size":100,"first_event_rate":128000,"next_event_rate":128000,"person_avg_size":200,"auction_avg_size":500,"duration":180,"person_proportion":1,"auction_proportion":3,"bid_proportion":46,"bid_hot_ratio_auctions":2,"bid_hot_ratio_bidders":4,"auction_hot_ratio_sellers":4,"flushms":50,"rate_limited":false,"waitEnd":true,"serde_format":1,"numOutPar":4,"parNum":1,"nSrcIns":4}, node constraint is 1,2,3,4
Waiting for all client to return
func name is q8JoinStream
func url is http://ip-172-31-6-98.us-east-2.compute.internal:8080/function/q8JoinStream
func name is q8GroupBy
func url is http://ip-172-31-6-98.us-east-2.compute.internal:8080/function/q8GroupBy
func name is q8GroupBy
func name is q8GroupBy
func url is http://ip-172-31-6-98.us-east-2.compute.internal:8080/function/q8GroupBy
func name is q8JoinStream
func url is http://ip-172-31-6-98.us-east-2.compute.internal:8080/function/q8GroupBy
func url is http://ip-172-31-6-98.us-east-2.compute.internal:8080/function/q8JoinStream
func name is q8GroupBy
func url is http://ip-172-31-6-98.us-east-2.compute.internal:8080/function/q8GroupBy
func name is q8JoinStream
func url is http://ip-172-31-6-98.us-east-2.compute.internal:8080/function/q8JoinStream
func name is q8JoinStream
func url is http://ip-172-31-6-98.us-east-2.compute.internal:8080/function/q8JoinStream
encoded json is {"aid":"q8","numOutPartition":"BA==","numSubstreamProducer":"BAQ=","outputTopicName":["q8_out"],"inputTopicName":["q8_aucsBySellerID_out","q8_personsByID_out"],"commEveryMs":50,"flushMs":50,"snapEveryS":10,"duration":180,"epoch":1,"waitEnd":true,"numChangelogPartition":4,"numInPartition":4,"ParNum":3,"gua":3,"serdeFormat":1}, node constraint is 5,6,7,8
encoded json is {"aid":"q8","numOutPartition":"BA==","numSubstreamProducer":"BAQ=","outputTopicName":["q8_out"],"inputTopicName":["q8_aucsBySellerID_out","q8_personsByID_out"],"commEveryMs":50,"flushMs":50,"snapEveryS":10,"duration":180,"epoch":1,"waitEnd":true,"numChangelogPartition":4,"numInPartition":4,"gua":3,"serdeFormat":1}, node constraint is 5,6,7,8
encoded json is {"aid":"q8","numOutPartition":"BAQ=","numSubstreamProducer":"AQ==","outputTopicName":["q8_aucsBySellerID_out","q8_personsByID_out"],"inputTopicName":["nexmark_src"],"commEveryMs":50,"flushMs":50,"snapEveryS":10,"duration":180,"epoch":1,"waitEnd":true,"numChangelogPartition":4,"numInPartition":4,"ParNum":3,"gua":3,"serdeFormat":1}, node constraint is 5,6,7,8
encoded json is {"aid":"q8","numOutPartition":"BAQ=","numSubstreamProducer":"AQ==","outputTopicName":["q8_aucsBySellerID_out","q8_personsByID_out"],"inputTopicName":["nexmark_src"],"commEveryMs":50,"flushMs":50,"snapEveryS":10,"duration":180,"epoch":1,"waitEnd":true,"numChangelogPartition":4,"numInPartition":4,"gua":3,"serdeFormat":1}, node constraint is 5,6,7,8
encoded json is {"aid":"q8","numOutPartition":"BA==","numSubstreamProducer":"BAQ=","outputTopicName":["q8_out"],"inputTopicName":["q8_aucsBySellerID_out","q8_personsByID_out"],"commEveryMs":50,"flushMs":50,"snapEveryS":10,"duration":180,"epoch":1,"waitEnd":true,"numChangelogPartition":4,"numInPartition":4,"ParNum":2,"gua":3,"serdeFormat":1}, node constraint is 5,6,7,8
encoded json is {"aid":"q8","numOutPartition":"BAQ=","numSubstreamProducer":"AQ==","outputTopicName":["q8_aucsBySellerID_out","q8_personsByID_out"],"inputTopicName":["nexmark_src"],"commEveryMs":50,"flushMs":50,"snapEveryS":10,"duration":180,"epoch":1,"waitEnd":true,"numChangelogPartition":4,"numInPartition":4,"ParNum":2,"gua":3,"serdeFormat":1}, node constraint is 5,6,7,8
encoded json is {"aid":"q8","numOutPartition":"BA==","numSubstreamProducer":"BAQ=","outputTopicName":["q8_out"],"inputTopicName":["q8_aucsBySellerID_out","q8_personsByID_out"],"commEveryMs":50,"flushMs":50,"snapEveryS":10,"duration":180,"epoch":1,"waitEnd":true,"numChangelogPartition":4,"numInPartition":4,"ParNum":1,"gua":3,"serdeFormat":1}, node constraint is 5,6,7,8
encoded json is {"aid":"q8","numOutPartition":"BAQ=","numSubstreamProducer":"AQ==","outputTopicName":["q8_aucsBySellerID_out","q8_personsByID_out"],"inputTopicName":["nexmark_src"],"commEveryMs":50,"flushMs":50,"snapEveryS":10,"duration":180,"epoch":1,"waitEnd":true,"numChangelogPartition":4,"numInPartition":4,"ParNum":1,"gua":3,"serdeFormat":1}, node constraint is 5,6,7,8
source-3 invoke done
source-2 invoke done
source-1 invoke done
source-0 invoke done
q8GroupBy-3 call done
q8GroupBy-0 call done
q8GroupBy-2 call done
q8GroupBy-1 call done
q8JoinStream-0 call done
q8JoinStream-2 call done
q8JoinStream-1 call done
q8JoinStream-3 call done
sink processed: 5760001, throughput: (event/s) 31999.30795126486
sink_ctrl processed: 1, throughput: (event/s) 0.005555434443720558
source-0 duration: 180.003924109

sink processed: 5760001, throughput: (event/s) 31999.385926912993
sink_ctrl processed: 1, throughput: (event/s) 0.00555544798115712
source-1 duration: 180.003485478

sink processed: 5760001, throughput: (event/s) 31999.52466349896
sink_ctrl processed: 1, throughput: (event/s) 0.00555547206736578
source-2 duration: 180.002705058

sink processed: 5760001, throughput: (event/s) 31999.369736967597
sink_ctrl processed: 1, throughput: (event/s) 0.005555445170403199
source-3 duration: 180.00357655

sink_ctrl processed 4 events, duration: 180.003924109, tp: 0.022222
sink processed 23040004 events, duration: 180.003924109, tp: 127997.231805

auctionsBySellerIDSink processed: 345600, throughput: (event/s) 1919.6220197696175
nexmark_src_src processed: 5760001, throughput: (event/s) 31993.70588395549
nexmark_src_src_ctrl processed: 1, throughput: (event/s) 0.00555446186275931
nexmark_src_src_data processed: 5760000, throughput: (event/s) 31993.700329493626
nexmark_src_src_epoch processed: 0, throughput: (event/s) 0
nexmark_src_src_logEntry processed: 13816, throughput: (event/s) 76.74044509588263
personsByIDSink processed: 115200, throughput: (event/s) 639.8740065898725
q8GroupBy-0 duration: 180.035442624

nexmark_src_src processed: 5760001, throughput: (event/s) 31991.849596430704
nexmark_src_src_ctrl processed: 1, throughput: (event/s) 0.005554139590675541
nexmark_src_src_data processed: 5760000, throughput: (event/s) 31991.844042291115
nexmark_src_src_epoch processed: 0, throughput: (event/s) 0
nexmark_src_src_logEntry processed: 13804, throughput: (event/s) 76.66934290968517
personsByIDSink processed: 115200, throughput: (event/s) 639.8368808458223
auctionsBySellerIDSink processed: 345600, throughput: (event/s) 1919.5106425374668
q8GroupBy-1 duration: 180.045888958

auctionsBySellerIDSink processed: 345600, throughput: (event/s) 1919.596763553098
nexmark_src_src processed: 5760001, throughput: (event/s) 31993.284946940417
nexmark_src_src_ctrl processed: 1, throughput: (event/s) 0.005554388783429103
nexmark_src_src_data processed: 5760000, throughput: (event/s) 31993.279392551634
nexmark_src_src_epoch processed: 0, throughput: (event/s) 0
nexmark_src_src_logEntry processed: 13802, throughput: (event/s) 76.66167398888848
personsByIDSink processed: 115200, throughput: (event/s) 639.8655878510327
q8GroupBy-2 duration: 180.037811358

nexmark_src_src_data processed: 5760000, throughput: (event/s) 31993.88664990873
nexmark_src_src_epoch processed: 0, throughput: (event/s) 0
nexmark_src_src_logEntry processed: 13804, throughput: (event/s) 76.67423807557988
personsByIDSink processed: 115200, throughput: (event/s) 639.8777329981746
auctionsBySellerIDSink processed: 345600, throughput: (event/s) 1919.6331989945238
nexmark_src_src processed: 5760001, throughput: (event/s) 31993.89220440294
nexmark_src_src_ctrl processed: 1, throughput: (event/s) 0.005554494210053599
q8GroupBy-3 duration: 180.034394165

nexmark_src_src_data processed 23040000 events, duration: 180.045888958
nexmark_src_src_epoch processed 0 events, duration: 180.045888958
nexmark_src_src_logEntry processed 55226 events, duration: 180.045888958
personsByIDSink processed 460800 events, duration: 180.045888958
auctionsBySellerIDSink processed 1382400 events, duration: 180.045888958
nexmark_src_src processed 23040004 events, duration: 180.045888958
nexmark_src_src_ctrl processed 4 events, duration: 180.045888958

eventTimeLatency_sink, p50: 232 ms, p90: 801 ms, p99: 1429 ms
auctionsBySellerIDSrc_data processed: 336109, throughput: (event/s) 1865.041342410485
personsByIDSrc_logEntry processed: 10110, throughput: (event/s) 56.099562855412984
sink processed: 1341886, throughput: (event/s) 7446.015628268913
auctionsBySellerIDSrc_epoch processed: 10109, throughput: (event/s) 56.09401393722749
personsByIDSrc_data processed: 114828, throughput: (event/s) 637.1711774046847
personsByIDSrc processed: 124942, throughput: (event/s) 693.2929359328397
personsByIDSrc_ctrl processed: 4, throughput: (event/s) 0.02219567274200316
personsByIDSrc_epoch processed: 10110, throughput: (event/s) 56.099562855412984
auctionsBySellerIDSrc processed: 346222, throughput: (event/s) 1921.1575520204544
auctionsBySellerIDSrc_ctrl processed: 4, throughput: (event/s) 0.02219567274200316
auctionsBySellerIDSrc_logEntry processed: 10112, throughput: (event/s) 56.11066069178399
q8JoinStream-0 duration: 180.215308024

eventTimeLatency_sink, p50: 298 ms, p90: 1197 ms, p99: 2465 ms
auctionsBySellerIDSrc_ctrl processed: 4, throughput: (event/s) 0.022176789352526878
sink processed: 1370155, throughput: (event/s) 7596.409703827867
personsByIDSrc processed: 125678, throughput: (event/s) 696.7836330617183
personsByIDSrc_epoch processed: 10110, throughput: (event/s) 56.05183508851169
auctionsBySellerIDSrc processed: 352431, throughput: (event/s) 1953.9470120751002
auctionsBySellerIDSrc_data processed: 342318, throughput: (event/s) 1897.878544394574
personsByIDSrc_data processed: 115564, throughput: (event/s) 640.7096211838541
personsByIDSrc_logEntry processed: 10110, throughput: (event/s) 56.05183508851169
auctionsBySellerIDSrc_logEntry processed: 10109, throughput: (event/s) 56.046290891173555
personsByIDSrc_ctrl processed: 4, throughput: (event/s) 0.022176789352526878
auctionsBySellerIDSrc_epoch processed: 10109, throughput: (event/s) 56.046290891173555
q8JoinStream-1 duration: 180.368760167

eventTimeLatency_sink, p50: 203 ms, p90: 576 ms, p99: 999 ms
auctionsBySellerIDSrc processed: 345811, throughput: (event/s) 1916.7187073620964
sink processed: 1344081, throughput: (event/s) 7449.80696655096
auctionsBySellerIDSrc_ctrl processed: 4, throughput: (event/s) 0.0221707083622221
auctionsBySellerIDSrc_logEntry processed: 10107, throughput: (event/s) 56.019837354244686
personsByIDSrc processed: 124714, throughput: (event/s) 691.2494306715417
auctionsBySellerIDSrc_epoch processed: 10107, throughput: (event/s) 56.019837354244686
personsByIDSrc_epoch processed: 10110, throughput: (event/s) 56.03646538551635
personsByIDSrc_logEntry processed: 10110, throughput: (event/s) 56.03646538551635
auctionsBySellerIDSrc_data processed: 335700, throughput: (event/s) 1860.6766992994897
personsByIDSrc_ctrl processed: 4, throughput: (event/s) 0.0221707083622221
personsByIDSrc_data processed: 114600, throughput: (event/s) 635.1907945776632
q8JoinStream-2 duration: 180.418231779

eventTimeLatency_sink, p50: 670 ms, p90: 3258 ms, p99: 4950 ms
auctionsBySellerIDSrc_ctrl processed: 4, throughput: (event/s) 0.02200029819005064
auctionsBySellerIDSrc_data processed: 368273, throughput: (event/s) 2025.5289538361299
auctionsBySellerIDSrc_epoch processed: 10109, throughput: (event/s) 55.60025360080548
auctionsBySellerIDSrc_logEntry processed: 10109, throughput: (event/s) 55.60025360080548
personsByIDSrc_data processed: 115808, throughput: (event/s) 636.9526331983461
sink processed: 1473649, throughput: (event/s) 8105.179356867484
personsByIDSrc processed: 125922, throughput: (event/s) 692.5803871718892
personsByIDSrc_logEntry processed: 10110, throughput: (event/s) 55.60575367535299
auctionsBySellerIDSrc processed: 378386, throughput: (event/s) 2081.1512077351254
personsByIDSrc_ctrl processed: 4, throughput: (event/s) 0.02200029819005064
personsByIDSrc_epoch processed: 10110, throughput: (event/s) 55.60575367535299
q8JoinStream-3 duration: 181.815717471

auctionsBySellerIDSrc_epoch processed 40434 events, duration: 181.815717471
personsByIDSrc_ctrl processed 16 events, duration: 181.815717471
auctionsBySellerIDSrc_logEntry processed 40437 events, duration: 181.815717471
personsByIDSrc_logEntry processed 40440 events, duration: 181.815717471
sink processed 5529771 events, duration: 181.815717471
personsByIDSrc_data processed 460800 events, duration: 181.815717471
personsByIDSrc processed 501256 events, duration: 181.815717471
personsByIDSrc_epoch processed 40440 events, duration: 181.815717471
auctionsBySellerIDSrc processed 1422850 events, duration: 181.815717471
auctionsBySellerIDSrc_ctrl processed 16 events, duration: 181.815717471
auctionsBySellerIDSrc_data processed 1382400 events, duration: 181.815717471

