wait for last: true, sink max_buf_size: 131072
warmup: 0
config: map[NodeConstraint:"1,2,3,4" NumInstance:4 OutputTopicName:["nexmark_src"] funcName:"source"]
config: map[InputTopicNames:["nexmark_src"] NodeConstraint:"5,6,7,8" NumInstance:4 NumSrcProducer:[1] OutputTopicName:["q3_aucsBySellerID_out","q3_personsByID_out"] funcName:"q3GroupBy"]
config: map[Final:true InputTopicNames:["q3_aucsBySellerID_out","q3_personsByID_out"] NodeConstraint:"5,6,7,8" NumInstance:4 NumSrcProducer:[4,4] OutputTopicName:["q3_out"] funcName:"q3JoinTable"]
srcInvokeConfig: &{FinalTpNames:[q3_out] TopicName:nexmark_src AppId:q3 NodeConstraint:1,2,3,4 AdditionalBytes:0 ScaleEpoch:0 NumOutPartition:4 InstanceID:0 NumSrcInstance:4}
cliNodes: [0xc0000261e0 0xc000026240]
encoded json is {"sg":{"changelog":4,"nexmark_src":4,"q3GroupBy":4,"q3JoinTable":4,"q3_aucsBySellerID_out":4,"q3_out":4,"q3_personsByID_out":4,"source":4},"aid":"q3","fns":["source","q3GroupBy","q3JoinTable"],"bufMaxSize":131072,"epoch":1,"serdeFormat":1,"bs":true}, node constraint is 1
inParamsMap: map[q3GroupBy:[0xc00007eaa0 0xc00007eb40 0xc00007ebe0 0xc00007ec80] q3JoinTable:[0xc00007ed20 0xc00007edc0 0xc00007ee60 0xc00007ef00]]
configScaleInput: &{Config:map[changelog:4 nexmark_src:4 q3GroupBy:4 q3JoinTable:4 q3_aucsBySellerID_out:4 q3_out:4 q3_personsByID_out:4 source:4] AppId:q3 FuncNames:[source q3GroupBy q3JoinTable] BufMaxSize:131072 ScaleEpoch:0 SerdeFormat:1 Bootstrap:false}
encoded json is {"outTpNames":["q3_out"]}, node constraint is 1
redis_setup url is http://ip-172-31-7-38.us-east-2.compute.internal:8080/function/redisSetup
chkptmngr url is http://ip-172-31-7-38.us-east-2.compute.internal:8080/function/chkptmngr
encoded json is {"srcTpName":"nexmark_src","outTpNames":["q3_out"],"numOutParts":"BA==","chkptEveryMs":100,"bufMaxSize":131072,"srcNumPart":4,"gua":4,"serde_format":1}, node constraint is 1
func source url is http://ip-172-31-7-38.us-east-2.compute.internal:8080/function/source
src instance: 4
func source url is http://ip-172-31-7-38.us-east-2.compute.internal:8080/function/source
func source url is http://ip-172-31-7-38.us-east-2.compute.internal:8080/function/source
encoded json is {"topic_name":"nexmark_src","rate_shape":"square","aid":"q3","events_num":92160000,"rate_period":10000000000,"finOutTpNs":["q3_out"],"first_event_rate":512000,"next_event_rate":512000,"bid_avg_size":100,"person_avg_size":200,"auction_avg_size":500,"duration":180,"person_proportion":1,"auction_proportion":3,"bid_proportion":46,"bid_hot_ratio_auctions":2,"bid_hot_ratio_bidders":4,"auction_hot_ratio_sellers":4,"flushms":100,"bufMaxSize":131072,"commEveryMs":100,"rate_limited":false,"waitEnd":true,"serde_format":1,"numOutPar":4,"nSrcIns":4,"gua":4}, node constraint is 1,2,3,4
encoded json is {"topic_name":"nexmark_src","rate_shape":"square","aid":"q3","events_num":92160000,"rate_period":10000000000,"finOutTpNs":["q3_out"],"first_event_rate":512000,"next_event_rate":512000,"bid_avg_size":100,"person_avg_size":200,"auction_avg_size":500,"duration":180,"person_proportion":1,"auction_proportion":3,"bid_proportion":46,"bid_hot_ratio_auctions":2,"bid_hot_ratio_bidders":4,"auction_hot_ratio_sellers":4,"flushms":100,"bufMaxSize":131072,"commEveryMs":100,"rate_limited":false,"waitEnd":true,"serde_format":1,"numOutPar":4,"parNum":1,"nSrcIns":4,"gua":4}, node constraint is 1,2,3,4
encoded json is {"topic_name":"nexmark_src","rate_shape":"square","aid":"q3","events_num":92160000,"rate_period":10000000000,"finOutTpNs":["q3_out"],"first_event_rate":512000,"next_event_rate":512000,"bid_avg_size":100,"person_avg_size":200,"auction_avg_size":500,"duration":180,"person_proportion":1,"auction_proportion":3,"bid_proportion":46,"bid_hot_ratio_auctions":2,"bid_hot_ratio_bidders":4,"auction_hot_ratio_sellers":4,"flushms":100,"bufMaxSize":131072,"commEveryMs":100,"rate_limited":false,"waitEnd":true,"serde_format":1,"numOutPar":4,"parNum":3,"nSrcIns":4,"gua":4}, node constraint is 1,2,3,4
func source url is http://ip-172-31-7-38.us-east-2.compute.internal:8080/function/source
encoded json is {"topic_name":"nexmark_src","rate_shape":"square","aid":"q3","events_num":92160000,"rate_period":10000000000,"finOutTpNs":["q3_out"],"first_event_rate":512000,"next_event_rate":512000,"bid_avg_size":100,"person_avg_size":200,"auction_avg_size":500,"duration":180,"person_proportion":1,"auction_proportion":3,"bid_proportion":46,"bid_hot_ratio_auctions":2,"bid_hot_ratio_bidders":4,"auction_hot_ratio_sellers":4,"flushms":100,"bufMaxSize":131072,"commEveryMs":100,"rate_limited":false,"waitEnd":true,"serde_format":1,"numOutPar":4,"parNum":2,"nSrcIns":4,"gua":4}, node constraint is 1,2,3,4
encoded json is {"aid":"q3","numOutPartition":"BA==","numSubstreamProducer":"BAQ=","outputTopicName":["q3_out"],"inputTopicName":["q3_aucsBySellerID_out","q3_personsByID_out"],"commEveryMs":100,"flushMs":100,"snapEveryS":10,"duration":180,"bufMaxSize":131072,"epoch":1,"waitEnd":true,"numChangelogPartition":4,"numInPartition":4,"ParNum":3,"gua":4,"serdeFormat":1}, node constraint is 5,6,7,8
encoded json is {"aid":"q3","numOutPartition":"BA==","numSubstreamProducer":"BAQ=","outputTopicName":["q3_out"],"inputTopicName":["q3_aucsBySellerID_out","q3_personsByID_out"],"commEveryMs":100,"flushMs":100,"snapEveryS":10,"duration":180,"bufMaxSize":131072,"epoch":1,"waitEnd":true,"numChangelogPartition":4,"numInPartition":4,"gua":4,"serdeFormat":1}, node constraint is 5,6,7,8
encoded json is {"aid":"q3","numOutPartition":"BAQ=","numSubstreamProducer":"AQ==","outputTopicName":["q3_aucsBySellerID_out","q3_personsByID_out"],"inputTopicName":["nexmark_src"],"commEveryMs":100,"flushMs":100,"snapEveryS":10,"duration":180,"bufMaxSize":131072,"epoch":1,"waitEnd":true,"numChangelogPartition":4,"numInPartition":4,"ParNum":1,"gua":4,"serdeFormat":1}, node constraint is 5,6,7,8
encoded json is {"aid":"q3","numOutPartition":"BAQ=","numSubstreamProducer":"AQ==","outputTopicName":["q3_aucsBySellerID_out","q3_personsByID_out"],"inputTopicName":["nexmark_src"],"commEveryMs":100,"flushMs":100,"snapEveryS":10,"duration":180,"bufMaxSize":131072,"epoch":1,"waitEnd":true,"numChangelogPartition":4,"numInPartition":4,"ParNum":2,"gua":4,"serdeFormat":1}, node constraint is 5,6,7,8
encoded json is {"aid":"q3","numOutPartition":"BAQ=","numSubstreamProducer":"AQ==","outputTopicName":["q3_aucsBySellerID_out","q3_personsByID_out"],"inputTopicName":["nexmark_src"],"commEveryMs":100,"flushMs":100,"snapEveryS":10,"duration":180,"bufMaxSize":131072,"epoch":1,"waitEnd":true,"numChangelogPartition":4,"numInPartition":4,"ParNum":3,"gua":4,"serdeFormat":1}, node constraint is 5,6,7,8
encoded json is {"aid":"q3","numOutPartition":"BA==","numSubstreamProducer":"BAQ=","outputTopicName":["q3_out"],"inputTopicName":["q3_aucsBySellerID_out","q3_personsByID_out"],"commEveryMs":100,"flushMs":100,"snapEveryS":10,"duration":180,"bufMaxSize":131072,"epoch":1,"waitEnd":true,"numChangelogPartition":4,"numInPartition":4,"ParNum":2,"gua":4,"serdeFormat":1}, node constraint is 5,6,7,8
encoded json is {"aid":"q3","numOutPartition":"BAQ=","numSubstreamProducer":"AQ==","outputTopicName":["q3_aucsBySellerID_out","q3_personsByID_out"],"inputTopicName":["nexmark_src"],"commEveryMs":100,"flushMs":100,"snapEveryS":10,"duration":180,"bufMaxSize":131072,"epoch":1,"waitEnd":true,"numChangelogPartition":4,"numInPartition":4,"gua":4,"serdeFormat":1}, node constraint is 5,6,7,8
encoded json is {"aid":"q3","numOutPartition":"BA==","numSubstreamProducer":"BAQ=","outputTopicName":["q3_out"],"inputTopicName":["q3_aucsBySellerID_out","q3_personsByID_out"],"commEveryMs":100,"flushMs":100,"snapEveryS":10,"duration":180,"bufMaxSize":131072,"epoch":1,"waitEnd":true,"numChangelogPartition":4,"numInPartition":4,"ParNum":1,"gua":4,"serdeFormat":1}, node constraint is 5,6,7,8
Waiting for all client to return
func name is q3JoinTable
func url is http://ip-172-31-7-38.us-east-2.compute.internal:8080/function/q3JoinTable
func name is q3GroupBy
func url is http://ip-172-31-7-38.us-east-2.compute.internal:8080/function/q3GroupBy
func name is q3GroupBy
func url is http://ip-172-31-7-38.us-east-2.compute.internal:8080/function/q3GroupBy
func name is q3JoinTable
func url is http://ip-172-31-7-38.us-east-2.compute.internal:8080/function/q3JoinTable
func name is q3JoinTable
func url is http://ip-172-31-7-38.us-east-2.compute.internal:8080/function/q3JoinTable
func name is q3GroupBy
func url is http://ip-172-31-7-38.us-east-2.compute.internal:8080/function/q3GroupBy
func name is q3JoinTable
func url is http://ip-172-31-7-38.us-east-2.compute.internal:8080/function/q3JoinTable
func name is q3GroupBy
func url is http://ip-172-31-7-38.us-east-2.compute.internal:8080/function/q3GroupBy
source-2 invoke done
source-0 invoke done
source-1 invoke done
source-3 invoke done
q3GroupBy-0 call done
q3GroupBy-2 call done
q3GroupBy-3 call done
q3GroupBy-1 call done
q3JoinTable-3 call done
q3JoinTable-1 call done
q3JoinTable-0 call done
q3JoinTable-2 call done
sink processed: 22272700, throughput: (event/s) 123681.88117538899
sink_ctrl processed: 2, throughput: (event/s) 0.011106141704902324
source-0 duration: 180.080540402

sink processed: 22975864, throughput: (event/s) 127579.67710564201
sink_ctrl processed: 2, throughput: (event/s) 0.01110553902178756
source-1 duration: 180.090313138

sink processed: 23040002, throughput: (event/s) 127936.99212999592
sink_ctrl processed: 2, throughput: (event/s) 0.011105640713919724
source-2 duration: 180.088664087

sink processed: 23040002, throughput: (event/s) 127938.44687815031
sink_ctrl processed: 2, throughput: (event/s) 0.011105766994130496
source-3 duration: 180.086616355

sink processed 91328568 events, duration: 180.090313138, tp: 507126.487864
sink_ctrl processed 8 events, duration: 180.090313138, tp: 0.044422

nexmark_src_src_ctrl processed: 288, throughput: (event/s) 1.599108779053957
nexmark_src_src_data processed: 22272698, throughput: (event/s) 123668.28786464415
nexmark_src_src_epoch processed: 0, throughput: (event/s) 0
nexmark_src_src_logEntry processed: 45654, throughput: (event/s) 253.49205624628252
perSink processed: 222891, throughput: (event/s) 1237.5935933059568
aucSink processed: 267496, throughput: (event/s) 1485.2611179229768
nexmark_src_src processed: 22272986, throughput: (event/s) 123669.8869734232
q3GroupBy-0 duration: 180.100318235

nexmark_src_src_logEntry processed: 47013, throughput: (event/s) 261.01606597130007
perSink processed: 230098, throughput: (event/s) 1277.5035574812116
aucSink processed: 275606, throughput: (event/s) 1530.1638669747967
nexmark_src_src processed: 22976150, throughput: (event/s) 127563.53102687525
nexmark_src_src_ctrl processed: 288, throughput: (event/s) 1.5989753259680177
nexmark_src_src_data processed: 22975862, throughput: (event/s) 127561.93205154927
nexmark_src_src_epoch processed: 0, throughput: (event/s) 0
q3GroupBy-1 duration: 180.115349701

perSink processed: 230142, throughput: (event/s) 1277.76866195329
aucSink processed: 275281, throughput: (event/s) 1528.3843671783666
nexmark_src_src processed: 23040288, throughput: (event/s) 127921.70906995874
nexmark_src_src_ctrl processed: 288, throughput: (event/s) 1.599001375857286
nexmark_src_src_data processed: 23040000, throughput: (event/s) 127920.11006858289
nexmark_src_src_epoch processed: 0, throughput: (event/s) 0
nexmark_src_src_logEntry processed: 47194, throughput: (event/s) 262.0252462923915
q3GroupBy-2 duration: 180.112415379

nexmark_src_src_ctrl processed: 288, throughput: (event/s) 1.5990251614615107
nexmark_src_src_data processed: 23040000, throughput: (event/s) 127922.01291692087
nexmark_src_src_epoch processed: 0, throughput: (event/s) 0
nexmark_src_src_logEntry processed: 47230, throughput: (event/s) 262.2290221382887
perSink processed: 230925, throughput: (event/s) 1282.1350187864562
aucSink processed: 276858, throughput: (event/s) 1537.1628755274685
nexmark_src_src processed: 23040288, throughput: (event/s) 127923.61194208232
q3GroupBy-3 duration: 180.109736195

perSink processed 914056 events, duration: 180.115349701
aucSink processed 1095241 events, duration: 180.115349701
nexmark_src_src processed 91329712 events, duration: 180.115349701
nexmark_src_src_ctrl processed 1152 events, duration: 180.115349701
nexmark_src_src_data processed 91328560 events, duration: 180.115349701
nexmark_src_src_epoch processed 0 events, duration: 180.115349701
nexmark_src_src_logEntry processed 187091 events, duration: 180.115349701

eventTimeLatency_sink, p50: 1405 ms, p90: 5609 ms, p99: 7684 ms
auctionsSrc processed: 272842, throughput: (event/s) 1464.4781016950444
personsSrc_ctrl processed: 291, throughput: (event/s) 1.5619410779618164
personsSrc_epoch processed: 0, throughput: (event/s) 0
personsSrc_logEntry processed: 1405, throughput: (event/s) 7.54133063414554
auctionsSrc_ctrl processed: 291, throughput: (event/s) 1.5619410779618164
auctionsSrc_data processed: 272551, throughput: (event/s) 1462.9161606170826
auctionsSrc_logEntry processed: 2011, throughput: (event/s) 10.794032672787672
personsSrc_data processed: 228130, throughput: (event/s) 1224.4866601904782
auctionsSrc_epoch processed: 0, throughput: (event/s) 0
sink processed: 196625, throughput: (event/s) 1055.3837266468802
personsSrc processed: 228421, throughput: (event/s) 1226.04860126844
q3JoinTable-0 duration: 186.306643769

eventTimeLatency_sink, p50: 1302 ms, p90: 5442 ms, p99: 8316 ms
auctionsSrc_logEntry processed: 2039, throughput: (event/s) 11.096129081345834
personsSrc processed: 229073, throughput: (event/s) 1246.6030294512675
sink processed: 196889, throughput: (event/s) 1071.459420645954
auctionsSrc processed: 278899, throughput: (event/s) 1517.7534598618302
personsSrc_epoch processed: 0, throughput: (event/s) 0
auctionsSrc_epoch processed: 0, throughput: (event/s) 0
auctionsSrc_ctrl processed: 291, throughput: (event/s) 1.5836064554544569
personsSrc_ctrl processed: 291, throughput: (event/s) 1.5836064554544569
personsSrc_data processed: 228782, throughput: (event/s) 1245.0194229958129
personsSrc_logEntry processed: 1407, throughput: (event/s) 7.6568188413210345
auctionsSrc_data processed: 278608, throughput: (event/s) 1516.1698534063758
q3JoinTable-1 duration: 183.757775802

eventTimeLatency_sink, p50: 1330 ms, p90: 5450 ms, p99: 8332 ms
personsSrc processed: 228189, throughput: (event/s) 1224.4930362186174
personsSrc_logEntry processed: 1399, throughput: (event/s) 7.507223212643229
auctionsSrc_ctrl processed: 291, throughput: (event/s) 1.5615453573117797
sink processed: 196940, throughput: (event/s) 1056.8066758384257
auctionsSrc processed: 273636, throughput: (event/s) 1468.3677848569282
auctionsSrc_epoch processed: 0, throughput: (event/s) 0
auctionsSrc_logEntry processed: 2019, throughput: (event/s) 10.834227066709564
personsSrc_data processed: 227898, throughput: (event/s) 1222.9314908613057
personsSrc_epoch processed: 0, throughput: (event/s) 0
auctionsSrc_data processed: 273345, throughput: (event/s) 1466.8062394996164
personsSrc_ctrl processed: 291, throughput: (event/s) 1.5615453573117797
q3JoinTable-2 duration: 186.353856862

eventTimeLatency_sink, p50: 1355 ms, p90: 5502 ms, p99: 8703 ms
auctionsSrc_logEntry processed: 1981, throughput: (event/s) 10.784377075542325
personsSrc_epoch processed: 0, throughput: (event/s) 0
personsSrc_logEntry processed: 1407, throughput: (event/s) 7.659575237399319
auctionsSrc_data processed: 270737, throughput: (event/s) 1473.8666816259984
auctionsSrc_ctrl processed: 291, throughput: (event/s) 1.5841765416369595
auctionsSrc_epoch processed: 0, throughput: (event/s) 0
personsSrc_ctrl processed: 291, throughput: (event/s) 1.5841765416369595
personsSrc_data processed: 229246, throughput: (event/s) 1247.9935926601595
auctionsSrc processed: 271028, throughput: (event/s) 1475.4508581676353
sink processed: 198495, throughput: (event/s) 1080.5880502825714
personsSrc processed: 229537, throughput: (event/s) 1249.5777692017964
q3JoinTable-3 duration: 183.691648217

personsSrc_logEntry processed 5618 events, duration: 186.353856862
auctionsSrc_ctrl processed 1164 events, duration: 186.353856862
auctionsSrc_data processed 1095241 events, duration: 186.353856862
personsSrc_data processed 914056 events, duration: 186.353856862
auctionsSrc processed 1096405 events, duration: 186.353856862
personsSrc_ctrl processed 1164 events, duration: 186.353856862
personsSrc_epoch processed 0 events, duration: 186.353856862
personsSrc processed 915220 events, duration: 186.353856862
auctionsSrc_logEntry processed 8050 events, duration: 186.353856862
auctionsSrc_epoch processed 0 events, duration: 186.353856862
sink processed 788949 events, duration: 186.353856862

