wait for last: true, sink max_buf_size: 131072
warmup: 0
encoded json is {"sg":{"fanout":4,"fanout_out":128,"nexmark_src":4,"source":4},"aid":"fanout","fns":["source","fanout"],"bufMaxSize":131072,"epoch":1,"serdeFormat":1,"bs":true}, node constraint is 1
config: map[NodeConstraint:"1,2,3,4" NumInstance:4 OutputTopicName:["nexmark_src"] funcName:"source"]
config: map[Final:true InputTopicNames:["nexmark_src"] NodeConstraint:"5,6,7,8" NumInstance:4 NumSrcProducer:[1] OutputTopicName:["fanout_out"] funcName:"fanout"]
srcInvokeConfig: &{FinalTpNames:[fanout_out] TopicName:nexmark_src AppId:fanout NodeConstraint:1,2,3,4 AdditionalBytes:0 ScaleEpoch:0 NumOutPartition:4 InstanceID:0 NumSrcInstance:4}
cliNodes: [0xc000026160]
inParamsMap: map[fanout:[0xc00007eaa0 0xc00007eb40 0xc00007ebe0 0xc00007ec80]]
configScaleInput: &{Config:map[fanout:4 fanout_out:128 nexmark_src:4 source:4] AppId:fanout FuncNames:[source fanout] BufMaxSize:131072 ScaleEpoch:0 SerdeFormat:1 Bootstrap:false}
func source url is http://ip-172-31-9-234.us-east-2.compute.internal:8080/function/source
{"level":"error","time":"2024-03-19T07:48:21-05:00","message":"scale request failed: Post \"http://ip-172-31-9-234.us-east-2.compute.internal:8080/function/scale\": dial tcp 172.31.9.234:8080: connect: connection refused"}
src instance: 4
func source url is http://ip-172-31-9-234.us-east-2.compute.internal:8080/function/source
func source url is http://ip-172-31-9-234.us-east-2.compute.internal:8080/function/source
func source url is http://ip-172-31-9-234.us-east-2.compute.internal:8080/function/source
encoded json is {"topic_name":"nexmark_src","rate_shape":"square","aid":"fanout","events_num":46080000,"rate_period":10000000000,"finOutTpNs":["fanout_out"],"first_event_rate":256000,"next_event_rate":256000,"bid_avg_size":100,"person_avg_size":200,"auction_avg_size":500,"duration":180,"person_proportion":1,"auction_proportion":3,"bid_proportion":46,"bid_hot_ratio_auctions":2,"bid_hot_ratio_bidders":4,"auction_hot_ratio_sellers":4,"flushms":10,"bufMaxSize":131072,"commEveryMs":100,"rate_limited":false,"waitEnd":true,"serde_format":1,"numOutPar":4,"parNum":3,"nSrcIns":4,"gua":2}, node constraint is 1,2,3,4
encoded json is {"topic_name":"nexmark_src","rate_shape":"square","aid":"fanout","events_num":46080000,"rate_period":10000000000,"finOutTpNs":["fanout_out"],"first_event_rate":256000,"next_event_rate":256000,"bid_avg_size":100,"person_avg_size":200,"auction_avg_size":500,"duration":180,"person_proportion":1,"auction_proportion":3,"bid_proportion":46,"bid_hot_ratio_auctions":2,"bid_hot_ratio_bidders":4,"auction_hot_ratio_sellers":4,"flushms":10,"bufMaxSize":131072,"commEveryMs":100,"rate_limited":false,"waitEnd":true,"serde_format":1,"numOutPar":4,"parNum":1,"nSrcIns":4,"gua":2}, node constraint is 1,2,3,4
encoded json is {"topic_name":"nexmark_src","rate_shape":"square","aid":"fanout","events_num":46080000,"rate_period":10000000000,"finOutTpNs":["fanout_out"],"first_event_rate":256000,"next_event_rate":256000,"bid_avg_size":100,"person_avg_size":200,"auction_avg_size":500,"duration":180,"person_proportion":1,"auction_proportion":3,"bid_proportion":46,"bid_hot_ratio_auctions":2,"bid_hot_ratio_bidders":4,"auction_hot_ratio_sellers":4,"flushms":10,"bufMaxSize":131072,"commEveryMs":100,"rate_limited":false,"waitEnd":true,"serde_format":1,"numOutPar":4,"parNum":2,"nSrcIns":4,"gua":2}, node constraint is 1,2,3,4
encoded json is {"topic_name":"nexmark_src","rate_shape":"square","aid":"fanout","events_num":46080000,"rate_period":10000000000,"finOutTpNs":["fanout_out"],"first_event_rate":256000,"next_event_rate":256000,"bid_avg_size":100,"person_avg_size":200,"auction_avg_size":500,"duration":180,"person_proportion":1,"auction_proportion":3,"bid_proportion":46,"bid_hot_ratio_auctions":2,"bid_hot_ratio_bidders":4,"auction_hot_ratio_sellers":4,"flushms":10,"bufMaxSize":131072,"commEveryMs":100,"rate_limited":false,"waitEnd":true,"serde_format":1,"numOutPar":4,"nSrcIns":4,"gua":2}, node constraint is 1,2,3,4
{"level":"error","time":"2024-03-19T07:48:21-05:00","message":"source request failed: Post \"http://ip-172-31-9-234.us-east-2.compute.internal:8080/function/source\": dial tcp 172.31.9.234:8080: connect: connection refused"}
source-3 invoke done
{"level":"error","time":"2024-03-19T07:48:21-05:00","message":"source request failed: Post \"http://ip-172-31-9-234.us-east-2.compute.internal:8080/function/source\": dial tcp 172.31.9.234:8080: connect: connection refused"}
source-1 invoke done
{"level":"error","time":"2024-03-19T07:48:21-05:00","message":"source request failed: Post \"http://ip-172-31-9-234.us-east-2.compute.internal:8080/function/source\": dial tcp 172.31.9.234:8080: connect: connection refused"}
source-0 invoke done
{"level":"error","time":"2024-03-19T07:48:21-05:00","message":"source request failed: Post \"http://ip-172-31-9-234.us-east-2.compute.internal:8080/function/source\": dial tcp 172.31.9.234:8080: connect: connection refused"}
source-2 invoke done
Waiting for all client to return
func name is fanout
func url is http://ip-172-31-9-234.us-east-2.compute.internal:8080/function/fanout
func name is fanout
func url is http://ip-172-31-9-234.us-east-2.compute.internal:8080/function/fanout
func name is fanout
func url is http://ip-172-31-9-234.us-east-2.compute.internal:8080/function/fanout
func name is fanout
func url is http://ip-172-31-9-234.us-east-2.compute.internal:8080/function/fanout
encoded json is {"aid":"fanout","numOutPartition":"gA==","numSubstreamProducer":"AQ==","outputTopicName":["fanout_out"],"inputTopicName":["nexmark_src"],"commEveryMs":100,"flushMs":100,"duration":180,"bufMaxSize":131072,"epoch":1,"waitEnd":true,"numInPartition":4,"ParNum":3,"gua":2,"serdeFormat":1}, node constraint is 5,6,7,8
encoded json is {"aid":"fanout","numOutPartition":"gA==","numSubstreamProducer":"AQ==","outputTopicName":["fanout_out"],"inputTopicName":["nexmark_src"],"commEveryMs":100,"flushMs":100,"duration":180,"bufMaxSize":131072,"epoch":1,"waitEnd":true,"numInPartition":4,"ParNum":2,"gua":2,"serdeFormat":1}, node constraint is 5,6,7,8
encoded json is {"aid":"fanout","numOutPartition":"gA==","numSubstreamProducer":"AQ==","outputTopicName":["fanout_out"],"inputTopicName":["nexmark_src"],"commEveryMs":100,"flushMs":100,"duration":180,"bufMaxSize":131072,"epoch":1,"waitEnd":true,"numInPartition":4,"gua":2,"serdeFormat":1}, node constraint is 5,6,7,8
encoded json is {"aid":"fanout","numOutPartition":"gA==","numSubstreamProducer":"AQ==","outputTopicName":["fanout_out"],"inputTopicName":["nexmark_src"],"commEveryMs":100,"flushMs":100,"duration":180,"bufMaxSize":131072,"epoch":1,"waitEnd":true,"numInPartition":4,"ParNum":1,"gua":2,"serdeFormat":1}, node constraint is 5,6,7,8
{"level":"error","time":"2024-03-19T07:48:21-05:00","message":"fanout request failed: Post \"http://ip-172-31-9-234.us-east-2.compute.internal:8080/function/fanout\": dial tcp 172.31.9.234:8080: connect: connection refused"}
fanout-2 call done
{"level":"error","time":"2024-03-19T07:48:21-05:00","message":"fanout request failed: Post \"http://ip-172-31-9-234.us-east-2.compute.internal:8080/function/fanout\": dial tcp 172.31.9.234:8080: connect: connection refused"}
{"level":"error","time":"2024-03-19T07:48:21-05:00","message":"fanout request failed: Post \"http://ip-172-31-9-234.us-east-2.compute.internal:8080/function/fanout\": dial tcp 172.31.9.234:8080: connect: connection refused"}
fanout-1 call done
fanout-3 call done
{"level":"error","time":"2024-03-19T07:48:21-05:00","message":"fanout request failed: Post \"http://ip-172-31-9-234.us-east-2.compute.internal:8080/function/fanout\": dial tcp 172.31.9.234:8080: connect: connection refused"}
fanout-0 call done
source-0 failed
source-1 failed
source-2 failed
source-3 failed
fanout-0 failed, msg 
fanout-1 failed, msg 
fanout-2 failed, msg 
fanout-3 failed, msg 
