parallel restore str: , false
env str: , async2ndPhase: false
env str: , create snapshot: false
2024/03/03 12:39:43 [INFO] Load configuration for function scale[40]
2024/03/03 12:39:43 [INFO] Load configuration for function chkptmngr[50]
2024/03/03 12:39:43 [INFO] Load configuration for function redisSetup[70]
2024/03/03 12:39:43 [INFO] Load configuration for function source[20]
2024/03/03 12:39:43 [INFO] Load configuration for function query2[30]
2024/03/03 12:39:43 [INFO] Parse FAAS_ENGINE_ID: 4
2024/03/03 12:39:43 [INFO] Parse FAAS_ENGINE_ID: 4
2024/03/03 12:39:43 [INFO] Current GOMAXPROCS is 2
2024/03/03 12:39:43 [INFO] Parse FAAS_ENGINE_ID: 4
2024/03/03 12:39:43 [INFO] Current GOMAXPROCS is 3
2024/03/03 12:39:43 [INFO] Parse FAAS_ENGINE_ID: 4
2024/03/03 12:39:43 [INFO] Current GOMAXPROCS is 4
2024/03/03 12:39:43 [INFO] Start new FuncWorker with client id 3
2024/03/03 12:39:43 [INFO] Start new FuncWorker with client id 4
2024/03/03 12:39:43 [INFO] Start new FuncWorker with client id 6
2024/03/03 12:39:43 [INFO] Start new FuncWorker with client id 5
Enter nexmark: funcName: source
2024/03/03 12:39:43 [INFO] Handshake with engine done
Enter nexmark: funcName: source
Enter nexmark: funcName: source
2024/03/03 12:39:43 [INFO] Handshake with engine done
2024/03/03 12:39:43 [INFO] Handshake with engine done
Enter nexmark: funcName: source
2024/03/03 12:39:43 [INFO] Handshake with engine done
redis address is [snapcache-1:6666 snapcache-2:6666 snapcache-3:6666 snapcache-4:6666]
new buffered sink stream nexmark_src[0] with bufMaxSize 131072
new buffered sink stream nexmark_src[1] with bufMaxSize 131072
new buffered sink stream nexmark_src[2] with bufMaxSize 131072
new buffered sink stream nexmark_src[3] with bufMaxSize 131072
Generator config: 
	InterEventDelayUs: [12.5]
	EventPerEpoch    : 0
	MaxEvents        : 57600000
	FirstEventNumber : 1
	EpochPeriodMs    : 0
	StepLengthSec    : 5
	BaseTime         : 1709469712565
	FirstEventId     : 1
	TotalProportion  : 50
	BidProportion    : 46
	AuctionProportion: 3
	PersonProportion : 1
Nexmark config: 
	NumEvents            : 57600000
	NumEventGenerators   : 4
	RateShape            : 0
	FirstEventRate       : 320000
	NextEventRate        : 320000
	RateUnit             : 1000000
	RatePeriodSec        : 10
	PreloadSeconds       : 0
	StreamTimeout        : 240
	IsRateLimited        : false
	UseWallclockEventTime: false
	AvgPersonByteSize    : 200
	AvgAuctionByteSize   : 500
	AvgBidByteSize       : 100
	HotAuctionRatio      : 2
	HotSellersRatio      : 4
	HotBiddersRatio      : 4
	WindowSizeSec        : 10
	WindowPeriodSec      : 5
	WatermarkHoldbackSec : 0
	NumInFlightAuctions  : 100
	NumActivePeople      : 1000
	OccasionalDelaySec   : 3
	ProbDelayedEvent     : 0.1
	OutOfOrderGroupSize  : 1
Input config: 
	SrcTopicName   : nexmark_src
	AppId          : q2
	FinalOutTpNames: [q2_out]
	Duration(s)    : 180
	FlushMs        : 10
	BufMaxSize     : 131072
	CommitEveryMs  : 100
	WaitForEndMark : true
	SerdeFormat    : MSGP
	NumOutPartition: 4
	ParNum         : 0
	NumSrcInstance : 4
	Guarantee      : ALIGN_CHKPT
new buffered sink stream __control_log_q2[0] with bufMaxSize 131072
new buffered sink stream __control_log_q2[0] with bufMaxSize 131072
generate events to [0]
StartTs: 1709469712566
gen first chkpt
srcGen_0 stats (799920 samples): dur=10.011402686s, p50=4, p90=14, p99=27
nexmark_src_bufEntry_0 stats (2147 samples): dur=10.003905868s, p50=506, p90=510, p99=513
nexmark_src_bufSize_0 stats (2147 samples): dur=10.0040166s, p50=130868, p90=131027, p99=131067
srcGen_0 stats (800975 samples): dur=10.01114687s, p50=4, p90=14, p99=27
nexmark_src_bufEntry_0 stats (2167 samples): dur=10.011136192s, p50=503, p90=508, p99=511
nexmark_src_bufSize_0 stats (2167 samples): dur=10.011134523s, p50=130874, p90=131032, p99=131066
nexmark_src_bufEntry_0 stats (2161 samples): dur=10.001592756s, p50=502, p90=506, p99=508
nexmark_src_bufSize_0 stats (2161 samples): dur=10.001590385s, p50=130868, p90=131033, p99=131067
srcGen_0 stats (800941 samples): dur=10.011342591s, p50=4, p90=14, p99=27
nexmark_src_bufEntry_0 stats (2169 samples): dur=10.002272257s, p50=502, p90=506, p99=508
nexmark_src_bufSize_0 stats (2169 samples): dur=10.002281904s, p50=130868, p90=131033, p99=131068
srcGen_0 stats (800804 samples): dur=10.011490563s, p50=4, p90=14, p99=27
nexmark_src_bufEntry_0 stats (2169 samples): dur=10.005625251s, p50=499, p90=502, p99=504
nexmark_src_bufSize_0 stats (2169 samples): dur=10.005620579s, p50=130880, p90=131034, p99=131068
srcGen_0 stats (800942 samples): dur=10.010852245s, p50=4, p90=14, p99=27
nexmark_src_bufEntry_0 stats (2129 samples): dur=10.004375746s, p50=498, p90=502, p99=504
nexmark_src_bufSize_0 stats (2129 samples): dur=10.004382156s, p50=130863, p90=131028, p99=131066
srcGen_0 stats (800887 samples): dur=10.011274582s, p50=4, p90=14, p99=27
nexmark_src_bufEntry_0 stats (2142 samples): dur=10.005032985s, p50=498, p90=502, p99=504
nexmark_src_bufSize_0 stats (2142 samples): dur=10.005048815s, p50=130866, p90=131029, p99=131066
srcGen_0 stats (800891 samples): dur=10.012247681s, p50=4, p90=14, p99=27
nexmark_src_bufEntry_0 stats (2133 samples): dur=10.000645446s, p50=498, p90=502, p99=505
nexmark_src_bufSize_0 stats (2133 samples): dur=10.000620071s, p50=130876, p90=131037, p99=131068
srcGen_0 stats (800971 samples): dur=10.011599869s, p50=4, p90=14, p99=26
nexmark_src_bufEntry_0 stats (2098 samples): dur=10.006792208s, p50=498, p90=502, p99=504
nexmark_src_bufSize_0 stats (2098 samples): dur=10.006819218s, p50=130872, p90=131034, p99=131067
srcGen_0 stats (800952 samples): dur=10.011013558s, p50=4, p90=14, p99=26
nexmark_src_bufEntry_0 stats (2086 samples): dur=10.003911038s, p50=498, p90=502, p99=504
nexmark_src_bufSize_0 stats (2086 samples): dur=10.003900425s, p50=130865, p90=131033, p99=131068
srcGen_0 stats (800877 samples): dur=10.011745388s, p50=4, p90=14, p99=26
nexmark_src_bufEntry_0 stats (2068 samples): dur=10.001911231s, p50=498, p90=502, p99=504
nexmark_src_bufSize_0 stats (2068 samples): dur=10.001899077s, p50=130864, p90=131030, p99=131066
srcGen_0 stats (800880 samples): dur=10.011505759s, p50=4, p90=13, p99=26
nexmark_src_bufEntry_0 stats (2104 samples): dur=10.003441967s, p50=498, p90=502, p99=505
nexmark_src_bufSize_0 stats (2104 samples): dur=10.003438486s, p50=130868, p90=131030, p99=131067
srcGen_0 stats (800960 samples): dur=10.011178378s, p50=4, p90=14, p99=26
nexmark_src_bufEntry_0 stats (2079 samples): dur=10.004415674s, p50=498, p90=502, p99=504
nexmark_src_bufSize_0 stats (2079 samples): dur=10.004450143s, p50=130868, p90=131032, p99=131067
srcGen_0 stats (800908 samples): dur=10.016613677s, p50=4, p90=13, p99=26
nexmark_src_bufEntry_0 stats (2057 samples): dur=10.004921598s, p50=498, p90=502, p99=505
nexmark_src_bufSize_0 stats (2057 samples): dur=10.00488066s, p50=130869, p90=131036, p99=131068
srcGen_0 stats (801365 samples): dur=10.010582654s, p50=4, p90=13, p99=26
nexmark_src_bufEntry_0 stats (2063 samples): dur=10.002085708s, p50=498, p90=502, p99=504
nexmark_src_bufSize_0 stats (2063 samples): dur=10.002087298s, p50=130868, p90=131031, p99=131068
srcGen_0 stats (800816 samples): dur=10.011322485s, p50=4, p90=13, p99=26
nexmark_src_bufEntry_0 stats (2054 samples): dur=10.003921391s, p50=498, p90=502, p99=504
nexmark_src_bufSize_0 stats (2054 samples): dur=10.003926505s, p50=130858, p90=131030, p99=131067
srcGen_0 stats (800831 samples): dur=10.010953131s, p50=4, p90=13, p99=26
nexmark_src_bufEntry_0 stats (2107 samples): dur=10.001773949s, p50=498, p90=502, p99=504
nexmark_src_bufSize_0 stats (2107 samples): dur=10.001787363s, p50=130872, p90=131033, p99=131066
srcGen_0 stats (800960 samples): dur=10.011686045s, p50=4, p90=14, p99=26
[0] chkmngr has terminated
nexmark_src_bufEntry_0 stats (2108 samples): dur=10.022753271s, p50=498, p90=502, p99=504
nexmark_src_bufSize_0 stats (2108 samples): dur=10.022731875s, p50=130867, p90=131032, p99=131069
generate stream end mark with tag: 404b3c06f60bdf00
[0] all stopped
