wait for last: true
warmup: 0
config: map[NodeConstraint:"1,2,3,4" NumInstance:4 OutputTopicName:["nexmark_src"] funcName:"source"]
config: map[InputTopicNames:["nexmark_src"] NodeConstraint:"5,6,7,8" NumInstance:4 NumSrcProducer:[1] OutputTopicName:["q8_aucsBySellerID_out","q8_personsByID_out"] funcName:"q8GroupBy"]
config: map[InputTopicNames:["q8_aucsBySellerID_out","q8_personsByID_out"] NodeConstraint:"5,6,7,8" NumInstance:4 NumSrcProducer:[4,4] OutputTopicName:["q8_out"] funcName:"q8JoinStream"]
srcInvokeConfig: {TopicName:nexmark_src AppId:q8 NodeConstraint:1,2,3,4 ScaleEpoch:0 NumOutPartition:4 InstanceID:0 NumSrcInstance:4}
cliNodes: [0xc0000ce220 0xc0000ce280]
inParamsMap: map[q8GroupBy:[0xc0000b2b40 0xc0000b2be0 0xc0000b2c80 0xc0000b2d20] q8JoinStream:[0xc0000b2dc0 0xc0000b2e60 0xc0000b2f00 0xc0000b2fa0]]
configScaleInput: {Config:map[changelog:4 nexmark_src:4 q8GroupBy:4 q8JoinStream:4 q8_aucsBySellerID_out:4 q8_out:4 q8_personsByID_out:4 source:4] AppId:q8 FuncNames:[source q8GroupBy q8JoinStream] ScaleEpoch:0 SerdeFormat:1 Bootstrap:false}
encoded json is {"sg":{"changelog":4,"nexmark_src":4,"q8GroupBy":4,"q8JoinStream":4,"q8_aucsBySellerID_out":4,"q8_out":4,"q8_personsByID_out":4,"source":4},"aid":"q8","fns":["source","q8GroupBy","q8JoinStream"],"epoch":1,"serdeFormat":1,"bs":true}, node constraint is 1
func source url is http://ip-172-31-8-71.us-east-2.compute.internal:8080/function/source
func source url is http://ip-172-31-8-71.us-east-2.compute.internal:8080/function/source
func source url is http://ip-172-31-8-71.us-east-2.compute.internal:8080/function/source
func source url is http://ip-172-31-8-71.us-east-2.compute.internal:8080/function/source
src instance: 4
encoded json is {"topic_name":"nexmark_src","rate_shape":"square","aid":"q8","events_num":5760000,"rate_period":10000000000,"bid_avg_size":100,"first_event_rate":32000,"next_event_rate":32000,"person_avg_size":200,"auction_avg_size":500,"duration":180,"person_proportion":1,"auction_proportion":3,"bid_proportion":46,"bid_hot_ratio_auctions":2,"bid_hot_ratio_bidders":4,"auction_hot_ratio_sellers":4,"flushms":100,"rate_limited":false,"waitEnd":true,"serde_format":1,"numOutPar":4,"parNum":3,"nSrcIns":4}, node constraint is 1,2,3,4
encoded json is {"topic_name":"nexmark_src","rate_shape":"square","aid":"q8","events_num":5760000,"rate_period":10000000000,"bid_avg_size":100,"first_event_rate":32000,"next_event_rate":32000,"person_avg_size":200,"auction_avg_size":500,"duration":180,"person_proportion":1,"auction_proportion":3,"bid_proportion":46,"bid_hot_ratio_auctions":2,"bid_hot_ratio_bidders":4,"auction_hot_ratio_sellers":4,"flushms":100,"rate_limited":false,"waitEnd":true,"serde_format":1,"numOutPar":4,"nSrcIns":4}, node constraint is 1,2,3,4
encoded json is {"topic_name":"nexmark_src","rate_shape":"square","aid":"q8","events_num":5760000,"rate_period":10000000000,"bid_avg_size":100,"first_event_rate":32000,"next_event_rate":32000,"person_avg_size":200,"auction_avg_size":500,"duration":180,"person_proportion":1,"auction_proportion":3,"bid_proportion":46,"bid_hot_ratio_auctions":2,"bid_hot_ratio_bidders":4,"auction_hot_ratio_sellers":4,"flushms":100,"rate_limited":false,"waitEnd":true,"serde_format":1,"numOutPar":4,"parNum":1,"nSrcIns":4}, node constraint is 1,2,3,4
encoded json is {"topic_name":"nexmark_src","rate_shape":"square","aid":"q8","events_num":5760000,"rate_period":10000000000,"bid_avg_size":100,"first_event_rate":32000,"next_event_rate":32000,"person_avg_size":200,"auction_avg_size":500,"duration":180,"person_proportion":1,"auction_proportion":3,"bid_proportion":46,"bid_hot_ratio_auctions":2,"bid_hot_ratio_bidders":4,"auction_hot_ratio_sellers":4,"flushms":100,"rate_limited":false,"waitEnd":true,"serde_format":1,"numOutPar":4,"parNum":2,"nSrcIns":4}, node constraint is 1,2,3,4
encoded json is {"aid":"q8","numOutPartition":"BAQ=","numSubstreamProducer":"AQ==","outputTopicName":["q8_aucsBySellerID_out","q8_personsByID_out"],"inputTopicName":["nexmark_src"],"commEveryMs":100,"flushMs":100,"duration":180,"epoch":1,"waitEnd":true,"numChangelogPartition":4,"numInPartition":4,"ParNum":1,"gua":2,"serdeFormat":1}, node constraint is 5,6,7,8
encoded json is {"aid":"q8","numOutPartition":"BA==","numSubstreamProducer":"BAQ=","outputTopicName":["q8_out"],"inputTopicName":["q8_aucsBySellerID_out","q8_personsByID_out"],"commEveryMs":100,"flushMs":100,"duration":180,"epoch":1,"waitEnd":true,"numChangelogPartition":4,"numInPartition":4,"ParNum":3,"gua":2,"serdeFormat":1}, node constraint is 5,6,7,8
encoded json is {"aid":"q8","numOutPartition":"BA==","numSubstreamProducer":"BAQ=","outputTopicName":["q8_out"],"inputTopicName":["q8_aucsBySellerID_out","q8_personsByID_out"],"commEveryMs":100,"flushMs":100,"duration":180,"epoch":1,"waitEnd":true,"numChangelogPartition":4,"numInPartition":4,"gua":2,"serdeFormat":1}, node constraint is 5,6,7,8
encoded json is {"aid":"q8","numOutPartition":"BAQ=","numSubstreamProducer":"AQ==","outputTopicName":["q8_aucsBySellerID_out","q8_personsByID_out"],"inputTopicName":["nexmark_src"],"commEveryMs":100,"flushMs":100,"duration":180,"epoch":1,"waitEnd":true,"numChangelogPartition":4,"numInPartition":4,"ParNum":2,"gua":2,"serdeFormat":1}, node constraint is 5,6,7,8
encoded json is {"aid":"q8","numOutPartition":"BAQ=","numSubstreamProducer":"AQ==","outputTopicName":["q8_aucsBySellerID_out","q8_personsByID_out"],"inputTopicName":["nexmark_src"],"commEveryMs":100,"flushMs":100,"duration":180,"epoch":1,"waitEnd":true,"numChangelogPartition":4,"numInPartition":4,"gua":2,"serdeFormat":1}, node constraint is 5,6,7,8
encoded json is {"aid":"q8","numOutPartition":"BA==","numSubstreamProducer":"BAQ=","outputTopicName":["q8_out"],"inputTopicName":["q8_aucsBySellerID_out","q8_personsByID_out"],"commEveryMs":100,"flushMs":100,"duration":180,"epoch":1,"waitEnd":true,"numChangelogPartition":4,"numInPartition":4,"ParNum":1,"gua":2,"serdeFormat":1}, node constraint is 5,6,7,8
encoded json is {"aid":"q8","numOutPartition":"BAQ=","numSubstreamProducer":"AQ==","outputTopicName":["q8_aucsBySellerID_out","q8_personsByID_out"],"inputTopicName":["nexmark_src"],"commEveryMs":100,"flushMs":100,"duration":180,"epoch":1,"waitEnd":true,"numChangelogPartition":4,"numInPartition":4,"ParNum":3,"gua":2,"serdeFormat":1}, node constraint is 5,6,7,8
encoded json is {"aid":"q8","numOutPartition":"BA==","numSubstreamProducer":"BAQ=","outputTopicName":["q8_out"],"inputTopicName":["q8_aucsBySellerID_out","q8_personsByID_out"],"commEveryMs":100,"flushMs":100,"duration":180,"epoch":1,"waitEnd":true,"numChangelogPartition":4,"numInPartition":4,"ParNum":2,"gua":2,"serdeFormat":1}, node constraint is 5,6,7,8
Waiting for all client to return
func name is q8JoinStream
func url is http://ip-172-31-8-71.us-east-2.compute.internal:8080/function/q8JoinStream
func name is q8GroupBy
func url is http://ip-172-31-8-71.us-east-2.compute.internal:8080/function/q8GroupBy
func name is q8GroupBy
func url is http://ip-172-31-8-71.us-east-2.compute.internal:8080/function/q8GroupBy
func name is q8GroupBy
func url is http://ip-172-31-8-71.us-east-2.compute.internal:8080/function/q8GroupBy
func name is q8JoinStream
func url is http://ip-172-31-8-71.us-east-2.compute.internal:8080/function/q8JoinStream
func name is q8GroupBy
func name is q8JoinStream
func url is http://ip-172-31-8-71.us-east-2.compute.internal:8080/function/q8JoinStream
func url is http://ip-172-31-8-71.us-east-2.compute.internal:8080/function/q8GroupBy
func name is q8JoinStream
func url is http://ip-172-31-8-71.us-east-2.compute.internal:8080/function/q8JoinStream
source-3 invoke done
source-2 invoke done
source-0 invoke done
source-1 invoke done
q8GroupBy-3 call done
q8GroupBy-2 call done
q8GroupBy-0 call done
q8GroupBy-1 call done
q8JoinStream-0 call done
q8JoinStream-2 call done
q8JoinStream-1 call done
q8JoinStream-3 call done
sink processed: 1440001, throughput: (event/s) 7999.895109892545
sink_ctrl processed: 1, throughput: (event/s) 0.005555478857231728
source-0 duration: 180.00248506

sink processed: 1440001, throughput: (event/s) 7999.9003793986185
sink_ctrl processed: 1, throughput: (event/s) 0.005555482516608404
source-1 duration: 180.002366493

sink processed: 1440001, throughput: (event/s) 7999.903391189318
sink_ctrl processed: 1, throughput: (event/s) 0.005555484608128271
source-2 duration: 180.002298726

sink_ctrl processed: 1, throughput: (event/s) 0.005555493001815454
sink processed: 1439993, throughput: (event/s) 7999.871034163241
source-3 duration: 180.002026764

sink processed 5759996 events, duration: 180.00248506, tp: 31999.535996
sink_ctrl processed 4 events, duration: 180.00248506, tp: 0.022222

nexmark_src_src_logEntry processed: 3523, throughput: (event/s) 19.5693607486543
personsByIDSink processed: 28800, throughput: (event/s) 159.9766078800011
auctionsBySellerIDSink processed: 86400, throughput: (event/s) 479.92982364000335
nexmark_src_src processed: 1440001, throughput: (event/s) 7998.8359487433845
nexmark_src_src_ctrl processed: 1, throughput: (event/s) 0.005554743329166705
nexmark_src_src_data processed: 1440000, throughput: (event/s) 7998.830394000055
nexmark_src_src_epoch processed: 0, throughput: (event/s) 0
q8GroupBy-0 duration: 180.026319983

nexmark_src_src_logEntry processed: 3520, throughput: (event/s) 19.552706613556644
personsByIDSink processed: 28800, throughput: (event/s) 159.97669047455435
auctionsBySellerIDSink processed: 86400, throughput: (event/s) 479.9300714236631
nexmark_src_src processed: 1440001, throughput: (event/s) 7998.840078473915
nexmark_src_src_ctrl processed: 1, throughput: (event/s) 0.005554746197033137
nexmark_src_src_data processed: 1440000, throughput: (event/s) 7998.834523727718
nexmark_src_src_epoch processed: 0, throughput: (event/s) 0
q8GroupBy-1 duration: 180.026227037

nexmark_src_src_epoch processed: 0, throughput: (event/s) 0
nexmark_src_src_logEntry processed: 3528, throughput: (event/s) 19.597202126069803
personsByIDSink processed: 28800, throughput: (event/s) 159.97716021281474
auctionsBySellerIDSink processed: 86400, throughput: (event/s) 479.9314806384442
nexmark_src_src processed: 1440001, throughput: (event/s) 7998.863565403244
nexmark_src_src_ctrl processed: 1, throughput: (event/s) 0.0055547625073894
nexmark_src_src_data processed: 1440000, throughput: (event/s) 7998.858010640736
q8GroupBy-2 duration: 180.025698429

nexmark_src_src_ctrl processed: 1, throughput: (event/s) 0.005554855066544288
nexmark_src_src_data processed: 1439992, throughput: (event/s) 7998.9468569832425
nexmark_src_src_epoch processed: 0, throughput: (event/s) 0
nexmark_src_src_logEntry processed: 3518, throughput: (event/s) 19.541980124102807
personsByIDSink processed: 28799, throughput: (event/s) 159.97427106140896
auctionsBySellerIDSink processed: 86399, throughput: (event/s) 479.93392289435997
nexmark_src_src processed: 1439993, throughput: (event/s) 7998.95241183831
q8GroupBy-3 duration: 180.022698706

nexmark_src_src_data processed 5759992 events, duration: 180.026319983
nexmark_src_src_epoch processed 0 events, duration: 180.026319983
nexmark_src_src_logEntry processed 14089 events, duration: 180.026319983
personsByIDSink processed 115199 events, duration: 180.026319983
auctionsBySellerIDSink processed 345599 events, duration: 180.026319983
nexmark_src_src processed 5759996 events, duration: 180.026319983
nexmark_src_src_ctrl processed 4 events, duration: 180.026319983

eventTimeLatency_sink, p50: 104 ms, p90: 152 ms, p99: 181 ms
auctionsBySellerIDSrc_logEntry processed: 6119, throughput: (event/s) 33.98694275882793
sink processed: 310203, throughput: (event/s) 1722.969701686011
auctionsBySellerIDSrc_ctrl processed: 4, throughput: (event/s) 0.022217318358442838
personsByIDSrc processed: 35117, throughput: (event/s) 195.05139219835928
personsByIDSrc_ctrl processed: 4, throughput: (event/s) 0.022217318358442838
auctionsBySellerIDSrc processed: 84459, throughput: (event/s) 469.1131228089309
auctionsBySellerIDSrc_epoch processed: 6119, throughput: (event/s) 33.98694275882793
personsByIDSrc_logEntry processed: 6222, throughput: (event/s) 34.559038706557835
personsByIDSrc_data processed: 28891, throughput: (event/s) 160.470136173443
personsByIDSrc_epoch processed: 6222, throughput: (event/s) 34.559038706557835
auctionsBySellerIDSrc_data processed: 78336, throughput: (event/s) 435.1039627317445
q8JoinStream-0 duration: 180.039730064

eventTimeLatency_sink, p50: 104 ms, p90: 153 ms, p99: 182 ms
auctionsBySellerIDSrc_logEntry processed: 6148, throughput: (event/s) 34.14657365542838
personsByIDSrc_ctrl processed: 4, throughput: (event/s) 0.02221637843554221
auctionsBySellerIDSrc processed: 87245, throughput: (event/s) 484.56698415222
personsByIDSrc processed: 35124, throughput: (event/s) 195.08201904249614
auctionsBySellerIDSrc_epoch processed: 6148, throughput: (event/s) 34.14657365542838
personsByIDSrc_epoch processed: 6236, throughput: (event/s) 34.635333981010305
personsByIDSrc_logEntry processed: 6236, throughput: (event/s) 34.635333981010305
sink processed: 324972, throughput: (event/s) 1804.9252332387557
auctionsBySellerIDSrc_ctrl processed: 4, throughput: (event/s) 0.02221637843554221
auctionsBySellerIDSrc_data processed: 81093, throughput: (event/s) 450.3981941183561
personsByIDSrc_data processed: 28884, throughput: (event/s) 160.4244686830503
q8JoinStream-1 duration: 180.047347123

eventTimeLatency_sink, p50: 104 ms, p90: 153 ms, p99: 182 ms
personsByIDSrc_logEntry processed: 6232, throughput: (event/s) 34.61535728860322
personsByIDSrc processed: 34928, throughput: (event/s) 194.00596909119596
auctionsBySellerIDSrc processed: 88989, throughput: (event/s) 494.285306443439
auctionsBySellerIDSrc_epoch processed: 6122, throughput: (event/s) 34.004367349298604
personsByIDSrc_epoch processed: 6232, throughput: (event/s) 34.61535728860322
sink processed: 331945, throughput: (event/s) 1843.7732309315463
auctionsBySellerIDSrc_data processed: 82863, throughput: (event/s) 460.2587212781657
personsByIDSrc_ctrl processed: 4, throughput: (event/s) 0.022217815974713236
auctionsBySellerIDSrc_logEntry processed: 6122, throughput: (event/s) 34.004367349298604
personsByIDSrc_data processed: 28692, throughput: (event/s) 159.36839398661803
auctionsBySellerIDSrc_ctrl processed: 4, throughput: (event/s) 0.022217815974713236
q8JoinStream-2 duration: 180.035697683

eventTimeLatency_sink, p50: 104 ms, p90: 153 ms, p99: 182 ms
auctionsBySellerIDSrc_logEntry processed: 6142, throughput: (event/s) 34.11507234707503
personsByIDSrc_epoch processed: 6221, throughput: (event/s) 34.55386927241188
sink processed: 413983, throughput: (event/s) 2299.4236397686686
personsByIDSrc_logEntry processed: 6221, throughput: (event/s) 34.55386927241188
auctionsBySellerIDSrc processed: 109453, throughput: (event/s) 607.9448084670146
auctionsBySellerIDSrc_epoch processed: 6142, throughput: (event/s) 34.11507234707503
personsByIDSrc_ctrl processed: 4, throughput: (event/s) 0.022217565839840463
personsByIDSrc_data processed: 28732, throughput: (event/s) 159.58877542757403
auctionsBySellerIDSrc_ctrl processed: 4, throughput: (event/s) 0.022217565839840463
auctionsBySellerIDSrc_data processed: 103307, throughput: (event/s) 573.8075185540997
personsByIDSrc processed: 34957, throughput: (event/s) 194.16486226582578
q8JoinStream-3 duration: 180.037724602

personsByIDSrc_ctrl processed 16 events, duration: 180.047347123
auctionsBySellerIDSrc_epoch processed 24531 events, duration: 180.047347123
personsByIDSrc_epoch processed 24911 events, duration: 180.047347123
auctionsBySellerIDSrc_data processed 345599 events, duration: 180.047347123
auctionsBySellerIDSrc processed 370146 events, duration: 180.047347123
personsByIDSrc_logEntry processed 24911 events, duration: 180.047347123
personsByIDSrc_data processed 115199 events, duration: 180.047347123
auctionsBySellerIDSrc_logEntry processed 24531 events, duration: 180.047347123
sink processed 1381103 events, duration: 180.047347123
auctionsBySellerIDSrc_ctrl processed 16 events, duration: 180.047347123
personsByIDSrc processed 140126 events, duration: 180.047347123

