wait for last: true
warmup: 0
encoded json is {"sg":{"changelog":4,"nexmark_src":4,"q8GroupBy":4,"q8JoinStream":4,"q8_aucsBySellerID_out":4,"q8_out":4,"q8_personsByID_out":4,"source":4},"aid":"q8","fns":["source","q8GroupBy","q8JoinStream"],"epoch":1,"serdeFormat":1,"bs":true}, node constraint is 1
config: map[NodeConstraint:"1,2,3,4" NumInstance:4 OutputTopicName:["nexmark_src"] funcName:"source"]
config: map[InputTopicNames:["nexmark_src"] NodeConstraint:"5,6,7,8" NumInstance:4 NumSrcProducer:[1] OutputTopicName:["q8_aucsBySellerID_out","q8_personsByID_out"] funcName:"q8GroupBy"]
config: map[InputTopicNames:["q8_aucsBySellerID_out","q8_personsByID_out"] NodeConstraint:"5,6,7,8" NumInstance:4 NumSrcProducer:[4,4] OutputTopicName:["q8_out"] funcName:"q8JoinStream"]
srcInvokeConfig: {TopicName:nexmark_src AppId:q8 NodeConstraint:1,2,3,4 ScaleEpoch:0 NumOutPartition:4 InstanceID:0 NumSrcInstance:4}
cliNodes: [0xc0000ce220 0xc0000ce280]
inParamsMap: map[q8GroupBy:[0xc0000b2b40 0xc0000b2be0 0xc0000b2c80 0xc0000b2d20] q8JoinStream:[0xc0000b2dc0 0xc0000b2e60 0xc0000b2f00 0xc0000b2fa0]]
configScaleInput: {Config:map[changelog:4 nexmark_src:4 q8GroupBy:4 q8JoinStream:4 q8_aucsBySellerID_out:4 q8_out:4 q8_personsByID_out:4 source:4] AppId:q8 FuncNames:[source q8GroupBy q8JoinStream] ScaleEpoch:0 SerdeFormat:1 Bootstrap:false}
func source url is http://ip-172-31-6-98.us-east-2.compute.internal:8080/function/source
func source url is http://ip-172-31-6-98.us-east-2.compute.internal:8080/function/source
func source url is http://ip-172-31-6-98.us-east-2.compute.internal:8080/function/source
src instance: 4
func source url is http://ip-172-31-6-98.us-east-2.compute.internal:8080/function/source
encoded json is {"topic_name":"nexmark_src","rate_shape":"square","aid":"q8","events_num":11520000,"rate_period":10000000000,"bid_avg_size":100,"first_event_rate":64000,"next_event_rate":64000,"person_avg_size":200,"auction_avg_size":500,"duration":180,"person_proportion":1,"auction_proportion":3,"bid_proportion":46,"bid_hot_ratio_auctions":2,"bid_hot_ratio_bidders":4,"auction_hot_ratio_sellers":4,"flushms":10,"rate_limited":false,"waitEnd":true,"serde_format":1,"numOutPar":4,"parNum":1,"nSrcIns":4}, node constraint is 1,2,3,4
encoded json is {"topic_name":"nexmark_src","rate_shape":"square","aid":"q8","events_num":11520000,"rate_period":10000000000,"bid_avg_size":100,"first_event_rate":64000,"next_event_rate":64000,"person_avg_size":200,"auction_avg_size":500,"duration":180,"person_proportion":1,"auction_proportion":3,"bid_proportion":46,"bid_hot_ratio_auctions":2,"bid_hot_ratio_bidders":4,"auction_hot_ratio_sellers":4,"flushms":10,"rate_limited":false,"waitEnd":true,"serde_format":1,"numOutPar":4,"parNum":3,"nSrcIns":4}, node constraint is 1,2,3,4
encoded json is {"topic_name":"nexmark_src","rate_shape":"square","aid":"q8","events_num":11520000,"rate_period":10000000000,"bid_avg_size":100,"first_event_rate":64000,"next_event_rate":64000,"person_avg_size":200,"auction_avg_size":500,"duration":180,"person_proportion":1,"auction_proportion":3,"bid_proportion":46,"bid_hot_ratio_auctions":2,"bid_hot_ratio_bidders":4,"auction_hot_ratio_sellers":4,"flushms":10,"rate_limited":false,"waitEnd":true,"serde_format":1,"numOutPar":4,"nSrcIns":4}, node constraint is 1,2,3,4
encoded json is {"topic_name":"nexmark_src","rate_shape":"square","aid":"q8","events_num":11520000,"rate_period":10000000000,"bid_avg_size":100,"first_event_rate":64000,"next_event_rate":64000,"person_avg_size":200,"auction_avg_size":500,"duration":180,"person_proportion":1,"auction_proportion":3,"bid_proportion":46,"bid_hot_ratio_auctions":2,"bid_hot_ratio_bidders":4,"auction_hot_ratio_sellers":4,"flushms":10,"rate_limited":false,"waitEnd":true,"serde_format":1,"numOutPar":4,"parNum":2,"nSrcIns":4}, node constraint is 1,2,3,4
Waiting for all client to return
func name is q8JoinStream
func url is http://ip-172-31-6-98.us-east-2.compute.internal:8080/function/q8JoinStream
func name is q8GroupBy
func name is q8GroupBy
func name is q8JoinStream
func url is http://ip-172-31-6-98.us-east-2.compute.internal:8080/function/q8JoinStream
func name is q8GroupBy
func url is http://ip-172-31-6-98.us-east-2.compute.internal:8080/function/q8GroupBy
func url is http://ip-172-31-6-98.us-east-2.compute.internal:8080/function/q8GroupBy
func url is http://ip-172-31-6-98.us-east-2.compute.internal:8080/function/q8GroupBy
func name is q8JoinStream
func url is http://ip-172-31-6-98.us-east-2.compute.internal:8080/function/q8JoinStream
func name is q8GroupBy
func name is q8JoinStream
func url is http://ip-172-31-6-98.us-east-2.compute.internal:8080/function/q8JoinStream
func url is http://ip-172-31-6-98.us-east-2.compute.internal:8080/function/q8GroupBy
encoded json is {"aid":"q8","numOutPartition":"BA==","numSubstreamProducer":"BAQ=","outputTopicName":["q8_out"],"inputTopicName":["q8_aucsBySellerID_out","q8_personsByID_out"],"commEveryMs":10,"flushMs":10,"snapEveryS":10,"duration":180,"epoch":1,"waitEnd":true,"numChangelogPartition":4,"numInPartition":4,"ParNum":3,"gua":3,"serdeFormat":1}, node constraint is 5,6,7,8
encoded json is {"aid":"q8","numOutPartition":"BAQ=","numSubstreamProducer":"AQ==","outputTopicName":["q8_aucsBySellerID_out","q8_personsByID_out"],"inputTopicName":["nexmark_src"],"commEveryMs":10,"flushMs":10,"snapEveryS":10,"duration":180,"epoch":1,"waitEnd":true,"numChangelogPartition":4,"numInPartition":4,"ParNum":3,"gua":3,"serdeFormat":1}, node constraint is 5,6,7,8
encoded json is {"aid":"q8","numOutPartition":"BA==","numSubstreamProducer":"BAQ=","outputTopicName":["q8_out"],"inputTopicName":["q8_aucsBySellerID_out","q8_personsByID_out"],"commEveryMs":10,"flushMs":10,"snapEveryS":10,"duration":180,"epoch":1,"waitEnd":true,"numChangelogPartition":4,"numInPartition":4,"ParNum":2,"gua":3,"serdeFormat":1}, node constraint is 5,6,7,8
encoded json is {"aid":"q8","numOutPartition":"BAQ=","numSubstreamProducer":"AQ==","outputTopicName":["q8_aucsBySellerID_out","q8_personsByID_out"],"inputTopicName":["nexmark_src"],"commEveryMs":10,"flushMs":10,"snapEveryS":10,"duration":180,"epoch":1,"waitEnd":true,"numChangelogPartition":4,"numInPartition":4,"gua":3,"serdeFormat":1}, node constraint is 5,6,7,8
encoded json is {"aid":"q8","numOutPartition":"BA==","numSubstreamProducer":"BAQ=","outputTopicName":["q8_out"],"inputTopicName":["q8_aucsBySellerID_out","q8_personsByID_out"],"commEveryMs":10,"flushMs":10,"snapEveryS":10,"duration":180,"epoch":1,"waitEnd":true,"numChangelogPartition":4,"numInPartition":4,"ParNum":1,"gua":3,"serdeFormat":1}, node constraint is 5,6,7,8
encoded json is {"aid":"q8","numOutPartition":"BA==","numSubstreamProducer":"BAQ=","outputTopicName":["q8_out"],"inputTopicName":["q8_aucsBySellerID_out","q8_personsByID_out"],"commEveryMs":10,"flushMs":10,"snapEveryS":10,"duration":180,"epoch":1,"waitEnd":true,"numChangelogPartition":4,"numInPartition":4,"gua":3,"serdeFormat":1}, node constraint is 5,6,7,8
encoded json is {"aid":"q8","numOutPartition":"BAQ=","numSubstreamProducer":"AQ==","outputTopicName":["q8_aucsBySellerID_out","q8_personsByID_out"],"inputTopicName":["nexmark_src"],"commEveryMs":10,"flushMs":10,"snapEveryS":10,"duration":180,"epoch":1,"waitEnd":true,"numChangelogPartition":4,"numInPartition":4,"ParNum":2,"gua":3,"serdeFormat":1}, node constraint is 5,6,7,8
encoded json is {"aid":"q8","numOutPartition":"BAQ=","numSubstreamProducer":"AQ==","outputTopicName":["q8_aucsBySellerID_out","q8_personsByID_out"],"inputTopicName":["nexmark_src"],"commEveryMs":10,"flushMs":10,"snapEveryS":10,"duration":180,"epoch":1,"waitEnd":true,"numChangelogPartition":4,"numInPartition":4,"ParNum":1,"gua":3,"serdeFormat":1}, node constraint is 5,6,7,8
source-1 invoke done
source-3 invoke done
source-2 invoke done
source-0 invoke done
q8GroupBy-3 call done
q8GroupBy-1 call done
q8GroupBy-2 call done
q8GroupBy-0 call done
q8JoinStream-0 call done
q8JoinStream-2 call done
q8JoinStream-1 call done
q8JoinStream-3 call done
sink processed: 2880001, throughput: (event/s) 15999.70540917082
sink_ctrl processed: 1, throughput: (event/s) 0.005555451338097042
source-0 duration: 180.003376709

sink processed: 2880001, throughput: (event/s) 15999.772479669948
sink_ctrl processed: 1, throughput: (event/s) 0.005555474626456709
source-1 duration: 180.002622141

sink processed: 2879985, throughput: (event/s) 15999.690534062745
sink_ctrl processed: 1, throughput: (event/s) 0.0055554770368813535
source-2 duration: 180.002544041

sink processed: 2879985, throughput: (event/s) 15999.728899981525
sink_ctrl processed: 1, throughput: (event/s) 0.0055554903584503134
source-3 duration: 180.002112411

sink processed 11519972 events, duration: 180.003376709, tp: 63998.643862
sink_ctrl processed 4 events, duration: 180.003376709, tp: 0.022222

personsByIDSink processed: 57600, throughput: (event/s) 319.94787478190597
auctionsBySellerIDSink processed: 172800, throughput: (event/s) 959.8436243457178
nexmark_src_src processed: 2880001, throughput: (event/s) 15997.3992937459
nexmark_src_src_ctrl processed: 1, throughput: (event/s) 0.0055546506038525335
nexmark_src_src_data processed: 2880000, throughput: (event/s) 15997.393739095298
nexmark_src_src_epoch processed: 0, throughput: (event/s) 0
nexmark_src_src_logEntry processed: 14781, throughput: (event/s) 82.1032905755443
q8GroupBy-0 duration: 180.029325212

nexmark_src_src_logEntry processed: 14938, throughput: (event/s) 82.97411294136943
personsByIDSink processed: 57600, throughput: (event/s) 319.9430248642977
auctionsBySellerIDSink processed: 172800, throughput: (event/s) 959.8290745928931
nexmark_src_src processed: 2880001, throughput: (event/s) 15997.15679778129
nexmark_src_src_ctrl processed: 1, throughput: (event/s) 0.0055545664038940575
nexmark_src_src_data processed: 2880000, throughput: (event/s) 15997.151243214885
nexmark_src_src_epoch processed: 0, throughput: (event/s) 0
q8GroupBy-1 duration: 180.032054221

nexmark_src_src_epoch processed: 0, throughput: (event/s) 0
nexmark_src_src_logEntry processed: 14928, throughput: (event/s) 82.92001490987253
personsByIDSink processed: 57599, throughput: (event/s) 319.94305592133895
auctionsBySellerIDSink processed: 172799, throughput: (event/s) 959.8402770907734
nexmark_src_src processed: 2879985, throughput: (event/s) 15997.347209285186
nexmark_src_src_ctrl processed: 1, throughput: (event/s) 0.005554663378206896
nexmark_src_src_data processed: 2879984, throughput: (event/s) 15997.341654621809
q8GroupBy-2 duration: 180.028911189

nexmark_src_src_data processed: 2879984, throughput: (event/s) 15997.674258793495
nexmark_src_src_epoch processed: 0, throughput: (event/s) 0
nexmark_src_src_logEntry processed: 14832, throughput: (event/s) 82.38848014656509
personsByIDSink processed: 57599, throughput: (event/s) 319.9497079262407
auctionsBySellerIDSink processed: 172799, throughput: (event/s) 959.860233336455
nexmark_src_src processed: 2879985, throughput: (event/s) 15997.67981357236
nexmark_src_src_ctrl processed: 1, throughput: (event/s) 0.00555477886640811
q8GroupBy-3 duration: 180.025168247

nexmark_src_src_logEntry processed 59479 events, duration: 180.032054221
personsByIDSink processed 230398 events, duration: 180.032054221
auctionsBySellerIDSink processed 691198 events, duration: 180.032054221
nexmark_src_src processed 11519972 events, duration: 180.032054221
nexmark_src_src_ctrl processed 4 events, duration: 180.032054221
nexmark_src_src_data processed 11519968 events, duration: 180.032054221
nexmark_src_src_epoch processed 0 events, duration: 180.032054221

eventTimeLatency_sink, p50: 45 ms, p90: 59 ms, p99: 86 ms
personsByIDSrc_data processed: 57204, throughput: (event/s) 317.5937777286277
personsByIDSrc_epoch processed: 26172, throughput: (event/s) 145.3056490929593
personsByIDSrc_logEntry processed: 26172, throughput: (event/s) 145.3056490929593
auctionsBySellerIDSrc_ctrl processed: 4, throughput: (event/s) 0.02220780209276468
auctionsBySellerIDSrc_data processed: 160779, throughput: (event/s) 892.6370531681532
sink processed: 640471, throughput: (event/s) 3555.863303538772
personsByIDSrc processed: 83380, throughput: (event/s) 462.9216346236798
personsByIDSrc_ctrl processed: 4, throughput: (event/s) 0.02220780209276468
auctionsBySellerIDSrc_epoch processed: 24608, throughput: (event/s) 136.6223984746883
auctionsBySellerIDSrc_logEntry processed: 24608, throughput: (event/s) 136.6223984746883
auctionsBySellerIDSrc processed: 185391, throughput: (event/s) 1029.2816594449343
q8JoinStream-0 duration: 180.116878892

eventTimeLatency_sink, p50: 47 ms, p90: 68 ms, p99: 103 ms
auctionsBySellerIDSrc_logEntry processed: 24725, throughput: (event/s) 137.2663633568836
personsByIDSrc_logEntry processed: 26383, throughput: (event/s) 146.4711209077719
sink processed: 684359, throughput: (event/s) 3799.37193773725
auctionsBySellerIDSrc processed: 195555, throughput: (event/s) 1085.6672876139685
auctionsBySellerIDSrc_data processed: 170826, throughput: (event/s) 948.3787173631142
auctionsBySellerIDSrc_epoch processed: 24725, throughput: (event/s) 137.2663633568836
personsByIDSrc_ctrl processed: 4, throughput: (event/s) 0.022206893970779955
personsByIDSrc_epoch processed: 26383, throughput: (event/s) 146.4711209077719
auctionsBySellerIDSrc_ctrl processed: 4, throughput: (event/s) 0.022206893970779955
personsByIDSrc processed: 83995, throughput: (event/s) 466.3170147689156
personsByIDSrc_data processed: 57608, throughput: (event/s) 319.82368696717293
q8JoinStream-1 duration: 180.124244537

eventTimeLatency_sink, p50: 44 ms, p90: 56 ms, p99: 69 ms
personsByIDSrc_ctrl processed: 4, throughput: (event/s) 0.022207078882272965
auctionsBySellerIDSrc_data processed: 163959, throughput: (event/s) 910.2626116146482
personsByIDSrc_epoch processed: 26291, throughput: (event/s) 145.9615777234596
personsByIDSrc_logEntry processed: 26291, throughput: (event/s) 145.9615777234596
auctionsBySellerIDSrc_ctrl processed: 4, throughput: (event/s) 0.022207078882272965
personsByIDSrc processed: 83905, throughput: (event/s) 465.82123840427823
auctionsBySellerIDSrc_epoch processed: 24553, throughput: (event/s) 136.312601949112
auctionsBySellerIDSrc_logEntry processed: 24553, throughput: (event/s) 136.312601949112
personsByIDSrc_data processed: 57610, throughput: (event/s) 319.8374536019364
sink processed: 656850, throughput: (event/s) 3646.679940955249
auctionsBySellerIDSrc processed: 188516, throughput: (event/s) 1046.5974206426424
q8JoinStream-2 duration: 180.122744698

eventTimeLatency_sink, p50: 43 ms, p90: 55 ms, p99: 66 ms
personsByIDSrc processed: 84282, throughput: (event/s) 467.8532784563812
personsByIDSrc_ctrl processed: 4, throughput: (event/s) 0.022204184924723248
personsByIDSrc_data processed: 57976, throughput: (event/s) 321.8274562989387
personsByIDSrc_epoch processed: 26302, throughput: (event/s) 146.0036179725177
auctionsBySellerIDSrc_ctrl processed: 4, throughput: (event/s) 0.022204184924723248
auctionsBySellerIDSrc processed: 220620, throughput: (event/s) 1224.6718195231106
auctionsBySellerIDSrc_data processed: 195634, throughput: (event/s) 1085.9733783908268
auctionsBySellerIDSrc_epoch processed: 24982, throughput: (event/s) 138.67623694735903
auctionsBySellerIDSrc_logEntry processed: 24982, throughput: (event/s) 138.67623694735903
sink processed: 783638, throughput: (event/s) 4350.010766510069
personsByIDSrc_logEntry processed: 26302, throughput: (event/s) 146.0036179725177
q8JoinStream-3 duration: 180.146220794

personsByIDSrc processed 335562 events, duration: 180.146220794
auctionsBySellerIDSrc_logEntry processed 98868 events, duration: 180.146220794
auctionsBySellerIDSrc processed 790082 events, duration: 180.146220794
personsByIDSrc_logEntry processed 105148 events, duration: 180.146220794
auctionsBySellerIDSrc_ctrl processed 16 events, duration: 180.146220794
auctionsBySellerIDSrc_data processed 691198 events, duration: 180.146220794
sink processed 2765318 events, duration: 180.146220794
personsByIDSrc_data processed 230398 events, duration: 180.146220794
personsByIDSrc_epoch processed 105148 events, duration: 180.146220794
personsByIDSrc_ctrl processed 16 events, duration: 180.146220794
auctionsBySellerIDSrc_epoch processed 98868 events, duration: 180.146220794

