wait for last: true
warmup: 0
encoded json is {"sg":{"changelog":4,"nexmark_src":4,"q8GroupBy":4,"q8JoinStream":4,"q8_aucsBySellerID_out":4,"q8_out":4,"q8_personsByID_out":4,"source":4},"aid":"q8","fns":["source","q8GroupBy","q8JoinStream"],"epoch":1,"serdeFormat":1,"bs":true}, node constraint is 1
config: map[NodeConstraint:"1,2,3,4" NumInstance:4 OutputTopicName:["nexmark_src"] funcName:"source"]
config: map[InputTopicNames:["nexmark_src"] NodeConstraint:"5,6,7,8" NumInstance:4 NumSrcProducer:[1] OutputTopicName:["q8_aucsBySellerID_out","q8_personsByID_out"] funcName:"q8GroupBy"]
config: map[InputTopicNames:["q8_aucsBySellerID_out","q8_personsByID_out"] NodeConstraint:"5,6,7,8" NumInstance:4 NumSrcProducer:[4,4] OutputTopicName:["q8_out"] funcName:"q8JoinStream"]
srcInvokeConfig: {TopicName:nexmark_src AppId:q8 NodeConstraint:1,2,3,4 ScaleEpoch:0 NumOutPartition:4 InstanceID:0 NumSrcInstance:4}
cliNodes: [0xc000026260 0xc0000262c0]
inParamsMap: map[q8GroupBy:[0xc000000be0 0xc000000c80 0xc000000d20 0xc000000dc0] q8JoinStream:[0xc000000e60 0xc000000f00 0xc000000fa0 0xc000001040]]
configScaleInput: {Config:map[changelog:4 nexmark_src:4 q8GroupBy:4 q8JoinStream:4 q8_aucsBySellerID_out:4 q8_out:4 q8_personsByID_out:4 source:4] AppId:q8 FuncNames:[source q8GroupBy q8JoinStream] ScaleEpoch:0 SerdeFormat:1 Bootstrap:false}
func source url is http://ip-172-31-5-102.us-east-2.compute.internal:8080/function/source
func source url is http://ip-172-31-5-102.us-east-2.compute.internal:8080/function/source
func source url is http://ip-172-31-5-102.us-east-2.compute.internal:8080/function/source
src instance: 4
func source url is http://ip-172-31-5-102.us-east-2.compute.internal:8080/function/source
encoded json is {"topic_name":"nexmark_src","rate_shape":"square","aid":"q8","events_num":11520000,"rate_period":10000000000,"bid_avg_size":100,"first_event_rate":64000,"next_event_rate":64000,"person_avg_size":200,"auction_avg_size":500,"duration":180,"person_proportion":1,"auction_proportion":3,"bid_proportion":46,"bid_hot_ratio_auctions":2,"bid_hot_ratio_bidders":4,"auction_hot_ratio_sellers":4,"flushms":10,"rate_limited":false,"waitEnd":true,"serde_format":1,"numOutPar":4,"parNum":3,"nSrcIns":4}, node constraint is 1,2,3,4
encoded json is {"topic_name":"nexmark_src","rate_shape":"square","aid":"q8","events_num":11520000,"rate_period":10000000000,"bid_avg_size":100,"first_event_rate":64000,"next_event_rate":64000,"person_avg_size":200,"auction_avg_size":500,"duration":180,"person_proportion":1,"auction_proportion":3,"bid_proportion":46,"bid_hot_ratio_auctions":2,"bid_hot_ratio_bidders":4,"auction_hot_ratio_sellers":4,"flushms":10,"rate_limited":false,"waitEnd":true,"serde_format":1,"numOutPar":4,"parNum":1,"nSrcIns":4}, node constraint is 1,2,3,4
encoded json is {"topic_name":"nexmark_src","rate_shape":"square","aid":"q8","events_num":11520000,"rate_period":10000000000,"bid_avg_size":100,"first_event_rate":64000,"next_event_rate":64000,"person_avg_size":200,"auction_avg_size":500,"duration":180,"person_proportion":1,"auction_proportion":3,"bid_proportion":46,"bid_hot_ratio_auctions":2,"bid_hot_ratio_bidders":4,"auction_hot_ratio_sellers":4,"flushms":10,"rate_limited":false,"waitEnd":true,"serde_format":1,"numOutPar":4,"parNum":2,"nSrcIns":4}, node constraint is 1,2,3,4
encoded json is {"topic_name":"nexmark_src","rate_shape":"square","aid":"q8","events_num":11520000,"rate_period":10000000000,"bid_avg_size":100,"first_event_rate":64000,"next_event_rate":64000,"person_avg_size":200,"auction_avg_size":500,"duration":180,"person_proportion":1,"auction_proportion":3,"bid_proportion":46,"bid_hot_ratio_auctions":2,"bid_hot_ratio_bidders":4,"auction_hot_ratio_sellers":4,"flushms":10,"rate_limited":false,"waitEnd":true,"serde_format":1,"numOutPar":4,"nSrcIns":4}, node constraint is 1,2,3,4
Waiting for all client to return
func name is q8JoinStream
func url is http://ip-172-31-5-102.us-east-2.compute.internal:8080/function/q8JoinStream
func name is q8GroupBy
encoded json is {"aid":"q8","numOutPartition":"BA==","numSubstreamProducer":"BAQ=","outputTopicName":["q8_out"],"inputTopicName":["q8_aucsBySellerID_out","q8_personsByID_out"],"commEveryMs":10,"flushMs":10,"snapEveryS":10,"duration":180,"epoch":1,"waitEnd":true,"numChangelogPartition":4,"numInPartition":4,"ParNum":3,"gua":3,"serdeFormat":1}, node constraint is 5,6,7,8
func url is http://ip-172-31-5-102.us-east-2.compute.internal:8080/function/q8GroupBy
func name is q8GroupBy
func url is http://ip-172-31-5-102.us-east-2.compute.internal:8080/function/q8GroupBy
encoded json is {"aid":"q8","numOutPartition":"BAQ=","numSubstreamProducer":"AQ==","outputTopicName":["q8_aucsBySellerID_out","q8_personsByID_out"],"inputTopicName":["nexmark_src"],"commEveryMs":10,"flushMs":10,"snapEveryS":10,"duration":180,"epoch":1,"waitEnd":true,"numChangelogPartition":4,"numInPartition":4,"ParNum":2,"gua":3,"serdeFormat":1}, node constraint is 5,6,7,8
encoded json is {"aid":"q8","numOutPartition":"BAQ=","numSubstreamProducer":"AQ==","outputTopicName":["q8_aucsBySellerID_out","q8_personsByID_out"],"inputTopicName":["nexmark_src"],"commEveryMs":10,"flushMs":10,"snapEveryS":10,"duration":180,"epoch":1,"waitEnd":true,"numChangelogPartition":4,"numInPartition":4,"gua":3,"serdeFormat":1}, node constraint is 5,6,7,8
encoded json is {"aid":"q8","numOutPartition":"BAQ=","numSubstreamProducer":"AQ==","outputTopicName":["q8_aucsBySellerID_out","q8_personsByID_out"],"inputTopicName":["nexmark_src"],"commEveryMs":10,"flushMs":10,"snapEveryS":10,"duration":180,"epoch":1,"waitEnd":true,"numChangelogPartition":4,"numInPartition":4,"ParNum":1,"gua":3,"serdeFormat":1}, node constraint is 5,6,7,8
func name is q8GroupBy
func url is http://ip-172-31-5-102.us-east-2.compute.internal:8080/function/q8GroupBy
encoded json is {"aid":"q8","numOutPartition":"BA==","numSubstreamProducer":"BAQ=","outputTopicName":["q8_out"],"inputTopicName":["q8_aucsBySellerID_out","q8_personsByID_out"],"commEveryMs":10,"flushMs":10,"snapEveryS":10,"duration":180,"epoch":1,"waitEnd":true,"numChangelogPartition":4,"numInPartition":4,"gua":3,"serdeFormat":1}, node constraint is 5,6,7,8
encoded json is {"aid":"q8","numOutPartition":"BAQ=","numSubstreamProducer":"AQ==","outputTopicName":["q8_aucsBySellerID_out","q8_personsByID_out"],"inputTopicName":["nexmark_src"],"commEveryMs":10,"flushMs":10,"snapEveryS":10,"duration":180,"epoch":1,"waitEnd":true,"numChangelogPartition":4,"numInPartition":4,"ParNum":3,"gua":3,"serdeFormat":1}, node constraint is 5,6,7,8
func name is q8JoinStream
func url is http://ip-172-31-5-102.us-east-2.compute.internal:8080/function/q8JoinStream
func name is q8GroupBy
func url is http://ip-172-31-5-102.us-east-2.compute.internal:8080/function/q8GroupBy
func name is q8JoinStream
func url is http://ip-172-31-5-102.us-east-2.compute.internal:8080/function/q8JoinStream
encoded json is {"aid":"q8","numOutPartition":"BA==","numSubstreamProducer":"BAQ=","outputTopicName":["q8_out"],"inputTopicName":["q8_aucsBySellerID_out","q8_personsByID_out"],"commEveryMs":10,"flushMs":10,"snapEveryS":10,"duration":180,"epoch":1,"waitEnd":true,"numChangelogPartition":4,"numInPartition":4,"ParNum":1,"gua":3,"serdeFormat":1}, node constraint is 5,6,7,8
encoded json is {"aid":"q8","numOutPartition":"BA==","numSubstreamProducer":"BAQ=","outputTopicName":["q8_out"],"inputTopicName":["q8_aucsBySellerID_out","q8_personsByID_out"],"commEveryMs":10,"flushMs":10,"snapEveryS":10,"duration":180,"epoch":1,"waitEnd":true,"numChangelogPartition":4,"numInPartition":4,"ParNum":2,"gua":3,"serdeFormat":1}, node constraint is 5,6,7,8
func name is q8JoinStream
func url is http://ip-172-31-5-102.us-east-2.compute.internal:8080/function/q8JoinStream
source-3 invoke done
source-2 invoke done
source-1 invoke done
source-0 invoke done
q8GroupBy-3 call done
q8GroupBy-0 call done
q8GroupBy-2 call done
q8GroupBy-1 call done
q8JoinStream-0 call done
q8JoinStream-1 call done
q8JoinStream-2 call done
q8JoinStream-3 call done
sink processed: 2879985, throughput: (event/s) 15999.655856809868
sink_ctrl processed: 1, throughput: (event/s) 0.005555464996105836
source-0 duration: 180.002934174

sink processed: 2880001, throughput: (event/s) 15999.749141353628
sink_ctrl processed: 1, throughput: (event/s) 0.005555466522877467
source-1 duration: 180.002884705

sink processed: 2879985, throughput: (event/s) 15999.712777082397
sink_ctrl processed: 1, throughput: (event/s) 0.005555484760192292
source-2 duration: 180.002293799

sink processed: 2880001, throughput: (event/s) 15999.73280953255
sink_ctrl processed: 1, throughput: (event/s) 0.0055554608521082285
source-3 duration: 180.003068444

sink_ctrl processed 4 events, duration: 180.003068444, tp: 0.022222
sink processed 11519972 events, duration: 180.003068444, tp: 63998.753463

nexmark_src_src_logEntry processed: 14707, throughput: (event/s) 81.69181877033886
personsByIDSink processed: 57599, throughput: (event/s) 319.9406452269496
auctionsBySellerIDSink processed: 172799, throughput: (event/s) 959.833044923899
nexmark_src_src processed: 2879985, throughput: (event/s) 15997.226673100859
nexmark_src_src_ctrl processed: 1, throughput: (event/s) 0.005554621525147131
nexmark_src_src_data processed: 2879984, throughput: (event/s) 15997.221118479334
nexmark_src_src_epoch processed: 0, throughput: (event/s) 0
q8GroupBy-0 duration: 180.030267674

nexmark_src_src_logEntry processed: 14672, throughput: (event/s) 81.49310818697757
personsByIDSink processed: 57600, throughput: (event/s) 319.92932330765456
auctionsBySellerIDSink processed: 172800, throughput: (event/s) 959.7879699229637
nexmark_src_src processed: 2880001, throughput: (event/s) 15996.471719711259
nexmark_src_src_ctrl processed: 1, throughput: (event/s) 0.005554328529646781
nexmark_src_src_data processed: 2880000, throughput: (event/s) 15996.466165382728
nexmark_src_src_epoch processed: 0, throughput: (event/s) 0
q8GroupBy-1 duration: 180.039764422

nexmark_src_src_data processed: 2879984, throughput: (event/s) 15996.909953941298
nexmark_src_src_epoch processed: 0, throughput: (event/s) 0
nexmark_src_src_logEntry processed: 14685, throughput: (event/s) 81.56803047295679
personsByIDSink processed: 57599, throughput: (event/s) 319.9344220096587
auctionsBySellerIDSink processed: 172799, throughput: (event/s) 959.8143750559387
nexmark_src_src processed: 2879985, throughput: (event/s) 15996.91550845478
nexmark_src_src_ctrl processed: 1, throughput: (event/s) 0.005554513481304514
q8GroupBy-2 duration: 180.03376954

nexmark_src_src_logEntry processed: 14764, throughput: (event/s) 82.00934136260288
personsByIDSink processed: 57600, throughput: (event/s) 319.94974684949375
auctionsBySellerIDSink processed: 172800, throughput: (event/s) 959.8492405484812
nexmark_src_src processed: 2880001, throughput: (event/s) 15997.492897157794
nexmark_src_src_ctrl processed: 1, throughput: (event/s) 0.005554683105025934
nexmark_src_src_data processed: 2880000, throughput: (event/s) 15997.487342474687
nexmark_src_src_epoch processed: 0, throughput: (event/s) 0
q8GroupBy-3 duration: 180.028271837

auctionsBySellerIDSink processed 691198 events, duration: 180.039764422
nexmark_src_src processed 11519972 events, duration: 180.039764422
nexmark_src_src_ctrl processed 4 events, duration: 180.039764422
nexmark_src_src_data processed 11519968 events, duration: 180.039764422
nexmark_src_src_epoch processed 0 events, duration: 180.039764422
nexmark_src_src_logEntry processed 58828 events, duration: 180.039764422
personsByIDSink processed 230398 events, duration: 180.039764422

eventTimeLatency_sink, p50: 53 ms, p90: 84 ms, p99: 138 ms
auctionsBySellerIDSrc_data processed: 160780, throughput: (event/s) 892.6266744200203
personsByIDSrc processed: 83008, throughput: (event/s) 460.84808427825004
auctionsBySellerIDSrc_logEntry processed: 24191, throughput: (event/s) 134.30483816951556
sink processed: 640326, throughput: (event/s) 3554.9948247585144
auctionsBySellerIDSrc processed: 184975, throughput: (event/s) 1026.9537199952933
auctionsBySellerIDSrc_ctrl processed: 4, throughput: (event/s) 0.022207405757433022
personsByIDSrc_ctrl processed: 4, throughput: (event/s) 0.022207405757433022
personsByIDSrc_epoch processed: 25800, throughput: (event/s) 143.237767135443
personsByIDSrc_logEntry processed: 25800, throughput: (event/s) 143.237767135443
auctionsBySellerIDSrc_epoch processed: 24191, throughput: (event/s) 134.30483816951556
personsByIDSrc_data processed: 57204, throughput: (event/s) 317.58810973704965
q8JoinStream-0 duration: 180.120093436

eventTimeLatency_sink, p50: 50 ms, p90: 78 ms, p99: 133 ms
personsByIDSrc processed: 83666, throughput: (event/s) 464.4844398986765
auctionsBySellerIDSrc_logEntry processed: 24369, throughput: (event/s) 135.288185354754
personsByIDSrc_logEntry processed: 26054, throughput: (event/s) 144.6427174374312
auctionsBySellerIDSrc_data processed: 170826, throughput: (event/s) 948.3663486975751
auctionsBySellerIDSrc_epoch processed: 24369, throughput: (event/s) 135.288185354754
personsByIDSrc_data processed: 57608, throughput: (event/s) 319.8195158568948
personsByIDSrc_epoch processed: 26054, throughput: (event/s) 144.6427174374312
auctionsBySellerIDSrc processed: 195199, throughput: (event/s) 1083.6767406566796
auctionsBySellerIDSrc_ctrl processed: 4, throughput: (event/s) 0.022206604350569002
sink processed: 684066, throughput: (event/s) 3797.6957529190836
personsByIDSrc_ctrl processed: 4, throughput: (event/s) 0.022206604350569002
q8JoinStream-1 duration: 180.126593731

eventTimeLatency_sink, p50: 53 ms, p90: 85 ms, p99: 210 ms
personsByIDSrc processed: 83568, throughput: (event/s) 463.90060432602235
personsByIDSrc_ctrl processed: 4, throughput: (event/s) 0.022204700570841583
personsByIDSrc_epoch processed: 25954, throughput: (event/s) 144.0751996539056
auctionsBySellerIDSrc processed: 188275, throughput: (event/s) 1045.1474999937998
auctionsBySellerIDSrc_ctrl processed: 4, throughput: (event/s) 0.022204700570841583
auctionsBySellerIDSrc_logEntry processed: 24313, throughput: (event/s) 134.96572124471786
auctionsBySellerIDSrc_data processed: 163958, throughput: (event/s) 910.159574048511
auctionsBySellerIDSrc_epoch processed: 24313, throughput: (event/s) 134.96572124471786
personsByIDSrc_data processed: 57610, throughput: (event/s) 319.8031999715459
personsByIDSrc_logEntry processed: 25954, throughput: (event/s) 144.0751996539056
sink processed: 656523, throughput: (event/s) 3644.474158217657
q8JoinStream-2 duration: 180.142037369

eventTimeLatency_sink, p50: 81 ms, p90: 197 ms, p99: 356 ms
personsByIDSrc processed: 83988, throughput: (event/s) 466.13221683866533
personsByIDSrc_data processed: 57976, throughput: (event/s) 321.76598327664027
personsByIDSrc_logEntry processed: 26008, throughput: (event/s) 144.34403361837417
auctionsBySellerIDSrc processed: 220361, throughput: (event/s) 1223.0004457158777
auctionsBySellerIDSrc_ctrl processed: 4, throughput: (event/s) 0.0221999436509342
auctionsBySellerIDSrc_data processed: 195634, throughput: (event/s) 1085.7659440517152
personsByIDSrc_epoch processed: 26008, throughput: (event/s) 144.34403361837417
sink processed: 783632, throughput: (event/s) 4349.146560767217
auctionsBySellerIDSrc_epoch processed: 24723, throughput: (event/s) 137.21230172051153
auctionsBySellerIDSrc_logEntry processed: 24723, throughput: (event/s) 137.21230172051153
personsByIDSrc_ctrl processed: 4, throughput: (event/s) 0.0221999436509342
q8JoinStream-3 duration: 180.180637523

auctionsBySellerIDSrc_data processed 691198 events, duration: 180.180637523
auctionsBySellerIDSrc processed 788810 events, duration: 180.180637523
auctionsBySellerIDSrc_ctrl processed 16 events, duration: 180.180637523
personsByIDSrc_logEntry processed 103816 events, duration: 180.180637523
personsByIDSrc_epoch processed 103816 events, duration: 180.180637523
auctionsBySellerIDSrc_epoch processed 97596 events, duration: 180.180637523
personsByIDSrc_data processed 230398 events, duration: 180.180637523
personsByIDSrc processed 334230 events, duration: 180.180637523
auctionsBySellerIDSrc_logEntry processed 97596 events, duration: 180.180637523
sink processed 2764547 events, duration: 180.180637523
personsByIDSrc_ctrl processed 16 events, duration: 180.180637523

