wait for last: true, sink max_buf_size: 131072
warmup: 0
config: map[NodeConstraint:"1,2,3,4" NumInstance:4 OutputTopicName:["nexmark_src"] funcName:"source"]
config: map[InputTopicNames:["nexmark_src"] NodeConstraint:"5,6,7,8" NumInstance:4 NumSrcProducer:[1] OutputTopicName:["q46_aucsByID","q46_bidsByAucID"] funcName:"q46GroupBy"]
config: map[InputTopicNames:["q46_aucsByID","q46_bidsByAucID"] NodeConstraint:"5,6,7,8" NumInstance:4 NumSrcProducer:[4,4] OutputTopicName:["q4_aucIDCat"] funcName:"q4JoinStream"]
config: map[InputTopicNames:["q4_aucIDCat"] NodeConstraint:"5,6,7,8" NumInstance:4 NumSrcProducer:[1] OutputTopicName:["q4_maxBids"] funcName:"q4MaxBid"]
config: map[Final:true InputTopicNames:["q4_maxBids"] NodeConstraint:"5,6,7,8" NumInstance:4 NumSrcProducer:[4] OutputTopicName:["q4_out"] funcName:"q4Avg"]
srcInvokeConfig: &{FinalTpNames:[q4_out] TopicName:nexmark_src AppId:q4 NodeConstraint:1,2,3,4 AdditionalBytes:0 ScaleEpoch:0 NumOutPartition:4 InstanceID:0 NumSrcInstance:4}
cliNodes: [0xc0000c01a0 0xc0000c0200 0xc0000c0240 0xc0000c02a0]
inParamsMap: map[q46GroupBy:[0xc0000a2aa0 0xc0000a2b40 0xc0000a2be0 0xc0000a2c80] q4Avg:[0xc0000a3220 0xc0000a32c0 0xc0000a3360 0xc0000a3400] q4JoinStream:[0xc0000a2d20 0xc0000a2dc0 0xc0000a2e60 0xc0000a2f00] q4MaxBid:[0xc0000a2fa0 0xc0000a3040 0xc0000a30e0 0xc0000a3180]]
configScaleInput: &{Config:map[changelog:4 nexmark_src:4 q46GroupBy:4 q46_aucsByID:4 q46_bidsByAucID:4 q4Avg:4 q4JoinStream:4 q4MaxBid:4 q4_aucIDCat:4 q4_maxBids:4 q4_out:4 source:4] AppId:q4 FuncNames:[source q46GroupBy q4JoinStream q4MaxBid q4Avg] BufMaxSize:131072 ScaleEpoch:0 SerdeFormat:1 Bootstrap:false}
encoded json is {"sg":{"changelog":4,"nexmark_src":4,"q46GroupBy":4,"q46_aucsByID":4,"q46_bidsByAucID":4,"q4Avg":4,"q4JoinStream":4,"q4MaxBid":4,"q4_aucIDCat":4,"q4_maxBids":4,"q4_out":4,"source":4},"aid":"q4","fns":["source","q46GroupBy","q4JoinStream","q4MaxBid","q4Avg"],"bufMaxSize":131072,"epoch":1,"serdeFormat":1,"bs":true}, node constraint is 1
func source url is http://ip-172-31-3-116.us-east-2.compute.internal:8080/function/source
func source url is http://ip-172-31-3-116.us-east-2.compute.internal:8080/function/source
func source url is http://ip-172-31-3-116.us-east-2.compute.internal:8080/function/source
func source url is http://ip-172-31-3-116.us-east-2.compute.internal:8080/function/source
src instance: 4
encoded json is {"topic_name":"nexmark_src","rate_shape":"square","aid":"q4","events_num":540000,"rate_period":10000000000,"finOutTpNs":["q4_out"],"first_event_rate":3000,"next_event_rate":3000,"bid_avg_size":100,"person_avg_size":200,"auction_avg_size":500,"duration":180,"person_proportion":1,"auction_proportion":3,"bid_proportion":46,"bid_hot_ratio_auctions":2,"bid_hot_ratio_bidders":4,"auction_hot_ratio_sellers":4,"flushms":100,"bufMaxSize":131072,"commEveryMs":100,"rate_limited":false,"waitEnd":true,"serde_format":1,"numOutPar":4,"parNum":3,"nSrcIns":4,"gua":3}, node constraint is 1,2,3,4
encoded json is {"topic_name":"nexmark_src","rate_shape":"square","aid":"q4","events_num":540000,"rate_period":10000000000,"finOutTpNs":["q4_out"],"first_event_rate":3000,"next_event_rate":3000,"bid_avg_size":100,"person_avg_size":200,"auction_avg_size":500,"duration":180,"person_proportion":1,"auction_proportion":3,"bid_proportion":46,"bid_hot_ratio_auctions":2,"bid_hot_ratio_bidders":4,"auction_hot_ratio_sellers":4,"flushms":100,"bufMaxSize":131072,"commEveryMs":100,"rate_limited":false,"waitEnd":true,"serde_format":1,"numOutPar":4,"parNum":1,"nSrcIns":4,"gua":3}, node constraint is 1,2,3,4
encoded json is {"topic_name":"nexmark_src","rate_shape":"square","aid":"q4","events_num":540000,"rate_period":10000000000,"finOutTpNs":["q4_out"],"first_event_rate":3000,"next_event_rate":3000,"bid_avg_size":100,"person_avg_size":200,"auction_avg_size":500,"duration":180,"person_proportion":1,"auction_proportion":3,"bid_proportion":46,"bid_hot_ratio_auctions":2,"bid_hot_ratio_bidders":4,"auction_hot_ratio_sellers":4,"flushms":100,"bufMaxSize":131072,"commEveryMs":100,"rate_limited":false,"waitEnd":true,"serde_format":1,"numOutPar":4,"parNum":2,"nSrcIns":4,"gua":3}, node constraint is 1,2,3,4
encoded json is {"topic_name":"nexmark_src","rate_shape":"square","aid":"q4","events_num":540000,"rate_period":10000000000,"finOutTpNs":["q4_out"],"first_event_rate":3000,"next_event_rate":3000,"bid_avg_size":100,"person_avg_size":200,"auction_avg_size":500,"duration":180,"person_proportion":1,"auction_proportion":3,"bid_proportion":46,"bid_hot_ratio_auctions":2,"bid_hot_ratio_bidders":4,"auction_hot_ratio_sellers":4,"flushms":100,"bufMaxSize":131072,"commEveryMs":100,"rate_limited":false,"waitEnd":true,"serde_format":1,"numOutPar":4,"nSrcIns":4,"gua":3}, node constraint is 1,2,3,4
Waiting for all client to return
func name is q4JoinStream
func name is q4JoinStream
func name is q4Avg
func url is http://ip-172-31-3-116.us-east-2.compute.internal:8080/function/q4Avg
func name is q4MaxBid
func name is q4Avg
func url is http://ip-172-31-3-116.us-east-2.compute.internal:8080/function/q4Avg
func url is http://ip-172-31-3-116.us-east-2.compute.internal:8080/function/q4MaxBid
func name is q4MaxBid
func name is q4JoinStream
func url is http://ip-172-31-3-116.us-east-2.compute.internal:8080/function/q4MaxBid
func name is q46GroupBy
func url is http://ip-172-31-3-116.us-east-2.compute.internal:8080/function/q46GroupBy
func name is q4Avg
func name is q46GroupBy
func url is http://ip-172-31-3-116.us-east-2.compute.internal:8080/function/q4Avg
func url is http://ip-172-31-3-116.us-east-2.compute.internal:8080/function/q46GroupBy
func name is q46GroupBy
func url is http://ip-172-31-3-116.us-east-2.compute.internal:8080/function/q46GroupBy
func name is q46GroupBy
func url is http://ip-172-31-3-116.us-east-2.compute.internal:8080/function/q46GroupBy
func name is q4JoinStream
func url is http://ip-172-31-3-116.us-east-2.compute.internal:8080/function/q4JoinStream
func url is http://ip-172-31-3-116.us-east-2.compute.internal:8080/function/q4JoinStream
func url is http://ip-172-31-3-116.us-east-2.compute.internal:8080/function/q4JoinStream
func url is http://ip-172-31-3-116.us-east-2.compute.internal:8080/function/q4JoinStream
func name is q4MaxBid
func url is http://ip-172-31-3-116.us-east-2.compute.internal:8080/function/q4MaxBid
func name is q4Avg
func url is http://ip-172-31-3-116.us-east-2.compute.internal:8080/function/q4Avg
func name is q4MaxBid
func url is http://ip-172-31-3-116.us-east-2.compute.internal:8080/function/q4MaxBid
encoded json is {"aid":"q4","numOutPartition":"BA==","numSubstreamProducer":"BA==","outputTopicName":["q4_out"],"inputTopicName":["q4_maxBids"],"commEveryMs":100,"flushMs":100,"snapEveryS":10,"duration":180,"bufMaxSize":131072,"epoch":1,"waitEnd":true,"numChangelogPartition":4,"numInPartition":4,"gua":3,"serdeFormat":1}, node constraint is 5,6,7,8
encoded json is {"aid":"q4","numOutPartition":"BA==","numSubstreamProducer":"AQ==","outputTopicName":["q4_maxBids"],"inputTopicName":["q4_aucIDCat"],"commEveryMs":100,"flushMs":100,"snapEveryS":10,"duration":180,"bufMaxSize":131072,"epoch":1,"waitEnd":true,"numChangelogPartition":4,"numInPartition":4,"ParNum":3,"gua":3,"serdeFormat":1}, node constraint is 5,6,7,8
encoded json is {"aid":"q4","numOutPartition":"BAQ=","numSubstreamProducer":"AQ==","outputTopicName":["q46_aucsByID","q46_bidsByAucID"],"inputTopicName":["nexmark_src"],"commEveryMs":100,"flushMs":100,"snapEveryS":10,"duration":180,"bufMaxSize":131072,"epoch":1,"waitEnd":true,"numChangelogPartition":4,"numInPartition":4,"ParNum":3,"gua":3,"serdeFormat":1}, node constraint is 5,6,7,8
encoded json is {"aid":"q4","numOutPartition":"BA==","numSubstreamProducer":"BA==","outputTopicName":["q4_out"],"inputTopicName":["q4_maxBids"],"commEveryMs":100,"flushMs":100,"snapEveryS":10,"duration":180,"bufMaxSize":131072,"epoch":1,"waitEnd":true,"numChangelogPartition":4,"numInPartition":4,"ParNum":3,"gua":3,"serdeFormat":1}, node constraint is 5,6,7,8
encoded json is {"aid":"q4","numOutPartition":"BA==","numSubstreamProducer":"AQ==","outputTopicName":["q4_maxBids"],"inputTopicName":["q4_aucIDCat"],"commEveryMs":100,"flushMs":100,"snapEveryS":10,"duration":180,"bufMaxSize":131072,"epoch":1,"waitEnd":true,"numChangelogPartition":4,"numInPartition":4,"ParNum":2,"gua":3,"serdeFormat":1}, node constraint is 5,6,7,8
encoded json is {"aid":"q4","numOutPartition":"BA==","numSubstreamProducer":"AQ==","outputTopicName":["q4_maxBids"],"inputTopicName":["q4_aucIDCat"],"commEveryMs":100,"flushMs":100,"snapEveryS":10,"duration":180,"bufMaxSize":131072,"epoch":1,"waitEnd":true,"numChangelogPartition":4,"numInPartition":4,"gua":3,"serdeFormat":1}, node constraint is 5,6,7,8
encoded json is {"aid":"q4","numOutPartition":"BAQ=","numSubstreamProducer":"AQ==","outputTopicName":["q46_aucsByID","q46_bidsByAucID"],"inputTopicName":["nexmark_src"],"commEveryMs":100,"flushMs":100,"snapEveryS":10,"duration":180,"bufMaxSize":131072,"epoch":1,"waitEnd":true,"numChangelogPartition":4,"numInPartition":4,"gua":3,"serdeFormat":1}, node constraint is 5,6,7,8
encoded json is {"aid":"q4","numOutPartition":"BA==","numSubstreamProducer":"BA==","outputTopicName":["q4_out"],"inputTopicName":["q4_maxBids"],"commEveryMs":100,"flushMs":100,"snapEveryS":10,"duration":180,"bufMaxSize":131072,"epoch":1,"waitEnd":true,"numChangelogPartition":4,"numInPartition":4,"ParNum":1,"gua":3,"serdeFormat":1}, node constraint is 5,6,7,8
encoded json is {"aid":"q4","numOutPartition":"BAQ=","numSubstreamProducer":"AQ==","outputTopicName":["q46_aucsByID","q46_bidsByAucID"],"inputTopicName":["nexmark_src"],"commEveryMs":100,"flushMs":100,"snapEveryS":10,"duration":180,"bufMaxSize":131072,"epoch":1,"waitEnd":true,"numChangelogPartition":4,"numInPartition":4,"ParNum":1,"gua":3,"serdeFormat":1}, node constraint is 5,6,7,8
encoded json is {"aid":"q4","numOutPartition":"BA==","numSubstreamProducer":"BAQ=","outputTopicName":["q4_aucIDCat"],"inputTopicName":["q46_aucsByID","q46_bidsByAucID"],"commEveryMs":100,"flushMs":100,"snapEveryS":10,"duration":180,"bufMaxSize":131072,"epoch":1,"waitEnd":true,"numChangelogPartition":4,"numInPartition":4,"ParNum":3,"gua":3,"serdeFormat":1}, node constraint is 5,6,7,8
encoded json is {"aid":"q4","numOutPartition":"BA==","numSubstreamProducer":"AQ==","outputTopicName":["q4_maxBids"],"inputTopicName":["q4_aucIDCat"],"commEveryMs":100,"flushMs":100,"snapEveryS":10,"duration":180,"bufMaxSize":131072,"epoch":1,"waitEnd":true,"numChangelogPartition":4,"numInPartition":4,"ParNum":1,"gua":3,"serdeFormat":1}, node constraint is 5,6,7,8
encoded json is {"aid":"q4","numOutPartition":"BAQ=","numSubstreamProducer":"AQ==","outputTopicName":["q46_aucsByID","q46_bidsByAucID"],"inputTopicName":["nexmark_src"],"commEveryMs":100,"flushMs":100,"snapEveryS":10,"duration":180,"bufMaxSize":131072,"epoch":1,"waitEnd":true,"numChangelogPartition":4,"numInPartition":4,"ParNum":2,"gua":3,"serdeFormat":1}, node constraint is 5,6,7,8
encoded json is {"aid":"q4","numOutPartition":"BA==","numSubstreamProducer":"BAQ=","outputTopicName":["q4_aucIDCat"],"inputTopicName":["q46_aucsByID","q46_bidsByAucID"],"commEveryMs":100,"flushMs":100,"snapEveryS":10,"duration":180,"bufMaxSize":131072,"epoch":1,"waitEnd":true,"numChangelogPartition":4,"numInPartition":4,"gua":3,"serdeFormat":1}, node constraint is 5,6,7,8
encoded json is {"aid":"q4","numOutPartition":"BA==","numSubstreamProducer":"BAQ=","outputTopicName":["q4_aucIDCat"],"inputTopicName":["q46_aucsByID","q46_bidsByAucID"],"commEveryMs":100,"flushMs":100,"snapEveryS":10,"duration":180,"bufMaxSize":131072,"epoch":1,"waitEnd":true,"numChangelogPartition":4,"numInPartition":4,"ParNum":2,"gua":3,"serdeFormat":1}, node constraint is 5,6,7,8
encoded json is {"aid":"q4","numOutPartition":"BA==","numSubstreamProducer":"BA==","outputTopicName":["q4_out"],"inputTopicName":["q4_maxBids"],"commEveryMs":100,"flushMs":100,"snapEveryS":10,"duration":180,"bufMaxSize":131072,"epoch":1,"waitEnd":true,"numChangelogPartition":4,"numInPartition":4,"ParNum":2,"gua":3,"serdeFormat":1}, node constraint is 5,6,7,8
encoded json is {"aid":"q4","numOutPartition":"BA==","numSubstreamProducer":"BAQ=","outputTopicName":["q4_aucIDCat"],"inputTopicName":["q46_aucsByID","q46_bidsByAucID"],"commEveryMs":100,"flushMs":100,"snapEveryS":10,"duration":180,"bufMaxSize":131072,"epoch":1,"waitEnd":true,"numChangelogPartition":4,"numInPartition":4,"ParNum":1,"gua":3,"serdeFormat":1}, node constraint is 5,6,7,8
source-3 invoke done
source-2 invoke done
q46GroupBy-3 call done
source-0 invoke done
source-1 invoke done
q46GroupBy-2 call done
q46GroupBy-1 call done
q46GroupBy-0 call done
q4JoinStream-0 call done
q4JoinStream-2 call done
q4MaxBid-0 call done
q4JoinStream-3 call done
q4MaxBid-2 call done
q4MaxBid-3 call done
q4JoinStream-1 call done
q4MaxBid-1 call done
q4Avg-0 call done
q4Avg-1 call done
q4Avg-2 call done
q4Avg-3 call done
sink processed: 135001, throughput: (event/s) 749.9934036791001
sink_ctrl processed: 1, throughput: (event/s) 0.00555546554232265
source-0 duration: 180.002916476

sink processed: 135001, throughput: (event/s) 749.9945786265696
sink_ctrl processed: 1, throughput: (event/s) 0.00555547424557277
source-1 duration: 180.002634482

sink processed: 135001, throughput: (event/s) 749.9885150831708
sink_ctrl processed: 1, throughput: (event/s) 0.005555429330769185
source-2 duration: 180.004089776

sink processed: 135001, throughput: (event/s) 749.9965190141638
sink_ctrl processed: 1, throughput: (event/s) 0.005555488618707741
source-3 duration: 180.00216878

sink processed 540004 events, duration: 180.004089776, tp: 2999.954060
sink_ctrl processed 4 events, duration: 180.004089776, tp: 0.022222

nexmark_src_src processed: 135001, throughput: (event/s) 749.829282625993
nexmark_src_src_ctrl processed: 1, throughput: (event/s) 0.0055542498398233565
nexmark_src_src_data processed: 135000, throughput: (event/s) 749.8237283761531
nexmark_src_src_epoch processed: 0, throughput: (event/s) 0
nexmark_src_src_logEntry processed: 1760, throughput: (event/s) 9.775479718089107
aucsByIDSink processed: 8100, throughput: (event/s) 44.98942370256919
bidsByAucIDSink processed: 124200, throughput: (event/s) 689.8378301060609
q46GroupBy-0 duration: 180.042315135

nexmark_src_src processed: 135001, throughput: (event/s) 749.8652932066361
nexmark_src_src_ctrl processed: 1, throughput: (event/s) 0.0055545165828892835
nexmark_src_src_data processed: 135000, throughput: (event/s) 749.8597386900533
nexmark_src_src_epoch processed: 0, throughput: (event/s) 0
nexmark_src_src_logEntry processed: 1762, throughput: (event/s) 9.787058219050918
aucsByIDSink processed: 8100, throughput: (event/s) 44.991584321403195
bidsByAucIDSink processed: 124200, throughput: (event/s) 689.870959594849
q46GroupBy-1 duration: 180.033669011

nexmark_src_src_ctrl processed: 1, throughput: (event/s) 0.005554296171510193
nexmark_src_src_data processed: 135000, throughput: (event/s) 749.8299831538761
nexmark_src_src_epoch processed: 0, throughput: (event/s) 0
nexmark_src_src_logEntry processed: 1758, throughput: (event/s) 9.76445266951492
aucsByIDSink processed: 8100, throughput: (event/s) 44.98979898923257
bidsByAucIDSink processed: 124200, throughput: (event/s) 689.843584501566
nexmark_src_src processed: 135001, throughput: (event/s) 749.8355374500476
q46GroupBy-2 duration: 180.040813295

bidsByAucIDSink processed: 124200, throughput: (event/s) 689.8951831209962
nexmark_src_src processed: 135001, throughput: (event/s) 749.8916233213978
nexmark_src_src_ctrl processed: 1, throughput: (event/s) 0.005554711619331692
nexmark_src_src_data processed: 135000, throughput: (event/s) 749.8860686097785
nexmark_src_src_epoch processed: 0, throughput: (event/s) 0
nexmark_src_src_logEntry processed: 1760, throughput: (event/s) 9.776292450023778
aucsByIDSink processed: 8100, throughput: (event/s) 44.993164116586705
q46GroupBy-3 duration: 180.027347688

aucsByIDSink processed 32400 events, duration: 180.042315135
bidsByAucIDSink processed 496800 events, duration: 180.042315135
nexmark_src_src processed 540004 events, duration: 180.042315135
nexmark_src_src_ctrl processed 4 events, duration: 180.042315135
nexmark_src_src_data processed 540000 events, duration: 180.042315135
nexmark_src_src_epoch processed 0 events, duration: 180.042315135
nexmark_src_src_logEntry processed 7040 events, duration: 180.042315135

bidsByAucIDSrc_epoch processed: 6134, throughput: (event/s) 33.96468416278304
sink processed: 323060, throughput: (event/s) 1788.8214648889284
aucsByIDSrc_data processed: 8072, throughput: (event/s) 44.69561958949864
aucsByIDSrc_logEntry processed: 4581, throughput: (event/s) 25.365539313614132
bidsByAucIDSrc processed: 123558, throughput: (event/s) 684.1552731961439
bidsByAucIDSrc_ctrl processed: 4, throughput: (event/s) 0.022148473532952746
bidsByAucIDSrc_logEntry processed: 6134, throughput: (event/s) 33.96468416278304
aucsByIDSrc processed: 12657, throughput: (event/s) 70.08330737664572
aucsByIDSrc_epoch processed: 4581, throughput: (event/s) 25.365539313614132
bidsByAucIDSrc_data processed: 117420, throughput: (event/s) 650.1684405598278
aucsByIDSrc_ctrl processed: 4, throughput: (event/s) 0.022148473532952746
q4JoinStream-0 duration: 180.599353452

sink processed: 302548, throughput: (event/s) 1670.8912992510075
aucsByIDSrc_ctrl processed: 4, throughput: (event/s) 0.02209092506644906
aucsByIDSrc_logEntry processed: 4501, throughput: (event/s) 24.857813431021803
bidsByAucIDSrc processed: 109821, throughput: (event/s) 606.5118704306255
bidsByAucIDSrc_ctrl processed: 4, throughput: (event/s) 0.02209092506644906
aucsByIDSrc_data processed: 7960, throughput: (event/s) 43.96094088223363
bidsByAucIDSrc_epoch processed: 6133, throughput: (event/s) 33.87091085813302
aucsByIDSrc processed: 12465, throughput: (event/s) 68.84084523832188
aucsByIDSrc_epoch processed: 4501, throughput: (event/s) 24.857813431021803
bidsByAucIDSrc_data processed: 103684, throughput: (event/s) 572.6188686474261
bidsByAucIDSrc_logEntry processed: 6133, throughput: (event/s) 33.87091085813302
q4JoinStream-1 duration: 181.069827903

aucsByIDSrc_logEntry processed: 4603, throughput: (event/s) 25.47938674559978
aucsByIDSrc_epoch processed: 4603, throughput: (event/s) 25.47938674559978
bidsByAucIDSrc_ctrl processed: 4, throughput: (event/s) 0.022141548334216624
bidsByAucIDSrc_logEntry processed: 6135, throughput: (event/s) 33.95959975760474
aucsByIDSrc_ctrl processed: 4, throughput: (event/s) 0.022141548334216624
aucsByIDSrc_data processed: 8132, throughput: (event/s) 45.01376776346239
bidsByAucIDSrc processed: 138809, throughput: (event/s) 768.3615456810688
bidsByAucIDSrc_data processed: 132670, throughput: (event/s) 734.3798043751298
sink processed: 371143, throughput: (event/s) 2054.42016835154
aucsByIDSrc processed: 12739, throughput: (event/s) 70.51529605739638
bidsByAucIDSrc_epoch processed: 6135, throughput: (event/s) 33.95959975760474
q4JoinStream-2 duration: 180.655839403

aucsByIDSrc_logEntry processed: 4540, throughput: (event/s) 25.127464609431076
bidsByAucIDSrc_epoch processed: 6132, throughput: (event/s) 33.93868127423598
aucsByIDSrc_ctrl processed: 4, throughput: (event/s) 0.022138735338705792
aucsByIDSrc_data processed: 8236, throughput: (event/s) 45.58365606239523
aucsByIDSrc_epoch processed: 4540, throughput: (event/s) 25.127464609431076
bidsByAucIDSrc processed: 149162, throughput: (event/s) 825.5645101480084
bidsByAucIDSrc_ctrl processed: 4, throughput: (event/s) 0.022138735338705792
bidsByAucIDSrc_data processed: 143026, throughput: (event/s) 791.6036901384336
sink processed: 436190, throughput: (event/s) 2414.17374184752
aucsByIDSrc processed: 12780, throughput: (event/s) 70.73325940716501
bidsByAucIDSrc_logEntry processed: 6132, throughput: (event/s) 33.93868127423598
q4JoinStream-3 duration: 180.678793924

bidsByAucIDSrc_epoch processed 24534 events, duration: 181.069827903
aucsByIDSrc_logEntry processed 18225 events, duration: 181.069827903
bidsByAucIDSrc_logEntry processed 24534 events, duration: 181.069827903
aucsByIDSrc_epoch processed 18225 events, duration: 181.069827903
bidsByAucIDSrc_data processed 496800 events, duration: 181.069827903
sink processed 1432941 events, duration: 181.069827903
aucsByIDSrc_data processed 32400 events, duration: 181.069827903
bidsByAucIDSrc processed 521350 events, duration: 181.069827903
bidsByAucIDSrc_ctrl processed 16 events, duration: 181.069827903
aucsByIDSrc processed 50641 events, duration: 181.069827903
aucsByIDSrc_ctrl processed 16 events, duration: 181.069827903

q4_aucIDCat_src_ctrl processed: 1, throughput: (event/s) 0.005534739122549555
q4_aucIDCat_src_data processed: 323060, throughput: (event/s) 1788.052820930859
q4_aucIDCat_src_epoch processed: 1267, throughput: (event/s) 7.012514468270286
q4_aucIDCat_src_logEntry processed: 1310, throughput: (event/s) 7.250508250539917
sink processed: 119558, throughput: (event/s) 661.7223400137797
q4_aucIDCat_src processed: 324328, throughput: (event/s) 1795.070870138252
q4MaxBid-0 duration: 180.676989079

q4_aucIDCat_src processed: 303815, throughput: (event/s) 1677.731742289458
q4_aucIDCat_src_ctrl processed: 1, throughput: (event/s) 0.005522214973880348
q4_aucIDCat_src_data processed: 302548, throughput: (event/s) 1670.7350959175517
q4_aucIDCat_src_epoch processed: 1266, throughput: (event/s) 6.99112415693252
q4_aucIDCat_src_logEntry processed: 1333, throughput: (event/s) 7.361112560182504
sink processed: 117918, throughput: (event/s) 651.1685452900228
q4MaxBid-1 duration: 181.086756805

q4_aucIDCat_src_ctrl processed: 1, throughput: (event/s) 0.005534637871021669
q4_aucIDCat_src_data processed: 371143, throughput: (event/s) 2054.142103364595
q4_aucIDCat_src_epoch processed: 1246, throughput: (event/s) 6.8961587872929995
q4_aucIDCat_src_logEntry processed: 1317, throughput: (event/s) 7.289118076135538
sink processed: 120280, throughput: (event/s) 665.7062431264864
q4_aucIDCat_src processed: 372390, throughput: (event/s) 2061.043796789759
q4MaxBid-2 duration: 180.680294412

q4_aucIDCat_src_logEntry processed: 1405, throughput: (event/s) 7.775270996663347
sink processed: 124331, throughput: (event/s) 688.0478421965485
q4_aucIDCat_src processed: 437442, throughput: (event/s) 2420.804338307764
q4_aucIDCat_src_ctrl processed: 1, throughput: (event/s) 0.005534000709368931
q4_aucIDCat_src_data processed: 436190, throughput: (event/s) 2413.875769419634
q4_aucIDCat_src_epoch processed: 1251, throughput: (event/s) 6.923034887420532
q4MaxBid-3 duration: 180.701097184

q4_aucIDCat_src_logEntry processed 5365 events, duration: 181.086756805
sink processed 482087 events, duration: 181.086756805
q4_aucIDCat_src processed 1437975 events, duration: 181.086756805
q4_aucIDCat_src_ctrl processed 4 events, duration: 181.086756805
q4_aucIDCat_src_data processed 1432941 events, duration: 181.086756805
q4_aucIDCat_src_epoch processed 5030 events, duration: 181.086756805

eventTimeLatency_sink, p50: 169 ms, p90: 223 ms, p99: 268 ms
q4_maxBids_src_logEntry processed: 5137, throughput: (event/s) 28.367076280027437
sink processed: 97278, throughput: (event/s) 537.1797637470331
q4_maxBids_src processed: 102419, throughput: (event/s) 565.5689284648881
q4_maxBids_src_ctrl processed: 4, throughput: (event/s) 0.022088437827547158
q4_maxBids_src_data processed: 97278, throughput: (event/s) 537.1797637470331
q4_maxBids_src_epoch processed: 5137, throughput: (event/s) 28.367076280027437
q4Avg-0 duration: 181.090217028

eventTimeLatency_sink, p50: 170 ms, p90: 225 ms, p99: 269 ms
q4_maxBids_src_data processed: 96332, throughput: (event/s) 531.9514263470346
q4_maxBids_src_epoch processed: 5139, throughput: (event/s) 28.377884607372533
q4_maxBids_src_logEntry processed: 5139, throughput: (event/s) 28.377884607372533
sink processed: 96332, throughput: (event/s) 531.9514263470346
q4_maxBids_src processed: 101475, throughput: (event/s) 560.3513992086258
q4_maxBids_src_ctrl processed: 4, throughput: (event/s) 0.02208825421862038
q4Avg-1 duration: 181.091722343

eventTimeLatency_sink, p50: 170 ms, p90: 224 ms, p99: 269 ms
q4_maxBids_src_ctrl processed: 4, throughput: (event/s) 0.022088379885657563
q4_maxBids_src_data processed: 95919, throughput: (event/s) 529.6738275630969
q4_maxBids_src_epoch processed: 5135, throughput: (event/s) 28.355957678212896
q4_maxBids_src_logEntry processed: 5135, throughput: (event/s) 28.355957678212896
sink processed: 95919, throughput: (event/s) 529.6738275630969
q4_maxBids_src processed: 101058, throughput: (event/s) 558.0518736211955
q4Avg-2 duration: 181.090692061

eventTimeLatency_sink, p50: 169 ms, p90: 224 ms, p99: 269 ms
q4_maxBids_src processed: 197696, throughput: (event/s) 1091.656653091704
q4_maxBids_src_ctrl processed: 4, throughput: (event/s) 0.022087582006549526
q4_maxBids_src_data processed: 192558, throughput: (event/s) 1063.285154004291
q4_maxBids_src_epoch processed: 5134, throughput: (event/s) 28.349411505406316
q4_maxBids_src_logEntry processed: 5134, throughput: (event/s) 28.349411505406316
sink processed: 192558, throughput: (event/s) 1063.285154004291
q4Avg-3 duration: 181.097233677

q4_maxBids_src_logEntry processed 20545 events, duration: 181.097233677
sink processed 482087 events, duration: 181.097233677
q4_maxBids_src processed 502648 events, duration: 181.097233677
q4_maxBids_src_ctrl processed 16 events, duration: 181.097233677
q4_maxBids_src_data processed 482087 events, duration: 181.097233677
q4_maxBids_src_epoch processed 20545 events, duration: 181.097233677

