wait for last: true, sink max_buf_size: 131072
warmup: 0
config: map[NodeConstraint:"1,2,3,4" NumInstance:4 OutputTopicName:["nexmark_src"] funcName:"source"]
config: map[Final:true InputTopicNames:["nexmark_src"] NodeConstraint:"5,6,7,8" NumInstance:4 NumSrcProducer:[1] OutputTopicName:["fanout_out"] funcName:"fanout"]
srcInvokeConfig: &{FinalTpNames:[fanout_out] TopicName:nexmark_src AppId:fanout NodeConstraint:1,2,3,4 AdditionalBytes:0 ScaleEpoch:0 NumOutPartition:4 InstanceID:0 NumSrcInstance:4}
cliNodes: [0xc000026160]
inParamsMap: map[fanout:[0xc00007eaa0 0xc00007eb40 0xc00007ebe0 0xc00007ec80]]
encoded json is {"sg":{"fanout":4,"fanout_out":64,"nexmark_src":4,"source":4},"aid":"fanout","fns":["source","fanout"],"bufMaxSize":131072,"epoch":1,"serdeFormat":1,"bs":true}, node constraint is 1
configScaleInput: &{Config:map[fanout:4 fanout_out:64 nexmark_src:4 source:4] AppId:fanout FuncNames:[source fanout] BufMaxSize:131072 ScaleEpoch:0 SerdeFormat:1 Bootstrap:false}
func source url is http://ip-172-31-7-113.us-east-2.compute.internal:8080/function/source
func source url is http://ip-172-31-7-113.us-east-2.compute.internal:8080/function/source
src instance: 4
func source url is http://ip-172-31-7-113.us-east-2.compute.internal:8080/function/source
func source url is http://ip-172-31-7-113.us-east-2.compute.internal:8080/function/source
encoded json is {"topic_name":"nexmark_src","rate_shape":"square","aid":"fanout","events_num":46080000,"rate_period":10000000000,"finOutTpNs":["fanout_out"],"first_event_rate":256000,"next_event_rate":256000,"bid_avg_size":100,"person_avg_size":200,"auction_avg_size":500,"duration":180,"person_proportion":1,"auction_proportion":3,"bid_proportion":46,"bid_hot_ratio_auctions":2,"bid_hot_ratio_bidders":4,"auction_hot_ratio_sellers":4,"flushms":10,"bufMaxSize":131072,"commEveryMs":100,"rate_limited":false,"waitEnd":true,"serde_format":1,"numOutPar":4,"parNum":3,"nSrcIns":4,"gua":2}, node constraint is 1,2,3,4
encoded json is {"topic_name":"nexmark_src","rate_shape":"square","aid":"fanout","events_num":46080000,"rate_period":10000000000,"finOutTpNs":["fanout_out"],"first_event_rate":256000,"next_event_rate":256000,"bid_avg_size":100,"person_avg_size":200,"auction_avg_size":500,"duration":180,"person_proportion":1,"auction_proportion":3,"bid_proportion":46,"bid_hot_ratio_auctions":2,"bid_hot_ratio_bidders":4,"auction_hot_ratio_sellers":4,"flushms":10,"bufMaxSize":131072,"commEveryMs":100,"rate_limited":false,"waitEnd":true,"serde_format":1,"numOutPar":4,"nSrcIns":4,"gua":2}, node constraint is 1,2,3,4
encoded json is {"topic_name":"nexmark_src","rate_shape":"square","aid":"fanout","events_num":46080000,"rate_period":10000000000,"finOutTpNs":["fanout_out"],"first_event_rate":256000,"next_event_rate":256000,"bid_avg_size":100,"person_avg_size":200,"auction_avg_size":500,"duration":180,"person_proportion":1,"auction_proportion":3,"bid_proportion":46,"bid_hot_ratio_auctions":2,"bid_hot_ratio_bidders":4,"auction_hot_ratio_sellers":4,"flushms":10,"bufMaxSize":131072,"commEveryMs":100,"rate_limited":false,"waitEnd":true,"serde_format":1,"numOutPar":4,"parNum":2,"nSrcIns":4,"gua":2}, node constraint is 1,2,3,4
encoded json is {"topic_name":"nexmark_src","rate_shape":"square","aid":"fanout","events_num":46080000,"rate_period":10000000000,"finOutTpNs":["fanout_out"],"first_event_rate":256000,"next_event_rate":256000,"bid_avg_size":100,"person_avg_size":200,"auction_avg_size":500,"duration":180,"person_proportion":1,"auction_proportion":3,"bid_proportion":46,"bid_hot_ratio_auctions":2,"bid_hot_ratio_bidders":4,"auction_hot_ratio_sellers":4,"flushms":10,"bufMaxSize":131072,"commEveryMs":100,"rate_limited":false,"waitEnd":true,"serde_format":1,"numOutPar":4,"parNum":1,"nSrcIns":4,"gua":2}, node constraint is 1,2,3,4
Waiting for all client to return
func name is fanout
func name is fanout
func url is http://ip-172-31-7-113.us-east-2.compute.internal:8080/function/fanout
func name is fanout
func url is http://ip-172-31-7-113.us-east-2.compute.internal:8080/function/fanout
func name is fanout
func url is http://ip-172-31-7-113.us-east-2.compute.internal:8080/function/fanout
func url is http://ip-172-31-7-113.us-east-2.compute.internal:8080/function/fanout
encoded json is {"aid":"fanout","numOutPartition":"QA==","numSubstreamProducer":"AQ==","outputTopicName":["fanout_out"],"inputTopicName":["nexmark_src"],"commEveryMs":100,"flushMs":100,"duration":180,"bufMaxSize":131072,"epoch":1,"waitEnd":true,"numInPartition":4,"ParNum":2,"gua":2,"serdeFormat":1}, node constraint is 5,6,7,8
encoded json is {"aid":"fanout","numOutPartition":"QA==","numSubstreamProducer":"AQ==","outputTopicName":["fanout_out"],"inputTopicName":["nexmark_src"],"commEveryMs":100,"flushMs":100,"duration":180,"bufMaxSize":131072,"epoch":1,"waitEnd":true,"numInPartition":4,"gua":2,"serdeFormat":1}, node constraint is 5,6,7,8
encoded json is {"aid":"fanout","numOutPartition":"QA==","numSubstreamProducer":"AQ==","outputTopicName":["fanout_out"],"inputTopicName":["nexmark_src"],"commEveryMs":100,"flushMs":100,"duration":180,"bufMaxSize":131072,"epoch":1,"waitEnd":true,"numInPartition":4,"ParNum":3,"gua":2,"serdeFormat":1}, node constraint is 5,6,7,8
encoded json is {"aid":"fanout","numOutPartition":"QA==","numSubstreamProducer":"AQ==","outputTopicName":["fanout_out"],"inputTopicName":["nexmark_src"],"commEveryMs":100,"flushMs":100,"duration":180,"bufMaxSize":131072,"epoch":1,"waitEnd":true,"numInPartition":4,"ParNum":1,"gua":2,"serdeFormat":1}, node constraint is 5,6,7,8
source-3 invoke done
source-0 invoke done
source-1 invoke done
source-2 invoke done
fanout-1 call done
fanout-0 call done
fanout-2 call done
fanout-3 call done
sink processed: 11520001, throughput: (event/s) 63998.68850094541
sink_ctrl processed: 1, throughput: (event/s) 0.00555544122790835
source-0 duration: 180.003704292

sink processed: 11519937, throughput: (event/s) 63998.39496054226
sink_ctrl processed: 1, throughput: (event/s) 0.005555446610562389
source-1 duration: 180.003529887

sink processed: 11520001, throughput: (event/s) 63994.370006550795
sink_ctrl processed: 1, throughput: (event/s) 0.005555066358635802
source-2 duration: 180.015851376

sink processed: 11520001, throughput: (event/s) 63998.660783695836
sink_ctrl processed: 1, throughput: (event/s) 0.005555438821897311
source-3 duration: 180.00378225

sink processed 46079940 events, duration: 180.015851376, tp: 255977.124502
sink_ctrl processed 4 events, duration: 180.015851376, tp: 0.022220

eventTimeLatency_fanoutSink, p50: 50 ms, p90: 121 ms, p99: 258 ms
nexmark_src_src_data processed: 11520000, throughput: (event/s) 63905.908132610624
nexmark_src_src_epoch processed: 0, throughput: (event/s) 0
nexmark_src_src_logEntry processed: 30456, throughput: (event/s) 168.95124462558934
fanoutSink processed: 11520000, throughput: (event/s) 63905.908132610624
nexmark_src_src processed: 11520001, throughput: (event/s) 63905.913679998484
nexmark_src_src_ctrl processed: 1, throughput: (event/s) 0.005547387858733561
fanout-0 duration: 180.26502301

eventTimeLatency_fanoutSink, p50: 52 ms, p90: 129 ms, p99: 256 ms
nexmark_src_src_epoch processed: 0, throughput: (event/s) 0
nexmark_src_src_logEntry processed: 30555, throughput: (event/s) 169.46519248180152
fanoutSink processed: 11519936, throughput: (event/s) 63892.265475962515
nexmark_src_src processed: 11519937, throughput: (event/s) 63892.271022196925
nexmark_src_src_ctrl processed: 1, throughput: (event/s) 0.005546234412757372
nexmark_src_src_data processed: 11519936, throughput: (event/s) 63892.265475962515
fanout-1 duration: 180.302512584

eventTimeLatency_fanoutSink, p50: 53 ms, p90: 127 ms, p99: 280 ms
fanoutSink processed: 11520000, throughput: (event/s) 63911.39481409499
nexmark_src_src processed: 11520001, throughput: (event/s) 63911.400361959124
nexmark_src_src_ctrl processed: 1, throughput: (event/s) 0.0055478641331679675
nexmark_src_src_data processed: 11520000, throughput: (event/s) 63911.39481409499
nexmark_src_src_epoch processed: 0, throughput: (event/s) 0
nexmark_src_src_logEntry processed: 30323, throughput: (event/s) 168.2278841100523
fanout-2 duration: 180.249547573

eventTimeLatency_fanoutSink, p50: 52 ms, p90: 132 ms, p99: 286 ms
nexmark_src_src_epoch processed: 0, throughput: (event/s) 0
nexmark_src_src_logEntry processed: 30397, throughput: (event/s) 168.5640663717686
fanoutSink processed: 11520000, throughput: (event/s) 63883.21362643597
nexmark_src_src processed: 11520001, throughput: (event/s) 63883.219171853816
nexmark_src_src_ctrl processed: 1, throughput: (event/s) 0.005545417849517011
nexmark_src_src_data processed: 11520000, throughput: (event/s) 63883.21362643597
fanout-3 duration: 180.329062144

nexmark_src_src_data processed 46079936 events, duration: 180.329062144
nexmark_src_src_epoch processed 0 events, duration: 180.329062144
nexmark_src_src_logEntry processed 121731 events, duration: 180.329062144
fanoutSink processed 46079936 events, duration: 180.329062144
nexmark_src_src processed 46079940 events, duration: 180.329062144
nexmark_src_src_ctrl processed 4 events, duration: 180.329062144

