parallel restore str: , false
env str: , async2ndPhase: false
env str: , create snapshot: false
2024/03/03 09:23:56 [INFO] Load configuration for function scale[40]
2024/03/03 09:23:56 [INFO] Load configuration for function chkptmngr[60]
2024/03/03 09:23:56 [INFO] Load configuration for function redisSetup[70]
2024/03/03 09:23:56 [INFO] Load configuration for function source[20]
2024/03/03 09:23:56 [INFO] Load configuration for function query1[30]
2024/03/03 09:23:56 [INFO] Parse FAAS_ENGINE_ID: 4
2024/03/03 09:23:56 [INFO] Parse FAAS_ENGINE_ID: 4
2024/03/03 09:23:56 [INFO] Current GOMAXPROCS is 2
2024/03/03 09:23:56 [INFO] Parse FAAS_ENGINE_ID: 4
2024/03/03 09:23:56 [INFO] Current GOMAXPROCS is 3
2024/03/03 09:23:56 [INFO] Parse FAAS_ENGINE_ID: 4
2024/03/03 09:23:56 [INFO] Current GOMAXPROCS is 4
2024/03/03 09:23:56 [INFO] Start new FuncWorker with client id 6
2024/03/03 09:23:56 [INFO] Start new FuncWorker with client id 7
2024/03/03 09:23:56 [INFO] Start new FuncWorker with client id 9
2024/03/03 09:23:56 [INFO] Start new FuncWorker with client id 8
Enter nexmark: funcName: source
2024/03/03 09:23:56 [INFO] Handshake with engine done
Enter nexmark: funcName: source
Enter nexmark: funcName: source
2024/03/03 09:23:56 [INFO] Handshake with engine done
2024/03/03 09:23:56 [INFO] Handshake with engine done
Enter nexmark: funcName: source
2024/03/03 09:23:56 [INFO] Handshake with engine done
redis address is [snapcache-1:6666 snapcache-2:6666 snapcache-3:6666 snapcache-4:6666]
new buffered sink stream nexmark_src[0] with bufMaxSize 131072
new buffered sink stream nexmark_src[1] with bufMaxSize 131072
new buffered sink stream nexmark_src[2] with bufMaxSize 131072
new buffered sink stream nexmark_src[3] with bufMaxSize 131072
Generator config: 
	InterEventDelayUs: [12.5]
	EventPerEpoch    : 0
	MaxEvents        : 57600000
	FirstEventNumber : 1
	EpochPeriodMs    : 0
	StepLengthSec    : 5
	BaseTime         : 1709457960380
	FirstEventId     : 1
	TotalProportion  : 50
	BidProportion    : 46
	AuctionProportion: 3
	PersonProportion : 1
Nexmark config: 
	NumEvents            : 57600000
	NumEventGenerators   : 4
	RateShape            : 0
	FirstEventRate       : 320000
	NextEventRate        : 320000
	RateUnit             : 1000000
	RatePeriodSec        : 10
	PreloadSeconds       : 0
	StreamTimeout        : 240
	IsRateLimited        : false
	UseWallclockEventTime: false
	AvgPersonByteSize    : 200
	AvgAuctionByteSize   : 500
	AvgBidByteSize       : 100
	HotAuctionRatio      : 2
	HotSellersRatio      : 4
	HotBiddersRatio      : 4
	WindowSizeSec        : 10
	WindowPeriodSec      : 5
	WatermarkHoldbackSec : 0
	NumInFlightAuctions  : 100
	NumActivePeople      : 1000
	OccasionalDelaySec   : 3
	ProbDelayedEvent     : 0.1
	OutOfOrderGroupSize  : 1
Input config: 
	SrcTopicName   : nexmark_src
	AppId          : q1
	FinalOutTpNames: [q1_out]
	Duration(s)    : 180
	FlushMs        : 10
	BufMaxSize     : 131072
	CommitEveryMs  : 100
	WaitForEndMark : true
	SerdeFormat    : MSGP
	NumOutPartition: 4
	ParNum         : 1
	NumSrcInstance : 4
	Guarantee      : ALIGN_CHKPT
new buffered sink stream __control_log_q1[0] with bufMaxSize 131072
new buffered sink stream __control_log_q1[0] with bufMaxSize 131072
generate events to [1]
StartTs: 1709457960380
gen first chkpt
srcGen_1 stats (799983 samples): dur=10.011425656s, p50=4, p90=14, p99=27
nexmark_src_bufEntry_1 stats (1925 samples): dur=10.004162298s, p50=505, p90=511, p99=513
nexmark_src_bufSize_1 stats (1925 samples): dur=10.00425906s, p50=130846, p90=131025, p99=131066
srcGen_1 stats (800837 samples): dur=10.011175202s, p50=4, p90=14, p99=27
nexmark_src_bufEntry_1 stats (1936 samples): dur=10.011163272s, p50=502, p90=509, p99=512
nexmark_src_bufSize_1 stats (1936 samples): dur=10.011168414s, p50=130841, p90=131021, p99=131067
srcGen_1 stats (800940 samples): dur=10.010891097s, p50=4, p90=14, p99=27
nexmark_src_bufEntry_1 stats (1955 samples): dur=10.010874604s, p50=502, p90=506, p99=509
nexmark_src_bufSize_1 stats (1955 samples): dur=10.010874111s, p50=130846, p90=131025, p99=131065
srcGen_1 stats (800919 samples): dur=10.012053797s, p50=4, p90=14, p99=27
nexmark_src_bufEntry_1 stats (1938 samples): dur=10.012067954s, p50=502, p90=506, p99=509
nexmark_src_bufSize_1 stats (1938 samples): dur=10.012068697s, p50=130838, p90=131020, p99=131067
nexmark_src_bufEntry_1 stats (1949 samples): dur=10.004056398s, p50=498, p90=502, p99=505
nexmark_src_bufSize_1 stats (1949 samples): dur=10.004058349s, p50=130852, p90=131028, p99=131068
srcGen_1 stats (800951 samples): dur=10.011120921s, p50=4, p90=14, p99=27
nexmark_src_bufEntry_1 stats (1961 samples): dur=10.001699545s, p50=498, p90=502, p99=505
nexmark_src_bufSize_1 stats (1961 samples): dur=10.001696438s, p50=130849, p90=131026, p99=131066
srcGen_1 stats (800930 samples): dur=10.011864969s, p50=4, p90=14, p99=27
nexmark_src_bufEntry_1 stats (1983 samples): dur=10.000965592s, p50=498, p90=502, p99=505
nexmark_src_bufSize_1 stats (1983 samples): dur=10.000970565s, p50=130858, p90=131030, p99=131068
srcGen_1 stats (800939 samples): dur=10.012152842s, p50=4, p90=14, p99=27
nexmark_src_bufEntry_1 stats (1982 samples): dur=10.00193861s, p50=499, p90=502, p99=505
nexmark_src_bufSize_1 stats (1982 samples): dur=10.001936888s, p50=130857, p90=131028, p99=131068
srcGen_1 stats (800941 samples): dur=10.011424921s, p50=4, p90=14, p99=27
nexmark_src_bufEntry_1 stats (1978 samples): dur=10.000737334s, p50=498, p90=502, p99=505
nexmark_src_bufSize_1 stats (1978 samples): dur=10.000737053s, p50=130858, p90=131028, p99=131067
srcGen_1 stats (800933 samples): dur=10.011630118s, p50=4, p90=14, p99=27
nexmark_src_bufEntry_1 stats (1983 samples): dur=10.002007135s, p50=499, p90=502, p99=505
nexmark_src_bufSize_1 stats (1983 samples): dur=10.002211195s, p50=130853, p90=131027, p99=131066
srcGen_1 stats (800566 samples): dur=10.014663779s, p50=4, p90=14, p99=27
nexmark_src_bufEntry_1 stats (1966 samples): dur=10.003787295s, p50=498, p90=502, p99=505
nexmark_src_bufSize_1 stats (1966 samples): dur=10.003583656s, p50=130856, p90=131024, p99=131066
srcGen_1 stats (801458 samples): dur=10.011532973s, p50=4, p90=14, p99=27
nexmark_src_bufEntry_1 stats (1975 samples): dur=10.00329162s, p50=498, p90=502, p99=505
nexmark_src_bufSize_1 stats (1975 samples): dur=10.003290823s, p50=130851, p90=131028, p99=131068
srcGen_1 stats (800918 samples): dur=10.011193097s, p50=4, p90=14, p99=27
nexmark_src_bufEntry_1 stats (1957 samples): dur=10.001599229s, p50=498, p90=502, p99=505
nexmark_src_bufSize_1 stats (1957 samples): dur=10.001598774s, p50=130851, p90=131032, p99=131067
srcGen_1 stats (800925 samples): dur=10.011471451s, p50=4, p90=14, p99=27
nexmark_src_bufEntry_1 stats (1954 samples): dur=10.003710261s, p50=498, p90=502, p99=505
nexmark_src_bufSize_1 stats (1954 samples): dur=10.003724796s, p50=130860, p90=131026, p99=131065
srcGen_1 stats (800920 samples): dur=10.011605144s, p50=4, p90=14, p99=27
nexmark_src_bufEntry_1 stats (1960 samples): dur=10.003877421s, p50=498, p90=502, p99=504
nexmark_src_bufSize_1 stats (1960 samples): dur=10.003881696s, p50=130846, p90=131027, p99=131068
srcGen_1 stats (800960 samples): dur=10.012249702s, p50=4, p90=14, p99=27
nexmark_src_bufEntry_1 stats (2002 samples): dur=10.004621363s, p50=498, p90=502, p99=505
nexmark_src_bufSize_1 stats (2002 samples): dur=10.004609389s, p50=130865, p90=131033, p99=131067
srcGen_1 stats (800960 samples): dur=10.011996529s, p50=4, p90=14, p99=27
nexmark_src_bufEntry_1 stats (2020 samples): dur=10.000611269s, p50=498, p90=502, p99=505
nexmark_src_bufSize_1 stats (2020 samples): dur=10.000604732s, p50=130857, p90=131032, p99=131068
srcGen_1 stats (800914 samples): dur=10.012357376s, p50=4, p90=14, p99=27
[1] chkmngr has terminated
generate stream end mark with tag: 404b3c06f60bdf01
[1] all stopped
