wait for last: true
warmup: 0
config: map[NodeConstraint:"1,2,3,4" NumInstance:4 OutputTopicName:["nexmark_src"] funcName:"source"]
config: map[InputTopicNames:["nexmark_src"] NodeConstraint:"5,6,7,8" NumInstance:4 NumSrcProducer:[1] OutputTopicName:["q1_out"] funcName:"query1"]
srcInvokeConfig: {TopicName:nexmark_src AppId:q1 NodeConstraint:1,2,3,4 ScaleEpoch:0 NumOutPartition:4 InstanceID:0 NumSrcInstance:4}
cliNodes: [0xc0000261e0]
encoded json is {"sg":{"nexmark_src":4,"q1_out":4,"query1":4,"source":4},"aid":"q1","fns":["source","query1"],"epoch":1,"serdeFormat":1,"bs":true}, node constraint is 1
inParamsMap: map[query1:[0xc000000c80 0xc000000d20 0xc000000dc0 0xc000000e60]]
configScaleInput: {Config:map[nexmark_src:4 q1_out:4 query1:4 source:4] AppId:q1 FuncNames:[source query1] ScaleEpoch:0 SerdeFormat:1 Bootstrap:false}
func source url is http://ip-172-31-2-103.us-east-2.compute.internal:8080/function/source
func source url is http://ip-172-31-2-103.us-east-2.compute.internal:8080/function/source
func source url is http://ip-172-31-2-103.us-east-2.compute.internal:8080/function/source
src instance: 4
func source url is http://ip-172-31-2-103.us-east-2.compute.internal:8080/function/source
encoded json is {"topic_name":"nexmark_src","rate_shape":"square","aid":"q1","events_num":11520000,"rate_period":10000000000,"bid_avg_size":100,"first_event_rate":64000,"next_event_rate":64000,"person_avg_size":200,"auction_avg_size":500,"duration":180,"person_proportion":1,"auction_proportion":3,"bid_proportion":46,"bid_hot_ratio_auctions":2,"bid_hot_ratio_bidders":4,"auction_hot_ratio_sellers":4,"flushms":10,"rate_limited":false,"waitEnd":true,"serde_format":1,"numOutPar":4,"parNum":3,"nSrcIns":4}, node constraint is 1,2,3,4
encoded json is {"topic_name":"nexmark_src","rate_shape":"square","aid":"q1","events_num":11520000,"rate_period":10000000000,"bid_avg_size":100,"first_event_rate":64000,"next_event_rate":64000,"person_avg_size":200,"auction_avg_size":500,"duration":180,"person_proportion":1,"auction_proportion":3,"bid_proportion":46,"bid_hot_ratio_auctions":2,"bid_hot_ratio_bidders":4,"auction_hot_ratio_sellers":4,"flushms":10,"rate_limited":false,"waitEnd":true,"serde_format":1,"numOutPar":4,"parNum":2,"nSrcIns":4}, node constraint is 1,2,3,4
encoded json is {"topic_name":"nexmark_src","rate_shape":"square","aid":"q1","events_num":11520000,"rate_period":10000000000,"bid_avg_size":100,"first_event_rate":64000,"next_event_rate":64000,"person_avg_size":200,"auction_avg_size":500,"duration":180,"person_proportion":1,"auction_proportion":3,"bid_proportion":46,"bid_hot_ratio_auctions":2,"bid_hot_ratio_bidders":4,"auction_hot_ratio_sellers":4,"flushms":10,"rate_limited":false,"waitEnd":true,"serde_format":1,"numOutPar":4,"parNum":1,"nSrcIns":4}, node constraint is 1,2,3,4
encoded json is {"topic_name":"nexmark_src","rate_shape":"square","aid":"q1","events_num":11520000,"rate_period":10000000000,"bid_avg_size":100,"first_event_rate":64000,"next_event_rate":64000,"person_avg_size":200,"auction_avg_size":500,"duration":180,"person_proportion":1,"auction_proportion":3,"bid_proportion":46,"bid_hot_ratio_auctions":2,"bid_hot_ratio_bidders":4,"auction_hot_ratio_sellers":4,"flushms":10,"rate_limited":false,"waitEnd":true,"serde_format":1,"numOutPar":4,"nSrcIns":4}, node constraint is 1,2,3,4
Waiting for all client to return
func name is query1
func url is http://ip-172-31-2-103.us-east-2.compute.internal:8080/function/query1
func name is query1
func url is http://ip-172-31-2-103.us-east-2.compute.internal:8080/function/query1
func name is query1
func url is http://ip-172-31-2-103.us-east-2.compute.internal:8080/function/query1
func name is query1
func url is http://ip-172-31-2-103.us-east-2.compute.internal:8080/function/query1
encoded json is {"aid":"q1","numOutPartition":"BA==","numSubstreamProducer":"AQ==","outputTopicName":["q1_out"],"inputTopicName":["nexmark_src"],"commEveryMs":100,"flushMs":100,"duration":180,"epoch":1,"waitEnd":true,"numInPartition":4,"ParNum":3,"gua":3,"serdeFormat":1}, node constraint is 5,6,7,8
encoded json is {"aid":"q1","numOutPartition":"BA==","numSubstreamProducer":"AQ==","outputTopicName":["q1_out"],"inputTopicName":["nexmark_src"],"commEveryMs":100,"flushMs":100,"duration":180,"epoch":1,"waitEnd":true,"numInPartition":4,"ParNum":1,"gua":3,"serdeFormat":1}, node constraint is 5,6,7,8
encoded json is {"aid":"q1","numOutPartition":"BA==","numSubstreamProducer":"AQ==","outputTopicName":["q1_out"],"inputTopicName":["nexmark_src"],"commEveryMs":100,"flushMs":100,"duration":180,"epoch":1,"waitEnd":true,"numInPartition":4,"gua":3,"serdeFormat":1}, node constraint is 5,6,7,8
encoded json is {"aid":"q1","numOutPartition":"BA==","numSubstreamProducer":"AQ==","outputTopicName":["q1_out"],"inputTopicName":["nexmark_src"],"commEveryMs":100,"flushMs":100,"duration":180,"epoch":1,"waitEnd":true,"numInPartition":4,"ParNum":2,"gua":3,"serdeFormat":1}, node constraint is 5,6,7,8
source-3 invoke done
source-2 invoke done
source-1 invoke done
source-0 invoke done
query1-3 call done
query1-2 call done
query1-1 call done
query1-0 call done
sink processed: 2880001, throughput: (event/s) 15999.558355010999
sink_ctrl processed: 1, throughput: (event/s) 0.005555400277642611
source-0 duration: 180.005031145

sink processed: 2880001, throughput: (event/s) 15999.83736082082
sink_ctrl processed: 1, throughput: (event/s) 0.005555497154626272
source-1 duration: 180.00189221

sink processed: 2879985, throughput: (event/s) 15999.695201285644
sink_ctrl processed: 1, throughput: (event/s) 0.0055554786574533
source-2 duration: 180.002491533

sink processed: 2880001, throughput: (event/s) 15999.88488549041
sink_ctrl processed: 1, throughput: (event/s) 0.005555513656241928
source-3 duration: 180.001357548

sink processed 11519988 events, duration: 180.005031145, tp: 63998.144534
sink_ctrl processed 4 events, duration: 180.005031145, tp: 0.022222

eventTimeLatency_sink, p50: 12 ms, p90: 17 ms, p99: 19 ms
src_epoch processed: 0, throughput: (event/s) 0
src_logEntry processed: 14443, throughput: (event/s) 80.23420305675666
sink processed: 2649600, throughput: (event/s) 14719.140373826936
src processed: 2880001, throughput: (event/s) 15999.07117895605
src_ctrl processed: 1, throughput: (event/s) 0.005555231119348934
src_data processed: 2880000, throughput: (event/s) 15999.065623724931
query1-0 duration: 180.010512347

eventTimeLatency_sink, p50: 10 ms, p90: 15 ms, p99: 16 ms
sink processed: 2649600, throughput: (event/s) 14719.260533053377
src processed: 2880001, throughput: (event/s) 15999.201786856227
src_ctrl processed: 1, throughput: (event/s) 0.005555276469298528
src_data processed: 2880000, throughput: (event/s) 15999.19623157976
src_epoch processed: 0, throughput: (event/s) 0
src_logEntry processed: 14873, throughput: (event/s) 82.623626927877
query1-1 duration: 180.009042849

eventTimeLatency_sink, p50: 11 ms, p90: 16 ms, p99: 17 ms
src processed: 2879985, throughput: (event/s) 15999.250886195267
src_ctrl processed: 1, throughput: (event/s) 0.005555324380576728
src_data processed: 2879984, throughput: (event/s) 15999.245330870885
src_epoch processed: 0, throughput: (event/s) 0
src_logEntry processed: 14644, throughput: (event/s) 81.3521702291656
sink processed: 2649586, throughput: (event/s) 14719.309704234769
query1-2 duration: 180.007490381

eventTimeLatency_sink, p50: 11 ms, p90: 16 ms, p99: 18 ms
src_ctrl processed: 1, throughput: (event/s) 0.00555530828236444
src_data processed: 2880000, throughput: (event/s) 15999.287853209587
src_epoch processed: 0, throughput: (event/s) 0
src_logEntry processed: 14740, throughput: (event/s) 81.88524408205184
sink processed: 2649600, throughput: (event/s) 14719.34482495282
src processed: 2880001, throughput: (event/s) 15999.29340851787
query1-3 duration: 180.008012008

src_logEntry processed 58700 events, duration: 180.010512347
sink processed 10598386 events, duration: 180.010512347
src processed 11519988 events, duration: 180.010512347
src_ctrl processed 4 events, duration: 180.010512347
src_data processed 11519984 events, duration: 180.010512347
src_epoch processed 0 events, duration: 180.010512347

