parallel restore str: , false
env str: , async2ndPhase: false
env str: , create snapshot: false
2024/03/03 08:58:07 [INFO] Load configuration for function scale[40]
2024/03/03 08:58:07 [INFO] Load configuration for function chkptmngr[60]
2024/03/03 08:58:07 [INFO] Load configuration for function redisSetup[70]
2024/03/03 08:58:07 [INFO] Load configuration for function source[20]
2024/03/03 08:58:07 [INFO] Load configuration for function query1[30]
2024/03/03 08:58:07 [INFO] Parse FAAS_ENGINE_ID: 2
2024/03/03 08:58:07 [INFO] Parse FAAS_ENGINE_ID: 2
2024/03/03 08:58:07 [INFO] Current GOMAXPROCS is 2
2024/03/03 08:58:07 [INFO] Parse FAAS_ENGINE_ID: 2
2024/03/03 08:58:07 [INFO] Start new FuncWorker with client id 1
2024/03/03 08:58:07 [INFO] Start new FuncWorker with client id 2
2024/03/03 08:58:07 [INFO] Current GOMAXPROCS is 3
2024/03/03 08:58:07 [INFO] Parse FAAS_ENGINE_ID: 2
2024/03/03 08:58:07 [INFO] Start new FuncWorker with client id 3
2024/03/03 08:58:07 [INFO] Current GOMAXPROCS is 4
2024/03/03 08:58:07 [INFO] Start new FuncWorker with client id 4
Enter nexmark: funcName: source
Enter nexmark: funcName: source
2024/03/03 08:58:07 [INFO] Handshake with engine done
2024/03/03 08:58:07 [INFO] Handshake with engine done
Enter nexmark: funcName: source
2024/03/03 08:58:07 [INFO] Handshake with engine done
Enter nexmark: funcName: source
2024/03/03 08:58:07 [INFO] Handshake with engine done
redis address is [snapcache-1:6666 snapcache-2:6666 snapcache-3:6666 snapcache-4:6666]
new buffered sink stream nexmark_src[0] with bufMaxSize 131072
new buffered sink stream nexmark_src[1] with bufMaxSize 131072
new buffered sink stream nexmark_src[2] with bufMaxSize 131072
new buffered sink stream nexmark_src[3] with bufMaxSize 131072
Generator config: 
	InterEventDelayUs: [15.625]
	EventPerEpoch    : 0
	MaxEvents        : 46080000
	FirstEventNumber : 1
	EpochPeriodMs    : 0
	StepLengthSec    : 5
	BaseTime         : 1709456417104
	FirstEventId     : 1
	TotalProportion  : 50
	BidProportion    : 46
	AuctionProportion: 3
	PersonProportion : 1
Nexmark config: 
	NumEvents            : 46080000
	NumEventGenerators   : 4
	RateShape            : 0
	FirstEventRate       : 256000
	NextEventRate        : 256000
	RateUnit             : 1000000
	RatePeriodSec        : 10
	PreloadSeconds       : 0
	StreamTimeout        : 240
	IsRateLimited        : false
	UseWallclockEventTime: false
	AvgPersonByteSize    : 200
	AvgAuctionByteSize   : 500
	AvgBidByteSize       : 100
	HotAuctionRatio      : 2
	HotSellersRatio      : 4
	HotBiddersRatio      : 4
	WindowSizeSec        : 10
	WindowPeriodSec      : 5
	WatermarkHoldbackSec : 0
	NumInFlightAuctions  : 100
	NumActivePeople      : 1000
	OccasionalDelaySec   : 3
	ProbDelayedEvent     : 0.1
	OutOfOrderGroupSize  : 1
Input config: 
	SrcTopicName   : nexmark_src
	AppId          : q1
	FinalOutTpNames: [q1_out]
	Duration(s)    : 180
	FlushMs        : 10
	BufMaxSize     : 131072
	CommitEveryMs  : 100
	WaitForEndMark : true
	SerdeFormat    : MSGP
	NumOutPartition: 4
	ParNum         : 0
	NumSrcInstance : 4
	Guarantee      : ALIGN_CHKPT
new buffered sink stream __control_log_q1[0] with bufMaxSize 131072
new buffered sink stream __control_log_q1[0] with bufMaxSize 131072
generate events to [0]
StartTs: 1709456417104
gen first chkpt
srcGen_0 stats (640000 samples): dur=10.009491683s, p50=4, p90=13, p99=30
nexmark_src_bufEntry_0 stats (1692 samples): dur=10.002029815s, p50=502, p90=510, p99=513
nexmark_src_bufSize_0 stats (1692 samples): dur=10.002121808s, p50=130500, p90=131018, p99=131066
srcGen_0 stats (640670 samples): dur=10.008778653s, p50=4, p90=14, p99=30
nexmark_src_bufEntry_0 stats (1683 samples): dur=10.008773056s, p50=500, p90=509, p99=512
nexmark_src_bufSize_0 stats (1683 samples): dur=10.00876746s, p50=130496, p90=131014, p99=131066
srcGen_0 stats (640486 samples): dur=10.008917324s, p50=4, p90=14, p99=30
nexmark_src_bufEntry_0 stats (1690 samples): dur=10.010600311s, p50=499, p90=506, p99=509
nexmark_src_bufSize_0 stats (1690 samples): dur=10.010620626s, p50=130491, p90=131017, p99=131067
srcGen_0 stats (640588 samples): dur=10.009212613s, p50=4, p90=14, p99=30
nexmark_src_bufEntry_0 stats (1693 samples): dur=10.007533585s, p50=499, p90=506, p99=508
nexmark_src_bufSize_0 stats (1693 samples): dur=10.007515862s, p50=130539, p90=131019, p99=131064
srcGen_0 stats (640624 samples): dur=10.009822964s, p50=4, p90=14, p99=30
nexmark_src_bufEntry_0 stats (1688 samples): dur=10.009818554s, p50=498, p90=506, p99=508
nexmark_src_bufSize_0 stats (1688 samples): dur=10.009815846s, p50=130543, p90=131019, p99=131065
srcGen_0 stats (640640 samples): dur=10.009738574s, p50=4, p90=14, p99=30
nexmark_src_bufEntry_0 stats (1693 samples): dur=10.011236587s, p50=495, p90=502, p99=504
nexmark_src_bufSize_0 stats (1693 samples): dur=10.01123836s, p50=130538, p90=131020, p99=131065
srcGen_0 stats (640640 samples): dur=10.010047975s, p50=4, p90=14, p99=30
nexmark_src_bufEntry_0 stats (1694 samples): dur=10.011040626s, p50=495, p90=502, p99=504
nexmark_src_bufSize_0 stats (1694 samples): dur=10.011041141s, p50=130505, p90=131019, p99=131067
srcGen_0 stats (640386 samples): dur=10.008949392s, p50=4, p90=14, p99=30
nexmark_src_bufEntry_0 stats (1681 samples): dur=10.006464769s, p50=496, p90=502, p99=504
nexmark_src_bufSize_0 stats (1681 samples): dur=10.006463248s, p50=130716, p90=131020, p99=131068
srcGen_0 stats (640830 samples): dur=10.010292029s, p50=4, p90=14, p99=30
nexmark_src_bufEntry_0 stats (1683 samples): dur=10.010290149s, p50=495, p90=502, p99=504
nexmark_src_bufSize_0 stats (1683 samples): dur=10.010299935s, p50=130528, p90=131019, p99=131066
srcGen_0 stats (640634 samples): dur=10.008978727s, p50=4, p90=14, p99=30
nexmark_src_bufEntry_0 stats (1682 samples): dur=10.008976092s, p50=495, p90=502, p99=504
nexmark_src_bufSize_0 stats (1682 samples): dur=10.008967168s, p50=130553, p90=131021, p99=131067
srcGen_0 stats (640485 samples): dur=10.008920468s, p50=4, p90=14, p99=30
nexmark_src_bufEntry_0 stats (1681 samples): dur=10.008924921s, p50=495, p90=502, p99=504
nexmark_src_bufSize_0 stats (1681 samples): dur=10.008922821s, p50=130517, p90=131018, p99=131066
srcGen_0 stats (640609 samples): dur=10.00905423s, p50=4, p90=14, p99=30
nexmark_src_bufEntry_0 stats (1685 samples): dur=10.009049464s, p50=495, p90=502, p99=504
nexmark_src_bufSize_0 stats (1685 samples): dur=10.009049229s, p50=130601, p90=131019, p99=131066
srcGen_0 stats (640640 samples): dur=10.010266178s, p50=4, p90=14, p99=30
nexmark_src_bufEntry_0 stats (1694 samples): dur=10.010264117s, p50=495, p90=502, p99=504
nexmark_src_bufSize_0 stats (1694 samples): dur=10.010281252s, p50=130544, p90=131023, p99=131065
srcGen_0 stats (640640 samples): dur=10.00928609s, p50=4, p90=13, p99=30
nexmark_src_bufEntry_0 stats (1688 samples): dur=10.00929467s, p50=496, p90=502, p99=504
nexmark_src_bufSize_0 stats (1688 samples): dur=10.009278879s, p50=130608, p90=131024, p99=131068
srcGen_0 stats (640576 samples): dur=10.009204281s, p50=4, p90=14, p99=30
nexmark_src_bufEntry_0 stats (1691 samples): dur=10.009222453s, p50=495, p90=502, p99=504
nexmark_src_bufSize_0 stats (1691 samples): dur=10.009305124s, p50=130532, p90=131025, p99=131067
srcGen_0 stats (640630 samples): dur=10.008719801s, p50=4, p90=14, p99=30
nexmark_src_bufEntry_0 stats (1675 samples): dur=10.008695407s, p50=496, p90=502, p99=504
nexmark_src_bufSize_0 stats (1675 samples): dur=10.008623026s, p50=130756, p90=131027, p99=131069
srcGen_0 stats (640458 samples): dur=10.009853651s, p50=4, p90=14, p99=30
nexmark_src_bufEntry_0 stats (1690 samples): dur=10.010332611s, p50=495, p90=501, p99=504
nexmark_src_bufSize_0 stats (1690 samples): dur=10.010352486s, p50=130534, p90=131021, p99=131065
[0] chkmngr has terminated
nexmark_src_bufEntry_0 stats (1657 samples): dur=10.091023616s, p50=496, p90=502, p99=504
nexmark_src_bufSize_0 stats (1657 samples): dur=10.091019117s, p50=130536, p90=131016, p99=131066
generate stream end mark with tag: 404b3c06f60bdf00
[0] all stopped
