wait for last: true
warmup: 0
encoded json is {"sg":{"changelog":4,"nexmark_src":4,"q46GroupBy":4,"q46_aucsByID":4,"q46_bidsByAucID":4,"q4Avg":4,"q4JoinStream":4,"q4MaxBid":4,"q4_aucIDCat":4,"q4_maxBids":4,"q4_out":4,"source":4},"aid":"q4","fns":["source","q46GroupBy","q4JoinStream","q4MaxBid","q4Avg"],"epoch":1,"serdeFormat":1,"bs":true}, node constraint is 1
config: map[NodeConstraint:"1,2,3,4" NumInstance:4 OutputTopicName:["nexmark_src"] funcName:"source"]
config: map[InputTopicNames:["nexmark_src"] NodeConstraint:"5,6,7,8" NumInstance:4 NumSrcProducer:[1] OutputTopicName:["q46_aucsByID","q46_bidsByAucID"] funcName:"q46GroupBy"]
config: map[InputTopicNames:["q46_aucsByID","q46_bidsByAucID"] NodeConstraint:"5,6,7,8" NumInstance:4 NumSrcProducer:[4,4] OutputTopicName:["q4_aucIDCat"] funcName:"q4JoinStream"]
config: map[InputTopicNames:["q4_aucIDCat"] NodeConstraint:"5,6,7,8" NumInstance:4 NumSrcProducer:[1] OutputTopicName:["q4_maxBids"] funcName:"q4MaxBid"]
config: map[InputTopicNames:["q4_maxBids"] NodeConstraint:"5,6,7,8" NumInstance:4 NumSrcProducer:[4] OutputTopicName:["q4_out"] funcName:"q4Avg"]
srcInvokeConfig: {TopicName:nexmark_src AppId:q4 NodeConstraint:1,2,3,4 ScaleEpoch:0 NumOutPartition:4 InstanceID:0 NumSrcInstance:4}
cliNodes: [0xc000026260 0xc0000262c0 0xc000026300 0xc000026360]
inParamsMap: map[q46GroupBy:[0xc000000be0 0xc000000c80 0xc000000d20 0xc000000dc0] q4Avg:[0xc000001360 0xc000001400 0xc0000014a0 0xc000001540] q4JoinStream:[0xc000000e60 0xc000000f00 0xc000000fa0 0xc000001040] q4MaxBid:[0xc0000010e0 0xc000001180 0xc000001220 0xc0000012c0]]
configScaleInput: {Config:map[changelog:4 nexmark_src:4 q46GroupBy:4 q46_aucsByID:4 q46_bidsByAucID:4 q4Avg:4 q4JoinStream:4 q4MaxBid:4 q4_aucIDCat:4 q4_maxBids:4 q4_out:4 source:4] AppId:q4 FuncNames:[source q46GroupBy q4JoinStream q4MaxBid q4Avg] ScaleEpoch:0 SerdeFormat:1 Bootstrap:false}
func source url is http://ip-172-31-8-159.us-east-2.compute.internal:8080/function/source
func source url is http://ip-172-31-8-159.us-east-2.compute.internal:8080/function/source
func source url is http://ip-172-31-8-159.us-east-2.compute.internal:8080/function/source
func source url is http://ip-172-31-8-159.us-east-2.compute.internal:8080/function/source
src instance: 4
encoded json is {"topic_name":"nexmark_src","rate_shape":"square","aid":"q4","events_num":720000,"rate_period":10000000000,"bid_avg_size":100,"first_event_rate":4000,"next_event_rate":4000,"person_avg_size":200,"auction_avg_size":500,"duration":180,"person_proportion":1,"auction_proportion":3,"bid_proportion":46,"bid_hot_ratio_auctions":2,"bid_hot_ratio_bidders":4,"auction_hot_ratio_sellers":4,"flushms":100,"rate_limited":false,"waitEnd":true,"serde_format":1,"numOutPar":4,"parNum":1,"nSrcIns":4}, node constraint is 1,2,3,4
encoded json is {"topic_name":"nexmark_src","rate_shape":"square","aid":"q4","events_num":720000,"rate_period":10000000000,"bid_avg_size":100,"first_event_rate":4000,"next_event_rate":4000,"person_avg_size":200,"auction_avg_size":500,"duration":180,"person_proportion":1,"auction_proportion":3,"bid_proportion":46,"bid_hot_ratio_auctions":2,"bid_hot_ratio_bidders":4,"auction_hot_ratio_sellers":4,"flushms":100,"rate_limited":false,"waitEnd":true,"serde_format":1,"numOutPar":4,"parNum":3,"nSrcIns":4}, node constraint is 1,2,3,4
encoded json is {"topic_name":"nexmark_src","rate_shape":"square","aid":"q4","events_num":720000,"rate_period":10000000000,"bid_avg_size":100,"first_event_rate":4000,"next_event_rate":4000,"person_avg_size":200,"auction_avg_size":500,"duration":180,"person_proportion":1,"auction_proportion":3,"bid_proportion":46,"bid_hot_ratio_auctions":2,"bid_hot_ratio_bidders":4,"auction_hot_ratio_sellers":4,"flushms":100,"rate_limited":false,"waitEnd":true,"serde_format":1,"numOutPar":4,"parNum":2,"nSrcIns":4}, node constraint is 1,2,3,4
encoded json is {"topic_name":"nexmark_src","rate_shape":"square","aid":"q4","events_num":720000,"rate_period":10000000000,"bid_avg_size":100,"first_event_rate":4000,"next_event_rate":4000,"person_avg_size":200,"auction_avg_size":500,"duration":180,"person_proportion":1,"auction_proportion":3,"bid_proportion":46,"bid_hot_ratio_auctions":2,"bid_hot_ratio_bidders":4,"auction_hot_ratio_sellers":4,"flushms":100,"rate_limited":false,"waitEnd":true,"serde_format":1,"numOutPar":4,"nSrcIns":4}, node constraint is 1,2,3,4
Waiting for all client to return
func name is q4JoinStream
func url is http://ip-172-31-8-159.us-east-2.compute.internal:8080/function/q4JoinStream
func name is q4MaxBid
func url is http://ip-172-31-8-159.us-east-2.compute.internal:8080/function/q4MaxBid
func name is q4MaxBid
func name is q46GroupBy
func url is http://ip-172-31-8-159.us-east-2.compute.internal:8080/function/q4MaxBid
func url is http://ip-172-31-8-159.us-east-2.compute.internal:8080/function/q46GroupBy
func name is q4MaxBid
func name is q46GroupBy
func url is http://ip-172-31-8-159.us-east-2.compute.internal:8080/function/q46GroupBy
func name is q4MaxBid
func url is http://ip-172-31-8-159.us-east-2.compute.internal:8080/function/q4MaxBid
func url is http://ip-172-31-8-159.us-east-2.compute.internal:8080/function/q4MaxBid
func name is q46GroupBy
func url is http://ip-172-31-8-159.us-east-2.compute.internal:8080/function/q46GroupBy
func name is q46GroupBy
func url is http://ip-172-31-8-159.us-east-2.compute.internal:8080/function/q46GroupBy
func name is q4Avg
func url is http://ip-172-31-8-159.us-east-2.compute.internal:8080/function/q4Avg
func name is q4Avg
func url is http://ip-172-31-8-159.us-east-2.compute.internal:8080/function/q4Avg
func name is q4JoinStream
func url is http://ip-172-31-8-159.us-east-2.compute.internal:8080/function/q4JoinStream
func name is q4Avg
func url is http://ip-172-31-8-159.us-east-2.compute.internal:8080/function/q4Avg
func name is q4Avg
func url is http://ip-172-31-8-159.us-east-2.compute.internal:8080/function/q4Avg
func name is q4JoinStream
func url is http://ip-172-31-8-159.us-east-2.compute.internal:8080/function/q4JoinStream
func name is q4JoinStream
func url is http://ip-172-31-8-159.us-east-2.compute.internal:8080/function/q4JoinStream
encoded json is {"aid":"q4","numOutPartition":"BA==","numSubstreamProducer":"BAQ=","outputTopicName":["q4_aucIDCat"],"inputTopicName":["q46_aucsByID","q46_bidsByAucID"],"commEveryMs":100,"flushMs":100,"snapEveryS":10,"duration":180,"epoch":1,"waitEnd":true,"numChangelogPartition":4,"numInPartition":4,"ParNum":2,"gua":3,"serdeFormat":1}, node constraint is 5,6,7,8
encoded json is {"aid":"q4","numOutPartition":"BAQ=","numSubstreamProducer":"AQ==","outputTopicName":["q46_aucsByID","q46_bidsByAucID"],"inputTopicName":["nexmark_src"],"commEveryMs":100,"flushMs":100,"snapEveryS":10,"duration":180,"epoch":1,"waitEnd":true,"numChangelogPartition":4,"numInPartition":4,"gua":3,"serdeFormat":1}, node constraint is 5,6,7,8
encoded json is {"aid":"q4","numOutPartition":"BA==","numSubstreamProducer":"BA==","outputTopicName":["q4_out"],"inputTopicName":["q4_maxBids"],"commEveryMs":100,"flushMs":100,"snapEveryS":10,"duration":180,"epoch":1,"waitEnd":true,"numChangelogPartition":4,"numInPartition":4,"gua":3,"serdeFormat":1}, node constraint is 5,6,7,8
encoded json is {"aid":"q4","numOutPartition":"BA==","numSubstreamProducer":"AQ==","outputTopicName":["q4_maxBids"],"inputTopicName":["q4_aucIDCat"],"commEveryMs":100,"flushMs":100,"snapEveryS":10,"duration":180,"epoch":1,"waitEnd":true,"numChangelogPartition":4,"numInPartition":4,"ParNum":1,"gua":3,"serdeFormat":1}, node constraint is 5,6,7,8
encoded json is {"aid":"q4","numOutPartition":"BA==","numSubstreamProducer":"AQ==","outputTopicName":["q4_maxBids"],"inputTopicName":["q4_aucIDCat"],"commEveryMs":100,"flushMs":100,"snapEveryS":10,"duration":180,"epoch":1,"waitEnd":true,"numChangelogPartition":4,"numInPartition":4,"ParNum":3,"gua":3,"serdeFormat":1}, node constraint is 5,6,7,8
encoded json is {"aid":"q4","numOutPartition":"BA==","numSubstreamProducer":"AQ==","outputTopicName":["q4_maxBids"],"inputTopicName":["q4_aucIDCat"],"commEveryMs":100,"flushMs":100,"snapEveryS":10,"duration":180,"epoch":1,"waitEnd":true,"numChangelogPartition":4,"numInPartition":4,"gua":3,"serdeFormat":1}, node constraint is 5,6,7,8
encoded json is {"aid":"q4","numOutPartition":"BA==","numSubstreamProducer":"AQ==","outputTopicName":["q4_maxBids"],"inputTopicName":["q4_aucIDCat"],"commEveryMs":100,"flushMs":100,"snapEveryS":10,"duration":180,"epoch":1,"waitEnd":true,"numChangelogPartition":4,"numInPartition":4,"ParNum":2,"gua":3,"serdeFormat":1}, node constraint is 5,6,7,8
encoded json is {"aid":"q4","numOutPartition":"BA==","numSubstreamProducer":"BA==","outputTopicName":["q4_out"],"inputTopicName":["q4_maxBids"],"commEveryMs":100,"flushMs":100,"snapEveryS":10,"duration":180,"epoch":1,"waitEnd":true,"numChangelogPartition":4,"numInPartition":4,"ParNum":3,"gua":3,"serdeFormat":1}, node constraint is 5,6,7,8
encoded json is {"aid":"q4","numOutPartition":"BAQ=","numSubstreamProducer":"AQ==","outputTopicName":["q46_aucsByID","q46_bidsByAucID"],"inputTopicName":["nexmark_src"],"commEveryMs":100,"flushMs":100,"snapEveryS":10,"duration":180,"epoch":1,"waitEnd":true,"numChangelogPartition":4,"numInPartition":4,"ParNum":3,"gua":3,"serdeFormat":1}, node constraint is 5,6,7,8
encoded json is {"aid":"q4","numOutPartition":"BAQ=","numSubstreamProducer":"AQ==","outputTopicName":["q46_aucsByID","q46_bidsByAucID"],"inputTopicName":["nexmark_src"],"commEveryMs":100,"flushMs":100,"snapEveryS":10,"duration":180,"epoch":1,"waitEnd":true,"numChangelogPartition":4,"numInPartition":4,"ParNum":1,"gua":3,"serdeFormat":1}, node constraint is 5,6,7,8
encoded json is {"aid":"q4","numOutPartition":"BA==","numSubstreamProducer":"BAQ=","outputTopicName":["q4_aucIDCat"],"inputTopicName":["q46_aucsByID","q46_bidsByAucID"],"commEveryMs":100,"flushMs":100,"snapEveryS":10,"duration":180,"epoch":1,"waitEnd":true,"numChangelogPartition":4,"numInPartition":4,"gua":3,"serdeFormat":1}, node constraint is 5,6,7,8
encoded json is {"aid":"q4","numOutPartition":"BA==","numSubstreamProducer":"BAQ=","outputTopicName":["q4_aucIDCat"],"inputTopicName":["q46_aucsByID","q46_bidsByAucID"],"commEveryMs":100,"flushMs":100,"snapEveryS":10,"duration":180,"epoch":1,"waitEnd":true,"numChangelogPartition":4,"numInPartition":4,"ParNum":1,"gua":3,"serdeFormat":1}, node constraint is 5,6,7,8
encoded json is {"aid":"q4","numOutPartition":"BA==","numSubstreamProducer":"BAQ=","outputTopicName":["q4_aucIDCat"],"inputTopicName":["q46_aucsByID","q46_bidsByAucID"],"commEveryMs":100,"flushMs":100,"snapEveryS":10,"duration":180,"epoch":1,"waitEnd":true,"numChangelogPartition":4,"numInPartition":4,"ParNum":3,"gua":3,"serdeFormat":1}, node constraint is 5,6,7,8
encoded json is {"aid":"q4","numOutPartition":"BAQ=","numSubstreamProducer":"AQ==","outputTopicName":["q46_aucsByID","q46_bidsByAucID"],"inputTopicName":["nexmark_src"],"commEveryMs":100,"flushMs":100,"snapEveryS":10,"duration":180,"epoch":1,"waitEnd":true,"numChangelogPartition":4,"numInPartition":4,"ParNum":2,"gua":3,"serdeFormat":1}, node constraint is 5,6,7,8
encoded json is {"aid":"q4","numOutPartition":"BA==","numSubstreamProducer":"BA==","outputTopicName":["q4_out"],"inputTopicName":["q4_maxBids"],"commEveryMs":100,"flushMs":100,"snapEveryS":10,"duration":180,"epoch":1,"waitEnd":true,"numChangelogPartition":4,"numInPartition":4,"ParNum":2,"gua":3,"serdeFormat":1}, node constraint is 5,6,7,8
encoded json is {"aid":"q4","numOutPartition":"BA==","numSubstreamProducer":"BA==","outputTopicName":["q4_out"],"inputTopicName":["q4_maxBids"],"commEveryMs":100,"flushMs":100,"snapEveryS":10,"duration":180,"epoch":1,"waitEnd":true,"numChangelogPartition":4,"numInPartition":4,"ParNum":1,"gua":3,"serdeFormat":1}, node constraint is 5,6,7,8
source-2 invoke done
source-1 invoke done
source-0 invoke done
source-3 invoke done
q46GroupBy-1 call done
q46GroupBy-2 call done
q46GroupBy-0 call done
q46GroupBy-3 call done
q4JoinStream-1 call done
q4MaxBid-1 call done
q4JoinStream-0 call done
q4MaxBid-0 call done
q4JoinStream-2 call done
q4MaxBid-2 call done
q4JoinStream-3 call done
q4MaxBid-3 call done
q4Avg-0 call done
q4Avg-2 call done
q4Avg-1 call done
q4Avg-3 call done
sink processed: 180001, throughput: (event/s) 999.991158227299
sink_ctrl processed: 1, throughput: (event/s) 0.005555475570842934
source-0 duration: 180.002591542

sink processed: 180001, throughput: (event/s) 999.9934110411314
sink_ctrl processed: 1, throughput: (event/s) 0.005555488086405805
source-1 duration: 180.002186027

sink processed: 180001, throughput: (event/s) 999.9976507741256
sink_ctrl processed: 1, throughput: (event/s) 0.005555511640347141
source-2 duration: 180.001422864

sink processed: 180001, throughput: (event/s) 999.9971304408431
sink_ctrl processed: 1, throughput: (event/s) 0.005555508749622741
source-3 duration: 180.001516525

sink processed 720004 events, duration: 180.002591542, tp: 3999.964633
sink_ctrl processed 4 events, duration: 180.002591542, tp: 0.022222

aucsByIDSink processed: 10800, throughput: (event/s) 59.9885570807563
bidsByAucIDSink processed: 165600, throughput: (event/s) 919.8245419049299
nexmark_src_src processed: 180001, throughput: (event/s) 999.8148391752976
nexmark_src_src_ctrl processed: 1, throughput: (event/s) 0.0055544960259959536
nexmark_src_src_data processed: 180000, throughput: (event/s) 999.8092846792716
nexmark_src_src_epoch processed: 0, throughput: (event/s) 0
nexmark_src_src_logEntry processed: 1767, throughput: (event/s) 9.81479447793485
q46GroupBy-0 duration: 180.034335306

nexmark_src_src_epoch processed: 0, throughput: (event/s) 0
nexmark_src_src_logEntry processed: 1763, throughput: (event/s) 9.792618495009942
aucsByIDSink processed: 10800, throughput: (event/s) 59.98881437669164
bidsByAucIDSink processed: 165600, throughput: (event/s) 919.8284871092718
nexmark_src_src processed: 180001, throughput: (event/s) 999.8191274647104
nexmark_src_src_ctrl processed: 1, throughput: (event/s) 0.00555451984969367
nexmark_src_src_data processed: 180000, throughput: (event/s) 999.8135729448607
q46GroupBy-1 duration: 180.033563127

nexmark_src_src_epoch processed: 0, throughput: (event/s) 0
nexmark_src_src_logEntry processed: 1765, throughput: (event/s) 9.803673623249672
aucsByIDSink processed: 10800, throughput: (event/s) 59.98848449353907
bidsByAucIDSink processed: 165600, throughput: (event/s) 919.8234289009324
nexmark_src_src processed: 180001, throughput: (event/s) 999.8136293816228
nexmark_src_src_ctrl processed: 1, throughput: (event/s) 0.005554489304957322
nexmark_src_src_data processed: 180000, throughput: (event/s) 999.8080748923179
q46GroupBy-2 duration: 180.034553151

bidsByAucIDSink processed: 165600, throughput: (event/s) 919.8404591811774
nexmark_src_src processed: 180001, throughput: (event/s) 999.832140658642
nexmark_src_src_ctrl processed: 1, throughput: (event/s) 0.005554592144813873
nexmark_src_src_data processed: 180000, throughput: (event/s) 999.8265860664972
nexmark_src_src_epoch processed: 0, throughput: (event/s) 0
nexmark_src_src_logEntry processed: 1764, throughput: (event/s) 9.798300543451672
aucsByIDSink processed: 10800, throughput: (event/s) 59.989595163989826
q46GroupBy-3 duration: 180.031219922

aucsByIDSink processed 43200 events, duration: 180.034553151
bidsByAucIDSink processed 662400 events, duration: 180.034553151
nexmark_src_src processed 720004 events, duration: 180.034553151
nexmark_src_src_ctrl processed 4 events, duration: 180.034553151
nexmark_src_src_data processed 720000 events, duration: 180.034553151
nexmark_src_src_epoch processed 0 events, duration: 180.034553151
nexmark_src_src_logEntry processed 7059 events, duration: 180.034553151

bidsByAucIDSrc_ctrl processed: 4, throughput: (event/s) 0.021970800904664044
bidsByAucIDSrc_data processed: 157411, throughput: (event/s) 864.611435301018
aucsByIDSrc_data processed: 10900, throughput: (event/s) 59.87043246520952
bidsByAucIDSrc_epoch processed: 6117, throughput: (event/s) 33.59884728345749
bidsByAucIDSrc_logEntry processed: 6117, throughput: (event/s) 33.59884728345749
aucsByIDSrc processed: 16125, throughput: (event/s) 88.56979114692693
aucsByIDSrc_ctrl processed: 4, throughput: (event/s) 0.021970800904664044
aucsByIDSrc_epoch processed: 5221, throughput: (event/s) 28.677387880812745
aucsByIDSrc_logEntry processed: 5221, throughput: (event/s) 28.677387880812745
bidsByAucIDSrc processed: 163532, throughput: (event/s) 898.2322533853801
sink processed: 434809, throughput: (event/s) 2388.275492639017
q4JoinStream-0 duration: 182.059817362

bidsByAucIDSrc_data processed: 143343, throughput: (event/s) 794.4194710659665
bidsByAucIDSrc_logEntry processed: 6117, throughput: (event/s) 33.90095019994361
aucsByIDSrc_ctrl processed: 4, throughput: (event/s) 0.02216835062935662
aucsByIDSrc_data processed: 10704, throughput: (event/s) 59.322506284158315
bidsByAucIDSrc_epoch processed: 6117, throughput: (event/s) 33.90095019994361
aucsByIDSrc processed: 15866, throughput: (event/s) 87.93076277134303
bidsByAucIDSrc processed: 149464, throughput: (event/s) 828.3425896165394
aucsByIDSrc_logEntry processed: 5158, throughput: (event/s) 28.58608813655536
bidsByAucIDSrc_ctrl processed: 4, throughput: (event/s) 0.02216835062935662
sink processed: 402183, throughput: (event/s) 2228.9334402916334
aucsByIDSrc_epoch processed: 5158, throughput: (event/s) 28.58608813655536
q4JoinStream-1 duration: 180.437420306

aucsByIDSrc_logEntry processed: 5241, throughput: (event/s) 28.431529075622443
sink processed: 480016, throughput: (event/s) 2604.0047435153565
bidsByAucIDSrc processed: 171632, throughput: (event/s) 931.0742603142971
bidsByAucIDSrc_epoch processed: 6117, throughput: (event/s) 33.183679327529575
aucsByIDSrc_ctrl processed: 4, throughput: (event/s) 0.02169931621875401
bidsByAucIDSrc_ctrl processed: 4, throughput: (event/s) 0.02169931621875401
bidsByAucIDSrc_data processed: 165511, throughput: (event/s) 897.8688816705488
aucsByIDSrc processed: 16049, throughput: (event/s) 87.06308149869578
aucsByIDSrc_data processed: 10804, throughput: (event/s) 58.60985310685459
aucsByIDSrc_epoch processed: 5241, throughput: (event/s) 28.431529075622443
bidsByAucIDSrc_logEntry processed: 6117, throughput: (event/s) 33.183679327529575
q4JoinStream-2 duration: 184.337605834

sink processed: 581604, throughput: (event/s) 3133.4837075827786
bidsByAucIDSrc_ctrl processed: 4, throughput: (event/s) 0.021550633816705377
bidsByAucIDSrc_logEntry processed: 6116, throughput: (event/s) 32.95091910574252
aucsByIDSrc_data processed: 10792, throughput: (event/s) 58.143610037471106
aucsByIDSrc_epoch processed: 5150, throughput: (event/s) 27.74644103900817
bidsByAucIDSrc_data processed: 196135, throughput: (event/s) 1056.7083909098774
aucsByIDSrc_ctrl processed: 4, throughput: (event/s) 0.021550633816705377
aucsByIDSrc_logEntry processed: 5150, throughput: (event/s) 27.74644103900817
bidsByAucIDSrc processed: 202255, throughput: (event/s) 1089.6808606494365
bidsByAucIDSrc_epoch processed: 6116, throughput: (event/s) 32.95091910574252
aucsByIDSrc processed: 15946, throughput: (event/s) 85.91160171029598
q4JoinStream-3 duration: 185.609390147

bidsByAucIDSrc_logEntry processed 24467 events, duration: 185.609390147
aucsByIDSrc processed 63986 events, duration: 185.609390147
aucsByIDSrc_epoch processed 20770 events, duration: 185.609390147
aucsByIDSrc_logEntry processed 20770 events, duration: 185.609390147
bidsByAucIDSrc processed 686883 events, duration: 185.609390147
sink processed 1898612 events, duration: 185.609390147
bidsByAucIDSrc_ctrl processed 16 events, duration: 185.609390147
aucsByIDSrc_data processed 43200 events, duration: 185.609390147
aucsByIDSrc_ctrl processed 16 events, duration: 185.609390147
bidsByAucIDSrc_data processed 662400 events, duration: 185.609390147
bidsByAucIDSrc_epoch processed 24467 events, duration: 185.609390147

q4_aucIDCat_src processed: 435991, throughput: (event/s) 2394.4952811136445
q4_aucIDCat_src_ctrl processed: 1, throughput: (event/s) 0.005492075022451483
q4_aucIDCat_src_data processed: 434809, throughput: (event/s) 2388.0036484371067
q4_aucIDCat_src_epoch processed: 1181, throughput: (event/s) 6.486140601515201
q4_aucIDCat_src_logEntry processed: 1315, throughput: (event/s) 7.2220786545237
sink processed: 116147, throughput: (event/s) 637.8880376326724
q4MaxBid-0 duration: 182.080542584

q4_aucIDCat_src_logEntry processed: 1333, throughput: (event/s) 7.386795362956709
sink processed: 130322, throughput: (event/s) 722.177003219238
q4_aucIDCat_src processed: 403419, throughput: (event/s) 2235.5390836673914
q4_aucIDCat_src_ctrl processed: 1, throughput: (event/s) 0.005541481892690704
q4_aucIDCat_src_data processed: 402183, throughput: (event/s) 2228.6898120480255
q4_aucIDCat_src_epoch processed: 1235, throughput: (event/s) 6.84373013747302
q4MaxBid-1 duration: 180.457144743

q4_aucIDCat_src_epoch processed: 1167, throughput: (event/s) 6.329983351551793
q4_aucIDCat_src_logEntry processed: 1354, throughput: (event/s) 7.344299449872432
sink processed: 112802, throughput: (event/s) 611.8549974479395
q4_aucIDCat_src processed: 481184, throughput: (event/s) 2610.0143179375304
q4_aucIDCat_src_ctrl processed: 1, throughput: (event/s) 0.005424150258399137
q4_aucIDCat_src_data processed: 480016, throughput: (event/s) 2603.6789104357204
q4MaxBid-2 duration: 184.360674458

q4_aucIDCat_src_data processed: 581604, throughput: (event/s) 3133.1566829883113
q4_aucIDCat_src_epoch processed: 1191, throughput: (event/s) 6.416031542835123
q4_aucIDCat_src_logEntry processed: 1444, throughput: (event/s) 7.778966874772391
sink processed: 130061, throughput: (event/s) 700.6511154430553
q4_aucIDCat_src processed: 582796, throughput: (event/s) 3139.57810162732
q4_aucIDCat_src_ctrl processed: 1, throughput: (event/s) 0.00538709617366509
q4MaxBid-3 duration: 185.628763208

q4_aucIDCat_src processed 1903390 events, duration: 185.628763208
q4_aucIDCat_src_ctrl processed 4 events, duration: 185.628763208
q4_aucIDCat_src_data processed 1898612 events, duration: 185.628763208
q4_aucIDCat_src_epoch processed 4774 events, duration: 185.628763208
q4_aucIDCat_src_logEntry processed 5446 events, duration: 185.628763208
sink processed 489332 events, duration: 185.628763208

eventTimeLatency_sink, p50: 177 ms, p90: 246 ms, p99: 1113 ms
q4_maxBids_src_logEntry processed: 5025, throughput: (event/s) 27.070088852293836
sink processed: 96372, throughput: (event/s) 519.1639010693058
q4_maxBids_src processed: 101401, throughput: (event/s) 546.2555382510343
q4_maxBids_src_ctrl processed: 4, throughput: (event/s) 0.02154832943466176
q4_maxBids_src_data processed: 96372, throughput: (event/s) 519.1639010693058
q4_maxBids_src_epoch processed: 5025, throughput: (event/s) 27.070088852293836
q4Avg-0 duration: 185.629239247

eventTimeLatency_sink, p50: 176 ms, p90: 243 ms, p99: 1172 ms
q4_maxBids_src_data processed: 98438, throughput: (event/s) 530.2864274275438
q4_maxBids_src_epoch processed: 5021, throughput: (event/s) 27.048173999001374
q4_maxBids_src_logEntry processed: 5021, throughput: (event/s) 27.048173999001374
sink processed: 98438, throughput: (event/s) 530.2864274275438
q4_maxBids_src processed: 103463, throughput: (event/s) 557.3561494639871
q4_maxBids_src_ctrl processed: 4, throughput: (event/s) 0.02154803744194493
q4Avg-1 duration: 185.631754668

eventTimeLatency_sink, p50: 176 ms, p90: 245 ms, p99: 1099 ms
q4_maxBids_src processed: 103893, throughput: (event/s) 559.6665273120626
q4_maxBids_src_ctrl processed: 4, throughput: (event/s) 0.021547805042190046
q4_maxBids_src_data processed: 98853, throughput: (event/s) 532.5162929589033
q4_maxBids_src_epoch processed: 5036, throughput: (event/s) 27.12868654811727
q4_maxBids_src_logEntry processed: 5036, throughput: (event/s) 27.12868654811727
sink processed: 98853, throughput: (event/s) 532.5162929589033
q4Avg-2 duration: 185.633756764

eventTimeLatency_sink, p50: 177 ms, p90: 244 ms, p99: 1091 ms
q4_maxBids_src_ctrl processed: 4, throughput: (event/s) 0.021547595730622614
q4_maxBids_src_data processed: 195669, throughput: (event/s) 1054.049127253799
q4_maxBids_src_epoch processed: 5055, throughput: (event/s) 27.23077410457433
q4_maxBids_src_logEntry processed: 5055, throughput: (event/s) 27.23077410457433
sink processed: 195669, throughput: (event/s) 1054.049127253799
q4_maxBids_src processed: 200728, throughput: (event/s) 1081.301448954104
q4Avg-3 duration: 185.635559995

q4_maxBids_src processed 509485 events, duration: 185.635559995
q4_maxBids_src_ctrl processed 16 events, duration: 185.635559995
q4_maxBids_src_data processed 489332 events, duration: 185.635559995
q4_maxBids_src_epoch processed 20137 events, duration: 185.635559995
q4_maxBids_src_logEntry processed 20137 events, duration: 185.635559995
sink processed 489332 events, duration: 185.635559995

