wait for last: true, sink max_buf_size: 131072
warmup: 0
config: map[NodeConstraint:"1,2,3,4" NumInstance:4 OutputTopicName:["nexmark_src"] funcName:"source"]
config: map[Final:true InputTopicNames:["nexmark_src"] NodeConstraint:"5,6,7,8" NumInstance:4 NumSrcProducer:[1] OutputTopicName:["q1_out"] funcName:"query1"]
srcInvokeConfig: &{FinalTpNames:[q1_out] TopicName:nexmark_src AppId:q1 NodeConstraint:1,2,3,4 AdditionalBytes:0 ScaleEpoch:0 NumOutPartition:4 InstanceID:0 NumSrcInstance:4}
cliNodes: [0xc000026160]
inParamsMap: map[query1:[0xc00007eaa0 0xc00007eb40 0xc00007ebe0 0xc00007ec80]]
encoded json is {"sg":{"nexmark_src":4,"q1_out":4,"query1":4,"source":4},"aid":"q1","fns":["source","query1"],"bufMaxSize":131072,"epoch":1,"serdeFormat":1,"bs":true}, node constraint is 1
configScaleInput: &{Config:map[nexmark_src:4 q1_out:4 query1:4 source:4] AppId:q1 FuncNames:[source query1] BufMaxSize:131072 ScaleEpoch:0 SerdeFormat:1 Bootstrap:false}
encoded json is {"outTpNames":["q1_out"]}, node constraint is 1
redis_setup url is http://ip-172-31-7-252.us-east-2.compute.internal:8080/function/redisSetup
encoded json is {"srcTpName":"nexmark_src","outTpNames":["q1_out"],"numOutParts":"BA==","chkptEveryMs":100,"bufMaxSize":131072,"srcNumPart":4,"gua":4,"serde_format":1}, node constraint is 1
chkptmngr url is http://ip-172-31-7-252.us-east-2.compute.internal:8080/function/chkptmngr
func source url is http://ip-172-31-7-252.us-east-2.compute.internal:8080/function/source
func source url is http://ip-172-31-7-252.us-east-2.compute.internal:8080/function/source
src instance: 4
func source url is http://ip-172-31-7-252.us-east-2.compute.internal:8080/function/source
func source url is http://ip-172-31-7-252.us-east-2.compute.internal:8080/function/source
encoded json is {"topic_name":"nexmark_src","rate_shape":"square","aid":"q1","events_num":11520000,"rate_period":10000000000,"finOutTpNs":["q1_out"],"first_event_rate":64000,"next_event_rate":64000,"bid_avg_size":100,"person_avg_size":200,"auction_avg_size":500,"duration":180,"person_proportion":1,"auction_proportion":3,"bid_proportion":46,"bid_hot_ratio_auctions":2,"bid_hot_ratio_bidders":4,"auction_hot_ratio_sellers":4,"flushms":10,"bufMaxSize":131072,"commEveryMs":100,"rate_limited":false,"waitEnd":true,"serde_format":1,"numOutPar":4,"parNum":3,"nSrcIns":4,"gua":4}, node constraint is 1,2,3,4
encoded json is {"topic_name":"nexmark_src","rate_shape":"square","aid":"q1","events_num":11520000,"rate_period":10000000000,"finOutTpNs":["q1_out"],"first_event_rate":64000,"next_event_rate":64000,"bid_avg_size":100,"person_avg_size":200,"auction_avg_size":500,"duration":180,"person_proportion":1,"auction_proportion":3,"bid_proportion":46,"bid_hot_ratio_auctions":2,"bid_hot_ratio_bidders":4,"auction_hot_ratio_sellers":4,"flushms":10,"bufMaxSize":131072,"commEveryMs":100,"rate_limited":false,"waitEnd":true,"serde_format":1,"numOutPar":4,"nSrcIns":4,"gua":4}, node constraint is 1,2,3,4
encoded json is {"topic_name":"nexmark_src","rate_shape":"square","aid":"q1","events_num":11520000,"rate_period":10000000000,"finOutTpNs":["q1_out"],"first_event_rate":64000,"next_event_rate":64000,"bid_avg_size":100,"person_avg_size":200,"auction_avg_size":500,"duration":180,"person_proportion":1,"auction_proportion":3,"bid_proportion":46,"bid_hot_ratio_auctions":2,"bid_hot_ratio_bidders":4,"auction_hot_ratio_sellers":4,"flushms":10,"bufMaxSize":131072,"commEveryMs":100,"rate_limited":false,"waitEnd":true,"serde_format":1,"numOutPar":4,"parNum":1,"nSrcIns":4,"gua":4}, node constraint is 1,2,3,4
encoded json is {"topic_name":"nexmark_src","rate_shape":"square","aid":"q1","events_num":11520000,"rate_period":10000000000,"finOutTpNs":["q1_out"],"first_event_rate":64000,"next_event_rate":64000,"bid_avg_size":100,"person_avg_size":200,"auction_avg_size":500,"duration":180,"person_proportion":1,"auction_proportion":3,"bid_proportion":46,"bid_hot_ratio_auctions":2,"bid_hot_ratio_bidders":4,"auction_hot_ratio_sellers":4,"flushms":10,"bufMaxSize":131072,"commEveryMs":100,"rate_limited":false,"waitEnd":true,"serde_format":1,"numOutPar":4,"parNum":2,"nSrcIns":4,"gua":4}, node constraint is 1,2,3,4
encoded json is {"aid":"q1","numOutPartition":"BA==","numSubstreamProducer":"AQ==","outputTopicName":["q1_out"],"inputTopicName":["nexmark_src"],"commEveryMs":100,"flushMs":100,"duration":180,"bufMaxSize":131072,"epoch":1,"waitEnd":true,"numInPartition":4,"ParNum":3,"gua":4,"serdeFormat":1}, node constraint is 5,6,7,8
encoded json is {"aid":"q1","numOutPartition":"BA==","numSubstreamProducer":"AQ==","outputTopicName":["q1_out"],"inputTopicName":["nexmark_src"],"commEveryMs":100,"flushMs":100,"duration":180,"bufMaxSize":131072,"epoch":1,"waitEnd":true,"numInPartition":4,"ParNum":1,"gua":4,"serdeFormat":1}, node constraint is 5,6,7,8
encoded json is {"aid":"q1","numOutPartition":"BA==","numSubstreamProducer":"AQ==","outputTopicName":["q1_out"],"inputTopicName":["nexmark_src"],"commEveryMs":100,"flushMs":100,"duration":180,"bufMaxSize":131072,"epoch":1,"waitEnd":true,"numInPartition":4,"gua":4,"serdeFormat":1}, node constraint is 5,6,7,8
encoded json is {"aid":"q1","numOutPartition":"BA==","numSubstreamProducer":"AQ==","outputTopicName":["q1_out"],"inputTopicName":["nexmark_src"],"commEveryMs":100,"flushMs":100,"duration":180,"bufMaxSize":131072,"epoch":1,"waitEnd":true,"numInPartition":4,"ParNum":2,"gua":4,"serdeFormat":1}, node constraint is 5,6,7,8
Waiting for all client to return
func name is query1
func url is http://ip-172-31-7-252.us-east-2.compute.internal:8080/function/query1
func name is query1
func url is http://ip-172-31-7-252.us-east-2.compute.internal:8080/function/query1
func name is query1
func url is http://ip-172-31-7-252.us-east-2.compute.internal:8080/function/query1
func name is query1
func url is http://ip-172-31-7-252.us-east-2.compute.internal:8080/function/query1
source-2 invoke done
source-3 invoke done
source-0 invoke done
source-1 invoke done
query1-0 call done
query1-3 call done
query1-1 call done
query1-2 call done
sink processed: 2880002, throughput: (event/s) 15991.390839672727
sink_ctrl processed: 2, throughput: (event/s) 0.011105124815658271
source-0 duration: 180.097030263

sink processed: 2880002, throughput: (event/s) 15991.296668383844
sink_ctrl processed: 2, throughput: (event/s) 0.011105059418975294
source-1 duration: 180.098090838

sink processed: 2880002, throughput: (event/s) 15991.325161657911
sink_ctrl processed: 2, throughput: (event/s) 0.011105079205957434
source-2 duration: 180.09776994

sink processed: 2880002, throughput: (event/s) 15991.358008367257
sink_ctrl processed: 2, throughput: (event/s) 0.011105102016156417
source-3 duration: 180.097400014

sink processed 11520008 events, duration: 180.098090838, tp: 63965.186674
sink_ctrl processed 8 events, duration: 180.098090838, tp: 0.044420

eventTimeLatency_sink, p50: 12 ms, p90: 16 ms, p99: 19 ms
nexmark_src_src_logEntry processed: 14389, throughput: (event/s) 79.89429026577515
sink processed: 2649600, throughput: (event/s) 14711.787579970662
nexmark_src_src processed: 2881607, throughput: (event/s) 15999.996253380328
nexmark_src_src_ctrl processed: 1607, throughput: (event/s) 8.922796890478885
nexmark_src_src_data processed: 2880000, throughput: (event/s) 15991.07345648985
nexmark_src_src_epoch processed: 0, throughput: (event/s) 0
query1-0 duration: 180.100479673

eventTimeLatency_sink, p50: 11 ms, p90: 16 ms, p99: 19 ms
nexmark_src_src_data processed: 2880000, throughput: (event/s) 15990.947796032264
nexmark_src_src_epoch processed: 0, throughput: (event/s) 0
nexmark_src_src_logEntry processed: 14715, throughput: (event/s) 81.70374889535235
sink processed: 2649600, throughput: (event/s) 14711.671972349683
nexmark_src_src processed: 2881607, throughput: (event/s) 15999.870522805953
nexmark_src_src_ctrl processed: 1607, throughput: (event/s) 8.922726773688836
query1-1 duration: 180.101894943

eventTimeLatency_sink, p50: 10 ms, p90: 15 ms, p99: 19 ms
sink processed: 2649600, throughput: (event/s) 14711.623174956332
nexmark_src_src processed: 2881607, throughput: (event/s) 15999.817452565063
nexmark_src_src_ctrl processed: 1607, throughput: (event/s) 8.922697177745631
nexmark_src_src_data processed: 2880000, throughput: (event/s) 15990.894755387319
nexmark_src_src_epoch processed: 0, throughput: (event/s) 0
nexmark_src_src_logEntry processed: 14652, throughput: (event/s) 81.35367706803298
query1-2 duration: 180.102492328

eventTimeLatency_sink, p50: 11 ms, p90: 15 ms, p99: 19 ms
sink processed: 2649600, throughput: (event/s) 14711.616632420919
nexmark_src_src processed: 2881607, throughput: (event/s) 15999.810337145436
nexmark_src_src_ctrl processed: 1607, throughput: (event/s) 8.922693209654446
nexmark_src_src_data processed: 2880000, throughput: (event/s) 15990.887643935783
nexmark_src_src_epoch processed: 0, throughput: (event/s) 0
nexmark_src_src_logEntry processed: 14439, throughput: (event/s) 80.17098148985721
query1-3 duration: 180.102572423

nexmark_src_src_logEntry processed 58195 events, duration: 180.102572423
sink processed 10598400 events, duration: 180.102572423
nexmark_src_src processed 11526428 events, duration: 180.102572423
nexmark_src_src_ctrl processed 6428 events, duration: 180.102572423
nexmark_src_src_data processed 11520000 events, duration: 180.102572423
nexmark_src_src_epoch processed 0 events, duration: 180.102572423

