wait for last: true
warmup: 0
config: map[NodeConstraint:"1,2,3,4" NumInstance:4 OutputTopicName:["nexmark_src"] funcName:"source"]
config: map[InputTopicNames:["nexmark_src"] NodeConstraint:"5,6,7,8" NumInstance:4 NumSrcProducer:[1] OutputTopicName:["bids"] funcName:"q5bidkeyedbyauction"]
config: map[InputTopicNames:["bids"] NodeConstraint:"5,6,7,8" NumInstance:4 NumSrcProducer:[4] OutputTopicName:["aucBids"] funcName:"q5aucbids"]
config: map[InputTopicNames:["aucBids"] NodeConstraint:"5,6,7,8" NumInstance:4 NumSrcProducer:[4] OutputTopicName:["q5_out"] funcName:"q5maxbid"]
srcInvokeConfig: {TopicName:nexmark_src AppId:q5 NodeConstraint:1,2,3,4 ScaleEpoch:0 NumOutPartition:4 InstanceID:0 NumSrcInstance:4}
cliNodes: [0xc0000ce1c0 0xc0000ce200 0xc0000ce240]
inParamsMap: map[q5aucbids:[0xc0000b2dc0 0xc0000b2e60 0xc0000b2f00 0xc0000b2fa0] q5bidkeyedbyauction:[0xc0000b2b40 0xc0000b2be0 0xc0000b2c80 0xc0000b2d20] q5maxbid:[0xc0000b3040 0xc0000b30e0 0xc0000b3180 0xc0000b3220]]
configScaleInput: {Config:map[aucBids:4 bids:4 changelog:4 nexmark_src:4 q5_out:4 q5aucbids:4 q5bidkeyedbyauction:4 q5maxbid:4 source:4] AppId:q5 FuncNames:[source q5bidkeyedbyauction q5aucbids q5maxbid] ScaleEpoch:0 SerdeFormat:1 Bootstrap:false}
encoded json is {"sg":{"aucBids":4,"bids":4,"changelog":4,"nexmark_src":4,"q5_out":4,"q5aucbids":4,"q5bidkeyedbyauction":4,"q5maxbid":4,"source":4},"aid":"q5","fns":["source","q5bidkeyedbyauction","q5aucbids","q5maxbid"],"epoch":1,"serdeFormat":1,"bs":true}, node constraint is 1
func source url is http://ip-172-31-4-253.us-east-2.compute.internal:8080/function/source
func source url is http://ip-172-31-4-253.us-east-2.compute.internal:8080/function/source
func source url is http://ip-172-31-4-253.us-east-2.compute.internal:8080/function/source
encoded json is {"topic_name":"nexmark_src","rate_shape":"square","aid":"q5","events_num":23040000,"rate_period":10000000000,"bid_avg_size":100,"first_event_rate":128000,"next_event_rate":128000,"person_avg_size":200,"auction_avg_size":500,"duration":180,"person_proportion":1,"auction_proportion":3,"bid_proportion":46,"bid_hot_ratio_auctions":2,"bid_hot_ratio_bidders":4,"auction_hot_ratio_sellers":4,"flushms":100,"rate_limited":false,"waitEnd":true,"serde_format":1,"numOutPar":4,"parNum":3,"nSrcIns":4}, node constraint is 1,2,3,4
src instance: 4
encoded json is {"topic_name":"nexmark_src","rate_shape":"square","aid":"q5","events_num":23040000,"rate_period":10000000000,"bid_avg_size":100,"first_event_rate":128000,"next_event_rate":128000,"person_avg_size":200,"auction_avg_size":500,"duration":180,"person_proportion":1,"auction_proportion":3,"bid_proportion":46,"bid_hot_ratio_auctions":2,"bid_hot_ratio_bidders":4,"auction_hot_ratio_sellers":4,"flushms":100,"rate_limited":false,"waitEnd":true,"serde_format":1,"numOutPar":4,"parNum":2,"nSrcIns":4}, node constraint is 1,2,3,4
func source url is http://ip-172-31-4-253.us-east-2.compute.internal:8080/function/source
encoded json is {"topic_name":"nexmark_src","rate_shape":"square","aid":"q5","events_num":23040000,"rate_period":10000000000,"bid_avg_size":100,"first_event_rate":128000,"next_event_rate":128000,"person_avg_size":200,"auction_avg_size":500,"duration":180,"person_proportion":1,"auction_proportion":3,"bid_proportion":46,"bid_hot_ratio_auctions":2,"bid_hot_ratio_bidders":4,"auction_hot_ratio_sellers":4,"flushms":100,"rate_limited":false,"waitEnd":true,"serde_format":1,"numOutPar":4,"nSrcIns":4}, node constraint is 1,2,3,4
encoded json is {"topic_name":"nexmark_src","rate_shape":"square","aid":"q5","events_num":23040000,"rate_period":10000000000,"bid_avg_size":100,"first_event_rate":128000,"next_event_rate":128000,"person_avg_size":200,"auction_avg_size":500,"duration":180,"person_proportion":1,"auction_proportion":3,"bid_proportion":46,"bid_hot_ratio_auctions":2,"bid_hot_ratio_bidders":4,"auction_hot_ratio_sellers":4,"flushms":100,"rate_limited":false,"waitEnd":true,"serde_format":1,"numOutPar":4,"parNum":1,"nSrcIns":4}, node constraint is 1,2,3,4
Waiting for all client to return
func name is q5maxbid
func url is http://ip-172-31-4-253.us-east-2.compute.internal:8080/function/q5maxbid
func name is q5aucbids
func url is http://ip-172-31-4-253.us-east-2.compute.internal:8080/function/q5aucbids
func name is q5bidkeyedbyauction
func url is http://ip-172-31-4-253.us-east-2.compute.internal:8080/function/q5bidkeyedbyauction
func name is q5bidkeyedbyauction
func name is q5bidkeyedbyauction
func url is http://ip-172-31-4-253.us-east-2.compute.internal:8080/function/q5bidkeyedbyauction
func name is q5maxbid
func url is http://ip-172-31-4-253.us-east-2.compute.internal:8080/function/q5bidkeyedbyauction
func name is q5aucbids
func name is q5aucbids
func name is q5maxbid
func name is q5aucbids
func name is q5maxbid
func url is http://ip-172-31-4-253.us-east-2.compute.internal:8080/function/q5aucbids
func url is http://ip-172-31-4-253.us-east-2.compute.internal:8080/function/q5maxbid
encoded json is {"aid":"q5","numOutPartition":"BA==","numSubstreamProducer":"BA==","outputTopicName":["q5_out"],"inputTopicName":["aucBids"],"commEveryMs":100,"flushMs":100,"duration":180,"epoch":1,"waitEnd":true,"numChangelogPartition":4,"numInPartition":4,"ParNum":3,"gua":2,"serdeFormat":1}, node constraint is 5,6,7,8
encoded json is {"aid":"q5","numOutPartition":"BA==","numSubstreamProducer":"BA==","outputTopicName":["q5_out"],"inputTopicName":["aucBids"],"commEveryMs":100,"flushMs":100,"duration":180,"epoch":1,"waitEnd":true,"numChangelogPartition":4,"numInPartition":4,"ParNum":2,"gua":2,"serdeFormat":1}, node constraint is 5,6,7,8
encoded json is {"aid":"q5","numOutPartition":"BA==","numSubstreamProducer":"BA==","outputTopicName":["aucBids"],"inputTopicName":["bids"],"commEveryMs":100,"flushMs":100,"duration":180,"epoch":1,"waitEnd":true,"numChangelogPartition":4,"numInPartition":4,"gua":2,"serdeFormat":1}, node constraint is 5,6,7,8
encoded json is {"aid":"q5","numOutPartition":"BA==","numSubstreamProducer":"AQ==","outputTopicName":["bids"],"inputTopicName":["nexmark_src"],"commEveryMs":100,"flushMs":100,"duration":180,"epoch":1,"waitEnd":true,"numChangelogPartition":4,"numInPartition":4,"ParNum":2,"gua":2,"serdeFormat":1}, node constraint is 5,6,7,8
func url is http://ip-172-31-4-253.us-east-2.compute.internal:8080/function/q5aucbids
func url is http://ip-172-31-4-253.us-east-2.compute.internal:8080/function/q5maxbid
func url is http://ip-172-31-4-253.us-east-2.compute.internal:8080/function/q5aucbids
func url is http://ip-172-31-4-253.us-east-2.compute.internal:8080/function/q5maxbid
func name is q5bidkeyedbyauction
func url is http://ip-172-31-4-253.us-east-2.compute.internal:8080/function/q5bidkeyedbyauction
encoded json is {"aid":"q5","numOutPartition":"BA==","numSubstreamProducer":"AQ==","outputTopicName":["bids"],"inputTopicName":["nexmark_src"],"commEveryMs":100,"flushMs":100,"duration":180,"epoch":1,"waitEnd":true,"numChangelogPartition":4,"numInPartition":4,"gua":2,"serdeFormat":1}, node constraint is 5,6,7,8
encoded json is {"aid":"q5","numOutPartition":"BA==","numSubstreamProducer":"BA==","outputTopicName":["aucBids"],"inputTopicName":["bids"],"commEveryMs":100,"flushMs":100,"duration":180,"epoch":1,"waitEnd":true,"numChangelogPartition":4,"numInPartition":4,"ParNum":1,"gua":2,"serdeFormat":1}, node constraint is 5,6,7,8
encoded json is {"aid":"q5","numOutPartition":"BA==","numSubstreamProducer":"BA==","outputTopicName":["q5_out"],"inputTopicName":["aucBids"],"commEveryMs":100,"flushMs":100,"duration":180,"epoch":1,"waitEnd":true,"numChangelogPartition":4,"numInPartition":4,"gua":2,"serdeFormat":1}, node constraint is 5,6,7,8
encoded json is {"aid":"q5","numOutPartition":"BA==","numSubstreamProducer":"BA==","outputTopicName":["aucBids"],"inputTopicName":["bids"],"commEveryMs":100,"flushMs":100,"duration":180,"epoch":1,"waitEnd":true,"numChangelogPartition":4,"numInPartition":4,"ParNum":3,"gua":2,"serdeFormat":1}, node constraint is 5,6,7,8
encoded json is {"aid":"q5","numOutPartition":"BA==","numSubstreamProducer":"BA==","outputTopicName":["aucBids"],"inputTopicName":["bids"],"commEveryMs":100,"flushMs":100,"duration":180,"epoch":1,"waitEnd":true,"numChangelogPartition":4,"numInPartition":4,"ParNum":2,"gua":2,"serdeFormat":1}, node constraint is 5,6,7,8
encoded json is {"aid":"q5","numOutPartition":"BA==","numSubstreamProducer":"AQ==","outputTopicName":["bids"],"inputTopicName":["nexmark_src"],"commEveryMs":100,"flushMs":100,"duration":180,"epoch":1,"waitEnd":true,"numChangelogPartition":4,"numInPartition":4,"ParNum":1,"gua":2,"serdeFormat":1}, node constraint is 5,6,7,8
encoded json is {"aid":"q5","numOutPartition":"BA==","numSubstreamProducer":"AQ==","outputTopicName":["bids"],"inputTopicName":["nexmark_src"],"commEveryMs":100,"flushMs":100,"duration":180,"epoch":1,"waitEnd":true,"numChangelogPartition":4,"numInPartition":4,"ParNum":3,"gua":2,"serdeFormat":1}, node constraint is 5,6,7,8
encoded json is {"aid":"q5","numOutPartition":"BA==","numSubstreamProducer":"BA==","outputTopicName":["q5_out"],"inputTopicName":["aucBids"],"commEveryMs":100,"flushMs":100,"duration":180,"epoch":1,"waitEnd":true,"numChangelogPartition":4,"numInPartition":4,"ParNum":1,"gua":2,"serdeFormat":1}, node constraint is 5,6,7,8
source-3 invoke done
source-1 invoke done
source-0 invoke done
source-2 invoke done
q5bidkeyedbyauction-3 call done
q5bidkeyedbyauction-0 call done
q5bidkeyedbyauction-2 call done
q5bidkeyedbyauction-1 call done
q5aucbids-0 call done
q5aucbids-3 call done
q5aucbids-1 call done
q5aucbids-2 call done
q5maxbid-1 call done
q5maxbid-0 call done
q5maxbid-2 call done
q5maxbid-3 call done
sink processed: 5759982, throughput: (event/s) 31999.362727855412
sink_ctrl processed: 1, throughput: (event/s) 0.005555462278850075
source-0 duration: 180.003022216

sink processed: 5759969, throughput: (event/s) 31999.39455113026
sink_ctrl processed: 1, throughput: (event/s) 0.0055554803421911225
source-1 duration: 180.002436946

sink_ctrl processed: 1, throughput: (event/s) 0.005555445966513651
sink processed: 5760001, throughput: (event/s) 31999.374322564596
source-2 duration: 180.003550755

sink processed: 5760001, throughput: (event/s) 31999.573718997137
sink_ctrl processed: 1, throughput: (event/s) 0.005555480583943846
source-3 duration: 180.002429113

sink processed 23039953 events, duration: 180.003550755, tp: 127997.213963
sink_ctrl processed 4 events, duration: 180.003550755, tp: 0.022222

nexmark_src_src_logEntry processed: 12309, throughput: (event/s) 68.3757884187361
sink processed: 5299183, throughput: (event/s) 29436.657372667414
nexmark_src_src processed: 5759982, throughput: (event/s) 31996.36936613278
nexmark_src_src_ctrl processed: 1, throughput: (event/s) 0.005554942596371444
nexmark_src_src_data processed: 5759981, throughput: (event/s) 31996.363811190186
nexmark_src_src_epoch processed: 0, throughput: (event/s) 0
q5bidkeyedbyauction-0 duration: 180.019862069

nexmark_src_src_epoch processed: 0, throughput: (event/s) 0
nexmark_src_src_logEntry processed: 12324, throughput: (event/s) 68.45860550993439
sink processed: 5299170, throughput: (event/s) 29436.3671340538
nexmark_src_src processed: 5759969, throughput: (event/s) 31996.060168812986
nexmark_src_src_ctrl processed: 1, throughput: (event/s) 0.005554901453256604
nexmark_src_src_data processed: 5759968, throughput: (event/s) 31996.054613911532
q5bidkeyedbyauction-1 duration: 180.02119541

nexmark_src_src processed: 5760001, throughput: (event/s) 31996.04765494823
nexmark_src_src_ctrl processed: 1, throughput: (event/s) 0.005554868420152745
nexmark_src_src_data processed: 5760000, throughput: (event/s) 31996.042100079812
nexmark_src_src_epoch processed: 0, throughput: (event/s) 0
nexmark_src_src_logEntry processed: 12298, throughput: (event/s) 68.31377183103847
sink processed: 5299200, throughput: (event/s) 29436.358732073426
q5bidkeyedbyauction-2 duration: 180.022265941

nexmark_src_src_epoch processed: 0, throughput: (event/s) 0
nexmark_src_src_logEntry processed: 12309, throughput: (event/s) 68.37584577974123
sink processed: 5299200, throughput: (event/s) 29436.776501422104
nexmark_src_src processed: 5760001, throughput: (event/s) 31996.501752145195
nexmark_src_src_ctrl processed: 1, throughput: (event/s) 0.005554947256457976
nexmark_src_src_data processed: 5760000, throughput: (event/s) 31996.49619719794
q5bidkeyedbyauction-3 duration: 180.019711049

nexmark_src_src processed 23039953 events, duration: 180.022265941
nexmark_src_src_ctrl processed 4 events, duration: 180.022265941
nexmark_src_src_data processed 23039949 events, duration: 180.022265941
nexmark_src_src_epoch processed 0 events, duration: 180.022265941
nexmark_src_src_logEntry processed 49240 events, duration: 180.022265941
sink processed 21196753 events, duration: 180.022265941

bids_src_ctrl processed: 4, throughput: (event/s) 0.02221756840382765
bids_src_data processed: 5217654, throughput: (event/s) 28980.896163126235
bids_src_epoch processed: 6532, throughput: (event/s) 36.28128920345055
bids_src_logEntry processed: 13373, throughput: (event/s) 74.27888556609679
sink processed: 793400, throughput: (event/s) 4406.854692899214
bids_src processed: 5224190, throughput: (event/s) 29017.19966989809
q5aucbids-0 duration: 180.037703825

bids_src_epoch processed: 6532, throughput: (event/s) 36.27109993608105
bids_src_logEntry processed: 13750, throughput: (event/s) 76.35144276195874
sink processed: 784183, throughput: (event/s) 4354.436613774625
bids_src processed: 5379822, throughput: (event/s) 29873.24883654737
bids_src_ctrl processed: 4, throughput: (event/s) 0.022211328803478904
bids_src_data processed: 5373286, throughput: (event/s) 29836.955525282487
q5aucbids-1 duration: 180.088279967

bids_src_logEntry processed: 13656, throughput: (event/s) 75.82479227053693
sink processed: 780085, throughput: (event/s) 4331.413523605873
bids_src processed: 5329838, throughput: (event/s) 29593.867837259375
bids_src_ctrl processed: 4, throughput: (event/s) 0.022209956728335364
bids_src_data processed: 5323302, throughput: (event/s) 29557.576767965274
bids_src_epoch processed: 6532, throughput: (event/s) 36.26885933737165
q5aucbids-2 duration: 180.099405367

bids_src processed: 5289047, throughput: (event/s) 29376.94889878004
bids_src_ctrl processed: 4, throughput: (event/s) 0.02221719632953161
bids_src_data processed: 5282511, throughput: (event/s) 29340.645999977587
bids_src_epoch processed: 6532, throughput: (event/s) 36.280681606125114
bids_src_logEntry processed: 13551, throughput: (event/s) 75.26630686537071
sink processed: 784210, throughput: (event/s) 4355.736883395495
q5aucbids-3 duration: 180.04071894

bids_src_data processed 21196753 events, duration: 180.099405367
bids_src_epoch processed 26128 events, duration: 180.099405367
bids_src_logEntry processed 54330 events, duration: 180.099405367
sink processed 3141878 events, duration: 180.099405367
bids_src processed 21222897 events, duration: 180.099405367
bids_src_ctrl processed 16 events, duration: 180.099405367

eventTimeLatency_sink, p50: 119 ms, p90: 244 ms, p99: 299 ms
aucBids_src processed: 798473, throughput: (event/s) 4433.3663472289
aucBids_src_ctrl processed: 4, throughput: (event/s) 0.02220922359167511
aucBids_src_data processed: 793855, throughput: (event/s) 4407.725798592311
aucBids_src_epoch processed: 4614, throughput: (event/s) 25.618339412997237
aucBids_src_logEntry processed: 4614, throughput: (event/s) 25.618339412997237
sink processed: 459, throughput: (event/s) 2.5485084071447184
q5maxbid-0 duration: 180.105350531

eventTimeLatency_sink, p50: 117 ms, p90: 236 ms, p99: 276 ms
aucBids_src_epoch processed: 3558, throughput: (event/s) 19.755506222669418
aucBids_src_logEntry processed: 3558, throughput: (event/s) 19.755506222669418
sink processed: 266, throughput: (event/s) 1.4769434106886075
aucBids_src processed: 456052, throughput: (event/s) 2532.191715531432
aucBids_src_ctrl processed: 4, throughput: (event/s) 0.022209675348700865
aucBids_src_data processed: 452490, throughput: (event/s) 2512.4139996334134
q5maxbid-1 duration: 180.101687089

eventTimeLatency_sink, p50: 114 ms, p90: 236 ms, p99: 305 ms
aucBids_src_ctrl processed: 4, throughput: (event/s) 0.022209181047991022
aucBids_src_data processed: 1009367, throughput: (event/s) 5604.303611716889
aucBids_src_epoch processed: 4978, throughput: (event/s) 27.639325814224826
aucBids_src_logEntry processed: 4978, throughput: (event/s) 27.639325814224826
sink processed: 628, throughput: (event/s) 3.4868414245345902
aucBids_src processed: 1014349, throughput: (event/s) 5631.965146712161
q5maxbid-2 duration: 180.105695539

eventTimeLatency_sink, p50: 107 ms, p90: 242 ms, p99: 316 ms
aucBids_src processed: 891057, throughput: (event/s) 4947.381425450678
aucBids_src_ctrl processed: 4, throughput: (event/s) 0.022209045775750273
aucBids_src_data processed: 886166, throughput: (event/s) 4920.225314728379
aucBids_src_epoch processed: 4887, throughput: (event/s) 27.133901676522896
aucBids_src_logEntry processed: 4887, throughput: (event/s) 27.133901676522896
sink processed: 544, throughput: (event/s) 3.020430225502037
q5maxbid-3 duration: 180.106792538

aucBids_src_logEntry processed 18037 events, duration: 180.106792538
sink processed 1897 events, duration: 180.106792538
aucBids_src processed 3159931 events, duration: 180.106792538
aucBids_src_ctrl processed 16 events, duration: 180.106792538
aucBids_src_data processed 3141878 events, duration: 180.106792538
aucBids_src_epoch processed 18037 events, duration: 180.106792538

