parallel restore str: , false
env str: , async2ndPhase: false
env str: , create snapshot: false
2024/03/03 11:01:11 [INFO] Load configuration for function scale[40]
2024/03/03 11:01:11 [INFO] Load configuration for function chkptmngr[50]
2024/03/03 11:01:11 [INFO] Load configuration for function redisSetup[70]
2024/03/03 11:01:11 [INFO] Load configuration for function source[20]
2024/03/03 11:01:11 [INFO] Load configuration for function query2[30]
2024/03/03 11:01:11 [INFO] Parse FAAS_ENGINE_ID: 7
2024/03/03 11:01:11 [INFO] Parse FAAS_ENGINE_ID: 7
2024/03/03 11:01:11 [INFO] Current GOMAXPROCS is 2
2024/03/03 11:01:11 [INFO] Parse FAAS_ENGINE_ID: 7
2024/03/03 11:01:11 [INFO] Current GOMAXPROCS is 3
2024/03/03 11:01:11 [INFO] Parse FAAS_ENGINE_ID: 7
2024/03/03 11:01:11 [INFO] Start new FuncWorker with client id 6
2024/03/03 11:01:11 [INFO] Start new FuncWorker with client id 8
2024/03/03 11:01:11 [INFO] Current GOMAXPROCS is 4
2024/03/03 11:01:11 [INFO] Start new FuncWorker with client id 7
2024/03/03 11:01:11 [INFO] Start new FuncWorker with client id 9
Enter nexmark: funcName: query2
2024/03/03 11:01:11 [INFO] Handshake with engine done
Enter nexmark: funcName: query2
2024/03/03 11:01:11 [INFO] Handshake with engine done
Enter nexmark: funcName: query2
2024/03/03 11:01:11 [INFO] Handshake with engine done
Enter nexmark: funcName: query2
2024/03/03 11:01:11 [INFO] Handshake with engine done
new buffered sink stream nexmark_src[0] with bufMaxSize 131072
new buffered sink stream nexmark_src[1] with bufMaxSize 131072
new buffered sink stream nexmark_src[2] with bufMaxSize 131072
new buffered sink stream nexmark_src[3] with bufMaxSize 131072
new buffered sink stream q2_out[0] with bufMaxSize 131072
new buffered sink stream q2_out[1] with bufMaxSize 131072
new buffered sink stream q2_out[2] with bufMaxSize 131072
new buffered sink stream q2_out[3] with bufMaxSize 131072
nexmark_src notEnded: map[1:{}], notScaleFence: map[1:{}]
redis address is [snapcache-1:6666 snapcache-2:6666 snapcache-3:6666 snapcache-4:6666]
new buffered sink stream __control_log_q2[0] with bufMaxSize 131072
new buffered sink stream __control_log_q2[0] with bufMaxSize 131072
[0] finished prev task source, funcName query2, meta epoch 0, current epoch 1, cmm instance 1, remain instances: map[]
[1] finished prev task source, funcName query2, meta epoch 0, current epoch 1, cmm instance 1, remain instances: map[]
[2] finished prev task source, funcName query2, meta epoch 0, current epoch 1, cmm instance 1, remain instances: map[]
[3] finished prev task source, funcName query2, meta epoch 0, current epoch 1, cmm instance 1, remain instances: map[]
[0] finished prev task query2, funcName query2, meta epoch 0, current epoch 1, cmm instance 1, remain instances: map[]
[1] prodId: ProducerId: {TaskId: 0x1c00900000001, TaskEpoch: 0x1}, warmup time: 0s, flush every: 100ms, waitEndMark: true
nexmark_src_src counter: dur=10.002680475s, value=160905, rate=16086.188137485218 per second
q2_out_sink counter: dur=10.036553868s, value=575, rate=57.29058076729888 per second
q2_out_sink stats (575 samples): dur=10.036572967s, p50=1, p90=1, p99=2
q2_out_bufEntry_1 stats (200 samples): dur=13.100525724s, p50=3, p90=8, p99=174
q2_out_bufSize_1 stats (200 samples): dur=13.100547904s, p50=786, p90=1954, p99=44499
nexmark_src_src counter: dur=10.005534328s, value=321091, rate=16009.739684938893 per second
q2_out_sink counter: dur=10.004226779s, value=1926, rate=135.04292034201998 per second
q2_out_sink stats (1351 samples): dur=10.004229489s, p50=0, p90=1, p99=2
WaitAlignTime_0(ms) stats (200 samples): dur=22.139446234s, p50=0, p90=0, p99=0
createChkpt_1(ms) stats (200 samples): dur=22.138710307s, p50=1, p90=2, p99=14
q2_out_bufEntry_1 stats (200 samples): dur=12.966095197s, p50=4, p90=7, p99=94
q2_out_bufSize_1 stats (200 samples): dur=12.966096251s, p50=970, p90=1840, p99=24080
nexmark_src_src counter: dur=10.000553201s, value=481197, rate=16009.714341001683 per second
q2_out_sink counter: dur=10.000577059s, value=3339, rate=141.29184662682775 per second
q2_out_sink stats (1413 samples): dur=10.000576673s, p50=0, p90=1, p99=2
q2_out_bufEntry_1 stats (200 samples): dur=12.832979822s, p50=3, p90=8, p99=84
q2_out_bufSize_1 stats (200 samples): dur=12.832982413s, p50=812, p90=2075, p99=20907
nexmark_src_src counter: dur=10.006158217s, value=641366, rate=16007.042515865907 per second
q2_out_sink counter: dur=10.017387503s, value=4730, rate=138.85855963777226 per second
q2_out_sink stats (1391 samples): dur=10.017386449s, p50=0, p90=1, p99=2
WaitAlignTime_0(ms) stats (200 samples): dur=22.284154195s, p50=0, p90=0, p99=0
createChkpt_1(ms) stats (200 samples): dur=22.284035159s, p50=1, p90=1, p99=17
nexmark_src_src counter: dur=10.005783558s, value=801568, rate=16010.939979999117 per second
q2_out_sink counter: dur=10.05487886s, value=5343, rate=60.96542867747687 per second
q2_out_sink stats (613 samples): dur=10.054877448s, p50=1, p90=1, p99=2
q2_out_bufEntry_1 stats (200 samples): dur=12.601928494s, p50=4, p90=8, p99=93
q2_out_bufSize_1 stats (200 samples): dur=12.601927818s, p50=976, p90=2031, p99=23559
nexmark_src_src counter: dur=10.003102115s, value=961707, rate=16008.93384461866 per second
q2_out_sink counter: dur=10.018976999s, value=6686, rate=134.0456216372236 per second
q2_out_sink stats (1343 samples): dur=10.018978269s, p50=0, p90=1, p99=2
q2_out_bufEntry_1 stats (200 samples): dur=12.644137704s, p50=3, p90=7, p99=98
q2_out_bufSize_1 stats (200 samples): dur=12.644137477s, p50=795, p90=1826, p99=24772
WaitAlignTime_0(ms) stats (200 samples): dur=22.208678258s, p50=0, p90=0, p99=0
createChkpt_1(ms) stats (200 samples): dur=22.208989601s, p50=1, p90=1, p99=8
nexmark_src_src counter: dur=10.001028321s, value=1121829, rate=16010.553601151032 per second
q2_out_sink counter: dur=10.01005808s, value=8048, rate=136.06314659864591 per second
q2_out_sink stats (1362 samples): dur=10.010060091s, p50=0, p90=1, p99=2
q2_out_bufEntry_1 stats (200 samples): dur=12.828484833s, p50=3, p90=7, p99=41
q2_out_bufSize_1 stats (200 samples): dur=12.828482844s, p50=775, p90=1862, p99=10568
nexmark_src_src counter: dur=10.000078927s, value=1281759, rate=15992.87377304517 per second
q2_out_sink counter: dur=10.014682151s, value=9369, rate=131.90633312991304 per second
q2_out_sink stats (1321 samples): dur=10.014681742s, p50=0, p90=1, p99=2
WaitAlignTime_0(ms) stats (200 samples): dur=22.2042462s, p50=0, p90=0, p99=0
createChkpt_1(ms) stats (200 samples): dur=22.204033888s, p50=1, p90=1, p99=5
q2_out_bufEntry_1 stats (200 samples): dur=12.423628895s, p50=3, p90=7, p99=158
q2_out_bufSize_1 stats (200 samples): dur=12.423628369s, p50=782, p90=1761, p99=40891
nexmark_src_src counter: dur=10.000303431s, value=1441993, rate=16022.913815123815 per second
q2_out_sink counter: dur=10.009640755s, value=10717, rate=134.67016779065216 per second
q2_out_sink stats (1348 samples): dur=10.009638306s, p50=0, p90=1, p99=2
nexmark_src_src counter: dur=10.006473543s, value=1602019, rate=15992.247349911371 per second
q2_out_sink counter: dur=10.008225083s, value=11313, rate=59.5510187927695 per second
q2_out_sink stats (596 samples): dur=10.008224286s, p50=1, p90=1, p99=2
q2_out_bufEntry_1 stats (200 samples): dur=12.602760791s, p50=4, p90=7, p99=167
q2_out_bufSize_1 stats (200 samples): dur=12.602762007s, p50=981, p90=1827, p99=42393
nexmark_src_src counter: dur=10.008779983s, value=1762428, rate=16026.828471847326 per second
q2_out_sink counter: dur=10.019060285s, value=12707, rate=139.1348050961448 per second
q2_out_sink stats (1394 samples): dur=10.019062611s, p50=0, p90=1, p99=2
WaitAlignTime_0(ms) stats (200 samples): dur=22.276797871s, p50=0, p90=0, p99=0
createChkpt_1(ms) stats (200 samples): dur=22.27602524s, p50=1, p90=2, p99=9
q2_out_bufEntry_1 stats (200 samples): dur=12.484341088s, p50=4, p90=8, p99=139
q2_out_bufSize_1 stats (200 samples): dur=12.484343683s, p50=975, p90=2024, p99=35545
nexmark_src_src counter: dur=10.00469679s, value=1922582, rate=16007.88143425584 per second
q2_out_sink counter: dur=10.032234177s, value=14152, rate=144.03571273414067 per second
q2_out_sink stats (1445 samples): dur=10.032234812s, p50=0, p90=1, p99=2
q2_out_bufEntry_1 stats (200 samples): dur=12.71771547s, p50=4, p90=8, p99=136
q2_out_bufSize_1 stats (200 samples): dur=12.717715806s, p50=909, p90=1967, p99=34543
nexmark_src_src counter: dur=10.007269934s, value=2082800, rate=16010.160718824476 per second
q2_out_sink counter: dur=10.013748017s, value=15497, rate=134.3153430380552 per second
q2_out_sink stats (1345 samples): dur=10.013749383s, p50=0, p90=1, p99=2
WaitAlignTime_0(ms) stats (200 samples): dur=22.305616929s, p50=0, p90=0, p99=0
createChkpt_1(ms) stats (200 samples): dur=22.305467525s, p50=1, p90=2, p99=18
nexmark_src_src counter: dur=10.009916535s, value=2243018, rate=16005.927665809453 per second
q2_out_bufEntry_1 stats (200 samples): dur=12.983503158s, p50=4, p90=7, p99=11
q2_out_bufSize_1 stats (200 samples): dur=12.983500371s, p50=969, p90=1838, p99=2822
q2_out_sink counter: dur=10.002702371s, value=16894, rate=139.662258076398 per second
q2_out_sink stats (1397 samples): dur=10.00270087s, p50=0, p90=1, p99=2
nexmark_src_src counter: dur=10.003359366s, value=2403171, rate=16009.921681344103 per second
q2_out_sink counter: dur=10.002588422s, value=17492, rate=59.78452524196041 per second
q2_out_sink stats (598 samples): dur=10.002586944s, p50=1, p90=1, p99=2
q2_out_bufEntry_1 stats (200 samples): dur=12.957928488s, p50=4, p90=7, p99=122
q2_out_bufSize_1 stats (200 samples): dur=12.957928258s, p50=990, p90=1799, p99=31521
WaitAlignTime_0(ms) stats (200 samples): dur=22.276171021s, p50=0, p90=0, p99=0
createChkpt_1(ms) stats (200 samples): dur=22.277519186s, p50=1, p90=2, p99=2
nexmark_src_src counter: dur=10.000512842s, value=2563277, rate=16009.778951294307 per second
q2_out_sink counter: dur=10.000566076s, value=18855, rate=136.29228482085776 per second
q2_out_sink stats (1363 samples): dur=10.000568196s, p50=0, p90=1, p99=2
q2_out_bufEntry_1 stats (200 samples): dur=12.757707856s, p50=3, p90=7, p99=80
q2_out_bufSize_1 stats (200 samples): dur=12.757706439s, p50=836, p90=1830, p99=20561
nexmark_src_src counter: dur=10.011195768s, value=2723543, rate=16008.677056568773 per second
q2_out_sink counter: dur=10.010859601s, value=20230, rate=137.35084246538122 per second
q2_out_sink stats (1375 samples): dur=10.010858872s, p50=0, p90=1, p99=2
WaitAlignTime_0(ms) stats (200 samples): dur=22.267919621s, p50=0, p90=0, p99=0
createChkpt_1(ms) stats (200 samples): dur=22.267386556s, p50=1, p90=2, p99=15
q2_out_bufEntry_1 stats (200 samples): dur=12.836661709s, p50=3, p90=7, p99=12
q2_out_bufSize_1 stats (200 samples): dur=12.836662241s, p50=821, p90=1821, p99=3146
1 producer ended, map[] remain
exit due to ctrlMsg
createChkpt_1(ms) (18 samples): dur=1.99234295s, data=[2 2 1 1 1 1 1 1 1 1 1 2 1 1 2 1 1 2]
[1]duration: 180.067850 s, uts: 1709463983292
WaitAlignTime_0(ms) (18 samples): dur=1.996346495s, data=[0 0 0 0 0 0 0 0 0 0 0 0 0 0 0 0 0 0]
nexmark_src_src msgCnt 2881619, ctrlCnt 1619, epochCnt 0, logEntry 14763
sink msgCnt 21614, ctrlCnt 1619
