parallel restore str: , false
env str: , async2ndPhase: false
env str: , create snapshot: false
2024/03/03 12:39:44 [INFO] Load configuration for function scale[40]
2024/03/03 12:39:44 [INFO] Load configuration for function chkptmngr[50]
2024/03/03 12:39:44 [INFO] Load configuration for function redisSetup[70]
2024/03/03 12:39:44 [INFO] Load configuration for function source[20]
2024/03/03 12:39:44 [INFO] Load configuration for function query2[30]
2024/03/03 12:39:44 [INFO] Parse FAAS_ENGINE_ID: 2
2024/03/03 12:39:44 [INFO] Parse FAAS_ENGINE_ID: 2
2024/03/03 12:39:44 [INFO] Current GOMAXPROCS is 2
2024/03/03 12:39:44 [INFO] Parse FAAS_ENGINE_ID: 2
2024/03/03 12:39:44 [INFO] Current GOMAXPROCS is 3
2024/03/03 12:39:44 [INFO] Parse FAAS_ENGINE_ID: 2
2024/03/03 12:39:44 [INFO] Start new FuncWorker with client id 8
2024/03/03 12:39:44 [INFO] Current GOMAXPROCS is 4
2024/03/03 12:39:44 [INFO] Start new FuncWorker with client id 9
2024/03/03 12:39:44 [INFO] Start new FuncWorker with client id 11
2024/03/03 12:39:44 [INFO] Start new FuncWorker with client id 10
Enter nexmark: funcName: source
2024/03/03 12:39:44 [INFO] Handshake with engine done
Enter nexmark: funcName: source
Enter nexmark: funcName: source
2024/03/03 12:39:44 [INFO] Handshake with engine done
2024/03/03 12:39:44 [INFO] Handshake with engine done
Enter nexmark: funcName: source
2024/03/03 12:39:44 [INFO] Handshake with engine done
redis address is [snapcache-1:6666 snapcache-2:6666 snapcache-3:6666 snapcache-4:6666]
new buffered sink stream nexmark_src[0] with bufMaxSize 131072
new buffered sink stream nexmark_src[1] with bufMaxSize 131072
new buffered sink stream nexmark_src[2] with bufMaxSize 131072
new buffered sink stream nexmark_src[3] with bufMaxSize 131072
Generator config: 
	InterEventDelayUs: [12.5]
	EventPerEpoch    : 0
	MaxEvents        : 57600000
	FirstEventNumber : 1
	EpochPeriodMs    : 0
	StepLengthSec    : 5
	BaseTime         : 1709469712566
	FirstEventId     : 1
	TotalProportion  : 50
	BidProportion    : 46
	AuctionProportion: 3
	PersonProportion : 1
Nexmark config: 
	NumEvents            : 57600000
	NumEventGenerators   : 4
	RateShape            : 0
	FirstEventRate       : 320000
	NextEventRate        : 320000
	RateUnit             : 1000000
	RatePeriodSec        : 10
	PreloadSeconds       : 0
	StreamTimeout        : 240
	IsRateLimited        : false
	UseWallclockEventTime: false
	AvgPersonByteSize    : 200
	AvgAuctionByteSize   : 500
	AvgBidByteSize       : 100
	HotAuctionRatio      : 2
	HotSellersRatio      : 4
	HotBiddersRatio      : 4
	WindowSizeSec        : 10
	WindowPeriodSec      : 5
	WatermarkHoldbackSec : 0
	NumInFlightAuctions  : 100
	NumActivePeople      : 1000
	OccasionalDelaySec   : 3
	ProbDelayedEvent     : 0.1
	OutOfOrderGroupSize  : 1
Input config: 
	SrcTopicName   : nexmark_src
	AppId          : q2
	FinalOutTpNames: [q2_out]
	Duration(s)    : 180
	FlushMs        : 10
	BufMaxSize     : 131072
	CommitEveryMs  : 100
	WaitForEndMark : true
	SerdeFormat    : MSGP
	NumOutPartition: 4
	ParNum         : 1
	NumSrcInstance : 4
	Guarantee      : ALIGN_CHKPT
new buffered sink stream __control_log_q2[0] with bufMaxSize 131072
new buffered sink stream __control_log_q2[0] with bufMaxSize 131072
generate events to [1]
StartTs: 1709469712566
gen first chkpt
srcGen_1 stats (800054 samples): dur=10.010805522s, p50=4, p90=13, p99=26
nexmark_src_bufEntry_1 stats (2074 samples): dur=10.005197508s, p50=506, p90=511, p99=514
nexmark_src_bufSize_1 stats (2074 samples): dur=10.005317908s, p50=130865, p90=131030, p99=131068
srcGen_1 stats (800750 samples): dur=10.011329328s, p50=4, p90=13, p99=26
nexmark_src_bufEntry_1 stats (2051 samples): dur=10.011312705s, p50=503, p90=509, p99=512
nexmark_src_bufSize_1 stats (2051 samples): dur=10.01128836s, p50=130855, p90=131030, p99=131068
srcGen_1 stats (800987 samples): dur=10.010877502s, p50=4, p90=13, p99=26
nexmark_src_bufEntry_1 stats (2000 samples): dur=10.010867781s, p50=502, p90=507, p99=509
nexmark_src_bufSize_1 stats (2000 samples): dur=10.01087499s, p50=130850, p90=131027, p99=131068
srcGen_1 stats (800859 samples): dur=10.010811832s, p50=4, p90=14, p99=26
nexmark_src_bufEntry_1 stats (1978 samples): dur=10.010823421s, p50=502, p90=507, p99=509
nexmark_src_bufSize_1 stats (1978 samples): dur=10.010823744s, p50=130850, p90=131035, p99=131069
nexmark_src_bufEntry_1 stats (2030 samples): dur=10.002194761s, p50=499, p90=503, p99=505
nexmark_src_bufSize_1 stats (2030 samples): dur=10.002197141s, p50=130863, p90=131029, p99=131068
srcGen_1 stats (800925 samples): dur=10.011906121s, p50=4, p90=14, p99=27
nexmark_src_bufEntry_1 stats (1968 samples): dur=10.000427885s, p50=499, p90=503, p99=505
nexmark_src_bufSize_1 stats (1968 samples): dur=10.000427752s, p50=130850, p90=131028, p99=131067
srcGen_1 stats (800871 samples): dur=10.011000594s, p50=4, p90=13, p99=27
nexmark_src_bufEntry_1 stats (1979 samples): dur=10.001706226s, p50=499, p90=503, p99=505
nexmark_src_bufSize_1 stats (1979 samples): dur=10.001703734s, p50=130856, p90=131027, p99=131066
srcGen_1 stats (800937 samples): dur=10.012100189s, p50=4, p90=14, p99=26
nexmark_src_bufEntry_1 stats (1968 samples): dur=10.002966295s, p50=499, p90=503, p99=505
nexmark_src_bufSize_1 stats (1968 samples): dur=10.002996076s, p50=130854, p90=131025, p99=131066
srcGen_1 stats (800661 samples): dur=10.017086387s, p50=4, p90=14, p99=27
nexmark_src_bufEntry_1 stats (1975 samples): dur=10.002574692s, p50=499, p90=503, p99=505
nexmark_src_bufSize_1 stats (1975 samples): dur=10.002545121s, p50=130856, p90=131027, p99=131067
srcGen_1 stats (801652 samples): dur=10.011042614s, p50=4, p90=14, p99=26
nexmark_src_bufEntry_1 stats (1996 samples): dur=10.005649975s, p50=499, p90=503, p99=505
nexmark_src_bufSize_1 stats (1996 samples): dur=10.005651171s, p50=130850, p90=131023, p99=131065
srcGen_1 stats (800909 samples): dur=10.013972133s, p50=4, p90=14, p99=27
nexmark_src_bufEntry_1 stats (2001 samples): dur=10.002659895s, p50=499, p90=503, p99=505
nexmark_src_bufSize_1 stats (2001 samples): dur=10.002684527s, p50=130854, p90=131023, p99=131066
srcGen_1 stats (801059 samples): dur=10.011265396s, p50=4, p90=14, p99=27
nexmark_src_bufEntry_1 stats (1981 samples): dur=10.002445568s, p50=499, p90=503, p99=505
nexmark_src_bufSize_1 stats (1981 samples): dur=10.002421742s, p50=130857, p90=131031, p99=131067
srcGen_1 stats (800894 samples): dur=10.011193977s, p50=4, p90=14, p99=27
nexmark_src_bufEntry_1 stats (2002 samples): dur=10.002344553s, p50=499, p90=503, p99=506
nexmark_src_bufSize_1 stats (2002 samples): dur=10.002360822s, p50=130863, p90=131030, p99=131066
srcGen_1 stats (800962 samples): dur=10.013050474s, p50=4, p90=14, p99=27
nexmark_src_bufEntry_1 stats (1996 samples): dur=10.006246982s, p50=499, p90=503, p99=505
nexmark_src_bufSize_1 stats (1996 samples): dur=10.006228797s, p50=130854, p90=131026, p99=131066
srcGen_1 stats (801024 samples): dur=10.010518568s, p50=4, p90=14, p99=27
nexmark_src_bufEntry_1 stats (1983 samples): dur=10.002511576s, p50=499, p90=503, p99=505
nexmark_src_bufSize_1 stats (1983 samples): dur=10.002512992s, p50=130858, p90=131029, p99=131068
srcGen_1 stats (800736 samples): dur=10.010806609s, p50=4, p90=14, p99=26
nexmark_src_bufEntry_1 stats (1988 samples): dur=10.001392018s, p50=499, p90=503, p99=505
nexmark_src_bufSize_1 stats (1988 samples): dur=10.001391189s, p50=130860, p90=131031, p99=131066
srcGen_1 stats (800880 samples): dur=10.013686002s, p50=4, p90=14, p99=26
nexmark_src_bufEntry_1 stats (2000 samples): dur=10.001603724s, p50=499, p90=503, p99=505
nexmark_src_bufSize_1 stats (2000 samples): dur=10.00160446s, p50=130859, p90=131033, p99=131067
srcGen_1 stats (801166 samples): dur=10.01069732s, p50=4, p90=14, p99=27
[1] chkmngr has terminated
nexmark_src_bufEntry_1 stats (1973 samples): dur=10.019004413s, p50=499, p90=503, p99=505
nexmark_src_bufSize_1 stats (1973 samples): dur=10.019006451s, p50=130855, p90=131026, p99=131066
generate stream end mark with tag: 404b3c06f60bdf01
[1] all stopped
