wait for last: true
warmup: 0
config: map[NodeConstraint:"1,2,3,4" NumInstance:4 OutputTopicName:["nexmark_src"] funcName:"source"]
config: map[InputTopicNames:["nexmark_src"] NodeConstraint:"5,6,7,8" NumInstance:4 NumSrcProducer:[1] OutputTopicName:["q8_aucsBySellerID_out","q8_personsByID_out"] funcName:"q8GroupBy"]
config: map[InputTopicNames:["q8_aucsBySellerID_out","q8_personsByID_out"] NodeConstraint:"5,6,7,8" NumInstance:4 NumSrcProducer:[4,4] OutputTopicName:["q8_out"] funcName:"q8JoinStream"]
srcInvokeConfig: {TopicName:nexmark_src AppId:q8 NodeConstraint:1,2,3,4 ScaleEpoch:0 NumOutPartition:4 InstanceID:0 NumSrcInstance:4}
cliNodes: [0xc000026260 0xc0000262c0]
inParamsMap: map[q8GroupBy:[0xc000000c80 0xc000000d20 0xc000000dc0 0xc000000e60] q8JoinStream:[0xc000000f00 0xc000000fa0 0xc000001040 0xc0000010e0]]
configScaleInput: {Config:map[changelog:4 nexmark_src:4 q8GroupBy:4 q8JoinStream:4 q8_aucsBySellerID_out:4 q8_out:4 q8_personsByID_out:4 source:4] AppId:q8 FuncNames:[source q8GroupBy q8JoinStream] ScaleEpoch:0 SerdeFormat:1 Bootstrap:false}
encoded json is {"sg":{"changelog":4,"nexmark_src":4,"q8GroupBy":4,"q8JoinStream":4,"q8_aucsBySellerID_out":4,"q8_out":4,"q8_personsByID_out":4,"source":4},"aid":"q8","fns":["source","q8GroupBy","q8JoinStream"],"epoch":1,"serdeFormat":1,"bs":true}, node constraint is 1
func source url is http://ip-172-31-12-180.us-east-2.compute.internal:8080/function/source
func source url is http://ip-172-31-12-180.us-east-2.compute.internal:8080/function/source
func source url is http://ip-172-31-12-180.us-east-2.compute.internal:8080/function/source
func source url is http://ip-172-31-12-180.us-east-2.compute.internal:8080/function/source
src instance: 4
encoded json is {"topic_name":"nexmark_src","rate_shape":"square","aid":"q8","events_num":17280000,"rate_period":10000000000,"bid_avg_size":100,"first_event_rate":96000,"next_event_rate":96000,"person_avg_size":200,"auction_avg_size":500,"duration":180,"person_proportion":1,"auction_proportion":3,"bid_proportion":46,"bid_hot_ratio_auctions":2,"bid_hot_ratio_bidders":4,"auction_hot_ratio_sellers":4,"flushms":100,"rate_limited":false,"waitEnd":true,"serde_format":1,"numOutPar":4,"parNum":3,"nSrcIns":4}, node constraint is 1,2,3,4
encoded json is {"topic_name":"nexmark_src","rate_shape":"square","aid":"q8","events_num":17280000,"rate_period":10000000000,"bid_avg_size":100,"first_event_rate":96000,"next_event_rate":96000,"person_avg_size":200,"auction_avg_size":500,"duration":180,"person_proportion":1,"auction_proportion":3,"bid_proportion":46,"bid_hot_ratio_auctions":2,"bid_hot_ratio_bidders":4,"auction_hot_ratio_sellers":4,"flushms":100,"rate_limited":false,"waitEnd":true,"serde_format":1,"numOutPar":4,"parNum":1,"nSrcIns":4}, node constraint is 1,2,3,4
encoded json is {"topic_name":"nexmark_src","rate_shape":"square","aid":"q8","events_num":17280000,"rate_period":10000000000,"bid_avg_size":100,"first_event_rate":96000,"next_event_rate":96000,"person_avg_size":200,"auction_avg_size":500,"duration":180,"person_proportion":1,"auction_proportion":3,"bid_proportion":46,"bid_hot_ratio_auctions":2,"bid_hot_ratio_bidders":4,"auction_hot_ratio_sellers":4,"flushms":100,"rate_limited":false,"waitEnd":true,"serde_format":1,"numOutPar":4,"nSrcIns":4}, node constraint is 1,2,3,4
encoded json is {"topic_name":"nexmark_src","rate_shape":"square","aid":"q8","events_num":17280000,"rate_period":10000000000,"bid_avg_size":100,"first_event_rate":96000,"next_event_rate":96000,"person_avg_size":200,"auction_avg_size":500,"duration":180,"person_proportion":1,"auction_proportion":3,"bid_proportion":46,"bid_hot_ratio_auctions":2,"bid_hot_ratio_bidders":4,"auction_hot_ratio_sellers":4,"flushms":100,"rate_limited":false,"waitEnd":true,"serde_format":1,"numOutPar":4,"parNum":2,"nSrcIns":4}, node constraint is 1,2,3,4
Waiting for all client to return
func name is q8GroupBy
func name is q8JoinStream
func url is http://ip-172-31-12-180.us-east-2.compute.internal:8080/function/q8GroupBy
func url is http://ip-172-31-12-180.us-east-2.compute.internal:8080/function/q8JoinStream
func name is q8JoinStream
func url is http://ip-172-31-12-180.us-east-2.compute.internal:8080/function/q8JoinStream
func name is q8JoinStream
func url is http://ip-172-31-12-180.us-east-2.compute.internal:8080/function/q8JoinStream
func name is q8GroupBy
func url is http://ip-172-31-12-180.us-east-2.compute.internal:8080/function/q8GroupBy
func name is q8GroupBy
func name is q8GroupBy
func url is http://ip-172-31-12-180.us-east-2.compute.internal:8080/function/q8GroupBy
func url is http://ip-172-31-12-180.us-east-2.compute.internal:8080/function/q8GroupBy
func name is q8JoinStream
func url is http://ip-172-31-12-180.us-east-2.compute.internal:8080/function/q8JoinStream
encoded json is {"aid":"q8","numOutPartition":"BAQ=","numSubstreamProducer":"AQ==","outputTopicName":["q8_aucsBySellerID_out","q8_personsByID_out"],"inputTopicName":["nexmark_src"],"commEveryMs":100,"flushMs":100,"snapEveryS":10,"duration":180,"epoch":1,"waitEnd":true,"numChangelogPartition":4,"numInPartition":4,"ParNum":3,"gua":3,"serdeFormat":1}, node constraint is 5,6,7,8
encoded json is {"aid":"q8","numOutPartition":"BA==","numSubstreamProducer":"BAQ=","outputTopicName":["q8_out"],"inputTopicName":["q8_aucsBySellerID_out","q8_personsByID_out"],"commEveryMs":100,"flushMs":100,"snapEveryS":10,"duration":180,"epoch":1,"waitEnd":true,"numChangelogPartition":4,"numInPartition":4,"ParNum":2,"gua":3,"serdeFormat":1}, node constraint is 5,6,7,8
encoded json is {"aid":"q8","numOutPartition":"BA==","numSubstreamProducer":"BAQ=","outputTopicName":["q8_out"],"inputTopicName":["q8_aucsBySellerID_out","q8_personsByID_out"],"commEveryMs":100,"flushMs":100,"snapEveryS":10,"duration":180,"epoch":1,"waitEnd":true,"numChangelogPartition":4,"numInPartition":4,"gua":3,"serdeFormat":1}, node constraint is 5,6,7,8
encoded json is {"aid":"q8","numOutPartition":"BAQ=","numSubstreamProducer":"AQ==","outputTopicName":["q8_aucsBySellerID_out","q8_personsByID_out"],"inputTopicName":["nexmark_src"],"commEveryMs":100,"flushMs":100,"snapEveryS":10,"duration":180,"epoch":1,"waitEnd":true,"numChangelogPartition":4,"numInPartition":4,"ParNum":2,"gua":3,"serdeFormat":1}, node constraint is 5,6,7,8
encoded json is {"aid":"q8","numOutPartition":"BAQ=","numSubstreamProducer":"AQ==","outputTopicName":["q8_aucsBySellerID_out","q8_personsByID_out"],"inputTopicName":["nexmark_src"],"commEveryMs":100,"flushMs":100,"snapEveryS":10,"duration":180,"epoch":1,"waitEnd":true,"numChangelogPartition":4,"numInPartition":4,"ParNum":1,"gua":3,"serdeFormat":1}, node constraint is 5,6,7,8
encoded json is {"aid":"q8","numOutPartition":"BAQ=","numSubstreamProducer":"AQ==","outputTopicName":["q8_aucsBySellerID_out","q8_personsByID_out"],"inputTopicName":["nexmark_src"],"commEveryMs":100,"flushMs":100,"snapEveryS":10,"duration":180,"epoch":1,"waitEnd":true,"numChangelogPartition":4,"numInPartition":4,"gua":3,"serdeFormat":1}, node constraint is 5,6,7,8
encoded json is {"aid":"q8","numOutPartition":"BA==","numSubstreamProducer":"BAQ=","outputTopicName":["q8_out"],"inputTopicName":["q8_aucsBySellerID_out","q8_personsByID_out"],"commEveryMs":100,"flushMs":100,"snapEveryS":10,"duration":180,"epoch":1,"waitEnd":true,"numChangelogPartition":4,"numInPartition":4,"ParNum":1,"gua":3,"serdeFormat":1}, node constraint is 5,6,7,8
encoded json is {"aid":"q8","numOutPartition":"BA==","numSubstreamProducer":"BAQ=","outputTopicName":["q8_out"],"inputTopicName":["q8_aucsBySellerID_out","q8_personsByID_out"],"commEveryMs":100,"flushMs":100,"snapEveryS":10,"duration":180,"epoch":1,"waitEnd":true,"numChangelogPartition":4,"numInPartition":4,"ParNum":3,"gua":3,"serdeFormat":1}, node constraint is 5,6,7,8
source-3 invoke done
source-2 invoke done
source-1 invoke done
source-0 invoke done
q8GroupBy-3 call done
q8GroupBy-0 call done
q8GroupBy-2 call done
q8GroupBy-1 call done
q8JoinStream-2 call done
q8JoinStream-1 call done
q8JoinStream-0 call done
q8JoinStream-3 call done
sink_ctrl processed: 1, throughput: (event/s) 0.0055554601100657255
sink processed: 4320001, throughput: (event/s) 23999.593230944043
source-0 duration: 180.003092487

sink processed: 4320001, throughput: (event/s) 23999.4053741594
sink_ctrl processed: 1, throughput: (event/s) 0.005555416624708976
source-1 duration: 180.004501472

sink processed: 4320001, throughput: (event/s) 23999.543725535776
sink_ctrl processed: 1, throughput: (event/s) 0.00555544865048313
source-2 duration: 180.003463791

sink processed: 4320001, throughput: (event/s) 23999.47153211474
sink_ctrl processed: 1, throughput: (event/s) 0.005555431939046945
source-3 duration: 180.004005264

sink_ctrl processed 4 events, duration: 180.004501472, tp: 0.022222
sink processed 17280004 events, duration: 180.004501472, tp: 95997.621497

nexmark_src_src processed: 4320001, throughput: (event/s) 23995.769112516977
nexmark_src_src_ctrl processed: 1, throughput: (event/s) 0.005554574897671778
nexmark_src_src_data processed: 4320000, throughput: (event/s) 23995.763557942082
nexmark_src_src_epoch processed: 0, throughput: (event/s) 0
nexmark_src_src_logEntry processed: 8774, throughput: (event/s) 48.73584015217218
personsByIDSink processed: 86400, throughput: (event/s) 479.9152711588416
auctionsBySellerIDSink processed: 259200, throughput: (event/s) 1439.7458134765247
q8GroupBy-0 duration: 180.031778925

auctionsBySellerIDSink processed: 259200, throughput: (event/s) 1439.6087868560242
nexmark_src_src processed: 4320001, throughput: (event/s) 23993.48533497998
nexmark_src_src_ctrl processed: 1, throughput: (event/s) 0.005554046245586513
nexmark_src_src_data processed: 4320000, throughput: (event/s) 23993.479780933736
nexmark_src_src_epoch processed: 0, throughput: (event/s) 0
nexmark_src_src_logEntry processed: 8752, throughput: (event/s) 48.60901274137316
personsByIDSink processed: 86400, throughput: (event/s) 479.8695956186747
q8GroupBy-1 duration: 180.048914932

auctionsBySellerIDSink processed: 259200, throughput: (event/s) 1439.716530037223
nexmark_src_src processed: 4320001, throughput: (event/s) 23995.281055082305
nexmark_src_src_ctrl processed: 1, throughput: (event/s) 0.005554461921439904
nexmark_src_src_data processed: 4320000, throughput: (event/s) 23995.275500620384
nexmark_src_src_epoch processed: 0, throughput: (event/s) 0
nexmark_src_src_logEntry processed: 8775, throughput: (event/s) 48.740403360635156
personsByIDSink processed: 86400, throughput: (event/s) 479.90551001240766
q8GroupBy-2 duration: 180.035440722

nexmark_src_src_logEntry processed: 8766, throughput: (event/s) 48.69127168081504
personsByIDSink processed: 86400, throughput: (event/s) 479.91397139201683
auctionsBySellerIDSink processed: 259200, throughput: (event/s) 1439.7419141760506
nexmark_src_src processed: 4320001, throughput: (event/s) 23995.704124160697
nexmark_src_src_ctrl processed: 1, throughput: (event/s) 0.005554559854074269
nexmark_src_src_data processed: 4320000, throughput: (event/s) 23995.69856960084
nexmark_src_src_epoch processed: 0, throughput: (event/s) 0
q8GroupBy-3 duration: 180.032266511

nexmark_src_src_ctrl processed 4 events, duration: 180.048914932
nexmark_src_src_data processed 17280000 events, duration: 180.048914932
nexmark_src_src_epoch processed 0 events, duration: 180.048914932
nexmark_src_src_logEntry processed 35067 events, duration: 180.048914932
personsByIDSink processed 345600 events, duration: 180.048914932
auctionsBySellerIDSink processed 1036800 events, duration: 180.048914932
nexmark_src_src processed 17280004 events, duration: 180.048914932

eventTimeLatency_sink, p50: 117 ms, p90: 164 ms, p99: 198 ms
auctionsBySellerIDSrc_ctrl processed: 4, throughput: (event/s) 0.0221916075936939
auctionsBySellerIDSrc_epoch processed: 5973, throughput: (event/s) 33.13761803928342
sink processed: 1004368, throughput: (event/s) 5572.135133915789
personsByIDSrc_data processed: 85744, throughput: (event/s) 475.6993003784225
auctionsBySellerIDSrc processed: 257511, throughput: (event/s) 1428.6457657649275
auctionsBySellerIDSrc_data processed: 251534, throughput: (event/s) 1395.4859561180504
auctionsBySellerIDSrc_logEntry processed: 5977, throughput: (event/s) 33.159809646877115
personsByIDSrc processed: 91721, throughput: (event/s) 508.8591100252996
personsByIDSrc_ctrl processed: 4, throughput: (event/s) 0.0221916075936939
personsByIDSrc_epoch processed: 5973, throughput: (event/s) 33.13761803928342
personsByIDSrc_logEntry processed: 5973, throughput: (event/s) 33.13761803928342
q8JoinStream-0 duration: 180.248320592

eventTimeLatency_sink, p50: 119 ms, p90: 166 ms, p99: 199 ms
personsByIDSrc processed: 92449, throughput: (event/s) 512.9849586642026
sink processed: 1037597, throughput: (event/s) 5757.462537778674
personsByIDSrc_data processed: 86472, throughput: (event/s) 479.8195258532913
auctionsBySellerIDSrc_data processed: 258926, throughput: (event/s) 1436.7396446374469
auctionsBySellerIDSrc_epoch processed: 5973, throughput: (event/s) 33.14323744011598
personsByIDSrc_ctrl processed: 4, throughput: (event/s) 0.02219537079532294
personsByIDSrc_logEntry processed: 5973, throughput: (event/s) 33.14323744011598
auctionsBySellerIDSrc processed: 264903, throughput: (event/s) 1469.9050774483583
personsByIDSrc_epoch processed: 5973, throughput: (event/s) 33.14323744011598
auctionsBySellerIDSrc_logEntry processed: 5973, throughput: (event/s) 33.14323744011598
auctionsBySellerIDSrc_ctrl processed: 4, throughput: (event/s) 0.02219537079532294
q8JoinStream-1 duration: 180.21775968

eventTimeLatency_sink, p50: 119 ms, p90: 166 ms, p99: 203 ms
auctionsBySellerIDSrc_epoch processed: 5973, throughput: (event/s) 33.1507649378284
sink processed: 997571, throughput: (event/s) 5536.621752853577
personsByIDSrc_data processed: 86376, throughput: (event/s) 479.39569266195645
personsByIDSrc_epoch processed: 5973, throughput: (event/s) 33.1507649378284
auctionsBySellerIDSrc_logEntry processed: 5973, throughput: (event/s) 33.1507649378284
auctionsBySellerIDSrc_data processed: 248945, throughput: (event/s) 1381.6703796162215
personsByIDSrc processed: 92353, throughput: (event/s) 512.5686580115965
personsByIDSrc_ctrl processed: 4, throughput: (event/s) 0.02220041181170494
personsByIDSrc_logEntry processed: 5973, throughput: (event/s) 33.1507649378284
auctionsBySellerIDSrc processed: 254922, throughput: (event/s) 1414.8433449658617
auctionsBySellerIDSrc_ctrl processed: 4, throughput: (event/s) 0.02220041181170494
q8JoinStream-2 duration: 180.176837886

eventTimeLatency_sink, p50: 120 ms, p90: 167 ms, p99: 203 ms
auctionsBySellerIDSrc_ctrl processed: 4, throughput: (event/s) 0.022197154878660127
personsByIDSrc processed: 92985, throughput: (event/s) 516.000611598053
personsByIDSrc_ctrl processed: 4, throughput: (event/s) 0.022197154878660127
personsByIDSrc_epoch processed: 5973, throughput: (event/s) 33.145901522559235
auctionsBySellerIDSrc processed: 283372, throughput: (event/s) 1572.5130430689194
personsByIDSrc_data processed: 87008, throughput: (event/s) 482.83251292061505
personsByIDSrc_logEntry processed: 5973, throughput: (event/s) 33.145901522559235
sink processed: 1111627, throughput: (event/s) 6168.73917157508
auctionsBySellerIDSrc_epoch processed: 5973, throughput: (event/s) 33.145901522559235
auctionsBySellerIDSrc_logEntry processed: 5973, throughput: (event/s) 33.145901522559235
auctionsBySellerIDSrc_data processed: 277395, throughput: (event/s) 1539.3449443914815
q8JoinStream-3 duration: 180.203274783

sink processed 4151163 events, duration: 180.248320592
personsByIDSrc_data processed 345600 events, duration: 180.248320592
personsByIDSrc_ctrl processed 16 events, duration: 180.248320592
personsByIDSrc_epoch processed 23892 events, duration: 180.248320592
personsByIDSrc_logEntry processed 23892 events, duration: 180.248320592
auctionsBySellerIDSrc_ctrl processed 16 events, duration: 180.248320592
auctionsBySellerIDSrc_epoch processed 23892 events, duration: 180.248320592
auctionsBySellerIDSrc processed 1060708 events, duration: 180.248320592
auctionsBySellerIDSrc_data processed 1036800 events, duration: 180.248320592
auctionsBySellerIDSrc_logEntry processed 23896 events, duration: 180.248320592
personsByIDSrc processed 369508 events, duration: 180.248320592

