wait for last: true, sink max_buf_size: 131072
warmup: 0
config: map[NodeConstraint:"1,2,3,4" NumInstance:4 OutputTopicName:["nexmark_src"] funcName:"source"]
config: map[Final:true InputTopicNames:["nexmark_src"] NodeConstraint:"5,6,7,8" NumInstance:4 NumSrcProducer:[1] OutputTopicName:["fanout_out"] funcName:"fanout"]
srcInvokeConfig: &{FinalTpNames:[fanout_out] TopicName:nexmark_src AppId:fanout NodeConstraint:1,2,3,4 AdditionalBytes:0 ScaleEpoch:0 NumOutPartition:4 InstanceID:0 NumSrcInstance:4}
cliNodes: [0xc000026160]
inParamsMap: map[fanout:[0xc00007eb40 0xc00007ebe0 0xc00007ec80 0xc00007ed20]]
configScaleInput: &{Config:map[fanout:4 fanout_out:128 nexmark_src:4 source:4] AppId:fanout FuncNames:[source fanout] BufMaxSize:131072 ScaleEpoch:0 SerdeFormat:1 Bootstrap:false}
encoded json is {"sg":{"fanout":4,"fanout_out":128,"nexmark_src":4,"source":4},"aid":"fanout","fns":["source","fanout"],"bufMaxSize":131072,"epoch":1,"serdeFormat":1,"bs":true}, node constraint is 1
func source url is http://ip-172-31-9-234.us-east-2.compute.internal:8080/function/source
func source url is http://ip-172-31-9-234.us-east-2.compute.internal:8080/function/source
func source url is http://ip-172-31-9-234.us-east-2.compute.internal:8080/function/source
src instance: 4
func source url is http://ip-172-31-9-234.us-east-2.compute.internal:8080/function/source
encoded json is {"topic_name":"nexmark_src","rate_shape":"square","aid":"fanout","events_num":46080000,"rate_period":10000000000,"finOutTpNs":["fanout_out"],"first_event_rate":256000,"next_event_rate":256000,"bid_avg_size":100,"person_avg_size":200,"auction_avg_size":500,"duration":180,"person_proportion":1,"auction_proportion":3,"bid_proportion":46,"bid_hot_ratio_auctions":2,"bid_hot_ratio_bidders":4,"auction_hot_ratio_sellers":4,"flushms":10,"bufMaxSize":131072,"commEveryMs":100,"rate_limited":false,"waitEnd":true,"serde_format":1,"numOutPar":4,"parNum":1,"nSrcIns":4,"gua":3}, node constraint is 1,2,3,4
encoded json is {"topic_name":"nexmark_src","rate_shape":"square","aid":"fanout","events_num":46080000,"rate_period":10000000000,"finOutTpNs":["fanout_out"],"first_event_rate":256000,"next_event_rate":256000,"bid_avg_size":100,"person_avg_size":200,"auction_avg_size":500,"duration":180,"person_proportion":1,"auction_proportion":3,"bid_proportion":46,"bid_hot_ratio_auctions":2,"bid_hot_ratio_bidders":4,"auction_hot_ratio_sellers":4,"flushms":10,"bufMaxSize":131072,"commEveryMs":100,"rate_limited":false,"waitEnd":true,"serde_format":1,"numOutPar":4,"parNum":2,"nSrcIns":4,"gua":3}, node constraint is 1,2,3,4
encoded json is {"topic_name":"nexmark_src","rate_shape":"square","aid":"fanout","events_num":46080000,"rate_period":10000000000,"finOutTpNs":["fanout_out"],"first_event_rate":256000,"next_event_rate":256000,"bid_avg_size":100,"person_avg_size":200,"auction_avg_size":500,"duration":180,"person_proportion":1,"auction_proportion":3,"bid_proportion":46,"bid_hot_ratio_auctions":2,"bid_hot_ratio_bidders":4,"auction_hot_ratio_sellers":4,"flushms":10,"bufMaxSize":131072,"commEveryMs":100,"rate_limited":false,"waitEnd":true,"serde_format":1,"numOutPar":4,"nSrcIns":4,"gua":3}, node constraint is 1,2,3,4
encoded json is {"topic_name":"nexmark_src","rate_shape":"square","aid":"fanout","events_num":46080000,"rate_period":10000000000,"finOutTpNs":["fanout_out"],"first_event_rate":256000,"next_event_rate":256000,"bid_avg_size":100,"person_avg_size":200,"auction_avg_size":500,"duration":180,"person_proportion":1,"auction_proportion":3,"bid_proportion":46,"bid_hot_ratio_auctions":2,"bid_hot_ratio_bidders":4,"auction_hot_ratio_sellers":4,"flushms":10,"bufMaxSize":131072,"commEveryMs":100,"rate_limited":false,"waitEnd":true,"serde_format":1,"numOutPar":4,"parNum":3,"nSrcIns":4,"gua":3}, node constraint is 1,2,3,4
Waiting for all client to return
func name is fanout
func url is http://ip-172-31-9-234.us-east-2.compute.internal:8080/function/fanout
func name is fanout
func url is http://ip-172-31-9-234.us-east-2.compute.internal:8080/function/fanout
encoded json is {"aid":"fanout","numOutPartition":"gA==","numSubstreamProducer":"AQ==","outputTopicName":["fanout_out"],"inputTopicName":["nexmark_src"],"commEveryMs":100,"flushMs":100,"duration":180,"bufMaxSize":131072,"epoch":1,"waitEnd":true,"numInPartition":4,"ParNum":3,"gua":3,"serdeFormat":1}, node constraint is 5,6,7,8
encoded json is {"aid":"fanout","numOutPartition":"gA==","numSubstreamProducer":"AQ==","outputTopicName":["fanout_out"],"inputTopicName":["nexmark_src"],"commEveryMs":100,"flushMs":100,"duration":180,"bufMaxSize":131072,"epoch":1,"waitEnd":true,"numInPartition":4,"ParNum":2,"gua":3,"serdeFormat":1}, node constraint is 5,6,7,8
func name is fanout
func url is http://ip-172-31-9-234.us-east-2.compute.internal:8080/function/fanout
func name is fanout
func url is http://ip-172-31-9-234.us-east-2.compute.internal:8080/function/fanout
encoded json is {"aid":"fanout","numOutPartition":"gA==","numSubstreamProducer":"AQ==","outputTopicName":["fanout_out"],"inputTopicName":["nexmark_src"],"commEveryMs":100,"flushMs":100,"duration":180,"bufMaxSize":131072,"epoch":1,"waitEnd":true,"numInPartition":4,"ParNum":1,"gua":3,"serdeFormat":1}, node constraint is 5,6,7,8
encoded json is {"aid":"fanout","numOutPartition":"gA==","numSubstreamProducer":"AQ==","outputTopicName":["fanout_out"],"inputTopicName":["nexmark_src"],"commEveryMs":100,"flushMs":100,"duration":180,"bufMaxSize":131072,"epoch":1,"waitEnd":true,"numInPartition":4,"gua":3,"serdeFormat":1}, node constraint is 5,6,7,8
source-1 invoke done
source-3 invoke done
source-2 invoke done
source-0 invoke done
fanout-3 call done
fanout-1 call done
fanout-2 call done
fanout-0 call done
sink processed: 11519994, throughput: (event/s) 63999.051832575795
sink_ctrl processed: 1, throughput: (event/s) 0.0055554761428326955
source-0 duration: 180.002573009

sink processed: 11519902, throughput: (event/s) 63998.61489072767
sink_ctrl processed: 1, throughput: (event/s) 0.0055554825805573405
source-1 duration: 180.002364421

sink processed: 11520001, throughput: (event/s) 63998.872162906846
sink_ctrl processed: 1, throughput: (event/s) 0.0055554571707855625
source-2 duration: 180.003187723

sink processed: 11519996, throughput: (event/s) 63998.760037460124
sink_ctrl processed: 1, throughput: (event/s) 0.005555449848894055
source-3 duration: 180.003424961

sink processed 46079893 events, duration: 180.003424961, tp: 255994.534604
sink_ctrl processed 4 events, duration: 180.003424961, tp: 0.022222

eventTimeLatency_fanoutSink, p50: 138 ms, p90: 298 ms, p99: 455 ms
nexmark_src_src_logEntry processed: 30386, throughput: (event/s) 168.20540265530474
fanoutSink processed: 11519993, throughput: (event/s) 63770.3238712332
nexmark_src_src processed: 11519994, throughput: (event/s) 63770.32940685496
nexmark_src_src_ctrl processed: 1, throughput: (event/s) 0.005535621755259157
nexmark_src_src_data processed: 11519993, throughput: (event/s) 63770.3238712332
nexmark_src_src_epoch processed: 0, throughput: (event/s) 0
fanout-0 duration: 180.648180857

eventTimeLatency_fanoutSink, p50: 112 ms, p90: 233 ms, p99: 407 ms
nexmark_src_src_logEntry processed: 30423, throughput: (event/s) 168.58452799035226
fanoutSink processed: 11519901, throughput: (event/s) 63835.81739409614
nexmark_src_src processed: 11519902, throughput: (event/s) 63835.82293544735
nexmark_src_src_ctrl processed: 1, throughput: (event/s) 0.00554135121422451
nexmark_src_src_data processed: 11519901, throughput: (event/s) 63835.81739409614
nexmark_src_src_epoch processed: 0, throughput: (event/s) 0
fanout-1 duration: 180.461400359

eventTimeLatency_fanoutSink, p50: 120 ms, p90: 220 ms, p99: 348 ms
fanoutSink processed: 11520000, throughput: (event/s) 63824.366533837805
nexmark_src_src processed: 11520001, throughput: (event/s) 63824.3720741474
nexmark_src_src_ctrl processed: 1, throughput: (event/s) 0.005540309594951199
nexmark_src_src_data processed: 11520000, throughput: (event/s) 63824.366533837805
nexmark_src_src_epoch processed: 0, throughput: (event/s) 0
nexmark_src_src_logEntry processed: 30277, throughput: (event/s) 167.74395360633744
fanout-2 duration: 180.49532844

eventTimeLatency_fanoutSink, p50: 122 ms, p90: 244 ms, p99: 436 ms
nexmark_src_src_logEntry processed: 30353, throughput: (event/s) 168.07984896122318
fanoutSink processed: 11519995, throughput: (event/s) 63792.01461582204
nexmark_src_src processed: 11519996, throughput: (event/s) 63792.02015332571
nexmark_src_src_ctrl processed: 1, throughput: (event/s) 0.005537503672164965
nexmark_src_src_data processed: 11519995, throughput: (event/s) 63792.01461582204
nexmark_src_src_epoch processed: 0, throughput: (event/s) 0
fanout-3 duration: 180.586787694

nexmark_src_src processed 46079893 events, duration: 180.648180857
nexmark_src_src_ctrl processed 4 events, duration: 180.648180857
nexmark_src_src_data processed 46079889 events, duration: 180.648180857
nexmark_src_src_epoch processed 0 events, duration: 180.648180857
nexmark_src_src_logEntry processed 121439 events, duration: 180.648180857
fanoutSink processed 46079889 events, duration: 180.648180857

