parallel restore str: , false
env str: , async2ndPhase: false
env str: , create snapshot: false
2024/03/03 07:59:16 [INFO] Load configuration for function scale[40]
2024/03/03 07:59:16 [INFO] Load configuration for function chkptmngr[60]
2024/03/03 07:59:16 [INFO] Load configuration for function redisSetup[70]
2024/03/03 07:59:16 [INFO] Load configuration for function source[20]
2024/03/03 07:59:16 [INFO] Load configuration for function query1[30]
2024/03/03 07:59:16 [INFO] Parse FAAS_ENGINE_ID: 2
2024/03/03 07:59:16 [INFO] Parse FAAS_ENGINE_ID: 2
2024/03/03 07:59:16 [INFO] Current GOMAXPROCS is 2
2024/03/03 07:59:16 [INFO] Parse FAAS_ENGINE_ID: 2
2024/03/03 07:59:16 [INFO] Current GOMAXPROCS is 3
2024/03/03 07:59:16 [INFO] Parse FAAS_ENGINE_ID: 2
2024/03/03 07:59:16 [INFO] Current GOMAXPROCS is 4
2024/03/03 07:59:16 [INFO] Start new FuncWorker with client id 2
2024/03/03 07:59:16 [INFO] Start new FuncWorker with client id 3
2024/03/03 07:59:16 [INFO] Start new FuncWorker with client id 4
2024/03/03 07:59:16 [INFO] Start new FuncWorker with client id 5
Enter nexmark: funcName: source
2024/03/03 07:59:16 [INFO] Handshake with engine done
Enter nexmark: funcName: source
2024/03/03 07:59:16 [INFO] Handshake with engine done
Enter nexmark: funcName: source
2024/03/03 07:59:16 [INFO] Handshake with engine done
Enter nexmark: funcName: source
2024/03/03 07:59:16 [INFO] Handshake with engine done
redis address is [snapcache-1:6666 snapcache-2:6666 snapcache-3:6666 snapcache-4:6666]
new buffered sink stream nexmark_src[0] with bufMaxSize 131072
new buffered sink stream nexmark_src[1] with bufMaxSize 131072
new buffered sink stream nexmark_src[2] with bufMaxSize 131072
new buffered sink stream nexmark_src[3] with bufMaxSize 131072
Generator config: 
	InterEventDelayUs: [62.5]
	EventPerEpoch    : 0
	MaxEvents        : 11520000
	FirstEventNumber : 1
	EpochPeriodMs    : 0
	StepLengthSec    : 5
	BaseTime         : 1709452885877
	FirstEventId     : 1
	TotalProportion  : 50
	BidProportion    : 46
	AuctionProportion: 3
	PersonProportion : 1
Nexmark config: 
	NumEvents            : 11520000
	NumEventGenerators   : 4
	RateShape            : 0
	FirstEventRate       : 64000
	NextEventRate        : 64000
	RateUnit             : 1000000
	RatePeriodSec        : 10
	PreloadSeconds       : 0
	StreamTimeout        : 240
	IsRateLimited        : false
	UseWallclockEventTime: false
	AvgPersonByteSize    : 200
	AvgAuctionByteSize   : 500
	AvgBidByteSize       : 100
	HotAuctionRatio      : 2
	HotSellersRatio      : 4
	HotBiddersRatio      : 4
	WindowSizeSec        : 10
	WindowPeriodSec      : 5
	WatermarkHoldbackSec : 0
	NumInFlightAuctions  : 100
	NumActivePeople      : 1000
	OccasionalDelaySec   : 3
	ProbDelayedEvent     : 0.1
	OutOfOrderGroupSize  : 1
Input config: 
	SrcTopicName   : nexmark_src
	AppId          : q1
	FinalOutTpNames: [q1_out]
	Duration(s)    : 180
	FlushMs        : 10
	BufMaxSize     : 131072
	CommitEveryMs  : 100
	WaitForEndMark : true
	SerdeFormat    : MSGP
	NumOutPartition: 4
	ParNum         : 1
	NumSrcInstance : 4
	Guarantee      : ALIGN_CHKPT
new buffered sink stream __control_log_q1[0] with bufMaxSize 131072
new buffered sink stream __control_log_q1[0] with bufMaxSize 131072
generate events to [1]
StartTs: 1709452885878
gen first chkpt
srcGen_1 stats (160000 samples): dur=10.003392321s, p50=6, p90=16, p99=1865
nexmark_src_bufEntry_1 stats (817 samples): dur=10.010716785s, p50=192, p90=208, p99=225
nexmark_src_bufSize_1 stats (817 samples): dur=10.010762843s, p50=49835, p90=53989, p99=58639
srcGen_1 stats (160048 samples): dur=10.003431849s, p50=6, p90=16, p99=1799
nexmark_src_bufEntry_1 stats (819 samples): dur=10.010813331s, p50=192, p90=208, p99=224
nexmark_src_bufSize_1 stats (819 samples): dur=10.01081869s, p50=49833, p90=53911, p99=57459
srcGen_1 stats (160064 samples): dur=10.003530658s, p50=6, p90=16, p99=1754
nexmark_src_bufEntry_1 stats (818 samples): dur=10.001567648s, p50=192, p90=208, p99=224
nexmark_src_bufSize_1 stats (818 samples): dur=10.001569184s, p50=49833, p90=53905, p99=57365
srcGen_1 stats (160048 samples): dur=10.003786675s, p50=6, p90=16, p99=1346
nexmark_src_bufEntry_1 stats (817 samples): dur=10.001235563s, p50=192, p90=208, p99=224
nexmark_src_bufSize_1 stats (817 samples): dur=10.001228738s, p50=49846, p90=53930, p99=57610
srcGen_1 stats (160048 samples): dur=10.003271724s, p50=6, p90=16, p99=1456
nexmark_src_bufEntry_1 stats (817 samples): dur=10.009277496s, p50=192, p90=208, p99=224
nexmark_src_bufSize_1 stats (817 samples): dur=10.009283671s, p50=49863, p90=53921, p99=57795
srcGen_1 stats (160064 samples): dur=10.00330554s, p50=6, p90=16, p99=1745
nexmark_src_bufEntry_1 stats (821 samples): dur=10.005833071s, p50=192, p90=208, p99=224
nexmark_src_bufSize_1 stats (821 samples): dur=10.005842282s, p50=49787, p90=53895, p99=56619
srcGen_1 stats (160048 samples): dur=10.002633871s, p50=6, p90=15, p99=1886
nexmark_src_bufEntry_1 stats (816 samples): dur=10.000157593s, p50=192, p90=208, p99=210
nexmark_src_bufSize_1 stats (816 samples): dur=10.000142288s, p50=49989, p90=54069, p99=55582
srcGen_1 stats (160048 samples): dur=10.002896636s, p50=6, p90=15, p99=1908
nexmark_src_bufEntry_1 stats (820 samples): dur=10.00175518s, p50=192, p90=208, p99=224
nexmark_src_bufSize_1 stats (820 samples): dur=10.00177402s, p50=50248, p90=54310, p99=57612
srcGen_1 stats (160048 samples): dur=10.003275454s, p50=6, p90=16, p99=1860
nexmark_src_bufEntry_1 stats (821 samples): dur=10.001565251s, p50=192, p90=208, p99=224
nexmark_src_bufSize_1 stats (821 samples): dur=10.001547194s, p50=50210, p90=54356, p99=57718
srcGen_1 stats (160048 samples): dur=10.002965971s, p50=6, p90=16, p99=1560
nexmark_src_bufEntry_1 stats (820 samples): dur=10.000437126s, p50=192, p90=208, p99=224
nexmark_src_bufSize_1 stats (820 samples): dur=10.000442152s, p50=50184, p90=54312, p99=58145
srcGen_1 stats (160064 samples): dur=10.00363661s, p50=7, p90=16, p99=1164
nexmark_src_bufEntry_1 stats (816 samples): dur=10.011316834s, p50=192, p90=208, p99=224
nexmark_src_bufSize_1 stats (816 samples): dur=10.01131535s, p50=50254, p90=54325, p99=58656
srcGen_1 stats (160032 samples): dur=10.003530483s, p50=7, p90=16, p99=1275
nexmark_src_bufEntry_1 stats (815 samples): dur=10.007568635s, p50=192, p90=208, p99=224
nexmark_src_bufSize_1 stats (815 samples): dur=10.007566225s, p50=50260, p90=54385, p99=58690
srcGen_1 stats (160080 samples): dur=10.00341456s, p50=7, p90=16, p99=1250
nexmark_src_bufEntry_1 stats (813 samples): dur=10.000441471s, p50=192, p90=208, p99=224
nexmark_src_bufSize_1 stats (813 samples): dur=10.000444965s, p50=50242, p90=54424, p99=58900
srcGen_1 stats (160032 samples): dur=10.002802587s, p50=7, p90=17, p99=1193
nexmark_src_bufEntry_1 stats (813 samples): dur=10.00082151s, p50=192, p90=208, p99=224
nexmark_src_bufSize_1 stats (813 samples): dur=10.000831977s, p50=50297, p90=54322, p99=58263
srcGen_1 stats (160048 samples): dur=10.003634615s, p50=7, p90=16, p99=1274
nexmark_src_bufEntry_1 stats (815 samples): dur=10.000237601s, p50=192, p90=208, p99=224
nexmark_src_bufSize_1 stats (815 samples): dur=10.000228044s, p50=50258, p90=54311, p99=57741
srcGen_1 stats (160080 samples): dur=10.00375957s, p50=6, p90=16, p99=1753
nexmark_src_bufEntry_1 stats (817 samples): dur=10.006341543s, p50=192, p90=208, p99=224
nexmark_src_bufSize_1 stats (817 samples): dur=10.006333864s, p50=50243, p90=54272, p99=57568
srcGen_1 stats (160032 samples): dur=10.002636162s, p50=6, p90=16, p99=1638
nexmark_src_bufEntry_1 stats (824 samples): dur=10.009724421s, p50=192, p90=208, p99=208
nexmark_src_bufSize_1 stats (824 samples): dur=10.009730345s, p50=50159, p90=54221, p99=55869
[1] chkmngr has terminated
nexmark_src_bufEntry_1 stats (816 samples): dur=10.004907206s, p50=192, p90=208, p99=208
nexmark_src_bufSize_1 stats (816 samples): dur=10.004900438s, p50=50149, p90=54212, p99=55350
generate stream end mark with tag: 404b3c06f60bdf01
[1] all stopped
