wait for last: true
warmup: 0
config: map[NodeConstraint:"1,2,3,4" NumInstance:4 OutputTopicName:["nexmark_src"] funcName:"source"]
config: map[InputTopicNames:["nexmark_src"] NodeConstraint:"5,6,7,8" NumInstance:4 NumSrcProducer:[1] OutputTopicName:["q8_aucsBySellerID_out","q8_personsByID_out"] funcName:"q8GroupBy"]
config: map[InputTopicNames:["q8_aucsBySellerID_out","q8_personsByID_out"] NodeConstraint:"5,6,7,8" NumInstance:4 NumSrcProducer:[4,4] OutputTopicName:["q8_out"] funcName:"q8JoinStream"]
srcInvokeConfig: {TopicName:nexmark_src AppId:q8 NodeConstraint:1,2,3,4 ScaleEpoch:0 NumOutPartition:4 InstanceID:0 NumSrcInstance:4}
cliNodes: [0xc000026260 0xc0000262c0]
inParamsMap: map[q8GroupBy:[0xc000000be0 0xc000000c80 0xc000000d20 0xc000000dc0] q8JoinStream:[0xc000000e60 0xc000000f00 0xc000000fa0 0xc000001040]]
configScaleInput: {Config:map[changelog:4 nexmark_src:4 q8GroupBy:4 q8JoinStream:4 q8_aucsBySellerID_out:4 q8_out:4 q8_personsByID_out:4 source:4] AppId:q8 FuncNames:[source q8GroupBy q8JoinStream] ScaleEpoch:0 SerdeFormat:1 Bootstrap:false}
encoded json is {"sg":{"changelog":4,"nexmark_src":4,"q8GroupBy":4,"q8JoinStream":4,"q8_aucsBySellerID_out":4,"q8_out":4,"q8_personsByID_out":4,"source":4},"aid":"q8","fns":["source","q8GroupBy","q8JoinStream"],"epoch":1,"serdeFormat":1,"bs":true}, node constraint is 1
func source url is http://ip-172-31-12-180.us-east-2.compute.internal:8080/function/source
func source url is http://ip-172-31-12-180.us-east-2.compute.internal:8080/function/source
src instance: 4
func source url is http://ip-172-31-12-180.us-east-2.compute.internal:8080/function/source
func source url is http://ip-172-31-12-180.us-east-2.compute.internal:8080/function/source
encoded json is {"topic_name":"nexmark_src","rate_shape":"square","aid":"q8","events_num":25920000,"rate_period":10000000000,"bid_avg_size":100,"first_event_rate":144000,"next_event_rate":144000,"person_avg_size":200,"auction_avg_size":500,"duration":180,"person_proportion":1,"auction_proportion":3,"bid_proportion":46,"bid_hot_ratio_auctions":2,"bid_hot_ratio_bidders":4,"auction_hot_ratio_sellers":4,"flushms":100,"rate_limited":false,"waitEnd":true,"serde_format":1,"numOutPar":4,"parNum":1,"nSrcIns":4}, node constraint is 1,2,3,4
encoded json is {"topic_name":"nexmark_src","rate_shape":"square","aid":"q8","events_num":25920000,"rate_period":10000000000,"bid_avg_size":100,"first_event_rate":144000,"next_event_rate":144000,"person_avg_size":200,"auction_avg_size":500,"duration":180,"person_proportion":1,"auction_proportion":3,"bid_proportion":46,"bid_hot_ratio_auctions":2,"bid_hot_ratio_bidders":4,"auction_hot_ratio_sellers":4,"flushms":100,"rate_limited":false,"waitEnd":true,"serde_format":1,"numOutPar":4,"parNum":3,"nSrcIns":4}, node constraint is 1,2,3,4
encoded json is {"topic_name":"nexmark_src","rate_shape":"square","aid":"q8","events_num":25920000,"rate_period":10000000000,"bid_avg_size":100,"first_event_rate":144000,"next_event_rate":144000,"person_avg_size":200,"auction_avg_size":500,"duration":180,"person_proportion":1,"auction_proportion":3,"bid_proportion":46,"bid_hot_ratio_auctions":2,"bid_hot_ratio_bidders":4,"auction_hot_ratio_sellers":4,"flushms":100,"rate_limited":false,"waitEnd":true,"serde_format":1,"numOutPar":4,"parNum":2,"nSrcIns":4}, node constraint is 1,2,3,4
encoded json is {"topic_name":"nexmark_src","rate_shape":"square","aid":"q8","events_num":25920000,"rate_period":10000000000,"bid_avg_size":100,"first_event_rate":144000,"next_event_rate":144000,"person_avg_size":200,"auction_avg_size":500,"duration":180,"person_proportion":1,"auction_proportion":3,"bid_proportion":46,"bid_hot_ratio_auctions":2,"bid_hot_ratio_bidders":4,"auction_hot_ratio_sellers":4,"flushms":100,"rate_limited":false,"waitEnd":true,"serde_format":1,"numOutPar":4,"nSrcIns":4}, node constraint is 1,2,3,4
Waiting for all client to return
func name is q8JoinStream
func url is http://ip-172-31-12-180.us-east-2.compute.internal:8080/function/q8JoinStream
func name is q8GroupBy
func name is q8GroupBy
func url is http://ip-172-31-12-180.us-east-2.compute.internal:8080/function/q8GroupBy
func url is http://ip-172-31-12-180.us-east-2.compute.internal:8080/function/q8GroupBy
func name is q8JoinStream
func name is q8JoinStream
func url is http://ip-172-31-12-180.us-east-2.compute.internal:8080/function/q8JoinStream
func url is http://ip-172-31-12-180.us-east-2.compute.internal:8080/function/q8JoinStream
func name is q8GroupBy
func url is http://ip-172-31-12-180.us-east-2.compute.internal:8080/function/q8GroupBy
func name is q8JoinStream
func url is http://ip-172-31-12-180.us-east-2.compute.internal:8080/function/q8JoinStream
encoded json is {"aid":"q8","numOutPartition":"BA==","numSubstreamProducer":"BAQ=","outputTopicName":["q8_out"],"inputTopicName":["q8_aucsBySellerID_out","q8_personsByID_out"],"commEveryMs":100,"flushMs":100,"snapEveryS":10,"duration":180,"epoch":1,"waitEnd":true,"numChangelogPartition":4,"numInPartition":4,"ParNum":1,"gua":3,"serdeFormat":1}, node constraint is 5,6,7,8
encoded json is {"aid":"q8","numOutPartition":"BAQ=","numSubstreamProducer":"AQ==","outputTopicName":["q8_aucsBySellerID_out","q8_personsByID_out"],"inputTopicName":["nexmark_src"],"commEveryMs":100,"flushMs":100,"snapEveryS":10,"duration":180,"epoch":1,"waitEnd":true,"numChangelogPartition":4,"numInPartition":4,"ParNum":2,"gua":3,"serdeFormat":1}, node constraint is 5,6,7,8
encoded json is {"aid":"q8","numOutPartition":"BAQ=","numSubstreamProducer":"AQ==","outputTopicName":["q8_aucsBySellerID_out","q8_personsByID_out"],"inputTopicName":["nexmark_src"],"commEveryMs":100,"flushMs":100,"snapEveryS":10,"duration":180,"epoch":1,"waitEnd":true,"numChangelogPartition":4,"numInPartition":4,"ParNum":3,"gua":3,"serdeFormat":1}, node constraint is 5,6,7,8
encoded json is {"aid":"q8","numOutPartition":"BAQ=","numSubstreamProducer":"AQ==","outputTopicName":["q8_aucsBySellerID_out","q8_personsByID_out"],"inputTopicName":["nexmark_src"],"commEveryMs":100,"flushMs":100,"snapEveryS":10,"duration":180,"epoch":1,"waitEnd":true,"numChangelogPartition":4,"numInPartition":4,"ParNum":1,"gua":3,"serdeFormat":1}, node constraint is 5,6,7,8
encoded json is {"aid":"q8","numOutPartition":"BA==","numSubstreamProducer":"BAQ=","outputTopicName":["q8_out"],"inputTopicName":["q8_aucsBySellerID_out","q8_personsByID_out"],"commEveryMs":100,"flushMs":100,"snapEveryS":10,"duration":180,"epoch":1,"waitEnd":true,"numChangelogPartition":4,"numInPartition":4,"ParNum":3,"gua":3,"serdeFormat":1}, node constraint is 5,6,7,8
encoded json is {"aid":"q8","numOutPartition":"BA==","numSubstreamProducer":"BAQ=","outputTopicName":["q8_out"],"inputTopicName":["q8_aucsBySellerID_out","q8_personsByID_out"],"commEveryMs":100,"flushMs":100,"snapEveryS":10,"duration":180,"epoch":1,"waitEnd":true,"numChangelogPartition":4,"numInPartition":4,"gua":3,"serdeFormat":1}, node constraint is 5,6,7,8
func name is q8GroupBy
func url is http://ip-172-31-12-180.us-east-2.compute.internal:8080/function/q8GroupBy
encoded json is {"aid":"q8","numOutPartition":"BA==","numSubstreamProducer":"BAQ=","outputTopicName":["q8_out"],"inputTopicName":["q8_aucsBySellerID_out","q8_personsByID_out"],"commEveryMs":100,"flushMs":100,"snapEveryS":10,"duration":180,"epoch":1,"waitEnd":true,"numChangelogPartition":4,"numInPartition":4,"ParNum":2,"gua":3,"serdeFormat":1}, node constraint is 5,6,7,8
encoded json is {"aid":"q8","numOutPartition":"BAQ=","numSubstreamProducer":"AQ==","outputTopicName":["q8_aucsBySellerID_out","q8_personsByID_out"],"inputTopicName":["nexmark_src"],"commEveryMs":100,"flushMs":100,"snapEveryS":10,"duration":180,"epoch":1,"waitEnd":true,"numChangelogPartition":4,"numInPartition":4,"gua":3,"serdeFormat":1}, node constraint is 5,6,7,8
source-1 invoke done
source-2 invoke done
source-0 invoke done
source-3 invoke done
q8GroupBy-1 call done
q8GroupBy-0 call done
q8GroupBy-2 call done
q8GroupBy-3 call done
q8JoinStream-2 call done
q8JoinStream-3 call done
q8JoinStream-0 call done
q8JoinStream-1 call done
sink processed: 6479986, throughput: (event/s) 35999.44913126153
sink_ctrl processed: 1, throughput: (event/s) 0.005555482547533517
source-0 duration: 180.002365491

sink processed: 6480001, throughput: (event/s) 35999.41934221097
sink_ctrl processed: 1, throughput: (event/s) 0.005555465090547203
source-1 duration: 180.002931114

sink processed: 6479965, throughput: (event/s) 35999.31759440538
sink_ctrl processed: 1, throughput: (event/s) 0.005555480252502194
source-2 duration: 180.002439852

sink processed: 6480001, throughput: (event/s) 35999.415394139374
sink_ctrl processed: 1, throughput: (event/s) 0.00555546448127699
source-3 duration: 180.002950855

sink processed 25919953 events, duration: 180.002950855, tp: 143997.378248
sink_ctrl processed 4 events, duration: 180.002950855, tp: 0.022222

eventTimeLatency_sink, p50: 270 ms, p90: 852 ms, p99: 1606 ms
auctionsBySellerIDSrc_logEntry processed: 6345, throughput: (event/s) 35.16950860484446
auctionsBySellerIDSrc_data processed: 371399, throughput: (event/s) 2058.616284685678
personsByIDSrc_ctrl processed: 4, throughput: (event/s) 0.022171479025906674
personsByIDSrc_logEntry processed: 5941, throughput: (event/s) 32.930189223227885
personsByIDSrc_data processed: 129372, throughput: (event/s) 717.0921461348995
sink processed: 1483219, throughput: (event/s) 8221.289737331566
auctionsBySellerIDSrc_epoch processed: 5941, throughput: (event/s) 32.930189223227885
personsByIDSrc processed: 135317, throughput: (event/s) 750.0445068371532
auctionsBySellerIDSrc processed: 377344, throughput: (event/s) 2091.5686453879316
personsByIDSrc_epoch processed: 5941, throughput: (event/s) 32.930189223227885
auctionsBySellerIDSrc_ctrl processed: 4, throughput: (event/s) 0.022171479025906674
q8JoinStream-0 duration: 180.411960579

eventTimeLatency_sink, p50: 297 ms, p90: 1069 ms, p99: 2155 ms
auctionsBySellerIDSrc_data processed: 394849, throughput: (event/s) 0.0002365733439976168
auctionsBySellerIDSrc_epoch processed: 5941, throughput: (event/s) 3.559543614621897e-06
personsByIDSrc processed: 136165, throughput: (event/s) 8.158310996212602e-05
personsByIDSrc_ctrl processed: 4, throughput: (event/s) 2.396595599812757e-09
auctionsBySellerIDSrc processed: 400794, throughput: (event/s) 0.00024013528420783851
personsByIDSrc_data processed: 130220, throughput: (event/s) 7.80211697519043e-05
personsByIDSrc_epoch processed: 5941, throughput: (event/s) 3.559543614621897e-06
auctionsBySellerIDSrc_ctrl processed: 4, throughput: (event/s) 2.396595599812757e-09
personsByIDSrc_logEntry processed: 5941, throughput: (event/s) 3.559543614621897e-06
sink processed: 1580613, throughput: (event/s) 0.0009470225402017102
auctionsBySellerIDSrc_logEntry processed: 6422, throughput: (event/s) 3.847734235499381e-06
q8JoinStream-1 duration: 1.6690341917979467e+09

eventTimeLatency_sink, p50: 225 ms, p90: 652 ms, p99: 1136 ms
auctionsBySellerIDSrc_ctrl processed: 4, throughput: (event/s) 0.022186677141277384
auctionsBySellerIDSrc_data processed: 384231, throughput: (event/s) 2131.2022861675377
personsByIDSrc processed: 134943, throughput: (event/s) 748.4841933688485
personsByIDSrc_ctrl processed: 4, throughput: (event/s) 0.022186677141277384
auctionsBySellerIDSrc_epoch processed: 5941, throughput: (event/s) 32.952762224082235
personsByIDSrc_epoch processed: 5941, throughput: (event/s) 32.952762224082235
personsByIDSrc_logEntry processed: 5941, throughput: (event/s) 32.952762224082235
auctionsBySellerIDSrc processed: 390176, throughput: (event/s) 2164.177235068761
sink processed: 1538477, throughput: (event/s) 8533.423122070251
auctionsBySellerIDSrc_logEntry processed: 6384, throughput: (event/s) 35.40993671747871
personsByIDSrc_data processed: 128998, throughput: (event/s) 715.509244467625
q8JoinStream-2 duration: 180.288376422

eventTimeLatency_sink, p50: 324 ms, p90: 1536 ms, p99: 2282 ms
auctionsBySellerIDSrc_ctrl processed: 4, throughput: (event/s) 0.022187894242969245
auctionsBySellerIDSrc processed: 410664, throughput: (event/s) 2277.9423503486805
personsByIDSrc_epoch processed: 5941, throughput: (event/s) 32.95456992437007
auctionsBySellerIDSrc_logEntry processed: 6449, throughput: (event/s) 35.772432493227164
sink processed: 1620009, throughput: (event/s) 8986.14709116459
auctionsBySellerIDSrc_data processed: 404719, throughput: (event/s) 2244.9655925300676
auctionsBySellerIDSrc_epoch processed: 5941, throughput: (event/s) 32.95456992437007
personsByIDSrc processed: 135753, throughput: (event/s) 753.018301791451
personsByIDSrc_data processed: 129808, throughput: (event/s) 720.041543972838
personsByIDSrc_logEntry processed: 5941, throughput: (event/s) 32.95456992437007
personsByIDSrc_ctrl processed: 4, throughput: (event/s) 0.022187894242969245
q8JoinStream-3 duration: 180.278486827

auctionsBySellerIDSrc_logEntry processed 25600 events, duration: 1.6690341917979467e+09
personsByIDSrc_data processed 518398 events, duration: 1.6690341917979467e+09
sink processed 6222318 events, duration: 1.6690341917979467e+09
auctionsBySellerIDSrc_epoch processed 23764 events, duration: 1.6690341917979467e+09
personsByIDSrc_epoch processed 23764 events, duration: 1.6690341917979467e+09
auctionsBySellerIDSrc_ctrl processed 16 events, duration: 1.6690341917979467e+09
auctionsBySellerIDSrc_data processed 1555198 events, duration: 1.6690341917979467e+09
personsByIDSrc_ctrl processed 16 events, duration: 1.6690341917979467e+09
personsByIDSrc_logEntry processed 23764 events, duration: 1.6690341917979467e+09
personsByIDSrc processed 542178 events, duration: 1.6690341917979467e+09
auctionsBySellerIDSrc processed 1578978 events, duration: 1.6690341917979467e+09

nexmark_src_src_logEntry processed: 14106, throughput: (event/s) 78.35453308328151
personsByIDSink processed: 129599, throughput: (event/s) 719.8829670395719
auctionsBySellerIDSink processed: 388799, throughput: (event/s) 2159.660010509483
nexmark_src_src processed: 6479986, throughput: (event/s) 35994.34832101241
nexmark_src_src_ctrl processed: 1, throughput: (event/s) 0.005554695383757373
nexmark_src_src_data processed: 6479985, throughput: (event/s) 35994.34276631702
nexmark_src_src_epoch processed: 0, throughput: (event/s) 0
q8GroupBy-0 duration: 180.027873882

nexmark_src_src_data processed: 6480000, throughput: (event/s) 35994.52082745283
nexmark_src_src_epoch processed: 0, throughput: (event/s) 0
nexmark_src_src_logEntry processed: 14107, throughput: (event/s) 78.36029402976497
personsByIDSink processed: 129600, throughput: (event/s) 719.8904165490566
auctionsBySellerIDSink processed: 388800, throughput: (event/s) 2159.6712496471696
nexmark_src_src processed: 6480001, throughput: (event/s) 35994.52638216283
nexmark_src_src_ctrl processed: 1, throughput: (event/s) 0.005554710004236548
q8GroupBy-1 duration: 180.027400033

auctionsBySellerIDSink processed: 388799, throughput: (event/s) 2159.5230370018367
nexmark_src_src processed: 6479965, throughput: (event/s) 35991.948787074056
nexmark_src_src_ctrl processed: 1, throughput: (event/s) 0.00555434308473488
nexmark_src_src_data processed: 6479964, throughput: (event/s) 35991.94323273097
nexmark_src_src_epoch processed: 0, throughput: (event/s) 0
nexmark_src_src_logEntry processed: 14114, throughput: (event/s) 78.3939982979481
personsByIDSink processed: 129599, throughput: (event/s) 719.8373094385557
q8GroupBy-2 duration: 180.03929263

personsByIDSink processed: 129600, throughput: (event/s) 719.8264918187022
auctionsBySellerIDSink processed: 388800, throughput: (event/s) 2159.4794754561062
nexmark_src_src processed: 6480001, throughput: (event/s) 35991.330145151864
nexmark_src_src_ctrl processed: 1, throughput: (event/s) 0.005554216757860356
nexmark_src_src_data processed: 6480000, throughput: (event/s) 35991.3245909351
nexmark_src_src_epoch processed: 0, throughput: (event/s) 0
nexmark_src_src_logEntry processed: 14104, throughput: (event/s) 78.33667315286246
q8GroupBy-3 duration: 180.043387501

nexmark_src_src_ctrl processed 4 events, duration: 180.043387501
nexmark_src_src_data processed 25919949 events, duration: 180.043387501
nexmark_src_src_epoch processed 0 events, duration: 180.043387501
nexmark_src_src_logEntry processed 56431 events, duration: 180.043387501
personsByIDSink processed 518398 events, duration: 180.043387501
auctionsBySellerIDSink processed 1555198 events, duration: 180.043387501
nexmark_src_src processed 25919953 events, duration: 180.043387501

