wait for last: true, sink max_buf_size: 131072
warmup: 0
encoded json is {"sg":{"changelog":4,"nexmark_src":4,"q3GroupBy":4,"q3JoinTable":4,"q3_aucsBySellerID_out":4,"q3_out":4,"q3_personsByID_out":4,"source":4},"aid":"q3","fns":["source","q3GroupBy","q3JoinTable"],"bufMaxSize":131072,"epoch":1,"serdeFormat":1,"bs":true}, node constraint is 1
config: map[NodeConstraint:"1,2,3,4" NumInstance:4 OutputTopicName:["nexmark_src"] funcName:"source"]
config: map[InputTopicNames:["nexmark_src"] NodeConstraint:"5,6,7,8" NumInstance:4 NumSrcProducer:[1] OutputTopicName:["q3_aucsBySellerID_out","q3_personsByID_out"] funcName:"q3GroupBy"]
config: map[Final:true InputTopicNames:["q3_aucsBySellerID_out","q3_personsByID_out"] NodeConstraint:"5,6,7,8" NumInstance:4 NumSrcProducer:[4,4] OutputTopicName:["q3_out"] funcName:"q3JoinTable"]
srcInvokeConfig: &{FinalTpNames:[q3_out] TopicName:nexmark_src AppId:q3 NodeConstraint:1,2,3,4 AdditionalBytes:0 ScaleEpoch:0 NumOutPartition:4 InstanceID:0 NumSrcInstance:4}
cliNodes: [0xc0000261e0 0xc000026240]
inParamsMap: map[q3GroupBy:[0xc00007eaa0 0xc00007eb40 0xc00007ebe0 0xc00007ec80] q3JoinTable:[0xc00007ed20 0xc00007edc0 0xc00007ee60 0xc00007ef00]]
configScaleInput: &{Config:map[changelog:4 nexmark_src:4 q3GroupBy:4 q3JoinTable:4 q3_aucsBySellerID_out:4 q3_out:4 q3_personsByID_out:4 source:4] AppId:q3 FuncNames:[source q3GroupBy q3JoinTable] BufMaxSize:131072 ScaleEpoch:0 SerdeFormat:1 Bootstrap:false}
encoded json is {"outTpNames":["q3_out"]}, node constraint is 1
redis_setup url is http://ip-172-31-7-38.us-east-2.compute.internal:8080/function/redisSetup
encoded json is {"srcTpName":"nexmark_src","outTpNames":["q3_out"],"numOutParts":"BA==","chkptEveryMs":100,"bufMaxSize":131072,"srcNumPart":4,"gua":4,"serde_format":1}, node constraint is 1
chkptmngr url is http://ip-172-31-7-38.us-east-2.compute.internal:8080/function/chkptmngr
func source url is http://ip-172-31-7-38.us-east-2.compute.internal:8080/function/source
func source url is http://ip-172-31-7-38.us-east-2.compute.internal:8080/function/source
func source url is http://ip-172-31-7-38.us-east-2.compute.internal:8080/function/source
func source url is http://ip-172-31-7-38.us-east-2.compute.internal:8080/function/source
encoded json is {"topic_name":"nexmark_src","rate_shape":"square","aid":"q3","events_num":5760000,"rate_period":10000000000,"finOutTpNs":["q3_out"],"first_event_rate":32000,"next_event_rate":32000,"bid_avg_size":100,"person_avg_size":200,"auction_avg_size":500,"duration":180,"person_proportion":1,"auction_proportion":3,"bid_proportion":46,"bid_hot_ratio_auctions":2,"bid_hot_ratio_bidders":4,"auction_hot_ratio_sellers":4,"flushms":100,"bufMaxSize":131072,"commEveryMs":100,"rate_limited":false,"waitEnd":true,"serde_format":1,"numOutPar":4,"parNum":1,"nSrcIns":4,"gua":4}, node constraint is 1,2,3,4
encoded json is {"topic_name":"nexmark_src","rate_shape":"square","aid":"q3","events_num":5760000,"rate_period":10000000000,"finOutTpNs":["q3_out"],"first_event_rate":32000,"next_event_rate":32000,"bid_avg_size":100,"person_avg_size":200,"auction_avg_size":500,"duration":180,"person_proportion":1,"auction_proportion":3,"bid_proportion":46,"bid_hot_ratio_auctions":2,"bid_hot_ratio_bidders":4,"auction_hot_ratio_sellers":4,"flushms":100,"bufMaxSize":131072,"commEveryMs":100,"rate_limited":false,"waitEnd":true,"serde_format":1,"numOutPar":4,"parNum":2,"nSrcIns":4,"gua":4}, node constraint is 1,2,3,4
encoded json is {"topic_name":"nexmark_src","rate_shape":"square","aid":"q3","events_num":5760000,"rate_period":10000000000,"finOutTpNs":["q3_out"],"first_event_rate":32000,"next_event_rate":32000,"bid_avg_size":100,"person_avg_size":200,"auction_avg_size":500,"duration":180,"person_proportion":1,"auction_proportion":3,"bid_proportion":46,"bid_hot_ratio_auctions":2,"bid_hot_ratio_bidders":4,"auction_hot_ratio_sellers":4,"flushms":100,"bufMaxSize":131072,"commEveryMs":100,"rate_limited":false,"waitEnd":true,"serde_format":1,"numOutPar":4,"nSrcIns":4,"gua":4}, node constraint is 1,2,3,4
src instance: 4
encoded json is {"topic_name":"nexmark_src","rate_shape":"square","aid":"q3","events_num":5760000,"rate_period":10000000000,"finOutTpNs":["q3_out"],"first_event_rate":32000,"next_event_rate":32000,"bid_avg_size":100,"person_avg_size":200,"auction_avg_size":500,"duration":180,"person_proportion":1,"auction_proportion":3,"bid_proportion":46,"bid_hot_ratio_auctions":2,"bid_hot_ratio_bidders":4,"auction_hot_ratio_sellers":4,"flushms":100,"bufMaxSize":131072,"commEveryMs":100,"rate_limited":false,"waitEnd":true,"serde_format":1,"numOutPar":4,"parNum":3,"nSrcIns":4,"gua":4}, node constraint is 1,2,3,4
Waiting for all client to return
func name is q3JoinTable
func url is http://ip-172-31-7-38.us-east-2.compute.internal:8080/function/q3JoinTable
encoded json is {"aid":"q3","numOutPartition":"BA==","numSubstreamProducer":"BAQ=","outputTopicName":["q3_out"],"inputTopicName":["q3_aucsBySellerID_out","q3_personsByID_out"],"commEveryMs":100,"flushMs":100,"snapEveryS":10,"duration":180,"bufMaxSize":131072,"epoch":1,"waitEnd":true,"numChangelogPartition":4,"numInPartition":4,"ParNum":3,"gua":4,"serdeFormat":1}, node constraint is 5,6,7,8
func name is q3GroupBy
func url is http://ip-172-31-7-38.us-east-2.compute.internal:8080/function/q3GroupBy
func name is q3GroupBy
func url is http://ip-172-31-7-38.us-east-2.compute.internal:8080/function/q3GroupBy
func name is q3GroupBy
func url is http://ip-172-31-7-38.us-east-2.compute.internal:8080/function/q3GroupBy
func name is q3GroupBy
func url is http://ip-172-31-7-38.us-east-2.compute.internal:8080/function/q3GroupBy
func name is q3JoinTable
func url is http://ip-172-31-7-38.us-east-2.compute.internal:8080/function/q3JoinTable
func name is q3JoinTable
func url is http://ip-172-31-7-38.us-east-2.compute.internal:8080/function/q3JoinTable
func name is q3JoinTable
func url is http://ip-172-31-7-38.us-east-2.compute.internal:8080/function/q3JoinTable
encoded json is {"aid":"q3","numOutPartition":"BA==","numSubstreamProducer":"BAQ=","outputTopicName":["q3_out"],"inputTopicName":["q3_aucsBySellerID_out","q3_personsByID_out"],"commEveryMs":100,"flushMs":100,"snapEveryS":10,"duration":180,"bufMaxSize":131072,"epoch":1,"waitEnd":true,"numChangelogPartition":4,"numInPartition":4,"gua":4,"serdeFormat":1}, node constraint is 5,6,7,8
encoded json is {"aid":"q3","numOutPartition":"BAQ=","numSubstreamProducer":"AQ==","outputTopicName":["q3_aucsBySellerID_out","q3_personsByID_out"],"inputTopicName":["nexmark_src"],"commEveryMs":100,"flushMs":100,"snapEveryS":10,"duration":180,"bufMaxSize":131072,"epoch":1,"waitEnd":true,"numChangelogPartition":4,"numInPartition":4,"ParNum":2,"gua":4,"serdeFormat":1}, node constraint is 5,6,7,8
encoded json is {"aid":"q3","numOutPartition":"BAQ=","numSubstreamProducer":"AQ==","outputTopicName":["q3_aucsBySellerID_out","q3_personsByID_out"],"inputTopicName":["nexmark_src"],"commEveryMs":100,"flushMs":100,"snapEveryS":10,"duration":180,"bufMaxSize":131072,"epoch":1,"waitEnd":true,"numChangelogPartition":4,"numInPartition":4,"ParNum":3,"gua":4,"serdeFormat":1}, node constraint is 5,6,7,8
encoded json is {"aid":"q3","numOutPartition":"BAQ=","numSubstreamProducer":"AQ==","outputTopicName":["q3_aucsBySellerID_out","q3_personsByID_out"],"inputTopicName":["nexmark_src"],"commEveryMs":100,"flushMs":100,"snapEveryS":10,"duration":180,"bufMaxSize":131072,"epoch":1,"waitEnd":true,"numChangelogPartition":4,"numInPartition":4,"ParNum":1,"gua":4,"serdeFormat":1}, node constraint is 5,6,7,8
encoded json is {"aid":"q3","numOutPartition":"BA==","numSubstreamProducer":"BAQ=","outputTopicName":["q3_out"],"inputTopicName":["q3_aucsBySellerID_out","q3_personsByID_out"],"commEveryMs":100,"flushMs":100,"snapEveryS":10,"duration":180,"bufMaxSize":131072,"epoch":1,"waitEnd":true,"numChangelogPartition":4,"numInPartition":4,"ParNum":1,"gua":4,"serdeFormat":1}, node constraint is 5,6,7,8
encoded json is {"aid":"q3","numOutPartition":"BA==","numSubstreamProducer":"BAQ=","outputTopicName":["q3_out"],"inputTopicName":["q3_aucsBySellerID_out","q3_personsByID_out"],"commEveryMs":100,"flushMs":100,"snapEveryS":10,"duration":180,"bufMaxSize":131072,"epoch":1,"waitEnd":true,"numChangelogPartition":4,"numInPartition":4,"ParNum":2,"gua":4,"serdeFormat":1}, node constraint is 5,6,7,8
encoded json is {"aid":"q3","numOutPartition":"BAQ=","numSubstreamProducer":"AQ==","outputTopicName":["q3_aucsBySellerID_out","q3_personsByID_out"],"inputTopicName":["nexmark_src"],"commEveryMs":100,"flushMs":100,"snapEveryS":10,"duration":180,"bufMaxSize":131072,"epoch":1,"waitEnd":true,"numChangelogPartition":4,"numInPartition":4,"gua":4,"serdeFormat":1}, node constraint is 5,6,7,8
source-2 invoke done
source-1 invoke done
source-3 invoke done
source-0 invoke done
q3GroupBy-1 call done
q3GroupBy-3 call done
q3GroupBy-0 call done
q3GroupBy-2 call done
q3JoinTable-0 call done
q3JoinTable-1 call done
q3JoinTable-2 call done
q3JoinTable-3 call done
sink processed: 1440002, throughput: (event/s) 7997.778677508203
sink_ctrl processed: 2, throughput: (event/s) 0.011108010513191236
source-0 duration: 180.050243707

sink processed: 1440002, throughput: (event/s) 7997.766667726226
sink_ctrl processed: 2, throughput: (event/s) 0.011107993832961658
source-1 duration: 180.050514078

sink processed: 1440002, throughput: (event/s) 7997.768551560694
sink_ctrl processed: 2, throughput: (event/s) 0.011107996449394784
source-2 duration: 180.050471668

sink processed: 1440002, throughput: (event/s) 7998.504803669686
sink_ctrl processed: 2, throughput: (event/s) 0.011109019020348148
source-3 duration: 180.033898253

sink_ctrl processed 8 events, duration: 180.050514078, tp: 0.044432
sink processed 5760008 events, duration: 180.050514078, tp: 31991.066671

eventTimeLatency_sink, p50: 113 ms, p90: 172 ms, p99: 205 ms
personsSrc_logEntry processed: 4853, throughput: (event/s) 26.94501838869115
sink processed: 13124, throughput: (event/s) 72.86759145542605
auctionsSrc_epoch processed: 0, throughput: (event/s) 0
personsSrc processed: 15744, throughput: (event/s) 87.41445899681712
auctionsSrc_data processed: 15600, throughput: (event/s) 86.61493650599257
personsSrc_data processed: 14450, throughput: (event/s) 80.22986105843543
auctionsSrc_logEntry processed: 3458, throughput: (event/s) 19.199644258828354
auctionsSrc processed: 16894, throughput: (event/s) 93.79953444437426
personsSrc_ctrl processed: 1294, throughput: (event/s) 7.184597938381692
personsSrc_epoch processed: 0, throughput: (event/s) 0
auctionsSrc_ctrl processed: 1294, throughput: (event/s) 7.184597938381692
q3JoinTable-0 duration: 180.107503732

eventTimeLatency_sink, p50: 115 ms, p90: 172 ms, p99: 205 ms
auctionsSrc_data processed: 16023, throughput: (event/s) 88.96121472919435
personsSrc processed: 15733, throughput: (event/s) 87.35110724174092
auctionsSrc_logEntry processed: 3472, throughput: (event/s) 19.27687309116662
personsSrc_data processed: 14439, throughput: (event/s) 80.16669659082801
personsSrc_logEntry processed: 4866, throughput: (event/s) 27.016493220511745
sink processed: 13807, throughput: (event/s) 76.65777268713639
auctionsSrc processed: 17317, throughput: (event/s) 96.14562538010725
auctionsSrc_ctrl processed: 1294, throughput: (event/s) 7.1844106509129055
personsSrc_epoch processed: 0, throughput: (event/s) 0
auctionsSrc_epoch processed: 0, throughput: (event/s) 0
personsSrc_ctrl processed: 1294, throughput: (event/s) 7.1844106509129055
q3JoinTable-1 duration: 180.112198881

eventTimeLatency_sink, p50: 115 ms, p90: 174 ms, p99: 210 ms
auctionsSrc_data processed: 16757, throughput: (event/s) 93.03482180947938
auctionsSrc_logEntry processed: 3543, throughput: (event/s) 19.6707270794883
personsSrc processed: 15593, throughput: (event/s) 86.57229674018093
auctionsSrc processed: 18051, throughput: (event/s) 100.2191065514658
auctionsSrc_epoch processed: 0, throughput: (event/s) 0
personsSrc_data processed: 14299, throughput: (event/s) 79.38801199819453
personsSrc_ctrl processed: 1294, throughput: (event/s) 7.184284741986413
personsSrc_epoch processed: 0, throughput: (event/s) 0
personsSrc_logEntry processed: 4842, throughput: (event/s) 26.88277180888579
sink processed: 15161, throughput: (event/s) 84.17383382786399
auctionsSrc_ctrl processed: 1294, throughput: (event/s) 7.184284741986413
q3JoinTable-2 duration: 180.115355456

eventTimeLatency_sink, p50: 115 ms, p90: 175 ms, p99: 208 ms
personsSrc_epoch processed: 0, throughput: (event/s) 0
personsSrc_logEntry processed: 4820, throughput: (event/s) 26.760171006517904
auctionsSrc_logEntry processed: 3719, throughput: (event/s) 20.647526135526988
personsSrc processed: 15632, throughput: (event/s) 86.78734298213442
personsSrc_ctrl processed: 1294, throughput: (event/s) 7.184162091791322
personsSrc_data processed: 14338, throughput: (event/s) 79.6031808903431
auctionsSrc processed: 22023, throughput: (event/s) 122.26955312791365
auctionsSrc_epoch processed: 0, throughput: (event/s) 0
sink processed: 17929, throughput: (event/s) 99.54006348046877
auctionsSrc_ctrl processed: 1294, throughput: (event/s) 7.184162091791322
auctionsSrc_data processed: 20729, throughput: (event/s) 115.08539103612233
q3JoinTable-3 duration: 180.11843044

auctionsSrc processed 74285 events, duration: 180.11843044
personsSrc_ctrl processed 5176 events, duration: 180.11843044
personsSrc_epoch processed 0 events, duration: 180.11843044
auctionsSrc_data processed 69109 events, duration: 180.11843044
sink processed 60021 events, duration: 180.11843044
auctionsSrc_epoch processed 0 events, duration: 180.11843044
personsSrc processed 62702 events, duration: 180.11843044
personsSrc_data processed 57526 events, duration: 180.11843044
auctionsSrc_logEntry processed 14192 events, duration: 180.11843044
auctionsSrc_ctrl processed 5176 events, duration: 180.11843044
personsSrc_logEntry processed 19381 events, duration: 180.11843044

nexmark_src_src_logEntry processed: 3517, throughput: (event/s) 19.530567256074505
perSink processed: 14367, throughput: (event/s) 79.78267266648348
aucSink processed: 17416, throughput: (event/s) 96.71434726522422
nexmark_src_src processed: 1441291, throughput: (event/s) 8003.761959361637
nexmark_src_src_ctrl processed: 1291, throughput: (event/s) 7.169167565422857
nexmark_src_src_data processed: 1440000, throughput: (event/s) 7996.592791796214
nexmark_src_src_epoch processed: 0, throughput: (event/s) 0
q3GroupBy-0 duration: 180.076694849

nexmark_src_src_logEntry processed: 3523, throughput: (event/s) 19.56442900387409
perSink processed: 14368, throughput: (event/s) 79.79043881000935
aucSink processed: 17308, throughput: (event/s) 96.11726857764768
nexmark_src_src processed: 1441291, throughput: (event/s) 8003.983946472521
nexmark_src_src_ctrl processed: 1291, throughput: (event/s) 7.169366404769075
nexmark_src_src_data processed: 1440000, throughput: (event/s) 7996.814580067752
nexmark_src_src_epoch processed: 0, throughput: (event/s) 0
q3GroupBy-1 duration: 180.071700498

nexmark_src_src_data processed: 1440000, throughput: (event/s) 7996.5440805898
nexmark_src_src_epoch processed: 0, throughput: (event/s) 0
nexmark_src_src_logEntry processed: 3519, throughput: (event/s) 19.541554596941324
perSink processed: 14395, throughput: (event/s) 79.9376750278404
aucSink processed: 17308, throughput: (event/s) 96.11401732420018
nexmark_src_src processed: 1441291, throughput: (event/s) 8003.713204484273
nexmark_src_src_ctrl processed: 1291, throughput: (event/s) 7.169123894473216
q3GroupBy-2 duration: 180.077791792

nexmark_src_src_data processed: 1440000, throughput: (event/s) 7997.527157493989
nexmark_src_src_epoch processed: 0, throughput: (event/s) 0
nexmark_src_src_logEntry processed: 3520, throughput: (event/s) 19.549510829429753
perSink processed: 14396, throughput: (event/s) 79.95305622172464
aucSink processed: 17077, throughput: (event/s) 94.84289671425337
nexmark_src_src processed: 1441291, throughput: (event/s) 8004.697162744214
nexmark_src_src_ctrl processed: 1291, throughput: (event/s) 7.170005250225514
q3GroupBy-3 duration: 180.05565616

nexmark_src_src_epoch processed 0 events, duration: 180.077791792
nexmark_src_src_logEntry processed 14079 events, duration: 180.077791792
perSink processed 57526 events, duration: 180.077791792
aucSink processed 69109 events, duration: 180.077791792
nexmark_src_src processed 5765164 events, duration: 180.077791792
nexmark_src_src_ctrl processed 5164 events, duration: 180.077791792
nexmark_src_src_data processed 5760000 events, duration: 180.077791792

