parallel restore str: , false
env str: , async2ndPhase: false
env str: , create snapshot: false
2024/03/03 11:33:43 [INFO] Load configuration for function scale[40]
2024/03/03 11:33:43 [INFO] Load configuration for function chkptmngr[50]
2024/03/03 11:33:43 [INFO] Load configuration for function redisSetup[70]
2024/03/03 11:33:43 [INFO] Load configuration for function source[20]
2024/03/03 11:33:43 [INFO] Load configuration for function query2[30]
2024/03/03 11:33:43 [INFO] Parse FAAS_ENGINE_ID: 4
2024/03/03 11:33:43 [INFO] Parse FAAS_ENGINE_ID: 4
2024/03/03 11:33:43 [INFO] Current GOMAXPROCS is 2
2024/03/03 11:33:43 [INFO] Parse FAAS_ENGINE_ID: 4
2024/03/03 11:33:43 [INFO] Current GOMAXPROCS is 3
2024/03/03 11:33:43 [INFO] Parse FAAS_ENGINE_ID: 4
2024/03/03 11:33:43 [INFO] Start new FuncWorker with client id 3
2024/03/03 11:33:43 [INFO] Current GOMAXPROCS is 4
2024/03/03 11:33:43 [INFO] Start new FuncWorker with client id 4
2024/03/03 11:33:43 [INFO] Start new FuncWorker with client id 5
2024/03/03 11:33:43 [INFO] Start new FuncWorker with client id 6
Enter nexmark: funcName: source
2024/03/03 11:33:43 [INFO] Handshake with engine done
Enter nexmark: funcName: source
2024/03/03 11:33:43 [INFO] Handshake with engine done
Enter nexmark: funcName: source
Enter nexmark: funcName: source
2024/03/03 11:33:43 [INFO] Handshake with engine done
2024/03/03 11:33:43 [INFO] Handshake with engine done
redis address is [snapcache-1:6666 snapcache-2:6666 snapcache-3:6666 snapcache-4:6666]
new buffered sink stream nexmark_src[0] with bufMaxSize 131072
new buffered sink stream nexmark_src[1] with bufMaxSize 131072
new buffered sink stream nexmark_src[2] with bufMaxSize 131072
new buffered sink stream nexmark_src[3] with bufMaxSize 131072
Generator config: 
	InterEventDelayUs: [20.833333333333332]
	EventPerEpoch    : 0
	MaxEvents        : 34560000
	FirstEventNumber : 1
	EpochPeriodMs    : 0
	StepLengthSec    : 5
	BaseTime         : 1709465750142
	FirstEventId     : 1
	TotalProportion  : 50
	BidProportion    : 46
	AuctionProportion: 3
	PersonProportion : 1
Nexmark config: 
	NumEvents            : 34560000
	NumEventGenerators   : 4
	RateShape            : 0
	FirstEventRate       : 192000
	NextEventRate        : 192000
	RateUnit             : 1000000
	RatePeriodSec        : 10
	PreloadSeconds       : 0
	StreamTimeout        : 240
	IsRateLimited        : false
	UseWallclockEventTime: false
	AvgPersonByteSize    : 200
	AvgAuctionByteSize   : 500
	AvgBidByteSize       : 100
	HotAuctionRatio      : 2
	HotSellersRatio      : 4
	HotBiddersRatio      : 4
	WindowSizeSec        : 10
	WindowPeriodSec      : 5
	WatermarkHoldbackSec : 0
	NumInFlightAuctions  : 100
	NumActivePeople      : 1000
	OccasionalDelaySec   : 3
	ProbDelayedEvent     : 0.1
	OutOfOrderGroupSize  : 1
Input config: 
	SrcTopicName   : nexmark_src
	AppId          : q2
	FinalOutTpNames: [q2_out]
	Duration(s)    : 180
	FlushMs        : 10
	BufMaxSize     : 131072
	CommitEveryMs  : 100
	WaitForEndMark : true
	SerdeFormat    : MSGP
	NumOutPartition: 4
	ParNum         : 3
	NumSrcInstance : 4
	Guarantee      : ALIGN_CHKPT
new buffered sink stream __control_log_q2[0] with bufMaxSize 131072
new buffered sink stream __control_log_q2[0] with bufMaxSize 131072
generate events to [3]
StartTs: 1709465750143
gen first chkpt
srcGen_3 stats (479952 samples): dur=10.006854346s, p50=4, p90=13, p99=56
nexmark_src_bufEntry_3 stats (1661 samples): dur=10.006959597s, p50=502, p90=510, p99=512
nexmark_src_bufSize_3 stats (1661 samples): dur=10.007041063s, p50=130435, p90=131016, p99=131065
srcGen_3 stats (480384 samples): dur=10.007251791s, p50=4, p90=13, p99=52
nexmark_src_bufEntry_3 stats (1664 samples): dur=10.006279384s, p50=485, p90=510, p99=513
nexmark_src_bufSize_3 stats (1664 samples): dur=10.006301151s, p50=125599, p90=131022, p99=131064
srcGen_3 stats (480288 samples): dur=10.006680996s, p50=4, p90=14, p99=51
nexmark_src_bufEntry_3 stats (1659 samples): dur=10.001490321s, p50=489, p90=507, p99=512
nexmark_src_bufSize_3 stats (1659 samples): dur=10.001470873s, p50=127311, p90=131018, p99=131064
srcGen_3 stats (480384 samples): dur=10.007486316s, p50=4, p90=13, p99=51
nexmark_src_bufEntry_3 stats (1667 samples): dur=10.003176756s, p50=457, p90=506, p99=509
nexmark_src_bufSize_3 stats (1667 samples): dur=10.003176357s, p50=118653, p90=131017, p99=131067
srcGen_3 stats (480370 samples): dur=10.00667165s, p50=4, p90=13, p99=53
nexmark_src_bufEntry_3 stats (1658 samples): dur=10.006987133s, p50=491, p90=506, p99=508
nexmark_src_bufSize_3 stats (1658 samples): dur=10.006987134s, p50=127477, p90=131014, p99=131062
srcGen_3 stats (480271 samples): dur=10.006690719s, p50=4, p90=13, p99=51
nexmark_src_bufEntry_3 stats (1661 samples): dur=10.004116698s, p50=478, p90=506, p99=509
nexmark_src_bufSize_3 stats (1661 samples): dur=10.004117496s, p50=124319, p90=131023, p99=131066
srcGen_3 stats (480319 samples): dur=10.006772466s, p50=4, p90=13, p99=48
nexmark_src_bufEntry_3 stats (1655 samples): dur=10.006773736s, p50=486, p90=505, p99=508
nexmark_src_bufSize_3 stats (1655 samples): dur=10.006769882s, p50=126433, p90=131016, p99=131066
srcGen_3 stats (480341 samples): dur=10.006851844s, p50=4, p90=13, p99=51
nexmark_src_bufEntry_3 stats (1657 samples): dur=10.008530199s, p50=485, p90=502, p99=504
nexmark_src_bufSize_3 stats (1657 samples): dur=10.008530668s, p50=126256, p90=131023, p99=131067
srcGen_3 stats (480377 samples): dur=10.006495849s, p50=4, p90=13, p99=52
nexmark_src_bufEntry_3 stats (1675 samples): dur=10.00653984s, p50=489, p90=502, p99=504
nexmark_src_bufSize_3 stats (1675 samples): dur=10.006540422s, p50=127795, p90=131016, p99=131064
srcGen_3 stats (480236 samples): dur=10.006589052s, p50=4, p90=13, p99=58
nexmark_src_bufEntry_3 stats (1671 samples): dur=10.004879182s, p50=474, p90=502, p99=504
nexmark_src_bufSize_3 stats (1671 samples): dur=10.004882682s, p50=123775, p90=131026, p99=131068
srcGen_3 stats (480307 samples): dur=10.006489757s, p50=4, p90=13, p99=56
nexmark_src_bufEntry_3 stats (1678 samples): dur=10.006477637s, p50=486, p90=502, p99=504
nexmark_src_bufSize_3 stats (1678 samples): dur=10.006477629s, p50=127143, p90=131023, p99=131066
srcGen_3 stats (480350 samples): dur=10.006608459s, p50=4, p90=13, p99=60
nexmark_src_bufEntry_3 stats (1667 samples): dur=10.006574821s, p50=473, p90=502, p99=504
nexmark_src_bufSize_3 stats (1667 samples): dur=10.006574415s, p50=124201, p90=131023, p99=131065
srcGen_3 stats (480309 samples): dur=10.007147718s, p50=4, p90=13, p99=52
nexmark_src_bufEntry_3 stats (1659 samples): dur=10.00718209s, p50=432, p90=502, p99=504
nexmark_src_bufSize_3 stats (1659 samples): dur=10.007180536s, p50=111706, p90=131018, p99=131066
srcGen_3 stats (480296 samples): dur=10.006676261s, p50=4, p90=13, p99=51
nexmark_src_bufEntry_3 stats (1653 samples): dur=10.008752744s, p50=491, p90=502, p99=504
nexmark_src_bufSize_3 stats (1653 samples): dur=10.008767762s, p50=129228, p90=131023, p99=131067
srcGen_3 stats (480424 samples): dur=10.007737104s, p50=4, p90=13, p99=54
nexmark_src_bufEntry_3 stats (1659 samples): dur=10.005658012s, p50=488, p90=502, p99=505
nexmark_src_bufSize_3 stats (1659 samples): dur=10.005704435s, p50=128279, p90=131020, p99=131066
srcGen_3 stats (480336 samples): dur=10.007083353s, p50=4, p90=13, p99=52
nexmark_src_bufEntry_3 stats (1659 samples): dur=10.007081148s, p50=491, p90=502, p99=504
nexmark_src_bufSize_3 stats (1659 samples): dur=10.007024725s, p50=128747, p90=131021, p99=131064
srcGen_3 stats (480288 samples): dur=10.006757334s, p50=4, p90=13, p99=50
nexmark_src_bufEntry_3 stats (1668 samples): dur=10.00676003s, p50=463, p90=502, p99=504
nexmark_src_bufSize_3 stats (1668 samples): dur=10.006754759s, p50=121056, p90=131024, p99=131066
[3] chkmngr has terminated
generate stream end mark with tag: 404b3c06f60bdf03
[3] all stopped
