wait for last: true, sink max_buf_size: 131072
warmup: 0
config: map[NodeConstraint:"1,2,3,4" NumInstance:4 OutputTopicName:["nexmark_src"] funcName:"source"]
config: map[InputTopicNames:["nexmark_src"] NodeConstraint:"5,6,7,8" NumInstance:4 NumSrcProducer:[1] OutputTopicName:["q46_aucsByID","q46_bidsByAucID"] funcName:"q46GroupBy"]
config: map[InputTopicNames:["q46_aucsByID","q46_bidsByAucID"] NodeConstraint:"5,6,7,8" NumInstance:4 NumSrcProducer:[4,4] OutputTopicName:["q6_aucIDSeller"] funcName:"q6JoinStream"]
config: map[InputTopicNames:["q6_aucIDSeller"] NodeConstraint:"5,6,7,8" NumInstance:4 NumSrcProducer:[1] OutputTopicName:["q6_maxBids"] funcName:"q6MaxBid"]
config: map[Final:true InputTopicNames:["q6_maxBids"] NodeConstraint:"5,6,7,8" NumInstance:4 NumSrcProducer:[4] OutputTopicName:["q6_out"] funcName:"q6Avg"]
srcInvokeConfig: &{FinalTpNames:[q6_out] TopicName:nexmark_src AppId:q6 NodeConstraint:1,2,3,4 AdditionalBytes:0 ScaleEpoch:0 NumOutPartition:4 InstanceID:0 NumSrcInstance:4}
cliNodes: [0xc0000261e0 0xc000026240 0xc000026280 0xc0000262e0]
inParamsMap: map[q46GroupBy:[0xc00007eaa0 0xc00007eb40 0xc00007ebe0 0xc00007ec80] q6Avg:[0xc00007f220 0xc00007f2c0 0xc00007f360 0xc00007f400] q6JoinStream:[0xc00007ed20 0xc00007edc0 0xc00007ee60 0xc00007ef00] q6MaxBid:[0xc00007efa0 0xc00007f040 0xc00007f0e0 0xc00007f180]]
configScaleInput: &{Config:map[changelog:4 nexmark_src:4 q46GroupBy:4 q46_aucsByID:4 q46_bidsByAucID:4 q6Avg:4 q6JoinStream:4 q6MaxBid:4 q6_aucIDSeller:4 q6_maxBids:4 q6_out:4 source:4] AppId:q6 FuncNames:[source q46GroupBy q6JoinStream q6MaxBid q6Avg] BufMaxSize:131072 ScaleEpoch:0 SerdeFormat:1 Bootstrap:false}
encoded json is {"sg":{"changelog":4,"nexmark_src":4,"q46GroupBy":4,"q46_aucsByID":4,"q46_bidsByAucID":4,"q6Avg":4,"q6JoinStream":4,"q6MaxBid":4,"q6_aucIDSeller":4,"q6_maxBids":4,"q6_out":4,"source":4},"aid":"q6","fns":["source","q46GroupBy","q6JoinStream","q6MaxBid","q6Avg"],"bufMaxSize":131072,"epoch":1,"serdeFormat":1,"bs":true}, node constraint is 1
encoded json is {"outTpNames":["q6_out"]}, node constraint is 1
redis_setup url is http://ip-172-31-7-169.us-east-2.compute.internal:8080/function/redisSetup
encoded json is {"srcTpName":"nexmark_src","outTpNames":["q6_out"],"numOutParts":"BA==","chkptEveryMs":100,"bufMaxSize":131072,"srcNumPart":4,"gua":4,"serde_format":1}, node constraint is 1
chkptmngr url is http://ip-172-31-7-169.us-east-2.compute.internal:8080/function/chkptmngr
func source url is http://ip-172-31-7-169.us-east-2.compute.internal:8080/function/source
func source url is http://ip-172-31-7-169.us-east-2.compute.internal:8080/function/source
func source url is http://ip-172-31-7-169.us-east-2.compute.internal:8080/function/source
encoded json is {"topic_name":"nexmark_src","rate_shape":"square","aid":"q6","events_num":1080000,"rate_period":10000000000,"finOutTpNs":["q6_out"],"first_event_rate":6000,"next_event_rate":6000,"bid_avg_size":100,"person_avg_size":200,"auction_avg_size":500,"duration":180,"person_proportion":1,"auction_proportion":3,"bid_proportion":46,"bid_hot_ratio_auctions":2,"bid_hot_ratio_bidders":4,"auction_hot_ratio_sellers":4,"flushms":100,"bufMaxSize":131072,"commEveryMs":100,"rate_limited":false,"waitEnd":true,"serde_format":1,"numOutPar":4,"parNum":3,"nSrcIns":4,"gua":4}, node constraint is 1,2,3,4
src instance: 4
encoded json is {"topic_name":"nexmark_src","rate_shape":"square","aid":"q6","events_num":1080000,"rate_period":10000000000,"finOutTpNs":["q6_out"],"first_event_rate":6000,"next_event_rate":6000,"bid_avg_size":100,"person_avg_size":200,"auction_avg_size":500,"duration":180,"person_proportion":1,"auction_proportion":3,"bid_proportion":46,"bid_hot_ratio_auctions":2,"bid_hot_ratio_bidders":4,"auction_hot_ratio_sellers":4,"flushms":100,"bufMaxSize":131072,"commEveryMs":100,"rate_limited":false,"waitEnd":true,"serde_format":1,"numOutPar":4,"nSrcIns":4,"gua":4}, node constraint is 1,2,3,4
func source url is http://ip-172-31-7-169.us-east-2.compute.internal:8080/function/source
encoded json is {"topic_name":"nexmark_src","rate_shape":"square","aid":"q6","events_num":1080000,"rate_period":10000000000,"finOutTpNs":["q6_out"],"first_event_rate":6000,"next_event_rate":6000,"bid_avg_size":100,"person_avg_size":200,"auction_avg_size":500,"duration":180,"person_proportion":1,"auction_proportion":3,"bid_proportion":46,"bid_hot_ratio_auctions":2,"bid_hot_ratio_bidders":4,"auction_hot_ratio_sellers":4,"flushms":100,"bufMaxSize":131072,"commEveryMs":100,"rate_limited":false,"waitEnd":true,"serde_format":1,"numOutPar":4,"parNum":1,"nSrcIns":4,"gua":4}, node constraint is 1,2,3,4
encoded json is {"topic_name":"nexmark_src","rate_shape":"square","aid":"q6","events_num":1080000,"rate_period":10000000000,"finOutTpNs":["q6_out"],"first_event_rate":6000,"next_event_rate":6000,"bid_avg_size":100,"person_avg_size":200,"auction_avg_size":500,"duration":180,"person_proportion":1,"auction_proportion":3,"bid_proportion":46,"bid_hot_ratio_auctions":2,"bid_hot_ratio_bidders":4,"auction_hot_ratio_sellers":4,"flushms":100,"bufMaxSize":131072,"commEveryMs":100,"rate_limited":false,"waitEnd":true,"serde_format":1,"numOutPar":4,"parNum":2,"nSrcIns":4,"gua":4}, node constraint is 1,2,3,4
encoded json is {"aid":"q6","numOutPartition":"BAQ=","numSubstreamProducer":"AQ==","outputTopicName":["q46_aucsByID","q46_bidsByAucID"],"inputTopicName":["nexmark_src"],"commEveryMs":100,"flushMs":100,"snapEveryS":10,"duration":180,"bufMaxSize":131072,"epoch":1,"waitEnd":true,"numChangelogPartition":4,"numInPartition":4,"ParNum":3,"gua":4,"serdeFormat":1}, node constraint is 5,6,7,8
encoded json is {"aid":"q6","numOutPartition":"BA==","numSubstreamProducer":"BA==","outputTopicName":["q6_out"],"inputTopicName":["q6_maxBids"],"commEveryMs":100,"flushMs":100,"snapEveryS":10,"duration":180,"bufMaxSize":131072,"epoch":1,"waitEnd":true,"numChangelogPartition":4,"numInPartition":4,"gua":4,"serdeFormat":1}, node constraint is 5,6,7,8
encoded json is {"aid":"q6","numOutPartition":"BA==","numSubstreamProducer":"BA==","outputTopicName":["q6_out"],"inputTopicName":["q6_maxBids"],"commEveryMs":100,"flushMs":100,"snapEveryS":10,"duration":180,"bufMaxSize":131072,"epoch":1,"waitEnd":true,"numChangelogPartition":4,"numInPartition":4,"ParNum":3,"gua":4,"serdeFormat":1}, node constraint is 5,6,7,8
encoded json is {"aid":"q6","numOutPartition":"BA==","numSubstreamProducer":"AQ==","outputTopicName":["q6_maxBids"],"inputTopicName":["q6_aucIDSeller"],"commEveryMs":100,"flushMs":100,"snapEveryS":10,"duration":180,"bufMaxSize":131072,"epoch":1,"waitEnd":true,"numChangelogPartition":4,"numInPartition":4,"ParNum":1,"gua":4,"serdeFormat":1}, node constraint is 5,6,7,8
encoded json is {"aid":"q6","numOutPartition":"BA==","numSubstreamProducer":"BA==","outputTopicName":["q6_out"],"inputTopicName":["q6_maxBids"],"commEveryMs":100,"flushMs":100,"snapEveryS":10,"duration":180,"bufMaxSize":131072,"epoch":1,"waitEnd":true,"numChangelogPartition":4,"numInPartition":4,"ParNum":2,"gua":4,"serdeFormat":1}, node constraint is 5,6,7,8
encoded json is {"aid":"q6","numOutPartition":"BA==","numSubstreamProducer":"BAQ=","outputTopicName":["q6_aucIDSeller"],"inputTopicName":["q46_aucsByID","q46_bidsByAucID"],"commEveryMs":100,"flushMs":100,"snapEveryS":10,"duration":180,"bufMaxSize":131072,"epoch":1,"waitEnd":true,"numChangelogPartition":4,"numInPartition":4,"ParNum":3,"gua":4,"serdeFormat":1}, node constraint is 5,6,7,8
encoded json is {"aid":"q6","numOutPartition":"BA==","numSubstreamProducer":"AQ==","outputTopicName":["q6_maxBids"],"inputTopicName":["q6_aucIDSeller"],"commEveryMs":100,"flushMs":100,"snapEveryS":10,"duration":180,"bufMaxSize":131072,"epoch":1,"waitEnd":true,"numChangelogPartition":4,"numInPartition":4,"gua":4,"serdeFormat":1}, node constraint is 5,6,7,8
encoded json is {"aid":"q6","numOutPartition":"BA==","numSubstreamProducer":"BAQ=","outputTopicName":["q6_aucIDSeller"],"inputTopicName":["q46_aucsByID","q46_bidsByAucID"],"commEveryMs":100,"flushMs":100,"snapEveryS":10,"duration":180,"bufMaxSize":131072,"epoch":1,"waitEnd":true,"numChangelogPartition":4,"numInPartition":4,"ParNum":1,"gua":4,"serdeFormat":1}, node constraint is 5,6,7,8
encoded json is {"aid":"q6","numOutPartition":"BA==","numSubstreamProducer":"BA==","outputTopicName":["q6_out"],"inputTopicName":["q6_maxBids"],"commEveryMs":100,"flushMs":100,"snapEveryS":10,"duration":180,"bufMaxSize":131072,"epoch":1,"waitEnd":true,"numChangelogPartition":4,"numInPartition":4,"ParNum":1,"gua":4,"serdeFormat":1}, node constraint is 5,6,7,8
encoded json is {"aid":"q6","numOutPartition":"BA==","numSubstreamProducer":"AQ==","outputTopicName":["q6_maxBids"],"inputTopicName":["q6_aucIDSeller"],"commEveryMs":100,"flushMs":100,"snapEveryS":10,"duration":180,"bufMaxSize":131072,"epoch":1,"waitEnd":true,"numChangelogPartition":4,"numInPartition":4,"ParNum":2,"gua":4,"serdeFormat":1}, node constraint is 5,6,7,8
encoded json is {"aid":"q6","numOutPartition":"BAQ=","numSubstreamProducer":"AQ==","outputTopicName":["q46_aucsByID","q46_bidsByAucID"],"inputTopicName":["nexmark_src"],"commEveryMs":100,"flushMs":100,"snapEveryS":10,"duration":180,"bufMaxSize":131072,"epoch":1,"waitEnd":true,"numChangelogPartition":4,"numInPartition":4,"ParNum":1,"gua":4,"serdeFormat":1}, node constraint is 5,6,7,8
encoded json is {"aid":"q6","numOutPartition":"BAQ=","numSubstreamProducer":"AQ==","outputTopicName":["q46_aucsByID","q46_bidsByAucID"],"inputTopicName":["nexmark_src"],"commEveryMs":100,"flushMs":100,"snapEveryS":10,"duration":180,"bufMaxSize":131072,"epoch":1,"waitEnd":true,"numChangelogPartition":4,"numInPartition":4,"ParNum":2,"gua":4,"serdeFormat":1}, node constraint is 5,6,7,8
encoded json is {"aid":"q6","numOutPartition":"BAQ=","numSubstreamProducer":"AQ==","outputTopicName":["q46_aucsByID","q46_bidsByAucID"],"inputTopicName":["nexmark_src"],"commEveryMs":100,"flushMs":100,"snapEveryS":10,"duration":180,"bufMaxSize":131072,"epoch":1,"waitEnd":true,"numChangelogPartition":4,"numInPartition":4,"gua":4,"serdeFormat":1}, node constraint is 5,6,7,8
encoded json is {"aid":"q6","numOutPartition":"BA==","numSubstreamProducer":"BAQ=","outputTopicName":["q6_aucIDSeller"],"inputTopicName":["q46_aucsByID","q46_bidsByAucID"],"commEveryMs":100,"flushMs":100,"snapEveryS":10,"duration":180,"bufMaxSize":131072,"epoch":1,"waitEnd":true,"numChangelogPartition":4,"numInPartition":4,"ParNum":2,"gua":4,"serdeFormat":1}, node constraint is 5,6,7,8
encoded json is {"aid":"q6","numOutPartition":"BA==","numSubstreamProducer":"AQ==","outputTopicName":["q6_maxBids"],"inputTopicName":["q6_aucIDSeller"],"commEveryMs":100,"flushMs":100,"snapEveryS":10,"duration":180,"bufMaxSize":131072,"epoch":1,"waitEnd":true,"numChangelogPartition":4,"numInPartition":4,"ParNum":3,"gua":4,"serdeFormat":1}, node constraint is 5,6,7,8
encoded json is {"aid":"q6","numOutPartition":"BA==","numSubstreamProducer":"BAQ=","outputTopicName":["q6_aucIDSeller"],"inputTopicName":["q46_aucsByID","q46_bidsByAucID"],"commEveryMs":100,"flushMs":100,"snapEveryS":10,"duration":180,"bufMaxSize":131072,"epoch":1,"waitEnd":true,"numChangelogPartition":4,"numInPartition":4,"gua":4,"serdeFormat":1}, node constraint is 5,6,7,8
func name is q46GroupBy
func url is http://ip-172-31-7-169.us-east-2.compute.internal:8080/function/q46GroupBy
Waiting for all client to return
func name is q6Avg
func url is http://ip-172-31-7-169.us-east-2.compute.internal:8080/function/q6Avg
func name is q46GroupBy
func url is http://ip-172-31-7-169.us-east-2.compute.internal:8080/function/q46GroupBy
func name is q6JoinStream
func url is http://ip-172-31-7-169.us-east-2.compute.internal:8080/function/q6JoinStream
func name is q46GroupBy
func url is http://ip-172-31-7-169.us-east-2.compute.internal:8080/function/q46GroupBy
func name is q6JoinStream
func url is http://ip-172-31-7-169.us-east-2.compute.internal:8080/function/q6JoinStream
func name is q6JoinStream
func url is http://ip-172-31-7-169.us-east-2.compute.internal:8080/function/q6JoinStream
func name is q6MaxBid
func url is http://ip-172-31-7-169.us-east-2.compute.internal:8080/function/q6MaxBid
func name is q46GroupBy
func name is q6MaxBid
func url is http://ip-172-31-7-169.us-east-2.compute.internal:8080/function/q6MaxBid
func url is http://ip-172-31-7-169.us-east-2.compute.internal:8080/function/q46GroupBy
func name is q6MaxBid
func url is http://ip-172-31-7-169.us-east-2.compute.internal:8080/function/q6MaxBid
func name is q6Avg
func url is http://ip-172-31-7-169.us-east-2.compute.internal:8080/function/q6Avg
func name is q6Avg
func url is http://ip-172-31-7-169.us-east-2.compute.internal:8080/function/q6Avg
func name is q6JoinStream
func url is http://ip-172-31-7-169.us-east-2.compute.internal:8080/function/q6JoinStream
func name is q6MaxBid
func url is http://ip-172-31-7-169.us-east-2.compute.internal:8080/function/q6MaxBid
func name is q6Avg
func url is http://ip-172-31-7-169.us-east-2.compute.internal:8080/function/q6Avg
source-2 invoke done
source-1 invoke done
source-0 invoke done
source-3 invoke done
q46GroupBy-1 call done
q46GroupBy-2 call done
q46GroupBy-3 call done
q46GroupBy-0 call done
q6MaxBid-1 call done
q6JoinStream-1 call done
q6MaxBid-2 call done
q6JoinStream-2 call done
q6MaxBid-3 call done
q6JoinStream-3 call done
q6MaxBid-0 call done
q6Avg-1 call done
q6Avg-0 call done
q6Avg-3 call done
q6Avg-2 call done
q6JoinStream-0 call done
sink_ctrl processed: 2, throughput: (event/s) 0.011110945877580684
sink processed: 270002, throughput: (event/s) 1499.9888044192699
source-0 duration: 180.002676823

sink processed: 270002, throughput: (event/s) 1499.9768063498877
sink_ctrl processed: 2, throughput: (event/s) 0.011110857003650993
source-1 duration: 180.004116635

sink processed: 270002, throughput: (event/s) 1499.9892357430936
sink_ctrl processed: 2, throughput: (event/s) 0.011110949072548304
source-2 duration: 180.002625063

sink processed: 270002, throughput: (event/s) 1499.9841512543007
sink_ctrl processed: 2, throughput: (event/s) 0.01111091140994734
source-3 duration: 180.003235217

sink_ctrl processed 8 events, duration: 180.004116635, tp: 0.044443
sink processed 1080008 events, duration: 180.004116635, tp: 5999.907225

bidsByAucIDSrc_data processed: 240926, throughput: (event/s) 1204.9334403523253
bidsByAucIDSrc_logEntry processed: 7014, throughput: (event/s) 35.07883395993463
sink processed: 676657, throughput: (event/s) 3384.137232795478
bidsByAucIDSrc processed: 241211, throughput: (event/s) 1206.3587993027932
bidsByAucIDSrc_epoch processed: 0, throughput: (event/s) 0
aucsByIDSrc_epoch processed: 0, throughput: (event/s) 0
aucsByIDSrc_logEntry processed: 6484, throughput: (event/s) 32.42816643801199
aucsByIDSrc_data processed: 16208, throughput: (event/s) 81.06041357607933
bidsByAucIDSrc_ctrl processed: 285, throughput: (event/s) 1.4253589504678312
aucsByIDSrc processed: 16493, throughput: (event/s) 82.48577252654717
aucsByIDSrc_ctrl processed: 285, throughput: (event/s) 1.4253589504678312
q6JoinStream-0 duration: 199.949633674

bidsByAucIDSrc_data processed: 228107, throughput: (event/s) 1206.0611313881334
bidsByAucIDSrc_epoch processed: 0, throughput: (event/s) 0
bidsByAucIDSrc_logEntry processed: 7014, throughput: (event/s) 37.08484516282432
aucsByIDSrc processed: 16445, throughput: (event/s) 86.94899895960165
aucsByIDSrc_logEntry processed: 6536, throughput: (event/s) 34.55753464274591
bidsByAucIDSrc processed: 228392, throughput: (event/s) 1207.5680006312764
bidsByAucIDSrc_ctrl processed: 285, throughput: (event/s) 1.5068692431429902
aucsByIDSrc_ctrl processed: 285, throughput: (event/s) 1.5068692431429902
aucsByIDSrc_epoch processed: 0, throughput: (event/s) 0
sink processed: 645606, throughput: (event/s) 3413.487103819555
aucsByIDSrc_data processed: 16160, throughput: (event/s) 85.44212971645867
q6JoinStream-1 duration: 189.133862342

bidsByAucIDSrc_data processed: 244778, throughput: (event/s) 1283.5846595256992
bidsByAucIDSrc processed: 245063, throughput: (event/s) 1285.0791632309538
bidsByAucIDSrc_logEntry processed: 7014, throughput: (event/s) 36.78052276721459
sink processed: 707315, throughput: (event/s) 3709.0697834463062
aucsByIDSrc_data processed: 16276, throughput: (event/s) 85.34927125166591
aucsByIDSrc_epoch processed: 0, throughput: (event/s) 0
aucsByIDSrc_logEntry processed: 6475, throughput: (event/s) 33.954075408855786
bidsByAucIDSrc_epoch processed: 0, throughput: (event/s) 0
aucsByIDSrc processed: 16561, throughput: (event/s) 86.84377495692057
aucsByIDSrc_ctrl processed: 285, throughput: (event/s) 1.4945037052546564
bidsByAucIDSrc_ctrl processed: 285, throughput: (event/s) 1.4945037052546564
q6JoinStream-2 duration: 190.69875772

bidsByAucIDSrc processed: 280074, throughput: (event/s) 1430.1627702638227
bidsByAucIDSrc_ctrl processed: 285, throughput: (event/s) 1.4553167717288626
bidsByAucIDSrc_logEntry processed: 7014, throughput: (event/s) 35.81611170844296
aucsByIDSrc_ctrl processed: 285, throughput: (event/s) 1.4553167717288626
aucsByIDSrc_epoch processed: 0, throughput: (event/s) 0
aucsByIDSrc_data processed: 16156, throughput: (event/s) 82.49858864579475
bidsByAucIDSrc_data processed: 279789, throughput: (event/s) 1428.707453492094
aucsByIDSrc_logEntry processed: 6480, throughput: (event/s) 33.08930765194046
bidsByAucIDSrc_epoch processed: 0, throughput: (event/s) 0
sink processed: 816820, throughput: (event/s) 4170.988931521297
aucsByIDSrc processed: 16441, throughput: (event/s) 83.95390541752361
q6JoinStream-3 duration: 195.83365322

bidsByAucIDSrc processed 994740 events, duration: 199.949633674
bidsByAucIDSrc_epoch processed 0 events, duration: 199.949633674
aucsByIDSrc_epoch processed 0 events, duration: 199.949633674
aucsByIDSrc_data processed 64800 events, duration: 199.949633674
aucsByIDSrc processed 65940 events, duration: 199.949633674
aucsByIDSrc_ctrl processed 1140 events, duration: 199.949633674
bidsByAucIDSrc_data processed 993600 events, duration: 199.949633674
bidsByAucIDSrc_logEntry processed 28056 events, duration: 199.949633674
sink processed 2846398 events, duration: 199.949633674
aucsByIDSrc_logEntry processed 25975 events, duration: 199.949633674
bidsByAucIDSrc_ctrl processed 1140 events, duration: 199.949633674

q6_aucIDSeller_src processed: 676939, throughput: (event/s) 3397.1205252450227
q6_aucIDSeller_src_ctrl processed: 282, throughput: (event/s) 1.4151762390984954
q6_aucIDSeller_src_data processed: 676657, throughput: (event/s) 3395.7053490059243
q6_aucIDSeller_src_epoch processed: 0, throughput: (event/s) 0
q6_aucIDSeller_src_logEntry processed: 1976, throughput: (event/s) 9.91627038460506
sink processed: 91993, throughput: (event/s) 461.65357362903507
q6MaxBid-0 duration: 199.268467212

q6_aucIDSeller_src_ctrl processed: 282, throughput: (event/s) 1.4972526569258113
q6_aucIDSeller_src_data processed: 645606, throughput: (event/s) 3427.784747614345
q6_aucIDSeller_src_epoch processed: 0, throughput: (event/s) 0
q6_aucIDSeller_src_logEntry processed: 1798, throughput: (event/s) 9.546313039548258
sink processed: 109152, throughput: (event/s) 579.5323475488161
q6_aucIDSeller_src processed: 645888, throughput: (event/s) 3429.282000271271
q6MaxBid-1 duration: 188.344965491

q6_aucIDSeller_src processed: 707597, throughput: (event/s) 3724.3982282582597
q6_aucIDSeller_src_ctrl processed: 282, throughput: (event/s) 1.4842916241431623
q6_aucIDSeller_src_data processed: 707315, throughput: (event/s) 3722.9139366341165
q6_aucIDSeller_src_epoch processed: 0, throughput: (event/s) 0
q6_aucIDSeller_src_logEntry processed: 1860, throughput: (event/s) 9.79000858477405
sink processed: 97142, throughput: (event/s) 511.3016203989896
q6MaxBid-2 duration: 189.989618895

q6_aucIDSeller_src processed: 817102, throughput: (event/s) 4192.293568908264
q6_aucIDSeller_src_ctrl processed: 282, throughput: (event/s) 1.4468533750157635
q6_aucIDSeller_src_data processed: 816820, throughput: (event/s) 4190.846715533248
q6_aucIDSeller_src_epoch processed: 0, throughput: (event/s) 0
q6_aucIDSeller_src_logEntry processed: 1973, throughput: (event/s) 10.12284293938334
sink processed: 92668, throughput: (event/s) 475.45038495021555
q6MaxBid-3 duration: 194.905720835

q6_aucIDSeller_src processed 2847526 events, duration: 199.268467212
q6_aucIDSeller_src_ctrl processed 1128 events, duration: 199.268467212
q6_aucIDSeller_src_data processed 2846398 events, duration: 199.268467212
q6_aucIDSeller_src_epoch processed 0 events, duration: 199.268467212
q6_aucIDSeller_src_logEntry processed 7607 events, duration: 199.268467212
sink processed 390955 events, duration: 199.268467212

eventTimeLatency_sink, p50: 272 ms, p90: 6716 ms, p99: 13548 ms
q6_maxBids_src_ctrl processed: 285, throughput: (event/s) 1.4302655034211624
q6_maxBids_src_data processed: 89418, throughput: (event/s) 448.7420378418018
q6_maxBids_src_epoch processed: 0, throughput: (event/s) 0
q6_maxBids_src_logEntry processed: 5543, throughput: (event/s) 27.81740942267896
sink processed: 89418, throughput: (event/s) 448.7420378418018
q6_maxBids_src processed: 89703, throughput: (event/s) 450.17230334522293
q6Avg-0 duration: 199.263702661

eventTimeLatency_sink, p50: 370 ms, p90: 9124 ms, p99: 16930 ms
q6_maxBids_src processed: 75118, throughput: (event/s) 376.96108906662386
q6_maxBids_src_ctrl processed: 285, throughput: (event/s) 1.4302019540454725
q6_maxBids_src_data processed: 74833, throughput: (event/s) 375.53088711257834
q6_maxBids_src_epoch processed: 0, throughput: (event/s) 0
q6_maxBids_src_logEntry processed: 5516, throughput: (event/s) 27.68068062636781
sink processed: 74833, throughput: (event/s) 375.53088711257834
q6Avg-1 duration: 199.272556714

eventTimeLatency_sink, p50: 307 ms, p90: 6718 ms, p99: 12849 ms
q6_maxBids_src_epoch processed: 0, throughput: (event/s) 0
q6_maxBids_src_logEntry processed: 5629, throughput: (event/s) 28.248353905102544
sink processed: 121436, throughput: (event/s) 609.4096828601942
q6_maxBids_src processed: 121721, throughput: (event/s) 610.8399157368958
q6_maxBids_src_ctrl processed: 285, throughput: (event/s) 1.4302328767017634
q6_maxBids_src_data processed: 121436, throughput: (event/s) 609.4096828601942
q6Avg-2 duration: 199.268248299

eventTimeLatency_sink, p50: 820 ms, p90: 7712 ms, p99: 14452 ms
q6_maxBids_src_data processed: 105268, throughput: (event/s) 528.2732097756526
q6_maxBids_src_epoch processed: 0, throughput: (event/s) 0
q6_maxBids_src_logEntry processed: 5663, throughput: (event/s) 28.418999002161346
sink processed: 105268, throughput: (event/s) 528.2732097756526
q6_maxBids_src processed: 105553, throughput: (event/s) 529.7034437003596
q6_maxBids_src_ctrl processed: 285, throughput: (event/s) 1.4302339247070428
q6Avg-3 duration: 199.268102285

q6_maxBids_src_logEntry processed 22351 events, duration: 199.272556714
sink processed 390955 events, duration: 199.272556714
q6_maxBids_src processed 392095 events, duration: 199.272556714
q6_maxBids_src_ctrl processed 1140 events, duration: 199.272556714
q6_maxBids_src_data processed 390955 events, duration: 199.272556714
q6_maxBids_src_epoch processed 0 events, duration: 199.272556714

nexmark_src_src processed: 270282, throughput: (event/s) 1501.3909833108576
nexmark_src_src_ctrl processed: 282, throughput: (event/s) 1.566483366608438
nexmark_src_src_data processed: 270000, throughput: (event/s) 1499.824499944249
nexmark_src_src_epoch processed: 0, throughput: (event/s) 0
nexmark_src_src_logEntry processed: 1764, throughput: (event/s) 9.79885339963576
aucsByIDSink processed: 16200, throughput: (event/s) 89.98946999665495
bidsByAucIDSink processed: 248400, throughput: (event/s) 1379.8385399487092
q46GroupBy-0 duration: 180.021062471

aucsByIDSink processed: 16200, throughput: (event/s) 89.98893163687478
bidsByAucIDSink processed: 248400, throughput: (event/s) 1379.8302850987466
nexmark_src_src processed: 270282, throughput: (event/s) 1501.3820012764068
nexmark_src_src_ctrl processed: 282, throughput: (event/s) 1.5664739951604127
nexmark_src_src_data processed: 270000, throughput: (event/s) 1499.8155272812462
nexmark_src_src_epoch processed: 0, throughput: (event/s) 0
nexmark_src_src_logEntry processed: 1766, throughput: (event/s) 9.809904522884004
q46GroupBy-1 duration: 180.022139449

nexmark_src_src_ctrl processed: 282, throughput: (event/s) 1.5664872655306363
nexmark_src_src_data processed: 270000, throughput: (event/s) 1499.8282329548645
nexmark_src_src_epoch processed: 0, throughput: (event/s) 0
nexmark_src_src_logEntry processed: 1765, throughput: (event/s) 9.804432708019762
aucsByIDSink processed: 16200, throughput: (event/s) 89.98969397729188
bidsByAucIDSink processed: 248400, throughput: (event/s) 1379.8419743184754
nexmark_src_src processed: 270282, throughput: (event/s) 1501.3947202203951
q46GroupBy-2 duration: 180.020614406

nexmark_src_src_ctrl processed: 282, throughput: (event/s) 1.5664819200794324
nexmark_src_src_data processed: 270000, throughput: (event/s) 1499.8231149696694
nexmark_src_src_epoch processed: 0, throughput: (event/s) 0
nexmark_src_src_logEntry processed: 1764, throughput: (event/s) 9.798844351135173
aucsByIDSink processed: 16200, throughput: (event/s) 89.98938689818016
bidsByAucIDSink processed: 248400, throughput: (event/s) 1379.8372657720959
nexmark_src_src processed: 270282, throughput: (event/s) 1501.3895968897486
q46GroupBy-3 duration: 180.021228707

nexmark_src_src_logEntry processed 7059 events, duration: 180.022139449
aucsByIDSink processed 64800 events, duration: 180.022139449
bidsByAucIDSink processed 993600 events, duration: 180.022139449
nexmark_src_src processed 1081128 events, duration: 180.022139449
nexmark_src_src_ctrl processed 1128 events, duration: 180.022139449
nexmark_src_src_data processed 1080000 events, duration: 180.022139449
nexmark_src_src_epoch processed 0 events, duration: 180.022139449

