wait for last: true, sink max_buf_size: 131072
warmup: 0
encoded json is {"sg":{"nexmark_src":4,"q2_out":4,"query2":4,"source":4},"aid":"q2","fns":["source","query2"],"bufMaxSize":131072,"epoch":1,"serdeFormat":1,"bs":true}, node constraint is 1
config: map[NodeConstraint:"1,2,3,4" NumInstance:4 OutputTopicName:["nexmark_src"] funcName:"source"]
config: map[Final:true InputTopicNames:["nexmark_src"] NodeConstraint:"5,6,7,8" NumInstance:4 NumSrcProducer:[1] OutputTopicName:["q2_out"] funcName:"query2"]
srcInvokeConfig: &{FinalTpNames:[q2_out] TopicName:nexmark_src AppId:q2 NodeConstraint:1,2,3,4 AdditionalBytes:0 ScaleEpoch:0 NumOutPartition:4 InstanceID:0 NumSrcInstance:4}
cliNodes: [0xc000026160]
inParamsMap: map[query2:[0xc00007eaa0 0xc00007eb40 0xc00007ebe0 0xc00007ec80]]
configScaleInput: &{Config:map[nexmark_src:4 q2_out:4 query2:4 source:4] AppId:q2 FuncNames:[source query2] BufMaxSize:131072 ScaleEpoch:0 SerdeFormat:1 Bootstrap:false}
encoded json is {"outTpNames":["q2_out"]}, node constraint is 1
redis_setup url is http://ip-172-31-4-64.us-east-2.compute.internal:8080/function/redisSetup
encoded json is {"srcTpName":"nexmark_src","outTpNames":["q2_out"],"numOutParts":"BA==","chkptEveryMs":100,"bufMaxSize":131072,"srcNumPart":4,"gua":4,"serde_format":1}, node constraint is 1
chkptmngr url is http://ip-172-31-4-64.us-east-2.compute.internal:8080/function/chkptmngr
func source url is http://ip-172-31-4-64.us-east-2.compute.internal:8080/function/source
func source url is http://ip-172-31-4-64.us-east-2.compute.internal:8080/function/source
src instance: 4
func source url is http://ip-172-31-4-64.us-east-2.compute.internal:8080/function/source
func source url is http://ip-172-31-4-64.us-east-2.compute.internal:8080/function/source
encoded json is {"topic_name":"nexmark_src","rate_shape":"square","aid":"q2","events_num":2880000,"rate_period":10000000000,"finOutTpNs":["q2_out"],"first_event_rate":16000,"next_event_rate":16000,"bid_avg_size":100,"person_avg_size":200,"auction_avg_size":500,"duration":180,"person_proportion":1,"auction_proportion":3,"bid_proportion":46,"bid_hot_ratio_auctions":2,"bid_hot_ratio_bidders":4,"auction_hot_ratio_sellers":4,"flushms":10,"bufMaxSize":131072,"commEveryMs":100,"rate_limited":false,"waitEnd":true,"serde_format":1,"numOutPar":4,"nSrcIns":4,"gua":4}, node constraint is 1,2,3,4
encoded json is {"topic_name":"nexmark_src","rate_shape":"square","aid":"q2","events_num":2880000,"rate_period":10000000000,"finOutTpNs":["q2_out"],"first_event_rate":16000,"next_event_rate":16000,"bid_avg_size":100,"person_avg_size":200,"auction_avg_size":500,"duration":180,"person_proportion":1,"auction_proportion":3,"bid_proportion":46,"bid_hot_ratio_auctions":2,"bid_hot_ratio_bidders":4,"auction_hot_ratio_sellers":4,"flushms":10,"bufMaxSize":131072,"commEveryMs":100,"rate_limited":false,"waitEnd":true,"serde_format":1,"numOutPar":4,"parNum":1,"nSrcIns":4,"gua":4}, node constraint is 1,2,3,4
encoded json is {"topic_name":"nexmark_src","rate_shape":"square","aid":"q2","events_num":2880000,"rate_period":10000000000,"finOutTpNs":["q2_out"],"first_event_rate":16000,"next_event_rate":16000,"bid_avg_size":100,"person_avg_size":200,"auction_avg_size":500,"duration":180,"person_proportion":1,"auction_proportion":3,"bid_proportion":46,"bid_hot_ratio_auctions":2,"bid_hot_ratio_bidders":4,"auction_hot_ratio_sellers":4,"flushms":10,"bufMaxSize":131072,"commEveryMs":100,"rate_limited":false,"waitEnd":true,"serde_format":1,"numOutPar":4,"parNum":2,"nSrcIns":4,"gua":4}, node constraint is 1,2,3,4
encoded json is {"topic_name":"nexmark_src","rate_shape":"square","aid":"q2","events_num":2880000,"rate_period":10000000000,"finOutTpNs":["q2_out"],"first_event_rate":16000,"next_event_rate":16000,"bid_avg_size":100,"person_avg_size":200,"auction_avg_size":500,"duration":180,"person_proportion":1,"auction_proportion":3,"bid_proportion":46,"bid_hot_ratio_auctions":2,"bid_hot_ratio_bidders":4,"auction_hot_ratio_sellers":4,"flushms":10,"bufMaxSize":131072,"commEveryMs":100,"rate_limited":false,"waitEnd":true,"serde_format":1,"numOutPar":4,"parNum":3,"nSrcIns":4,"gua":4}, node constraint is 1,2,3,4
encoded json is {"aid":"q2","numOutPartition":"BA==","numSubstreamProducer":"AQ==","outputTopicName":["q2_out"],"inputTopicName":["nexmark_src"],"commEveryMs":100,"flushMs":100,"duration":180,"bufMaxSize":131072,"epoch":1,"waitEnd":true,"numInPartition":4,"ParNum":3,"gua":4,"serdeFormat":1}, node constraint is 5,6,7,8
encoded json is {"aid":"q2","numOutPartition":"BA==","numSubstreamProducer":"AQ==","outputTopicName":["q2_out"],"inputTopicName":["nexmark_src"],"commEveryMs":100,"flushMs":100,"duration":180,"bufMaxSize":131072,"epoch":1,"waitEnd":true,"numInPartition":4,"gua":4,"serdeFormat":1}, node constraint is 5,6,7,8
encoded json is {"aid":"q2","numOutPartition":"BA==","numSubstreamProducer":"AQ==","outputTopicName":["q2_out"],"inputTopicName":["nexmark_src"],"commEveryMs":100,"flushMs":100,"duration":180,"bufMaxSize":131072,"epoch":1,"waitEnd":true,"numInPartition":4,"ParNum":1,"gua":4,"serdeFormat":1}, node constraint is 5,6,7,8
encoded json is {"aid":"q2","numOutPartition":"BA==","numSubstreamProducer":"AQ==","outputTopicName":["q2_out"],"inputTopicName":["nexmark_src"],"commEveryMs":100,"flushMs":100,"duration":180,"bufMaxSize":131072,"epoch":1,"waitEnd":true,"numInPartition":4,"ParNum":2,"gua":4,"serdeFormat":1}, node constraint is 5,6,7,8
Waiting for all client to return
func name is query2
func url is http://ip-172-31-4-64.us-east-2.compute.internal:8080/function/query2
func name is query2
func url is http://ip-172-31-4-64.us-east-2.compute.internal:8080/function/query2
func name is query2
func url is http://ip-172-31-4-64.us-east-2.compute.internal:8080/function/query2
func name is query2
func url is http://ip-172-31-4-64.us-east-2.compute.internal:8080/function/query2
source-1 invoke done
source-2 invoke done
source-0 invoke done
source-3 invoke done
query2-2 call done
query2-1 call done
query2-3 call done
query2-0 call done
sink_ctrl processed: 2, throughput: (event/s) 0.011109334322383356
sink processed: 720002, throughput: (event/s) 3999.3714653923307
source-0 duration: 180.028788581

sink processed: 720002, throughput: (event/s) 3999.354502932321
sink_ctrl processed: 2, throughput: (event/s) 0.011109287204569768
source-1 duration: 180.029552137

sink processed: 719998, throughput: (event/s) 3999.335682502128
sink_ctrl processed: 2, throughput: (event/s) 0.011109296643885477
source-2 duration: 180.02939917

sink processed: 720002, throughput: (event/s) 3999.38876991295
sink_ctrl processed: 2, throughput: (event/s) 0.011109382390362667
source-3 duration: 180.028009634

sink_ctrl processed 8 events, duration: 180.029552137, tp: 0.044437
sink processed 2880004 events, duration: 180.029552137, tp: 15997.395793

eventTimeLatency_sink, p50: 10 ms, p90: 14 ms, p99: 16 ms
nexmark_src_src_data processed: 720000, throughput: (event/s) 3999.2892468705027
nexmark_src_src_epoch processed: 0, throughput: (event/s) 0
nexmark_src_src_logEntry processed: 15616, throughput: (event/s) 86.74014010990246
sink processed: 5078, throughput: (event/s) 28.206098327233907
nexmark_src_src processed: 721637, throughput: (event/s) 4008.382075338735
nexmark_src_src_ctrl processed: 1637, throughput: (event/s) 9.092828468231962
query2-0 duration: 180.031989575

eventTimeLatency_sink, p50: 9 ms, p90: 13 ms, p99: 15 ms
nexmark_src_src processed: 721637, throughput: (event/s) 4008.3800075602867
nexmark_src_src_ctrl processed: 1637, throughput: (event/s) 9.092823777572644
nexmark_src_src_data processed: 720000, throughput: (event/s) 3999.2871837827142
nexmark_src_src_epoch processed: 0, throughput: (event/s) 0
nexmark_src_src_logEntry processed: 15524, throughput: (event/s) 86.22907533478174
sink processed: 4956, throughput: (event/s) 27.528426781704347
query2-1 duration: 180.032082447

eventTimeLatency_sink, p50: 10 ms, p90: 14 ms, p99: 16 ms
nexmark_src_src_epoch processed: 0, throughput: (event/s) 0
nexmark_src_src_logEntry processed: 15681, throughput: (event/s) 87.10163722641836
sink processed: 4877, throughput: (event/s) 27.08977008821136
nexmark_src_src processed: 721633, throughput: (event/s) 4008.380573726928
nexmark_src_src_ctrl processed: 1637, throughput: (event/s) 9.092875463277014
nexmark_src_src_data processed: 719996, throughput: (event/s) 3999.2876982636512
query2-2 duration: 180.031059109

eventTimeLatency_sink, p50: 9 ms, p90: 14 ms, p99: 15 ms
nexmark_src_src_data processed: 720000, throughput: (event/s) 3999.288759888115
nexmark_src_src_epoch processed: 0, throughput: (event/s) 0
nexmark_src_src_logEntry processed: 16056, throughput: (event/s) 89.18413934550496
sink processed: 5004, throughput: (event/s) 27.795056881222397
nexmark_src_src processed: 721637, throughput: (event/s) 4008.381587249138
nexmark_src_src_ctrl processed: 1637, throughput: (event/s) 9.092827361023394
query2-3 duration: 180.032011497

nexmark_src_src_ctrl processed 6548 events, duration: 180.032082447
nexmark_src_src_data processed 2879996 events, duration: 180.032082447
nexmark_src_src_epoch processed 0 events, duration: 180.032082447
nexmark_src_src_logEntry processed 62877 events, duration: 180.032082447
sink processed 19915 events, duration: 180.032082447
nexmark_src_src processed 2886544 events, duration: 180.032082447

