wait for last: true, sink max_buf_size: 131072
warmup: 0
config: map[NodeConstraint:"1,2,3,4" NumInstance:4 OutputTopicName:["nexmark_src"] funcName:"source"]
config: map[Final:true InputTopicNames:["nexmark_src"] NodeConstraint:"5,6,7,8" NumInstance:4 NumSrcProducer:[1] OutputTopicName:["q1_out"] funcName:"query1"]
srcInvokeConfig: &{FinalTpNames:[q1_out] TopicName:nexmark_src AppId:q1 NodeConstraint:1,2,3,4 AdditionalBytes:0 ScaleEpoch:0 NumOutPartition:4 InstanceID:0 NumSrcInstance:4}
cliNodes: [0xc0000c0120]
inParamsMap: map[query1:[0xc0000a2aa0 0xc0000a2b40 0xc0000a2be0 0xc0000a2c80]]
configScaleInput: &{Config:map[nexmark_src:4 q1_out:4 query1:4 source:4] AppId:q1 FuncNames:[source query1] BufMaxSize:131072 ScaleEpoch:0 SerdeFormat:1 Bootstrap:false}
encoded json is {"sg":{"nexmark_src":4,"q1_out":4,"query1":4,"source":4},"aid":"q1","fns":["source","query1"],"bufMaxSize":131072,"epoch":1,"serdeFormat":1,"bs":true}, node constraint is 1
encoded json is {"outTpNames":["q1_out"]}, node constraint is 1
redis_setup url is http://ip-172-31-15-150.us-east-2.compute.internal:8080/function/redisSetup
encoded json is {"srcTpName":"nexmark_src","outTpNames":["q1_out"],"numOutParts":"BA==","chkptEveryMs":100,"bufMaxSize":131072,"srcNumPart":4,"gua":4,"serde_format":1}, node constraint is 1
chkptmngr url is http://ip-172-31-15-150.us-east-2.compute.internal:8080/function/chkptmngr
func source url is http://ip-172-31-15-150.us-east-2.compute.internal:8080/function/source
func source url is http://ip-172-31-15-150.us-east-2.compute.internal:8080/function/source
func source url is http://ip-172-31-15-150.us-east-2.compute.internal:8080/function/source
func source url is http://ip-172-31-15-150.us-east-2.compute.internal:8080/function/source
src instance: 4
encoded json is {"topic_name":"nexmark_src","rate_shape":"square","aid":"q1","events_num":34560000,"rate_period":10000000000,"finOutTpNs":["q1_out"],"first_event_rate":192000,"next_event_rate":192000,"bid_avg_size":100,"person_avg_size":200,"auction_avg_size":500,"duration":180,"person_proportion":1,"auction_proportion":3,"bid_proportion":46,"bid_hot_ratio_auctions":2,"bid_hot_ratio_bidders":4,"auction_hot_ratio_sellers":4,"flushms":10,"bufMaxSize":131072,"commEveryMs":100,"rate_limited":false,"waitEnd":true,"serde_format":1,"numOutPar":4,"parNum":3,"nSrcIns":4,"gua":4}, node constraint is 1,2,3,4
encoded json is {"topic_name":"nexmark_src","rate_shape":"square","aid":"q1","events_num":34560000,"rate_period":10000000000,"finOutTpNs":["q1_out"],"first_event_rate":192000,"next_event_rate":192000,"bid_avg_size":100,"person_avg_size":200,"auction_avg_size":500,"duration":180,"person_proportion":1,"auction_proportion":3,"bid_proportion":46,"bid_hot_ratio_auctions":2,"bid_hot_ratio_bidders":4,"auction_hot_ratio_sellers":4,"flushms":10,"bufMaxSize":131072,"commEveryMs":100,"rate_limited":false,"waitEnd":true,"serde_format":1,"numOutPar":4,"parNum":1,"nSrcIns":4,"gua":4}, node constraint is 1,2,3,4
encoded json is {"topic_name":"nexmark_src","rate_shape":"square","aid":"q1","events_num":34560000,"rate_period":10000000000,"finOutTpNs":["q1_out"],"first_event_rate":192000,"next_event_rate":192000,"bid_avg_size":100,"person_avg_size":200,"auction_avg_size":500,"duration":180,"person_proportion":1,"auction_proportion":3,"bid_proportion":46,"bid_hot_ratio_auctions":2,"bid_hot_ratio_bidders":4,"auction_hot_ratio_sellers":4,"flushms":10,"bufMaxSize":131072,"commEveryMs":100,"rate_limited":false,"waitEnd":true,"serde_format":1,"numOutPar":4,"nSrcIns":4,"gua":4}, node constraint is 1,2,3,4
encoded json is {"topic_name":"nexmark_src","rate_shape":"square","aid":"q1","events_num":34560000,"rate_period":10000000000,"finOutTpNs":["q1_out"],"first_event_rate":192000,"next_event_rate":192000,"bid_avg_size":100,"person_avg_size":200,"auction_avg_size":500,"duration":180,"person_proportion":1,"auction_proportion":3,"bid_proportion":46,"bid_hot_ratio_auctions":2,"bid_hot_ratio_bidders":4,"auction_hot_ratio_sellers":4,"flushms":10,"bufMaxSize":131072,"commEveryMs":100,"rate_limited":false,"waitEnd":true,"serde_format":1,"numOutPar":4,"parNum":2,"nSrcIns":4,"gua":4}, node constraint is 1,2,3,4
func name is query1
func url is http://ip-172-31-15-150.us-east-2.compute.internal:8080/function/query1
func name is query1
func url is http://ip-172-31-15-150.us-east-2.compute.internal:8080/function/query1
func name is query1
func url is http://ip-172-31-15-150.us-east-2.compute.internal:8080/function/query1
func name is query1
func url is http://ip-172-31-15-150.us-east-2.compute.internal:8080/function/query1
Waiting for all client to return
encoded json is {"aid":"q1","numOutPartition":"BA==","numSubstreamProducer":"AQ==","outputTopicName":["q1_out"],"inputTopicName":["nexmark_src"],"commEveryMs":100,"flushMs":100,"duration":180,"bufMaxSize":131072,"epoch":1,"waitEnd":true,"numInPartition":4,"gua":4,"serdeFormat":1}, node constraint is 5,6,7,8
encoded json is {"aid":"q1","numOutPartition":"BA==","numSubstreamProducer":"AQ==","outputTopicName":["q1_out"],"inputTopicName":["nexmark_src"],"commEveryMs":100,"flushMs":100,"duration":180,"bufMaxSize":131072,"epoch":1,"waitEnd":true,"numInPartition":4,"ParNum":2,"gua":4,"serdeFormat":1}, node constraint is 5,6,7,8
encoded json is {"aid":"q1","numOutPartition":"BA==","numSubstreamProducer":"AQ==","outputTopicName":["q1_out"],"inputTopicName":["nexmark_src"],"commEveryMs":100,"flushMs":100,"duration":180,"bufMaxSize":131072,"epoch":1,"waitEnd":true,"numInPartition":4,"ParNum":1,"gua":4,"serdeFormat":1}, node constraint is 5,6,7,8
encoded json is {"aid":"q1","numOutPartition":"BA==","numSubstreamProducer":"AQ==","outputTopicName":["q1_out"],"inputTopicName":["nexmark_src"],"commEveryMs":100,"flushMs":100,"duration":180,"bufMaxSize":131072,"epoch":1,"waitEnd":true,"numInPartition":4,"ParNum":3,"gua":4,"serdeFormat":1}, node constraint is 5,6,7,8
source-0 invoke done
source-2 invoke done
source-1 invoke done
source-3 invoke done
query1-0 call done
query1-3 call done
query1-2 call done
query1-1 call done
sink processed: 8639985, throughput: (event/s) 47982.231121880504
sink_ctrl processed: 2, throughput: (event/s) 0.011107017227895767
source-0 duration: 180.066345353

sink_ctrl processed: 2, throughput: (event/s) 0.011106931732084798
sink processed: 8640002, throughput: (event/s) 47981.95618953806
source-1 duration: 180.067731417

sink processed: 8640002, throughput: (event/s) 47982.32701443398
sink_ctrl processed: 2, throughput: (event/s) 0.011107017571161205
source-2 duration: 180.066339788

sink processed: 8640002, throughput: (event/s) 47982.24171904951
sink_ctrl processed: 2, throughput: (event/s) 0.011106997826863816
source-3 duration: 180.066659882

sink processed 34559991 events, duration: 180.067731417, tp: 191927.730349
sink_ctrl processed 8 events, duration: 180.067731417, tp: 0.044428

eventTimeLatency_sink, p50: 10 ms, p90: 14 ms, p99: 17 ms
sink processed: 7948785, throughput: (event/s) 44142.57610440769
nexmark_src_src processed: 8641590, throughput: (event/s) 47989.98139188423
nexmark_src_src_ctrl processed: 1607, throughput: (event/s) 8.92427204909721
nexmark_src_src_data processed: 8639983, throughput: (event/s) 47981.05711983513
nexmark_src_src_epoch processed: 0, throughput: (event/s) 0
nexmark_src_src_logEntry processed: 29749, throughput: (event/s) 165.20732370167573
query1-0 duration: 180.070709539

eventTimeLatency_sink, p50: 10 ms, p90: 14 ms, p99: 17 ms
nexmark_src_src processed: 8641607, throughput: (event/s) 47989.951399768695
nexmark_src_src_ctrl processed: 1607, throughput: (event/s) 8.924248915673704
nexmark_src_src_data processed: 8640000, throughput: (event/s) 47981.02715085302
nexmark_src_src_epoch processed: 0, throughput: (event/s) 0
nexmark_src_src_logEntry processed: 29508, throughput: (event/s) 163.86853578326054
sink processed: 7948800, throughput: (event/s) 44142.54497878478
query1-1 duration: 180.071176318

eventTimeLatency_sink, p50: 10 ms, p90: 14 ms, p99: 17 ms
nexmark_src_src_epoch processed: 0, throughput: (event/s) 0
nexmark_src_src_logEntry processed: 30035, throughput: (event/s) 166.79514570480453
sink processed: 7948800, throughput: (event/s) 44142.54217340936
nexmark_src_src processed: 8641607, throughput: (event/s) 47989.948349880426
nexmark_src_src_ctrl processed: 1607, throughput: (event/s) 8.924248348514094
nexmark_src_src_data processed: 8640000, throughput: (event/s) 47981.02410153191
query1-2 duration: 180.071187762

eventTimeLatency_sink, p50: 10 ms, p90: 14 ms, p99: 19 ms
sink processed: 7948800, throughput: (event/s) 44142.54992569897
nexmark_src_src processed: 8641607, throughput: (event/s) 47989.95677784945
nexmark_src_src_ctrl processed: 1607, throughput: (event/s) 8.924249915785811
nexmark_src_src_data processed: 8640000, throughput: (event/s) 47981.03252793367
nexmark_src_src_epoch processed: 0, throughput: (event/s) 0
nexmark_src_src_logEntry processed: 29416, throughput: (event/s) 163.35764500482603
query1-3 duration: 180.071156138

nexmark_src_src processed 34566411 events, duration: 180.071187762
nexmark_src_src_ctrl processed 6428 events, duration: 180.071187762
nexmark_src_src_data processed 34559983 events, duration: 180.071187762
nexmark_src_src_epoch processed 0 events, duration: 180.071187762
nexmark_src_src_logEntry processed 118708 events, duration: 180.071187762
sink processed 31795185 events, duration: 180.071187762

