wait for last: true, sink max_buf_size: 131072
warmup: 0
config: map[NodeConstraint:"1,2,3,4" NumInstance:4 OutputTopicName:["nexmark_src"] funcName:"source"]
config: map[InputTopicNames:["nexmark_src"] NodeConstraint:"5,6,7,8" NumInstance:4 NumSrcProducer:[1] OutputTopicName:["q46_aucsByID","q46_bidsByAucID"] funcName:"q46GroupBy"]
config: map[InputTopicNames:["q46_aucsByID","q46_bidsByAucID"] NodeConstraint:"5,6,7,8" NumInstance:4 NumSrcProducer:[4,4] OutputTopicName:["q4_aucIDCat"] funcName:"q4JoinStream"]
config: map[InputTopicNames:["q4_aucIDCat"] NodeConstraint:"5,6,7,8" NumInstance:4 NumSrcProducer:[1] OutputTopicName:["q4_maxBids"] funcName:"q4MaxBid"]
config: map[Final:true InputTopicNames:["q4_maxBids"] NodeConstraint:"5,6,7,8" NumInstance:4 NumSrcProducer:[4] OutputTopicName:["q4_out"] funcName:"q4Avg"]
srcInvokeConfig: &{FinalTpNames:[q4_out] TopicName:nexmark_src AppId:q4 NodeConstraint:1,2,3,4 AdditionalBytes:0 ScaleEpoch:0 NumOutPartition:4 InstanceID:0 NumSrcInstance:4}
cliNodes: [0xc0000261e0 0xc000026240 0xc000026280 0xc0000262e0]
inParamsMap: map[q46GroupBy:[0xc00007eaa0 0xc00007eb40 0xc00007ebe0 0xc00007ec80] q4Avg:[0xc00007f220 0xc00007f2c0 0xc00007f360 0xc00007f400] q4JoinStream:[0xc00007ed20 0xc00007edc0 0xc00007ee60 0xc00007ef00] q4MaxBid:[0xc00007efa0 0xc00007f040 0xc00007f0e0 0xc00007f180]]
encoded json is {"sg":{"changelog":4,"nexmark_src":4,"q46GroupBy":4,"q46_aucsByID":4,"q46_bidsByAucID":4,"q4Avg":4,"q4JoinStream":4,"q4MaxBid":4,"q4_aucIDCat":4,"q4_maxBids":4,"q4_out":4,"source":4},"aid":"q4","fns":["source","q46GroupBy","q4JoinStream","q4MaxBid","q4Avg"],"bufMaxSize":131072,"epoch":1,"serdeFormat":1,"bs":true}, node constraint is 1
configScaleInput: &{Config:map[changelog:4 nexmark_src:4 q46GroupBy:4 q46_aucsByID:4 q46_bidsByAucID:4 q4Avg:4 q4JoinStream:4 q4MaxBid:4 q4_aucIDCat:4 q4_maxBids:4 q4_out:4 source:4] AppId:q4 FuncNames:[source q46GroupBy q4JoinStream q4MaxBid q4Avg] BufMaxSize:131072 ScaleEpoch:0 SerdeFormat:1 Bootstrap:false}
encoded json is {"outTpNames":["q4_out"]}, node constraint is 1
redis_setup url is http://ip-172-31-9-200.us-east-2.compute.internal:8080/function/redisSetup
encoded json is {"srcTpName":"nexmark_src","outTpNames":["q4_out"],"numOutParts":"BA==","chkptEveryMs":100,"bufMaxSize":131072,"srcNumPart":4,"gua":4,"serde_format":1}, node constraint is 1
chkptmngr url is http://ip-172-31-9-200.us-east-2.compute.internal:8080/function/chkptmngr
func source url is http://ip-172-31-9-200.us-east-2.compute.internal:8080/function/source
func source url is http://ip-172-31-9-200.us-east-2.compute.internal:8080/function/source
src instance: 4
func source url is http://ip-172-31-9-200.us-east-2.compute.internal:8080/function/source
func source url is http://ip-172-31-9-200.us-east-2.compute.internal:8080/function/source
encoded json is {"topic_name":"nexmark_src","rate_shape":"square","aid":"q4","events_num":540000,"rate_period":10000000000,"finOutTpNs":["q4_out"],"first_event_rate":3000,"next_event_rate":3000,"bid_avg_size":100,"person_avg_size":200,"auction_avg_size":500,"duration":180,"person_proportion":1,"auction_proportion":3,"bid_proportion":46,"bid_hot_ratio_auctions":2,"bid_hot_ratio_bidders":4,"auction_hot_ratio_sellers":4,"flushms":100,"bufMaxSize":131072,"commEveryMs":100,"rate_limited":false,"waitEnd":true,"serde_format":1,"numOutPar":4,"parNum":1,"nSrcIns":4,"gua":4}, node constraint is 1,2,3,4
encoded json is {"topic_name":"nexmark_src","rate_shape":"square","aid":"q4","events_num":540000,"rate_period":10000000000,"finOutTpNs":["q4_out"],"first_event_rate":3000,"next_event_rate":3000,"bid_avg_size":100,"person_avg_size":200,"auction_avg_size":500,"duration":180,"person_proportion":1,"auction_proportion":3,"bid_proportion":46,"bid_hot_ratio_auctions":2,"bid_hot_ratio_bidders":4,"auction_hot_ratio_sellers":4,"flushms":100,"bufMaxSize":131072,"commEveryMs":100,"rate_limited":false,"waitEnd":true,"serde_format":1,"numOutPar":4,"nSrcIns":4,"gua":4}, node constraint is 1,2,3,4
encoded json is {"topic_name":"nexmark_src","rate_shape":"square","aid":"q4","events_num":540000,"rate_period":10000000000,"finOutTpNs":["q4_out"],"first_event_rate":3000,"next_event_rate":3000,"bid_avg_size":100,"person_avg_size":200,"auction_avg_size":500,"duration":180,"person_proportion":1,"auction_proportion":3,"bid_proportion":46,"bid_hot_ratio_auctions":2,"bid_hot_ratio_bidders":4,"auction_hot_ratio_sellers":4,"flushms":100,"bufMaxSize":131072,"commEveryMs":100,"rate_limited":false,"waitEnd":true,"serde_format":1,"numOutPar":4,"parNum":3,"nSrcIns":4,"gua":4}, node constraint is 1,2,3,4
encoded json is {"topic_name":"nexmark_src","rate_shape":"square","aid":"q4","events_num":540000,"rate_period":10000000000,"finOutTpNs":["q4_out"],"first_event_rate":3000,"next_event_rate":3000,"bid_avg_size":100,"person_avg_size":200,"auction_avg_size":500,"duration":180,"person_proportion":1,"auction_proportion":3,"bid_proportion":46,"bid_hot_ratio_auctions":2,"bid_hot_ratio_bidders":4,"auction_hot_ratio_sellers":4,"flushms":100,"bufMaxSize":131072,"commEveryMs":100,"rate_limited":false,"waitEnd":true,"serde_format":1,"numOutPar":4,"parNum":2,"nSrcIns":4,"gua":4}, node constraint is 1,2,3,4
func name is q4JoinStream
func url is http://ip-172-31-9-200.us-east-2.compute.internal:8080/function/q4JoinStream
Waiting for all client to return
func name is q4Avg
func url is http://ip-172-31-9-200.us-east-2.compute.internal:8080/function/q4Avg
func name is q4JoinStream
func url is http://ip-172-31-9-200.us-east-2.compute.internal:8080/function/q4JoinStream
func name is q4JoinStream
func url is http://ip-172-31-9-200.us-east-2.compute.internal:8080/function/q4JoinStream
func name is q4MaxBid
func url is http://ip-172-31-9-200.us-east-2.compute.internal:8080/function/q4MaxBid
func name is q4Avg
func url is http://ip-172-31-9-200.us-east-2.compute.internal:8080/function/q4Avg
func name is q4MaxBid
func name is q4MaxBid
func url is http://ip-172-31-9-200.us-east-2.compute.internal:8080/function/q4MaxBid
func url is http://ip-172-31-9-200.us-east-2.compute.internal:8080/function/q4MaxBid
func name is q4Avg
func name is q4MaxBid
func url is http://ip-172-31-9-200.us-east-2.compute.internal:8080/function/q4MaxBid
func url is http://ip-172-31-9-200.us-east-2.compute.internal:8080/function/q4Avg
func name is q46GroupBy
func url is http://ip-172-31-9-200.us-east-2.compute.internal:8080/function/q46GroupBy
func name is q46GroupBy
func url is http://ip-172-31-9-200.us-east-2.compute.internal:8080/function/q46GroupBy
func name is q4Avg
func url is http://ip-172-31-9-200.us-east-2.compute.internal:8080/function/q4Avg
encoded json is {"aid":"q4","numOutPartition":"BA==","numSubstreamProducer":"BAQ=","outputTopicName":["q4_aucIDCat"],"inputTopicName":["q46_aucsByID","q46_bidsByAucID"],"commEveryMs":100,"flushMs":100,"snapEveryS":10,"duration":180,"bufMaxSize":131072,"epoch":1,"waitEnd":true,"numChangelogPartition":4,"numInPartition":4,"ParNum":1,"gua":4,"serdeFormat":1}, node constraint is 5,6,7,8
encoded json is {"aid":"q4","numOutPartition":"BA==","numSubstreamProducer":"BAQ=","outputTopicName":["q4_aucIDCat"],"inputTopicName":["q46_aucsByID","q46_bidsByAucID"],"commEveryMs":100,"flushMs":100,"snapEveryS":10,"duration":180,"bufMaxSize":131072,"epoch":1,"waitEnd":true,"numChangelogPartition":4,"numInPartition":4,"ParNum":3,"gua":4,"serdeFormat":1}, node constraint is 5,6,7,8
encoded json is {"aid":"q4","numOutPartition":"BA==","numSubstreamProducer":"AQ==","outputTopicName":["q4_maxBids"],"inputTopicName":["q4_aucIDCat"],"commEveryMs":100,"flushMs":100,"snapEveryS":10,"duration":180,"bufMaxSize":131072,"epoch":1,"waitEnd":true,"numChangelogPartition":4,"numInPartition":4,"ParNum":2,"gua":4,"serdeFormat":1}, node constraint is 5,6,7,8
encoded json is {"aid":"q4","numOutPartition":"BA==","numSubstreamProducer":"AQ==","outputTopicName":["q4_maxBids"],"inputTopicName":["q4_aucIDCat"],"commEveryMs":100,"flushMs":100,"snapEveryS":10,"duration":180,"bufMaxSize":131072,"epoch":1,"waitEnd":true,"numChangelogPartition":4,"numInPartition":4,"gua":4,"serdeFormat":1}, node constraint is 5,6,7,8
encoded json is {"aid":"q4","numOutPartition":"BAQ=","numSubstreamProducer":"AQ==","outputTopicName":["q46_aucsByID","q46_bidsByAucID"],"inputTopicName":["nexmark_src"],"commEveryMs":100,"flushMs":100,"snapEveryS":10,"duration":180,"bufMaxSize":131072,"epoch":1,"waitEnd":true,"numChangelogPartition":4,"numInPartition":4,"ParNum":2,"gua":4,"serdeFormat":1}, node constraint is 5,6,7,8
encoded json is {"aid":"q4","numOutPartition":"BA==","numSubstreamProducer":"BA==","outputTopicName":["q4_out"],"inputTopicName":["q4_maxBids"],"commEveryMs":100,"flushMs":100,"snapEveryS":10,"duration":180,"bufMaxSize":131072,"epoch":1,"waitEnd":true,"numChangelogPartition":4,"numInPartition":4,"gua":4,"serdeFormat":1}, node constraint is 5,6,7,8
encoded json is {"aid":"q4","numOutPartition":"BAQ=","numSubstreamProducer":"AQ==","outputTopicName":["q46_aucsByID","q46_bidsByAucID"],"inputTopicName":["nexmark_src"],"commEveryMs":100,"flushMs":100,"snapEveryS":10,"duration":180,"bufMaxSize":131072,"epoch":1,"waitEnd":true,"numChangelogPartition":4,"numInPartition":4,"ParNum":1,"gua":4,"serdeFormat":1}, node constraint is 5,6,7,8
func name is q46GroupBy
func url is http://ip-172-31-9-200.us-east-2.compute.internal:8080/function/q46GroupBy
encoded json is {"aid":"q4","numOutPartition":"BAQ=","numSubstreamProducer":"AQ==","outputTopicName":["q46_aucsByID","q46_bidsByAucID"],"inputTopicName":["nexmark_src"],"commEveryMs":100,"flushMs":100,"snapEveryS":10,"duration":180,"bufMaxSize":131072,"epoch":1,"waitEnd":true,"numChangelogPartition":4,"numInPartition":4,"gua":4,"serdeFormat":1}, node constraint is 5,6,7,8
encoded json is {"aid":"q4","numOutPartition":"BA==","numSubstreamProducer":"AQ==","outputTopicName":["q4_maxBids"],"inputTopicName":["q4_aucIDCat"],"commEveryMs":100,"flushMs":100,"snapEveryS":10,"duration":180,"bufMaxSize":131072,"epoch":1,"waitEnd":true,"numChangelogPartition":4,"numInPartition":4,"ParNum":3,"gua":4,"serdeFormat":1}, node constraint is 5,6,7,8
func name is q4JoinStream
func url is http://ip-172-31-9-200.us-east-2.compute.internal:8080/function/q4JoinStream
encoded json is {"aid":"q4","numOutPartition":"BA==","numSubstreamProducer":"BAQ=","outputTopicName":["q4_aucIDCat"],"inputTopicName":["q46_aucsByID","q46_bidsByAucID"],"commEveryMs":100,"flushMs":100,"snapEveryS":10,"duration":180,"bufMaxSize":131072,"epoch":1,"waitEnd":true,"numChangelogPartition":4,"numInPartition":4,"gua":4,"serdeFormat":1}, node constraint is 5,6,7,8
encoded json is {"aid":"q4","numOutPartition":"BA==","numSubstreamProducer":"BA==","outputTopicName":["q4_out"],"inputTopicName":["q4_maxBids"],"commEveryMs":100,"flushMs":100,"snapEveryS":10,"duration":180,"bufMaxSize":131072,"epoch":1,"waitEnd":true,"numChangelogPartition":4,"numInPartition":4,"ParNum":3,"gua":4,"serdeFormat":1}, node constraint is 5,6,7,8
encoded json is {"aid":"q4","numOutPartition":"BA==","numSubstreamProducer":"AQ==","outputTopicName":["q4_maxBids"],"inputTopicName":["q4_aucIDCat"],"commEveryMs":100,"flushMs":100,"snapEveryS":10,"duration":180,"bufMaxSize":131072,"epoch":1,"waitEnd":true,"numChangelogPartition":4,"numInPartition":4,"ParNum":1,"gua":4,"serdeFormat":1}, node constraint is 5,6,7,8
encoded json is {"aid":"q4","numOutPartition":"BAQ=","numSubstreamProducer":"AQ==","outputTopicName":["q46_aucsByID","q46_bidsByAucID"],"inputTopicName":["nexmark_src"],"commEveryMs":100,"flushMs":100,"snapEveryS":10,"duration":180,"bufMaxSize":131072,"epoch":1,"waitEnd":true,"numChangelogPartition":4,"numInPartition":4,"ParNum":3,"gua":4,"serdeFormat":1}, node constraint is 5,6,7,8
encoded json is {"aid":"q4","numOutPartition":"BA==","numSubstreamProducer":"BA==","outputTopicName":["q4_out"],"inputTopicName":["q4_maxBids"],"commEveryMs":100,"flushMs":100,"snapEveryS":10,"duration":180,"bufMaxSize":131072,"epoch":1,"waitEnd":true,"numChangelogPartition":4,"numInPartition":4,"ParNum":1,"gua":4,"serdeFormat":1}, node constraint is 5,6,7,8
encoded json is {"aid":"q4","numOutPartition":"BA==","numSubstreamProducer":"BAQ=","outputTopicName":["q4_aucIDCat"],"inputTopicName":["q46_aucsByID","q46_bidsByAucID"],"commEveryMs":100,"flushMs":100,"snapEveryS":10,"duration":180,"bufMaxSize":131072,"epoch":1,"waitEnd":true,"numChangelogPartition":4,"numInPartition":4,"ParNum":2,"gua":4,"serdeFormat":1}, node constraint is 5,6,7,8
encoded json is {"aid":"q4","numOutPartition":"BA==","numSubstreamProducer":"BA==","outputTopicName":["q4_out"],"inputTopicName":["q4_maxBids"],"commEveryMs":100,"flushMs":100,"snapEveryS":10,"duration":180,"bufMaxSize":131072,"epoch":1,"waitEnd":true,"numChangelogPartition":4,"numInPartition":4,"ParNum":2,"gua":4,"serdeFormat":1}, node constraint is 5,6,7,8
func name is q46GroupBy
func url is http://ip-172-31-9-200.us-east-2.compute.internal:8080/function/q46GroupBy
source-1 invoke done
source-3 invoke done
source-2 invoke done
source-0 invoke done
q46GroupBy-1 call done
q46GroupBy-3 call done
q46GroupBy-2 call done
q46GroupBy-0 call done
q4MaxBid-0 call done
q4MaxBid-2 call done
q4JoinStream-0 call done
q4JoinStream-2 call done
q4MaxBid-1 call done
q4MaxBid-3 call done
q4Avg-1 call done
q4Avg-2 call done
q4Avg-0 call done
q4Avg-3 call done
q4JoinStream-1 call done
q4JoinStream-3 call done
sink processed: 135002, throughput: (event/s) 750.0000651934843
sink_ctrl processed: 2, throughput: (event/s) 0.011110947470311317
source-0 duration: 180.00265102

sink processed: 135002, throughput: (event/s) 749.9744560012444
sink_ctrl processed: 2, throughput: (event/s) 0.011110568080491318
source-1 duration: 180.008797526

sink_ctrl processed: 2, throughput: (event/s) 0.01111088326924007
sink processed: 135002, throughput: (event/s) 749.995731556974
source-2 duration: 180.003691114

sink processed: 135002, throughput: (event/s) 750.0002034748186
sink_ctrl processed: 2, throughput: (event/s) 0.011110949518893328
source-3 duration: 180.002617832

sink processed 540008 events, duration: 180.008797526, tp: 2999.897824
sink_ctrl processed 8 events, duration: 180.008797526, tp: 0.044442

nexmark_src_src_ctrl processed: 562, throughput: (event/s) 3.1218847320179584
nexmark_src_src_data processed: 135000, throughput: (event/s) 749.9189302890113
nexmark_src_src_epoch processed: 0, throughput: (event/s) 0
nexmark_src_src_logEntry processed: 1759, throughput: (event/s) 9.771165913913858
aucsByIDSink processed: 8100, throughput: (event/s) 44.99513581734068
bidsByAucIDSink processed: 124200, throughput: (event/s) 689.9254158658905
nexmark_src_src processed: 135562, throughput: (event/s) 753.0408150210293
q46GroupBy-0 duration: 180.019458834

aucsByIDSink processed: 8100, throughput: (event/s) 44.993115659864245
bidsByAucIDSink processed: 124200, throughput: (event/s) 689.8944401179184
nexmark_src_src processed: 135562, throughput: (event/s) 753.0070055657427
nexmark_src_src_ctrl processed: 562, throughput: (event/s) 3.1217445680053957
nexmark_src_src_data processed: 135000, throughput: (event/s) 749.8852609977373
nexmark_src_src_epoch processed: 0, throughput: (event/s) 0
nexmark_src_src_logEntry processed: 1759, throughput: (event/s) 9.770727215518667
q46GroupBy-1 duration: 180.027541574

nexmark_src_src processed: 135562, throughput: (event/s) 753.0346928372652
nexmark_src_src_ctrl processed: 562, throughput: (event/s) 3.121859351252881
nexmark_src_src_data processed: 135000, throughput: (event/s) 749.9128334860123
nexmark_src_src_epoch processed: 0, throughput: (event/s) 0
nexmark_src_src_logEntry processed: 1760, throughput: (event/s) 9.776641384706531
aucsByIDSink processed: 8100, throughput: (event/s) 44.99477000916074
bidsByAucIDSink processed: 124200, throughput: (event/s) 689.9198068071314
q46GroupBy-2 duration: 180.020922395

aucsByIDSink processed: 8100, throughput: (event/s) 44.99439396147964
bidsByAucIDSink processed: 124200, throughput: (event/s) 689.9140407426877
nexmark_src_src processed: 135562, throughput: (event/s) 753.0283992847039
nexmark_src_src_ctrl processed: 562, throughput: (event/s) 3.121833260043402
nexmark_src_src_data processed: 135000, throughput: (event/s) 749.9065660246606
nexmark_src_src_epoch processed: 0, throughput: (event/s) 0
nexmark_src_src_logEntry processed: 1760, throughput: (event/s) 9.77655967558076
q46GroupBy-3 duration: 180.022426948

nexmark_src_src_epoch processed 0 events, duration: 180.027541574
nexmark_src_src_logEntry processed 7038 events, duration: 180.027541574
aucsByIDSink processed 32400 events, duration: 180.027541574
bidsByAucIDSink processed 496800 events, duration: 180.027541574
nexmark_src_src processed 542248 events, duration: 180.027541574
nexmark_src_src_ctrl processed 2248 events, duration: 180.027541574
nexmark_src_src_data processed 540000 events, duration: 180.027541574

aucsByIDSrc_logEntry processed: 4881, throughput: (event/s) 27.043679511449106
bidsByAucIDSrc_data processed: 117111, throughput: (event/s) 648.8654684010072
bidsByAucIDSrc_epoch processed: 0, throughput: (event/s) 0
bidsByAucIDSrc_logEntry processed: 6824, throughput: (event/s) 37.8090696550151
sink processed: 313468, throughput: (event/s) 1736.801501556019
bidsByAucIDSrc processed: 117676, throughput: (event/s) 651.9959086640616
aucsByIDSrc_ctrl processed: 565, throughput: (event/s) 3.130440263054445
aucsByIDSrc_epoch processed: 0, throughput: (event/s) 0
bidsByAucIDSrc_ctrl processed: 565, throughput: (event/s) 3.130440263054445
aucsByIDSrc processed: 8637, throughput: (event/s) 47.85418150796679
aucsByIDSrc_data processed: 8072, throughput: (event/s) 44.723741244912354
q4JoinStream-0 duration: 180.485795135

sink processed: 298941, throughput: (event/s) 1651.192931487305
aucsByIDSrc processed: 8525, throughput: (event/s) 47.08761842948701
aucsByIDSrc_epoch processed: 0, throughput: (event/s) 0
bidsByAucIDSrc processed: 104453, throughput: (event/s) 576.943461327297
bidsByAucIDSrc_epoch processed: 0, throughput: (event/s) 0
bidsByAucIDSrc_ctrl processed: 565, throughput: (event/s) 3.1207629809572035
bidsByAucIDSrc_data processed: 103888, throughput: (event/s) 573.8226983463397
aucsByIDSrc_logEntry processed: 4806, throughput: (event/s) 26.545817498195255
bidsByAucIDSrc_logEntry processed: 6825, throughput: (event/s) 37.697712115102505
aucsByIDSrc_ctrl processed: 565, throughput: (event/s) 3.1207629809572035
aucsByIDSrc_data processed: 7960, throughput: (event/s) 43.966855448529806
q4JoinStream-1 duration: 181.045469793

aucsByIDSrc_data processed: 8132, throughput: (event/s) 45.05613257474316
aucsByIDSrc_epoch processed: 0, throughput: (event/s) 0
aucsByIDSrc processed: 8697, throughput: (event/s) 48.186569724857506
bidsByAucIDSrc_ctrl processed: 565, throughput: (event/s) 3.1304371501143486
sink processed: 369492, throughput: (event/s) 2047.2061654337185
bidsByAucIDSrc_logEntry processed: 6822, throughput: (event/s) 37.79795086385856
aucsByIDSrc_logEntry processed: 4873, throughput: (event/s) 26.999327845145526
bidsByAucIDSrc processed: 133282, throughput: (event/s) 738.4618128168861
bidsByAucIDSrc_data processed: 132717, throughput: (event/s) 735.3313756667717
aucsByIDSrc_ctrl processed: 565, throughput: (event/s) 3.1304371501143486
bidsByAucIDSrc_epoch processed: 0, throughput: (event/s) 0
q4JoinStream-2 duration: 180.485974612

aucsByIDSrc_logEntry processed: 4919, throughput: (event/s) 27.140329247292797
bidsByAucIDSrc_data processed: 143084, throughput: (event/s) 789.4586033786628
aucsByIDSrc_data processed: 8236, throughput: (event/s) 45.4417059729017
sink processed: 404116, throughput: (event/s) 2229.6892242526887
bidsByAucIDSrc_epoch processed: 0, throughput: (event/s) 0
bidsByAucIDSrc processed: 143649, throughput: (event/s) 792.5759617898684
bidsByAucIDSrc_logEntry processed: 6825, throughput: (event/s) 37.65658611766077
aucsByIDSrc processed: 8801, throughput: (event/s) 48.559064384107316
aucsByIDSrc_ctrl processed: 565, throughput: (event/s) 3.117358411205617
aucsByIDSrc_epoch processed: 0, throughput: (event/s) 0
bidsByAucIDSrc_ctrl processed: 565, throughput: (event/s) 3.117358411205617
q4JoinStream-3 duration: 181.243195511

bidsByAucIDSrc_data processed 496800 events, duration: 181.243195511
sink processed 1386017 events, duration: 181.243195511
aucsByIDSrc_epoch processed 0 events, duration: 181.243195511
bidsByAucIDSrc_ctrl processed 2260 events, duration: 181.243195511
aucsByIDSrc processed 34660 events, duration: 181.243195511
aucsByIDSrc_logEntry processed 19479 events, duration: 181.243195511
bidsByAucIDSrc_epoch processed 0 events, duration: 181.243195511
bidsByAucIDSrc_logEntry processed 27296 events, duration: 181.243195511
bidsByAucIDSrc processed 499060 events, duration: 181.243195511
aucsByIDSrc_ctrl processed 2260 events, duration: 181.243195511
aucsByIDSrc_data processed 32400 events, duration: 181.243195511

q4_aucIDCat_src processed: 314030, throughput: (event/s) 1744.0581170520193
q4_aucIDCat_src_ctrl processed: 562, throughput: (event/s) 3.1212325630775237
q4_aucIDCat_src_data processed: 313468, throughput: (event/s) 1740.9368844889416
q4_aucIDCat_src_epoch processed: 0, throughput: (event/s) 0
q4_aucIDCat_src_logEntry processed: 1467, throughput: (event/s) 8.147416672659658
sink processed: 98314, throughput: (event/s) 546.0157619331026
q4MaxBid-0 duration: 180.057073173

q4_aucIDCat_src_epoch processed: 0, throughput: (event/s) 0
q4_aucIDCat_src_logEntry processed: 1634, throughput: (event/s) 9.040360124095955
sink processed: 106503, throughput: (event/s) 589.2444763137034
q4_aucIDCat_src processed: 299503, throughput: (event/s) 1657.0471103103494
q4_aucIDCat_src_ctrl processed: 562, throughput: (event/s) 3.1093527477000773
q4_aucIDCat_src_data processed: 298941, throughput: (event/s) 1653.9377575626493
q4MaxBid-1 duration: 180.745012098

q4_aucIDCat_src processed: 370054, throughput: (event/s) 2054.551194931494
q4_aucIDCat_src_ctrl processed: 562, throughput: (event/s) 3.1202412933017873
q4_aucIDCat_src_data processed: 369492, throughput: (event/s) 2051.430953638192
q4_aucIDCat_src_epoch processed: 0, throughput: (event/s) 0
q4_aucIDCat_src_logEntry processed: 1303, throughput: (event/s) 7.234296094612507
sink processed: 91014, throughput: (event/s) 505.3125285917596
q4MaxBid-2 duration: 180.114275523

q4_aucIDCat_src_logEntry processed: 1453, throughput: (event/s) 8.03454123195609
sink processed: 116002, throughput: (event/s) 641.4472484441642
q4_aucIDCat_src processed: 404678, throughput: (event/s) 2237.7165014903835
q4_aucIDCat_src_ctrl processed: 562, throughput: (event/s) 3.1076477442252743
q4_aucIDCat_src_data processed: 404116, throughput: (event/s) 2234.6088537461583
q4_aucIDCat_src_epoch processed: 0, throughput: (event/s) 0
q4MaxBid-3 duration: 180.844177415

sink processed 411833 events, duration: 180.844177415
q4_aucIDCat_src processed 1388265 events, duration: 180.844177415
q4_aucIDCat_src_ctrl processed 2248 events, duration: 180.844177415
q4_aucIDCat_src_data processed 1386017 events, duration: 180.844177415
q4_aucIDCat_src_epoch processed 0 events, duration: 180.844177415
q4_aucIDCat_src_logEntry processed 5857 events, duration: 180.844177415

eventTimeLatency_sink, p50: 132 ms, p90: 297 ms, p99: 593 ms
q4_maxBids_src processed: 82888, throughput: (event/s) 458.355745980072
q4_maxBids_src_ctrl processed: 565, throughput: (event/s) 3.1243484760006357
q4_maxBids_src_data processed: 82323, throughput: (event/s) 455.23139750407137
q4_maxBids_src_epoch processed: 0, throughput: (event/s) 0
q4_maxBids_src_logEntry processed: 4551, throughput: (event/s) 25.166212237661757
sink processed: 82323, throughput: (event/s) 455.23139750407137
q4Avg-0 duration: 180.837702433

eventTimeLatency_sink, p50: 133 ms, p90: 289 ms, p99: 531 ms
q4_maxBids_src_logEntry processed: 4556, throughput: (event/s) 25.193744021730666
sink processed: 81118, throughput: (event/s) 448.5658752315075
q4_maxBids_src processed: 81683, throughput: (event/s) 451.69020915869754
q4_maxBids_src_ctrl processed: 565, throughput: (event/s) 3.1243339271900408
q4_maxBids_src_data processed: 81118, throughput: (event/s) 448.5658752315075
q4_maxBids_src_epoch processed: 0, throughput: (event/s) 0
q4Avg-1 duration: 180.838544524

eventTimeLatency_sink, p50: 134 ms, p90: 293 ms, p99: 554 ms
q4_maxBids_src_logEntry processed: 4557, throughput: (event/s) 25.199160047522927
sink processed: 83217, throughput: (event/s) 460.17083644387
q4_maxBids_src processed: 83782, throughput: (event/s) 463.2951562654303
q4_maxBids_src_ctrl processed: 565, throughput: (event/s) 3.1243198215603365
q4_maxBids_src_data processed: 83217, throughput: (event/s) 460.17083644387
q4_maxBids_src_epoch processed: 0, throughput: (event/s) 0
q4Avg-2 duration: 180.839360971

eventTimeLatency_sink, p50: 134 ms, p90: 290 ms, p99: 522 ms
q4_maxBids_src_ctrl processed: 565, throughput: (event/s) 3.124228632979005
q4_maxBids_src_data processed: 165175, throughput: (event/s) 913.3530344288622
q4_maxBids_src_epoch processed: 0, throughput: (event/s) 0
q4_maxBids_src_logEntry processed: 4581, throughput: (event/s) 25.331135164029774
sink processed: 165175, throughput: (event/s) 913.3530344288622
q4_maxBids_src processed: 165740, throughput: (event/s) 916.4772630618412
q4Avg-3 duration: 180.844639229

q4_maxBids_src processed 414093 events, duration: 180.844639229
q4_maxBids_src_ctrl processed 2260 events, duration: 180.844639229
q4_maxBids_src_data processed 411833 events, duration: 180.844639229
q4_maxBids_src_epoch processed 0 events, duration: 180.844639229
q4_maxBids_src_logEntry processed 18245 events, duration: 180.844639229
sink processed 411833 events, duration: 180.844639229

