wait for last: true
warmup: 0
config: map[NodeConstraint:"1,2,3,4" NumInstance:4 OutputTopicName:["nexmark_src"] funcName:"source"]
config: map[InputTopicNames:["nexmark_src"] NodeConstraint:"5,6,7,8" NumInstance:4 NumSrcProducer:[1] OutputTopicName:["bids"] funcName:"q5bidkeyedbyauction"]
config: map[InputTopicNames:["bids"] NodeConstraint:"5,6,7,8" NumInstance:4 NumSrcProducer:[4] OutputTopicName:["aucBids"] funcName:"q5aucbids"]
config: map[InputTopicNames:["aucBids"] NodeConstraint:"5,6,7,8" NumInstance:4 NumSrcProducer:[4] OutputTopicName:["q5_out"] funcName:"q5maxbid"]
srcInvokeConfig: {TopicName:nexmark_src AppId:q5 NodeConstraint:1,2,3,4 ScaleEpoch:0 NumOutPartition:4 InstanceID:0 NumSrcInstance:4}
cliNodes: [0xc0000ce1c0 0xc0000ce200 0xc0000ce240]
inParamsMap: map[q5aucbids:[0xc0000b2dc0 0xc0000b2e60 0xc0000b2f00 0xc0000b2fa0] q5bidkeyedbyauction:[0xc0000b2b40 0xc0000b2be0 0xc0000b2c80 0xc0000b2d20] q5maxbid:[0xc0000b3040 0xc0000b30e0 0xc0000b3180 0xc0000b3220]]
configScaleInput: {Config:map[aucBids:4 bids:4 changelog:4 nexmark_src:4 q5_out:4 q5aucbids:4 q5bidkeyedbyauction:4 q5maxbid:4 source:4] AppId:q5 FuncNames:[source q5bidkeyedbyauction q5aucbids q5maxbid] ScaleEpoch:0 SerdeFormat:1 Bootstrap:false}
encoded json is {"sg":{"aucBids":4,"bids":4,"changelog":4,"nexmark_src":4,"q5_out":4,"q5aucbids":4,"q5bidkeyedbyauction":4,"q5maxbid":4,"source":4},"aid":"q5","fns":["source","q5bidkeyedbyauction","q5aucbids","q5maxbid"],"epoch":1,"serdeFormat":1,"bs":true}, node constraint is 1
func source url is http://ip-172-31-0-86.us-east-2.compute.internal:8080/function/source
func source url is http://ip-172-31-0-86.us-east-2.compute.internal:8080/function/source
func source url is http://ip-172-31-0-86.us-east-2.compute.internal:8080/function/source
func source url is http://ip-172-31-0-86.us-east-2.compute.internal:8080/function/source
src instance: 4
encoded json is {"topic_name":"nexmark_src","rate_shape":"square","aid":"q5","events_num":17280000,"rate_period":10000000000,"bid_avg_size":100,"first_event_rate":96000,"next_event_rate":96000,"person_avg_size":200,"auction_avg_size":500,"duration":180,"person_proportion":1,"auction_proportion":3,"bid_proportion":46,"bid_hot_ratio_auctions":2,"bid_hot_ratio_bidders":4,"auction_hot_ratio_sellers":4,"flushms":100,"rate_limited":false,"waitEnd":true,"serde_format":1,"numOutPar":4,"parNum":1,"nSrcIns":4}, node constraint is 1,2,3,4
encoded json is {"topic_name":"nexmark_src","rate_shape":"square","aid":"q5","events_num":17280000,"rate_period":10000000000,"bid_avg_size":100,"first_event_rate":96000,"next_event_rate":96000,"person_avg_size":200,"auction_avg_size":500,"duration":180,"person_proportion":1,"auction_proportion":3,"bid_proportion":46,"bid_hot_ratio_auctions":2,"bid_hot_ratio_bidders":4,"auction_hot_ratio_sellers":4,"flushms":100,"rate_limited":false,"waitEnd":true,"serde_format":1,"numOutPar":4,"nSrcIns":4}, node constraint is 1,2,3,4
encoded json is {"topic_name":"nexmark_src","rate_shape":"square","aid":"q5","events_num":17280000,"rate_period":10000000000,"bid_avg_size":100,"first_event_rate":96000,"next_event_rate":96000,"person_avg_size":200,"auction_avg_size":500,"duration":180,"person_proportion":1,"auction_proportion":3,"bid_proportion":46,"bid_hot_ratio_auctions":2,"bid_hot_ratio_bidders":4,"auction_hot_ratio_sellers":4,"flushms":100,"rate_limited":false,"waitEnd":true,"serde_format":1,"numOutPar":4,"parNum":3,"nSrcIns":4}, node constraint is 1,2,3,4
encoded json is {"topic_name":"nexmark_src","rate_shape":"square","aid":"q5","events_num":17280000,"rate_period":10000000000,"bid_avg_size":100,"first_event_rate":96000,"next_event_rate":96000,"person_avg_size":200,"auction_avg_size":500,"duration":180,"person_proportion":1,"auction_proportion":3,"bid_proportion":46,"bid_hot_ratio_auctions":2,"bid_hot_ratio_bidders":4,"auction_hot_ratio_sellers":4,"flushms":100,"rate_limited":false,"waitEnd":true,"serde_format":1,"numOutPar":4,"parNum":2,"nSrcIns":4}, node constraint is 1,2,3,4
Waiting for all client to return
func name is q5maxbid
func url is http://ip-172-31-0-86.us-east-2.compute.internal:8080/function/q5maxbid
encoded json is {"aid":"q5","numOutPartition":"BA==","numSubstreamProducer":"BA==","outputTopicName":["q5_out"],"inputTopicName":["aucBids"],"commEveryMs":100,"flushMs":100,"snapEveryS":10,"duration":180,"epoch":1,"waitEnd":true,"numChangelogPartition":4,"numInPartition":4,"ParNum":3,"gua":3,"serdeFormat":1}, node constraint is 5,6,7,8
encoded json is {"aid":"q5","numOutPartition":"BA==","numSubstreamProducer":"BA==","outputTopicName":["q5_out"],"inputTopicName":["aucBids"],"commEveryMs":100,"flushMs":100,"snapEveryS":10,"duration":180,"epoch":1,"waitEnd":true,"numChangelogPartition":4,"numInPartition":4,"ParNum":1,"gua":3,"serdeFormat":1}, node constraint is 5,6,7,8
encoded json is {"aid":"q5","numOutPartition":"BA==","numSubstreamProducer":"BA==","outputTopicName":["aucBids"],"inputTopicName":["bids"],"commEveryMs":100,"flushMs":100,"snapEveryS":10,"duration":180,"epoch":1,"waitEnd":true,"numChangelogPartition":4,"numInPartition":4,"gua":3,"serdeFormat":1}, node constraint is 5,6,7,8
encoded json is {"aid":"q5","numOutPartition":"BA==","numSubstreamProducer":"BA==","outputTopicName":["aucBids"],"inputTopicName":["bids"],"commEveryMs":100,"flushMs":100,"snapEveryS":10,"duration":180,"epoch":1,"waitEnd":true,"numChangelogPartition":4,"numInPartition":4,"ParNum":1,"gua":3,"serdeFormat":1}, node constraint is 5,6,7,8
encoded json is {"aid":"q5","numOutPartition":"BA==","numSubstreamProducer":"AQ==","outputTopicName":["bids"],"inputTopicName":["nexmark_src"],"commEveryMs":100,"flushMs":100,"snapEveryS":10,"duration":180,"epoch":1,"waitEnd":true,"numChangelogPartition":4,"numInPartition":4,"gua":3,"serdeFormat":1}, node constraint is 5,6,7,8
encoded json is {"aid":"q5","numOutPartition":"BA==","numSubstreamProducer":"BA==","outputTopicName":["aucBids"],"inputTopicName":["bids"],"commEveryMs":100,"flushMs":100,"snapEveryS":10,"duration":180,"epoch":1,"waitEnd":true,"numChangelogPartition":4,"numInPartition":4,"ParNum":2,"gua":3,"serdeFormat":1}, node constraint is 5,6,7,8
encoded json is {"aid":"q5","numOutPartition":"BA==","numSubstreamProducer":"BA==","outputTopicName":["q5_out"],"inputTopicName":["aucBids"],"commEveryMs":100,"flushMs":100,"snapEveryS":10,"duration":180,"epoch":1,"waitEnd":true,"numChangelogPartition":4,"numInPartition":4,"gua":3,"serdeFormat":1}, node constraint is 5,6,7,8
encoded json is {"aid":"q5","numOutPartition":"BA==","numSubstreamProducer":"AQ==","outputTopicName":["bids"],"inputTopicName":["nexmark_src"],"commEveryMs":100,"flushMs":100,"snapEveryS":10,"duration":180,"epoch":1,"waitEnd":true,"numChangelogPartition":4,"numInPartition":4,"ParNum":1,"gua":3,"serdeFormat":1}, node constraint is 5,6,7,8
encoded json is {"aid":"q5","numOutPartition":"BA==","numSubstreamProducer":"AQ==","outputTopicName":["bids"],"inputTopicName":["nexmark_src"],"commEveryMs":100,"flushMs":100,"snapEveryS":10,"duration":180,"epoch":1,"waitEnd":true,"numChangelogPartition":4,"numInPartition":4,"ParNum":3,"gua":3,"serdeFormat":1}, node constraint is 5,6,7,8
encoded json is {"aid":"q5","numOutPartition":"BA==","numSubstreamProducer":"BA==","outputTopicName":["aucBids"],"inputTopicName":["bids"],"commEveryMs":100,"flushMs":100,"snapEveryS":10,"duration":180,"epoch":1,"waitEnd":true,"numChangelogPartition":4,"numInPartition":4,"ParNum":3,"gua":3,"serdeFormat":1}, node constraint is 5,6,7,8
encoded json is {"aid":"q5","numOutPartition":"BA==","numSubstreamProducer":"AQ==","outputTopicName":["bids"],"inputTopicName":["nexmark_src"],"commEveryMs":100,"flushMs":100,"snapEveryS":10,"duration":180,"epoch":1,"waitEnd":true,"numChangelogPartition":4,"numInPartition":4,"ParNum":2,"gua":3,"serdeFormat":1}, node constraint is 5,6,7,8
encoded json is {"aid":"q5","numOutPartition":"BA==","numSubstreamProducer":"BA==","outputTopicName":["q5_out"],"inputTopicName":["aucBids"],"commEveryMs":100,"flushMs":100,"snapEveryS":10,"duration":180,"epoch":1,"waitEnd":true,"numChangelogPartition":4,"numInPartition":4,"ParNum":2,"gua":3,"serdeFormat":1}, node constraint is 5,6,7,8
func name is q5aucbids
func name is q5maxbid
func name is q5aucbids
func url is http://ip-172-31-0-86.us-east-2.compute.internal:8080/function/q5aucbids
func url is http://ip-172-31-0-86.us-east-2.compute.internal:8080/function/q5maxbid
func name is q5aucbids
func url is http://ip-172-31-0-86.us-east-2.compute.internal:8080/function/q5aucbids
func name is q5bidkeyedbyauction
func url is http://ip-172-31-0-86.us-east-2.compute.internal:8080/function/q5bidkeyedbyauction
func name is q5aucbids
func url is http://ip-172-31-0-86.us-east-2.compute.internal:8080/function/q5aucbids
func name is q5maxbid
func url is http://ip-172-31-0-86.us-east-2.compute.internal:8080/function/q5maxbid
func name is q5bidkeyedbyauction
func url is http://ip-172-31-0-86.us-east-2.compute.internal:8080/function/q5bidkeyedbyauction
func name is q5bidkeyedbyauction
func url is http://ip-172-31-0-86.us-east-2.compute.internal:8080/function/q5bidkeyedbyauction
func url is http://ip-172-31-0-86.us-east-2.compute.internal:8080/function/q5aucbids
func name is q5bidkeyedbyauction
func url is http://ip-172-31-0-86.us-east-2.compute.internal:8080/function/q5bidkeyedbyauction
func name is q5maxbid
func url is http://ip-172-31-0-86.us-east-2.compute.internal:8080/function/q5maxbid
source-1 invoke done
source-0 invoke done
source-3 invoke done
source-2 invoke done
q5bidkeyedbyauction-1 call done
q5bidkeyedbyauction-0 call done
q5bidkeyedbyauction-3 call done
q5bidkeyedbyauction-2 call done
q5aucbids-2 call done
q5aucbids-0 call done
q5aucbids-3 call done
q5aucbids-1 call done
q5maxbid-1 call done
q5maxbid-0 call done
q5maxbid-2 call done
q5maxbid-3 call done
sink processed: 4319977, throughput: (event/s) 23999.477199360666
sink_ctrl processed: 1, throughput: (event/s) 0.005555464114591505
source-0 duration: 180.002962736

sink processed: 4320001, throughput: (event/s) 23999.596184843595
sink_ctrl processed: 1, throughput: (event/s) 0.005555460793838611
source-1 duration: 180.003070332

sink_ctrl processed: 1, throughput: (event/s) 0.005555470727066881
sink processed: 4320001, throughput: (event/s) 23999.639096399656
source-2 duration: 180.002748485

sink processed: 4319977, throughput: (event/s) 23999.530734766027
sink_ctrl processed: 1, throughput: (event/s) 0.005555476507112429
source-3 duration: 180.002561206

sink processed 17279956 events, duration: 180.003070332, tp: 95998.118077
sink_ctrl processed 4 events, duration: 180.003070332, tp: 0.022222

bids_src processed: 3932951, throughput: (event/s) 21840.06663853832
bids_src_ctrl processed: 4, throughput: (event/s) 0.022212396379754865
bids_src_data processed: 3926662, throughput: (event/s) 21805.14319833025
bids_src_epoch processed: 6285, throughput: (event/s) 34.90122781168983
bids_src_logEntry processed: 10881, throughput: (event/s) 60.42327125202817
sink processed: 665172, throughput: (event/s) 3693.7660311785758
q5aucbids-0 duration: 180.079624531

sink processed: 672336, throughput: (event/s) 3732.878055366271
bids_src processed: 4044319, throughput: (event/s) 22454.47163918169
bids_src_ctrl processed: 4, throughput: (event/s) 0.022208408030307887
bids_src_data processed: 4038030, throughput: (event/s) 22419.55446965604
bids_src_epoch processed: 6285, throughput: (event/s) 34.894961117621264
bids_src_logEntry processed: 11155, throughput: (event/s) 61.93369789452112
q5aucbids-1 duration: 180.111964556

bids_src processed: 4012406, throughput: (event/s) 22281.799107455594
bids_src_ctrl processed: 4, throughput: (event/s) 0.02221290578017837
bids_src_data processed: 4006117, throughput: (event/s) 22246.87486634271
bids_src_epoch processed: 6285, throughput: (event/s) 34.90202820710527
bids_src_logEntry processed: 11085, throughput: (event/s) 61.557515143319314
sink processed: 660225, throughput: (event/s) 3666.378929679566
q5aucbids-2 duration: 180.075494831

bids_src_ctrl processed: 4, throughput: (event/s) 0.02220857311646753
bids_src_data processed: 3926747, throughput: (event/s) 21801.86196484238
bids_src_epoch processed: 6285, throughput: (event/s) 34.895220509249604
bids_src_logEntry processed: 10863, throughput: (event/s) 60.31293244104669
sink processed: 659083, throughput: (event/s) 3659.3232488301924
bids_src processed: 3933036, throughput: (event/s) 21836.779393924746
q5aucbids-3 duration: 180.110625704

bids_src processed 15922712 events, duration: 180.111964556
bids_src_ctrl processed 16 events, duration: 180.111964556
bids_src_data processed 15897556 events, duration: 180.111964556
bids_src_epoch processed 25140 events, duration: 180.111964556
bids_src_logEntry processed 43984 events, duration: 180.111964556
sink processed 2656816 events, duration: 180.111964556

eventTimeLatency_sink, p50: 107 ms, p90: 239 ms, p99: 300 ms
aucBids_src_logEntry processed: 4416, throughput: (event/s) 24.517522550076603
sink processed: 591, throughput: (event/s) 3.2812173521501973
aucBids_src processed: 755279, throughput: (event/s) 4193.290288518864
aucBids_src_ctrl processed: 4, throughput: (event/s) 0.02220790086057663
aucBids_src_data processed: 750859, throughput: (event/s) 4168.750558067927
aucBids_src_epoch processed: 4416, throughput: (event/s) 24.517522550076603
q5maxbid-0 duration: 180.116077837

eventTimeLatency_sink, p50: 105 ms, p90: 235 ms, p99: 283 ms
aucBids_src_epoch processed: 3441, throughput: (event/s) 19.104458822487484
aucBids_src_logEntry processed: 3441, throughput: (event/s) 19.104458822487484
sink processed: 406, throughput: (event/s) 2.254115164757314
aucBids_src processed: 471098, throughput: (event/s) 2615.5397681941904
aucBids_src_ctrl processed: 4, throughput: (event/s) 0.022208031179875017
aucBids_src_data processed: 467653, throughput: (event/s) 2596.413101340523
q5maxbid-1 duration: 180.115020895

eventTimeLatency_sink, p50: 102 ms, p90: 239 ms, p99: 300 ms
sink processed: 573, throughput: (event/s) 3.1812464389213417
aucBids_src processed: 818892, throughput: (event/s) 4546.417554731545
aucBids_src_ctrl processed: 4, throughput: (event/s) 0.02220765402388371
aucBids_src_data processed: 813968, throughput: (event/s) 4519.079932628144
aucBids_src_epoch processed: 4920, throughput: (event/s) 27.315414449376966
aucBids_src_logEntry processed: 4920, throughput: (event/s) 27.315414449376966
q5maxbid-2 duration: 180.118079816

eventTimeLatency_sink, p50: 105 ms, p90: 226 ms, p99: 281 ms
aucBids_src_ctrl processed: 4, throughput: (event/s) 0.022207469024028394
aucBids_src_data processed: 624336, throughput: (event/s) 3466.2305951464477
aucBids_src_epoch processed: 3578, throughput: (event/s) 19.864581041993397
aucBids_src_logEntry processed: 3578, throughput: (event/s) 19.864581041993397
sink processed: 483, throughput: (event/s) 2.6815518846514284
aucBids_src processed: 627918, throughput: (event/s) 3486.1173836574653
q5maxbid-3 duration: 180.119580294

aucBids_src_data processed 2656816 events, duration: 180.119580294
aucBids_src_epoch processed 16355 events, duration: 180.119580294
aucBids_src_logEntry processed 16355 events, duration: 180.119580294
sink processed 2053 events, duration: 180.119580294
aucBids_src processed 2673187 events, duration: 180.119580294
aucBids_src_ctrl processed 16 events, duration: 180.119580294

nexmark_src_src_epoch processed: 0, throughput: (event/s) 0
nexmark_src_src_logEntry processed: 8780, throughput: (event/s) 48.770558612296526
sink processed: 3974378, throughput: (event/s) 22076.609931255334
nexmark_src_src processed: 4319977, throughput: (event/s) 23996.320214381878
nexmark_src_src_ctrl processed: 1, throughput: (event/s) 0.0055547333271408345
nexmark_src_src_data processed: 4319976, throughput: (event/s) 23996.314659648553
q5bidkeyedbyauction-0 duration: 180.026644144

nexmark_src_src_data processed: 4320000, throughput: (event/s) 23996.52588323478
nexmark_src_src_epoch processed: 0, throughput: (event/s) 0
nexmark_src_src_logEntry processed: 8762, throughput: (event/s) 48.67073143261646
sink processed: 3974400, throughput: (event/s) 22076.803812575996
nexmark_src_src processed: 4320001, throughput: (event/s) 23996.53143798614
nexmark_src_src_ctrl processed: 1, throughput: (event/s) 0.005554751361859902
q5bidkeyedbyauction-1 duration: 180.026059648

sink processed: 3974400, throughput: (event/s) 22076.2236067264
nexmark_src_src processed: 4320001, throughput: (event/s) 23995.90077930798
nexmark_src_src_ctrl processed: 1, throughput: (event/s) 0.005554605376088566
nexmark_src_src_data processed: 4320000, throughput: (event/s) 23995.895224702606
nexmark_src_src_epoch processed: 0, throughput: (event/s) 0
nexmark_src_src_logEntry processed: 8765, throughput: (event/s) 48.68611612141628
q5bidkeyedbyauction-2 duration: 180.030791081

nexmark_src_src_data processed: 4319976, throughput: (event/s) 23996.203415185224
nexmark_src_src_epoch processed: 0, throughput: (event/s) 0
nexmark_src_src_logEntry processed: 8764, throughput: (event/s) 48.6814571957537
sink processed: 3974378, throughput: (event/s) 22076.507586347012
nexmark_src_src processed: 4319977, throughput: (event/s) 23996.2089698928
nexmark_src_src_ctrl processed: 1, throughput: (event/s) 0.0055547075759645945
q5bidkeyedbyauction-3 duration: 180.027478733

nexmark_src_src_data processed 17279952 events, duration: 180.030791081
nexmark_src_src_epoch processed 0 events, duration: 180.030791081
nexmark_src_src_logEntry processed 35071 events, duration: 180.030791081
sink processed 15897556 events, duration: 180.030791081
nexmark_src_src processed 17279956 events, duration: 180.030791081
nexmark_src_src_ctrl processed 4 events, duration: 180.030791081

