wait for last: true
warmup: 0
config: map[NodeConstraint:"1,2,3,4" NumInstance:4 OutputTopicName:["nexmark_src"] funcName:"source"]
config: map[InputTopicNames:["nexmark_src"] NodeConstraint:"5,6,7,8" NumInstance:4 NumSrcProducer:[1] OutputTopicName:["q3_aucsBySellerID_out","q3_personsByID_out"] funcName:"q3GroupBy"]
config: map[InputTopicNames:["q3_aucsBySellerID_out","q3_personsByID_out"] NodeConstraint:"5,6,7,8" NumInstance:4 NumSrcProducer:[4,4] OutputTopicName:["q3_out"] funcName:"q3JoinTable"]
srcInvokeConfig: {TopicName:nexmark_src AppId:q3 NodeConstraint:1,2,3,4 ScaleEpoch:0 NumOutPartition:4 InstanceID:0 NumSrcInstance:4}
cliNodes: [0xc000026260 0xc0000262c0]
inParamsMap: map[q3GroupBy:[0xc000000be0 0xc000000c80 0xc000000d20 0xc000000dc0] q3JoinTable:[0xc000000e60 0xc000000f00 0xc000000fa0 0xc000001040]]
configScaleInput: {Config:map[changelog:4 nexmark_src:4 q3GroupBy:4 q3JoinTable:4 q3_aucsBySellerID_out:4 q3_out:4 q3_personsByID_out:4 source:4] AppId:q3 FuncNames:[source q3GroupBy q3JoinTable] ScaleEpoch:0 SerdeFormat:1 Bootstrap:false}
encoded json is {"sg":{"changelog":4,"nexmark_src":4,"q3GroupBy":4,"q3JoinTable":4,"q3_aucsBySellerID_out":4,"q3_out":4,"q3_personsByID_out":4,"source":4},"aid":"q3","fns":["source","q3GroupBy","q3JoinTable"],"epoch":1,"serdeFormat":1,"bs":true}, node constraint is 1
func source url is http://ip-172-31-13-128.us-east-2.compute.internal:8080/function/source
func source url is http://ip-172-31-13-128.us-east-2.compute.internal:8080/function/source
func source url is http://ip-172-31-13-128.us-east-2.compute.internal:8080/function/source
func source url is http://ip-172-31-13-128.us-east-2.compute.internal:8080/function/source
src instance: 4
encoded json is {"topic_name":"nexmark_src","rate_shape":"square","aid":"q3","events_num":57600000,"rate_period":10000000000,"bid_avg_size":100,"first_event_rate":320000,"next_event_rate":320000,"person_avg_size":200,"auction_avg_size":500,"duration":180,"person_proportion":1,"auction_proportion":3,"bid_proportion":46,"bid_hot_ratio_auctions":2,"bid_hot_ratio_bidders":4,"auction_hot_ratio_sellers":4,"flushms":100,"rate_limited":false,"waitEnd":true,"serde_format":1,"numOutPar":4,"parNum":3,"nSrcIns":4}, node constraint is 1,2,3,4
encoded json is {"topic_name":"nexmark_src","rate_shape":"square","aid":"q3","events_num":57600000,"rate_period":10000000000,"bid_avg_size":100,"first_event_rate":320000,"next_event_rate":320000,"person_avg_size":200,"auction_avg_size":500,"duration":180,"person_proportion":1,"auction_proportion":3,"bid_proportion":46,"bid_hot_ratio_auctions":2,"bid_hot_ratio_bidders":4,"auction_hot_ratio_sellers":4,"flushms":100,"rate_limited":false,"waitEnd":true,"serde_format":1,"numOutPar":4,"parNum":2,"nSrcIns":4}, node constraint is 1,2,3,4
encoded json is {"topic_name":"nexmark_src","rate_shape":"square","aid":"q3","events_num":57600000,"rate_period":10000000000,"bid_avg_size":100,"first_event_rate":320000,"next_event_rate":320000,"person_avg_size":200,"auction_avg_size":500,"duration":180,"person_proportion":1,"auction_proportion":3,"bid_proportion":46,"bid_hot_ratio_auctions":2,"bid_hot_ratio_bidders":4,"auction_hot_ratio_sellers":4,"flushms":100,"rate_limited":false,"waitEnd":true,"serde_format":1,"numOutPar":4,"nSrcIns":4}, node constraint is 1,2,3,4
encoded json is {"topic_name":"nexmark_src","rate_shape":"square","aid":"q3","events_num":57600000,"rate_period":10000000000,"bid_avg_size":100,"first_event_rate":320000,"next_event_rate":320000,"person_avg_size":200,"auction_avg_size":500,"duration":180,"person_proportion":1,"auction_proportion":3,"bid_proportion":46,"bid_hot_ratio_auctions":2,"bid_hot_ratio_bidders":4,"auction_hot_ratio_sellers":4,"flushms":100,"rate_limited":false,"waitEnd":true,"serde_format":1,"numOutPar":4,"parNum":1,"nSrcIns":4}, node constraint is 1,2,3,4
encoded json is {"aid":"q3","numOutPartition":"BA==","numSubstreamProducer":"BAQ=","outputTopicName":["q3_out"],"inputTopicName":["q3_aucsBySellerID_out","q3_personsByID_out"],"commEveryMs":100,"flushMs":100,"snapEveryS":10,"duration":180,"epoch":1,"waitEnd":true,"numChangelogPartition":4,"numInPartition":4,"ParNum":3,"gua":3,"serdeFormat":1}, node constraint is 5,6,7,8
encoded json is {"aid":"q3","numOutPartition":"BAQ=","numSubstreamProducer":"AQ==","outputTopicName":["q3_aucsBySellerID_out","q3_personsByID_out"],"inputTopicName":["nexmark_src"],"commEveryMs":100,"flushMs":100,"snapEveryS":10,"duration":180,"epoch":1,"waitEnd":true,"numChangelogPartition":4,"numInPartition":4,"ParNum":3,"gua":3,"serdeFormat":1}, node constraint is 5,6,7,8
encoded json is {"aid":"q3","numOutPartition":"BAQ=","numSubstreamProducer":"AQ==","outputTopicName":["q3_aucsBySellerID_out","q3_personsByID_out"],"inputTopicName":["nexmark_src"],"commEveryMs":100,"flushMs":100,"snapEveryS":10,"duration":180,"epoch":1,"waitEnd":true,"numChangelogPartition":4,"numInPartition":4,"ParNum":2,"gua":3,"serdeFormat":1}, node constraint is 5,6,7,8
encoded json is {"aid":"q3","numOutPartition":"BA==","numSubstreamProducer":"BAQ=","outputTopicName":["q3_out"],"inputTopicName":["q3_aucsBySellerID_out","q3_personsByID_out"],"commEveryMs":100,"flushMs":100,"snapEveryS":10,"duration":180,"epoch":1,"waitEnd":true,"numChangelogPartition":4,"numInPartition":4,"ParNum":2,"gua":3,"serdeFormat":1}, node constraint is 5,6,7,8
encoded json is {"aid":"q3","numOutPartition":"BA==","numSubstreamProducer":"BAQ=","outputTopicName":["q3_out"],"inputTopicName":["q3_aucsBySellerID_out","q3_personsByID_out"],"commEveryMs":100,"flushMs":100,"snapEveryS":10,"duration":180,"epoch":1,"waitEnd":true,"numChangelogPartition":4,"numInPartition":4,"ParNum":1,"gua":3,"serdeFormat":1}, node constraint is 5,6,7,8
encoded json is {"aid":"q3","numOutPartition":"BAQ=","numSubstreamProducer":"AQ==","outputTopicName":["q3_aucsBySellerID_out","q3_personsByID_out"],"inputTopicName":["nexmark_src"],"commEveryMs":100,"flushMs":100,"snapEveryS":10,"duration":180,"epoch":1,"waitEnd":true,"numChangelogPartition":4,"numInPartition":4,"ParNum":1,"gua":3,"serdeFormat":1}, node constraint is 5,6,7,8
encoded json is {"aid":"q3","numOutPartition":"BAQ=","numSubstreamProducer":"AQ==","outputTopicName":["q3_aucsBySellerID_out","q3_personsByID_out"],"inputTopicName":["nexmark_src"],"commEveryMs":100,"flushMs":100,"snapEveryS":10,"duration":180,"epoch":1,"waitEnd":true,"numChangelogPartition":4,"numInPartition":4,"gua":3,"serdeFormat":1}, node constraint is 5,6,7,8
encoded json is {"aid":"q3","numOutPartition":"BA==","numSubstreamProducer":"BAQ=","outputTopicName":["q3_out"],"inputTopicName":["q3_aucsBySellerID_out","q3_personsByID_out"],"commEveryMs":100,"flushMs":100,"snapEveryS":10,"duration":180,"epoch":1,"waitEnd":true,"numChangelogPartition":4,"numInPartition":4,"gua":3,"serdeFormat":1}, node constraint is 5,6,7,8
Waiting for all client to return
func name is q3JoinTable
func url is http://ip-172-31-13-128.us-east-2.compute.internal:8080/function/q3JoinTable
func name is q3GroupBy
func name is q3GroupBy
func url is http://ip-172-31-13-128.us-east-2.compute.internal:8080/function/q3GroupBy
func name is q3GroupBy
func url is http://ip-172-31-13-128.us-east-2.compute.internal:8080/function/q3GroupBy
func name is q3GroupBy
func url is http://ip-172-31-13-128.us-east-2.compute.internal:8080/function/q3GroupBy
func url is http://ip-172-31-13-128.us-east-2.compute.internal:8080/function/q3GroupBy
func name is q3JoinTable
func url is http://ip-172-31-13-128.us-east-2.compute.internal:8080/function/q3JoinTable
func name is q3JoinTable
func url is http://ip-172-31-13-128.us-east-2.compute.internal:8080/function/q3JoinTable
func name is q3JoinTable
func url is http://ip-172-31-13-128.us-east-2.compute.internal:8080/function/q3JoinTable
source-3 invoke done
source-1 invoke done
source-0 invoke done
source-2 invoke done
q3GroupBy-1 call done
q3GroupBy-3 call done
q3GroupBy-2 call done
q3GroupBy-0 call done
q3JoinTable-3 call done
q3JoinTable-0 call done
q3JoinTable-1 call done
q3JoinTable-2 call done
sink processed: 14400001, throughput: (event/s) 79998.54788557038
sink_ctrl processed: 1, throughput: (event/s) 0.005555454328480282
source-0 duration: 180.003279817

sink processed: 14399921, throughput: (event/s) 79998.58376841321
sink_ctrl processed: 1, throughput: (event/s) 0.005555487684162518
source-1 duration: 180.00219906

sink processed: 14400001, throughput: (event/s) 79998.74385581128
sink_ctrl processed: 1, throughput: (event/s) 0.005555467937523843
source-2 duration: 180.002838869

sink processed: 14400001, throughput: (event/s) 79998.16452712934
sink_ctrl processed: 1, throughput: (event/s) 0.005555427706368169
source-3 duration: 180.004142409

sink processed 57599924 events, duration: 180.004142409, tp: 319992.213674
sink_ctrl processed 4 events, duration: 180.004142409, tp: 0.022222

aucSink processed: 173191, throughput: (event/s) 961.9268871410802
nexmark_src_src processed: 14400001, throughput: (event/s) 79979.60712022243
nexmark_src_src_ctrl processed: 1, throughput: (event/s) 0.005554138997644682
nexmark_src_src_data processed: 14400000, throughput: (event/s) 79979.60156608342
nexmark_src_src_epoch processed: 0, throughput: (event/s) 0
nexmark_src_src_logEntry processed: 30025, throughput: (event/s) 166.7630234042816
perSink processed: 144205, throughput: (event/s) 800.9346141553514
q3GroupBy-0 duration: 180.045908182

nexmark_src_src processed: 14399921, throughput: (event/s) 79987.88099543804
nexmark_src_src_ctrl processed: 1, throughput: (event/s) 0.005554744431961679
nexmark_src_src_data processed: 14399920, throughput: (event/s) 79987.87544069362
nexmark_src_src_epoch processed: 0, throughput: (event/s) 0
nexmark_src_src_logEntry processed: 30009, throughput: (event/s) 166.692325658738
perSink processed: 143687, throughput: (event/s) 798.1445631952777
aucSink processed: 172674, throughput: (event/s) 959.1599400445509
q3GroupBy-1 duration: 180.026284242

perSink processed: 143995, throughput: (event/s) 799.8050364827205
aucSink processed: 172392, throughput: (event/s) 957.5331771889938
nexmark_src_src processed: 14400001, throughput: (event/s) 79983.28639991814
nexmark_src_src_ctrl processed: 1, throughput: (event/s) 0.005554394503161363
nexmark_src_src_data processed: 14400000, throughput: (event/s) 79983.28084552364
nexmark_src_src_epoch processed: 0, throughput: (event/s) 0
nexmark_src_src_logEntry processed: 30019, throughput: (event/s) 166.73736859040096
q3GroupBy-2 duration: 180.037625961

nexmark_src_src_logEntry processed: 30014, throughput: (event/s) 166.7148617258055
perSink processed: 144185, throughput: (event/s) 800.885664621019
aucSink processed: 172691, throughput: (event/s) 959.2242349000825
nexmark_src_src processed: 14400001, throughput: (event/s) 79985.81247306126
nexmark_src_src_ctrl processed: 1, throughput: (event/s) 0.005554569924895232
nexmark_src_src_data processed: 14400000, throughput: (event/s) 79985.80691849135
nexmark_src_src_epoch processed: 0, throughput: (event/s) 0
q3GroupBy-3 duration: 180.0319401

nexmark_src_src_data processed 57599920 events, duration: 180.045908182
nexmark_src_src_epoch processed 0 events, duration: 180.045908182
nexmark_src_src_logEntry processed 120067 events, duration: 180.045908182
perSink processed 576072 events, duration: 180.045908182
aucSink processed 690948 events, duration: 180.045908182
nexmark_src_src processed 57599924 events, duration: 180.045908182
nexmark_src_src_ctrl processed 4 events, duration: 180.045908182

eventTimeLatency_sink, p50: 92 ms, p90: 137 ms, p99: 151 ms
auctionsSrc_data processed: 168092, throughput: (event/s) 932.2757575708843
auctionsSrc_epoch processed: 6012, throughput: (event/s) 33.343894144374254
auctionsSrc_logEntry processed: 6012, throughput: (event/s) 33.343894144374254
personsSrc_data processed: 143933, throughput: (event/s) 798.2845502132766
sink processed: 146640, throughput: (event/s) 813.2981765354358
auctionsSrc_ctrl processed: 4, throughput: (event/s) 0.02218489297696224
personsSrc_logEntry processed: 6014, throughput: (event/s) 33.35498659086273
personsSrc_ctrl processed: 4, throughput: (event/s) 0.02218489297696224
personsSrc_epoch processed: 6014, throughput: (event/s) 33.35498659086273
auctionsSrc processed: 174108, throughput: (event/s) 965.6418366082355
personsSrc processed: 149951, throughput: (event/s) 831.6617216971163
q3JoinTable-0 duration: 180.302875662

eventTimeLatency_sink, p50: 92 ms, p90: 137 ms, p99: 150 ms
auctionsSrc processed: 184362, throughput: (event/s) 1022.543720236576
auctionsSrc_epoch processed: 6011, throughput: (event/s) 33.3393557367682
auctionsSrc_logEntry processed: 6011, throughput: (event/s) 33.3393557367682
personsSrc_ctrl processed: 4, throughput: (event/s) 0.02218556362453382
auctionsSrc_ctrl processed: 4, throughput: (event/s) 0.02218556362453382
auctionsSrc_data processed: 178347, throughput: (event/s) 989.1821789361833
personsSrc_epoch processed: 6014, throughput: (event/s) 33.3559949094866
personsSrc_logEntry processed: 6014, throughput: (event/s) 33.3559949094866
personsSrc processed: 149841, throughput: (event/s) 831.0767597659429
sink processed: 158037, throughput: (event/s) 876.5349796326128
personsSrc_data processed: 143823, throughput: (event/s) 797.6985792928318
q3JoinTable-1 duration: 180.297425285

eventTimeLatency_sink, p50: 91 ms, p90: 137 ms, p99: 151 ms
personsSrc_logEntry processed: 6015, throughput: (event/s) 33.358785080872444
personsSrc_ctrl processed: 4, throughput: (event/s) 0.02218373072709722
personsSrc_data processed: 143874, throughput: (event/s) 797.9155186575964
personsSrc_epoch processed: 6015, throughput: (event/s) 33.358785080872444
auctionsSrc_data processed: 174684, throughput: (event/s) 968.7857045830627
auctionsSrc_logEntry processed: 6012, throughput: (event/s) 33.34214728282712
auctionsSrc processed: 180700, throughput: (event/s) 1002.1500355966169
personsSrc processed: 149893, throughput: (event/s) 831.2964874691959
sink processed: 152023, throughput: (event/s) 843.1093240813752
auctionsSrc_ctrl processed: 4, throughput: (event/s) 0.02218373072709722
auctionsSrc_epoch processed: 6012, throughput: (event/s) 33.34214728282712
q3JoinTable-2 duration: 180.312322089

eventTimeLatency_sink, p50: 91 ms, p90: 137 ms, p99: 151 ms
sink processed: 150414, throughput: (event/s) 834.2801306369979
auctionsSrc_logEntry processed: 6013, throughput: (event/s) 33.35145947531658
auctionsSrc processed: 175842, throughput: (event/s) 975.3180337699349
auctionsSrc_data processed: 169825, throughput: (event/s) 941.9443880584797
auctionsSrc_epoch processed: 6013, throughput: (event/s) 33.35145947531658
personsSrc_ctrl processed: 4, throughput: (event/s) 0.02218623613857747
auctionsSrc_ctrl processed: 4, throughput: (event/s) 0.02218623613857747
personsSrc processed: 150461, throughput: (event/s) 834.5408189116262
personsSrc_data processed: 144442, throughput: (event/s) 801.1560800821018
personsSrc_epoch processed: 6015, throughput: (event/s) 33.36255259338587
personsSrc_logEntry processed: 6015, throughput: (event/s) 33.36255259338587
q3JoinTable-3 duration: 180.29196007

auctionsSrc_epoch processed 24048 events, duration: 180.312322089
personsSrc_data processed 576072 events, duration: 180.312322089
personsSrc_epoch processed 24058 events, duration: 180.312322089
auctionsSrc processed 715012 events, duration: 180.312322089
personsSrc processed 600146 events, duration: 180.312322089
auctionsSrc_data processed 690948 events, duration: 180.312322089
sink processed 607114 events, duration: 180.312322089
auctionsSrc_ctrl processed 16 events, duration: 180.312322089
personsSrc_logEntry processed 24058 events, duration: 180.312322089
personsSrc_ctrl processed 16 events, duration: 180.312322089
auctionsSrc_logEntry processed 24048 events, duration: 180.312322089

