wait for last: true
warmup: 0
config: map[NodeConstraint:"1,2,3,4" NumInstance:4 OutputTopicName:["nexmark_src"] funcName:"source"]
config: map[InputTopicNames:["nexmark_src"] NodeConstraint:"5,6,7,8" NumInstance:4 NumSrcProducer:[1] OutputTopicName:["q46_aucsByID","q46_bidsByAucID"] funcName:"q46GroupBy"]
config: map[InputTopicNames:["q46_aucsByID","q46_bidsByAucID"] NodeConstraint:"5,6,7,8" NumInstance:4 NumSrcProducer:[4,4] OutputTopicName:["q6_aucIDSeller"] funcName:"q6JoinStream"]
config: map[InputTopicNames:["q6_aucIDSeller"] NodeConstraint:"5,6,7,8" NumInstance:4 NumSrcProducer:[1] OutputTopicName:["q6_maxBids"] funcName:"q6MaxBid"]
config: map[InputTopicNames:["q6_maxBids"] NodeConstraint:"5,6,7,8" NumInstance:4 NumSrcProducer:[4] OutputTopicName:["q6_out"] funcName:"q6Avg"]
srcInvokeConfig: {TopicName:nexmark_src AppId:q6 NodeConstraint:1,2,3,4 ScaleEpoch:0 NumOutPartition:4 InstanceID:0 NumSrcInstance:4}
cliNodes: [0xc000026260 0xc0000262c0 0xc000026300 0xc000026360]
inParamsMap: map[q46GroupBy:[0xc000000c80 0xc000000d20 0xc000000dc0 0xc000000e60] q6Avg:[0xc000001400 0xc0000014a0 0xc000001540 0xc0000015e0] q6JoinStream:[0xc000000f00 0xc000000fa0 0xc000001040 0xc0000010e0] q6MaxBid:[0xc000001180 0xc000001220 0xc0000012c0 0xc000001360]]
configScaleInput: {Config:map[changelog:4 nexmark_src:4 q46GroupBy:4 q46_aucsByID:4 q46_bidsByAucID:4 q6Avg:4 q6JoinStream:4 q6MaxBid:4 q6_aucIDSeller:4 q6_maxBids:4 q6_out:4 source:4] AppId:q6 FuncNames:[source q46GroupBy q6JoinStream q6MaxBid q6Avg] ScaleEpoch:0 SerdeFormat:1 Bootstrap:false}
encoded json is {"sg":{"changelog":4,"nexmark_src":4,"q46GroupBy":4,"q46_aucsByID":4,"q46_bidsByAucID":4,"q6Avg":4,"q6JoinStream":4,"q6MaxBid":4,"q6_aucIDSeller":4,"q6_maxBids":4,"q6_out":4,"source":4},"aid":"q6","fns":["source","q46GroupBy","q6JoinStream","q6MaxBid","q6Avg"],"epoch":1,"serdeFormat":1,"bs":true}, node constraint is 1
func source url is http://ip-172-31-2-1.us-east-2.compute.internal:8080/function/source
func source url is http://ip-172-31-2-1.us-east-2.compute.internal:8080/function/source
func source url is http://ip-172-31-2-1.us-east-2.compute.internal:8080/function/source
encoded json is {"topic_name":"nexmark_src","rate_shape":"square","aid":"q6","events_num":900000,"rate_period":10000000000,"bid_avg_size":100,"first_event_rate":5000,"next_event_rate":5000,"person_avg_size":200,"auction_avg_size":500,"duration":180,"person_proportion":1,"auction_proportion":3,"bid_proportion":46,"bid_hot_ratio_auctions":2,"bid_hot_ratio_bidders":4,"auction_hot_ratio_sellers":4,"flushms":100,"rate_limited":false,"waitEnd":true,"serde_format":1,"numOutPar":4,"parNum":1,"nSrcIns":4}, node constraint is 1,2,3,4
src instance: 4
func source url is http://ip-172-31-2-1.us-east-2.compute.internal:8080/function/source
encoded json is {"topic_name":"nexmark_src","rate_shape":"square","aid":"q6","events_num":900000,"rate_period":10000000000,"bid_avg_size":100,"first_event_rate":5000,"next_event_rate":5000,"person_avg_size":200,"auction_avg_size":500,"duration":180,"person_proportion":1,"auction_proportion":3,"bid_proportion":46,"bid_hot_ratio_auctions":2,"bid_hot_ratio_bidders":4,"auction_hot_ratio_sellers":4,"flushms":100,"rate_limited":false,"waitEnd":true,"serde_format":1,"numOutPar":4,"parNum":2,"nSrcIns":4}, node constraint is 1,2,3,4
encoded json is {"topic_name":"nexmark_src","rate_shape":"square","aid":"q6","events_num":900000,"rate_period":10000000000,"bid_avg_size":100,"first_event_rate":5000,"next_event_rate":5000,"person_avg_size":200,"auction_avg_size":500,"duration":180,"person_proportion":1,"auction_proportion":3,"bid_proportion":46,"bid_hot_ratio_auctions":2,"bid_hot_ratio_bidders":4,"auction_hot_ratio_sellers":4,"flushms":100,"rate_limited":false,"waitEnd":true,"serde_format":1,"numOutPar":4,"nSrcIns":4}, node constraint is 1,2,3,4
encoded json is {"topic_name":"nexmark_src","rate_shape":"square","aid":"q6","events_num":900000,"rate_period":10000000000,"bid_avg_size":100,"first_event_rate":5000,"next_event_rate":5000,"person_avg_size":200,"auction_avg_size":500,"duration":180,"person_proportion":1,"auction_proportion":3,"bid_proportion":46,"bid_hot_ratio_auctions":2,"bid_hot_ratio_bidders":4,"auction_hot_ratio_sellers":4,"flushms":100,"rate_limited":false,"waitEnd":true,"serde_format":1,"numOutPar":4,"parNum":3,"nSrcIns":4}, node constraint is 1,2,3,4
Waiting for all client to return
func name is q6Avg
func url is http://ip-172-31-2-1.us-east-2.compute.internal:8080/function/q6Avg
func name is q6MaxBid
func url is http://ip-172-31-2-1.us-east-2.compute.internal:8080/function/q6MaxBid
func name is q6MaxBid
func url is http://ip-172-31-2-1.us-east-2.compute.internal:8080/function/q6MaxBid
func name is q6MaxBid
func name is q46GroupBy
func url is http://ip-172-31-2-1.us-east-2.compute.internal:8080/function/q46GroupBy
func name is q6MaxBid
func url is http://ip-172-31-2-1.us-east-2.compute.internal:8080/function/q6MaxBid
func name is q6JoinStream
func url is http://ip-172-31-2-1.us-east-2.compute.internal:8080/function/q6JoinStream
func name is q6JoinStream
func url is http://ip-172-31-2-1.us-east-2.compute.internal:8080/function/q6JoinStream
func name is q6JoinStream
func url is http://ip-172-31-2-1.us-east-2.compute.internal:8080/function/q6MaxBid
func name is q46GroupBy
func name is q46GroupBy
func url is http://ip-172-31-2-1.us-east-2.compute.internal:8080/function/q46GroupBy
func url is http://ip-172-31-2-1.us-east-2.compute.internal:8080/function/q6JoinStream
func name is q6JoinStream
func url is http://ip-172-31-2-1.us-east-2.compute.internal:8080/function/q6JoinStream
func name is q46GroupBy
func url is http://ip-172-31-2-1.us-east-2.compute.internal:8080/function/q46GroupBy
func url is http://ip-172-31-2-1.us-east-2.compute.internal:8080/function/q46GroupBy
func name is q6Avg
func url is http://ip-172-31-2-1.us-east-2.compute.internal:8080/function/q6Avg
func name is q6Avg
func url is http://ip-172-31-2-1.us-east-2.compute.internal:8080/function/q6Avg
func name is q6Avg
func url is http://ip-172-31-2-1.us-east-2.compute.internal:8080/function/q6Avg
encoded json is {"aid":"q6","numOutPartition":"BA==","numSubstreamProducer":"BA==","outputTopicName":["q6_out"],"inputTopicName":["q6_maxBids"],"commEveryMs":100,"flushMs":100,"snapEveryS":10,"duration":180,"epoch":1,"waitEnd":true,"numChangelogPartition":4,"numInPartition":4,"ParNum":3,"gua":3,"serdeFormat":1}, node constraint is 5,6,7,8
encoded json is {"aid":"q6","numOutPartition":"BAQ=","numSubstreamProducer":"AQ==","outputTopicName":["q46_aucsByID","q46_bidsByAucID"],"inputTopicName":["nexmark_src"],"commEveryMs":100,"flushMs":100,"snapEveryS":10,"duration":180,"epoch":1,"waitEnd":true,"numChangelogPartition":4,"numInPartition":4,"ParNum":1,"gua":3,"serdeFormat":1}, node constraint is 5,6,7,8
encoded json is {"aid":"q6","numOutPartition":"BA==","numSubstreamProducer":"BAQ=","outputTopicName":["q6_aucIDSeller"],"inputTopicName":["q46_aucsByID","q46_bidsByAucID"],"commEveryMs":100,"flushMs":100,"snapEveryS":10,"duration":180,"epoch":1,"waitEnd":true,"numChangelogPartition":4,"numInPartition":4,"ParNum":3,"gua":3,"serdeFormat":1}, node constraint is 5,6,7,8
encoded json is {"aid":"q6","numOutPartition":"BA==","numSubstreamProducer":"BAQ=","outputTopicName":["q6_aucIDSeller"],"inputTopicName":["q46_aucsByID","q46_bidsByAucID"],"commEveryMs":100,"flushMs":100,"snapEveryS":10,"duration":180,"epoch":1,"waitEnd":true,"numChangelogPartition":4,"numInPartition":4,"gua":3,"serdeFormat":1}, node constraint is 5,6,7,8
encoded json is {"aid":"q6","numOutPartition":"BA==","numSubstreamProducer":"AQ==","outputTopicName":["q6_maxBids"],"inputTopicName":["q6_aucIDSeller"],"commEveryMs":100,"flushMs":100,"snapEveryS":10,"duration":180,"epoch":1,"waitEnd":true,"numChangelogPartition":4,"numInPartition":4,"gua":3,"serdeFormat":1}, node constraint is 5,6,7,8
encoded json is {"aid":"q6","numOutPartition":"BA==","numSubstreamProducer":"AQ==","outputTopicName":["q6_maxBids"],"inputTopicName":["q6_aucIDSeller"],"commEveryMs":100,"flushMs":100,"snapEveryS":10,"duration":180,"epoch":1,"waitEnd":true,"numChangelogPartition":4,"numInPartition":4,"ParNum":2,"gua":3,"serdeFormat":1}, node constraint is 5,6,7,8
encoded json is {"aid":"q6","numOutPartition":"BA==","numSubstreamProducer":"BAQ=","outputTopicName":["q6_aucIDSeller"],"inputTopicName":["q46_aucsByID","q46_bidsByAucID"],"commEveryMs":100,"flushMs":100,"snapEveryS":10,"duration":180,"epoch":1,"waitEnd":true,"numChangelogPartition":4,"numInPartition":4,"ParNum":1,"gua":3,"serdeFormat":1}, node constraint is 5,6,7,8
encoded json is {"aid":"q6","numOutPartition":"BAQ=","numSubstreamProducer":"AQ==","outputTopicName":["q46_aucsByID","q46_bidsByAucID"],"inputTopicName":["nexmark_src"],"commEveryMs":100,"flushMs":100,"snapEveryS":10,"duration":180,"epoch":1,"waitEnd":true,"numChangelogPartition":4,"numInPartition":4,"gua":3,"serdeFormat":1}, node constraint is 5,6,7,8
encoded json is {"aid":"q6","numOutPartition":"BA==","numSubstreamProducer":"BAQ=","outputTopicName":["q6_aucIDSeller"],"inputTopicName":["q46_aucsByID","q46_bidsByAucID"],"commEveryMs":100,"flushMs":100,"snapEveryS":10,"duration":180,"epoch":1,"waitEnd":true,"numChangelogPartition":4,"numInPartition":4,"ParNum":2,"gua":3,"serdeFormat":1}, node constraint is 5,6,7,8
encoded json is {"aid":"q6","numOutPartition":"BA==","numSubstreamProducer":"BA==","outputTopicName":["q6_out"],"inputTopicName":["q6_maxBids"],"commEveryMs":100,"flushMs":100,"snapEveryS":10,"duration":180,"epoch":1,"waitEnd":true,"numChangelogPartition":4,"numInPartition":4,"gua":3,"serdeFormat":1}, node constraint is 5,6,7,8
encoded json is {"aid":"q6","numOutPartition":"BA==","numSubstreamProducer":"AQ==","outputTopicName":["q6_maxBids"],"inputTopicName":["q6_aucIDSeller"],"commEveryMs":100,"flushMs":100,"snapEveryS":10,"duration":180,"epoch":1,"waitEnd":true,"numChangelogPartition":4,"numInPartition":4,"ParNum":3,"gua":3,"serdeFormat":1}, node constraint is 5,6,7,8
encoded json is {"aid":"q6","numOutPartition":"BAQ=","numSubstreamProducer":"AQ==","outputTopicName":["q46_aucsByID","q46_bidsByAucID"],"inputTopicName":["nexmark_src"],"commEveryMs":100,"flushMs":100,"snapEveryS":10,"duration":180,"epoch":1,"waitEnd":true,"numChangelogPartition":4,"numInPartition":4,"ParNum":2,"gua":3,"serdeFormat":1}, node constraint is 5,6,7,8
encoded json is {"aid":"q6","numOutPartition":"BA==","numSubstreamProducer":"AQ==","outputTopicName":["q6_maxBids"],"inputTopicName":["q6_aucIDSeller"],"commEveryMs":100,"flushMs":100,"snapEveryS":10,"duration":180,"epoch":1,"waitEnd":true,"numChangelogPartition":4,"numInPartition":4,"ParNum":1,"gua":3,"serdeFormat":1}, node constraint is 5,6,7,8
encoded json is {"aid":"q6","numOutPartition":"BA==","numSubstreamProducer":"BA==","outputTopicName":["q6_out"],"inputTopicName":["q6_maxBids"],"commEveryMs":100,"flushMs":100,"snapEveryS":10,"duration":180,"epoch":1,"waitEnd":true,"numChangelogPartition":4,"numInPartition":4,"ParNum":1,"gua":3,"serdeFormat":1}, node constraint is 5,6,7,8
encoded json is {"aid":"q6","numOutPartition":"BA==","numSubstreamProducer":"BA==","outputTopicName":["q6_out"],"inputTopicName":["q6_maxBids"],"commEveryMs":100,"flushMs":100,"snapEveryS":10,"duration":180,"epoch":1,"waitEnd":true,"numChangelogPartition":4,"numInPartition":4,"ParNum":2,"gua":3,"serdeFormat":1}, node constraint is 5,6,7,8
encoded json is {"aid":"q6","numOutPartition":"BAQ=","numSubstreamProducer":"AQ==","outputTopicName":["q46_aucsByID","q46_bidsByAucID"],"inputTopicName":["nexmark_src"],"commEveryMs":100,"flushMs":100,"snapEveryS":10,"duration":180,"epoch":1,"waitEnd":true,"numChangelogPartition":4,"numInPartition":4,"ParNum":3,"gua":3,"serdeFormat":1}, node constraint is 5,6,7,8
source-1 invoke done
source-2 invoke done
source-3 invoke done
source-0 invoke done
q46GroupBy-2 call done
q46GroupBy-1 call done
q46GroupBy-3 call done
q46GroupBy-0 call done
q6JoinStream-2 call done
q6MaxBid-2 call done
q6JoinStream-0 call done
q6MaxBid-0 call done
q6JoinStream-1 call done
q6MaxBid-1 call done
{"level":"error","time":"2022-11-21T05:08:07-06:00","message":"q6Avg request failed: Post \"http://ip-172-31-2-1.us-east-2.compute.internal:8080/function/q6Avg\": context deadline exceeded (Client.Timeout exceeded while awaiting headers)"}
q6Avg-1 call done
{"level":"error","time":"2022-11-21T05:08:07-06:00","message":"q6Avg request failed: Post \"http://ip-172-31-2-1.us-east-2.compute.internal:8080/function/q6Avg\": context deadline exceeded (Client.Timeout exceeded while awaiting headers)"}
q6Avg-0 call done
{"level":"error","time":"2022-11-21T05:08:07-06:00","message":"q6Avg request failed: Post \"http://ip-172-31-2-1.us-east-2.compute.internal:8080/function/q6Avg\": context deadline exceeded (Client.Timeout exceeded while awaiting headers)"}
q6Avg-3 call done
{"level":"error","time":"2022-11-21T05:08:07-06:00","message":"q6Avg request failed: Post \"http://ip-172-31-2-1.us-east-2.compute.internal:8080/function/q6Avg\": context deadline exceeded (Client.Timeout exceeded while awaiting headers)"}
q6Avg-2 call done
{"level":"error","time":"2022-11-21T05:08:07-06:00","message":"q6JoinStream request failed: Post \"http://ip-172-31-2-1.us-east-2.compute.internal:8080/function/q6JoinStream\": context deadline exceeded (Client.Timeout exceeded while awaiting headers)"}
q6JoinStream-3 call done
{"level":"error","time":"2022-11-21T05:08:07-06:00","message":"q6MaxBid request failed: Post \"http://ip-172-31-2-1.us-east-2.compute.internal:8080/function/q6MaxBid\": context deadline exceeded (Client.Timeout exceeded while awaiting headers)"}
q6MaxBid-3 call done
sink processed: 225001, throughput: (event/s) 1249.9838499193309
sink_ctrl processed: 1, throughput: (event/s) 0.0055554590864899745
source-0 duration: 180.003125652

sink processed: 225000, throughput: (event/s) 1249.9851123925926
sink_ctrl processed: 1, throughput: (event/s) 0.005555489388411523
source-1 duration: 180.002143841

sink processed: 225001, throughput: (event/s) 1249.997016048163
sink_ctrl processed: 1, throughput: (event/s) 0.005555517602358047
source-2 duration: 180.001229692

sink processed: 225001, throughput: (event/s) 1249.992914446656
sink_ctrl processed: 1, throughput: (event/s) 0.0055554993730990345
source-3 duration: 180.00182033

sink processed 900003 events, duration: 180.003125652, tp: 4999.929844
sink_ctrl processed 4 events, duration: 180.003125652, tp: 0.022222

aucsByIDSink processed: 13500, throughput: (event/s) 74.98317347843818
bidsByAucIDSink processed: 207000, throughput: (event/s) 1149.741993336052
nexmark_src_src processed: 225001, throughput: (event/s) 1249.7251122831162
nexmark_src_src_ctrl processed: 1, throughput: (event/s) 0.0055543091465509765
nexmark_src_src_data processed: 225000, throughput: (event/s) 1249.7195579739696
nexmark_src_src_epoch processed: 0, throughput: (event/s) 0
nexmark_src_src_logEntry processed: 1761, throughput: (event/s) 9.78113840707627
q46GroupBy-0 duration: 180.040392714

aucsByIDSink processed: 13499, throughput: (event/s) 74.98138468631912
bidsByAucIDSink processed: 207000, throughput: (event/s) 1149.7997355410073
nexmark_src_src processed: 225000, throughput: (event/s) 1249.7823212402252
nexmark_src_src_ctrl processed: 1, throughput: (event/s) 0.005554588094401001
nexmark_src_src_data processed: 224999, throughput: (event/s) 1249.7767666521308
nexmark_src_src_epoch processed: 0, throughput: (event/s) 0
nexmark_src_src_logEntry processed: 1761, throughput: (event/s) 9.781629634240163
q46GroupBy-1 duration: 180.031351201

nexmark_src_src_logEntry processed: 1761, throughput: (event/s) 9.78173017139383
aucsByIDSink processed: 13500, throughput: (event/s) 74.98771000216736
bidsByAucIDSink processed: 207000, throughput: (event/s) 1149.8115533665662
nexmark_src_src processed: 225001, throughput: (event/s) 1249.8007213479746
nexmark_src_src_ctrl processed: 1, throughput: (event/s) 0.0055546451853457305
nexmark_src_src_data processed: 225000, throughput: (event/s) 1249.7951667027894
nexmark_src_src_epoch processed: 0, throughput: (event/s) 0
q46GroupBy-2 duration: 180.029500829

nexmark_src_src_data processed: 225000, throughput: (event/s) 1249.7449858280652
nexmark_src_src_epoch processed: 0, throughput: (event/s) 0
nexmark_src_src_logEntry processed: 1767, throughput: (event/s) 9.814663955369738
aucsByIDSink processed: 13500, throughput: (event/s) 74.9846991496839
bidsByAucIDSink processed: 207000, throughput: (event/s) 1149.7653869618198
nexmark_src_src processed: 225001, throughput: (event/s) 1249.7505402502243
nexmark_src_src_ctrl processed: 1, throughput: (event/s) 0.005554422159235845
q46GroupBy-3 duration: 180.036729534

nexmark_src_src_ctrl processed 4 events, duration: 180.040392714
nexmark_src_src_data processed 899999 events, duration: 180.040392714
nexmark_src_src_epoch processed 0 events, duration: 180.040392714
nexmark_src_src_logEntry processed 7050 events, duration: 180.040392714
aucsByIDSink processed 53999 events, duration: 180.040392714
bidsByAucIDSink processed 828000 events, duration: 180.040392714
nexmark_src_src processed 900003 events, duration: 180.040392714

aucsByIDSrc_logEntry processed: 5428, throughput: (event/s) 28.760404286774463
bidsByAucIDSrc_ctrl processed: 4, throughput: (event/s) 0.021194107801602406
bidsByAucIDSrc_data processed: 191568, throughput: (event/s) 1015.0282108343424
aucsByIDSrc_ctrl processed: 4, throughput: (event/s) 0.021194107801602406
aucsByIDSrc_data processed: 13424, throughput: (event/s) 71.12742578217767
aucsByIDSrc_epoch processed: 5428, throughput: (event/s) 28.760404286774463
bidsByAucIDSrc_epoch processed: 6063, throughput: (event/s) 32.124968900278844
bidsByAucIDSrc processed: 197635, throughput: (event/s) 1047.174373842423
bidsByAucIDSrc_logEntry processed: 6063, throughput: (event/s) 32.124968900278844
sink processed: 535876, throughput: (event/s) 2839.3534280728727
aucsByIDSrc processed: 18856, throughput: (event/s) 99.90902417675375
q6JoinStream-0 duration: 188.731700218

aucsByIDSrc processed: 18906, throughput: (event/s) 96.29637522139869
bidsByAucIDSrc processed: 195246, throughput: (event/s) 994.4717061502807
bidsByAucIDSrc_ctrl processed: 4, throughput: (event/s) 0.020373717385253082
bidsByAucIDSrc_epoch processed: 6063, throughput: (event/s) 30.881462126697357
aucsByIDSrc_data processed: 13443, throughput: (event/s) 68.4709707024893
aucsByIDSrc_logEntry processed: 5459, throughput: (event/s) 27.805030801524143
bidsByAucIDSrc_logEntry processed: 6063, throughput: (event/s) 30.881462126697357
sink processed: 544662, throughput: (event/s) 2774.1974146216785
bidsByAucIDSrc_data processed: 189179, throughput: (event/s) 963.5698703061981
aucsByIDSrc_ctrl processed: 4, throughput: (event/s) 0.020373717385253082
aucsByIDSrc_epoch processed: 5459, throughput: (event/s) 27.805030801524143
q6JoinStream-1 duration: 196.331377547

aucsByIDSrc_logEntry processed: 5433, throughput: (event/s) 29.566420284845588
bidsByAucIDSrc_data processed: 205487, throughput: (event/s) 1118.2615507218968
aucsByIDSrc processed: 19057, throughput: (event/s) 103.70831425884454
sink processed: 602687, throughput: (event/s) 3279.8264572451194
bidsByAucIDSrc_epoch processed: 6063, throughput: (event/s) 32.994884260448885
bidsByAucIDSrc_logEntry processed: 6063, throughput: (event/s) 32.994884260448885
aucsByIDSrc_epoch processed: 5433, throughput: (event/s) 29.566420284845588
bidsByAucIDSrc processed: 211554, throughput: (event/s) 1151.2782030075875
aucsByIDSrc_ctrl processed: 4, throughput: (event/s) 0.021768025241925705
aucsByIDSrc_data processed: 13620, throughput: (event/s) 74.12012594875702
bidsByAucIDSrc_ctrl processed: 4, throughput: (event/s) 0.021768025241925705
q6JoinStream-2 duration: 183.755758988

q6JoinStream-3 failed, msg 
aucsByIDSrc_data processed 40487 events, duration: 196.331377547
aucsByIDSrc_epoch processed 16320 events, duration: 196.331377547
bidsByAucIDSrc_epoch processed 18189 events, duration: 196.331377547
aucsByIDSrc_logEntry processed 16320 events, duration: 196.331377547
bidsByAucIDSrc_ctrl processed 12 events, duration: 196.331377547
aucsByIDSrc_ctrl processed 12 events, duration: 196.331377547
sink processed 1683225 events, duration: 196.331377547
aucsByIDSrc processed 56819 events, duration: 196.331377547
bidsByAucIDSrc_data processed 586234 events, duration: 196.331377547
bidsByAucIDSrc processed 604435 events, duration: 196.331377547
bidsByAucIDSrc_logEntry processed 18189 events, duration: 196.331377547

q6_aucIDSeller_src_logEntry processed: 1387, throughput: (event/s) 7.348346290579897
sink processed: 77150, throughput: (event/s) 408.74182863607723
q6_aucIDSeller_src processed: 537015, throughput: (event/s) 2845.113326053182
q6_aucIDSeller_src_ctrl processed: 1, throughput: (event/s) 0.00529801462911312
q6_aucIDSeller_src_data processed: 535876, throughput: (event/s) 2839.078887390622
q6_aucIDSeller_src_epoch processed: 1138, throughput: (event/s) 6.02914064793073
q6MaxBid-0 duration: 188.74995069

q6_aucIDSeller_src_ctrl processed: 1, throughput: (event/s) 0.005092910377847505
q6_aucIDSeller_src_data processed: 544662, throughput: (event/s) 2773.9147522191774
q6_aucIDSeller_src_epoch processed: 1173, throughput: (event/s) 5.973983873215123
q6_aucIDSeller_src_logEntry processed: 1455, throughput: (event/s) 7.410184599768119
sink processed: 79519, throughput: (event/s) 404.9831403360557
q6_aucIDSeller_src processed: 545836, throughput: (event/s) 2779.8938290027704
q6MaxBid-1 duration: 196.351383749

q6_aucIDSeller_src_epoch processed: 1145, throughput: (event/s) 6.23029357424893
q6_aucIDSeller_src_logEntry processed: 1451, throughput: (event/s) 7.895332730336417
sink processed: 96520, throughput: (event/s) 525.194703743674
q6_aucIDSeller_src processed: 603833, throughput: (event/s) 3285.6391788816195
q6_aucIDSeller_src_ctrl processed: 1, throughput: (event/s) 0.005441304431658455
q6_aucIDSeller_src_data processed: 602687, throughput: (event/s) 3279.403444002939
q6MaxBid-2 duration: 183.779461811

q6MaxBid-3 failed, msg 
sink processed 253189 events, duration: 196.351383749
q6_aucIDSeller_src processed 1686684 events, duration: 196.351383749
q6_aucIDSeller_src_ctrl processed 3 events, duration: 196.351383749
q6_aucIDSeller_src_data processed 1683225 events, duration: 196.351383749
q6_aucIDSeller_src_epoch processed 3456 events, duration: 196.351383749
q6_aucIDSeller_src_logEntry processed 4293 events, duration: 196.351383749

q6Avg-0 failed, msg 
q6Avg-1 failed, msg 
q6Avg-2 failed, msg 
q6Avg-3 failed, msg 
