wait for last: true, sink max_buf_size: 131072
warmup: 0
config: map[NodeConstraint:"1,2,3,4" NumInstance:4 OutputTopicName:["nexmark_src"] funcName:"source"]
config: map[InputTopicNames:["nexmark_src"] NodeConstraint:"5,6,7,8" NumInstance:4 NumSrcProducer:[1] OutputTopicName:["q3_aucsBySellerID_out","q3_personsByID_out"] funcName:"q3GroupBy"]
config: map[Final:true InputTopicNames:["q3_aucsBySellerID_out","q3_personsByID_out"] NodeConstraint:"5,6,7,8" NumInstance:4 NumSrcProducer:[4,4] OutputTopicName:["q3_out"] funcName:"q3JoinTable"]
srcInvokeConfig: &{FinalTpNames:[q3_out] TopicName:nexmark_src AppId:q3 NodeConstraint:1,2,3,4 AdditionalBytes:0 ScaleEpoch:0 NumOutPartition:4 InstanceID:0 NumSrcInstance:4}
cliNodes: [0xc0000261e0 0xc000026240]
inParamsMap: map[q3GroupBy:[0xc00007eb40 0xc00007ebe0 0xc00007ec80 0xc00007ed20] q3JoinTable:[0xc00007edc0 0xc00007ee60 0xc00007ef00 0xc00007efa0]]
configScaleInput: &{Config:map[changelog:4 nexmark_src:4 q3GroupBy:4 q3JoinTable:4 q3_aucsBySellerID_out:4 q3_out:4 q3_personsByID_out:4 source:4] AppId:q3 FuncNames:[source q3GroupBy q3JoinTable] BufMaxSize:131072 ScaleEpoch:0 SerdeFormat:1 Bootstrap:false}
encoded json is {"sg":{"changelog":4,"nexmark_src":4,"q3GroupBy":4,"q3JoinTable":4,"q3_aucsBySellerID_out":4,"q3_out":4,"q3_personsByID_out":4,"source":4},"aid":"q3","fns":["source","q3GroupBy","q3JoinTable"],"bufMaxSize":131072,"epoch":1,"serdeFormat":1,"bs":true}, node constraint is 1
encoded json is {"outTpNames":["q3_out"]}, node constraint is 1
redis_setup url is http://ip-172-31-7-38.us-east-2.compute.internal:8080/function/redisSetup
chkptmngr url is http://ip-172-31-7-38.us-east-2.compute.internal:8080/function/chkptmngr
encoded json is {"srcTpName":"nexmark_src","outTpNames":["q3_out"],"numOutParts":"BA==","chkptEveryMs":100,"bufMaxSize":131072,"srcNumPart":4,"gua":4,"serde_format":1}, node constraint is 1
func source url is http://ip-172-31-7-38.us-east-2.compute.internal:8080/function/source
func source url is http://ip-172-31-7-38.us-east-2.compute.internal:8080/function/source
func source url is http://ip-172-31-7-38.us-east-2.compute.internal:8080/function/source
func source url is http://ip-172-31-7-38.us-east-2.compute.internal:8080/function/source
src instance: 4
encoded json is {"topic_name":"nexmark_src","rate_shape":"square","aid":"q3","events_num":11520000,"rate_period":10000000000,"finOutTpNs":["q3_out"],"first_event_rate":64000,"next_event_rate":64000,"bid_avg_size":100,"person_avg_size":200,"auction_avg_size":500,"duration":180,"person_proportion":1,"auction_proportion":3,"bid_proportion":46,"bid_hot_ratio_auctions":2,"bid_hot_ratio_bidders":4,"auction_hot_ratio_sellers":4,"flushms":100,"bufMaxSize":131072,"commEveryMs":100,"rate_limited":false,"waitEnd":true,"serde_format":1,"numOutPar":4,"nSrcIns":4,"gua":4}, node constraint is 1,2,3,4
encoded json is {"topic_name":"nexmark_src","rate_shape":"square","aid":"q3","events_num":11520000,"rate_period":10000000000,"finOutTpNs":["q3_out"],"first_event_rate":64000,"next_event_rate":64000,"bid_avg_size":100,"person_avg_size":200,"auction_avg_size":500,"duration":180,"person_proportion":1,"auction_proportion":3,"bid_proportion":46,"bid_hot_ratio_auctions":2,"bid_hot_ratio_bidders":4,"auction_hot_ratio_sellers":4,"flushms":100,"bufMaxSize":131072,"commEveryMs":100,"rate_limited":false,"waitEnd":true,"serde_format":1,"numOutPar":4,"parNum":3,"nSrcIns":4,"gua":4}, node constraint is 1,2,3,4
encoded json is {"topic_name":"nexmark_src","rate_shape":"square","aid":"q3","events_num":11520000,"rate_period":10000000000,"finOutTpNs":["q3_out"],"first_event_rate":64000,"next_event_rate":64000,"bid_avg_size":100,"person_avg_size":200,"auction_avg_size":500,"duration":180,"person_proportion":1,"auction_proportion":3,"bid_proportion":46,"bid_hot_ratio_auctions":2,"bid_hot_ratio_bidders":4,"auction_hot_ratio_sellers":4,"flushms":100,"bufMaxSize":131072,"commEveryMs":100,"rate_limited":false,"waitEnd":true,"serde_format":1,"numOutPar":4,"parNum":2,"nSrcIns":4,"gua":4}, node constraint is 1,2,3,4
encoded json is {"topic_name":"nexmark_src","rate_shape":"square","aid":"q3","events_num":11520000,"rate_period":10000000000,"finOutTpNs":["q3_out"],"first_event_rate":64000,"next_event_rate":64000,"bid_avg_size":100,"person_avg_size":200,"auction_avg_size":500,"duration":180,"person_proportion":1,"auction_proportion":3,"bid_proportion":46,"bid_hot_ratio_auctions":2,"bid_hot_ratio_bidders":4,"auction_hot_ratio_sellers":4,"flushms":100,"bufMaxSize":131072,"commEveryMs":100,"rate_limited":false,"waitEnd":true,"serde_format":1,"numOutPar":4,"parNum":1,"nSrcIns":4,"gua":4}, node constraint is 1,2,3,4
func name is q3GroupBy
func url is http://ip-172-31-7-38.us-east-2.compute.internal:8080/function/q3GroupBy
func name is q3JoinTable
func url is http://ip-172-31-7-38.us-east-2.compute.internal:8080/function/q3JoinTable
func name is q3JoinTable
func url is http://ip-172-31-7-38.us-east-2.compute.internal:8080/function/q3JoinTable
func name is q3JoinTable
func url is http://ip-172-31-7-38.us-east-2.compute.internal:8080/function/q3JoinTable
func name is q3GroupBy
func url is http://ip-172-31-7-38.us-east-2.compute.internal:8080/function/q3GroupBy
Waiting for all client to return
func name is q3JoinTable
func url is http://ip-172-31-7-38.us-east-2.compute.internal:8080/function/q3JoinTable
func name is q3GroupBy
func url is http://ip-172-31-7-38.us-east-2.compute.internal:8080/function/q3GroupBy
func name is q3GroupBy
func url is http://ip-172-31-7-38.us-east-2.compute.internal:8080/function/q3GroupBy
encoded json is {"aid":"q3","numOutPartition":"BAQ=","numSubstreamProducer":"AQ==","outputTopicName":["q3_aucsBySellerID_out","q3_personsByID_out"],"inputTopicName":["nexmark_src"],"commEveryMs":100,"flushMs":100,"snapEveryS":10,"duration":180,"bufMaxSize":131072,"epoch":1,"waitEnd":true,"numChangelogPartition":4,"numInPartition":4,"gua":4,"serdeFormat":1}, node constraint is 5,6,7,8
encoded json is {"aid":"q3","numOutPartition":"BA==","numSubstreamProducer":"BAQ=","outputTopicName":["q3_out"],"inputTopicName":["q3_aucsBySellerID_out","q3_personsByID_out"],"commEveryMs":100,"flushMs":100,"snapEveryS":10,"duration":180,"bufMaxSize":131072,"epoch":1,"waitEnd":true,"numChangelogPartition":4,"numInPartition":4,"gua":4,"serdeFormat":1}, node constraint is 5,6,7,8
encoded json is {"aid":"q3","numOutPartition":"BAQ=","numSubstreamProducer":"AQ==","outputTopicName":["q3_aucsBySellerID_out","q3_personsByID_out"],"inputTopicName":["nexmark_src"],"commEveryMs":100,"flushMs":100,"snapEveryS":10,"duration":180,"bufMaxSize":131072,"epoch":1,"waitEnd":true,"numChangelogPartition":4,"numInPartition":4,"ParNum":2,"gua":4,"serdeFormat":1}, node constraint is 5,6,7,8
encoded json is {"aid":"q3","numOutPartition":"BA==","numSubstreamProducer":"BAQ=","outputTopicName":["q3_out"],"inputTopicName":["q3_aucsBySellerID_out","q3_personsByID_out"],"commEveryMs":100,"flushMs":100,"snapEveryS":10,"duration":180,"bufMaxSize":131072,"epoch":1,"waitEnd":true,"numChangelogPartition":4,"numInPartition":4,"ParNum":2,"gua":4,"serdeFormat":1}, node constraint is 5,6,7,8
encoded json is {"aid":"q3","numOutPartition":"BAQ=","numSubstreamProducer":"AQ==","outputTopicName":["q3_aucsBySellerID_out","q3_personsByID_out"],"inputTopicName":["nexmark_src"],"commEveryMs":100,"flushMs":100,"snapEveryS":10,"duration":180,"bufMaxSize":131072,"epoch":1,"waitEnd":true,"numChangelogPartition":4,"numInPartition":4,"ParNum":3,"gua":4,"serdeFormat":1}, node constraint is 5,6,7,8
encoded json is {"aid":"q3","numOutPartition":"BA==","numSubstreamProducer":"BAQ=","outputTopicName":["q3_out"],"inputTopicName":["q3_aucsBySellerID_out","q3_personsByID_out"],"commEveryMs":100,"flushMs":100,"snapEveryS":10,"duration":180,"bufMaxSize":131072,"epoch":1,"waitEnd":true,"numChangelogPartition":4,"numInPartition":4,"ParNum":3,"gua":4,"serdeFormat":1}, node constraint is 5,6,7,8
encoded json is {"aid":"q3","numOutPartition":"BA==","numSubstreamProducer":"BAQ=","outputTopicName":["q3_out"],"inputTopicName":["q3_aucsBySellerID_out","q3_personsByID_out"],"commEveryMs":100,"flushMs":100,"snapEveryS":10,"duration":180,"bufMaxSize":131072,"epoch":1,"waitEnd":true,"numChangelogPartition":4,"numInPartition":4,"ParNum":1,"gua":4,"serdeFormat":1}, node constraint is 5,6,7,8
encoded json is {"aid":"q3","numOutPartition":"BAQ=","numSubstreamProducer":"AQ==","outputTopicName":["q3_aucsBySellerID_out","q3_personsByID_out"],"inputTopicName":["nexmark_src"],"commEveryMs":100,"flushMs":100,"snapEveryS":10,"duration":180,"bufMaxSize":131072,"epoch":1,"waitEnd":true,"numChangelogPartition":4,"numInPartition":4,"ParNum":1,"gua":4,"serdeFormat":1}, node constraint is 5,6,7,8
source-3 invoke done
source-2 invoke done
source-0 invoke done
source-1 invoke done
q3GroupBy-0 call done
q3GroupBy-2 call done
q3GroupBy-3 call done
q3GroupBy-1 call done
q3JoinTable-1 call done
q3JoinTable-2 call done
q3JoinTable-3 call done
q3JoinTable-0 call done
sink processed: 2880002, throughput: (event/s) 15988.916488566325
sink_ctrl processed: 2, throughput: (event/s) 0.01110340651747209
source-0 duration: 180.124901025

sink processed: 2880002, throughput: (event/s) 15989.07340029263
sink_ctrl processed: 2, throughput: (event/s) 0.011103515483873018
source-1 duration: 180.123133336

sink processed: 2880002, throughput: (event/s) 15988.892948553459
sink_ctrl processed: 2, throughput: (event/s) 0.011103390170252284
source-2 duration: 180.125166218

sink processed: 2880002, throughput: (event/s) 15988.885957122717
sink_ctrl processed: 2, throughput: (event/s) 0.011103385315095417
source-3 duration: 180.125244981

sink processed 11520008 events, duration: 180.125244981, tp: 63955.543828
sink_ctrl processed 8 events, duration: 180.125244981, tp: 0.044414

nexmark_src_src_ctrl processed: 1167, throughput: (event/s) 6.478187129750355
nexmark_src_src_data processed: 2880000, throughput: (event/s) 15987.299857481594
nexmark_src_src_epoch processed: 0, throughput: (event/s) 0
nexmark_src_src_logEntry processed: 7046, throughput: (event/s) 39.11337319299143
perSink processed: 28806, throughput: (event/s) 159.90630544951904
aucSink processed: 34391, throughput: (event/s) 190.90945465230885
nexmark_src_src processed: 2881167, throughput: (event/s) 15993.778044611345
q3GroupBy-0 duration: 180.142990103

perSink processed: 28852, throughput: (event/s) 160.1617207557735
aucSink processed: 34931, throughput: (event/s) 193.9071491653932
nexmark_src_src processed: 2881167, throughput: (event/s) 15993.78429588069
nexmark_src_src_ctrl processed: 1167, throughput: (event/s) 6.4781896617907835
nexmark_src_src_data processed: 2880000, throughput: (event/s) 15987.3061062189
nexmark_src_src_epoch processed: 0, throughput: (event/s) 0
nexmark_src_src_logEntry processed: 7051, throughput: (event/s) 39.14114422046856
q3GroupBy-1 duration: 180.142919693

aucSink processed: 34651, throughput: (event/s) 192.3516874500778
nexmark_src_src processed: 2881167, throughput: (event/s) 15993.689483001308
nexmark_src_src_ctrl processed: 1167, throughput: (event/s) 6.47815125838333
nexmark_src_src_data processed: 2880000, throughput: (event/s) 15987.211331742925
nexmark_src_src_epoch processed: 0, throughput: (event/s) 0
nexmark_src_src_logEntry processed: 7051, throughput: (event/s) 39.140912187541446
perSink processed: 29044, throughput: (event/s) 161.2265853885908
q3GroupBy-2 duration: 180.143987606

nexmark_src_src_logEntry processed: 7047, throughput: (event/s) 39.11859938009656
perSink processed: 28605, throughput: (event/s) 158.789206083108
aucSink processed: 34766, throughput: (event/s) 192.9895311548797
nexmark_src_src processed: 2881167, throughput: (event/s) 15993.645185207135
nexmark_src_src_ctrl processed: 1167, throughput: (event/s) 6.478133315818461
nexmark_src_src_data processed: 2880000, throughput: (event/s) 15987.167051891316
nexmark_src_src_epoch processed: 0, throughput: (event/s) 0
q3GroupBy-3 duration: 180.144486553

nexmark_src_src processed 11524668 events, duration: 180.144486553
nexmark_src_src_ctrl processed 4668 events, duration: 180.144486553
nexmark_src_src_data processed 11520000 events, duration: 180.144486553
nexmark_src_src_epoch processed 0 events, duration: 180.144486553
nexmark_src_src_logEntry processed 28195 events, duration: 180.144486553
perSink processed 115307 events, duration: 180.144486553
aucSink processed 138739 events, duration: 180.144486553

eventTimeLatency_sink, p50: 105 ms, p90: 167 ms, p99: 204 ms
auctionsSrc_epoch processed: 0, throughput: (event/s) 0
auctionsSrc_logEntry processed: 4131, throughput: (event/s) 22.924151783379816
auctionsSrc_ctrl processed: 1170, throughput: (event/s) 6.492679154334152
personsSrc_logEntry processed: 4655, throughput: (event/s) 25.831984156773913
personsSrc_data processed: 28592, throughput: (event/s) 158.66554049634365
personsSrc_epoch processed: 0, throughput: (event/s) 0
sink processed: 25791, throughput: (event/s) 143.12195561489926
personsSrc processed: 29762, throughput: (event/s) 165.1582196506778
personsSrc_ctrl processed: 1170, throughput: (event/s) 6.492679154334152
auctionsSrc processed: 33420, throughput: (event/s) 185.45755328021144
auctionsSrc_data processed: 32250, throughput: (event/s) 178.9648741258773
q3JoinTable-0 duration: 180.202959701

eventTimeLatency_sink, p50: 106 ms, p90: 168 ms, p99: 201 ms
auctionsSrc_data processed: 34257, throughput: (event/s) 190.11118166162882
personsSrc processed: 29857, throughput: (event/s) 165.6931298967
sink processed: 26668, throughput: (event/s) 147.9955919243459
auctionsSrc processed: 35427, throughput: (event/s) 196.60416360821216
auctionsSrc_logEntry processed: 4140, throughput: (event/s) 22.975166887910305
personsSrc_ctrl processed: 1170, throughput: (event/s) 6.492981946583346
personsSrc_data processed: 28687, throughput: (event/s) 159.20014795011664
auctionsSrc_ctrl processed: 1170, throughput: (event/s) 6.492981946583346
auctionsSrc_epoch processed: 0, throughput: (event/s) 0
personsSrc_logEntry processed: 4664, throughput: (event/s) 25.883134870824556
personsSrc_epoch processed: 0, throughput: (event/s) 0
q3JoinTable-1 duration: 180.194556157

eventTimeLatency_sink, p50: 106 ms, p90: 167 ms, p99: 203 ms
auctionsSrc_data processed: 33185, throughput: (event/s) 184.16202646428985
auctionsSrc_logEntry processed: 4170, throughput: (event/s) 23.141649852526402
personsSrc processed: 30063, throughput: (event/s) 166.83631163465256
personsSrc_epoch processed: 0, throughput: (event/s) 0
personsSrc_logEntry processed: 4653, throughput: (event/s) 25.82208555486939
auctionsSrc processed: 34355, throughput: (event/s) 190.65500735816414
auctionsSrc_epoch processed: 0, throughput: (event/s) 0
personsSrc_ctrl processed: 1170, throughput: (event/s) 6.492980893874314
personsSrc_data processed: 28893, throughput: (event/s) 160.34333074077824
sink processed: 26439, throughput: (event/s) 146.72471953260086
auctionsSrc_ctrl processed: 1170, throughput: (event/s) 6.492980893874314
q3JoinTable-2 duration: 180.194585372

eventTimeLatency_sink, p50: 108 ms, p90: 169 ms, p99: 206 ms
personsSrc_ctrl processed: 1170, throughput: (event/s) 6.4932299627060726
personsSrc_epoch processed: 0, throughput: (event/s) 0
auctionsSrc processed: 40217, throughput: (event/s) 223.1950678719232
auctionsSrc_ctrl processed: 1170, throughput: (event/s) 6.4932299627060726
auctionsSrc_logEntry processed: 4203, throughput: (event/s) 23.325679942951815
personsSrc processed: 30305, throughput: (event/s) 168.18575557248508
personsSrc_data processed: 29135, throughput: (event/s) 161.692525609779
personsSrc_logEntry processed: 4657, throughput: (event/s) 25.845275159249727
auctionsSrc_data processed: 39047, throughput: (event/s) 216.70183790921712
auctionsSrc_epoch processed: 0, throughput: (event/s) 0
sink processed: 30157, throughput: (event/s) 167.36438973104873
q3JoinTable-3 duration: 180.187673426

personsSrc_epoch processed 0 events, duration: 180.202959701
auctionsSrc processed 143419 events, duration: 180.202959701
auctionsSrc_logEntry processed 16644 events, duration: 180.202959701
personsSrc_logEntry processed 18629 events, duration: 180.202959701
personsSrc_data processed 115307 events, duration: 180.202959701
personsSrc processed 119987 events, duration: 180.202959701
personsSrc_ctrl processed 4680 events, duration: 180.202959701
auctionsSrc_data processed 138739 events, duration: 180.202959701
auctionsSrc_epoch processed 0 events, duration: 180.202959701
auctionsSrc_ctrl processed 4680 events, duration: 180.202959701
sink processed 109055 events, duration: 180.202959701

