parallel restore str: , false
env str: , async2ndPhase: false
env str: , create snapshot: false
2024/03/03 11:49:52 [INFO] Load configuration for function scale[40]
2024/03/03 11:49:52 [INFO] Load configuration for function chkptmngr[50]
2024/03/03 11:49:52 [INFO] Load configuration for function redisSetup[70]
2024/03/03 11:49:52 [INFO] Load configuration for function source[20]
2024/03/03 11:49:52 [INFO] Load configuration for function query2[30]
2024/03/03 11:49:52 [INFO] Parse FAAS_ENGINE_ID: 3
2024/03/03 11:49:52 [INFO] Parse FAAS_ENGINE_ID: 3
2024/03/03 11:49:52 [INFO] Current GOMAXPROCS is 2
2024/03/03 11:49:52 [INFO] Parse FAAS_ENGINE_ID: 3
2024/03/03 11:49:52 [INFO] Current GOMAXPROCS is 3
2024/03/03 11:49:52 [INFO] Parse FAAS_ENGINE_ID: 3
2024/03/03 11:49:52 [INFO] Current GOMAXPROCS is 4
2024/03/03 11:49:52 [INFO] Start new FuncWorker with client id 7
2024/03/03 11:49:52 [INFO] Start new FuncWorker with client id 8
2024/03/03 11:49:52 [INFO] Start new FuncWorker with client id 9
2024/03/03 11:49:52 [INFO] Start new FuncWorker with client id 10
Enter nexmark: funcName: source
2024/03/03 11:49:52 [INFO] Handshake with engine done
Enter nexmark: funcName: source
Enter nexmark: funcName: source
2024/03/03 11:49:52 [INFO] Handshake with engine done
2024/03/03 11:49:52 [INFO] Handshake with engine done
Enter nexmark: funcName: source
2024/03/03 11:49:52 [INFO] Handshake with engine done
redis address is [snapcache-1:6666 snapcache-2:6666 snapcache-3:6666 snapcache-4:6666]
new buffered sink stream nexmark_src[0] with bufMaxSize 131072
new buffered sink stream nexmark_src[1] with bufMaxSize 131072
new buffered sink stream nexmark_src[2] with bufMaxSize 131072
new buffered sink stream nexmark_src[3] with bufMaxSize 131072
Generator config: 
	InterEventDelayUs: [20.833333333333332]
	EventPerEpoch    : 0
	MaxEvents        : 34560000
	FirstEventNumber : 1
	EpochPeriodMs    : 0
	StepLengthSec    : 5
	BaseTime         : 1709466745712
	FirstEventId     : 1
	TotalProportion  : 50
	BidProportion    : 46
	AuctionProportion: 3
	PersonProportion : 1
Nexmark config: 
	NumEvents            : 34560000
	NumEventGenerators   : 4
	RateShape            : 0
	FirstEventRate       : 192000
	NextEventRate        : 192000
	RateUnit             : 1000000
	RatePeriodSec        : 10
	PreloadSeconds       : 0
	StreamTimeout        : 240
	IsRateLimited        : false
	UseWallclockEventTime: false
	AvgPersonByteSize    : 200
	AvgAuctionByteSize   : 500
	AvgBidByteSize       : 100
	HotAuctionRatio      : 2
	HotSellersRatio      : 4
	HotBiddersRatio      : 4
	WindowSizeSec        : 10
	WindowPeriodSec      : 5
	WatermarkHoldbackSec : 0
	NumInFlightAuctions  : 100
	NumActivePeople      : 1000
	OccasionalDelaySec   : 3
	ProbDelayedEvent     : 0.1
	OutOfOrderGroupSize  : 1
Input config: 
	SrcTopicName   : nexmark_src
	AppId          : q2
	FinalOutTpNames: [q2_out]
	Duration(s)    : 180
	FlushMs        : 10
	BufMaxSize     : 131072
	CommitEveryMs  : 100
	WaitForEndMark : true
	SerdeFormat    : MSGP
	NumOutPartition: 4
	ParNum         : 0
	NumSrcInstance : 4
	Guarantee      : ALIGN_CHKPT
new buffered sink stream __control_log_q2[0] with bufMaxSize 131072
new buffered sink stream __control_log_q2[0] with bufMaxSize 131072
generate events to [0]
StartTs: 1709466745712
gen first chkpt
srcGen_0 stats (480048 samples): dur=10.008640349s, p50=5, p90=14, p99=54
nexmark_src_bufEntry_0 stats (1682 samples): dur=10.00150158s, p50=502, p90=511, p99=514
nexmark_src_bufSize_0 stats (1682 samples): dur=10.001594467s, p50=129098, p90=131025, p99=131065
nexmark_src_bufEntry_0 stats (1701 samples): dur=10.00267163s, p50=487, p90=511, p99=514
nexmark_src_bufSize_0 stats (1701 samples): dur=10.002708706s, p50=125249, p90=131018, p99=131066
srcGen_0 stats (480384 samples): dur=10.01079435s, p50=5, p90=14, p99=55
nexmark_src_bufEntry_0 stats (1698 samples): dur=10.00452325s, p50=498, p90=508, p99=512
nexmark_src_bufSize_0 stats (1698 samples): dur=10.004483316s, p50=128530, p90=131022, p99=131068
srcGen_0 stats (480528 samples): dur=10.007569562s, p50=5, p90=14, p99=51
nexmark_src_bufEntry_0 stats (1690 samples): dur=10.005673603s, p50=489, p90=507, p99=509
nexmark_src_bufSize_0 stats (1690 samples): dur=10.005677132s, p50=126797, p90=131021, p99=131067
srcGen_0 stats (480336 samples): dur=10.007504448s, p50=5, p90=14, p99=50
nexmark_src_bufEntry_0 stats (1690 samples): dur=10.004114939s, p50=492, p90=507, p99=510
nexmark_src_bufSize_0 stats (1690 samples): dur=10.004112242s, p50=127810, p90=131021, p99=131067
srcGen_0 stats (480368 samples): dur=10.007164696s, p50=5, p90=14, p99=50
nexmark_src_bufEntry_0 stats (1695 samples): dur=10.007827228s, p50=492, p90=507, p99=510
nexmark_src_bufSize_0 stats (1695 samples): dur=10.007849487s, p50=128020, p90=131020, p99=131067
srcGen_0 stats (480326 samples): dur=10.006875339s, p50=5, p90=14, p99=51
nexmark_src_bufEntry_0 stats (1683 samples): dur=10.001052881s, p50=486, p90=506, p99=509
nexmark_src_bufSize_0 stats (1683 samples): dur=10.001046929s, p50=127330, p90=131017, p99=131066
srcGen_0 stats (480389 samples): dur=10.006753632s, p50=4, p90=14, p99=50
nexmark_src_bufEntry_0 stats (1673 samples): dur=10.000138362s, p50=483, p90=503, p99=505
nexmark_src_bufSize_0 stats (1673 samples): dur=10.000120289s, p50=125288, p90=131015, p99=131063
srcGen_0 stats (480261 samples): dur=10.007428014s, p50=5, p90=14, p99=51
nexmark_src_bufEntry_0 stats (1667 samples): dur=10.001580652s, p50=495, p90=503, p99=505
nexmark_src_bufSize_0 stats (1667 samples): dur=10.001575766s, p50=130003, p90=131020, p99=131065
srcGen_0 stats (480393 samples): dur=10.006764104s, p50=5, p90=14, p99=50
nexmark_src_bufEntry_0 stats (1676 samples): dur=10.004670937s, p50=466, p90=503, p99=505
nexmark_src_bufSize_0 stats (1676 samples): dur=10.004698623s, p50=121943, p90=131023, p99=131065
srcGen_0 stats (480327 samples): dur=10.008148387s, p50=5, p90=14, p99=51
nexmark_src_bufEntry_0 stats (1669 samples): dur=10.003016719s, p50=486, p90=503, p99=505
nexmark_src_bufSize_0 stats (1669 samples): dur=10.003018068s, p50=127813, p90=131023, p99=131066
srcGen_0 stats (480384 samples): dur=10.008608113s, p50=5, p90=14, p99=51
nexmark_src_bufEntry_0 stats (1661 samples): dur=10.003674475s, p50=481, p90=503, p99=505
nexmark_src_bufSize_0 stats (1661 samples): dur=10.003649467s, p50=125600, p90=131021, p99=131068
srcGen_0 stats (480432 samples): dur=10.007905512s, p50=4, p90=14, p99=50
nexmark_src_bufEntry_0 stats (1650 samples): dur=10.000411404s, p50=480, p90=503, p99=505
nexmark_src_bufSize_0 stats (1650 samples): dur=10.000408435s, p50=124938, p90=131020, p99=131067
srcGen_0 stats (480384 samples): dur=10.008290809s, p50=5, p90=14, p99=50
nexmark_src_bufEntry_0 stats (1678 samples): dur=10.008594136s, p50=484, p90=503, p99=505
nexmark_src_bufSize_0 stats (1678 samples): dur=10.008594972s, p50=126067, p90=131017, p99=131067
srcGen_0 stats (480393 samples): dur=10.006667992s, p50=5, p90=14, p99=52
nexmark_src_bufEntry_0 stats (1693 samples): dur=10.001540806s, p50=485, p90=503, p99=505
nexmark_src_bufSize_0 stats (1693 samples): dur=10.001544664s, p50=126218, p90=131017, p99=131065
srcGen_0 stats (480327 samples): dur=10.008324221s, p50=5, p90=14, p99=50
nexmark_src_bufEntry_0 stats (1689 samples): dur=10.004122462s, p50=483, p90=503, p99=505
nexmark_src_bufSize_0 stats (1689 samples): dur=10.004132384s, p50=127210, p90=131020, p99=131066
srcGen_0 stats (480362 samples): dur=10.006795753s, p50=5, p90=14, p99=47
nexmark_src_bufEntry_0 stats (1687 samples): dur=10.010613346s, p50=486, p90=503, p99=505
nexmark_src_bufSize_0 stats (1687 samples): dur=10.010601253s, p50=126515, p90=131018, p99=131065
srcGen_0 stats (480358 samples): dur=10.008529964s, p50=5, p90=14, p99=49
[0] chkmngr has terminated
generate stream end mark with tag: 404b3c06f60bdf00
[0] all stopped
