wait for last: true
warmup: 0
config: map[NodeConstraint:"1,2,3,4" NumInstance:4 OutputTopicName:["nexmark_src"] funcName:"source"]
config: map[InputTopicNames:["nexmark_src"] NodeConstraint:"5,6,7,8" NumInstance:4 NumSrcProducer:[1] OutputTopicName:["q2_out"] funcName:"query2"]
srcInvokeConfig: {TopicName:nexmark_src AppId:q2 NodeConstraint:1,2,3,4 ScaleEpoch:0 NumOutPartition:4 InstanceID:0 NumSrcInstance:4}
cliNodes: [0xc0000261e0]
inParamsMap: map[query2:[0xc000000be0 0xc000000c80 0xc000000d20 0xc000000dc0]]
encoded json is {"sg":{"nexmark_src":4,"q2_out":4,"query2":4,"source":4},"aid":"q2","fns":["source","query2"],"epoch":1,"serdeFormat":1,"bs":true}, node constraint is 1
configScaleInput: {Config:map[nexmark_src:4 q2_out:4 query2:4 source:4] AppId:q2 FuncNames:[source query2] ScaleEpoch:0 SerdeFormat:1 Bootstrap:false}
func source url is http://ip-172-31-2-153.us-east-2.compute.internal:8080/function/source
src instance: 4
func source url is http://ip-172-31-2-153.us-east-2.compute.internal:8080/function/source
func source url is http://ip-172-31-2-153.us-east-2.compute.internal:8080/function/source
func source url is http://ip-172-31-2-153.us-east-2.compute.internal:8080/function/source
encoded json is {"topic_name":"nexmark_src","rate_shape":"square","aid":"q2","events_num":57600000,"rate_period":10000000000,"bid_avg_size":100,"first_event_rate":320000,"next_event_rate":320000,"person_avg_size":200,"auction_avg_size":500,"duration":180,"person_proportion":1,"auction_proportion":3,"bid_proportion":46,"bid_hot_ratio_auctions":2,"bid_hot_ratio_bidders":4,"auction_hot_ratio_sellers":4,"flushms":10,"rate_limited":false,"waitEnd":true,"serde_format":1,"numOutPar":4,"parNum":2,"nSrcIns":4}, node constraint is 1,2,3,4
encoded json is {"topic_name":"nexmark_src","rate_shape":"square","aid":"q2","events_num":57600000,"rate_period":10000000000,"bid_avg_size":100,"first_event_rate":320000,"next_event_rate":320000,"person_avg_size":200,"auction_avg_size":500,"duration":180,"person_proportion":1,"auction_proportion":3,"bid_proportion":46,"bid_hot_ratio_auctions":2,"bid_hot_ratio_bidders":4,"auction_hot_ratio_sellers":4,"flushms":10,"rate_limited":false,"waitEnd":true,"serde_format":1,"numOutPar":4,"nSrcIns":4}, node constraint is 1,2,3,4
encoded json is {"topic_name":"nexmark_src","rate_shape":"square","aid":"q2","events_num":57600000,"rate_period":10000000000,"bid_avg_size":100,"first_event_rate":320000,"next_event_rate":320000,"person_avg_size":200,"auction_avg_size":500,"duration":180,"person_proportion":1,"auction_proportion":3,"bid_proportion":46,"bid_hot_ratio_auctions":2,"bid_hot_ratio_bidders":4,"auction_hot_ratio_sellers":4,"flushms":10,"rate_limited":false,"waitEnd":true,"serde_format":1,"numOutPar":4,"parNum":1,"nSrcIns":4}, node constraint is 1,2,3,4
encoded json is {"topic_name":"nexmark_src","rate_shape":"square","aid":"q2","events_num":57600000,"rate_period":10000000000,"bid_avg_size":100,"first_event_rate":320000,"next_event_rate":320000,"person_avg_size":200,"auction_avg_size":500,"duration":180,"person_proportion":1,"auction_proportion":3,"bid_proportion":46,"bid_hot_ratio_auctions":2,"bid_hot_ratio_bidders":4,"auction_hot_ratio_sellers":4,"flushms":10,"rate_limited":false,"waitEnd":true,"serde_format":1,"numOutPar":4,"parNum":3,"nSrcIns":4}, node constraint is 1,2,3,4
Waiting for all client to return
func name is query2
func url is http://ip-172-31-2-153.us-east-2.compute.internal:8080/function/query2
func name is query2
func url is http://ip-172-31-2-153.us-east-2.compute.internal:8080/function/query2
func name is query2
func url is http://ip-172-31-2-153.us-east-2.compute.internal:8080/function/query2
encoded json is {"aid":"q2","numOutPartition":"BA==","numSubstreamProducer":"AQ==","outputTopicName":["q2_out"],"inputTopicName":["nexmark_src"],"commEveryMs":100,"flushMs":100,"duration":180,"epoch":1,"waitEnd":true,"numInPartition":4,"ParNum":1,"gua":3,"serdeFormat":1}, node constraint is 5,6,7,8
func name is query2
func url is http://ip-172-31-2-153.us-east-2.compute.internal:8080/function/query2
encoded json is {"aid":"q2","numOutPartition":"BA==","numSubstreamProducer":"AQ==","outputTopicName":["q2_out"],"inputTopicName":["nexmark_src"],"commEveryMs":100,"flushMs":100,"duration":180,"epoch":1,"waitEnd":true,"numInPartition":4,"ParNum":3,"gua":3,"serdeFormat":1}, node constraint is 5,6,7,8
encoded json is {"aid":"q2","numOutPartition":"BA==","numSubstreamProducer":"AQ==","outputTopicName":["q2_out"],"inputTopicName":["nexmark_src"],"commEveryMs":100,"flushMs":100,"duration":180,"epoch":1,"waitEnd":true,"numInPartition":4,"ParNum":2,"gua":3,"serdeFormat":1}, node constraint is 5,6,7,8
encoded json is {"aid":"q2","numOutPartition":"BA==","numSubstreamProducer":"AQ==","outputTopicName":["q2_out"],"inputTopicName":["nexmark_src"],"commEveryMs":100,"flushMs":100,"duration":180,"epoch":1,"waitEnd":true,"numInPartition":4,"gua":3,"serdeFormat":1}, node constraint is 5,6,7,8
source-2 invoke done
source-1 invoke done
source-3 invoke done
source-0 invoke done
query2-2 call done
query2-1 call done
query2-3 call done
query2-0 call done
sink processed: 14399941, throughput: (event/s) 79997.73516506271
sink_ctrl processed: 1, throughput: (event/s) 0.005555421037146104
source-0 duration: 180.004358502

sink_ctrl processed: 1, throughput: (event/s) 0.005555479734892818
sink processed: 14399928, throughput: (event/s) 79998.50818791566
source-1 duration: 180.002456623

sink_ctrl processed: 1, throughput: (event/s) 0.0055554759703684954
sink processed: 14399921, throughput: (event/s) 79998.41509070469
source-2 duration: 180.002578597

sink_ctrl processed: 1, throughput: (event/s) 0.0055554430379578966
sink processed: 14400001, throughput: (event/s) 79998.38530203675
source-3 duration: 180.003645644

sink processed 57599791 events, duration: 180.004358502, tp: 319991.090657
sink_ctrl processed 4 events, duration: 180.004358502, tp: 0.022222

eventTimeLatency_sink, p50: 9 ms, p90: 11 ms, p99: 14 ms
src_epoch processed: 0, throughput: (event/s) 0
src_logEntry processed: 38337, throughput: (event/s) 212.97034392775512
sink processed: 109085, throughput: (event/s) 605.9908174181382
src processed: 14399941, throughput: (event/s) 79994.7932104594
src_ctrl processed: 1, throughput: (event/s) 0.005555216733906021
src_data processed: 14399940, throughput: (event/s) 79994.78765524266
query2-0 duration: 180.010978491

eventTimeLatency_sink, p50: 9 ms, p90: 11 ms, p99: 14 ms
src_epoch processed: 0, throughput: (event/s) 0
src_logEntry processed: 38003, throughput: (event/s) 211.11660699759207
sink processed: 108514, throughput: (event/s) 602.823658441089
src processed: 14399928, throughput: (event/s) 79995.36721757814
src_ctrl processed: 1, throughput: (event/s) 0.0055552616108620915
src_data processed: 14399927, throughput: (event/s) 79995.36166231653
query2-1 duration: 180.009524312

eventTimeLatency_sink, p50: 8 ms, p90: 10 ms, p99: 13 ms
src_ctrl processed: 1, throughput: (event/s) 0.005555293122891176
src_data processed: 14399920, throughput: (event/s) 79995.7765461831
src_epoch processed: 0, throughput: (event/s) 0
src_logEntry processed: 38194, throughput: (event/s) 212.17886553570557
sink processed: 108856, throughput: (event/s) 604.7269881854418
src processed: 14399921, throughput: (event/s) 79995.78210147622
query2-2 duration: 180.00850322

eventTimeLatency_sink, p50: 8 ms, p90: 10 ms, p99: 13 ms
sink processed: 109259, throughput: (event/s) 606.9607646097447
src processed: 14400001, throughput: (event/s) 79995.56665666983
src_ctrl processed: 1, throughput: (event/s) 0.005555247298709898
src_data processed: 14400000, throughput: (event/s) 79995.56110142253
src_epoch processed: 0, throughput: (event/s) 0
src_logEntry processed: 35488, throughput: (event/s) 197.14461613661686
query2-3 duration: 180.009988076

src processed 57599791 events, duration: 180.010978491
src_ctrl processed 4 events, duration: 180.010978491
src_data processed 57599787 events, duration: 180.010978491
src_epoch processed 0 events, duration: 180.010978491
src_logEntry processed 150022 events, duration: 180.010978491
sink processed 435714 events, duration: 180.010978491

