wait for last: true
warmup: 0
config: map[NodeConstraint:"1,2,3,4" NumInstance:4 OutputTopicName:["nexmark_src"] funcName:"source"]
config: map[InputTopicNames:["nexmark_src"] NodeConstraint:"5,6,7,8" NumInstance:4 NumSrcProducer:[1] OutputTopicName:["q8_aucsBySellerID_out","q8_personsByID_out"] funcName:"q8GroupBy"]
config: map[InputTopicNames:["q8_aucsBySellerID_out","q8_personsByID_out"] NodeConstraint:"5,6,7,8" NumInstance:4 NumSrcProducer:[4,4] OutputTopicName:["q8_out"] funcName:"q8JoinStream"]
srcInvokeConfig: {TopicName:nexmark_src AppId:q8 NodeConstraint:1,2,3,4 ScaleEpoch:0 NumOutPartition:4 InstanceID:0 NumSrcInstance:4}
cliNodes: [0xc0000ce220 0xc0000ce280]
inParamsMap: map[q8GroupBy:[0xc0000b2b40 0xc0000b2be0 0xc0000b2c80 0xc0000b2d20] q8JoinStream:[0xc0000b2dc0 0xc0000b2e60 0xc0000b2f00 0xc0000b2fa0]]
configScaleInput: {Config:map[changelog:4 nexmark_src:4 q8GroupBy:4 q8JoinStream:4 q8_aucsBySellerID_out:4 q8_out:4 q8_personsByID_out:4 source:4] AppId:q8 FuncNames:[source q8GroupBy q8JoinStream] ScaleEpoch:0 SerdeFormat:1 Bootstrap:false}
encoded json is {"sg":{"changelog":4,"nexmark_src":4,"q8GroupBy":4,"q8JoinStream":4,"q8_aucsBySellerID_out":4,"q8_out":4,"q8_personsByID_out":4,"source":4},"aid":"q8","fns":["source","q8GroupBy","q8JoinStream"],"epoch":1,"serdeFormat":1,"bs":true}, node constraint is 1
func source url is http://ip-172-31-6-98.us-east-2.compute.internal:8080/function/source
func source url is http://ip-172-31-6-98.us-east-2.compute.internal:8080/function/source
func source url is http://ip-172-31-6-98.us-east-2.compute.internal:8080/function/source
func source url is http://ip-172-31-6-98.us-east-2.compute.internal:8080/function/source
src instance: 4
encoded json is {"topic_name":"nexmark_src","rate_shape":"square","aid":"q8","events_num":23040000,"rate_period":10000000000,"bid_avg_size":100,"first_event_rate":128000,"next_event_rate":128000,"person_avg_size":200,"auction_avg_size":500,"duration":180,"person_proportion":1,"auction_proportion":3,"bid_proportion":46,"bid_hot_ratio_auctions":2,"bid_hot_ratio_bidders":4,"auction_hot_ratio_sellers":4,"flushms":50,"rate_limited":false,"waitEnd":true,"serde_format":1,"numOutPar":4,"nSrcIns":4}, node constraint is 1,2,3,4
encoded json is {"topic_name":"nexmark_src","rate_shape":"square","aid":"q8","events_num":23040000,"rate_period":10000000000,"bid_avg_size":100,"first_event_rate":128000,"next_event_rate":128000,"person_avg_size":200,"auction_avg_size":500,"duration":180,"person_proportion":1,"auction_proportion":3,"bid_proportion":46,"bid_hot_ratio_auctions":2,"bid_hot_ratio_bidders":4,"auction_hot_ratio_sellers":4,"flushms":50,"rate_limited":false,"waitEnd":true,"serde_format":1,"numOutPar":4,"parNum":1,"nSrcIns":4}, node constraint is 1,2,3,4
encoded json is {"topic_name":"nexmark_src","rate_shape":"square","aid":"q8","events_num":23040000,"rate_period":10000000000,"bid_avg_size":100,"first_event_rate":128000,"next_event_rate":128000,"person_avg_size":200,"auction_avg_size":500,"duration":180,"person_proportion":1,"auction_proportion":3,"bid_proportion":46,"bid_hot_ratio_auctions":2,"bid_hot_ratio_bidders":4,"auction_hot_ratio_sellers":4,"flushms":50,"rate_limited":false,"waitEnd":true,"serde_format":1,"numOutPar":4,"parNum":3,"nSrcIns":4}, node constraint is 1,2,3,4
encoded json is {"topic_name":"nexmark_src","rate_shape":"square","aid":"q8","events_num":23040000,"rate_period":10000000000,"bid_avg_size":100,"first_event_rate":128000,"next_event_rate":128000,"person_avg_size":200,"auction_avg_size":500,"duration":180,"person_proportion":1,"auction_proportion":3,"bid_proportion":46,"bid_hot_ratio_auctions":2,"bid_hot_ratio_bidders":4,"auction_hot_ratio_sellers":4,"flushms":50,"rate_limited":false,"waitEnd":true,"serde_format":1,"numOutPar":4,"parNum":2,"nSrcIns":4}, node constraint is 1,2,3,4
func name is q8GroupBy
func url is http://ip-172-31-6-98.us-east-2.compute.internal:8080/function/q8GroupBy
func name is q8JoinStream
func url is http://ip-172-31-6-98.us-east-2.compute.internal:8080/function/q8JoinStream
func name is q8GroupBy
func url is http://ip-172-31-6-98.us-east-2.compute.internal:8080/function/q8GroupBy
func name is q8GroupBy
func name is q8JoinStream
func url is http://ip-172-31-6-98.us-east-2.compute.internal:8080/function/q8JoinStream
func name is q8JoinStream
func url is http://ip-172-31-6-98.us-east-2.compute.internal:8080/function/q8JoinStream
func name is q8JoinStream
func url is http://ip-172-31-6-98.us-east-2.compute.internal:8080/function/q8JoinStream
func name is q8GroupBy
func url is http://ip-172-31-6-98.us-east-2.compute.internal:8080/function/q8GroupBy
func url is http://ip-172-31-6-98.us-east-2.compute.internal:8080/function/q8GroupBy
Waiting for all client to return
encoded json is {"aid":"q8","numOutPartition":"BAQ=","numSubstreamProducer":"AQ==","outputTopicName":["q8_aucsBySellerID_out","q8_personsByID_out"],"inputTopicName":["nexmark_src"],"commEveryMs":50,"flushMs":50,"snapEveryS":10,"duration":180,"epoch":1,"waitEnd":true,"numChangelogPartition":4,"numInPartition":4,"ParNum":1,"gua":3,"serdeFormat":1}, node constraint is 5,6,7,8
encoded json is {"aid":"q8","numOutPartition":"BA==","numSubstreamProducer":"BAQ=","outputTopicName":["q8_out"],"inputTopicName":["q8_aucsBySellerID_out","q8_personsByID_out"],"commEveryMs":50,"flushMs":50,"snapEveryS":10,"duration":180,"epoch":1,"waitEnd":true,"numChangelogPartition":4,"numInPartition":4,"ParNum":3,"gua":3,"serdeFormat":1}, node constraint is 5,6,7,8
encoded json is {"aid":"q8","numOutPartition":"BA==","numSubstreamProducer":"BAQ=","outputTopicName":["q8_out"],"inputTopicName":["q8_aucsBySellerID_out","q8_personsByID_out"],"commEveryMs":50,"flushMs":50,"snapEveryS":10,"duration":180,"epoch":1,"waitEnd":true,"numChangelogPartition":4,"numInPartition":4,"gua":3,"serdeFormat":1}, node constraint is 5,6,7,8
encoded json is {"aid":"q8","numOutPartition":"BAQ=","numSubstreamProducer":"AQ==","outputTopicName":["q8_aucsBySellerID_out","q8_personsByID_out"],"inputTopicName":["nexmark_src"],"commEveryMs":50,"flushMs":50,"snapEveryS":10,"duration":180,"epoch":1,"waitEnd":true,"numChangelogPartition":4,"numInPartition":4,"gua":3,"serdeFormat":1}, node constraint is 5,6,7,8
encoded json is {"aid":"q8","numOutPartition":"BAQ=","numSubstreamProducer":"AQ==","outputTopicName":["q8_aucsBySellerID_out","q8_personsByID_out"],"inputTopicName":["nexmark_src"],"commEveryMs":50,"flushMs":50,"snapEveryS":10,"duration":180,"epoch":1,"waitEnd":true,"numChangelogPartition":4,"numInPartition":4,"ParNum":3,"gua":3,"serdeFormat":1}, node constraint is 5,6,7,8
encoded json is {"aid":"q8","numOutPartition":"BAQ=","numSubstreamProducer":"AQ==","outputTopicName":["q8_aucsBySellerID_out","q8_personsByID_out"],"inputTopicName":["nexmark_src"],"commEveryMs":50,"flushMs":50,"snapEveryS":10,"duration":180,"epoch":1,"waitEnd":true,"numChangelogPartition":4,"numInPartition":4,"ParNum":2,"gua":3,"serdeFormat":1}, node constraint is 5,6,7,8
encoded json is {"aid":"q8","numOutPartition":"BA==","numSubstreamProducer":"BAQ=","outputTopicName":["q8_out"],"inputTopicName":["q8_aucsBySellerID_out","q8_personsByID_out"],"commEveryMs":50,"flushMs":50,"snapEveryS":10,"duration":180,"epoch":1,"waitEnd":true,"numChangelogPartition":4,"numInPartition":4,"ParNum":2,"gua":3,"serdeFormat":1}, node constraint is 5,6,7,8
encoded json is {"aid":"q8","numOutPartition":"BA==","numSubstreamProducer":"BAQ=","outputTopicName":["q8_out"],"inputTopicName":["q8_aucsBySellerID_out","q8_personsByID_out"],"commEveryMs":50,"flushMs":50,"snapEveryS":10,"duration":180,"epoch":1,"waitEnd":true,"numChangelogPartition":4,"numInPartition":4,"ParNum":1,"gua":3,"serdeFormat":1}, node constraint is 5,6,7,8
source-3 invoke done
source-0 invoke done
source-1 invoke done
source-2 invoke done
q8GroupBy-3 call done
q8GroupBy-0 call done
q8GroupBy-1 call done
q8GroupBy-2 call done
q8JoinStream-1 call done
q8JoinStream-2 call done
q8JoinStream-0 call done
q8JoinStream-3 call done
sink processed: 5760001, throughput: (event/s) 31999.466963460578
sink_ctrl processed: 1, throughput: (event/s) 0.0055554620499997445
source-0 duration: 180.003029631

sink_ctrl processed: 1, throughput: (event/s) 0.005555442868921539
sink processed: 5760001, throughput: (event/s) 31999.356480430935
source-1 duration: 180.003651121

sink processed: 5760001, throughput: (event/s) 31999.18990331585
sink_ctrl processed: 1, throughput: (event/s) 0.005555413949288525
source-2 duration: 180.00458816

sink processed: 5760001, throughput: (event/s) 31999.461745502842
sink_ctrl processed: 1, throughput: (event/s) 0.005555461144104461
source-3 duration: 180.003058983

sink processed 23040004 events, duration: 180.00458816, tp: 127996.759613
sink_ctrl processed 4 events, duration: 180.00458816, tp: 0.022222

auctionsBySellerIDSink processed: 345600, throughput: (event/s) 1919.6307020320971
nexmark_src_src processed: 5760001, throughput: (event/s) 31993.850588355268
nexmark_src_src_ctrl processed: 1, throughput: (event/s) 0.005554486985046577
nexmark_src_src_data processed: 5760000, throughput: (event/s) 31993.845033868285
nexmark_src_src_epoch processed: 0, throughput: (event/s) 0
nexmark_src_src_logEntry processed: 13815, throughput: (event/s) 76.73523769841846
personsByIDSink processed: 115200, throughput: (event/s) 639.8769006773657
q8GroupBy-0 duration: 180.034628345

auctionsBySellerIDSink processed: 345600, throughput: (event/s) 1919.6130899947943
nexmark_src_src processed: 5760001, throughput: (event/s) 31993.55705434926
nexmark_src_src_ctrl processed: 1, throughput: (event/s) 0.005554436024290493
nexmark_src_src_data processed: 5760000, throughput: (event/s) 31993.551499913236
nexmark_src_src_epoch processed: 0, throughput: (event/s) 0
nexmark_src_src_logEntry processed: 13811, throughput: (event/s) 76.712315931476
personsByIDSink processed: 115200, throughput: (event/s) 639.8710299982647
q8GroupBy-1 duration: 180.036280124

auctionsBySellerIDSink processed: 345600, throughput: (event/s) 1919.5368522074343
nexmark_src_src processed: 5760001, throughput: (event/s) 31992.28642433933
nexmark_src_src_ctrl processed: 1, throughput: (event/s) 0.005554215428840955
nexmark_src_src_data processed: 5760000, throughput: (event/s) 31992.280870123905
nexmark_src_src_epoch processed: 0, throughput: (event/s) 0
nexmark_src_src_logEntry processed: 13858, throughput: (event/s) 76.97031741287796
personsByIDSink processed: 115200, throughput: (event/s) 639.8456174024781
q8GroupBy-2 duration: 180.043430582

nexmark_src_src_epoch processed: 0, throughput: (event/s) 0
nexmark_src_src_logEntry processed: 13818, throughput: (event/s) 76.75631029165089
personsByIDSink processed: 115200, throughput: (event/s) 639.9136594006501
auctionsBySellerIDSink processed: 345600, throughput: (event/s) 1919.7409782019504
nexmark_src_src processed: 5760001, throughput: (event/s) 31995.688524838577
nexmark_src_src_ctrl processed: 1, throughput: (event/s) 0.005554806071186199
nexmark_src_src_data processed: 5760000, throughput: (event/s) 31995.682970032503
q8GroupBy-3 duration: 180.02428657

nexmark_src_src_ctrl processed 4 events, duration: 180.043430582
nexmark_src_src_data processed 23040000 events, duration: 180.043430582
nexmark_src_src_epoch processed 0 events, duration: 180.043430582
nexmark_src_src_logEntry processed 55302 events, duration: 180.043430582
personsByIDSink processed 460800 events, duration: 180.043430582
auctionsBySellerIDSink processed 1382400 events, duration: 180.043430582
nexmark_src_src processed 23040004 events, duration: 180.043430582

eventTimeLatency_sink, p50: 331 ms, p90: 1234 ms, p99: 1909 ms
auctionsBySellerIDSrc_logEntry processed: 10258, throughput: (event/s) 56.774882437461656
personsByIDSrc_ctrl processed: 4, throughput: (event/s) 0.022138772640850714
personsByIDSrc_data processed: 114828, throughput: (event/s) 635.5377462009014
auctionsBySellerIDSrc_ctrl processed: 4, throughput: (event/s) 0.022138772640850714
sink processed: 1341764, throughput: (event/s) 7426.252033419604
personsByIDSrc_epoch processed: 10257, throughput: (event/s) 56.76934774430144
personsByIDSrc_logEntry processed: 10257, throughput: (event/s) 56.76934774430144
auctionsBySellerIDSrc processed: 346367, throughput: (event/s) 1917.0350658233847
auctionsBySellerIDSrc_data processed: 336109, throughput: (event/s) 1860.260183385923
personsByIDSrc processed: 125089, throughput: (event/s) 692.3292327178438
auctionsBySellerIDSrc_epoch processed: 10254, throughput: (event/s) 56.752743664820805
q8JoinStream-0 duration: 180.678489494

eventTimeLatency_sink, p50: 250 ms, p90: 876 ms, p99: 2000 ms
auctionsBySellerIDSrc_data processed: 342318, throughput: (event/s) 1898.1979784338364
auctionsBySellerIDSrc_logEntry processed: 10255, throughput: (event/s) 56.86531315571776
personsByIDSrc processed: 125825, throughput: (event/s) 697.7160436682776
auctionsBySellerIDSrc_epoch processed: 10255, throughput: (event/s) 56.86531315571776
personsByIDSrc_data processed: 115564, throughput: (event/s) 640.8174597296311
auctionsBySellerIDSrc processed: 352577, throughput: (event/s) 1955.0854721115065
personsByIDSrc_epoch processed: 10257, throughput: (event/s) 56.87640341669401
sink processed: 1370225, throughput: (event/s) 7598.076423090528
auctionsBySellerIDSrc_ctrl processed: 4, throughput: (event/s) 0.022180521952498394
personsByIDSrc_ctrl processed: 4, throughput: (event/s) 0.022180521952498394
personsByIDSrc_logEntry processed: 10257, throughput: (event/s) 56.87640341669401
q8JoinStream-1 duration: 180.33840721

eventTimeLatency_sink, p50: 223 ms, p90: 702 ms, p99: 1376 ms
auctionsBySellerIDSrc_ctrl processed: 4, throughput: (event/s) 0.022170690596249164
auctionsBySellerIDSrc_data processed: 335700, throughput: (event/s) 1860.675208290211
sink processed: 1343857, throughput: (event/s) 7448.559438150904
personsByIDSrc_epoch processed: 10257, throughput: (event/s) 56.85119336143192
personsByIDSrc_logEntry processed: 10257, throughput: (event/s) 56.85119336143192
personsByIDSrc_ctrl processed: 4, throughput: (event/s) 0.022170690596249164
auctionsBySellerIDSrc processed: 345960, throughput: (event/s) 1917.5430296695902
auctionsBySellerIDSrc_logEntry processed: 10256, throughput: (event/s) 56.845650688782854
auctionsBySellerIDSrc_epoch processed: 10256, throughput: (event/s) 56.845650688782854
personsByIDSrc processed: 124861, throughput: (event/s) 692.0636496345667
personsByIDSrc_data processed: 114600, throughput: (event/s) 635.1902855825385
q8JoinStream-2 duration: 180.418376353

eventTimeLatency_sink, p50: 393 ms, p90: 2177 ms, p99: 2953 ms
auctionsBySellerIDSrc_ctrl processed: 4, throughput: (event/s) 0.022141284711063327
auctionsBySellerIDSrc_epoch processed: 10255, throughput: (event/s) 56.764718677988604
auctionsBySellerIDSrc_logEntry processed: 10255, throughput: (event/s) 56.764718677988604
personsByIDSrc_data processed: 115808, throughput: (event/s) 641.0344749547054
personsByIDSrc_epoch processed: 10257, throughput: (event/s) 56.77578932034414
auctionsBySellerIDSrc processed: 378532, throughput: (event/s) 2095.296196062056
sink processed: 1473803, throughput: (event/s) 8157.972957754816
personsByIDSrc processed: 126069, throughput: (event/s) 697.8324055597607
personsByIDSrc_logEntry processed: 10257, throughput: (event/s) 56.77578932034414
auctionsBySellerIDSrc_data processed: 368273, throughput: (event/s) 2038.509336099356
personsByIDSrc_ctrl processed: 4, throughput: (event/s) 0.022141284711063327
q8JoinStream-3 duration: 180.657990365

personsByIDSrc processed 501844 events, duration: 180.678489494
auctionsBySellerIDSrc_ctrl processed 16 events, duration: 180.678489494
sink processed 5529649 events, duration: 180.678489494
personsByIDSrc_epoch processed 41028 events, duration: 180.678489494
auctionsBySellerIDSrc processed 1423436 events, duration: 180.678489494
auctionsBySellerIDSrc_data processed 1382400 events, duration: 180.678489494
auctionsBySellerIDSrc_epoch processed 41020 events, duration: 180.678489494
auctionsBySellerIDSrc_logEntry processed 41024 events, duration: 180.678489494
personsByIDSrc_ctrl processed 16 events, duration: 180.678489494
personsByIDSrc_data processed 460800 events, duration: 180.678489494
personsByIDSrc_logEntry processed 41028 events, duration: 180.678489494

