parallel restore str: , false
env str: , async2ndPhase: false
env str: , create snapshot: false
2024/03/03 10:07:53 [INFO] Load configuration for function scale[40]
2024/03/03 10:07:53 [INFO] Load configuration for function chkptmngr[60]
2024/03/03 10:07:53 [INFO] Load configuration for function redisSetup[70]
2024/03/03 10:07:53 [INFO] Load configuration for function source[20]
2024/03/03 10:07:53 [INFO] Load configuration for function query1[30]
2024/03/03 10:07:53 [INFO] Parse FAAS_ENGINE_ID: 8
2024/03/03 10:07:53 [INFO] Parse FAAS_ENGINE_ID: 8
2024/03/03 10:07:53 [INFO] Current GOMAXPROCS is 2
2024/03/03 10:07:53 [INFO] Parse FAAS_ENGINE_ID: 8
2024/03/03 10:07:53 [INFO] Current GOMAXPROCS is 3
2024/03/03 10:07:53 [INFO] Parse FAAS_ENGINE_ID: 8
2024/03/03 10:07:53 [INFO] Current GOMAXPROCS is 4
2024/03/03 10:07:53 [INFO] Start new FuncWorker with client id 4
2024/03/03 10:07:53 [INFO] Start new FuncWorker with client id 5
2024/03/03 10:07:53 [INFO] Start new FuncWorker with client id 6
2024/03/03 10:07:53 [INFO] Start new FuncWorker with client id 7
Enter nexmark: funcName: query1
2024/03/03 10:07:53 [INFO] Handshake with engine done
Enter nexmark: funcName: query1
Enter nexmark: funcName: query1
2024/03/03 10:07:53 [INFO] Handshake with engine done
Enter nexmark: funcName: query1
2024/03/03 10:07:53 [INFO] Handshake with engine done
2024/03/03 10:07:53 [INFO] Handshake with engine done
new buffered sink stream nexmark_src[0] with bufMaxSize 131072
new buffered sink stream nexmark_src[1] with bufMaxSize 131072
new buffered sink stream nexmark_src[2] with bufMaxSize 131072
new buffered sink stream nexmark_src[3] with bufMaxSize 131072
new buffered sink stream q1_out[0] with bufMaxSize 131072
new buffered sink stream q1_out[1] with bufMaxSize 131072
new buffered sink stream q1_out[2] with bufMaxSize 131072
new buffered sink stream q1_out[3] with bufMaxSize 131072
nexmark_src notEnded: map[0:{}], notScaleFence: map[0:{}]
redis address is [snapcache-1:6666 snapcache-2:6666 snapcache-3:6666 snapcache-4:6666]
new buffered sink stream __control_log_q1[0] with bufMaxSize 131072
new buffered sink stream __control_log_q1[0] with bufMaxSize 131072
[0] finished prev task source, funcName query1, meta epoch 0, current epoch 1, cmm instance 0, remain instances: map[]
[1] finished prev task source, funcName query1, meta epoch 0, current epoch 1, cmm instance 0, remain instances: map[]
[2] finished prev task source, funcName query1, meta epoch 0, current epoch 1, cmm instance 0, remain instances: map[]
[3] finished prev task source, funcName query1, meta epoch 0, current epoch 1, cmm instance 0, remain instances: map[]
[0] finished prev task query1, funcName query1, meta epoch 0, current epoch 1, cmm instance 0, remain instances: map[]
[0] prodId: ProducerId: {TaskId: 0x2000400000001, TaskEpoch: 0x1}, warmup time: 0s, flush every: 100ms, waitEndMark: true
q1_out_sink counter: dur=10.000000356s, value=805006, rate=80500.59713417875 per second
q1_out_sink stats (805006 samples): dur=10.00182638s, p50=0, p90=0, p99=0
nexmark_src_src counter: dur=10.005120221s, value=875719, rate=87527.08419854178 per second
q1_out_bufEntry_0 stats (1616 samples): dur=10.002763134s, p50=516, p90=518, p99=520
q1_out_bufSize_0 stats (1616 samples): dur=10.002844213s, p50=130939, p90=131043, p99=131069
q1_out_sink counter: dur=10.001381761s, value=1620049, rate=81493.03960960961 per second
q1_out_sink stats (815460 samples): dur=10.001862649s, p50=0, p90=0, p99=0
nexmark_src_src counter: dur=10.002953085s, value=1761983, rate=88600.23559732611 per second
q1_out_bufEntry_0 stats (1637 samples): dur=10.003074373s, p50=512, p90=516, p99=519
q1_out_bufSize_0 stats (1637 samples): dur=10.003078041s, p50=130944, p90=131045, p99=131069
nexmark_src_src counter: dur=10.091711374s, value=2642884, rate=87289.55549298886 per second
q1_out_sink counter: dur=10.09819715s, value=2431018, rate=80308.29542677327 per second
q1_out_sink stats (810552 samples): dur=10.097604709s, p50=0, p90=0, p99=1
q1_out_bufEntry_0 stats (1625 samples): dur=10.094155996s, p50=512, p90=514, p99=516
q1_out_bufSize_0 stats (1625 samples): dur=10.094163995s, p50=130937, p90=131045, p99=131068
nexmark_src_src counter: dur=10.046452506s, value=3515640, rate=86872.0575226696 per second
q1_out_sink counter: dur=10.046559649s, value=3233843, rate=79910.43979716086 per second
q1_out_sink stats (802825 samples): dur=10.046568494s, p50=0, p90=0, p99=0
q1_out_bufEntry_0 stats (1609 samples): dur=10.047189373s, p50=510, p90=514, p99=516
q1_out_bufSize_0 stats (1609 samples): dur=10.047196825s, p50=130934, p90=131041, p99=131068
nexmark_src_src counter: dur=10.017991377s, value=4414168, rate=89691.43276195096 per second
q1_out_sink counter: dur=10.017965078s, value=4060467, rate=82514.16266316516 per second
q1_out_sink stats (826624 samples): dur=10.018111985s, p50=0, p90=0, p99=0
q1_out_bufEntry_0 stats (1671 samples): dur=10.017801299s, p50=508, p90=510, p99=512
q1_out_bufSize_0 stats (1671 samples): dur=10.017793057s, p50=130932, p90=131046, p99=131069
q1_out_sink counter: dur=10.001550008s, value=4871235, rate=81064.2349787269 per second
q1_out_sink stats (811066 samples): dur=10.001771375s, p50=0, p90=0, p99=0
nexmark_src_src counter: dur=10.004810976s, value=5295819, rate=88122.70437841803 per second
q1_out_bufEntry_0 stats (1648 samples): dur=10.001552899s, p50=508, p90=510, p99=512
q1_out_bufSize_0 stats (1648 samples): dur=10.001542957s, p50=130938, p90=131046, p99=131069
nexmark_src_src counter: dur=10.077621916s, value=6181149, rate=87851.0830610129 per second
q1_out_sink counter: dur=10.080854915s, value=5686044, rate=80827.3709789821 per second
q1_out_sink stats (814511 samples): dur=10.080621861s, p50=0, p90=0, p99=1
q1_out_bufEntry_0 stats (1650 samples): dur=10.081501967s, p50=508, p90=510, p99=512
q1_out_bufSize_0 stats (1650 samples): dur=10.081513028s, p50=130936, p90=131045, p99=131069
q1_out_sink counter: dur=10.001586459s, value=6504604, rate=81843.0159410773 per second
nexmark_src_src counter: dur=10.002191342s, value=7070434, rate=88909.0169936883 per second
q1_out_sink stats (818583 samples): dur=10.001971914s, p50=0, p90=0, p99=1
q1_out_bufEntry_0 stats (1659 samples): dur=10.04715439s, p50=508, p90=510, p99=512
q1_out_bufSize_0 stats (1659 samples): dur=10.047173618s, p50=130934, p90=131043, p99=131069
WaitAlignTime_0(ms) stats (200 samples): dur=1m25.590280817s, p50=0, p90=0, p99=0
createChkpt_0(ms) stats (200 samples): dur=1m25.660112215s, p50=132, p90=240, p99=331
nexmark_src_src counter: dur=10.001481122s, value=7919948, rate=84938.81952457482 per second
q1_out_sink counter: dur=10.002516575s, value=7285700, rate=78089.94807889134 per second
q1_out_sink stats (781073 samples): dur=10.002879101s, p50=0, p90=0, p99=1
q1_out_bufEntry_0 stats (1590 samples): dur=10.001247905s, p50=508, p90=510, p99=512
q1_out_bufSize_0 stats (1590 samples): dur=10.001258916s, p50=130935, p90=131044, p99=131069
nexmark_src_src counter: dur=10.243265334s, value=8804260, rate=86331.06447655357 per second
q1_out_sink counter: dur=10.242835603s, value=8099246, rate=79425.85740238987 per second
q1_out_sink stats (813546 samples): dur=10.242051104s, p50=0, p90=0, p99=1
q1_out_bufEntry_0 stats (1641 samples): dur=10.19757883s, p50=508, p90=510, p99=512
q1_out_bufSize_0 stats (1641 samples): dur=10.197545961s, p50=130935, p90=131043, p99=131068
q1_out_sink counter: dur=10.001581804s, value=8941476, rate=84209.67967918447 per second
nexmark_src_src counter: dur=10.002812219s, value=9719929, rate=91541.15662200656 per second
q1_out_sink stats (842390 samples): dur=10.002871842s, p50=0, p90=0, p99=1
q1_out_bufEntry_0 stats (1709 samples): dur=10.001979113s, p50=508, p90=510, p99=512
q1_out_bufSize_0 stats (1709 samples): dur=10.001969696s, p50=130940, p90=131046, p99=131069
nexmark_src_src counter: dur=10.070022644s, value=10605925, rate=87983.51615702682 per second
q1_out_sink counter: dur=10.071610567s, value=9756731, rate=80945.84223413213 per second
q1_out_sink stats (815095 samples): dur=10.070983882s, p50=0, p90=0, p99=1
q1_out_bufEntry_0 stats (1655 samples): dur=10.073296287s, p50=508, p90=510, p99=512
q1_out_bufSize_0 stats (1655 samples): dur=10.073327449s, p50=130934, p90=131047, p99=131070
nexmark_src_src counter: dur=10.000623939s, value=11494202, rate=88822.15803915351 per second
q1_out_sink counter: dur=10.001038484s, value=10574382, rate=81756.60970689252 per second
q1_out_sink stats (817888 samples): dur=10.00226064s, p50=0, p90=0, p99=1
q1_out_bufEntry_0 stats (1659 samples): dur=10.00113967s, p50=508, p90=510, p99=512
q1_out_bufSize_0 stats (1659 samples): dur=10.001116435s, p50=130938, p90=131042, p99=131069
nexmark_src_src counter: dur=10.084646079s, value=12363669, rate=86216.90768212035 per second
q1_out_sink counter: dur=10.083848774s, value=11373804, rate=79277.46814898832 per second
q1_out_sink stats (799185 samples): dur=10.081970027s, p50=0, p90=0, p99=1
q1_out_bufEntry_0 stats (1619 samples): dur=10.082354193s, p50=508, p90=510, p99=512
q1_out_bufSize_0 stats (1619 samples): dur=10.08235681s, p50=130941, p90=131047, p99=131070
q1_out_sink counter: dur=10.001493882s, value=12204588, rate=83065.99092113508 per second
nexmark_src_src counter: dur=10.0021634s, value=13266339, rate=90247.4758610722 per second
q1_out_sink stats (830895 samples): dur=10.001998877s, p50=0, p90=0, p99=1
q1_out_bufEntry_0 stats (1679 samples): dur=10.002936548s, p50=508, p90=510, p99=512
q1_out_bufSize_0 stats (1679 samples): dur=10.002943655s, p50=130933, p90=131044, p99=131068
nexmark_src_src counter: dur=10.040693817s, value=14136921, rate=86705.36278339739 per second
q1_out_sink counter: dur=10.041424122s, value=13005145, rate=79725.44434668786 per second
q1_out_sink stats (800446 samples): dur=10.040843684s, p50=0, p90=0, p99=1
q1_out_bufEntry_0 stats (1622 samples): dur=10.03872256s, p50=508, p90=510, p99=512
q1_out_bufSize_0 stats (1622 samples): dur=10.038707223s, p50=130935, p90=131043, p99=131069
WaitAlignTime_0(ms) stats (200 samples): dur=1m18.761541324s, p50=0, p90=0, p99=0
createChkpt_0(ms) stats (200 samples): dur=1m18.831449406s, p50=139, p90=203, p99=331
q1_out_sink counter: dur=10.000000502s, value=13821780, rate=81663.4959004925 per second
nexmark_src_src counter: dur=10.002762325s, value=15024674, rate=88750.78414901755 per second
q1_out_sink stats (816710 samples): dur=10.00288402s, p50=0, p90=0, p99=1
q1_out_bufEntry_0 stats (1656 samples): dur=10.002688672s, p50=508, p90=510, p99=512
q1_out_bufSize_0 stats (1656 samples): dur=10.002690814s, p50=130932, p90=131045, p99=131069
0 producer ended, map[] remain
exit due to ctrlMsg
createChkpt_0(ms) (34 samples): dur=15.86213101s, data=[82 96 135 97 1 147 107 152 104 153 54 146 85 151 105 154 130 97 100 150 242 34 129 161 403 281 260 267 167 267 161 258 207 267]
[0]duration: 180.532946 s, uts: 1709460789317
WaitAlignTime_0(ms) (34 samples): dur=16.008741129s, data=[0 0 0 0 0 0 0 0 0 0 0 0 0 0 0 0 0 0 0 0 0 0 0 0 0 0 0 0 0 0 0 0 0 0]
nexmark_src_src msgCnt 15840394, ctrlCnt 435, epochCnt 0, logEntry 43561
sink msgCnt 14572761, ctrlCnt 435
