wait for last: true, sink max_buf_size: 131072
warmup: 0
config: map[NodeConstraint:"1,2,3,4" NumInstance:4 OutputTopicName:["nexmark_src"] funcName:"source"]
config: map[InputTopicNames:["nexmark_src"] NodeConstraint:"5,6,7,8" NumInstance:4 NumSrcProducer:[1] OutputTopicName:["q3_aucsBySellerID_out","q3_personsByID_out"] funcName:"q3GroupBy"]
config: map[Final:true InputTopicNames:["q3_aucsBySellerID_out","q3_personsByID_out"] NodeConstraint:"5,6,7,8" NumInstance:4 NumSrcProducer:[4,4] OutputTopicName:["q3_out"] funcName:"q3JoinTable"]
srcInvokeConfig: &{FinalTpNames:[q3_out] TopicName:nexmark_src AppId:q3 NodeConstraint:1,2,3,4 AdditionalBytes:0 ScaleEpoch:0 NumOutPartition:4 InstanceID:0 NumSrcInstance:4}
cliNodes: [0xc0000261e0 0xc000026240]
inParamsMap: map[q3GroupBy:[0xc00007eaa0 0xc00007eb40 0xc00007ebe0 0xc00007ec80] q3JoinTable:[0xc00007ed20 0xc00007edc0 0xc00007ee60 0xc00007ef00]]
configScaleInput: &{Config:map[changelog:4 nexmark_src:4 q3GroupBy:4 q3JoinTable:4 q3_aucsBySellerID_out:4 q3_out:4 q3_personsByID_out:4 source:4] AppId:q3 FuncNames:[source q3GroupBy q3JoinTable] BufMaxSize:131072 ScaleEpoch:0 SerdeFormat:1 Bootstrap:false}
encoded json is {"sg":{"changelog":4,"nexmark_src":4,"q3GroupBy":4,"q3JoinTable":4,"q3_aucsBySellerID_out":4,"q3_out":4,"q3_personsByID_out":4,"source":4},"aid":"q3","fns":["source","q3GroupBy","q3JoinTable"],"bufMaxSize":131072,"epoch":1,"serdeFormat":1,"bs":true}, node constraint is 1
encoded json is {"outTpNames":["q3_out"]}, node constraint is 1
redis_setup url is http://ip-172-31-6-184.us-east-2.compute.internal:8080/function/redisSetup
encoded json is {"srcTpName":"nexmark_src","outTpNames":["q3_out"],"numOutParts":"BA==","chkptEveryMs":100,"bufMaxSize":131072,"srcNumPart":4,"gua":4,"serde_format":1}, node constraint is 1
chkptmngr url is http://ip-172-31-6-184.us-east-2.compute.internal:8080/function/chkptmngr
func source url is http://ip-172-31-6-184.us-east-2.compute.internal:8080/function/source
src instance: 4
func source url is http://ip-172-31-6-184.us-east-2.compute.internal:8080/function/source
func source url is http://ip-172-31-6-184.us-east-2.compute.internal:8080/function/source
func source url is http://ip-172-31-6-184.us-east-2.compute.internal:8080/function/source
encoded json is {"topic_name":"nexmark_src","rate_shape":"square","aid":"q3","events_num":57600000,"rate_period":10000000000,"finOutTpNs":["q3_out"],"first_event_rate":320000,"next_event_rate":320000,"bid_avg_size":100,"person_avg_size":200,"auction_avg_size":500,"duration":180,"person_proportion":1,"auction_proportion":3,"bid_proportion":46,"bid_hot_ratio_auctions":2,"bid_hot_ratio_bidders":4,"auction_hot_ratio_sellers":4,"flushms":100,"bufMaxSize":131072,"commEveryMs":100,"rate_limited":false,"waitEnd":true,"serde_format":1,"numOutPar":4,"parNum":2,"nSrcIns":4,"gua":4}, node constraint is 1,2,3,4
encoded json is {"topic_name":"nexmark_src","rate_shape":"square","aid":"q3","events_num":57600000,"rate_period":10000000000,"finOutTpNs":["q3_out"],"first_event_rate":320000,"next_event_rate":320000,"bid_avg_size":100,"person_avg_size":200,"auction_avg_size":500,"duration":180,"person_proportion":1,"auction_proportion":3,"bid_proportion":46,"bid_hot_ratio_auctions":2,"bid_hot_ratio_bidders":4,"auction_hot_ratio_sellers":4,"flushms":100,"bufMaxSize":131072,"commEveryMs":100,"rate_limited":false,"waitEnd":true,"serde_format":1,"numOutPar":4,"parNum":1,"nSrcIns":4,"gua":4}, node constraint is 1,2,3,4
encoded json is {"topic_name":"nexmark_src","rate_shape":"square","aid":"q3","events_num":57600000,"rate_period":10000000000,"finOutTpNs":["q3_out"],"first_event_rate":320000,"next_event_rate":320000,"bid_avg_size":100,"person_avg_size":200,"auction_avg_size":500,"duration":180,"person_proportion":1,"auction_proportion":3,"bid_proportion":46,"bid_hot_ratio_auctions":2,"bid_hot_ratio_bidders":4,"auction_hot_ratio_sellers":4,"flushms":100,"bufMaxSize":131072,"commEveryMs":100,"rate_limited":false,"waitEnd":true,"serde_format":1,"numOutPar":4,"nSrcIns":4,"gua":4}, node constraint is 1,2,3,4
encoded json is {"topic_name":"nexmark_src","rate_shape":"square","aid":"q3","events_num":57600000,"rate_period":10000000000,"finOutTpNs":["q3_out"],"first_event_rate":320000,"next_event_rate":320000,"bid_avg_size":100,"person_avg_size":200,"auction_avg_size":500,"duration":180,"person_proportion":1,"auction_proportion":3,"bid_proportion":46,"bid_hot_ratio_auctions":2,"bid_hot_ratio_bidders":4,"auction_hot_ratio_sellers":4,"flushms":100,"bufMaxSize":131072,"commEveryMs":100,"rate_limited":false,"waitEnd":true,"serde_format":1,"numOutPar":4,"parNum":3,"nSrcIns":4,"gua":4}, node constraint is 1,2,3,4
Waiting for all client to return
func name is q3JoinTable
func url is http://ip-172-31-6-184.us-east-2.compute.internal:8080/function/q3JoinTable
func name is q3GroupBy
func url is http://ip-172-31-6-184.us-east-2.compute.internal:8080/function/q3GroupBy
func name is q3JoinTable
func url is http://ip-172-31-6-184.us-east-2.compute.internal:8080/function/q3JoinTable
func name is q3JoinTable
func url is http://ip-172-31-6-184.us-east-2.compute.internal:8080/function/q3JoinTable
func name is q3GroupBy
func url is http://ip-172-31-6-184.us-east-2.compute.internal:8080/function/q3GroupBy
func name is q3GroupBy
func url is http://ip-172-31-6-184.us-east-2.compute.internal:8080/function/q3GroupBy
func name is q3JoinTable
func url is http://ip-172-31-6-184.us-east-2.compute.internal:8080/function/q3JoinTable
func name is q3GroupBy
encoded json is {"aid":"q3","numOutPartition":"BA==","numSubstreamProducer":"BAQ=","outputTopicName":["q3_out"],"inputTopicName":["q3_aucsBySellerID_out","q3_personsByID_out"],"commEveryMs":100,"flushMs":100,"snapEveryS":10,"duration":180,"bufMaxSize":131072,"epoch":1,"waitEnd":true,"numChangelogPartition":4,"numInPartition":4,"ParNum":3,"gua":4,"serdeFormat":1}, node constraint is 5,6,7,8
func url is http://ip-172-31-6-184.us-east-2.compute.internal:8080/function/q3GroupBy
encoded json is {"aid":"q3","numOutPartition":"BAQ=","numSubstreamProducer":"AQ==","outputTopicName":["q3_aucsBySellerID_out","q3_personsByID_out"],"inputTopicName":["nexmark_src"],"commEveryMs":100,"flushMs":100,"snapEveryS":10,"duration":180,"bufMaxSize":131072,"epoch":1,"waitEnd":true,"numChangelogPartition":4,"numInPartition":4,"gua":4,"serdeFormat":1}, node constraint is 5,6,7,8
encoded json is {"aid":"q3","numOutPartition":"BAQ=","numSubstreamProducer":"AQ==","outputTopicName":["q3_aucsBySellerID_out","q3_personsByID_out"],"inputTopicName":["nexmark_src"],"commEveryMs":100,"flushMs":100,"snapEveryS":10,"duration":180,"bufMaxSize":131072,"epoch":1,"waitEnd":true,"numChangelogPartition":4,"numInPartition":4,"ParNum":3,"gua":4,"serdeFormat":1}, node constraint is 5,6,7,8
encoded json is {"aid":"q3","numOutPartition":"BA==","numSubstreamProducer":"BAQ=","outputTopicName":["q3_out"],"inputTopicName":["q3_aucsBySellerID_out","q3_personsByID_out"],"commEveryMs":100,"flushMs":100,"snapEveryS":10,"duration":180,"bufMaxSize":131072,"epoch":1,"waitEnd":true,"numChangelogPartition":4,"numInPartition":4,"gua":4,"serdeFormat":1}, node constraint is 5,6,7,8
encoded json is {"aid":"q3","numOutPartition":"BA==","numSubstreamProducer":"BAQ=","outputTopicName":["q3_out"],"inputTopicName":["q3_aucsBySellerID_out","q3_personsByID_out"],"commEveryMs":100,"flushMs":100,"snapEveryS":10,"duration":180,"bufMaxSize":131072,"epoch":1,"waitEnd":true,"numChangelogPartition":4,"numInPartition":4,"ParNum":1,"gua":4,"serdeFormat":1}, node constraint is 5,6,7,8
encoded json is {"aid":"q3","numOutPartition":"BAQ=","numSubstreamProducer":"AQ==","outputTopicName":["q3_aucsBySellerID_out","q3_personsByID_out"],"inputTopicName":["nexmark_src"],"commEveryMs":100,"flushMs":100,"snapEveryS":10,"duration":180,"bufMaxSize":131072,"epoch":1,"waitEnd":true,"numChangelogPartition":4,"numInPartition":4,"ParNum":1,"gua":4,"serdeFormat":1}, node constraint is 5,6,7,8
encoded json is {"aid":"q3","numOutPartition":"BA==","numSubstreamProducer":"BAQ=","outputTopicName":["q3_out"],"inputTopicName":["q3_aucsBySellerID_out","q3_personsByID_out"],"commEveryMs":100,"flushMs":100,"snapEveryS":10,"duration":180,"bufMaxSize":131072,"epoch":1,"waitEnd":true,"numChangelogPartition":4,"numInPartition":4,"ParNum":2,"gua":4,"serdeFormat":1}, node constraint is 5,6,7,8
encoded json is {"aid":"q3","numOutPartition":"BAQ=","numSubstreamProducer":"AQ==","outputTopicName":["q3_aucsBySellerID_out","q3_personsByID_out"],"inputTopicName":["nexmark_src"],"commEveryMs":100,"flushMs":100,"snapEveryS":10,"duration":180,"bufMaxSize":131072,"epoch":1,"waitEnd":true,"numChangelogPartition":4,"numInPartition":4,"ParNum":2,"gua":4,"serdeFormat":1}, node constraint is 5,6,7,8
source-0 invoke done
source-3 invoke done
source-1 invoke done
source-2 invoke done
q3GroupBy-2 call done
q3GroupBy-3 call done
q3GroupBy-0 call done
q3GroupBy-1 call done
q3JoinTable-2 call done
q3JoinTable-0 call done
q3JoinTable-3 call done
q3JoinTable-1 call done
sink processed: 14400002, throughput: (event/s) 79933.84948110128
sink_ctrl processed: 2, throughput: (event/s) 0.011101921997108235
source-0 duration: 180.148986862

sink_ctrl processed: 2, throughput: (event/s) 0.011101938301550273
sink processed: 14399928, throughput: (event/s) 79933.5561013831
source-1 duration: 180.148722293

sink processed: 14400002, throughput: (event/s) 79933.77611599142
sink_ctrl processed: 2, throughput: (event/s) 0.011101911807511059
source-2 duration: 180.149152207

sink processed: 14400002, throughput: (event/s) 79938.47979948166
sink_ctrl processed: 2, throughput: (event/s) 0.011102565096793967
source-3 duration: 180.138551998

sink processed 57599934 events, duration: 180.149152207, tp: 319734.693693
sink_ctrl processed 8 events, duration: 180.149152207, tp: 0.044408

aucSink processed: 172563, throughput: (event/s) 952.9124515708863
nexmark_src_src processed: 14400278, throughput: (event/s) 79519.96785105903
nexmark_src_src_ctrl processed: 278, throughput: (event/s) 1.5351475202488738
nexmark_src_src_data processed: 14400000, throughput: (event/s) 79518.43270353878
nexmark_src_src_epoch processed: 0, throughput: (event/s) 0
nexmark_src_src_logEntry processed: 29975, throughput: (event/s) 165.52534863115105
perSink processed: 143529, throughput: (event/s) 792.5834116323763
q3GroupBy-0 duration: 181.090088303

nexmark_src_src_ctrl processed: 278, throughput: (event/s) 1.5334927748065545
nexmark_src_src_data processed: 14399926, throughput: (event/s) 79432.31107463688
nexmark_src_src_epoch processed: 0, throughput: (event/s) 0
nexmark_src_src_logEntry processed: 29964, throughput: (event/s) 165.2862500154806
perSink processed: 143797, throughput: (event/s) 793.207412010281
aucSink processed: 172914, throughput: (event/s) 953.8214736075561
nexmark_src_src processed: 14400204, throughput: (event/s) 79433.84456741168
q3GroupBy-1 duration: 181.285497113

nexmark_src_src_logEntry processed: 29959, throughput: (event/s) 165.52701474846558
perSink processed: 143815, throughput: (event/s) 794.5948671868413
aucSink processed: 173114, throughput: (event/s) 956.4753039542666
nexmark_src_src processed: 14400278, throughput: (event/s) 79563.23738736288
nexmark_src_src_ctrl processed: 278, throughput: (event/s) 1.5359828465594123
nexmark_src_src_data processed: 14400000, throughput: (event/s) 79561.70140451632
nexmark_src_src_epoch processed: 0, throughput: (event/s) 0
q3GroupBy-2 duration: 180.991604576

nexmark_src_src_logEntry processed: 30008, throughput: (event/s) 165.71874270238808
perSink processed: 143805, throughput: (event/s) 794.1610168727312
aucSink processed: 171851, throughput: (event/s) 949.0446431667586
nexmark_src_src processed: 14400278, throughput: (event/s) 79525.32540405424
nexmark_src_src_ctrl processed: 278, throughput: (event/s) 1.535250948789119
nexmark_src_src_data processed: 14400000, throughput: (event/s) 79523.79015310545
nexmark_src_src_epoch processed: 0, throughput: (event/s) 0
q3GroupBy-3 duration: 181.077888419

nexmark_src_src_ctrl processed 1112 events, duration: 181.285497113
nexmark_src_src_data processed 57599926 events, duration: 181.285497113
nexmark_src_src_epoch processed 0 events, duration: 181.285497113
nexmark_src_src_logEntry processed 119906 events, duration: 181.285497113
perSink processed 574946 events, duration: 181.285497113
aucSink processed 690442 events, duration: 181.285497113
nexmark_src_src processed 57601038 events, duration: 181.285497113

eventTimeLatency_sink, p50: 200 ms, p90: 1058 ms, p99: 1850 ms
auctionsSrc_data processed: 167044, throughput: (event/s) 905.4170349878027
auctionsSrc_epoch processed: 0, throughput: (event/s) 0
personsSrc_ctrl processed: 281, throughput: (event/s) 1.5230848568734738
sink processed: 138028, throughput: (event/s) 748.1436178808963
auctionsSrc_logEntry processed: 6804, throughput: (event/s) 36.879250413406105
personsSrc processed: 143846, throughput: (event/s) 779.6785207182268
personsSrc_logEntry processed: 6912, throughput: (event/s) 37.46463534060303
auctionsSrc_ctrl processed: 281, throughput: (event/s) 1.5230848568734738
personsSrc_data processed: 143565, throughput: (event/s) 778.1554358613532
personsSrc_epoch processed: 0, throughput: (event/s) 0
auctionsSrc processed: 167325, throughput: (event/s) 906.9401198446762
q3JoinTable-0 duration: 184.493988455

eventTimeLatency_sink, p50: 267 ms, p90: 1020 ms, p99: 1726 ms
personsSrc_ctrl processed: 281, throughput: (event/s) 1.5230832375644678
personsSrc_data processed: 144269, throughput: (event/s) 781.9704469757588
personsSrc_epoch processed: 0, throughput: (event/s) 0
auctionsSrc_epoch processed: 0, throughput: (event/s) 0
sink processed: 151867, throughput: (event/s) 823.1533168654913
auctionsSrc_data processed: 178723, throughput: (event/s) 968.7188806663146
auctionsSrc processed: 179004, throughput: (event/s) 970.2419639038791
auctionsSrc_ctrl processed: 281, throughput: (event/s) 1.5230832375644678
auctionsSrc_logEntry processed: 6819, throughput: (event/s) 36.96051457990074
personsSrc processed: 144550, throughput: (event/s) 783.4935302133233
personsSrc_logEntry processed: 6918, throughput: (event/s) 37.49711685932736
q3JoinTable-1 duration: 184.494184605

eventTimeLatency_sink, p50: 228 ms, p90: 1056 ms, p99: 1786 ms
auctionsSrc_epoch processed: 0, throughput: (event/s) 0
personsSrc_epoch processed: 0, throughput: (event/s) 0
sink processed: 142429, throughput: (event/s) 779.3027657080756
personsSrc_ctrl processed: 281, throughput: (event/s) 1.5374964169092618
auctionsSrc_logEntry processed: 6818, throughput: (event/s) 37.30480630066671
personsSrc processed: 143703, throughput: (event/s) 786.2734790003973
personsSrc_data processed: 143422, throughput: (event/s) 784.7359825834881
auctionsSrc processed: 175506, throughput: (event/s) 960.2841499860388
auctionsSrc_ctrl processed: 281, throughput: (event/s) 1.5374964169092618
personsSrc_logEntry processed: 6915, throughput: (event/s) 37.835543497962796
auctionsSrc_data processed: 175225, throughput: (event/s) 958.7466535691295
q3JoinTable-2 duration: 182.764653569

eventTimeLatency_sink, p50: 265 ms, p90: 1051 ms, p99: 1873 ms
personsSrc_epoch processed: 0, throughput: (event/s) 0
sink processed: 140278, throughput: (event/s) 760.3416264928541
personsSrc processed: 143971, throughput: (event/s) 780.3586043984282
auctionsSrc processed: 169731, throughput: (event/s) 919.9842071191393
auctionsSrc_ctrl processed: 281, throughput: (event/s) 1.5230898433431614
auctionsSrc_logEntry processed: 6825, throughput: (event/s) 36.993196373014506
personsSrc_data processed: 143690, throughput: (event/s) 778.835514555085
auctionsSrc_data processed: 169450, throughput: (event/s) 918.4611172757961
auctionsSrc_epoch processed: 0, throughput: (event/s) 0
personsSrc_ctrl processed: 281, throughput: (event/s) 1.5230898433431614
personsSrc_logEntry processed: 6913, throughput: (event/s) 37.4701782456629
q3JoinTable-3 duration: 184.493384437

sink processed 572602 events, duration: 184.494184605
auctionsSrc_logEntry processed 27266 events, duration: 184.494184605
personsSrc_logEntry processed 27658 events, duration: 184.494184605
auctionsSrc_ctrl processed 1124 events, duration: 184.494184605
auctionsSrc_data processed 690442 events, duration: 184.494184605
auctionsSrc_epoch processed 0 events, duration: 184.494184605
personsSrc_ctrl processed 1124 events, duration: 184.494184605
auctionsSrc processed 691566 events, duration: 184.494184605
personsSrc processed 576070 events, duration: 184.494184605
personsSrc_data processed 574946 events, duration: 184.494184605
personsSrc_epoch processed 0 events, duration: 184.494184605

