parallel restore str: , false
env str: , async2ndPhase: false
env str: , create snapshot: false
2024/03/03 20:38:47 [INFO] Load configuration for function scale[40]
2024/03/03 20:38:47 [INFO] Load configuration for function chkptmngr[60]
2024/03/03 20:38:47 [INFO] Load configuration for function redisSetup[70]
2024/03/03 20:38:47 [INFO] Load configuration for function source[20]
2024/03/03 20:38:47 [INFO] Load configuration for function query1[30]
2024/03/03 20:38:47 [INFO] Parse FAAS_ENGINE_ID: 1
2024/03/03 20:38:47 [INFO] Start new FuncWorker with client id 2
Enter nexmark: funcName: chkptmngr
2024/03/03 20:38:47 [INFO] Handshake with engine done
redis address is [snapcache-1:6666 snapcache-2:6666 snapcache-3:6666 snapcache-4:6666]
ChkptMngrInput:
	SrcTopicName         : nexmark_src
	FinalOutputTopicNames: [q1_out]
	FinalNumOutPartitions: [4]
	BufMaxSize           : 131072
	SrcNumPart           : 4
	ChkptEveryMs: 100
	Guarantee            : ALIGN_CHKPT
	SerdeFormat          : MSGP
new buffered sink stream nexmark_src[0] with bufMaxSize 131072
new buffered sink stream nexmark_src[1] with bufMaxSize 131072
new buffered sink stream nexmark_src[2] with bufMaxSize 131072
new buffered sink stream nexmark_src[3] with bufMaxSize 131072
e2eChkptElapsed(ms) stats (200 samples): dur=21.967515028s, p50=9, p90=9, p99=14
e2eChkptElapsed(ms) stats (200 samples): dur=22.080565176s, p50=9, p90=9, p99=24
e2eChkptElapsed(ms) stats (200 samples): dur=22.125390352s, p50=8, p90=9, p99=30
e2eChkptElapsed(ms) stats (200 samples): dur=22.095053689s, p50=8, p90=9, p99=46
e2eChkptElapsed(ms) stats (200 samples): dur=22.004494249s, p50=8, p90=9, p99=13
e2eChkptElapsed(ms) stats (200 samples): dur=22.07004162s, p50=9, p90=9, p99=9
e2eChkptElapsed(ms) stats (200 samples): dur=22.21744s, p50=9, p90=9, p99=30
e2eChkptElapsed(ms) stats (200 samples): dur=22.069272637s, p50=9, p90=9, p99=10
e2eChkptElapsed(ms) (28 samples): dur=3.118219051s, data=[9 9 9 9 9 9 9 9 9 9 9 9 9 9 9 9 9 9 9 9 9 9 9 19 9 9 9 9]
