parallel restore str: , false
env str: , async2ndPhase: false
env str: , create snapshot: false
2024/03/03 20:38:49 [INFO] Load configuration for function scale[40]
2024/03/03 20:38:49 [INFO] Load configuration for function chkptmngr[60]
2024/03/03 20:38:49 [INFO] Load configuration for function redisSetup[70]
2024/03/03 20:38:49 [INFO] Load configuration for function source[20]
2024/03/03 20:38:49 [INFO] Load configuration for function query1[30]
2024/03/03 20:38:49 [INFO] Parse FAAS_ENGINE_ID: 1
2024/03/03 20:38:49 [INFO] Parse FAAS_ENGINE_ID: 1
2024/03/03 20:38:49 [INFO] Current GOMAXPROCS is 2
2024/03/03 20:38:49 [INFO] Parse FAAS_ENGINE_ID: 1
2024/03/03 20:38:49 [INFO] Current GOMAXPROCS is 3
2024/03/03 20:38:49 [INFO] Parse FAAS_ENGINE_ID: 1
2024/03/03 20:38:49 [INFO] Start new FuncWorker with client id 4
2024/03/03 20:38:49 [INFO] Start new FuncWorker with client id 6
2024/03/03 20:38:49 [INFO] Start new FuncWorker with client id 5
2024/03/03 20:38:49 [INFO] Current GOMAXPROCS is 4
2024/03/03 20:38:49 [INFO] Start new FuncWorker with client id 7
Enter nexmark: funcName: source
2024/03/03 20:38:49 [INFO] Handshake with engine done
Enter nexmark: funcName: source
2024/03/03 20:38:49 [INFO] Handshake with engine done
Enter nexmark: funcName: source
2024/03/03 20:38:49 [INFO] Handshake with engine done
Enter nexmark: funcName: source
2024/03/03 20:38:49 [INFO] Handshake with engine done
redis address is [snapcache-1:6666 snapcache-2:6666 snapcache-3:6666 snapcache-4:6666]
new buffered sink stream nexmark_src[0] with bufMaxSize 131072
new buffered sink stream nexmark_src[1] with bufMaxSize 131072
new buffered sink stream nexmark_src[2] with bufMaxSize 131072
new buffered sink stream nexmark_src[3] with bufMaxSize 131072
Generator config: 
	InterEventDelayUs: [250]
	EventPerEpoch    : 0
	MaxEvents        : 2880000
	FirstEventNumber : 1
	EpochPeriodMs    : 0
	StepLengthSec    : 5
	BaseTime         : 1709498454022
	FirstEventId     : 1
	TotalProportion  : 50
	BidProportion    : 46
	AuctionProportion: 3
	PersonProportion : 1
Nexmark config: 
	NumEvents            : 2880000
	NumEventGenerators   : 4
	RateShape            : 0
	FirstEventRate       : 16000
	NextEventRate        : 16000
	RateUnit             : 1000000
	RatePeriodSec        : 10
	PreloadSeconds       : 0
	StreamTimeout        : 240
	IsRateLimited        : false
	UseWallclockEventTime: false
	AvgPersonByteSize    : 200
	AvgAuctionByteSize   : 500
	AvgBidByteSize       : 100
	HotAuctionRatio      : 2
	HotSellersRatio      : 4
	HotBiddersRatio      : 4
	WindowSizeSec        : 10
	WindowPeriodSec      : 5
	WatermarkHoldbackSec : 0
	NumInFlightAuctions  : 100
	NumActivePeople      : 1000
	OccasionalDelaySec   : 3
	ProbDelayedEvent     : 0.1
	OutOfOrderGroupSize  : 1
Input config: 
	SrcTopicName   : nexmark_src
	AppId          : q1
	FinalOutTpNames: [q1_out]
	Duration(s)    : 180
	FlushMs        : 10
	BufMaxSize     : 131072
	CommitEveryMs  : 100
	WaitForEndMark : true
	SerdeFormat    : MSGP
	NumOutPartition: 4
	ParNum         : 1
	NumSrcInstance : 4
	Guarantee      : ALIGN_CHKPT
new buffered sink stream __control_log_q1[0] with bufMaxSize 131072
new buffered sink stream __control_log_q1[0] with bufMaxSize 131072
generate events to [1]
StartTs: 1709498454022
gen first chkpt
srcGen_1 stats (40000 samples): dur=10.001212078s, p50=12, p90=1094, p99=1889
nexmark_src_bufEntry_1 stats (898 samples): dur=10.003840863s, p50=44, p90=48, p99=48
nexmark_src_bufSize_1 stats (898 samples): dur=10.003894748s, p50=11481, p90=11905, p99=12669
srcGen_1 stats (40008 samples): dur=10.001764504s, p50=12, p90=1094, p99=1898
nexmark_src_bufEntry_1 stats (901 samples): dur=10.00388941s, p50=44, p90=44, p99=48
nexmark_src_bufSize_1 stats (901 samples): dur=10.003883602s, p50=11478, p90=11839, p99=12615
srcGen_1 stats (40004 samples): dur=10.001380962s, p50=12, p90=1094, p99=1891
nexmark_src_bufEntry_1 stats (902 samples): dur=10.010135856s, p50=44, p90=44, p99=48
nexmark_src_bufSize_1 stats (902 samples): dur=10.010142481s, p50=11484, p90=11818, p99=12591
srcGen_1 stats (40008 samples): dur=10.001145971s, p50=12, p90=1094, p99=1890
nexmark_src_bufEntry_1 stats (902 samples): dur=10.011082458s, p50=44, p90=44, p99=48
nexmark_src_bufSize_1 stats (902 samples): dur=10.011080287s, p50=11473, p90=11840, p99=12585
srcGen_1 stats (40004 samples): dur=10.001470436s, p50=12, p90=1094, p99=1889
nexmark_src_bufEntry_1 stats (902 samples): dur=10.002273413s, p50=44, p90=44, p99=48
nexmark_src_bufSize_1 stats (902 samples): dur=10.002275199s, p50=11474, p90=11772, p99=12587
srcGen_1 stats (40004 samples): dur=10.001284439s, p50=12, p90=1094, p99=1893
nexmark_src_bufEntry_1 stats (902 samples): dur=10.006252663s, p50=44, p90=44, p99=48
nexmark_src_bufSize_1 stats (902 samples): dur=10.006249435s, p50=11485, p90=11826, p99=12537
srcGen_1 stats (40008 samples): dur=10.001225195s, p50=12, p90=1093, p99=1889
nexmark_src_bufEntry_1 stats (901 samples): dur=10.005263353s, p50=44, p90=47, p99=48
nexmark_src_bufSize_1 stats (901 samples): dur=10.005262711s, p50=11475, p90=11880, p99=12612
srcGen_1 stats (40004 samples): dur=10.000938938s, p50=12, p90=1093, p99=1907
nexmark_src_bufEntry_1 stats (900 samples): dur=10.005463807s, p50=44, p90=48, p99=48
nexmark_src_bufSize_1 stats (900 samples): dur=10.005461214s, p50=11477, p90=12149, p99=12651
srcGen_1 stats (40000 samples): dur=10.001099296s, p50=12, p90=1093, p99=1901
nexmark_src_bufEntry_1 stats (900 samples): dur=10.00457763s, p50=44, p90=48, p99=48
nexmark_src_bufSize_1 stats (900 samples): dur=10.004578668s, p50=11474, p90=12252, p99=12579
srcGen_1 stats (40008 samples): dur=10.001223565s, p50=12, p90=1093, p99=1907
nexmark_src_bufEntry_1 stats (900 samples): dur=10.000015232s, p50=44, p90=48, p99=48
nexmark_src_bufSize_1 stats (901 samples): dur=10.011697226s, p50=11476, p90=11836, p99=12592
srcGen_1 stats (40007 samples): dur=10.000954109s, p50=12, p90=1092, p99=1911
nexmark_src_bufEntry_1 stats (900 samples): dur=10.009178419s, p50=44, p90=48, p99=48
nexmark_src_bufSize_1 stats (900 samples): dur=10.00832825s, p50=11495, p90=12165, p99=12670
srcGen_1 stats (40001 samples): dur=10.001099646s, p50=12, p90=1093, p99=1903
nexmark_src_bufEntry_1 stats (901 samples): dur=10.003837047s, p50=44, p90=48, p99=48
nexmark_src_bufSize_1 stats (901 samples): dur=10.003969634s, p50=11491, p90=11835, p99=12614
srcGen_1 stats (40004 samples): dur=10.001732871s, p50=12, p90=1094, p99=1897
nexmark_src_bufEntry_1 stats (900 samples): dur=10.003502656s, p50=44, p90=48, p99=48
nexmark_src_bufSize_1 stats (900 samples): dur=10.00358403s, p50=11483, p90=12100, p99=12581
srcGen_1 stats (40008 samples): dur=10.002151s, p50=12, p90=1096, p99=1865
nexmark_src_bufEntry_1 stats (898 samples): dur=10.00362003s, p50=44, p90=48, p99=48
nexmark_src_bufSize_1 stats (898 samples): dur=10.003541715s, p50=11479, p90=12258, p99=12665
srcGen_1 stats (40012 samples): dur=10.001806312s, p50=12, p90=1096, p99=1866
nexmark_src_bufEntry_1 stats (895 samples): dur=10.005134532s, p50=44, p90=48, p99=48
nexmark_src_bufSize_1 stats (895 samples): dur=10.005716518s, p50=11513, p90=12394, p99=12648
srcGen_1 stats (40004 samples): dur=10.001827969s, p50=12, p90=1095, p99=1867
nexmark_src_bufEntry_1 stats (896 samples): dur=10.00305948s, p50=44, p90=48, p99=48
nexmark_src_bufSize_1 stats (896 samples): dur=10.00290656s, p50=11491, p90=12337, p99=12665
srcGen_1 stats (40008 samples): dur=10.001697899s, p50=12, p90=1096, p99=1865
nexmark_src_bufEntry_1 stats (894 samples): dur=10.000220715s, p50=44, p90=48, p99=48
nexmark_src_bufSize_1 stats (895 samples): dur=10.010849174s, p50=11492, p90=12352, p99=12740
[1] chkmngr has terminated
generate stream end mark with tag: 404b3c06f60bdf01
[1] all stopped
