wait for last: true
warmup: 0
config: map[NodeConstraint:"1,2,3,4" NumInstance:4 OutputTopicName:["nexmark_src"] funcName:"source"]
config: map[InputTopicNames:["nexmark_src"] NodeConstraint:"5,6,7,8" NumInstance:4 NumSrcProducer:[1] OutputTopicName:["q46_aucsByID","q46_bidsByAucID"] funcName:"q46GroupBy"]
config: map[InputTopicNames:["q46_aucsByID","q46_bidsByAucID"] NodeConstraint:"5,6,7,8" NumInstance:4 NumSrcProducer:[4,4] OutputTopicName:["q6_aucIDSeller"] funcName:"q6JoinStream"]
config: map[InputTopicNames:["q6_aucIDSeller"] NodeConstraint:"5,6,7,8" NumInstance:4 NumSrcProducer:[1] OutputTopicName:["q6_maxBids"] funcName:"q6MaxBid"]
config: map[InputTopicNames:["q6_maxBids"] NodeConstraint:"5,6,7,8" NumInstance:4 NumSrcProducer:[4] OutputTopicName:["q6_out"] funcName:"q6Avg"]
srcInvokeConfig: {TopicName:nexmark_src AppId:q6 NodeConstraint:1,2,3,4 ScaleEpoch:0 NumOutPartition:4 InstanceID:0 NumSrcInstance:4}
cliNodes: [0xc0000ce220 0xc0000ce280 0xc0000ce2c0 0xc0000ce320]
inParamsMap: map[q46GroupBy:[0xc0000b2be0 0xc0000b2c80 0xc0000b2d20 0xc0000b2dc0] q6Avg:[0xc0000b3360 0xc0000b3400 0xc0000b34a0 0xc0000b3540] q6JoinStream:[0xc0000b2e60 0xc0000b2f00 0xc0000b2fa0 0xc0000b3040] q6MaxBid:[0xc0000b30e0 0xc0000b3180 0xc0000b3220 0xc0000b32c0]]
configScaleInput: {Config:map[changelog:4 nexmark_src:4 q46GroupBy:4 q46_aucsByID:4 q46_bidsByAucID:4 q6Avg:4 q6JoinStream:4 q6MaxBid:4 q6_aucIDSeller:4 q6_maxBids:4 q6_out:4 source:4] AppId:q6 FuncNames:[source q46GroupBy q6JoinStream q6MaxBid q6Avg] ScaleEpoch:0 SerdeFormat:1 Bootstrap:false}
encoded json is {"sg":{"changelog":4,"nexmark_src":4,"q46GroupBy":4,"q46_aucsByID":4,"q46_bidsByAucID":4,"q6Avg":4,"q6JoinStream":4,"q6MaxBid":4,"q6_aucIDSeller":4,"q6_maxBids":4,"q6_out":4,"source":4},"aid":"q6","fns":["source","q46GroupBy","q6JoinStream","q6MaxBid","q6Avg"],"epoch":1,"serdeFormat":1,"bs":true}, node constraint is 1
func source url is http://ip-172-31-4-103.us-east-2.compute.internal:8080/function/source
func source url is http://ip-172-31-4-103.us-east-2.compute.internal:8080/function/source
func source url is http://ip-172-31-4-103.us-east-2.compute.internal:8080/function/source
func source url is http://ip-172-31-4-103.us-east-2.compute.internal:8080/function/source
src instance: 4
encoded json is {"topic_name":"nexmark_src","rate_shape":"square","aid":"q6","events_num":1440000,"rate_period":10000000000,"bid_avg_size":100,"first_event_rate":8000,"next_event_rate":8000,"person_avg_size":200,"auction_avg_size":500,"duration":180,"person_proportion":1,"auction_proportion":3,"bid_proportion":46,"bid_hot_ratio_auctions":2,"bid_hot_ratio_bidders":4,"auction_hot_ratio_sellers":4,"flushms":100,"rate_limited":false,"waitEnd":true,"serde_format":1,"numOutPar":4,"parNum":2,"nSrcIns":4}, node constraint is 1,2,3,4
encoded json is {"topic_name":"nexmark_src","rate_shape":"square","aid":"q6","events_num":1440000,"rate_period":10000000000,"bid_avg_size":100,"first_event_rate":8000,"next_event_rate":8000,"person_avg_size":200,"auction_avg_size":500,"duration":180,"person_proportion":1,"auction_proportion":3,"bid_proportion":46,"bid_hot_ratio_auctions":2,"bid_hot_ratio_bidders":4,"auction_hot_ratio_sellers":4,"flushms":100,"rate_limited":false,"waitEnd":true,"serde_format":1,"numOutPar":4,"parNum":3,"nSrcIns":4}, node constraint is 1,2,3,4
encoded json is {"topic_name":"nexmark_src","rate_shape":"square","aid":"q6","events_num":1440000,"rate_period":10000000000,"bid_avg_size":100,"first_event_rate":8000,"next_event_rate":8000,"person_avg_size":200,"auction_avg_size":500,"duration":180,"person_proportion":1,"auction_proportion":3,"bid_proportion":46,"bid_hot_ratio_auctions":2,"bid_hot_ratio_bidders":4,"auction_hot_ratio_sellers":4,"flushms":100,"rate_limited":false,"waitEnd":true,"serde_format":1,"numOutPar":4,"nSrcIns":4}, node constraint is 1,2,3,4
encoded json is {"topic_name":"nexmark_src","rate_shape":"square","aid":"q6","events_num":1440000,"rate_period":10000000000,"bid_avg_size":100,"first_event_rate":8000,"next_event_rate":8000,"person_avg_size":200,"auction_avg_size":500,"duration":180,"person_proportion":1,"auction_proportion":3,"bid_proportion":46,"bid_hot_ratio_auctions":2,"bid_hot_ratio_bidders":4,"auction_hot_ratio_sellers":4,"flushms":100,"rate_limited":false,"waitEnd":true,"serde_format":1,"numOutPar":4,"parNum":1,"nSrcIns":4}, node constraint is 1,2,3,4
func name is q6JoinStream
func url is http://ip-172-31-4-103.us-east-2.compute.internal:8080/function/q6JoinStream
func name is q6Avg
func url is http://ip-172-31-4-103.us-east-2.compute.internal:8080/function/q6Avg
func name is q46GroupBy
func url is http://ip-172-31-4-103.us-east-2.compute.internal:8080/function/q46GroupBy
func name is q6MaxBid
func name is q46GroupBy
func url is http://ip-172-31-4-103.us-east-2.compute.internal:8080/function/q6MaxBid
Waiting for all client to return
func name is q6JoinStream
func url is http://ip-172-31-4-103.us-east-2.compute.internal:8080/function/q6JoinStream
func name is q6Avg
func url is http://ip-172-31-4-103.us-east-2.compute.internal:8080/function/q6Avg
func name is q6MaxBid
func url is http://ip-172-31-4-103.us-east-2.compute.internal:8080/function/q6MaxBid
func name is q46GroupBy
func url is http://ip-172-31-4-103.us-east-2.compute.internal:8080/function/q46GroupBy
func name is q46GroupBy
func url is http://ip-172-31-4-103.us-east-2.compute.internal:8080/function/q46GroupBy
func name is q6Avg
func url is http://ip-172-31-4-103.us-east-2.compute.internal:8080/function/q6Avg
func name is q6MaxBid
func url is http://ip-172-31-4-103.us-east-2.compute.internal:8080/function/q6MaxBid
func name is q6Avg
func url is http://ip-172-31-4-103.us-east-2.compute.internal:8080/function/q6Avg
func name is q6JoinStream
func url is http://ip-172-31-4-103.us-east-2.compute.internal:8080/function/q6JoinStream
func url is http://ip-172-31-4-103.us-east-2.compute.internal:8080/function/q46GroupBy
func name is q6MaxBid
func url is http://ip-172-31-4-103.us-east-2.compute.internal:8080/function/q6MaxBid
encoded json is {"aid":"q6","numOutPartition":"BA==","numSubstreamProducer":"BAQ=","outputTopicName":["q6_aucIDSeller"],"inputTopicName":["q46_aucsByID","q46_bidsByAucID"],"commEveryMs":100,"flushMs":100,"snapEveryS":10,"duration":180,"epoch":1,"waitEnd":true,"numChangelogPartition":4,"numInPartition":4,"gua":3,"serdeFormat":1}, node constraint is 5,6,7,8
encoded json is {"aid":"q6","numOutPartition":"BA==","numSubstreamProducer":"AQ==","outputTopicName":["q6_maxBids"],"inputTopicName":["q6_aucIDSeller"],"commEveryMs":100,"flushMs":100,"snapEveryS":10,"duration":180,"epoch":1,"waitEnd":true,"numChangelogPartition":4,"numInPartition":4,"gua":3,"serdeFormat":1}, node constraint is 5,6,7,8
func name is q6JoinStream
func url is http://ip-172-31-4-103.us-east-2.compute.internal:8080/function/q6JoinStream
encoded json is {"aid":"q6","numOutPartition":"BA==","numSubstreamProducer":"BAQ=","outputTopicName":["q6_aucIDSeller"],"inputTopicName":["q46_aucsByID","q46_bidsByAucID"],"commEveryMs":100,"flushMs":100,"snapEveryS":10,"duration":180,"epoch":1,"waitEnd":true,"numChangelogPartition":4,"numInPartition":4,"ParNum":3,"gua":3,"serdeFormat":1}, node constraint is 5,6,7,8
encoded json is {"aid":"q6","numOutPartition":"BA==","numSubstreamProducer":"BA==","outputTopicName":["q6_out"],"inputTopicName":["q6_maxBids"],"commEveryMs":100,"flushMs":100,"snapEveryS":10,"duration":180,"epoch":1,"waitEnd":true,"numChangelogPartition":4,"numInPartition":4,"ParNum":3,"gua":3,"serdeFormat":1}, node constraint is 5,6,7,8
encoded json is {"aid":"q6","numOutPartition":"BA==","numSubstreamProducer":"BA==","outputTopicName":["q6_out"],"inputTopicName":["q6_maxBids"],"commEveryMs":100,"flushMs":100,"snapEveryS":10,"duration":180,"epoch":1,"waitEnd":true,"numChangelogPartition":4,"numInPartition":4,"gua":3,"serdeFormat":1}, node constraint is 5,6,7,8
encoded json is {"aid":"q6","numOutPartition":"BA==","numSubstreamProducer":"BAQ=","outputTopicName":["q6_aucIDSeller"],"inputTopicName":["q46_aucsByID","q46_bidsByAucID"],"commEveryMs":100,"flushMs":100,"snapEveryS":10,"duration":180,"epoch":1,"waitEnd":true,"numChangelogPartition":4,"numInPartition":4,"ParNum":1,"gua":3,"serdeFormat":1}, node constraint is 5,6,7,8
encoded json is {"aid":"q6","numOutPartition":"BA==","numSubstreamProducer":"BA==","outputTopicName":["q6_out"],"inputTopicName":["q6_maxBids"],"commEveryMs":100,"flushMs":100,"snapEveryS":10,"duration":180,"epoch":1,"waitEnd":true,"numChangelogPartition":4,"numInPartition":4,"ParNum":2,"gua":3,"serdeFormat":1}, node constraint is 5,6,7,8
encoded json is {"aid":"q6","numOutPartition":"BAQ=","numSubstreamProducer":"AQ==","outputTopicName":["q46_aucsByID","q46_bidsByAucID"],"inputTopicName":["nexmark_src"],"commEveryMs":100,"flushMs":100,"snapEveryS":10,"duration":180,"epoch":1,"waitEnd":true,"numChangelogPartition":4,"numInPartition":4,"ParNum":2,"gua":3,"serdeFormat":1}, node constraint is 5,6,7,8
encoded json is {"aid":"q6","numOutPartition":"BA==","numSubstreamProducer":"BA==","outputTopicName":["q6_out"],"inputTopicName":["q6_maxBids"],"commEveryMs":100,"flushMs":100,"snapEveryS":10,"duration":180,"epoch":1,"waitEnd":true,"numChangelogPartition":4,"numInPartition":4,"ParNum":1,"gua":3,"serdeFormat":1}, node constraint is 5,6,7,8
encoded json is {"aid":"q6","numOutPartition":"BAQ=","numSubstreamProducer":"AQ==","outputTopicName":["q46_aucsByID","q46_bidsByAucID"],"inputTopicName":["nexmark_src"],"commEveryMs":100,"flushMs":100,"snapEveryS":10,"duration":180,"epoch":1,"waitEnd":true,"numChangelogPartition":4,"numInPartition":4,"ParNum":3,"gua":3,"serdeFormat":1}, node constraint is 5,6,7,8
encoded json is {"aid":"q6","numOutPartition":"BAQ=","numSubstreamProducer":"AQ==","outputTopicName":["q46_aucsByID","q46_bidsByAucID"],"inputTopicName":["nexmark_src"],"commEveryMs":100,"flushMs":100,"snapEveryS":10,"duration":180,"epoch":1,"waitEnd":true,"numChangelogPartition":4,"numInPartition":4,"gua":3,"serdeFormat":1}, node constraint is 5,6,7,8
encoded json is {"aid":"q6","numOutPartition":"BA==","numSubstreamProducer":"AQ==","outputTopicName":["q6_maxBids"],"inputTopicName":["q6_aucIDSeller"],"commEveryMs":100,"flushMs":100,"snapEveryS":10,"duration":180,"epoch":1,"waitEnd":true,"numChangelogPartition":4,"numInPartition":4,"ParNum":2,"gua":3,"serdeFormat":1}, node constraint is 5,6,7,8
encoded json is {"aid":"q6","numOutPartition":"BA==","numSubstreamProducer":"BAQ=","outputTopicName":["q6_aucIDSeller"],"inputTopicName":["q46_aucsByID","q46_bidsByAucID"],"commEveryMs":100,"flushMs":100,"snapEveryS":10,"duration":180,"epoch":1,"waitEnd":true,"numChangelogPartition":4,"numInPartition":4,"ParNum":2,"gua":3,"serdeFormat":1}, node constraint is 5,6,7,8
encoded json is {"aid":"q6","numOutPartition":"BA==","numSubstreamProducer":"AQ==","outputTopicName":["q6_maxBids"],"inputTopicName":["q6_aucIDSeller"],"commEveryMs":100,"flushMs":100,"snapEveryS":10,"duration":180,"epoch":1,"waitEnd":true,"numChangelogPartition":4,"numInPartition":4,"ParNum":1,"gua":3,"serdeFormat":1}, node constraint is 5,6,7,8
encoded json is {"aid":"q6","numOutPartition":"BAQ=","numSubstreamProducer":"AQ==","outputTopicName":["q46_aucsByID","q46_bidsByAucID"],"inputTopicName":["nexmark_src"],"commEveryMs":100,"flushMs":100,"snapEveryS":10,"duration":180,"epoch":1,"waitEnd":true,"numChangelogPartition":4,"numInPartition":4,"ParNum":1,"gua":3,"serdeFormat":1}, node constraint is 5,6,7,8
encoded json is {"aid":"q6","numOutPartition":"BA==","numSubstreamProducer":"AQ==","outputTopicName":["q6_maxBids"],"inputTopicName":["q6_aucIDSeller"],"commEveryMs":100,"flushMs":100,"snapEveryS":10,"duration":180,"epoch":1,"waitEnd":true,"numChangelogPartition":4,"numInPartition":4,"ParNum":3,"gua":3,"serdeFormat":1}, node constraint is 5,6,7,8
source-2 invoke done
source-1 invoke done
source-3 invoke done
source-0 invoke done
q46GroupBy-2 call done
q46GroupBy-3 call done
q46GroupBy-1 call done
q46GroupBy-0 call done
q6JoinStream-2 call done
q6MaxBid-2 call done
q6JoinStream-1 call done
q6MaxBid-1 call done
{"level":"error","time":"2022-11-21T20:07:17-06:00","message":"q6JoinStream request failed: Post \"http://ip-172-31-4-103.us-east-2.compute.internal:8080/function/q6JoinStream\": context deadline exceeded (Client.Timeout exceeded while awaiting headers)"}
q6JoinStream-0 call done
{"level":"error","time":"2022-11-21T20:07:17-06:00","message":"q6MaxBid request failed: Post \"http://ip-172-31-4-103.us-east-2.compute.internal:8080/function/q6MaxBid\": context deadline exceeded (Client.Timeout exceeded while awaiting headers)"}
q6MaxBid-0 call done
{"level":"error","time":"2022-11-21T20:07:17-06:00","message":"q6JoinStream request failed: Post \"http://ip-172-31-4-103.us-east-2.compute.internal:8080/function/q6JoinStream\": context deadline exceeded (Client.Timeout exceeded while awaiting headers)"}
q6JoinStream-3 call done
{"level":"error","time":"2022-11-21T20:07:17-06:00","message":"q6Avg request failed: Post \"http://ip-172-31-4-103.us-east-2.compute.internal:8080/function/q6Avg\": context deadline exceeded (Client.Timeout exceeded while awaiting headers)"}
q6Avg-2 call done
{"level":"error","time":"2022-11-21T20:07:17-06:00","message":"q6Avg request failed: Post \"http://ip-172-31-4-103.us-east-2.compute.internal:8080/function/q6Avg\": context deadline exceeded (Client.Timeout exceeded while awaiting headers)"}
q6Avg-1 call done
{"level":"error","time":"2022-11-21T20:07:17-06:00","message":"q6Avg request failed: Post \"http://ip-172-31-4-103.us-east-2.compute.internal:8080/function/q6Avg\": context deadline exceeded (Client.Timeout exceeded while awaiting headers)"}
q6Avg-0 call done
{"level":"error","time":"2022-11-21T20:07:17-06:00","message":"q6Avg request failed: Post \"http://ip-172-31-4-103.us-east-2.compute.internal:8080/function/q6Avg\": context deadline exceeded (Client.Timeout exceeded while awaiting headers)"}
q6Avg-3 call done
{"level":"error","time":"2022-11-21T20:07:17-06:00","message":"q6MaxBid request failed: Post \"http://ip-172-31-4-103.us-east-2.compute.internal:8080/function/q6MaxBid\": context deadline exceeded (Client.Timeout exceeded while awaiting headers)"}
q6MaxBid-3 call done
sink_ctrl processed: 1, throughput: (event/s) 0.005555469762281698
sink processed: 360001, throughput: (event/s) 1999.9746698911736
source-0 duration: 180.002779745

sink processed: 360001, throughput: (event/s) 1999.9758733025162
sink_ctrl processed: 1, throughput: (event/s) 0.005555473105081698
source-1 duration: 180.002671435

sink_ctrl processed: 1, throughput: (event/s) 0.005555508333672991
sink processed: 360001, throughput: (event/s) 1999.9885556306106
source-2 duration: 180.001530002

sink processed: 360001, throughput: (event/s) 1999.9751613219253
sink_ctrl processed: 1, throughput: (event/s) 0.0055554711273633275
source-3 duration: 180.002735515

sink_ctrl processed 4 events, duration: 180.002779745, tp: 0.022222
sink processed 1440004 events, duration: 180.002779745, tp: 7999.898680

bidsByAucIDSink processed: 331200, throughput: (event/s) 1839.4960355296382
nexmark_src_src processed: 360001, throughput: (event/s) 1999.457766566139
nexmark_src_src_ctrl processed: 1, throughput: (event/s) 0.0055540339237005985
nexmark_src_src_data processed: 360000, throughput: (event/s) 1999.4522125322155
nexmark_src_src_epoch processed: 0, throughput: (event/s) 0
nexmark_src_src_logEntry processed: 1758, throughput: (event/s) 9.763991637865653
aucsByIDSink processed: 21600, throughput: (event/s) 119.96713275193292
q46GroupBy-0 duration: 180.049314379

nexmark_src_src_epoch processed: 0, throughput: (event/s) 0
nexmark_src_src_logEntry processed: 1760, throughput: (event/s) 9.775495275934018
aucsByIDSink processed: 21600, throughput: (event/s) 119.97198747737204
bidsByAucIDSink processed: 331200, throughput: (event/s) 1839.570474653038
nexmark_src_src processed: 360001, throughput: (event/s) 1999.538678881547
nexmark_src_src_ctrl processed: 1, throughput: (event/s) 0.005554258679507965
nexmark_src_src_data processed: 360000, throughput: (event/s) 1999.5331246228675
q46GroupBy-1 duration: 180.042028595

nexmark_src_src processed: 360001, throughput: (event/s) 1999.6331285067456
nexmark_src_src_ctrl processed: 1, throughput: (event/s) 0.005554521038849186
nexmark_src_src_data processed: 360000, throughput: (event/s) 1999.6275739857067
nexmark_src_src_epoch processed: 0, throughput: (event/s) 0
nexmark_src_src_logEntry processed: 1761, throughput: (event/s) 9.781511549413416
aucsByIDSink processed: 21600, throughput: (event/s) 119.97765443914241
bidsByAucIDSink processed: 331200, throughput: (event/s) 1839.6573680668503
q46GroupBy-2 duration: 180.033524584

nexmark_src_src_ctrl processed: 1, throughput: (event/s) 0.005554565623523979
nexmark_src_src_data processed: 360000, throughput: (event/s) 1999.6436244686324
nexmark_src_src_epoch processed: 0, throughput: (event/s) 0
nexmark_src_src_logEntry processed: 1760, throughput: (event/s) 9.776035497402203
aucsByIDSink processed: 21600, throughput: (event/s) 119.97861746811795
bidsByAucIDSink processed: 331200, throughput: (event/s) 1839.6721345111418
nexmark_src_src processed: 360001, throughput: (event/s) 1999.649179034256
q46GroupBy-3 duration: 180.032079514

bidsByAucIDSink processed 1324800 events, duration: 180.049314379
nexmark_src_src processed 1440004 events, duration: 180.049314379
nexmark_src_src_ctrl processed 4 events, duration: 180.049314379
nexmark_src_src_data processed 1440000 events, duration: 180.049314379
nexmark_src_src_epoch processed 0 events, duration: 180.049314379
nexmark_src_src_logEntry processed 7039 events, duration: 180.049314379
aucsByIDSink processed 86400 events, duration: 180.049314379

q6JoinStream-0 failed, msg 
bidsByAucIDSrc_epoch processed: 5939, throughput: (event/s) 20.083540221022883
sink processed: 855535, throughput: (event/s) 2893.1085339270608
aucsByIDSrc processed: 27564, throughput: (event/s) 93.2114333477479
aucsByIDSrc_ctrl processed: 4, throughput: (event/s) 0.01352654670552139
bidsByAucIDSrc_data processed: 295677, throughput: (event/s) 999.872187562112
aucsByIDSrc_data processed: 21744, throughput: (event/s) 73.53030789121428
aucsByIDSrc_epoch processed: 5816, throughput: (event/s) 19.6675989098281
bidsByAucIDSrc processed: 301620, throughput: (event/s) 1019.9692543298404
bidsByAucIDSrc_ctrl processed: 4, throughput: (event/s) 0.01352654670552139
bidsByAucIDSrc_logEntry processed: 5939, throughput: (event/s) 20.083540221022883
aucsByIDSrc_logEntry processed: 5816, throughput: (event/s) 19.6675989098281
q6JoinStream-1 duration: 295.714796029

aucsByIDSrc processed: 27280, throughput: (event/s) 95.23737032291163
bidsByAucIDSrc_epoch processed: 5939, throughput: (event/s) 20.7336782385547
sink processed: 955210, throughput: (event/s) 3334.739314741511
aucsByIDSrc_ctrl processed: 4, throughput: (event/s) 0.013964423801013436
aucsByIDSrc_epoch processed: 5788, throughput: (event/s) 20.206521240066444
aucsByIDSrc_logEntry processed: 5788, throughput: (event/s) 20.206521240066444
bidsByAucIDSrc processed: 335988, throughput: (event/s) 1172.9697060137255
bidsByAucIDSrc_ctrl processed: 4, throughput: (event/s) 0.013964423801013436
aucsByIDSrc_data processed: 21488, throughput: (event/s) 75.01688465904418
bidsByAucIDSrc_logEntry processed: 5939, throughput: (event/s) 20.7336782385547
bidsByAucIDSrc_data processed: 330045, throughput: (event/s) 1152.2220633513698
q6JoinStream-2 duration: 286.442180286

q6JoinStream-3 failed, msg 
aucsByIDSrc processed 54844 events, duration: 295.714796029
aucsByIDSrc_ctrl processed 8 events, duration: 295.714796029
bidsByAucIDSrc_data processed 625722 events, duration: 295.714796029
aucsByIDSrc_epoch processed 11604 events, duration: 295.714796029
bidsByAucIDSrc_ctrl processed 8 events, duration: 295.714796029
bidsByAucIDSrc_logEntry processed 11878 events, duration: 295.714796029
aucsByIDSrc_logEntry processed 11604 events, duration: 295.714796029
bidsByAucIDSrc_epoch processed 11878 events, duration: 295.714796029
sink processed 1810745 events, duration: 295.714796029
aucsByIDSrc_data processed 43232 events, duration: 295.714796029
bidsByAucIDSrc processed 637608 events, duration: 295.714796029

q6MaxBid-0 failed, msg 
sink processed: 73969, throughput: (event/s) 250.1146807807353
q6_aucIDSeller_src processed: 856909, throughput: (event/s) 2897.5046437445294
q6_aucIDSeller_src_ctrl processed: 1, throughput: (event/s) 0.003381344627894595
q6_aucIDSeller_src_data processed: 855535, throughput: (event/s) 2892.8586762258024
q6_aucIDSeller_src_epoch processed: 1373, throughput: (event/s) 4.642586174099279
q6_aucIDSeller_src_logEntry processed: 1868, throughput: (event/s) 6.316351764907104
q6MaxBid-1 duration: 295.740337069

q6_aucIDSeller_src_epoch processed: 1338, throughput: (event/s) 4.670566270703395
q6_aucIDSeller_src_logEntry processed: 1950, throughput: (event/s) 6.806879094074454
sink processed: 69359, throughput: (event/s) 242.111962608159
q6_aucIDSeller_src processed: 956549, throughput: (event/s) 3339.0325079783715
q6_aucIDSeller_src_ctrl processed: 1, throughput: (event/s) 0.0034907072277304894
q6_aucIDSeller_src_data processed: 955210, throughput: (event/s) 3334.3584510004407
q6MaxBid-2 duration: 286.474898856

q6MaxBid-3 failed, msg 
sink processed 143328 events, duration: 295.740337069
q6_aucIDSeller_src processed 1813458 events, duration: 295.740337069
q6_aucIDSeller_src_ctrl processed 2 events, duration: 295.740337069
q6_aucIDSeller_src_data processed 1810745 events, duration: 295.740337069
q6_aucIDSeller_src_epoch processed 2711 events, duration: 295.740337069
q6_aucIDSeller_src_logEntry processed 3818 events, duration: 295.740337069

q6Avg-0 failed, msg 
q6Avg-1 failed, msg 
q6Avg-2 failed, msg 
q6Avg-3 failed, msg 
