wait for last: true, sink max_buf_size: 131072
warmup: 0
config: map[NodeConstraint:"1,2,3,4" NumInstance:4 OutputTopicName:["nexmark_src"] funcName:"source"]
config: map[Final:true InputTopicNames:["nexmark_src"] NodeConstraint:"5,6,7,8" NumInstance:4 NumSrcProducer:[1] OutputTopicName:["q2_out"] funcName:"query2"]
srcInvokeConfig: &{FinalTpNames:[q2_out] TopicName:nexmark_src AppId:q2 NodeConstraint:1,2,3,4 AdditionalBytes:0 ScaleEpoch:0 NumOutPartition:4 InstanceID:0 NumSrcInstance:4}
cliNodes: [0xc0000c0120]
inParamsMap: map[query2:[0xc0000a2aa0 0xc0000a2b40 0xc0000a2be0 0xc0000a2c80]]
configScaleInput: &{Config:map[nexmark_src:4 q2_out:4 query2:4 source:4] AppId:q2 FuncNames:[source query2] BufMaxSize:131072 ScaleEpoch:0 SerdeFormat:1 Bootstrap:false}
encoded json is {"sg":{"nexmark_src":4,"q2_out":4,"query2":4,"source":4},"aid":"q2","fns":["source","query2"],"bufMaxSize":131072,"epoch":1,"serdeFormat":1,"bs":true}, node constraint is 1
encoded json is {"outTpNames":["q2_out"]}, node constraint is 1
redis_setup url is http://ip-172-31-9-241.us-east-2.compute.internal:8080/function/redisSetup
encoded json is {"srcTpName":"nexmark_src","outTpNames":["q2_out"],"numOutParts":"BA==","chkptEveryMs":100,"bufMaxSize":131072,"srcNumPart":4,"gua":4,"serde_format":1}, node constraint is 1
chkptmngr url is http://ip-172-31-9-241.us-east-2.compute.internal:8080/function/chkptmngr
func source url is http://ip-172-31-9-241.us-east-2.compute.internal:8080/function/source
func source url is http://ip-172-31-9-241.us-east-2.compute.internal:8080/function/source
func source url is http://ip-172-31-9-241.us-east-2.compute.internal:8080/function/source
func source url is http://ip-172-31-9-241.us-east-2.compute.internal:8080/function/source
encoded json is {"topic_name":"nexmark_src","rate_shape":"square","aid":"q2","events_num":46080000,"rate_period":10000000000,"finOutTpNs":["q2_out"],"first_event_rate":256000,"next_event_rate":256000,"bid_avg_size":100,"person_avg_size":200,"auction_avg_size":500,"duration":180,"person_proportion":1,"auction_proportion":3,"bid_proportion":46,"bid_hot_ratio_auctions":2,"bid_hot_ratio_bidders":4,"auction_hot_ratio_sellers":4,"flushms":10,"bufMaxSize":131072,"commEveryMs":100,"rate_limited":false,"waitEnd":true,"serde_format":1,"numOutPar":4,"nSrcIns":4,"gua":4}, node constraint is 1,2,3,4
src instance: 4
encoded json is {"topic_name":"nexmark_src","rate_shape":"square","aid":"q2","events_num":46080000,"rate_period":10000000000,"finOutTpNs":["q2_out"],"first_event_rate":256000,"next_event_rate":256000,"bid_avg_size":100,"person_avg_size":200,"auction_avg_size":500,"duration":180,"person_proportion":1,"auction_proportion":3,"bid_proportion":46,"bid_hot_ratio_auctions":2,"bid_hot_ratio_bidders":4,"auction_hot_ratio_sellers":4,"flushms":10,"bufMaxSize":131072,"commEveryMs":100,"rate_limited":false,"waitEnd":true,"serde_format":1,"numOutPar":4,"parNum":3,"nSrcIns":4,"gua":4}, node constraint is 1,2,3,4
encoded json is {"topic_name":"nexmark_src","rate_shape":"square","aid":"q2","events_num":46080000,"rate_period":10000000000,"finOutTpNs":["q2_out"],"first_event_rate":256000,"next_event_rate":256000,"bid_avg_size":100,"person_avg_size":200,"auction_avg_size":500,"duration":180,"person_proportion":1,"auction_proportion":3,"bid_proportion":46,"bid_hot_ratio_auctions":2,"bid_hot_ratio_bidders":4,"auction_hot_ratio_sellers":4,"flushms":10,"bufMaxSize":131072,"commEveryMs":100,"rate_limited":false,"waitEnd":true,"serde_format":1,"numOutPar":4,"parNum":2,"nSrcIns":4,"gua":4}, node constraint is 1,2,3,4
encoded json is {"topic_name":"nexmark_src","rate_shape":"square","aid":"q2","events_num":46080000,"rate_period":10000000000,"finOutTpNs":["q2_out"],"first_event_rate":256000,"next_event_rate":256000,"bid_avg_size":100,"person_avg_size":200,"auction_avg_size":500,"duration":180,"person_proportion":1,"auction_proportion":3,"bid_proportion":46,"bid_hot_ratio_auctions":2,"bid_hot_ratio_bidders":4,"auction_hot_ratio_sellers":4,"flushms":10,"bufMaxSize":131072,"commEveryMs":100,"rate_limited":false,"waitEnd":true,"serde_format":1,"numOutPar":4,"parNum":1,"nSrcIns":4,"gua":4}, node constraint is 1,2,3,4
Waiting for all client to return
func name is query2
func url is http://ip-172-31-9-241.us-east-2.compute.internal:8080/function/query2
func name is query2
func url is http://ip-172-31-9-241.us-east-2.compute.internal:8080/function/query2
func name is query2
func url is http://ip-172-31-9-241.us-east-2.compute.internal:8080/function/query2
func name is query2
func url is http://ip-172-31-9-241.us-east-2.compute.internal:8080/function/query2
encoded json is {"aid":"q2","numOutPartition":"BA==","numSubstreamProducer":"AQ==","outputTopicName":["q2_out"],"inputTopicName":["nexmark_src"],"commEveryMs":100,"flushMs":100,"duration":180,"bufMaxSize":131072,"epoch":1,"waitEnd":true,"numInPartition":4,"gua":4,"serdeFormat":1}, node constraint is 5,6,7,8
encoded json is {"aid":"q2","numOutPartition":"BA==","numSubstreamProducer":"AQ==","outputTopicName":["q2_out"],"inputTopicName":["nexmark_src"],"commEveryMs":100,"flushMs":100,"duration":180,"bufMaxSize":131072,"epoch":1,"waitEnd":true,"numInPartition":4,"ParNum":2,"gua":4,"serdeFormat":1}, node constraint is 5,6,7,8
encoded json is {"aid":"q2","numOutPartition":"BA==","numSubstreamProducer":"AQ==","outputTopicName":["q2_out"],"inputTopicName":["nexmark_src"],"commEveryMs":100,"flushMs":100,"duration":180,"bufMaxSize":131072,"epoch":1,"waitEnd":true,"numInPartition":4,"ParNum":3,"gua":4,"serdeFormat":1}, node constraint is 5,6,7,8
encoded json is {"aid":"q2","numOutPartition":"BA==","numSubstreamProducer":"AQ==","outputTopicName":["q2_out"],"inputTopicName":["nexmark_src"],"commEveryMs":100,"flushMs":100,"duration":180,"bufMaxSize":131072,"epoch":1,"waitEnd":true,"numInPartition":4,"ParNum":1,"gua":4,"serdeFormat":1}, node constraint is 5,6,7,8
source-1 invoke done
source-2 invoke done
source-3 invoke done
source-0 invoke done
query2-0 call done
query2-1 call done
query2-2 call done
query2-3 call done
sink processed: 11520002, throughput: (event/s) 63997.77082825581
sink_ctrl processed: 2, throughput: (event/s) 0.011110722173182923
source-0 duration: 180.006301015

sink processed: 11520002, throughput: (event/s) 63998.36292358282
sink_ctrl processed: 2, throughput: (event/s) 0.011110824967492682
source-1 duration: 180.004635646

sink processed: 11520002, throughput: (event/s) 63998.11731508912
sink_ctrl processed: 2, throughput: (event/s) 0.011110782327136595
source-2 duration: 180.005326458

sink processed: 11519984, throughput: (event/s) 63997.95245982033
sink_ctrl processed: 2, throughput: (event/s) 0.011110771067011955
source-3 duration: 180.005508883

sink processed 46079990 events, duration: 180.006301015, tp: 255990.983317
sink_ctrl processed 8 events, duration: 180.006301015, tp: 0.044443

eventTimeLatency_sink, p50: 8 ms, p90: 12 ms, p99: 60 ms
nexmark_src_src processed: 11521408, throughput: (event/s) 63995.72189370551
nexmark_src_src_ctrl processed: 1408, throughput: (event/s) 7.820743473917195
nexmark_src_src_data processed: 11520000, throughput: (event/s) 63987.90115023159
nexmark_src_src_epoch processed: 0, throughput: (event/s) 0
nexmark_src_src_logEntry processed: 29876, throughput: (event/s) 165.94640058718048
sink processed: 86807, throughput: (event/s) 482.1699422871661
query2-0 duration: 180.034034449

eventTimeLatency_sink, p50: 9 ms, p90: 15 ms, p99: 98 ms
nexmark_src_src_ctrl processed: 1408, throughput: (event/s) 7.8208000538764955
nexmark_src_src_data processed: 11520000, throughput: (event/s) 63988.36407717133
nexmark_src_src_epoch processed: 0, throughput: (event/s) 0
nexmark_src_src_logEntry processed: 29778, throughput: (event/s) 165.40325568489652
sink processed: 86618, throughput: (event/s) 481.12362149621754
nexmark_src_src processed: 11521408, throughput: (event/s) 63996.184877225205
query2-1 duration: 180.032731984

eventTimeLatency_sink, p50: 8 ms, p90: 22 ms, p99: 112 ms
nexmark_src_src processed: 11521408, throughput: (event/s) 63993.42489118837
nexmark_src_src_ctrl processed: 1408, throughput: (event/s) 7.820462763474153
nexmark_src_src_data processed: 11520000, throughput: (event/s) 63985.60442842489
nexmark_src_src_epoch processed: 0, throughput: (event/s) 0
nexmark_src_src_logEntry processed: 29929, throughput: (event/s) 166.23482247728546
sink processed: 86426, throughput: (event/s) 480.03644516762586
query2-2 duration: 180.040496654

eventTimeLatency_sink, p50: 9 ms, p90: 23 ms, p99: 111 ms
nexmark_src_src_epoch processed: 0, throughput: (event/s) 0
nexmark_src_src_logEntry processed: 29843, throughput: (event/s) 165.75658456219176
sink processed: 86893, throughput: (event/s) 482.62865336469287
nexmark_src_src processed: 11521390, throughput: (event/s) 63993.10578055124
nexmark_src_src_ctrl processed: 1408, throughput: (event/s) 7.820435983767249
nexmark_src_src_data processed: 11519982, throughput: (event/s) 63985.28534456747
query2-3 duration: 180.041113171

nexmark_src_src_ctrl processed 5632 events, duration: 180.041113171
nexmark_src_src_data processed 46079982 events, duration: 180.041113171
nexmark_src_src_epoch processed 0 events, duration: 180.041113171
nexmark_src_src_logEntry processed 119426 events, duration: 180.041113171
sink processed 346744 events, duration: 180.041113171
nexmark_src_src processed 46085614 events, duration: 180.041113171

