wait for last: true, sink max_buf_size: 131072
warmup: 0
config: map[NodeConstraint:"1,2,3,4" NumInstance:4 OutputTopicName:["nexmark_src"] funcName:"source"]
config: map[Final:true InputTopicNames:["nexmark_src"] NodeConstraint:"5,6,7,8" NumInstance:4 NumSrcProducer:[1] OutputTopicName:["q1_out"] funcName:"query1"]
srcInvokeConfig: &{FinalTpNames:[q1_out] TopicName:nexmark_src AppId:q1 NodeConstraint:1,2,3,4 AdditionalBytes:0 ScaleEpoch:0 NumOutPartition:4 InstanceID:0 NumSrcInstance:4}
cliNodes: [0xc000026160]
inParamsMap: map[query1:[0xc00007eaa0 0xc00007eb40 0xc00007ebe0 0xc00007ec80]]
configScaleInput: &{Config:map[nexmark_src:4 q1_out:4 query1:4 source:4] AppId:q1 FuncNames:[source query1] BufMaxSize:131072 ScaleEpoch:0 SerdeFormat:1 Bootstrap:false}
encoded json is {"sg":{"nexmark_src":4,"q1_out":4,"query1":4,"source":4},"aid":"q1","fns":["source","query1"],"bufMaxSize":131072,"epoch":1,"serdeFormat":1,"bs":true}, node constraint is 1
encoded json is {"outTpNames":["q1_out"]}, node constraint is 1
redis_setup url is http://ip-172-31-15-150.us-east-2.compute.internal:8080/function/redisSetup
encoded json is {"srcTpName":"nexmark_src","outTpNames":["q1_out"],"numOutParts":"BA==","chkptEveryMs":100,"bufMaxSize":131072,"srcNumPart":4,"gua":4,"serde_format":1}, node constraint is 1
chkptmngr url is http://ip-172-31-15-150.us-east-2.compute.internal:8080/function/chkptmngr
src instance: 4
func source url is http://ip-172-31-15-150.us-east-2.compute.internal:8080/function/source
func source url is http://ip-172-31-15-150.us-east-2.compute.internal:8080/function/source
func source url is http://ip-172-31-15-150.us-east-2.compute.internal:8080/function/source
func source url is http://ip-172-31-15-150.us-east-2.compute.internal:8080/function/source
encoded json is {"topic_name":"nexmark_src","rate_shape":"square","aid":"q1","events_num":23040000,"rate_period":10000000000,"finOutTpNs":["q1_out"],"first_event_rate":128000,"next_event_rate":128000,"bid_avg_size":100,"person_avg_size":200,"auction_avg_size":500,"duration":180,"person_proportion":1,"auction_proportion":3,"bid_proportion":46,"bid_hot_ratio_auctions":2,"bid_hot_ratio_bidders":4,"auction_hot_ratio_sellers":4,"flushms":10,"bufMaxSize":131072,"commEveryMs":100,"rate_limited":false,"waitEnd":true,"serde_format":1,"numOutPar":4,"parNum":1,"nSrcIns":4,"gua":4}, node constraint is 1,2,3,4
encoded json is {"topic_name":"nexmark_src","rate_shape":"square","aid":"q1","events_num":23040000,"rate_period":10000000000,"finOutTpNs":["q1_out"],"first_event_rate":128000,"next_event_rate":128000,"bid_avg_size":100,"person_avg_size":200,"auction_avg_size":500,"duration":180,"person_proportion":1,"auction_proportion":3,"bid_proportion":46,"bid_hot_ratio_auctions":2,"bid_hot_ratio_bidders":4,"auction_hot_ratio_sellers":4,"flushms":10,"bufMaxSize":131072,"commEveryMs":100,"rate_limited":false,"waitEnd":true,"serde_format":1,"numOutPar":4,"nSrcIns":4,"gua":4}, node constraint is 1,2,3,4
encoded json is {"topic_name":"nexmark_src","rate_shape":"square","aid":"q1","events_num":23040000,"rate_period":10000000000,"finOutTpNs":["q1_out"],"first_event_rate":128000,"next_event_rate":128000,"bid_avg_size":100,"person_avg_size":200,"auction_avg_size":500,"duration":180,"person_proportion":1,"auction_proportion":3,"bid_proportion":46,"bid_hot_ratio_auctions":2,"bid_hot_ratio_bidders":4,"auction_hot_ratio_sellers":4,"flushms":10,"bufMaxSize":131072,"commEveryMs":100,"rate_limited":false,"waitEnd":true,"serde_format":1,"numOutPar":4,"parNum":2,"nSrcIns":4,"gua":4}, node constraint is 1,2,3,4
encoded json is {"topic_name":"nexmark_src","rate_shape":"square","aid":"q1","events_num":23040000,"rate_period":10000000000,"finOutTpNs":["q1_out"],"first_event_rate":128000,"next_event_rate":128000,"bid_avg_size":100,"person_avg_size":200,"auction_avg_size":500,"duration":180,"person_proportion":1,"auction_proportion":3,"bid_proportion":46,"bid_hot_ratio_auctions":2,"bid_hot_ratio_bidders":4,"auction_hot_ratio_sellers":4,"flushms":10,"bufMaxSize":131072,"commEveryMs":100,"rate_limited":false,"waitEnd":true,"serde_format":1,"numOutPar":4,"parNum":3,"nSrcIns":4,"gua":4}, node constraint is 1,2,3,4
Waiting for all client to return
func name is query1
func url is http://ip-172-31-15-150.us-east-2.compute.internal:8080/function/query1
func name is query1
func url is http://ip-172-31-15-150.us-east-2.compute.internal:8080/function/query1
func name is query1
func url is http://ip-172-31-15-150.us-east-2.compute.internal:8080/function/query1
func name is query1
func url is http://ip-172-31-15-150.us-east-2.compute.internal:8080/function/query1
encoded json is {"aid":"q1","numOutPartition":"BA==","numSubstreamProducer":"AQ==","outputTopicName":["q1_out"],"inputTopicName":["nexmark_src"],"commEveryMs":100,"flushMs":100,"duration":180,"bufMaxSize":131072,"epoch":1,"waitEnd":true,"numInPartition":4,"ParNum":3,"gua":4,"serdeFormat":1}, node constraint is 5,6,7,8
encoded json is {"aid":"q1","numOutPartition":"BA==","numSubstreamProducer":"AQ==","outputTopicName":["q1_out"],"inputTopicName":["nexmark_src"],"commEveryMs":100,"flushMs":100,"duration":180,"bufMaxSize":131072,"epoch":1,"waitEnd":true,"numInPartition":4,"ParNum":1,"gua":4,"serdeFormat":1}, node constraint is 5,6,7,8
encoded json is {"aid":"q1","numOutPartition":"BA==","numSubstreamProducer":"AQ==","outputTopicName":["q1_out"],"inputTopicName":["nexmark_src"],"commEveryMs":100,"flushMs":100,"duration":180,"bufMaxSize":131072,"epoch":1,"waitEnd":true,"numInPartition":4,"ParNum":2,"gua":4,"serdeFormat":1}, node constraint is 5,6,7,8
encoded json is {"aid":"q1","numOutPartition":"BA==","numSubstreamProducer":"AQ==","outputTopicName":["q1_out"],"inputTopicName":["nexmark_src"],"commEveryMs":100,"flushMs":100,"duration":180,"bufMaxSize":131072,"epoch":1,"waitEnd":true,"numInPartition":4,"gua":4,"serdeFormat":1}, node constraint is 5,6,7,8
source-2 invoke done
source-1 invoke done
source-3 invoke done
source-0 invoke done
query1-3 call done
query1-1 call done
query1-2 call done
query1-0 call done
sink processed: 5760002, throughput: (event/s) 31982.069085601604
sink_ctrl processed: 2, throughput: (event/s) 0.011104881243305682
source-0 duration: 180.100980477

sink processed: 5760002, throughput: (event/s) 31982.237021442805
sink_ctrl processed: 2, throughput: (event/s) 0.011104939554341407
source-1 duration: 180.100034783

sink_ctrl processed: 2, throughput: (event/s) 0.011104909550373762
sink processed: 5760002, throughput: (event/s) 31982.150609985983
source-2 duration: 180.100521389

sink processed: 5759973, throughput: (event/s) 31981.900638173014
sink_ctrl processed: 2, throughput: (event/s) 0.011104878664595481
source-3 duration: 180.101022299

sink processed 23039979 events, duration: 180.101022299, tp: 127928.085615
sink_ctrl processed 8 events, duration: 180.101022299, tp: 0.044420

eventTimeLatency_sink, p50: 13 ms, p90: 17 ms, p99: 20 ms
nexmark_src_src_epoch processed: 0, throughput: (event/s) 0
nexmark_src_src_logEntry processed: 14177, throughput: (event/s) 78.71558339039042
sink processed: 5299200, throughput: (event/s) 29422.98226016484
nexmark_src_src processed: 5761620, throughput: (event/s) 31990.497254266862
nexmark_src_src_ctrl processed: 1620, throughput: (event/s) 8.994797565947133
nexmark_src_src_data processed: 5760000, throughput: (event/s) 31981.502456700913
query1-0 duration: 180.104108861

eventTimeLatency_sink, p50: 12 ms, p90: 16 ms, p99: 19 ms
nexmark_src_src_logEntry processed: 14410, throughput: (event/s) 80.01015192527501
sink processed: 5299200, throughput: (event/s) 29423.30305915457
nexmark_src_src processed: 5761620, throughput: (event/s) 31990.846046891256
nexmark_src_src_ctrl processed: 1620, throughput: (event/s) 8.99489563629046
nexmark_src_src_data processed: 5760000, throughput: (event/s) 31981.851151254967
nexmark_src_src_epoch processed: 0, throughput: (event/s) 0
query1-1 duration: 180.102145206

eventTimeLatency_sink, p50: 12 ms, p90: 16 ms, p99: 19 ms
nexmark_src_src_ctrl processed: 1620, throughput: (event/s) 8.994816201772279
nexmark_src_src_data processed: 5760000, throughput: (event/s) 31981.56871741255
nexmark_src_src_epoch processed: 0, throughput: (event/s) 0
nexmark_src_src_logEntry processed: 14538, throughput: (event/s) 80.72014687738604
sink processed: 5299200, throughput: (event/s) 29423.043220019546
nexmark_src_src processed: 5761620, throughput: (event/s) 31990.56353361432
query1-2 duration: 180.103735714

eventTimeLatency_sink, p50: 12 ms, p90: 17 ms, p99: 19 ms
nexmark_src_src processed: 5761591, throughput: (event/s) 31989.885349227243
nexmark_src_src_ctrl processed: 1620, throughput: (event/s) 8.994670788979665
nexmark_src_src_data processed: 5759971, throughput: (event/s) 31980.890678438263
nexmark_src_src_epoch processed: 0, throughput: (event/s) 0
nexmark_src_src_logEntry processed: 14055, throughput: (event/s) 78.03709749327727
sink processed: 5299173, throughput: (event/s) 29422.41764743811
query1-3 duration: 180.10664737

nexmark_src_src processed 23046451 events, duration: 180.10664737
nexmark_src_src_ctrl processed 6480 events, duration: 180.10664737
nexmark_src_src_data processed 23039971 events, duration: 180.10664737
nexmark_src_src_epoch processed 0 events, duration: 180.10664737
nexmark_src_src_logEntry processed 57180 events, duration: 180.10664737
sink processed 21196773 events, duration: 180.10664737

