wait for last: true
warmup: 0
config: map[NodeConstraint:"1,2,3,4" NumInstance:4 OutputTopicName:["nexmark_src"] funcName:"source"]
config: map[InputTopicNames:["nexmark_src"] NodeConstraint:"5,6,7,8" NumInstance:4 NumSrcProducer:[1] OutputTopicName:["q8_aucsBySellerID_out","q8_personsByID_out"] funcName:"q8GroupBy"]
config: map[InputTopicNames:["q8_aucsBySellerID_out","q8_personsByID_out"] NodeConstraint:"5,6,7,8" NumInstance:4 NumSrcProducer:[4,4] OutputTopicName:["q8_out"] funcName:"q8JoinStream"]
srcInvokeConfig: {TopicName:nexmark_src AppId:q8 NodeConstraint:1,2,3,4 ScaleEpoch:0 NumOutPartition:4 InstanceID:0 NumSrcInstance:4}
cliNodes: [0xc000026260 0xc0000262c0]
inParamsMap: map[q8GroupBy:[0xc000000be0 0xc000000c80 0xc000000d20 0xc000000dc0] q8JoinStream:[0xc000000e60 0xc000000f00 0xc000000fa0 0xc000001040]]
configScaleInput: {Config:map[changelog:4 nexmark_src:4 q8GroupBy:4 q8JoinStream:4 q8_aucsBySellerID_out:4 q8_out:4 q8_personsByID_out:4 source:4] AppId:q8 FuncNames:[source q8GroupBy q8JoinStream] ScaleEpoch:0 SerdeFormat:1 Bootstrap:false}
encoded json is {"sg":{"changelog":4,"nexmark_src":4,"q8GroupBy":4,"q8JoinStream":4,"q8_aucsBySellerID_out":4,"q8_out":4,"q8_personsByID_out":4,"source":4},"aid":"q8","fns":["source","q8GroupBy","q8JoinStream"],"epoch":1,"serdeFormat":1,"bs":true}, node constraint is 1
src instance: 4
func source url is http://ip-172-31-12-180.us-east-2.compute.internal:8080/function/source
func source url is http://ip-172-31-12-180.us-east-2.compute.internal:8080/function/source
func source url is http://ip-172-31-12-180.us-east-2.compute.internal:8080/function/source
func source url is http://ip-172-31-12-180.us-east-2.compute.internal:8080/function/source
encoded json is {"topic_name":"nexmark_src","rate_shape":"square","aid":"q8","events_num":17280000,"rate_period":10000000000,"bid_avg_size":100,"first_event_rate":96000,"next_event_rate":96000,"person_avg_size":200,"auction_avg_size":500,"duration":180,"person_proportion":1,"auction_proportion":3,"bid_proportion":46,"bid_hot_ratio_auctions":2,"bid_hot_ratio_bidders":4,"auction_hot_ratio_sellers":4,"flushms":100,"rate_limited":false,"waitEnd":true,"serde_format":1,"numOutPar":4,"parNum":1,"nSrcIns":4}, node constraint is 1,2,3,4
encoded json is {"topic_name":"nexmark_src","rate_shape":"square","aid":"q8","events_num":17280000,"rate_period":10000000000,"bid_avg_size":100,"first_event_rate":96000,"next_event_rate":96000,"person_avg_size":200,"auction_avg_size":500,"duration":180,"person_proportion":1,"auction_proportion":3,"bid_proportion":46,"bid_hot_ratio_auctions":2,"bid_hot_ratio_bidders":4,"auction_hot_ratio_sellers":4,"flushms":100,"rate_limited":false,"waitEnd":true,"serde_format":1,"numOutPar":4,"parNum":3,"nSrcIns":4}, node constraint is 1,2,3,4
encoded json is {"topic_name":"nexmark_src","rate_shape":"square","aid":"q8","events_num":17280000,"rate_period":10000000000,"bid_avg_size":100,"first_event_rate":96000,"next_event_rate":96000,"person_avg_size":200,"auction_avg_size":500,"duration":180,"person_proportion":1,"auction_proportion":3,"bid_proportion":46,"bid_hot_ratio_auctions":2,"bid_hot_ratio_bidders":4,"auction_hot_ratio_sellers":4,"flushms":100,"rate_limited":false,"waitEnd":true,"serde_format":1,"numOutPar":4,"parNum":2,"nSrcIns":4}, node constraint is 1,2,3,4
encoded json is {"topic_name":"nexmark_src","rate_shape":"square","aid":"q8","events_num":17280000,"rate_period":10000000000,"bid_avg_size":100,"first_event_rate":96000,"next_event_rate":96000,"person_avg_size":200,"auction_avg_size":500,"duration":180,"person_proportion":1,"auction_proportion":3,"bid_proportion":46,"bid_hot_ratio_auctions":2,"bid_hot_ratio_bidders":4,"auction_hot_ratio_sellers":4,"flushms":100,"rate_limited":false,"waitEnd":true,"serde_format":1,"numOutPar":4,"nSrcIns":4}, node constraint is 1,2,3,4
encoded json is {"aid":"q8","numOutPartition":"BAQ=","numSubstreamProducer":"AQ==","outputTopicName":["q8_aucsBySellerID_out","q8_personsByID_out"],"inputTopicName":["nexmark_src"],"commEveryMs":100,"flushMs":100,"snapEveryS":10,"duration":180,"epoch":1,"waitEnd":true,"numChangelogPartition":4,"numInPartition":4,"gua":3,"serdeFormat":1}, node constraint is 5,6,7,8
encoded json is {"aid":"q8","numOutPartition":"BA==","numSubstreamProducer":"BAQ=","outputTopicName":["q8_out"],"inputTopicName":["q8_aucsBySellerID_out","q8_personsByID_out"],"commEveryMs":100,"flushMs":100,"snapEveryS":10,"duration":180,"epoch":1,"waitEnd":true,"numChangelogPartition":4,"numInPartition":4,"ParNum":3,"gua":3,"serdeFormat":1}, node constraint is 5,6,7,8
encoded json is {"aid":"q8","numOutPartition":"BA==","numSubstreamProducer":"BAQ=","outputTopicName":["q8_out"],"inputTopicName":["q8_aucsBySellerID_out","q8_personsByID_out"],"commEveryMs":100,"flushMs":100,"snapEveryS":10,"duration":180,"epoch":1,"waitEnd":true,"numChangelogPartition":4,"numInPartition":4,"ParNum":1,"gua":3,"serdeFormat":1}, node constraint is 5,6,7,8
encoded json is {"aid":"q8","numOutPartition":"BAQ=","numSubstreamProducer":"AQ==","outputTopicName":["q8_aucsBySellerID_out","q8_personsByID_out"],"inputTopicName":["nexmark_src"],"commEveryMs":100,"flushMs":100,"snapEveryS":10,"duration":180,"epoch":1,"waitEnd":true,"numChangelogPartition":4,"numInPartition":4,"ParNum":3,"gua":3,"serdeFormat":1}, node constraint is 5,6,7,8
encoded json is {"aid":"q8","numOutPartition":"BA==","numSubstreamProducer":"BAQ=","outputTopicName":["q8_out"],"inputTopicName":["q8_aucsBySellerID_out","q8_personsByID_out"],"commEveryMs":100,"flushMs":100,"snapEveryS":10,"duration":180,"epoch":1,"waitEnd":true,"numChangelogPartition":4,"numInPartition":4,"ParNum":2,"gua":3,"serdeFormat":1}, node constraint is 5,6,7,8
encoded json is {"aid":"q8","numOutPartition":"BAQ=","numSubstreamProducer":"AQ==","outputTopicName":["q8_aucsBySellerID_out","q8_personsByID_out"],"inputTopicName":["nexmark_src"],"commEveryMs":100,"flushMs":100,"snapEveryS":10,"duration":180,"epoch":1,"waitEnd":true,"numChangelogPartition":4,"numInPartition":4,"ParNum":1,"gua":3,"serdeFormat":1}, node constraint is 5,6,7,8
encoded json is {"aid":"q8","numOutPartition":"BAQ=","numSubstreamProducer":"AQ==","outputTopicName":["q8_aucsBySellerID_out","q8_personsByID_out"],"inputTopicName":["nexmark_src"],"commEveryMs":100,"flushMs":100,"snapEveryS":10,"duration":180,"epoch":1,"waitEnd":true,"numChangelogPartition":4,"numInPartition":4,"ParNum":2,"gua":3,"serdeFormat":1}, node constraint is 5,6,7,8
encoded json is {"aid":"q8","numOutPartition":"BA==","numSubstreamProducer":"BAQ=","outputTopicName":["q8_out"],"inputTopicName":["q8_aucsBySellerID_out","q8_personsByID_out"],"commEveryMs":100,"flushMs":100,"snapEveryS":10,"duration":180,"epoch":1,"waitEnd":true,"numChangelogPartition":4,"numInPartition":4,"gua":3,"serdeFormat":1}, node constraint is 5,6,7,8
Waiting for all client to return
func name is q8JoinStream
func url is http://ip-172-31-12-180.us-east-2.compute.internal:8080/function/q8JoinStream
func name is q8GroupBy
func url is http://ip-172-31-12-180.us-east-2.compute.internal:8080/function/q8GroupBy
func name is q8GroupBy
func url is http://ip-172-31-12-180.us-east-2.compute.internal:8080/function/q8GroupBy
func name is q8JoinStream
func url is http://ip-172-31-12-180.us-east-2.compute.internal:8080/function/q8JoinStream
func name is q8JoinStream
func url is http://ip-172-31-12-180.us-east-2.compute.internal:8080/function/q8JoinStream
func name is q8JoinStream
func url is http://ip-172-31-12-180.us-east-2.compute.internal:8080/function/q8JoinStream
func name is q8GroupBy
func url is http://ip-172-31-12-180.us-east-2.compute.internal:8080/function/q8GroupBy
func name is q8GroupBy
func url is http://ip-172-31-12-180.us-east-2.compute.internal:8080/function/q8GroupBy
source-1 invoke done
source-2 invoke done
source-0 invoke done
source-3 invoke done
q8GroupBy-2 call done
q8GroupBy-1 call done
q8GroupBy-3 call done
q8GroupBy-0 call done
q8JoinStream-2 call done
q8JoinStream-1 call done
q8JoinStream-3 call done
q8JoinStream-0 call done
sink_ctrl processed: 1, throughput: (event/s) 0.005555465962833747
sink processed: 4320001, throughput: (event/s) 23999.618514907746
source-0 duration: 180.002902851

sink processed: 4320001, throughput: (event/s) 23999.520062731
sink_ctrl processed: 1, throughput: (event/s) 0.005555443172983294
source-1 duration: 180.003641269

sink processed: 4319977, throughput: (event/s) 23999.394645068514
sink_ctrl processed: 1, throughput: (event/s) 0.005555445004699912
source-2 duration: 180.003581919

sink_ctrl processed: 1, throughput: (event/s) 0.005555448694432057
sink processed: 4320001, throughput: (event/s) 23999.54391539518
source-3 duration: 180.003462367

sink_ctrl processed 4 events, duration: 180.003641269, tp: 0.022222
sink processed 17279980 events, duration: 180.003641269, tp: 95997.946920

personsByIDSink processed: 86400, throughput: (event/s) 479.88474221572386
auctionsBySellerIDSink processed: 259200, throughput: (event/s) 1439.6542266471715
nexmark_src_src processed: 4320001, throughput: (event/s) 23994.242665007747
nexmark_src_src_ctrl processed: 1, throughput: (event/s) 0.005554221553422729
nexmark_src_src_data processed: 4320000, throughput: (event/s) 23994.23711078619
nexmark_src_src_epoch processed: 0, throughput: (event/s) 0
nexmark_src_src_logEntry processed: 8784, throughput: (event/s) 48.788282125265255
q8GroupBy-0 duration: 180.04323205

personsByIDSink processed: 86400, throughput: (event/s) 479.9032541434326
auctionsBySellerIDSink processed: 259200, throughput: (event/s) 1439.7097624302978
nexmark_src_src processed: 4320001, throughput: (event/s) 23995.168261607443
nexmark_src_src_ctrl processed: 1, throughput: (event/s) 0.0055544358118452845
nexmark_src_src_data processed: 4320000, throughput: (event/s) 23995.16270717163
nexmark_src_src_epoch processed: 0, throughput: (event/s) 0
nexmark_src_src_logEntry processed: 8795, throughput: (event/s) 48.85126296517928
q8GroupBy-1 duration: 180.03628701

nexmark_src_src_ctrl processed: 1, throughput: (event/s) 0.0055545675033174865
nexmark_src_src_data processed: 4319976, throughput: (event/s) 23995.598304711464
nexmark_src_src_epoch processed: 0, throughput: (event/s) 0
nexmark_src_src_logEntry processed: 8774, throughput: (event/s) 48.73577527410763
personsByIDSink processed: 86399, throughput: (event/s) 479.90907771912754
auctionsBySellerIDSink processed: 259199, throughput: (event/s) 1439.7383422923892
nexmark_src_src processed: 4319977, throughput: (event/s) 23995.603859278966
q8GroupBy-2 duration: 180.032018587

nexmark_src_src_logEntry processed: 8771, throughput: (event/s) 48.71688301959434
personsByIDSink processed: 86400, throughput: (event/s) 479.89267961383547
auctionsBySellerIDSink processed: 259200, throughput: (event/s) 1439.6780388415063
nexmark_src_src processed: 4320001, throughput: (event/s) 23994.639535005193
nexmark_src_src_ctrl processed: 1, throughput: (event/s) 0.005554313421456429
nexmark_src_src_data processed: 4320000, throughput: (event/s) 23994.633980691775
nexmark_src_src_epoch processed: 0, throughput: (event/s) 0
q8GroupBy-3 duration: 180.040254145

personsByIDSink processed 345599 events, duration: 180.04323205
auctionsBySellerIDSink processed 1036799 events, duration: 180.04323205
nexmark_src_src processed 17279980 events, duration: 180.04323205
nexmark_src_src_ctrl processed 4 events, duration: 180.04323205
nexmark_src_src_data processed 17279976 events, duration: 180.04323205
nexmark_src_src_epoch processed 0 events, duration: 180.04323205
nexmark_src_src_logEntry processed 35124 events, duration: 180.04323205

eventTimeLatency_sink, p50: 116 ms, p90: 161 ms, p99: 201 ms
auctionsBySellerIDSrc_logEntry processed: 6004, throughput: (event/s) 33.303954902393514
personsByIDSrc_epoch processed: 5999, throughput: (event/s) 33.27622009651211
auctionsBySellerIDSrc processed: 257536, throughput: (event/s) 1428.5421934948063
personsByIDSrc_data processed: 85743, throughput: (event/s) 475.61309213789593
personsByIDSrc_logEntry processed: 5999, throughput: (event/s) 33.27622009651211
auctionsBySellerIDSrc_data processed: 251533, throughput: (event/s) 1395.243785553589
personsByIDSrc processed: 91746, throughput: (event/s) 508.9115000791132
auctionsBySellerIDSrc_epoch processed: 5999, throughput: (event/s) 33.27622009651211
personsByIDSrc_ctrl processed: 4, throughput: (event/s) 0.022187844705125595
sink processed: 1004354, throughput: (event/s) 5571.112645242928
auctionsBySellerIDSrc_ctrl processed: 4, throughput: (event/s) 0.022187844705125595
q8JoinStream-0 duration: 180.278889327

eventTimeLatency_sink, p50: 116 ms, p90: 163 ms, p99: 206 ms
personsByIDSrc_logEntry processed: 5999, throughput: (event/s) 33.29272035809618
sink processed: 1037579, throughput: (event/s) 5758.264293454423
auctionsBySellerIDSrc processed: 264929, throughput: (event/s) 1470.2795652192137
auctionsBySellerIDSrc_epoch processed: 5999, throughput: (event/s) 33.29272035809618
personsByIDSrc_data processed: 86472, throughput: (event/s) 479.8946682455898
auctionsBySellerIDSrc_ctrl processed: 4, throughput: (event/s) 0.022198846713182986
auctionsBySellerIDSrc_logEntry processed: 5999, throughput: (event/s) 33.29272035809618
personsByIDSrc processed: 92475, throughput: (event/s) 513.2095874503991
personsByIDSrc_ctrl processed: 4, throughput: (event/s) 0.022198846713182986
personsByIDSrc_epoch processed: 5999, throughput: (event/s) 33.29272035809618
auctionsBySellerIDSrc_data processed: 258926, throughput: (event/s) 1436.9646460144045
q8JoinStream-1 duration: 180.189541001

eventTimeLatency_sink, p50: 116 ms, p90: 161 ms, p99: 197 ms
auctionsBySellerIDSrc_data processed: 248945, throughput: (event/s) 1381.7765685397274
auctionsBySellerIDSrc_logEntry processed: 5999, throughput: (event/s) 33.297626522604695
personsByIDSrc_data processed: 86376, throughput: (event/s) 479.4325368422242
personsByIDSrc_logEntry processed: 5999, throughput: (event/s) 33.297626522604695
sink processed: 997569, throughput: (event/s) 5537.036171449949
personsByIDSrc_epoch processed: 5999, throughput: (event/s) 33.297626522604695
auctionsBySellerIDSrc_epoch processed: 5999, throughput: (event/s) 33.297626522604695
personsByIDSrc_ctrl processed: 4, throughput: (event/s) 0.02220211803474225
personsByIDSrc processed: 92379, throughput: (event/s) 512.7523654828636
auctionsBySellerIDSrc processed: 254948, throughput: (event/s) 1415.096397180367
auctionsBySellerIDSrc_ctrl processed: 4, throughput: (event/s) 0.02220211803474225
q8JoinStream-2 duration: 180.162991375

eventTimeLatency_sink, p50: 119 ms, p90: 165 ms, p99: 205 ms
personsByIDSrc_epoch processed: 5999, throughput: (event/s) 33.29707108988503
personsByIDSrc_logEntry processed: 5999, throughput: (event/s) 33.29707108988503
sink processed: 1111478, throughput: (event/s) 6169.188528228577
personsByIDSrc processed: 93011, throughput: (event/s) 516.251688471628
auctionsBySellerIDSrc_epoch processed: 5999, throughput: (event/s) 33.29707108988503
auctionsBySellerIDSrc_ctrl processed: 4, throughput: (event/s) 0.02220174768453744
personsByIDSrc_ctrl processed: 4, throughput: (event/s) 0.02220174768453744
personsByIDSrc_data processed: 87008, throughput: (event/s) 482.93241563405843
auctionsBySellerIDSrc_data processed: 277395, throughput: (event/s) 1539.663449738066
auctionsBySellerIDSrc_logEntry processed: 5999, throughput: (event/s) 33.29707108988503
auctionsBySellerIDSrc processed: 283398, throughput: (event/s) 1572.9827225756355
q8JoinStream-3 duration: 180.165996697

auctionsBySellerIDSrc_logEntry processed 24001 events, duration: 180.278889327
personsByIDSrc_data processed 345599 events, duration: 180.278889327
personsByIDSrc_logEntry processed 23996 events, duration: 180.278889327
personsByIDSrc processed 369611 events, duration: 180.278889327
personsByIDSrc_ctrl processed 16 events, duration: 180.278889327
auctionsBySellerIDSrc_ctrl processed 16 events, duration: 180.278889327
personsByIDSrc_epoch processed 23996 events, duration: 180.278889327
auctionsBySellerIDSrc processed 1060811 events, duration: 180.278889327
auctionsBySellerIDSrc_data processed 1036799 events, duration: 180.278889327
auctionsBySellerIDSrc_epoch processed 23996 events, duration: 180.278889327
sink processed 4150980 events, duration: 180.278889327

