parallel restore str: , false
env str: , async2ndPhase: false
env str: , create snapshot: false
2024/03/03 09:06:50 [INFO] Load configuration for function scale[40]
2024/03/03 09:06:50 [INFO] Load configuration for function chkptmngr[60]
2024/03/03 09:06:50 [INFO] Load configuration for function redisSetup[70]
2024/03/03 09:06:50 [INFO] Load configuration for function source[20]
2024/03/03 09:06:50 [INFO] Load configuration for function query1[30]
2024/03/03 09:06:50 [INFO] Parse FAAS_ENGINE_ID: 6
2024/03/03 09:06:50 [INFO] Parse FAAS_ENGINE_ID: 6
2024/03/03 09:06:50 [INFO] Current GOMAXPROCS is 2
2024/03/03 09:06:50 [INFO] Parse FAAS_ENGINE_ID: 6
2024/03/03 09:06:50 [INFO] Start new FuncWorker with client id 8
2024/03/03 09:06:50 [INFO] Current GOMAXPROCS is 3
2024/03/03 09:06:50 [INFO] Parse FAAS_ENGINE_ID: 6
2024/03/03 09:06:50 [INFO] Current GOMAXPROCS is 4
2024/03/03 09:06:50 [INFO] Start new FuncWorker with client id 9
2024/03/03 09:06:50 [INFO] Start new FuncWorker with client id 11
2024/03/03 09:06:50 [INFO] Start new FuncWorker with client id 10
Enter nexmark: funcName: query1
2024/03/03 09:06:50 [INFO] Handshake with engine done
Enter nexmark: funcName: query1
2024/03/03 09:06:50 [INFO] Handshake with engine done
Enter nexmark: funcName: query1
2024/03/03 09:06:50 [INFO] Handshake with engine done
Enter nexmark: funcName: query1
2024/03/03 09:06:50 [INFO] Handshake with engine done
new buffered sink stream nexmark_src[0] with bufMaxSize 131072
new buffered sink stream nexmark_src[1] with bufMaxSize 131072
new buffered sink stream nexmark_src[2] with bufMaxSize 131072
new buffered sink stream nexmark_src[3] with bufMaxSize 131072
new buffered sink stream q1_out[0] with bufMaxSize 131072
new buffered sink stream q1_out[1] with bufMaxSize 131072
new buffered sink stream q1_out[2] with bufMaxSize 131072
new buffered sink stream q1_out[3] with bufMaxSize 131072
nexmark_src notEnded: map[1:{}], notScaleFence: map[1:{}]
redis address is [snapcache-1:6666 snapcache-2:6666 snapcache-3:6666 snapcache-4:6666]
new buffered sink stream __control_log_q1[0] with bufMaxSize 131072
new buffered sink stream __control_log_q1[0] with bufMaxSize 131072
[0] finished prev task source, funcName query1, meta epoch 0, current epoch 1, cmm instance 1, remain instances: map[]
[1] finished prev task source, funcName query1, meta epoch 0, current epoch 1, cmm instance 1, remain instances: map[]
[2] finished prev task source, funcName query1, meta epoch 0, current epoch 1, cmm instance 1, remain instances: map[]
[3] finished prev task source, funcName query1, meta epoch 0, current epoch 1, cmm instance 1, remain instances: map[]
[0] finished prev task query1, funcName query1, meta epoch 0, current epoch 1, cmm instance 1, remain instances: map[]
[1] prodId: ProducerId: {TaskId: 0x1800b00000001, TaskEpoch: 0x1}, warmup time: 0s, flush every: 100ms, waitEndMark: true
nexmark_src_src counter: dur=10.300301756s, value=637316, rate=61873.52711572347 per second
q1_out_sink counter: dur=10.299948451s, value=586041, rate=56897.46922404281 per second
q1_out_sink stats (586041 samples): dur=10.301213173s, p50=0, p90=0, p99=0
q1_out_bufEntry_1 stats (1209 samples): dur=10.260182581s, p50=515, p90=518, p99=520
q1_out_bufSize_1 stats (1209 samples): dur=10.260244392s, p50=130925, p90=131041, p99=131070
nexmark_src_src counter: dur=10.00029629s, value=1286804, rate=64946.87568902021 per second
q1_out_sink counter: dur=10.000321708s, value=1183481, rate=59742.078049555486 per second
q1_out_sink stats (597487 samples): dur=10.002179702s, p50=0, p90=0, p99=0
q1_out_bufEntry_1 stats (1195 samples): dur=10.002184616s, p50=514, p90=517, p99=519
q1_out_bufSize_1 stats (1195 samples): dur=10.0021839s, p50=130932, p90=131044, p99=131069
nexmark_src_src counter: dur=10.001182982s, value=1940644, rate=65376.266105397015 per second
q1_out_sink counter: dur=10.001171195s, value=1784996, rate=60144.45591139589 per second
q1_out_sink stats (601774 samples): dur=10.007840078s, p50=0, p90=0, p99=0
q1_out_bufEntry_1 stats (1219 samples): dur=10.006538274s, p50=511, p90=514, p99=516
q1_out_bufSize_1 stats (1219 samples): dur=10.006547132s, p50=130931, p90=131043, p99=131068
q1_out_sink counter: dur=10.000001996s, value=2373736, rate=58873.98824875194 per second
nexmark_src_src counter: dur=10.002441873s, value=2580805, rate=64000.471897568605 per second
q1_out_sink stats (589212 samples): dur=10.008977394s, p50=0, p90=0, p99=0
q1_out_bufEntry_1 stats (1194 samples): dur=10.008842263s, p50=511, p90=514, p99=516
q1_out_bufSize_1 stats (1194 samples): dur=10.008826558s, p50=130932, p90=131041, p99=131069
q1_out_sink counter: dur=10.000000203s, value=2962287, rate=58855.09880524149 per second
nexmark_src_src counter: dur=10.006011418s, value=3221115, rate=63992.531414478944 per second
q1_out_sink stats (589068 samples): dur=10.002263371s, p50=0, p90=0, p99=0
q1_out_bufEntry_1 stats (1185 samples): dur=10.002366631s, p50=511, p90=514, p99=515
q1_out_bufSize_1 stats (1185 samples): dur=10.002368269s, p50=130932, p90=131041, p99=131067
q1_out_sink counter: dur=10.000000316s, value=3551392, rate=58910.49813842826 per second
nexmark_src_src counter: dur=10.002478458s, value=3861390, rate=64011.6349851178 per second
q1_out_sink stats (589023 samples): dur=10.006276266s, p50=0, p90=0, p99=0
q1_out_bufEntry_1 stats (1202 samples): dur=10.006239219s, p50=507, p90=510, p99=511
q1_out_bufSize_1 stats (1202 samples): dur=10.00623873s, p50=130934, p90=131044, p99=131068
nexmark_src_src counter: dur=10.074120815s, value=4484326, rate=61835.27192491784 per second
q1_out_sink counter: dur=10.08506127s, value=4125134, rate=56890.28401906774 per second
q1_out_sink stats (572529 samples): dur=10.058857102s, p50=0, p90=0, p99=0
q1_out_bufEntry_1 stats (1176 samples): dur=10.060262825s, p50=507, p90=510, p99=511
q1_out_bufSize_1 stats (1176 samples): dur=10.060276832s, p50=130935, p90=131042, p99=131068
nexmark_src_src counter: dur=10.000237085s, value=5135732, rate=65139.055650699105 per second
q1_out_sink counter: dur=10.000237612s, value=4724463, rate=59931.475956213515 per second
q1_out_sink stats (599425 samples): dur=10.002270833s, p50=0, p90=0, p99=0
q1_out_bufEntry_1 stats (1222 samples): dur=10.002134093s, p50=507, p90=510, p99=512
q1_out_bufSize_1 stats (1222 samples): dur=10.002126451s, p50=130940, p90=131049, p99=131069
nexmark_src_src counter: dur=10.213075007s, value=5776952, rate=62784.22508015562 per second
q1_out_sink counter: dur=10.213178419s, value=5314154, rate=57738.24521688306 per second
q1_out_sink stats (589595 samples): dur=10.21118545s, p50=0, p90=0, p99=0
q1_out_bufEntry_1 stats (1198 samples): dur=10.211733092s, p50=507, p90=510, p99=511
q1_out_bufSize_1 stats (1198 samples): dur=10.211748813s, p50=130928, p90=131039, p99=131069
WaitAlignTime_0(ms) stats (200 samples): dur=1m31.241964307s, p50=0, p90=0, p99=0
createChkpt_1(ms) stats (200 samples): dur=1m31.54687183s, p50=161, p90=357, p99=453
nexmark_src_src counter: dur=10.00140234s, value=6439453, rate=66240.81078614021 per second
q1_out_sink counter: dur=10.0014141s, value=5923643, rate=60940.28243466091 per second
q1_out_sink stats (609489 samples): dur=10.001542779s, p50=0, p90=0, p99=0
q1_out_bufEntry_1 stats (1242 samples): dur=10.006815594s, p50=507, p90=510, p99=512
q1_out_bufSize_1 stats (1242 samples): dur=10.006803927s, p50=130938, p90=131048, p99=131068
nexmark_src_src counter: dur=10.077993881s, value=7061764, rate=61749.491748872795 per second
q1_out_sink counter: dur=10.077856191s, value=6496379, rate=56831.134434273845 per second
q1_out_sink stats (572736 samples): dur=10.077721773s, p50=0, p90=0, p99=0
q1_out_bufEntry_1 stats (1174 samples): dur=10.072784455s, p50=507, p90=510, p99=511
q1_out_bufSize_1 stats (1174 samples): dur=10.072778229s, p50=130935, p90=131039, p99=131069
nexmark_src_src counter: dur=10.000918132s, value=7724937, rate=66311.21175545285 per second
q1_out_sink counter: dur=10.001088748s, value=7106254, rate=60980.86072098517 per second
q1_out_sink stats (609921 samples): dur=10.001259394s, p50=0, p90=0, p99=0
q1_out_bufEntry_1 stats (1243 samples): dur=10.001687776s, p50=507, p90=510, p99=512
q1_out_bufSize_1 stats (1243 samples): dur=10.001695083s, p50=130932, p90=131044, p99=131068
nexmark_src_src counter: dur=10.056548479s, value=8353679, rate=62520.65520421184 per second
q1_out_sink counter: dur=10.056494901s, value=7684687, rate=57518.350647448904 per second
q1_out_sink stats (578387 samples): dur=10.056359802s, p50=0, p90=0, p99=0
q1_out_bufEntry_1 stats (1178 samples): dur=10.05466553s, p50=507, p90=510, p99=512
q1_out_bufSize_1 stats (1178 samples): dur=10.054657804s, p50=130938, p90=131046, p99=131069
nexmark_src_src counter: dur=10.003204435s, value=9008823, rate=65493.41306149163 per second
q1_out_sink counter: dur=10.003202203s, value=8287403, rate=60252.305988500666 per second
q1_out_sink stats (602716 samples): dur=10.00325175s, p50=0, p90=0, p99=0
q1_out_bufEntry_1 stats (1226 samples): dur=10.002643152s, p50=507, p90=510, p99=512
q1_out_bufSize_1 stats (1226 samples): dur=10.002642482s, p50=130938, p90=131046, p99=131070
nexmark_src_src counter: dur=10.193147656s, value=9638107, rate=61735.98394109243 per second
q1_out_sink counter: dur=10.193162855s, value=8866326, rate=56795.22717681527 per second
q1_out_sink stats (578923 samples): dur=10.193143809s, p50=0, p90=0, p99=0
q1_out_bufEntry_1 stats (1184 samples): dur=10.193844612s, p50=507, p90=510, p99=512
q1_out_bufSize_1 stats (1184 samples): dur=10.19384521s, p50=130935, p90=131045, p99=131068
nexmark_src_src counter: dur=10.092070817s, value=10293492, rate=64940.58671249215 per second
q1_out_sink counter: dur=10.092144752s, value=9469265, rate=59743.3959595668 per second
q1_out_sink stats (602939 samples): dur=10.092165434s, p50=0, p90=0, p99=0
q1_out_bufEntry_1 stats (1227 samples): dur=10.092081958s, p50=507, p90=510, p99=512
q1_out_bufSize_1 stats (1227 samples): dur=10.092081982s, p50=130937, p90=131049, p99=131068
nexmark_src_src counter: dur=10.103157746s, value=10943417, rate=64328.89759217266 per second
q1_out_sink counter: dur=10.102994882s, value=10067349, rate=59198.68385418825 per second
q1_out_sink stats (598084 samples): dur=10.102920551s, p50=0, p90=0, p99=0
q1_out_bufEntry_1 stats (1223 samples): dur=10.103993961s, p50=507, p90=510, p99=512
q1_out_bufSize_1 stats (1223 samples): dur=10.103994193s, p50=130935, p90=131043, p99=131068
1 producer ended, map[] remain
exit due to ctrlMsg
createChkpt_1(ms) (147 samples): dur=1m28.544810539s, data=[186 143 260 310 159 162 165 255 93 143 291 163 213 116 139 358 359 306 113 310 44 259 94 228 142 143 363 313 405 162 361 193 259 355 361 157 305 156 242 192 112 359 161 357 162 159 141 212 258 353 307 309 159 305 356 83 356 355 171 204 307 127 233 91 352 303 339 308 306 138 309 160 144 214 181 258 407 162 164 160 408 154 114 165 283 229 361 114 214 359 146 227 191 215 404 315 165 158 162 309 261 93 357 308 476 441 414 197 308 157 93 211 339 315 222 165 42 260 5 159 261 163 33 211 212 161 34 290 240 241 160 158 44 238 232 162 310 27 214 360 244 289 112 93 208 138 102]
[1]duration: 180.301032 s, uts: 1709457118723
WaitAlignTime_0(ms) (147 samples): dur=1m28.899641091s, data=[0 0 0 0 0 0 0 0 0 0 0 0 0 0 0 0 0 0 0 0 0 0 0 0 0 0 0 0 0 0 0 0 0 0 0 0 0 0 0 0 0 0 0 0 0 0 0 0 0 0 0 0 0 0 0 0 0 0 0 0 0 0 0 0 0 0 0 0 0 0 0 0 0 0 0 0 0 0 0 0 0 0 0 0 0 0 0 0 0 0 0 0 0 0 0 0 0 0 0 0 0 0 0 0 0 0 0 0 0 0 0 0 0 0 0 0 0 0 0 0 0 0 0 0 0 0 0 0 0 0 0 0 0 0 0 0 0 0 0 0 0 0 0 0 0 0 0]
nexmark_src_src msgCnt 11520348, ctrlCnt 348, epochCnt 0, logEntry 30196
sink msgCnt 10598400, ctrlCnt 348
