wait for last: true
warmup: 0
config: map[NodeConstraint:"1,2,3,4" NumInstance:4 OutputTopicName:["nexmark_src"] funcName:"source"]
config: map[InputTopicNames:["nexmark_src"] NodeConstraint:"5,6,7,8" NumInstance:4 NumSrcProducer:[1] OutputTopicName:["q46_aucsByID","q46_bidsByAucID"] funcName:"q46GroupBy"]
config: map[InputTopicNames:["q46_aucsByID","q46_bidsByAucID"] NodeConstraint:"5,6,7,8" NumInstance:4 NumSrcProducer:[4,4] OutputTopicName:["q6_aucIDSeller"] funcName:"q6JoinStream"]
config: map[InputTopicNames:["q6_aucIDSeller"] NodeConstraint:"5,6,7,8" NumInstance:4 NumSrcProducer:[1] OutputTopicName:["q6_maxBids"] funcName:"q6MaxBid"]
config: map[InputTopicNames:["q6_maxBids"] NodeConstraint:"5,6,7,8" NumInstance:4 NumSrcProducer:[4] OutputTopicName:["q6_out"] funcName:"q6Avg"]
srcInvokeConfig: {TopicName:nexmark_src AppId:q6 NodeConstraint:1,2,3,4 ScaleEpoch:0 NumOutPartition:4 InstanceID:0 NumSrcInstance:4}
cliNodes: [0xc0000ce220 0xc0000ce280 0xc0000ce2c0 0xc0000ce320]
inParamsMap: map[q46GroupBy:[0xc0000b2b40 0xc0000b2be0 0xc0000b2c80 0xc0000b2d20] q6Avg:[0xc0000b32c0 0xc0000b3360 0xc0000b3400 0xc0000b34a0] q6JoinStream:[0xc0000b2dc0 0xc0000b2e60 0xc0000b2f00 0xc0000b2fa0] q6MaxBid:[0xc0000b3040 0xc0000b30e0 0xc0000b3180 0xc0000b3220]]
configScaleInput: {Config:map[changelog:4 nexmark_src:4 q46GroupBy:4 q46_aucsByID:4 q46_bidsByAucID:4 q6Avg:4 q6JoinStream:4 q6MaxBid:4 q6_aucIDSeller:4 q6_maxBids:4 q6_out:4 source:4] AppId:q6 FuncNames:[source q46GroupBy q6JoinStream q6MaxBid q6Avg] ScaleEpoch:0 SerdeFormat:1 Bootstrap:false}
encoded json is {"sg":{"changelog":4,"nexmark_src":4,"q46GroupBy":4,"q46_aucsByID":4,"q46_bidsByAucID":4,"q6Avg":4,"q6JoinStream":4,"q6MaxBid":4,"q6_aucIDSeller":4,"q6_maxBids":4,"q6_out":4,"source":4},"aid":"q6","fns":["source","q46GroupBy","q6JoinStream","q6MaxBid","q6Avg"],"epoch":1,"serdeFormat":1,"bs":true}, node constraint is 1
func source url is http://ip-172-31-4-103.us-east-2.compute.internal:8080/function/source
func source url is http://ip-172-31-4-103.us-east-2.compute.internal:8080/function/source
func source url is http://ip-172-31-4-103.us-east-2.compute.internal:8080/function/source
func source url is http://ip-172-31-4-103.us-east-2.compute.internal:8080/function/source
src instance: 4
encoded json is {"topic_name":"nexmark_src","rate_shape":"square","aid":"q6","events_num":1080000,"rate_period":10000000000,"bid_avg_size":100,"first_event_rate":6000,"next_event_rate":6000,"person_avg_size":200,"auction_avg_size":500,"duration":180,"person_proportion":1,"auction_proportion":3,"bid_proportion":46,"bid_hot_ratio_auctions":2,"bid_hot_ratio_bidders":4,"auction_hot_ratio_sellers":4,"flushms":100,"rate_limited":false,"waitEnd":true,"serde_format":1,"numOutPar":4,"parNum":3,"nSrcIns":4}, node constraint is 1,2,3,4
encoded json is {"topic_name":"nexmark_src","rate_shape":"square","aid":"q6","events_num":1080000,"rate_period":10000000000,"bid_avg_size":100,"first_event_rate":6000,"next_event_rate":6000,"person_avg_size":200,"auction_avg_size":500,"duration":180,"person_proportion":1,"auction_proportion":3,"bid_proportion":46,"bid_hot_ratio_auctions":2,"bid_hot_ratio_bidders":4,"auction_hot_ratio_sellers":4,"flushms":100,"rate_limited":false,"waitEnd":true,"serde_format":1,"numOutPar":4,"parNum":1,"nSrcIns":4}, node constraint is 1,2,3,4
encoded json is {"topic_name":"nexmark_src","rate_shape":"square","aid":"q6","events_num":1080000,"rate_period":10000000000,"bid_avg_size":100,"first_event_rate":6000,"next_event_rate":6000,"person_avg_size":200,"auction_avg_size":500,"duration":180,"person_proportion":1,"auction_proportion":3,"bid_proportion":46,"bid_hot_ratio_auctions":2,"bid_hot_ratio_bidders":4,"auction_hot_ratio_sellers":4,"flushms":100,"rate_limited":false,"waitEnd":true,"serde_format":1,"numOutPar":4,"parNum":2,"nSrcIns":4}, node constraint is 1,2,3,4
encoded json is {"topic_name":"nexmark_src","rate_shape":"square","aid":"q6","events_num":1080000,"rate_period":10000000000,"bid_avg_size":100,"first_event_rate":6000,"next_event_rate":6000,"person_avg_size":200,"auction_avg_size":500,"duration":180,"person_proportion":1,"auction_proportion":3,"bid_proportion":46,"bid_hot_ratio_auctions":2,"bid_hot_ratio_bidders":4,"auction_hot_ratio_sellers":4,"flushms":100,"rate_limited":false,"waitEnd":true,"serde_format":1,"numOutPar":4,"nSrcIns":4}, node constraint is 1,2,3,4
func name is q46GroupBy
func url is http://ip-172-31-4-103.us-east-2.compute.internal:8080/function/q46GroupBy
func name is q6JoinStream
func url is http://ip-172-31-4-103.us-east-2.compute.internal:8080/function/q6JoinStream
func name is q46GroupBy
func url is http://ip-172-31-4-103.us-east-2.compute.internal:8080/function/q46GroupBy
func name is q6JoinStream
func name is q46GroupBy
func url is http://ip-172-31-4-103.us-east-2.compute.internal:8080/function/q46GroupBy
func name is q6JoinStream
func url is http://ip-172-31-4-103.us-east-2.compute.internal:8080/function/q6JoinStream
func name is q6JoinStream
func url is http://ip-172-31-4-103.us-east-2.compute.internal:8080/function/q6JoinStream
func name is q6Avg
func url is http://ip-172-31-4-103.us-east-2.compute.internal:8080/function/q6Avg
func name is q6Avg
func url is http://ip-172-31-4-103.us-east-2.compute.internal:8080/function/q6Avg
func name is q46GroupBy
func url is http://ip-172-31-4-103.us-east-2.compute.internal:8080/function/q46GroupBy
func url is http://ip-172-31-4-103.us-east-2.compute.internal:8080/function/q6JoinStream
func name is q6MaxBid
func url is http://ip-172-31-4-103.us-east-2.compute.internal:8080/function/q6MaxBid
func name is q6MaxBid
func url is http://ip-172-31-4-103.us-east-2.compute.internal:8080/function/q6MaxBid
func name is q6MaxBid
func url is http://ip-172-31-4-103.us-east-2.compute.internal:8080/function/q6MaxBid
func name is q6MaxBid
func url is http://ip-172-31-4-103.us-east-2.compute.internal:8080/function/q6MaxBid
func name is q6Avg
func url is http://ip-172-31-4-103.us-east-2.compute.internal:8080/function/q6Avg
encoded json is {"aid":"q6","numOutPartition":"BAQ=","numSubstreamProducer":"AQ==","outputTopicName":["q46_aucsByID","q46_bidsByAucID"],"inputTopicName":["nexmark_src"],"commEveryMs":100,"flushMs":100,"snapEveryS":10,"duration":180,"epoch":1,"waitEnd":true,"numChangelogPartition":4,"numInPartition":4,"ParNum":1,"gua":3,"serdeFormat":1}, node constraint is 5,6,7,8
encoded json is {"aid":"q6","numOutPartition":"BA==","numSubstreamProducer":"BA==","outputTopicName":["q6_out"],"inputTopicName":["q6_maxBids"],"commEveryMs":100,"flushMs":100,"snapEveryS":10,"duration":180,"epoch":1,"waitEnd":true,"numChangelogPartition":4,"numInPartition":4,"ParNum":1,"gua":3,"serdeFormat":1}, node constraint is 5,6,7,8
encoded json is {"aid":"q6","numOutPartition":"BA==","numSubstreamProducer":"AQ==","outputTopicName":["q6_maxBids"],"inputTopicName":["q6_aucIDSeller"],"commEveryMs":100,"flushMs":100,"snapEveryS":10,"duration":180,"epoch":1,"waitEnd":true,"numChangelogPartition":4,"numInPartition":4,"gua":3,"serdeFormat":1}, node constraint is 5,6,7,8
encoded json is {"aid":"q6","numOutPartition":"BA==","numSubstreamProducer":"BA==","outputTopicName":["q6_out"],"inputTopicName":["q6_maxBids"],"commEveryMs":100,"flushMs":100,"snapEveryS":10,"duration":180,"epoch":1,"waitEnd":true,"numChangelogPartition":4,"numInPartition":4,"ParNum":3,"gua":3,"serdeFormat":1}, node constraint is 5,6,7,8
Waiting for all client to return
func name is q6Avg
func url is http://ip-172-31-4-103.us-east-2.compute.internal:8080/function/q6Avg
encoded json is {"aid":"q6","numOutPartition":"BA==","numSubstreamProducer":"BA==","outputTopicName":["q6_out"],"inputTopicName":["q6_maxBids"],"commEveryMs":100,"flushMs":100,"snapEveryS":10,"duration":180,"epoch":1,"waitEnd":true,"numChangelogPartition":4,"numInPartition":4,"gua":3,"serdeFormat":1}, node constraint is 5,6,7,8
encoded json is {"aid":"q6","numOutPartition":"BAQ=","numSubstreamProducer":"AQ==","outputTopicName":["q46_aucsByID","q46_bidsByAucID"],"inputTopicName":["nexmark_src"],"commEveryMs":100,"flushMs":100,"snapEveryS":10,"duration":180,"epoch":1,"waitEnd":true,"numChangelogPartition":4,"numInPartition":4,"gua":3,"serdeFormat":1}, node constraint is 5,6,7,8
encoded json is {"aid":"q6","numOutPartition":"BAQ=","numSubstreamProducer":"AQ==","outputTopicName":["q46_aucsByID","q46_bidsByAucID"],"inputTopicName":["nexmark_src"],"commEveryMs":100,"flushMs":100,"snapEveryS":10,"duration":180,"epoch":1,"waitEnd":true,"numChangelogPartition":4,"numInPartition":4,"ParNum":2,"gua":3,"serdeFormat":1}, node constraint is 5,6,7,8
encoded json is {"aid":"q6","numOutPartition":"BA==","numSubstreamProducer":"BAQ=","outputTopicName":["q6_aucIDSeller"],"inputTopicName":["q46_aucsByID","q46_bidsByAucID"],"commEveryMs":100,"flushMs":100,"snapEveryS":10,"duration":180,"epoch":1,"waitEnd":true,"numChangelogPartition":4,"numInPartition":4,"ParNum":2,"gua":3,"serdeFormat":1}, node constraint is 5,6,7,8
encoded json is {"aid":"q6","numOutPartition":"BA==","numSubstreamProducer":"BAQ=","outputTopicName":["q6_aucIDSeller"],"inputTopicName":["q46_aucsByID","q46_bidsByAucID"],"commEveryMs":100,"flushMs":100,"snapEveryS":10,"duration":180,"epoch":1,"waitEnd":true,"numChangelogPartition":4,"numInPartition":4,"ParNum":1,"gua":3,"serdeFormat":1}, node constraint is 5,6,7,8
encoded json is {"aid":"q6","numOutPartition":"BA==","numSubstreamProducer":"BAQ=","outputTopicName":["q6_aucIDSeller"],"inputTopicName":["q46_aucsByID","q46_bidsByAucID"],"commEveryMs":100,"flushMs":100,"snapEveryS":10,"duration":180,"epoch":1,"waitEnd":true,"numChangelogPartition":4,"numInPartition":4,"gua":3,"serdeFormat":1}, node constraint is 5,6,7,8
encoded json is {"aid":"q6","numOutPartition":"BA==","numSubstreamProducer":"BAQ=","outputTopicName":["q6_aucIDSeller"],"inputTopicName":["q46_aucsByID","q46_bidsByAucID"],"commEveryMs":100,"flushMs":100,"snapEveryS":10,"duration":180,"epoch":1,"waitEnd":true,"numChangelogPartition":4,"numInPartition":4,"ParNum":3,"gua":3,"serdeFormat":1}, node constraint is 5,6,7,8
encoded json is {"aid":"q6","numOutPartition":"BAQ=","numSubstreamProducer":"AQ==","outputTopicName":["q46_aucsByID","q46_bidsByAucID"],"inputTopicName":["nexmark_src"],"commEveryMs":100,"flushMs":100,"snapEveryS":10,"duration":180,"epoch":1,"waitEnd":true,"numChangelogPartition":4,"numInPartition":4,"ParNum":3,"gua":3,"serdeFormat":1}, node constraint is 5,6,7,8
encoded json is {"aid":"q6","numOutPartition":"BA==","numSubstreamProducer":"AQ==","outputTopicName":["q6_maxBids"],"inputTopicName":["q6_aucIDSeller"],"commEveryMs":100,"flushMs":100,"snapEveryS":10,"duration":180,"epoch":1,"waitEnd":true,"numChangelogPartition":4,"numInPartition":4,"ParNum":2,"gua":3,"serdeFormat":1}, node constraint is 5,6,7,8
encoded json is {"aid":"q6","numOutPartition":"BA==","numSubstreamProducer":"AQ==","outputTopicName":["q6_maxBids"],"inputTopicName":["q6_aucIDSeller"],"commEveryMs":100,"flushMs":100,"snapEveryS":10,"duration":180,"epoch":1,"waitEnd":true,"numChangelogPartition":4,"numInPartition":4,"ParNum":3,"gua":3,"serdeFormat":1}, node constraint is 5,6,7,8
encoded json is {"aid":"q6","numOutPartition":"BA==","numSubstreamProducer":"AQ==","outputTopicName":["q6_maxBids"],"inputTopicName":["q6_aucIDSeller"],"commEveryMs":100,"flushMs":100,"snapEveryS":10,"duration":180,"epoch":1,"waitEnd":true,"numChangelogPartition":4,"numInPartition":4,"ParNum":1,"gua":3,"serdeFormat":1}, node constraint is 5,6,7,8
encoded json is {"aid":"q6","numOutPartition":"BA==","numSubstreamProducer":"BA==","outputTopicName":["q6_out"],"inputTopicName":["q6_maxBids"],"commEveryMs":100,"flushMs":100,"snapEveryS":10,"duration":180,"epoch":1,"waitEnd":true,"numChangelogPartition":4,"numInPartition":4,"ParNum":2,"gua":3,"serdeFormat":1}, node constraint is 5,6,7,8
source-3 invoke done
source-2 invoke done
source-1 invoke done
source-0 invoke done
q46GroupBy-3 call done
q46GroupBy-2 call done
q46GroupBy-1 call done
q46GroupBy-0 call done
q6JoinStream-1 call done
q6MaxBid-1 call done
q6JoinStream-2 call done
q6MaxBid-2 call done
q6JoinStream-0 call done
q6MaxBid-0 call done
q6JoinStream-3 call done
q6MaxBid-3 call done
q6Avg-1 call done
q6Avg-3 call done
q6Avg-0 call done
q6Avg-2 call done
sink processed: 270001, throughput: (event/s) 1499.9821035853631
sink_ctrl processed: 1, throughput: (event/s) 0.005555468696728394
source-0 duration: 180.00281427

sink processed: 270001, throughput: (event/s) 1499.9844219083725
sink_ctrl processed: 1, throughput: (event/s) 0.005555477283078109
source-1 duration: 180.002536064

sink processed: 270001, throughput: (event/s) 1499.9895070011546
sink_ctrl processed: 1, throughput: (event/s) 0.0055554961166853255
source-2 duration: 180.00192584

sink processed: 270001, throughput: (event/s) 1499.9938523035212
sink_ctrl processed: 1, throughput: (event/s) 0.005555512210338188
source-3 duration: 180.001404396

sink processed 1080004 events, duration: 180.00281427, tp: 5999.928414
sink_ctrl processed 4 events, duration: 180.00281427, tp: 0.022222

nexmark_src_src processed: 270001, throughput: (event/s) 1499.6357504865784
nexmark_src_src_ctrl processed: 1, throughput: (event/s) 0.0055541859122246896
nexmark_src_src_data processed: 270000, throughput: (event/s) 1499.6301963006663
nexmark_src_src_epoch processed: 0, throughput: (event/s) 0
nexmark_src_src_logEntry processed: 1762, throughput: (event/s) 9.786475577339903
aucsByIDSink processed: 16200, throughput: (event/s) 89.97781177803998
bidsByAucIDSink processed: 248400, throughput: (event/s) 1379.6597805966128
q46GroupBy-0 duration: 180.044387387

aucsByIDSink processed: 16200, throughput: (event/s) 89.98042649783697
bidsByAucIDSink processed: 248400, throughput: (event/s) 1379.6998729668335
nexmark_src_src processed: 270001, throughput: (event/s) 1499.6793293112642
nexmark_src_src_ctrl processed: 1, throughput: (event/s) 0.005554347314681294
nexmark_src_src_data processed: 270000, throughput: (event/s) 1499.6737749639494
nexmark_src_src_epoch processed: 0, throughput: (event/s) 0
nexmark_src_src_logEntry processed: 1761, throughput: (event/s) 9.78120562115376
q46GroupBy-1 duration: 180.03915552

nexmark_src_src_data processed: 270000, throughput: (event/s) 1499.7509157771697
nexmark_src_src_epoch processed: 0, throughput: (event/s) 0
nexmark_src_src_logEntry processed: 1761, throughput: (event/s) 9.781708750679984
aucsByIDSink processed: 16200, throughput: (event/s) 89.98505494663017
bidsByAucIDSink processed: 248400, throughput: (event/s) 1379.770842514996
nexmark_src_src processed: 270001, throughput: (event/s) 1499.756470410191
nexmark_src_src_ctrl processed: 1, throughput: (event/s) 0.005554633021396925
q46GroupBy-2 duration: 180.029895071

bidsByAucIDSink processed: 248400, throughput: (event/s) 1379.8269506051222
nexmark_src_src processed: 270001, throughput: (event/s) 1499.817457690554
nexmark_src_src_ctrl processed: 1, throughput: (event/s) 0.005554858899376499
nexmark_src_src_data processed: 270000, throughput: (event/s) 1499.8119028316546
nexmark_src_src_epoch processed: 0, throughput: (event/s) 0
nexmark_src_src_logEntry processed: 1767, throughput: (event/s) 9.815435675198273
aucsByIDSink processed: 16200, throughput: (event/s) 89.98871416989928
q46GroupBy-3 duration: 180.022574491

bidsByAucIDSink processed 993600 events, duration: 180.044387387
nexmark_src_src processed 1080004 events, duration: 180.044387387
nexmark_src_src_ctrl processed 4 events, duration: 180.044387387
nexmark_src_src_data processed 1080000 events, duration: 180.044387387
nexmark_src_src_epoch processed 0 events, duration: 180.044387387
nexmark_src_src_logEntry processed 7051 events, duration: 180.044387387
aucsByIDSink processed 64800 events, duration: 180.044387387

sink processed: 697168, throughput: (event/s) 3226.4166835659776
aucsByIDSrc processed: 21867, throughput: (event/s) 101.19806649120044
aucsByIDSrc_ctrl processed: 4, throughput: (event/s) 0.01851155924291406
bidsByAucIDSrc_logEntry processed: 6029, throughput: (event/s) 27.90154766888222
bidsByAucIDSrc_data processed: 240391, throughput: (event/s) 1112.5030594908385
aucsByIDSrc_data processed: 16208, throughput: (event/s) 75.00883805228777
aucsByIDSrc_epoch processed: 5655, throughput: (event/s) 26.170716879669754
aucsByIDSrc_logEntry processed: 5655, throughput: (event/s) 26.170716879669754
bidsByAucIDSrc_epoch processed: 6029, throughput: (event/s) 27.90154766888222
bidsByAucIDSrc processed: 246424, throughput: (event/s) 1140.4231187189637
bidsByAucIDSrc_ctrl processed: 4, throughput: (event/s) 0.01851155924291406
q6JoinStream-0 duration: 216.081203507

bidsByAucIDSrc_ctrl processed: 4, throughput: (event/s) 0.02007028448085489
sink processed: 666490, throughput: (event/s) 3344.160975911244
aucsByIDSrc_ctrl processed: 4, throughput: (event/s) 0.02007028448085489
aucsByIDSrc_data processed: 16160, throughput: (event/s) 81.08394930265375
bidsByAucIDSrc_epoch processed: 6029, throughput: (event/s) 30.25093628376853
bidsByAucIDSrc_logEntry processed: 6029, throughput: (event/s) 30.25093628376853
aucsByIDSrc_logEntry processed: 5698, throughput: (event/s) 28.59012024297779
bidsByAucIDSrc processed: 234433, throughput: (event/s) 1176.2842504250636
bidsByAucIDSrc_data processed: 228400, throughput: (event/s) 1146.0132438568141
aucsByIDSrc processed: 21862, throughput: (event/s) 109.6941398301124
aucsByIDSrc_epoch processed: 5698, throughput: (event/s) 28.59012024297779
q6JoinStream-1 duration: 199.299616496

bidsByAucIDSrc_logEntry processed: 6029, throughput: (event/s) 28.300768838749352
aucsByIDSrc_ctrl processed: 4, throughput: (event/s) 0.018776426497760394
bidsByAucIDSrc processed: 250335, throughput: (event/s) 1175.099181829212
sink processed: 711490, throughput: (event/s) 3339.8099222228857
bidsByAucIDSrc_epoch processed: 6029, throughput: (event/s) 28.300768838749352
aucsByIDSrc_epoch processed: 5667, throughput: (event/s) 26.601502240702036
aucsByIDSrc_logEntry processed: 5667, throughput: (event/s) 26.601502240702036
aucsByIDSrc processed: 21947, throughput: (event/s) 103.02155808658684
aucsByIDSrc_data processed: 16276, throughput: (event/s) 76.40127941938704
bidsByAucIDSrc_ctrl processed: 4, throughput: (event/s) 0.018776426497760394
bidsByAucIDSrc_data processed: 244302, throughput: (event/s) 1146.779636563965
q6JoinStream-2 duration: 213.033081693

bidsByAucIDSrc_ctrl processed: 4, throughput: (event/s) 0.015466459839898186
sink processed: 810714, throughput: (event/s) 3134.718880660804
aucsByIDSrc_ctrl processed: 4, throughput: (event/s) 0.015466459839898186
aucsByIDSrc_data processed: 16156, throughput: (event/s) 62.46903129334877
bidsByAucIDSrc_epoch processed: 6029, throughput: (event/s) 23.31182159368654
aucsByIDSrc_epoch processed: 5636, throughput: (event/s) 21.792241914416543
bidsByAucIDSrc processed: 286540, throughput: (event/s) 1107.9398506311065
aucsByIDSrc_logEntry processed: 5636, throughput: (event/s) 21.792241914416543
bidsByAucIDSrc_data processed: 280507, throughput: (event/s) 1084.61256257758
bidsByAucIDSrc_logEntry processed: 6029, throughput: (event/s) 23.31182159368654
aucsByIDSrc processed: 21796, throughput: (event/s) 84.27673966760521
q6JoinStream-3 duration: 258.624148086

bidsByAucIDSrc_logEntry processed 24116 events, duration: 258.624148086
bidsByAucIDSrc_data processed 993600 events, duration: 258.624148086
aucsByIDSrc_epoch processed 22656 events, duration: 258.624148086
aucsByIDSrc_logEntry processed 22656 events, duration: 258.624148086
bidsByAucIDSrc_epoch processed 24116 events, duration: 258.624148086
bidsByAucIDSrc_ctrl processed 16 events, duration: 258.624148086
sink processed 2885862 events, duration: 258.624148086
aucsByIDSrc processed 87472 events, duration: 258.624148086
aucsByIDSrc_ctrl processed 16 events, duration: 258.624148086
aucsByIDSrc_data processed 64800 events, duration: 258.624148086
bidsByAucIDSrc processed 1017732 events, duration: 258.624148086

q6_aucIDSeller_src_ctrl processed: 1, throughput: (event/s) 0.004627431885656327
q6_aucIDSeller_src_data processed: 697168, throughput: (event/s) 3226.0974328592506
q6_aucIDSeller_src_epoch processed: 1207, throughput: (event/s) 5.5853102859871875
q6_aucIDSeller_src_logEntry processed: 1617, throughput: (event/s) 7.4825573591062815
sink processed: 65863, throughput: (event/s) 304.7765462849827
q6_aucIDSeller_src processed: 698376, throughput: (event/s) 3231.6873705771236
q6MaxBid-0 duration: 216.102586642

q6_aucIDSeller_src_ctrl processed: 1, throughput: (event/s) 0.005016922142528096
q6_aucIDSeller_src_data processed: 666490, throughput: (event/s) 3343.7284387735513
q6_aucIDSeller_src_epoch processed: 1186, throughput: (event/s) 5.950069661038323
q6_aucIDSeller_src_logEntry processed: 1549, throughput: (event/s) 7.771212398776021
sink processed: 81315, throughput: (event/s) 407.95102401967216
q6_aucIDSeller_src processed: 667677, throughput: (event/s) 3349.683525356732
q6MaxBid-1 duration: 199.325397443

q6_aucIDSeller_src_epoch processed: 1235, throughput: (event/s) 5.7964626071155765
q6_aucIDSeller_src_logEntry processed: 1650, throughput: (event/s) 7.744261782785992
sink processed: 75108, throughput: (event/s) 352.5187963524184
q6_aucIDSeller_src processed: 712726, throughput: (event/s) 3345.173771756321
q6_aucIDSeller_src_ctrl processed: 1, throughput: (event/s) 0.0046934919895672686
q6_aucIDSeller_src_data processed: 711490, throughput: (event/s) 3339.3726156572156
q6MaxBid-2 duration: 213.060979378

q6_aucIDSeller_src processed: 812039, throughput: (event/s) 3139.5881614145164
q6_aucIDSeller_src_ctrl processed: 1, throughput: (event/s) 0.0038663021867355097
q6_aucIDSeller_src_data processed: 810714, throughput: (event/s) 3134.465311017092
q6_aucIDSeller_src_epoch processed: 1324, throughput: (event/s) 5.118984095237814
q6_aucIDSeller_src_logEntry processed: 1881, throughput: (event/s) 7.272514413249493
sink processed: 54711, throughput: (event/s) 211.52925893848646
q6MaxBid-3 duration: 258.64507007

q6_aucIDSeller_src_logEntry processed 6697 events, duration: 258.64507007
sink processed 276997 events, duration: 258.64507007
q6_aucIDSeller_src processed 2890818 events, duration: 258.64507007
q6_aucIDSeller_src_ctrl processed 4 events, duration: 258.64507007
q6_aucIDSeller_src_data processed 2885862 events, duration: 258.64507007
q6_aucIDSeller_src_epoch processed 4952 events, duration: 258.64507007

eventTimeLatency_sink, p50: 194 ms, p90: 673 ms, p99: 30640 ms
sink processed: 69263, throughput: (event/s) 267.7870620511447
q6_maxBids_src processed: 73630, throughput: (event/s) 284.67091201400143
q6_maxBids_src_ctrl processed: 4, throughput: (event/s) 0.015464941573489146
q6_maxBids_src_data processed: 69263, throughput: (event/s) 267.7870620511447
q6_maxBids_src_epoch processed: 4363, throughput: (event/s) 16.868385021283284
q6_maxBids_src_logEntry processed: 4363, throughput: (event/s) 16.868385021283284
q6Avg-0 duration: 258.649538441

eventTimeLatency_sink, p50: 208 ms, p90: 1196 ms, p99: 34858 ms
q6_maxBids_src processed: 61076, throughput: (event/s) 236.13330728780738
q6_maxBids_src_ctrl processed: 4, throughput: (event/s) 0.015464883573764318
q6_maxBids_src_data processed: 56609, throughput: (event/s) 218.86289855680607
q6_maxBids_src_epoch processed: 4463, throughput: (event/s) 17.254943847427537
q6_maxBids_src_logEntry processed: 4463, throughput: (event/s) 17.254943847427537
sink processed: 56609, throughput: (event/s) 218.86289855680607
q6Avg-1 duration: 258.650508484

eventTimeLatency_sink, p50: 204 ms, p90: 1287 ms, p99: 30987 ms
sink processed: 86204, throughput: (event/s) 333.28173700782946
q6_maxBids_src processed: 90794, throughput: (event/s) 351.02758607360295
q6_maxBids_src_ctrl processed: 4, throughput: (event/s) 0.015464792214181683
q6_maxBids_src_data processed: 86204, throughput: (event/s) 333.28173700782946
q6_maxBids_src_epoch processed: 4586, throughput: (event/s) 17.7303842735593
q6_maxBids_src_logEntry processed: 4586, throughput: (event/s) 17.7303842735593
q6Avg-2 duration: 258.652036484

eventTimeLatency_sink, p50: 223 ms, p90: 2825 ms, p99: 58018 ms
q6_maxBids_src processed: 69633, throughput: (event/s) 269.214373636632
q6_maxBids_src_ctrl processed: 4, throughput: (event/s) 0.01546475801051984
q6_maxBids_src_data processed: 64921, throughput: (event/s) 250.99688870023965
q6_maxBids_src_epoch processed: 4708, throughput: (event/s) 18.20202017838185
q6_maxBids_src_logEntry processed: 4708, throughput: (event/s) 18.20202017838185
sink processed: 64921, throughput: (event/s) 250.99688870023965
q6Avg-3 duration: 258.652608549

q6_maxBids_src_epoch processed 18120 events, duration: 258.652608549
q6_maxBids_src_logEntry processed 18120 events, duration: 258.652608549
sink processed 276997 events, duration: 258.652608549
q6_maxBids_src processed 295133 events, duration: 258.652608549
q6_maxBids_src_ctrl processed 16 events, duration: 258.652608549
q6_maxBids_src_data processed 276997 events, duration: 258.652608549

