wait for last: true
warmup: 0
config: map[NodeConstraint:"1,2,3,4" NumInstance:4 OutputTopicName:["nexmark_src"] funcName:"source"]
config: map[InputTopicNames:["nexmark_src"] NodeConstraint:"5,6,7,8" NumInstance:4 NumSrcProducer:[1] OutputTopicName:["q1_out"] funcName:"query1"]
srcInvokeConfig: {TopicName:nexmark_src AppId:q1 NodeConstraint:1,2,3,4 ScaleEpoch:0 NumOutPartition:4 InstanceID:0 NumSrcInstance:4}
cliNodes: [0xc0000ce1a0]
inParamsMap: map[query1:[0xc0000b2b40 0xc0000b2be0 0xc0000b2c80 0xc0000b2d20]]
encoded json is {"sg":{"nexmark_src":4,"q1_out":4,"query1":4,"source":4},"aid":"q1","fns":["source","query1"],"epoch":1,"serdeFormat":1,"bs":true}, node constraint is 1
configScaleInput: {Config:map[nexmark_src:4 q1_out:4 query1:4 source:4] AppId:q1 FuncNames:[source query1] ScaleEpoch:0 SerdeFormat:1 Bootstrap:false}
func source url is http://ip-172-31-6-120.us-east-2.compute.internal:8080/function/source
func source url is http://ip-172-31-6-120.us-east-2.compute.internal:8080/function/source
func source url is http://ip-172-31-6-120.us-east-2.compute.internal:8080/function/source
func source url is http://ip-172-31-6-120.us-east-2.compute.internal:8080/function/source
encoded json is {"topic_name":"nexmark_src","rate_shape":"square","aid":"q1","events_num":23040000,"rate_period":10000000000,"bid_avg_size":100,"first_event_rate":128000,"next_event_rate":128000,"person_avg_size":200,"auction_avg_size":500,"duration":180,"person_proportion":1,"auction_proportion":3,"bid_proportion":46,"bid_hot_ratio_auctions":2,"bid_hot_ratio_bidders":4,"auction_hot_ratio_sellers":4,"flushms":10,"rate_limited":false,"waitEnd":true,"serde_format":1,"numOutPar":4,"parNum":2,"nSrcIns":4}, node constraint is 1,2,3,4
encoded json is {"topic_name":"nexmark_src","rate_shape":"square","aid":"q1","events_num":23040000,"rate_period":10000000000,"bid_avg_size":100,"first_event_rate":128000,"next_event_rate":128000,"person_avg_size":200,"auction_avg_size":500,"duration":180,"person_proportion":1,"auction_proportion":3,"bid_proportion":46,"bid_hot_ratio_auctions":2,"bid_hot_ratio_bidders":4,"auction_hot_ratio_sellers":4,"flushms":10,"rate_limited":false,"waitEnd":true,"serde_format":1,"numOutPar":4,"nSrcIns":4}, node constraint is 1,2,3,4
encoded json is {"topic_name":"nexmark_src","rate_shape":"square","aid":"q1","events_num":23040000,"rate_period":10000000000,"bid_avg_size":100,"first_event_rate":128000,"next_event_rate":128000,"person_avg_size":200,"auction_avg_size":500,"duration":180,"person_proportion":1,"auction_proportion":3,"bid_proportion":46,"bid_hot_ratio_auctions":2,"bid_hot_ratio_bidders":4,"auction_hot_ratio_sellers":4,"flushms":10,"rate_limited":false,"waitEnd":true,"serde_format":1,"numOutPar":4,"parNum":1,"nSrcIns":4}, node constraint is 1,2,3,4
encoded json is {"topic_name":"nexmark_src","rate_shape":"square","aid":"q1","events_num":23040000,"rate_period":10000000000,"bid_avg_size":100,"first_event_rate":128000,"next_event_rate":128000,"person_avg_size":200,"auction_avg_size":500,"duration":180,"person_proportion":1,"auction_proportion":3,"bid_proportion":46,"bid_hot_ratio_auctions":2,"bid_hot_ratio_bidders":4,"auction_hot_ratio_sellers":4,"flushms":10,"rate_limited":false,"waitEnd":true,"serde_format":1,"numOutPar":4,"parNum":3,"nSrcIns":4}, node constraint is 1,2,3,4
src instance: 4
Waiting for all client to return
func name is query1
func url is http://ip-172-31-6-120.us-east-2.compute.internal:8080/function/query1
func name is query1
func url is http://ip-172-31-6-120.us-east-2.compute.internal:8080/function/query1
func name is query1
func url is http://ip-172-31-6-120.us-east-2.compute.internal:8080/function/query1
func name is query1
func url is http://ip-172-31-6-120.us-east-2.compute.internal:8080/function/query1
encoded json is {"aid":"q1","numOutPartition":"BA==","numSubstreamProducer":"AQ==","outputTopicName":["q1_out"],"inputTopicName":["nexmark_src"],"commEveryMs":10,"flushMs":10,"duration":180,"epoch":1,"waitEnd":true,"numInPartition":4,"ParNum":3,"gua":3,"serdeFormat":1}, node constraint is 5,6,7,8
encoded json is {"aid":"q1","numOutPartition":"BA==","numSubstreamProducer":"AQ==","outputTopicName":["q1_out"],"inputTopicName":["nexmark_src"],"commEveryMs":10,"flushMs":10,"duration":180,"epoch":1,"waitEnd":true,"numInPartition":4,"gua":3,"serdeFormat":1}, node constraint is 5,6,7,8
encoded json is {"aid":"q1","numOutPartition":"BA==","numSubstreamProducer":"AQ==","outputTopicName":["q1_out"],"inputTopicName":["nexmark_src"],"commEveryMs":10,"flushMs":10,"duration":180,"epoch":1,"waitEnd":true,"numInPartition":4,"ParNum":1,"gua":3,"serdeFormat":1}, node constraint is 5,6,7,8
encoded json is {"aid":"q1","numOutPartition":"BA==","numSubstreamProducer":"AQ==","outputTopicName":["q1_out"],"inputTopicName":["nexmark_src"],"commEveryMs":10,"flushMs":10,"duration":180,"epoch":1,"waitEnd":true,"numInPartition":4,"ParNum":2,"gua":3,"serdeFormat":1}, node constraint is 5,6,7,8
source-2 invoke done
source-3 invoke done
source-0 invoke done
source-1 invoke done
query1-3 call done
query1-1 call done
query1-2 call done
query1-0 call done
sink_ctrl processed: 1, throughput: (event/s) 0.005555495321702451
sink processed: 5760001, throughput: (event/s) 31999.65860850144
source-0 duration: 180.001951598

sink processed: 5760001, throughput: (event/s) 31999.42883322741
sink_ctrl processed: 1, throughput: (event/s) 0.005555455430168747
source-1 duration: 180.003244121

sink processed: 5760001, throughput: (event/s) 31999.55862003139
sink_ctrl processed: 1, throughput: (event/s) 0.005555477962596081
source-2 duration: 180.002514047

sink processed: 5760001, throughput: (event/s) 31999.674168352078
sink_ctrl processed: 1, throughput: (event/s) 0.0055554980230649404
source-3 duration: 180.001864072

sink_ctrl processed 4 events, duration: 180.003244121, tp: 0.022222
sink processed 23040004 events, duration: 180.003244121, tp: 127997.715333

eventTimeLatency_sink, p50: 12 ms, p90: 17 ms, p99: 20 ms
sink processed: 5299200, throughput: (event/s) 29438.16831448213
nexmark_src_src processed: 5760001, throughput: (event/s) 31998.014592690477
nexmark_src_src_ctrl processed: 1, throughput: (event/s) 0.005555209902340378
nexmark_src_src_data processed: 5760000, throughput: (event/s) 31998.009037480577
nexmark_src_src_epoch processed: 0, throughput: (event/s) 0
nexmark_src_src_logEntry processed: 14315, throughput: (event/s) 79.52282975200251
query1-0 duration: 180.011199861

eventTimeLatency_sink, p50: 13 ms, p90: 18 ms, p99: 21 ms
nexmark_src_src_logEntry processed: 14120, throughput: (event/s) 78.43958020736218
sink processed: 5299200, throughput: (event/s) 29438.174464224765
nexmark_src_src processed: 5760001, throughput: (event/s) 31998.0212771945
nexmark_src_src_ctrl processed: 1, throughput: (event/s) 0.005555211062844347
nexmark_src_src_data processed: 5760000, throughput: (event/s) 31998.01572198344
nexmark_src_src_epoch processed: 0, throughput: (event/s) 0
query1-1 duration: 180.011162256

eventTimeLatency_sink, p50: 13 ms, p90: 18 ms, p99: 21 ms
nexmark_src_src processed: 5760001, throughput: (event/s) 31997.67153357981
nexmark_src_src_ctrl processed: 1, throughput: (event/s) 0.005555150343477338
nexmark_src_src_data processed: 5760000, throughput: (event/s) 31997.665978429464
nexmark_src_src_epoch processed: 0, throughput: (event/s) 0
nexmark_src_src_logEntry processed: 14080, throughput: (event/s) 78.21651683616092
sink processed: 5299200, throughput: (event/s) 29437.85270015511
query1-2 duration: 180.013129829

eventTimeLatency_sink, p50: 13 ms, p90: 18 ms, p99: 21 ms
sink processed: 5299200, throughput: (event/s) 29438.252056846468
nexmark_src_src processed: 5760001, throughput: (event/s) 31998.105617015346
nexmark_src_src_ctrl processed: 1, throughput: (event/s) 0.005555225705171812
nexmark_src_src_data processed: 5760000, throughput: (event/s) 31998.10006178964
nexmark_src_src_epoch processed: 0, throughput: (event/s) 0
nexmark_src_src_logEntry processed: 14238, throughput: (event/s) 79.09530359023627
query1-3 duration: 180.010687787

nexmark_src_src_ctrl processed 4 events, duration: 180.013129829
nexmark_src_src_data processed 23040000 events, duration: 180.013129829
nexmark_src_src_epoch processed 0 events, duration: 180.013129829
nexmark_src_src_logEntry processed 56753 events, duration: 180.013129829
sink processed 21196800 events, duration: 180.013129829
nexmark_src_src processed 23040004 events, duration: 180.013129829

