parallel restore str: , false
env str: , async2ndPhase: false
env str: , create snapshot: false
2024/03/03 08:40:48 [INFO] Load configuration for function scale[40]
2024/03/03 08:40:48 [INFO] Load configuration for function chkptmngr[60]
2024/03/03 08:40:48 [INFO] Load configuration for function redisSetup[70]
2024/03/03 08:40:48 [INFO] Load configuration for function source[20]
2024/03/03 08:40:48 [INFO] Load configuration for function query1[30]
2024/03/03 08:40:48 [INFO] Parse FAAS_ENGINE_ID: 8
2024/03/03 08:40:48 [INFO] Parse FAAS_ENGINE_ID: 8
2024/03/03 08:40:48 [INFO] Current GOMAXPROCS is 2
2024/03/03 08:40:48 [INFO] Parse FAAS_ENGINE_ID: 8
2024/03/03 08:40:48 [INFO] Current GOMAXPROCS is 3
2024/03/03 08:40:48 [INFO] Parse FAAS_ENGINE_ID: 8
2024/03/03 08:40:48 [INFO] Current GOMAXPROCS is 4
2024/03/03 08:40:48 [INFO] Start new FuncWorker with client id 4
2024/03/03 08:40:48 [INFO] Start new FuncWorker with client id 5
2024/03/03 08:40:48 [INFO] Start new FuncWorker with client id 7
2024/03/03 08:40:48 [INFO] Start new FuncWorker with client id 6
Enter nexmark: funcName: query1
Enter nexmark: funcName: query1
2024/03/03 08:40:48 [INFO] Handshake with engine done
2024/03/03 08:40:48 [INFO] Handshake with engine done
Enter nexmark: funcName: query1
Enter nexmark: funcName: query1
2024/03/03 08:40:48 [INFO] Handshake with engine done
2024/03/03 08:40:48 [INFO] Handshake with engine done
new buffered sink stream nexmark_src[0] with bufMaxSize 131072
new buffered sink stream nexmark_src[1] with bufMaxSize 131072
new buffered sink stream nexmark_src[2] with bufMaxSize 131072
new buffered sink stream nexmark_src[3] with bufMaxSize 131072
new buffered sink stream q1_out[0] with bufMaxSize 131072
new buffered sink stream q1_out[1] with bufMaxSize 131072
new buffered sink stream q1_out[2] with bufMaxSize 131072
new buffered sink stream q1_out[3] with bufMaxSize 131072
nexmark_src notEnded: map[0:{}], notScaleFence: map[0:{}]
redis address is [snapcache-1:6666 snapcache-2:6666 snapcache-3:6666 snapcache-4:6666]
new buffered sink stream __control_log_q1[0] with bufMaxSize 131072
new buffered sink stream __control_log_q1[0] with bufMaxSize 131072
[0] finished prev task source, funcName query1, meta epoch 0, current epoch 1, cmm instance 0, remain instances: map[]
[1] finished prev task source, funcName query1, meta epoch 0, current epoch 1, cmm instance 0, remain instances: map[]
[2] finished prev task source, funcName query1, meta epoch 0, current epoch 1, cmm instance 0, remain instances: map[]
[3] finished prev task source, funcName query1, meta epoch 0, current epoch 1, cmm instance 0, remain instances: map[]
[0] finished prev task query1, funcName query1, meta epoch 0, current epoch 1, cmm instance 0, remain instances: map[]
[0] prodId: ProducerId: {TaskId: 0x2000700000001, TaskEpoch: 0x1}, warmup time: 0s, flush every: 100ms, waitEndMark: true
q1_out_sink counter: dur=10.000000722s, value=444349, rate=44434.89679180046 per second
q1_out_sink stats (444349 samples): dur=10.000981364s, p50=0, p90=0, p99=1
nexmark_src_src counter: dur=10.002013002s, value=483265, rate=48316.77382376592 per second
q1_out_bufEntry_0 stats (977 samples): dur=10.003561013s, p50=515, p90=518, p99=520
q1_out_bufSize_0 stats (977 samples): dur=10.003619474s, p50=130908, p90=131041, p99=131069
nexmark_src_src counter: dur=10.002341287s, value=962667, rate=47928.97845058304 per second
q1_out_sink counter: dur=10.004064454s, value=885341, rate=44081.28336515014 per second
q1_out_sink stats (440992 samples): dur=10.004531923s, p50=0, p90=0, p99=1
q1_out_bufEntry_0 stats (967 samples): dur=10.002179234s, p50=515, p90=518, p99=520
q1_out_bufSize_0 stats (967 samples): dur=10.002192898s, p50=130912, p90=131042, p99=131068
WaitAlignTime_0(ms) stats (200 samples): dur=23.094963771s, p50=0, p90=0, p99=0
createChkpt_0(ms) stats (200 samples): dur=23.093339007s, p50=1, p90=2, p99=31
q1_out_sink counter: dur=10.00087137s, value=1327930, rate=44255.04374825291 per second
nexmark_src_src counter: dur=10.00531593s, value=1443739, rate=48081.640136674825 per second
q1_out_sink stats (442662 samples): dur=10.004609473s, p50=0, p90=0, p99=1
q1_out_bufEntry_0 stats (974 samples): dur=10.00559197s, p50=512, p90=515, p99=518
q1_out_bufSize_0 stats (974 samples): dur=10.005576164s, p50=130916, p90=131039, p99=131067
q1_out_sink counter: dur=10.000636113s, value=1769259, rate=44130.092827426124 per second
nexmark_src_src counter: dur=10.003061035s, value=1924039, rate=48015.30234789775 per second
q1_out_sink stats (441720 samples): dur=10.003058109s, p50=0, p90=0, p99=1
q1_out_bufEntry_0 stats (971 samples): dur=10.004211528s, p50=511, p90=514, p99=515
q1_out_bufSize_0 stats (971 samples): dur=10.004212999s, p50=130913, p90=131034, p99=131066
WaitAlignTime_0(ms) stats (200 samples): dur=23.442532244s, p50=0, p90=0, p99=0
createChkpt_0(ms) stats (200 samples): dur=23.452341416s, p50=1, p90=11, p99=37
nexmark_src_src counter: dur=10.004639333s, value=2403778, rate=47951.65363109047 per second
q1_out_sink counter: dur=10.011551546s, value=2210623, rate=44085.47446138275 per second
q1_out_sink stats (440900 samples): dur=10.004901646s, p50=0, p90=0, p99=1
q1_out_bufEntry_0 stats (974 samples): dur=10.000658773s, p50=511, p90=514, p99=515
q1_out_bufSize_0 stats (974 samples): dur=10.00065256s, p50=130918, p90=131042, p99=131068
nexmark_src_src counter: dur=10.004795348s, value=2884904, rate=48089.539392345396 per second
q1_out_sink counter: dur=10.004784281s, value=2653178, rate=44234.33705017033 per second
q1_out_sink stats (442555 samples): dur=10.00480323s, p50=0, p90=0, p99=1
q1_out_bufEntry_0 stats (970 samples): dur=10.004031248s, p50=511, p90=514, p99=516
q1_out_bufSize_0 stats (970 samples): dur=10.004025438s, p50=130928, p90=131045, p99=131068
WaitAlignTime_0(ms) stats (200 samples): dur=23.32347873s, p50=0, p90=0, p99=0
createChkpt_0(ms) stats (200 samples): dur=23.314589494s, p50=1, p90=12, p99=22
nexmark_src_src counter: dur=10.008056274s, value=3365370, rate=48007.923501410165 per second
q1_out_sink counter: dur=10.008064766s, value=3095130, rate=44159.586326961624 per second
q1_out_sink stats (441952 samples): dur=10.008087382s, p50=0, p90=0, p99=1
q1_out_bufEntry_0 stats (985 samples): dur=10.008144796s, p50=509, p90=513, p99=515
q1_out_bufSize_0 stats (985 samples): dur=10.008145095s, p50=130918, p90=131043, p99=131068
q1_out_bufEntry_0 stats (979 samples): dur=10.002820182s, p50=507, p90=510, p99=512
q1_out_bufSize_0 stats (979 samples): dur=10.002837621s, p50=130911, p90=131041, p99=131066
nexmark_src_src counter: dur=10.00714486s, value=3845812, rate=48009.89760030315 per second
q1_out_sink counter: dur=10.007186728s, value=3537059, rate=44161.162573641945 per second
q1_out_sink stats (441929 samples): dur=10.007161256s, p50=0, p90=0, p99=1
q1_out_bufEntry_0 stats (983 samples): dur=10.000083698s, p50=507, p90=510, p99=511
q1_out_bufSize_0 stats (983 samples): dur=10.000080161s, p50=130924, p90=131047, p99=131070
nexmark_src_src counter: dur=10.001808972s, value=4325742, rate=47984.31977090954 per second
q1_out_sink counter: dur=10.001490641s, value=3978971, rate=44184.61366033088 per second
q1_out_sink stats (441912 samples): dur=10.001443562s, p50=0, p90=0, p99=1
WaitAlignTime_0(ms) stats (200 samples): dur=23.124061935s, p50=0, p90=0, p99=0
createChkpt_0(ms) stats (200 samples): dur=23.122771997s, p50=2, p90=2, p99=28
nexmark_src_src counter: dur=10.000603677s, value=4806113, rate=48034.200285807405 per second
q1_out_sink counter: dur=10.00087382s, value=4420371, rate=44136.14329552655 per second
q1_out_sink stats (441464 samples): dur=10.000923125s, p50=0, p90=0, p99=1
q1_out_bufEntry_0 stats (982 samples): dur=10.007370043s, p50=507, p90=510, p99=512
q1_out_bufSize_0 stats (982 samples): dur=10.007360572s, p50=130913, p90=131042, p99=131067
q1_out_sink counter: dur=10.00036432s, value=4862256, rate=44186.89018321685 per second
nexmark_src_src counter: dur=10.008594998s, value=5286583, rate=48005.739076864586 per second
q1_out_sink stats (441891 samples): dur=10.00855478s, p50=0, p90=0, p99=1
q1_out_bufEntry_0 stats (980 samples): dur=10.007963533s, p50=507, p90=510, p99=511
q1_out_bufSize_0 stats (980 samples): dur=10.007971446s, p50=130913, p90=131034, p99=131066
WaitAlignTime_0(ms) stats (200 samples): dur=23.32107593s, p50=0, p90=0, p99=0
createChkpt_0(ms) stats (200 samples): dur=23.320372562s, p50=2, p90=4, p99=34
q1_out_sink counter: dur=10.003075599s, value=5303696, rate=44130.42725020797 per second
nexmark_src_src counter: dur=10.004552242s, value=5766917, rate=48011.54398329943 per second
q1_out_sink stats (441830 samples): dur=10.004552844s, p50=0, p90=0, p99=1
q1_out_bufEntry_0 stats (980 samples): dur=10.004182643s, p50=507, p90=510, p99=512
q1_out_bufSize_0 stats (980 samples): dur=10.004171839s, p50=130921, p90=131040, p99=131067
q1_out_sink counter: dur=10.007812951s, value=5745622, rate=44158.09949324062 per second
nexmark_src_src counter: dur=10.001057262s, value=6246851, rate=47988.326376607845 per second
q1_out_sink stats (441924 samples): dur=10.00645161s, p50=0, p90=0, p99=1
q1_out_bufEntry_0 stats (977 samples): dur=10.006551911s, p50=507, p90=510, p99=512
q1_out_bufSize_0 stats (977 samples): dur=10.006550481s, p50=130916, p90=131038, p99=131068
nexmark_src_src counter: dur=10.003778608s, value=6727314, rate=48028.15204404612 per second
q1_out_sink counter: dur=10.00684482s, value=6187566, rate=44164.17042030237 per second
q1_out_sink stats (441946 samples): dur=10.001168828s, p50=0, p90=0, p99=1
q1_out_bufEntry_0 stats (982 samples): dur=10.009463843s, p50=507, p90=510, p99=512
q1_out_bufSize_0 stats (982 samples): dur=10.009472867s, p50=130907, p90=131036, p99=131069
WaitAlignTime_0(ms) stats (200 samples): dur=23.773801676s, p50=0, p90=0, p99=0
createChkpt_0(ms) stats (200 samples): dur=23.773973239s, p50=2, p90=15, p99=34
nexmark_src_src counter: dur=10.007876861s, value=7207733, rate=48004.087847259536 per second
q1_out_sink counter: dur=10.007796741s, value=6629475, rate=44156.47234216744 per second
q1_out_sink stats (441449 samples): dur=10.00522135s, p50=0, p90=0, p99=1
q1_out_bufEntry_0 stats (980 samples): dur=10.017332752s, p50=507, p90=510, p99=511
q1_out_bufSize_0 stats (980 samples): dur=10.01733713s, p50=130910, p90=131040, p99=131067
nexmark_src_src counter: dur=10.004237022s, value=7688106, rate=48016.95511048239 per second
q1_out_sink counter: dur=10.004230809s, value=7071342, rate=44168.013357157644 per second
q1_out_sink stats (441867 samples): dur=10.004159066s, p50=0, p90=0, p99=1
q1_out_bufEntry_0 stats (977 samples): dur=10.00702237s, p50=507, p90=510, p99=512
q1_out_bufSize_0 stats (977 samples): dur=10.007021969s, p50=130910, p90=131040, p99=131067
WaitAlignTime_0(ms) stats (200 samples): dur=24.015228182s, p50=0, p90=0, p99=0
createChkpt_0(ms) stats (200 samples): dur=24.016096446s, p50=2, p90=16, p99=35
nexmark_src_src counter: dur=10.000325406s, value=8168121, rate=47999.93805321579 per second
q1_out_sink counter: dur=10.000292518s, value=7512917, rate=44156.208351424546 per second
q1_out_sink stats (441580 samples): dur=10.002262558s, p50=0, p90=0, p99=1
q1_out_bufEntry_0 stats (985 samples): dur=10.011220824s, p50=507, p90=509, p99=512
q1_out_bufSize_0 stats (985 samples): dur=10.011217221s, p50=130914, p90=131044, p99=131068
0 producer ended, map[] remain
exit due to ctrlMsg
createChkpt_0(ms) (136 samples): dur=15.761621714s, data=[1 2 22 1 1 1 2 1 1 1 32 1 1 2 1 2 8 2 2 2 1 1 2 1 1 1 1 1 1 1 1 12 1 2 1 2 2 1 2 2 2 1 1 1 2 1 25 2 1 2 2 2 1 2 1 1 1 1 2 2 1 2 13 2 2 2 1 1 12 2 1 2 1 1 1 1 1 1 1 1 1 2 1 2 10 2 1 2 2 2 2 2 30 1 1 1 2 19 2 2 2 1 2 2 1 2 11 2 2 2 2 1 15 1 11 1 1 2 1 1 21 2 1 1 1 1 1 12 2 2 1 1 2 1 12 2]
[0]duration: 180.013422 s, uts: 1709455557667
WaitAlignTime_0(ms) (136 samples): dur=15.767607526s, data=[0 0 0 0 0 0 0 0 0 0 0 0 0 0 0 0 0 0 0 0 0 0 0 0 0 0 0 0 0 0 0 0 0 0 0 0 0 0 0 0 0 0 0 0 0 0 0 0 0 0 0 0 0 0 0 0 0 0 0 0 0 0 0 0 0 0 0 0 0 0 0 0 0 0 0 0 0 0 0 0 0 0 0 0 0 0 0 0 0 0 0 0 0 0 0 0 0 0 0 0 0 0 0 0 0 0 0 0 0 0 0 0 0 0 0 0 0 0 0 0 0 0 0 0 0 0 0 0 0 0 0 0 0 0 0 0]
nexmark_src_src msgCnt 8641537, ctrlCnt 1537, epochCnt 0, logEntry 29602
sink msgCnt 7948800, ctrlCnt 1537
