parallel restore str: , false
env str: , async2ndPhase: false
env str: , create snapshot: false
2024/03/03 08:07:18 [INFO] Load configuration for function scale[40]
2024/03/03 08:07:18 [INFO] Load configuration for function chkptmngr[60]
2024/03/03 08:07:18 [INFO] Load configuration for function redisSetup[70]
2024/03/03 08:07:18 [INFO] Load configuration for function source[20]
2024/03/03 08:07:18 [INFO] Load configuration for function query1[30]
2024/03/03 08:07:18 [INFO] Parse FAAS_ENGINE_ID: 4
2024/03/03 08:07:18 [INFO] Parse FAAS_ENGINE_ID: 4
2024/03/03 08:07:18 [INFO] Current GOMAXPROCS is 2
2024/03/03 08:07:18 [INFO] Parse FAAS_ENGINE_ID: 4
2024/03/03 08:07:18 [INFO] Current GOMAXPROCS is 3
2024/03/03 08:07:18 [INFO] Parse FAAS_ENGINE_ID: 4
2024/03/03 08:07:18 [INFO] Current GOMAXPROCS is 4
2024/03/03 08:07:18 [INFO] Start new FuncWorker with client id 5
2024/03/03 08:07:18 [INFO] Start new FuncWorker with client id 6
2024/03/03 08:07:18 [INFO] Start new FuncWorker with client id 7
2024/03/03 08:07:18 [INFO] Start new FuncWorker with client id 8
Enter nexmark: funcName: source
2024/03/03 08:07:18 [INFO] Handshake with engine done
Enter nexmark: funcName: source
2024/03/03 08:07:18 [INFO] Handshake with engine done
Enter nexmark: funcName: source
Enter nexmark: funcName: source
2024/03/03 08:07:18 [INFO] Handshake with engine done
2024/03/03 08:07:18 [INFO] Handshake with engine done
redis address is [snapcache-1:6666 snapcache-2:6666 snapcache-3:6666 snapcache-4:6666]
new buffered sink stream nexmark_src[0] with bufMaxSize 131072
new buffered sink stream nexmark_src[1] with bufMaxSize 131072
new buffered sink stream nexmark_src[2] with bufMaxSize 131072
new buffered sink stream nexmark_src[3] with bufMaxSize 131072
Generator config: 
	InterEventDelayUs: [31.25]
	EventPerEpoch    : 0
	MaxEvents        : 23040000
	FirstEventNumber : 1
	EpochPeriodMs    : 0
	StepLengthSec    : 5
	BaseTime         : 1709453368421
	FirstEventId     : 1
	TotalProportion  : 50
	BidProportion    : 46
	AuctionProportion: 3
	PersonProportion : 1
Nexmark config: 
	NumEvents            : 23040000
	NumEventGenerators   : 4
	RateShape            : 0
	FirstEventRate       : 128000
	NextEventRate        : 128000
	RateUnit             : 1000000
	RatePeriodSec        : 10
	PreloadSeconds       : 0
	StreamTimeout        : 240
	IsRateLimited        : false
	UseWallclockEventTime: false
	AvgPersonByteSize    : 200
	AvgAuctionByteSize   : 500
	AvgBidByteSize       : 100
	HotAuctionRatio      : 2
	HotSellersRatio      : 4
	HotBiddersRatio      : 4
	WindowSizeSec        : 10
	WindowPeriodSec      : 5
	WatermarkHoldbackSec : 0
	NumInFlightAuctions  : 100
	NumActivePeople      : 1000
	OccasionalDelaySec   : 3
	ProbDelayedEvent     : 0.1
	OutOfOrderGroupSize  : 1
Input config: 
	SrcTopicName   : nexmark_src
	AppId          : q1
	FinalOutTpNames: [q1_out]
	Duration(s)    : 180
	FlushMs        : 10
	BufMaxSize     : 131072
	CommitEveryMs  : 100
	WaitForEndMark : true
	SerdeFormat    : MSGP
	NumOutPartition: 4
	ParNum         : 2
	NumSrcInstance : 4
	Guarantee      : ALIGN_CHKPT
new buffered sink stream __control_log_q1[0] with bufMaxSize 131072
new buffered sink stream __control_log_q1[0] with bufMaxSize 131072
generate events to [2]
StartTs: 1709453368421
gen first chkpt
srcGen_2 stats (320020 samples): dur=10.005362497s, p50=5, p90=16, p99=1508
nexmark_src_bufEntry_2 stats (786 samples): dur=10.005846043s, p50=416, p90=448, p99=508
nexmark_src_bufSize_2 stats (786 samples): dur=10.005894942s, p50=106956, p90=115294, p99=130976
srcGen_2 stats (320170 samples): dur=10.005415995s, p50=5, p90=16, p99=1511
nexmark_src_bufEntry_2 stats (792 samples): dur=10.006206519s, p50=416, p90=448, p99=448
nexmark_src_bufSize_2 stats (792 samples): dur=10.006210455s, p50=106655, p90=114954, p99=116177
srcGen_2 stats (320162 samples): dur=10.006322615s, p50=5, p90=16, p99=1504
nexmark_src_bufEntry_2 stats (787 samples): dur=10.003721723s, p50=416, p90=448, p99=448
nexmark_src_bufSize_2 stats (787 samples): dur=10.003720814s, p50=106745, p90=115019, p99=116432
srcGen_2 stats (320224 samples): dur=10.007035505s, p50=5, p90=15, p99=1512
nexmark_src_bufEntry_2 stats (791 samples): dur=10.007332323s, p50=416, p90=448, p99=448
nexmark_src_bufSize_2 stats (791 samples): dur=10.007334967s, p50=107247, p90=115175, p99=116783
srcGen_2 stats (320224 samples): dur=10.006967219s, p50=5, p90=16, p99=1499
nexmark_src_bufEntry_2 stats (789 samples): dur=10.001573104s, p50=416, p90=448, p99=448
nexmark_src_bufSize_2 stats (789 samples): dur=10.001567089s, p50=107601, p90=115936, p99=117587
srcGen_2 stats (320192 samples): dur=10.007386213s, p50=5, p90=16, p99=1500
nexmark_src_bufEntry_2 stats (790 samples): dur=10.010089838s, p50=416, p90=448, p99=448
nexmark_src_bufSize_2 stats (790 samples): dur=10.010350552s, p50=107552, p90=115492, p99=117081
srcGen_2 stats (320256 samples): dur=10.006466268s, p50=5, p90=16, p99=1513
nexmark_src_bufEntry_2 stats (789 samples): dur=10.000287648s, p50=416, p90=448, p99=448
nexmark_src_bufSize_2 stats (790 samples): dur=10.009038582s, p50=107471, p90=115771, p99=117413
nexmark_src_bufEntry_2 stats (788 samples): dur=10.000345724s, p50=416, p90=440, p99=448
srcGen_2 stats (320192 samples): dur=10.006350893s, p50=5, p90=16, p99=1503
nexmark_src_bufSize_2 stats (788 samples): dur=10.003292871s, p50=107504, p90=113986, p99=117046
nexmark_src_bufEntry_2 stats (793 samples): dur=10.004840006s, p50=416, p90=442, p99=448
srcGen_2 stats (320224 samples): dur=10.006192844s, p50=5, p90=15, p99=1523
nexmark_src_bufSize_2 stats (793 samples): dur=10.006488221s, p50=107410, p90=114706, p99=117415
nexmark_src_bufEntry_2 stats (788 samples): dur=10.007972249s, p50=416, p90=448, p99=448
srcGen_2 stats (320160 samples): dur=10.005994586s, p50=5, p90=16, p99=1502
nexmark_src_bufSize_2 stats (788 samples): dur=10.005889688s, p50=107522, p90=115617, p99=117400
srcGen_2 stats (320224 samples): dur=10.006626275s, p50=5, p90=16, p99=1504
nexmark_src_bufEntry_2 stats (791 samples): dur=10.012007992s, p50=416, p90=448, p99=448
nexmark_src_bufSize_2 stats (790 samples): dur=10.000486488s, p50=108150, p90=116813, p99=118145
srcGen_2 stats (320224 samples): dur=10.007067393s, p50=5, p90=16, p99=1510
nexmark_src_bufEntry_2 stats (791 samples): dur=10.00706859s, p50=416, p90=446, p99=448
nexmark_src_bufSize_2 stats (791 samples): dur=10.007066921s, p50=108372, p90=116212, p99=118375
srcGen_2 stats (320224 samples): dur=10.006811786s, p50=5, p90=16, p99=1508
nexmark_src_bufEntry_2 stats (793 samples): dur=10.006805515s, p50=416, p90=443, p99=448
nexmark_src_bufSize_2 stats (793 samples): dur=10.006808579s, p50=108336, p90=115902, p99=118189
srcGen_2 stats (320160 samples): dur=10.005706781s, p50=5, p90=16, p99=1517
nexmark_src_bufEntry_2 stats (792 samples): dur=10.005716272s, p50=416, p90=448, p99=459
nexmark_src_bufSize_2 stats (792 samples): dur=10.005711544s, p50=108365, p90=116706, p99=119893
srcGen_2 stats (320224 samples): dur=10.006067483s, p50=5, p90=15, p99=1521
nexmark_src_bufEntry_2 stats (794 samples): dur=10.009828342s, p50=416, p90=448, p99=497
nexmark_src_bufSize_2 stats (794 samples): dur=10.009828896s, p50=108260, p90=116848, p99=130844
srcGen_2 stats (320192 samples): dur=10.006203315s, p50=5, p90=16, p99=1529
nexmark_src_bufEntry_2 stats (792 samples): dur=10.009451435s, p50=416, p90=448, p99=452
nexmark_src_bufSize_2 stats (792 samples): dur=10.009458581s, p50=108273, p90=116542, p99=119321
srcGen_2 stats (320192 samples): dur=10.005934181s, p50=5, p90=15, p99=1525
nexmark_src_bufEntry_2 stats (789 samples): dur=10.007810544s, p50=416, p90=448, p99=448
nexmark_src_bufSize_2 stats (789 samples): dur=10.007807184s, p50=108343, p90=116403, p99=118223
[2] chkmngr has terminated
generate stream end mark with tag: 404b3c06f60bdf02
[2] all stopped
