wait for last: true
warmup: 0
config: map[NodeConstraint:"1,2,3,4" NumInstance:4 OutputTopicName:["nexmark_src"] funcName:"source"]
config: map[InputTopicNames:["nexmark_src"] NodeConstraint:"5,6,7,8" NumInstance:4 NumSrcProducer:[1] OutputTopicName:["q8_aucsBySellerID_out","q8_personsByID_out"] funcName:"q8GroupBy"]
config: map[InputTopicNames:["q8_aucsBySellerID_out","q8_personsByID_out"] NodeConstraint:"5,6,7,8" NumInstance:4 NumSrcProducer:[4,4] OutputTopicName:["q8_out"] funcName:"q8JoinStream"]
srcInvokeConfig: {TopicName:nexmark_src AppId:q8 NodeConstraint:1,2,3,4 ScaleEpoch:0 NumOutPartition:4 InstanceID:0 NumSrcInstance:4}
cliNodes: [0xc000026260 0xc0000262c0]
inParamsMap: map[q8GroupBy:[0xc000000be0 0xc000000c80 0xc000000d20 0xc000000dc0] q8JoinStream:[0xc000000e60 0xc000000f00 0xc000000fa0 0xc000001040]]
configScaleInput: {Config:map[changelog:4 nexmark_src:4 q8GroupBy:4 q8JoinStream:4 q8_aucsBySellerID_out:4 q8_out:4 q8_personsByID_out:4 source:4] AppId:q8 FuncNames:[source q8GroupBy q8JoinStream] ScaleEpoch:0 SerdeFormat:1 Bootstrap:false}
encoded json is {"sg":{"changelog":4,"nexmark_src":4,"q8GroupBy":4,"q8JoinStream":4,"q8_aucsBySellerID_out":4,"q8_out":4,"q8_personsByID_out":4,"source":4},"aid":"q8","fns":["source","q8GroupBy","q8JoinStream"],"epoch":1,"serdeFormat":1,"bs":true}, node constraint is 1
func source url is http://ip-172-31-6-98.us-east-2.compute.internal:8080/function/source
func source url is http://ip-172-31-6-98.us-east-2.compute.internal:8080/function/source
func source url is http://ip-172-31-6-98.us-east-2.compute.internal:8080/function/source
func source url is http://ip-172-31-6-98.us-east-2.compute.internal:8080/function/source
src instance: 4
encoded json is {"topic_name":"nexmark_src","rate_shape":"square","aid":"q8","events_num":20160000,"rate_period":10000000000,"bid_avg_size":100,"first_event_rate":112000,"next_event_rate":112000,"person_avg_size":200,"auction_avg_size":500,"duration":180,"person_proportion":1,"auction_proportion":3,"bid_proportion":46,"bid_hot_ratio_auctions":2,"bid_hot_ratio_bidders":4,"auction_hot_ratio_sellers":4,"flushms":10,"rate_limited":false,"waitEnd":true,"serde_format":1,"numOutPar":4,"parNum":3,"nSrcIns":4}, node constraint is 1,2,3,4
encoded json is {"topic_name":"nexmark_src","rate_shape":"square","aid":"q8","events_num":20160000,"rate_period":10000000000,"bid_avg_size":100,"first_event_rate":112000,"next_event_rate":112000,"person_avg_size":200,"auction_avg_size":500,"duration":180,"person_proportion":1,"auction_proportion":3,"bid_proportion":46,"bid_hot_ratio_auctions":2,"bid_hot_ratio_bidders":4,"auction_hot_ratio_sellers":4,"flushms":10,"rate_limited":false,"waitEnd":true,"serde_format":1,"numOutPar":4,"parNum":2,"nSrcIns":4}, node constraint is 1,2,3,4
encoded json is {"topic_name":"nexmark_src","rate_shape":"square","aid":"q8","events_num":20160000,"rate_period":10000000000,"bid_avg_size":100,"first_event_rate":112000,"next_event_rate":112000,"person_avg_size":200,"auction_avg_size":500,"duration":180,"person_proportion":1,"auction_proportion":3,"bid_proportion":46,"bid_hot_ratio_auctions":2,"bid_hot_ratio_bidders":4,"auction_hot_ratio_sellers":4,"flushms":10,"rate_limited":false,"waitEnd":true,"serde_format":1,"numOutPar":4,"nSrcIns":4}, node constraint is 1,2,3,4
encoded json is {"topic_name":"nexmark_src","rate_shape":"square","aid":"q8","events_num":20160000,"rate_period":10000000000,"bid_avg_size":100,"first_event_rate":112000,"next_event_rate":112000,"person_avg_size":200,"auction_avg_size":500,"duration":180,"person_proportion":1,"auction_proportion":3,"bid_proportion":46,"bid_hot_ratio_auctions":2,"bid_hot_ratio_bidders":4,"auction_hot_ratio_sellers":4,"flushms":10,"rate_limited":false,"waitEnd":true,"serde_format":1,"numOutPar":4,"parNum":1,"nSrcIns":4}, node constraint is 1,2,3,4
encoded json is {"aid":"q8","numOutPartition":"BA==","numSubstreamProducer":"BAQ=","outputTopicName":["q8_out"],"inputTopicName":["q8_aucsBySellerID_out","q8_personsByID_out"],"commEveryMs":10,"flushMs":10,"snapEveryS":10,"duration":180,"epoch":1,"waitEnd":true,"numChangelogPartition":4,"numInPartition":4,"ParNum":3,"gua":3,"serdeFormat":1}, node constraint is 5,6,7,8
encoded json is {"aid":"q8","numOutPartition":"BA==","numSubstreamProducer":"BAQ=","outputTopicName":["q8_out"],"inputTopicName":["q8_aucsBySellerID_out","q8_personsByID_out"],"commEveryMs":10,"flushMs":10,"snapEveryS":10,"duration":180,"epoch":1,"waitEnd":true,"numChangelogPartition":4,"numInPartition":4,"ParNum":1,"gua":3,"serdeFormat":1}, node constraint is 5,6,7,8
encoded json is {"aid":"q8","numOutPartition":"BAQ=","numSubstreamProducer":"AQ==","outputTopicName":["q8_aucsBySellerID_out","q8_personsByID_out"],"inputTopicName":["nexmark_src"],"commEveryMs":10,"flushMs":10,"snapEveryS":10,"duration":180,"epoch":1,"waitEnd":true,"numChangelogPartition":4,"numInPartition":4,"gua":3,"serdeFormat":1}, node constraint is 5,6,7,8
encoded json is {"aid":"q8","numOutPartition":"BAQ=","numSubstreamProducer":"AQ==","outputTopicName":["q8_aucsBySellerID_out","q8_personsByID_out"],"inputTopicName":["nexmark_src"],"commEveryMs":10,"flushMs":10,"snapEveryS":10,"duration":180,"epoch":1,"waitEnd":true,"numChangelogPartition":4,"numInPartition":4,"ParNum":1,"gua":3,"serdeFormat":1}, node constraint is 5,6,7,8
encoded json is {"aid":"q8","numOutPartition":"BAQ=","numSubstreamProducer":"AQ==","outputTopicName":["q8_aucsBySellerID_out","q8_personsByID_out"],"inputTopicName":["nexmark_src"],"commEveryMs":10,"flushMs":10,"snapEveryS":10,"duration":180,"epoch":1,"waitEnd":true,"numChangelogPartition":4,"numInPartition":4,"ParNum":2,"gua":3,"serdeFormat":1}, node constraint is 5,6,7,8
encoded json is {"aid":"q8","numOutPartition":"BA==","numSubstreamProducer":"BAQ=","outputTopicName":["q8_out"],"inputTopicName":["q8_aucsBySellerID_out","q8_personsByID_out"],"commEveryMs":10,"flushMs":10,"snapEveryS":10,"duration":180,"epoch":1,"waitEnd":true,"numChangelogPartition":4,"numInPartition":4,"ParNum":2,"gua":3,"serdeFormat":1}, node constraint is 5,6,7,8
encoded json is {"aid":"q8","numOutPartition":"BA==","numSubstreamProducer":"BAQ=","outputTopicName":["q8_out"],"inputTopicName":["q8_aucsBySellerID_out","q8_personsByID_out"],"commEveryMs":10,"flushMs":10,"snapEveryS":10,"duration":180,"epoch":1,"waitEnd":true,"numChangelogPartition":4,"numInPartition":4,"gua":3,"serdeFormat":1}, node constraint is 5,6,7,8
encoded json is {"aid":"q8","numOutPartition":"BAQ=","numSubstreamProducer":"AQ==","outputTopicName":["q8_aucsBySellerID_out","q8_personsByID_out"],"inputTopicName":["nexmark_src"],"commEveryMs":10,"flushMs":10,"snapEveryS":10,"duration":180,"epoch":1,"waitEnd":true,"numChangelogPartition":4,"numInPartition":4,"ParNum":3,"gua":3,"serdeFormat":1}, node constraint is 5,6,7,8
Waiting for all client to return
func name is q8JoinStream
func url is http://ip-172-31-6-98.us-east-2.compute.internal:8080/function/q8JoinStream
func name is q8GroupBy
func name is q8GroupBy
func url is http://ip-172-31-6-98.us-east-2.compute.internal:8080/function/q8GroupBy
func name is q8JoinStream
func url is http://ip-172-31-6-98.us-east-2.compute.internal:8080/function/q8JoinStream
func name is q8JoinStream
func url is http://ip-172-31-6-98.us-east-2.compute.internal:8080/function/q8JoinStream
func name is q8GroupBy
func url is http://ip-172-31-6-98.us-east-2.compute.internal:8080/function/q8GroupBy
func url is http://ip-172-31-6-98.us-east-2.compute.internal:8080/function/q8GroupBy
func name is q8JoinStream
func url is http://ip-172-31-6-98.us-east-2.compute.internal:8080/function/q8JoinStream
func name is q8GroupBy
func url is http://ip-172-31-6-98.us-east-2.compute.internal:8080/function/q8GroupBy
source-3 invoke done
source-0 invoke done
source-2 invoke done
source-1 invoke done
q8GroupBy-3 call done
q8GroupBy-2 call done
q8GroupBy-0 call done
q8GroupBy-1 call done
q8JoinStream-3 call done
q8JoinStream-2 call done
q8JoinStream-1 call done
{"level":"error","time":"2022-11-21T16:03:45-06:00","message":"q8JoinStream request failed: Post \"http://ip-172-31-6-98.us-east-2.compute.internal:8080/function/q8JoinStream\": context deadline exceeded (Client.Timeout exceeded while awaiting headers)"}
q8JoinStream-0 call done
sink_ctrl processed: 1, throughput: (event/s) 0.005555484419089896
sink processed: 5039973, throughput: (event/s) 27999.49147413376
source-0 duration: 180.002304851

sink processed: 5039969, throughput: (event/s) 27999.262982555847
sink_ctrl processed: 1, throughput: (event/s) 0.005555443492322244
source-1 duration: 180.003630922

sink processed: 5039973, throughput: (event/s) 27999.54764050713
sink_ctrl processed: 1, throughput: (event/s) 0.005555495563271297
source-2 duration: 180.001943771

sink_ctrl processed: 1, throughput: (event/s) 0.005555486519993677
sink processed: 5039973, throughput: (event/s) 27999.50206263209
source-3 duration: 180.00223678

sink_ctrl processed 4 events, duration: 180.003630922, tp: 0.022222
sink processed 20159888 events, duration: 180.003630922, tp: 111997.118596

nexmark_src_src_epoch processed: 0, throughput: (event/s) 0
nexmark_src_src_logEntry processed: 14448, throughput: (event/s) 80.25059367428342
personsByIDSink processed: 100799, throughput: (event/s) 559.8823084007541
auctionsBySellerIDSink processed: 302399, throughput: (event/s) 1679.6580340884298
nexmark_src_src processed: 5039973, throughput: (event/s) 27994.24317222863
nexmark_src_src_ctrl processed: 1, throughput: (event/s) 0.005554443083768233
nexmark_src_src_data processed: 5039972, throughput: (event/s) 27994.237617785548
q8GroupBy-0 duration: 180.036051305

nexmark_src_src_ctrl processed: 1, throughput: (event/s) 0.005554335265598253
nexmark_src_src_data processed: 5039968, throughput: (event/s) 27993.671999886694
nexmark_src_src_epoch processed: 0, throughput: (event/s) 0
nexmark_src_src_logEntry processed: 14268, throughput: (event/s) 79.24925556955587
personsByIDSink processed: 100799, throughput: (event/s) 559.8714404370382
auctionsBySellerIDSink processed: 302399, throughput: (event/s) 1679.625429981646
nexmark_src_src processed: 5039969, throughput: (event/s) 27993.677554221962
q8GroupBy-1 duration: 180.039546081

auctionsBySellerIDSink processed: 302399, throughput: (event/s) 1679.746777195093
nexmark_src_src processed: 5039973, throughput: (event/s) 27995.722220973894
nexmark_src_src_ctrl processed: 1, throughput: (event/s) 0.005554736547392991
nexmark_src_src_data processed: 5039972, throughput: (event/s) 27995.71666623735
nexmark_src_src_epoch processed: 0, throughput: (event/s) 0
nexmark_src_src_logEntry processed: 14827, throughput: (event/s) 82.36007878819588
personsByIDSink processed: 100799, throughput: (event/s) 559.9118892406661
q8GroupBy-2 duration: 180.026539777

nexmark_src_src processed: 5039973, throughput: (event/s) 27995.72520456723
nexmark_src_src_ctrl processed: 1, throughput: (event/s) 0.005554737139378966
nexmark_src_src_data processed: 5039972, throughput: (event/s) 27995.719649830087
nexmark_src_src_epoch processed: 0, throughput: (event/s) 0
nexmark_src_src_logEntry processed: 14289, throughput: (event/s) 79.37163898458606
personsByIDSink processed: 100799, throughput: (event/s) 559.9119489122604
auctionsBySellerIDSink processed: 302399, throughput: (event/s) 1679.74695621106
q8GroupBy-3 duration: 180.026520591

auctionsBySellerIDSink processed 1209596 events, duration: 180.039546081
nexmark_src_src processed 20159888 events, duration: 180.039546081
nexmark_src_src_ctrl processed 4 events, duration: 180.039546081
nexmark_src_src_data processed 20159884 events, duration: 180.039546081
nexmark_src_src_epoch processed 0 events, duration: 180.039546081
nexmark_src_src_logEntry processed 57832 events, duration: 180.039546081
personsByIDSink processed 403196 events, duration: 180.039546081

q8JoinStream-0 failed, msg 
eventTimeLatency_sink, p50: 22465 ms, p90: 25480 ms, p99: 29004 ms
auctionsBySellerIDSrc_logEntry processed: 26886, throughput: (event/s) 128.62398092201244
personsByIDSrc processed: 128834, throughput: (event/s) 616.348358182941
personsByIDSrc_ctrl processed: 4, throughput: (event/s) 0.019136201877856494
personsByIDSrc_data processed: 101024, throughput: (event/s) 483.3039146271436
sink processed: 961346, throughput: (event/s) 4599.127782617457
auctionsBySellerIDSrc processed: 328318, throughput: (event/s) 1570.6898820335223
auctionsBySellerIDSrc_epoch processed: 26886, throughput: (event/s) 128.62398092201244
auctionsBySellerIDSrc_ctrl processed: 4, throughput: (event/s) 0.019136201877856494
personsByIDSrc_epoch processed: 27806, throughput: (event/s) 133.02530735391943
personsByIDSrc_logEntry processed: 27806, throughput: (event/s) 133.02530735391943
auctionsBySellerIDSrc_data processed: 301428, throughput: (event/s) 1442.046764909632
q8JoinStream-1 duration: 209.027895166

eventTimeLatency_sink, p50: 14634 ms, p90: 25518 ms, p99: 27999 ms
auctionsBySellerIDSrc_logEntry processed: 26809, throughput: (event/s) 128.95518224510602
personsByIDSrc_data processed: 100504, throughput: (event/s) 483.4388315999155
auctionsBySellerIDSrc_ctrl processed: 4, throughput: (event/s) 0.01924058073708173
auctionsBySellerIDSrc_data processed: 291971, throughput: (event/s) 1404.4228995966223
auctionsBySellerIDSrc_epoch processed: 26809, throughput: (event/s) 128.95518224510602
personsByIDSrc_ctrl processed: 4, throughput: (event/s) 0.01924058073708173
personsByIDSrc_logEntry processed: 27675, throughput: (event/s) 133.1207679746842
auctionsBySellerIDSrc processed: 318784, throughput: (event/s) 1533.3973224224655
sink processed: 1032097, throughput: (event/s) 4964.53641424996
personsByIDSrc_epoch processed: 27675, throughput: (event/s) 133.1207679746842
personsByIDSrc processed: 128183, throughput: (event/s) 616.5788401553368
q8JoinStream-2 duration: 207.893932863

eventTimeLatency_sink, p50: 22233 ms, p90: 24755 ms, p99: 26981 ms
auctionsBySellerIDSrc_logEntry processed: 26883, throughput: (event/s) 131.0197042343778
auctionsBySellerIDSrc_data processed: 318741, throughput: (event/s) 1553.4483334214863
auctionsBySellerIDSrc_epoch processed: 26883, throughput: (event/s) 131.0197042343778
personsByIDSrc processed: 129178, throughput: (event/s) 629.5749489859188
personsByIDSrc_ctrl processed: 4, throughput: (event/s) 0.019494804037403238
personsByIDSrc_data processed: 101384, throughput: (event/s) 494.11530313202246
personsByIDSrc_epoch processed: 27790, throughput: (event/s) 135.440151049859
auctionsBySellerIDSrc processed: 345628, throughput: (event/s) 1684.4875324599016
personsByIDSrc_logEntry processed: 27790, throughput: (event/s) 135.440151049859
auctionsBySellerIDSrc_ctrl processed: 4, throughput: (event/s) 0.019494804037403238
sink processed: 1050774, throughput: (event/s) 5121.158304399587
q8JoinStream-3 duration: 205.18287808

auctionsBySellerIDSrc_logEntry processed 80578 events, duration: 209.027895166
personsByIDSrc processed 386195 events, duration: 209.027895166
personsByIDSrc_ctrl processed 12 events, duration: 209.027895166
personsByIDSrc_data processed 302912 events, duration: 209.027895166
auctionsBySellerIDSrc_data processed 912140 events, duration: 209.027895166
personsByIDSrc_logEntry processed 83271 events, duration: 209.027895166
sink processed 3044217 events, duration: 209.027895166
auctionsBySellerIDSrc processed 992730 events, duration: 209.027895166
auctionsBySellerIDSrc_epoch processed 80578 events, duration: 209.027895166
auctionsBySellerIDSrc_ctrl processed 12 events, duration: 209.027895166
personsByIDSrc_epoch processed 83271 events, duration: 209.027895166

