wait for last: true, sink max_buf_size: 131072
warmup: 0
config: map[NodeConstraint:"1,2,3,4" NumInstance:4 OutputTopicName:["nexmark_src"] funcName:"source"]
config: map[Final:true InputTopicNames:["nexmark_src"] NodeConstraint:"5,6,7,8" NumInstance:4 NumSrcProducer:[1] OutputTopicName:["fanout_out"] funcName:"fanout"]
srcInvokeConfig: &{FinalTpNames:[fanout_out] TopicName:nexmark_src AppId:fanout NodeConstraint:1,2,3,4 AdditionalBytes:0 ScaleEpoch:0 NumOutPartition:4 InstanceID:0 NumSrcInstance:4}
cliNodes: [0xc0000c0120]
inParamsMap: map[fanout:[0xc0000a2aa0 0xc0000a2b40 0xc0000a2be0 0xc0000a2c80]]
configScaleInput: &{Config:map[fanout:4 fanout_out:16 nexmark_src:4 source:4] AppId:fanout FuncNames:[source fanout] BufMaxSize:131072 ScaleEpoch:0 SerdeFormat:1 Bootstrap:false}
encoded json is {"sg":{"fanout":4,"fanout_out":16,"nexmark_src":4,"source":4},"aid":"fanout","fns":["source","fanout"],"bufMaxSize":131072,"epoch":1,"serdeFormat":1,"bs":true}, node constraint is 1
func source url is http://ip-172-31-9-234.us-east-2.compute.internal:8080/function/source
func source url is http://ip-172-31-9-234.us-east-2.compute.internal:8080/function/source
src instance: 4
func source url is http://ip-172-31-9-234.us-east-2.compute.internal:8080/function/source
func source url is http://ip-172-31-9-234.us-east-2.compute.internal:8080/function/source
encoded json is {"topic_name":"nexmark_src","rate_shape":"square","aid":"fanout","events_num":46080000,"rate_period":10000000000,"finOutTpNs":["fanout_out"],"first_event_rate":256000,"next_event_rate":256000,"bid_avg_size":100,"person_avg_size":200,"auction_avg_size":500,"duration":180,"person_proportion":1,"auction_proportion":3,"bid_proportion":46,"bid_hot_ratio_auctions":2,"bid_hot_ratio_bidders":4,"auction_hot_ratio_sellers":4,"flushms":10,"bufMaxSize":131072,"commEveryMs":100,"rate_limited":false,"waitEnd":true,"serde_format":1,"numOutPar":4,"parNum":3,"nSrcIns":4,"gua":2}, node constraint is 1,2,3,4
encoded json is {"topic_name":"nexmark_src","rate_shape":"square","aid":"fanout","events_num":46080000,"rate_period":10000000000,"finOutTpNs":["fanout_out"],"first_event_rate":256000,"next_event_rate":256000,"bid_avg_size":100,"person_avg_size":200,"auction_avg_size":500,"duration":180,"person_proportion":1,"auction_proportion":3,"bid_proportion":46,"bid_hot_ratio_auctions":2,"bid_hot_ratio_bidders":4,"auction_hot_ratio_sellers":4,"flushms":10,"bufMaxSize":131072,"commEveryMs":100,"rate_limited":false,"waitEnd":true,"serde_format":1,"numOutPar":4,"nSrcIns":4,"gua":2}, node constraint is 1,2,3,4
encoded json is {"topic_name":"nexmark_src","rate_shape":"square","aid":"fanout","events_num":46080000,"rate_period":10000000000,"finOutTpNs":["fanout_out"],"first_event_rate":256000,"next_event_rate":256000,"bid_avg_size":100,"person_avg_size":200,"auction_avg_size":500,"duration":180,"person_proportion":1,"auction_proportion":3,"bid_proportion":46,"bid_hot_ratio_auctions":2,"bid_hot_ratio_bidders":4,"auction_hot_ratio_sellers":4,"flushms":10,"bufMaxSize":131072,"commEveryMs":100,"rate_limited":false,"waitEnd":true,"serde_format":1,"numOutPar":4,"parNum":2,"nSrcIns":4,"gua":2}, node constraint is 1,2,3,4
encoded json is {"topic_name":"nexmark_src","rate_shape":"square","aid":"fanout","events_num":46080000,"rate_period":10000000000,"finOutTpNs":["fanout_out"],"first_event_rate":256000,"next_event_rate":256000,"bid_avg_size":100,"person_avg_size":200,"auction_avg_size":500,"duration":180,"person_proportion":1,"auction_proportion":3,"bid_proportion":46,"bid_hot_ratio_auctions":2,"bid_hot_ratio_bidders":4,"auction_hot_ratio_sellers":4,"flushms":10,"bufMaxSize":131072,"commEveryMs":100,"rate_limited":false,"waitEnd":true,"serde_format":1,"numOutPar":4,"parNum":1,"nSrcIns":4,"gua":2}, node constraint is 1,2,3,4
Waiting for all client to return
func name is fanout
func name is fanout
func url is http://ip-172-31-9-234.us-east-2.compute.internal:8080/function/fanout
func name is fanout
func url is http://ip-172-31-9-234.us-east-2.compute.internal:8080/function/fanout
func name is fanout
func url is http://ip-172-31-9-234.us-east-2.compute.internal:8080/function/fanout
func url is http://ip-172-31-9-234.us-east-2.compute.internal:8080/function/fanout
encoded json is {"aid":"fanout","numOutPartition":"EA==","numSubstreamProducer":"AQ==","outputTopicName":["fanout_out"],"inputTopicName":["nexmark_src"],"commEveryMs":100,"flushMs":100,"duration":180,"bufMaxSize":131072,"epoch":1,"waitEnd":true,"numInPartition":4,"ParNum":1,"gua":2,"serdeFormat":1}, node constraint is 5,6,7,8
encoded json is {"aid":"fanout","numOutPartition":"EA==","numSubstreamProducer":"AQ==","outputTopicName":["fanout_out"],"inputTopicName":["nexmark_src"],"commEveryMs":100,"flushMs":100,"duration":180,"bufMaxSize":131072,"epoch":1,"waitEnd":true,"numInPartition":4,"gua":2,"serdeFormat":1}, node constraint is 5,6,7,8
encoded json is {"aid":"fanout","numOutPartition":"EA==","numSubstreamProducer":"AQ==","outputTopicName":["fanout_out"],"inputTopicName":["nexmark_src"],"commEveryMs":100,"flushMs":100,"duration":180,"bufMaxSize":131072,"epoch":1,"waitEnd":true,"numInPartition":4,"ParNum":3,"gua":2,"serdeFormat":1}, node constraint is 5,6,7,8
encoded json is {"aid":"fanout","numOutPartition":"EA==","numSubstreamProducer":"AQ==","outputTopicName":["fanout_out"],"inputTopicName":["nexmark_src"],"commEveryMs":100,"flushMs":100,"duration":180,"bufMaxSize":131072,"epoch":1,"waitEnd":true,"numInPartition":4,"ParNum":2,"gua":2,"serdeFormat":1}, node constraint is 5,6,7,8
source-3 invoke done
source-2 invoke done
source-1 invoke done
source-0 invoke done
fanout-1 call done
fanout-2 call done
fanout-3 call done
fanout-0 call done
sink processed: 11519937, throughput: (event/s) 63998.61507199582
sink_ctrl processed: 1, throughput: (event/s) 0.005555465717563891
source-0 duration: 180.002910798

sink processed: 11519937, throughput: (event/s) 63998.614593436134
sink_ctrl processed: 1, throughput: (event/s) 0.005555465676022025
source-1 duration: 180.002912144

sink processed: 11519972, throughput: (event/s) 63998.90872564426
sink_ctrl processed: 1, throughput: (event/s) 0.0055554743297678375
source-2 duration: 180.002631754

sink processed: 11519970, throughput: (event/s) 63998.57686065135
sink_ctrl processed: 1, throughput: (event/s) 0.005555446486462321
source-3 duration: 180.003533908

sink processed 46079816 events, duration: 180.003533908, tp: 255993.951894
sink_ctrl processed 4 events, duration: 180.003533908, tp: 0.022222

eventTimeLatency_fanoutSink, p50: 24 ms, p90: 68 ms, p99: 149 ms
nexmark_src_src_epoch processed: 0, throughput: (event/s) 0
nexmark_src_src_logEntry processed: 30421, throughput: (event/s) 168.92485268507247
fanoutSink processed: 11519936, throughput: (event/s) 63969.083585071596
nexmark_src_src processed: 11519937, throughput: (event/s) 63969.08913797428
nexmark_src_src_ctrl processed: 1, throughput: (event/s) 0.005552902688441289
nexmark_src_src_data processed: 11519936, throughput: (event/s) 63969.083585071596
fanout-0 duration: 180.085993958

eventTimeLatency_fanoutSink, p50: 26 ms, p90: 69 ms, p99: 155 ms
nexmark_src_src_epoch processed: 0, throughput: (event/s) 0
nexmark_src_src_logEntry processed: 30357, throughput: (event/s) 168.56387411650172
fanoutSink processed: 11519936, throughput: (event/s) 63966.9612192956
nexmark_src_src processed: 11519937, throughput: (event/s) 63966.96677201406
nexmark_src_src_ctrl processed: 1, throughput: (event/s) 0.005552718454277489
nexmark_src_src_data processed: 11519936, throughput: (event/s) 63966.9612192956
fanout-1 duration: 180.091969048

eventTimeLatency_fanoutSink, p50: 27 ms, p90: 76 ms, p99: 155 ms
nexmark_src_src_epoch processed: 0, throughput: (event/s) 0
nexmark_src_src_logEntry processed: 30423, throughput: (event/s) 168.93651566220743
fanoutSink processed: 11519971, throughput: (event/s) 63969.488915283684
nexmark_src_src processed: 11519972, throughput: (event/s) 63969.494468204684
nexmark_src_src_ctrl processed: 1, throughput: (event/s) 0.005552921002603538
nexmark_src_src_data processed: 11519971, throughput: (event/s) 63969.488915283684
fanout-2 duration: 180.085400014

eventTimeLatency_fanoutSink, p50: 26 ms, p90: 68 ms, p99: 142 ms
nexmark_src_src_epoch processed: 0, throughput: (event/s) 0
nexmark_src_src_logEntry processed: 30364, throughput: (event/s) 168.607038372618
fanoutSink processed: 11519969, throughput: (event/s) 63968.77404934692
nexmark_src_src processed: 11519970, throughput: (event/s) 63968.77960220683
nexmark_src_src_ctrl processed: 1, throughput: (event/s) 0.0055528599121531415
nexmark_src_src_data processed: 11519969, throughput: (event/s) 63968.77404934692
fanout-3 duration: 180.087381245

nexmark_src_src_epoch processed 0 events, duration: 180.091969048
nexmark_src_src_logEntry processed 121565 events, duration: 180.091969048
fanoutSink processed 46079812 events, duration: 180.091969048
nexmark_src_src processed 46079816 events, duration: 180.091969048
nexmark_src_src_ctrl processed 4 events, duration: 180.091969048
nexmark_src_src_data processed 46079812 events, duration: 180.091969048

