wait for last: true, sink max_buf_size: 131072
warmup: 0
config: map[NodeConstraint:"1,2,3,4" NumInstance:4 OutputTopicName:["nexmark_src"] funcName:"source"]
config: map[InputTopicNames:["nexmark_src"] NodeConstraint:"5,6,7,8" NumInstance:4 NumSrcProducer:[1] OutputTopicName:["bids"] funcName:"q5bidkeyedbyauction"]
config: map[InputTopicNames:["bids"] NodeConstraint:"5,6,7,8" NumInstance:4 NumSrcProducer:[4] OutputTopicName:["aucBids"] funcName:"q5aucbids"]
config: map[Final:true InputTopicNames:["aucBids"] NodeConstraint:"5,6,7,8" NumInstance:4 NumSrcProducer:[4] OutputTopicName:["q5_out"] funcName:"q5maxbid"]
srcInvokeConfig: &{FinalTpNames:[q5_out] TopicName:nexmark_src AppId:q5 NodeConstraint:1,2,3,4 AdditionalBytes:0 ScaleEpoch:0 NumOutPartition:4 InstanceID:0 NumSrcInstance:4}
cliNodes: [0xc000026180 0xc0000261c0 0xc000026200]
inParamsMap: map[q5aucbids:[0xc00007ed20 0xc00007edc0 0xc00007ee60 0xc00007ef00] q5bidkeyedbyauction:[0xc00007eaa0 0xc00007eb40 0xc00007ebe0 0xc00007ec80] q5maxbid:[0xc00007efa0 0xc00007f040 0xc00007f0e0 0xc00007f180]]
configScaleInput: &{Config:map[aucBids:4 bids:4 changelog:4 nexmark_src:4 q5_out:4 q5aucbids:4 q5bidkeyedbyauction:4 q5maxbid:4 source:4] AppId:q5 FuncNames:[source q5bidkeyedbyauction q5aucbids q5maxbid] BufMaxSize:131072 ScaleEpoch:0 SerdeFormat:1 Bootstrap:false}
encoded json is {"sg":{"aucBids":4,"bids":4,"changelog":4,"nexmark_src":4,"q5_out":4,"q5aucbids":4,"q5bidkeyedbyauction":4,"q5maxbid":4,"source":4},"aid":"q5","fns":["source","q5bidkeyedbyauction","q5aucbids","q5maxbid"],"bufMaxSize":131072,"epoch":1,"serdeFormat":1,"bs":true}, node constraint is 1
encoded json is {"outTpNames":["q5_out"]}, node constraint is 1
redis_setup url is http://ip-172-31-11-177.us-east-2.compute.internal:8080/function/redisSetup
chkptmngr url is http://ip-172-31-11-177.us-east-2.compute.internal:8080/function/chkptmngr
encoded json is {"srcTpName":"nexmark_src","outTpNames":["q5_out"],"numOutParts":"BA==","chkptEveryMs":100,"bufMaxSize":131072,"srcNumPart":4,"gua":4,"serde_format":1}, node constraint is 1
func source url is http://ip-172-31-11-177.us-east-2.compute.internal:8080/function/source
func source url is http://ip-172-31-11-177.us-east-2.compute.internal:8080/function/source
src instance: 4
func source url is http://ip-172-31-11-177.us-east-2.compute.internal:8080/function/source
encoded json is {"topic_name":"nexmark_src","rate_shape":"square","aid":"q5","events_num":17280000,"rate_period":10000000000,"finOutTpNs":["q5_out"],"first_event_rate":96000,"next_event_rate":96000,"bid_avg_size":100,"person_avg_size":200,"auction_avg_size":500,"duration":180,"person_proportion":1,"auction_proportion":3,"bid_proportion":46,"bid_hot_ratio_auctions":2,"bid_hot_ratio_bidders":4,"auction_hot_ratio_sellers":4,"flushms":100,"bufMaxSize":131072,"commEveryMs":100,"rate_limited":false,"waitEnd":true,"serde_format":1,"numOutPar":4,"parNum":2,"nSrcIns":4,"gua":4}, node constraint is 1,2,3,4
encoded json is {"topic_name":"nexmark_src","rate_shape":"square","aid":"q5","events_num":17280000,"rate_period":10000000000,"finOutTpNs":["q5_out"],"first_event_rate":96000,"next_event_rate":96000,"bid_avg_size":100,"person_avg_size":200,"auction_avg_size":500,"duration":180,"person_proportion":1,"auction_proportion":3,"bid_proportion":46,"bid_hot_ratio_auctions":2,"bid_hot_ratio_bidders":4,"auction_hot_ratio_sellers":4,"flushms":100,"bufMaxSize":131072,"commEveryMs":100,"rate_limited":false,"waitEnd":true,"serde_format":1,"numOutPar":4,"parNum":3,"nSrcIns":4,"gua":4}, node constraint is 1,2,3,4
encoded json is {"topic_name":"nexmark_src","rate_shape":"square","aid":"q5","events_num":17280000,"rate_period":10000000000,"finOutTpNs":["q5_out"],"first_event_rate":96000,"next_event_rate":96000,"bid_avg_size":100,"person_avg_size":200,"auction_avg_size":500,"duration":180,"person_proportion":1,"auction_proportion":3,"bid_proportion":46,"bid_hot_ratio_auctions":2,"bid_hot_ratio_bidders":4,"auction_hot_ratio_sellers":4,"flushms":100,"bufMaxSize":131072,"commEveryMs":100,"rate_limited":false,"waitEnd":true,"serde_format":1,"numOutPar":4,"parNum":1,"nSrcIns":4,"gua":4}, node constraint is 1,2,3,4
func source url is http://ip-172-31-11-177.us-east-2.compute.internal:8080/function/source
encoded json is {"topic_name":"nexmark_src","rate_shape":"square","aid":"q5","events_num":17280000,"rate_period":10000000000,"finOutTpNs":["q5_out"],"first_event_rate":96000,"next_event_rate":96000,"bid_avg_size":100,"person_avg_size":200,"auction_avg_size":500,"duration":180,"person_proportion":1,"auction_proportion":3,"bid_proportion":46,"bid_hot_ratio_auctions":2,"bid_hot_ratio_bidders":4,"auction_hot_ratio_sellers":4,"flushms":100,"bufMaxSize":131072,"commEveryMs":100,"rate_limited":false,"waitEnd":true,"serde_format":1,"numOutPar":4,"nSrcIns":4,"gua":4}, node constraint is 1,2,3,4
func name is q5bidkeyedbyauction
func url is http://ip-172-31-11-177.us-east-2.compute.internal:8080/function/q5bidkeyedbyauction
func name is q5bidkeyedbyauction
func url is http://ip-172-31-11-177.us-east-2.compute.internal:8080/function/q5bidkeyedbyauction
func name is q5maxbid
func url is http://ip-172-31-11-177.us-east-2.compute.internal:8080/function/q5maxbid
func name is q5aucbids
func url is http://ip-172-31-11-177.us-east-2.compute.internal:8080/function/q5aucbids
func name is q5bidkeyedbyauction
func url is http://ip-172-31-11-177.us-east-2.compute.internal:8080/function/q5bidkeyedbyauction
func name is q5maxbid
func url is http://ip-172-31-11-177.us-east-2.compute.internal:8080/function/q5maxbid
func name is q5bidkeyedbyauction
func url is http://ip-172-31-11-177.us-east-2.compute.internal:8080/function/q5bidkeyedbyauction
func name is q5maxbid
func url is http://ip-172-31-11-177.us-east-2.compute.internal:8080/function/q5maxbid
func name is q5aucbids
func url is http://ip-172-31-11-177.us-east-2.compute.internal:8080/function/q5aucbids
func name is q5maxbid
func url is http://ip-172-31-11-177.us-east-2.compute.internal:8080/function/q5maxbid
Waiting for all client to return
encoded json is {"aid":"q5","numOutPartition":"BA==","numSubstreamProducer":"AQ==","outputTopicName":["bids"],"inputTopicName":["nexmark_src"],"commEveryMs":100,"flushMs":100,"snapEveryS":10,"duration":180,"bufMaxSize":131072,"epoch":1,"waitEnd":true,"numChangelogPartition":4,"numInPartition":4,"ParNum":1,"gua":4,"serdeFormat":1}, node constraint is 5,6,7,8
encoded json is {"aid":"q5","numOutPartition":"BA==","numSubstreamProducer":"AQ==","outputTopicName":["bids"],"inputTopicName":["nexmark_src"],"commEveryMs":100,"flushMs":100,"snapEveryS":10,"duration":180,"bufMaxSize":131072,"epoch":1,"waitEnd":true,"numChangelogPartition":4,"numInPartition":4,"ParNum":3,"gua":4,"serdeFormat":1}, node constraint is 5,6,7,8
func name is q5aucbids
func url is http://ip-172-31-11-177.us-east-2.compute.internal:8080/function/q5aucbids
encoded json is {"aid":"q5","numOutPartition":"BA==","numSubstreamProducer":"BA==","outputTopicName":["aucBids"],"inputTopicName":["bids"],"commEveryMs":100,"flushMs":100,"snapEveryS":10,"duration":180,"bufMaxSize":131072,"epoch":1,"waitEnd":true,"numChangelogPartition":4,"numInPartition":4,"ParNum":2,"gua":4,"serdeFormat":1}, node constraint is 5,6,7,8
encoded json is {"aid":"q5","numOutPartition":"BA==","numSubstreamProducer":"BA==","outputTopicName":["aucBids"],"inputTopicName":["bids"],"commEveryMs":100,"flushMs":100,"snapEveryS":10,"duration":180,"bufMaxSize":131072,"epoch":1,"waitEnd":true,"numChangelogPartition":4,"numInPartition":4,"gua":4,"serdeFormat":1}, node constraint is 5,6,7,8
func name is q5aucbids
func url is http://ip-172-31-11-177.us-east-2.compute.internal:8080/function/q5aucbids
encoded json is {"aid":"q5","numOutPartition":"BA==","numSubstreamProducer":"BA==","outputTopicName":["aucBids"],"inputTopicName":["bids"],"commEveryMs":100,"flushMs":100,"snapEveryS":10,"duration":180,"bufMaxSize":131072,"epoch":1,"waitEnd":true,"numChangelogPartition":4,"numInPartition":4,"ParNum":3,"gua":4,"serdeFormat":1}, node constraint is 5,6,7,8
encoded json is {"aid":"q5","numOutPartition":"BA==","numSubstreamProducer":"BA==","outputTopicName":["q5_out"],"inputTopicName":["aucBids"],"commEveryMs":100,"flushMs":100,"snapEveryS":10,"duration":180,"bufMaxSize":131072,"epoch":1,"waitEnd":true,"numChangelogPartition":4,"numInPartition":4,"gua":4,"serdeFormat":1}, node constraint is 5,6,7,8
encoded json is {"aid":"q5","numOutPartition":"BA==","numSubstreamProducer":"BA==","outputTopicName":["q5_out"],"inputTopicName":["aucBids"],"commEveryMs":100,"flushMs":100,"snapEveryS":10,"duration":180,"bufMaxSize":131072,"epoch":1,"waitEnd":true,"numChangelogPartition":4,"numInPartition":4,"ParNum":1,"gua":4,"serdeFormat":1}, node constraint is 5,6,7,8
encoded json is {"aid":"q5","numOutPartition":"BA==","numSubstreamProducer":"BA==","outputTopicName":["q5_out"],"inputTopicName":["aucBids"],"commEveryMs":100,"flushMs":100,"snapEveryS":10,"duration":180,"bufMaxSize":131072,"epoch":1,"waitEnd":true,"numChangelogPartition":4,"numInPartition":4,"ParNum":2,"gua":4,"serdeFormat":1}, node constraint is 5,6,7,8
encoded json is {"aid":"q5","numOutPartition":"BA==","numSubstreamProducer":"AQ==","outputTopicName":["bids"],"inputTopicName":["nexmark_src"],"commEveryMs":100,"flushMs":100,"snapEveryS":10,"duration":180,"bufMaxSize":131072,"epoch":1,"waitEnd":true,"numChangelogPartition":4,"numInPartition":4,"ParNum":2,"gua":4,"serdeFormat":1}, node constraint is 5,6,7,8
encoded json is {"aid":"q5","numOutPartition":"BA==","numSubstreamProducer":"AQ==","outputTopicName":["bids"],"inputTopicName":["nexmark_src"],"commEveryMs":100,"flushMs":100,"snapEveryS":10,"duration":180,"bufMaxSize":131072,"epoch":1,"waitEnd":true,"numChangelogPartition":4,"numInPartition":4,"gua":4,"serdeFormat":1}, node constraint is 5,6,7,8
encoded json is {"aid":"q5","numOutPartition":"BA==","numSubstreamProducer":"BA==","outputTopicName":["aucBids"],"inputTopicName":["bids"],"commEveryMs":100,"flushMs":100,"snapEveryS":10,"duration":180,"bufMaxSize":131072,"epoch":1,"waitEnd":true,"numChangelogPartition":4,"numInPartition":4,"ParNum":1,"gua":4,"serdeFormat":1}, node constraint is 5,6,7,8
encoded json is {"aid":"q5","numOutPartition":"BA==","numSubstreamProducer":"BA==","outputTopicName":["q5_out"],"inputTopicName":["aucBids"],"commEveryMs":100,"flushMs":100,"snapEveryS":10,"duration":180,"bufMaxSize":131072,"epoch":1,"waitEnd":true,"numChangelogPartition":4,"numInPartition":4,"ParNum":3,"gua":4,"serdeFormat":1}, node constraint is 5,6,7,8
source-3 invoke done
source-0 invoke done
source-2 invoke done
source-1 invoke done
q5bidkeyedbyauction-2 call done
q5bidkeyedbyauction-1 call done
q5bidkeyedbyauction-0 call done
q5bidkeyedbyauction-3 call done
q5aucbids-0 call done
q5aucbids-2 call done
q5aucbids-3 call done
q5aucbids-1 call done
q5maxbid-3 call done
q5maxbid-2 call done
q5maxbid-0 call done
q5maxbid-1 call done
sink processed: 4320002, throughput: (event/s) 23999.04045618708
sink_ctrl processed: 2, throughput: (event/s) 0.01111066173403951
source-0 duration: 180.007280203

sink processed: 4320002, throughput: (event/s) 23999.03376246065
sink_ctrl processed: 2, throughput: (event/s) 0.011110658635093525
source-1 duration: 180.00733041

sink processed: 4320002, throughput: (event/s) 23999.07390687661
sink_ctrl processed: 2, throughput: (event/s) 0.011110677220462679
source-2 duration: 180.007029303

sink_ctrl processed: 2, throughput: (event/s) 0.011110700339507546
sink processed: 4320002, throughput: (event/s) 23999.12384403664
source-3 duration: 180.006654746

sink processed 17280008 events, duration: 180.00733041, tp: 95996.135050
sink_ctrl processed 8 events, duration: 180.00733041, tp: 0.044443

nexmark_src_src_epoch processed: 0, throughput: (event/s) 0
nexmark_src_src_logEntry processed: 8790, throughput: (event/s) 48.82792164308964
sink processed: 3974400, throughput: (event/s) 22077.55310333282
nexmark_src_src processed: 4321026, throughput: (event/s) 24003.03969803789
nexmark_src_src_ctrl processed: 1026, throughput: (event/s) 5.699368328306027
nexmark_src_src_data processed: 4320000, throughput: (event/s) 23997.340329709587
q5bidkeyedbyauction-0 duration: 180.019949738

nexmark_src_src_ctrl processed: 1026, throughput: (event/s) 5.699384213515607
nexmark_src_src_data processed: 4320000, throughput: (event/s) 23997.40721480256
nexmark_src_src_epoch processed: 0, throughput: (event/s) 0
nexmark_src_src_logEntry processed: 8799, throughput: (event/s) 48.87805233403882
sink processed: 3974400, throughput: (event/s) 22077.614637618353
nexmark_src_src processed: 4321026, throughput: (event/s) 24003.106599016075
q5bidkeyedbyauction-1 duration: 180.01944799

sink processed: 3974400, throughput: (event/s) 22077.858383956278
nexmark_src_src processed: 4321026, throughput: (event/s) 24003.371603611376
nexmark_src_src_ctrl processed: 1026, throughput: (event/s) 5.699447137162626
nexmark_src_src_data processed: 4320000, throughput: (event/s) 23997.672156474215
nexmark_src_src_epoch processed: 0, throughput: (event/s) 0
nexmark_src_src_logEntry processed: 8793, throughput: (event/s) 48.845261868490226
q5bidkeyedbyauction-2 duration: 180.01746052

nexmark_src_src processed: 4321026, throughput: (event/s) 24003.16548362033
nexmark_src_src_ctrl processed: 1026, throughput: (event/s) 5.699398195288447
nexmark_src_src_data processed: 4320000, throughput: (event/s) 23997.466085425043
nexmark_src_src_epoch processed: 0, throughput: (event/s) 0
nexmark_src_src_logEntry processed: 8781, throughput: (event/s) 48.77818280002715
sink processed: 3974400, throughput: (event/s) 22077.66879859104
q5bidkeyedbyauction-3 duration: 180.019006366

sink processed 15897600 events, duration: 180.019949738
nexmark_src_src processed 17284104 events, duration: 180.019949738
nexmark_src_src_ctrl processed 4104 events, duration: 180.019949738
nexmark_src_src_data processed 17280000 events, duration: 180.019949738
nexmark_src_src_epoch processed 0 events, duration: 180.019949738
nexmark_src_src_logEntry processed 35163 events, duration: 180.019949738

bids_src processed: 3924785, throughput: (event/s) 21799.60787059642
bids_src_ctrl processed: 1029, throughput: (event/s) 5.715420462227541
bids_src_data processed: 3923756, throughput: (event/s) 21793.892450134193
bids_src_epoch processed: 0, throughput: (event/s) 0
bids_src_logEntry processed: 10002, throughput: (event/s) 55.5545534141884
sink processed: 19618780, throughput: (event/s) 108969.46225067097
q5aucbids-0 duration: 180.039247646

sink processed: 20189580, throughput: (event/s) 112088.54482752201
bids_src processed: 4038945, throughput: (event/s) 22423.42176946702
bids_src_ctrl processed: 1029, throughput: (event/s) 5.712803962614386
bids_src_data processed: 4037916, throughput: (event/s) 22417.708965504404
bids_src_epoch processed: 0, throughput: (event/s) 0
bids_src_logEntry processed: 10212, throughput: (event/s) 56.69499909253461
q5aucbids-1 duration: 180.121706737

bids_src processed: 4008790, throughput: (event/s) 22265.208401106072
bids_src_ctrl processed: 1029, throughput: (event/s) 5.715165784373376
bids_src_data processed: 4007761, throughput: (event/s) 22259.493235321697
bids_src_epoch processed: 0, throughput: (event/s) 0
bids_src_logEntry processed: 10217, throughput: (event/s) 56.74620876476461
sink processed: 20038805, throughput: (event/s) 111297.46617660849
q5aucbids-2 duration: 180.047270512

sink processed: 19640835, throughput: (event/s) 109085.84249877832
bids_src processed: 3929196, throughput: (event/s) 21822.883599542984
bids_src_ctrl processed: 1029, throughput: (event/s) 5.715099787317744
bids_src_data processed: 3928167, throughput: (event/s) 21817.168499755666
bids_src_epoch processed: 0, throughput: (event/s) 0
bids_src_logEntry processed: 10031, throughput: (event/s) 55.71250336888657
q5aucbids-3 duration: 180.049349669

sink processed 79488000 events, duration: 180.121706737
bids_src processed 15901716 events, duration: 180.121706737
bids_src_ctrl processed 4116 events, duration: 180.121706737
bids_src_data processed 15897600 events, duration: 180.121706737
bids_src_epoch processed 0 events, duration: 180.121706737
bids_src_logEntry processed 40462 events, duration: 180.121706737

eventTimeLatency_sink, p50: 65 ms, p90: 120 ms, p99: 187 ms
aucBids_src_logEntry processed: 15672, throughput: (event/s) 87.01581212580601
sink processed: 84625, throughput: (event/s) 469.8642866989748
aucBids_src processed: 21655529, throughput: (event/s) 120238.22377162734
aucBids_src_ctrl processed: 1029, throughput: (event/s) 5.713327633834506
aucBids_src_data processed: 21654500, throughput: (event/s) 120232.51044399351
aucBids_src_epoch processed: 0, throughput: (event/s) 0
q5maxbid-0 duration: 180.105197172

eventTimeLatency_sink, p50: 71 ms, p90: 133 ms, p99: 178 ms
aucBids_src_epoch processed: 0, throughput: (event/s) 0
aucBids_src_logEntry processed: 16971, throughput: (event/s) 94.22742325251349
sink processed: 97919, throughput: (event/s) 543.671855368739
aucBids_src processed: 24024073, throughput: (event/s) 133387.9261575795
aucBids_src_ctrl processed: 1029, throughput: (event/s) 5.713276679443544
aucBids_src_data processed: 24023044, throughput: (event/s) 133382.21288090004
q5maxbid-1 duration: 180.106803457

eventTimeLatency_sink, p50: 69 ms, p90: 119 ms, p99: 181 ms
aucBids_src_logEntry processed: 12854, throughput: (event/s) 71.36881580108006
sink processed: 65252, throughput: (event/s) 362.29640334931355
aucBids_src processed: 17665025, throughput: (event/s) 98080.90208078998
aucBids_src_ctrl processed: 1029, throughput: (event/s) 5.713280804365286
aucBids_src_data processed: 17663996, throughput: (event/s) 98075.18879998561
aucBids_src_epoch processed: 0, throughput: (event/s) 0
q5maxbid-2 duration: 180.106673422

eventTimeLatency_sink, p50: 78 ms, p90: 131 ms, p99: 183 ms
aucBids_src_ctrl processed: 1029, throughput: (event/s) 5.7132659688226735
aucBids_src_data processed: 16146460, throughput: (event/s) 89649.19381434066
aucBids_src_epoch processed: 0, throughput: (event/s) 0
aucBids_src_logEntry processed: 11657, throughput: (event/s) 64.72258639316414
sink processed: 61921, throughput: (event/s) 343.8009155058005
aucBids_src processed: 16147489, throughput: (event/s) 89654.90708030948
q5maxbid-3 duration: 180.107141102

aucBids_src processed 79492116 events, duration: 180.107141102
aucBids_src_ctrl processed 4116 events, duration: 180.107141102
aucBids_src_data processed 79488000 events, duration: 180.107141102
aucBids_src_epoch processed 0 events, duration: 180.107141102
aucBids_src_logEntry processed 57154 events, duration: 180.107141102
sink processed 309717 events, duration: 180.107141102

