wait for last: true
warmup: 0
config: map[NodeConstraint:"1,2,3,4" NumInstance:4 OutputTopicName:["nexmark_src"] funcName:"source"]
config: map[InputTopicNames:["nexmark_src"] NodeConstraint:"5,6,7,8" NumInstance:4 NumSrcProducer:[1] OutputTopicName:["q2_out"] funcName:"query2"]
srcInvokeConfig: {TopicName:nexmark_src AppId:q2 NodeConstraint:1,2,3,4 ScaleEpoch:0 NumOutPartition:4 InstanceID:0 NumSrcInstance:4}
cliNodes: [0xc0000261e0]
inParamsMap: map[query2:[0xc000000be0 0xc000000c80 0xc000000d20 0xc000000dc0]]
encoded json is {"sg":{"nexmark_src":4,"q2_out":4,"query2":4,"source":4},"aid":"q2","fns":["source","query2"],"epoch":1,"serdeFormat":1,"bs":true}, node constraint is 1
configScaleInput: {Config:map[nexmark_src:4 q2_out:4 query2:4 source:4] AppId:q2 FuncNames:[source query2] ScaleEpoch:0 SerdeFormat:1 Bootstrap:false}
func source url is http://ip-172-31-11-132.us-east-2.compute.internal:8080/function/source
src instance: 4
func source url is http://ip-172-31-11-132.us-east-2.compute.internal:8080/function/source
func source url is http://ip-172-31-11-132.us-east-2.compute.internal:8080/function/source
func source url is http://ip-172-31-11-132.us-east-2.compute.internal:8080/function/source
encoded json is {"topic_name":"nexmark_src","rate_shape":"square","aid":"q2","events_num":23040000,"rate_period":10000000000,"bid_avg_size":100,"first_event_rate":128000,"next_event_rate":128000,"person_avg_size":200,"auction_avg_size":500,"duration":180,"person_proportion":1,"auction_proportion":3,"bid_proportion":46,"bid_hot_ratio_auctions":2,"bid_hot_ratio_bidders":4,"auction_hot_ratio_sellers":4,"flushms":10,"rate_limited":false,"waitEnd":true,"serde_format":1,"numOutPar":4,"parNum":3,"nSrcIns":4}, node constraint is 1,2,3,4
encoded json is {"topic_name":"nexmark_src","rate_shape":"square","aid":"q2","events_num":23040000,"rate_period":10000000000,"bid_avg_size":100,"first_event_rate":128000,"next_event_rate":128000,"person_avg_size":200,"auction_avg_size":500,"duration":180,"person_proportion":1,"auction_proportion":3,"bid_proportion":46,"bid_hot_ratio_auctions":2,"bid_hot_ratio_bidders":4,"auction_hot_ratio_sellers":4,"flushms":10,"rate_limited":false,"waitEnd":true,"serde_format":1,"numOutPar":4,"parNum":2,"nSrcIns":4}, node constraint is 1,2,3,4
encoded json is {"topic_name":"nexmark_src","rate_shape":"square","aid":"q2","events_num":23040000,"rate_period":10000000000,"bid_avg_size":100,"first_event_rate":128000,"next_event_rate":128000,"person_avg_size":200,"auction_avg_size":500,"duration":180,"person_proportion":1,"auction_proportion":3,"bid_proportion":46,"bid_hot_ratio_auctions":2,"bid_hot_ratio_bidders":4,"auction_hot_ratio_sellers":4,"flushms":10,"rate_limited":false,"waitEnd":true,"serde_format":1,"numOutPar":4,"nSrcIns":4}, node constraint is 1,2,3,4
encoded json is {"topic_name":"nexmark_src","rate_shape":"square","aid":"q2","events_num":23040000,"rate_period":10000000000,"bid_avg_size":100,"first_event_rate":128000,"next_event_rate":128000,"person_avg_size":200,"auction_avg_size":500,"duration":180,"person_proportion":1,"auction_proportion":3,"bid_proportion":46,"bid_hot_ratio_auctions":2,"bid_hot_ratio_bidders":4,"auction_hot_ratio_sellers":4,"flushms":10,"rate_limited":false,"waitEnd":true,"serde_format":1,"numOutPar":4,"parNum":1,"nSrcIns":4}, node constraint is 1,2,3,4
Waiting for all client to return
func name is query2
func url is http://ip-172-31-11-132.us-east-2.compute.internal:8080/function/query2
func name is query2
func url is http://ip-172-31-11-132.us-east-2.compute.internal:8080/function/query2
func name is query2
func name is query2
func url is http://ip-172-31-11-132.us-east-2.compute.internal:8080/function/query2
encoded json is {"aid":"q2","numOutPartition":"BA==","numSubstreamProducer":"AQ==","outputTopicName":["q2_out"],"inputTopicName":["nexmark_src"],"commEveryMs":100,"flushMs":100,"duration":180,"epoch":1,"waitEnd":true,"numInPartition":4,"ParNum":3,"gua":3,"serdeFormat":1}, node constraint is 5,6,7,8
encoded json is {"aid":"q2","numOutPartition":"BA==","numSubstreamProducer":"AQ==","outputTopicName":["q2_out"],"inputTopicName":["nexmark_src"],"commEveryMs":100,"flushMs":100,"duration":180,"epoch":1,"waitEnd":true,"numInPartition":4,"ParNum":1,"gua":3,"serdeFormat":1}, node constraint is 5,6,7,8
func url is http://ip-172-31-11-132.us-east-2.compute.internal:8080/function/query2
encoded json is {"aid":"q2","numOutPartition":"BA==","numSubstreamProducer":"AQ==","outputTopicName":["q2_out"],"inputTopicName":["nexmark_src"],"commEveryMs":100,"flushMs":100,"duration":180,"epoch":1,"waitEnd":true,"numInPartition":4,"ParNum":2,"gua":3,"serdeFormat":1}, node constraint is 5,6,7,8
encoded json is {"aid":"q2","numOutPartition":"BA==","numSubstreamProducer":"AQ==","outputTopicName":["q2_out"],"inputTopicName":["nexmark_src"],"commEveryMs":100,"flushMs":100,"duration":180,"epoch":1,"waitEnd":true,"numInPartition":4,"gua":3,"serdeFormat":1}, node constraint is 5,6,7,8
source-3 invoke done
source-1 invoke done
source-2 invoke done
source-0 invoke done
query2-1 call done
query2-2 call done
query2-0 call done
query2-3 call done
sink processed: 5760001, throughput: (event/s) 31999.34463380275
sink_ctrl processed: 1, throughput: (event/s) 0.005555440812215614
source-0 duration: 180.003717761

sink processed: 5760001, throughput: (event/s) 31999.6268150836
sink_ctrl processed: 1, throughput: (event/s) 0.005555489802012812
source-1 duration: 180.00213044

sink processed: 5760001, throughput: (event/s) 31999.588659225687
sink_ctrl processed: 1, throughput: (event/s) 0.005555483177733075
source-2 duration: 180.002345072

sink_ctrl processed: 1, throughput: (event/s) 0.0055554314100273285
sink processed: 5759969, throughput: (event/s) 31999.1127033837
source-3 duration: 180.004022405

sink processed 23039972 events, duration: 180.004022405, tp: 127996.984135
sink_ctrl processed 4 events, duration: 180.004022405, tp: 0.022222

eventTimeLatency_sink, p50: 11 ms, p90: 16 ms, p99: 18 ms
src_epoch processed: 0, throughput: (event/s) 0
src_logEntry processed: 14374, throughput: (event/s) 79.85126362732514
sink processed: 43417, throughput: (event/s) 241.19259168690522
src processed: 5760001, throughput: (event/s) 31998.285678632004
src_ctrl processed: 1, throughput: (event/s) 0.005555256965863722
src_data processed: 5760000, throughput: (event/s) 31998.28012337504
query2-0 duration: 180.009674826

eventTimeLatency_sink, p50: 11 ms, p90: 16 ms, p99: 18 ms
src_logEntry processed: 14274, throughput: (event/s) 79.29639874964543
sink processed: 43199, throughput: (event/s) 239.9835455783896
src processed: 5760001, throughput: (event/s) 31998.55233952336
src_ctrl processed: 1, throughput: (event/s) 0.005555303261149323
src_data processed: 5760000, throughput: (event/s) 31998.5467842201
src_epoch processed: 0, throughput: (event/s) 0
query2-1 duration: 180.00817471

eventTimeLatency_sink, p50: 11 ms, p90: 16 ms, p99: 18 ms
sink processed: 43612, throughput: (event/s) 242.27767501555329
src processed: 5760001, throughput: (event/s) 31998.524497093964
src_ctrl processed: 1, throughput: (event/s) 0.005555298427395058
src_data processed: 5760000, throughput: (event/s) 31998.518941795533
src_epoch processed: 0, throughput: (event/s) 0
src_logEntry processed: 14311, throughput: (event/s) 79.50187579445068
query2-2 duration: 180.008331338

eventTimeLatency_sink, p50: 12 ms, p90: 17 ms, p99: 19 ms
src_ctrl processed: 1, throughput: (event/s) 0.0055552693700826475
src_data processed: 5759968, throughput: (event/s) 31998.17380305621
src_epoch processed: 0, throughput: (event/s) 0
src_logEntry processed: 14289, throughput: (event/s) 79.37924402911095
sink processed: 43612, throughput: (event/s) 242.27640776804444
src processed: 5759969, throughput: (event/s) 31998.17935832558
query2-3 duration: 180.009272887

src_epoch processed 0 events, duration: 180.009674826
src_logEntry processed 57248 events, duration: 180.009674826
sink processed 173840 events, duration: 180.009674826
src processed 23039972 events, duration: 180.009674826
src_ctrl processed 4 events, duration: 180.009674826
src_data processed 23039968 events, duration: 180.009674826

