wait for last: true, sink max_buf_size: 131072
warmup: 0
config: map[NodeConstraint:"1,2,3,4" NumInstance:4 OutputTopicName:["nexmark_src"] funcName:"source"]
config: map[InputTopicNames:["nexmark_src"] NodeConstraint:"5,6,7,8" NumInstance:4 NumSrcProducer:[1] OutputTopicName:["bids"] funcName:"q5bidkeyedbyauction"]
config: map[InputTopicNames:["bids"] NodeConstraint:"5,6,7,8" NumInstance:4 NumSrcProducer:[4] OutputTopicName:["aucBids"] funcName:"q5aucbids"]
config: map[Final:true InputTopicNames:["aucBids"] NodeConstraint:"5,6,7,8" NumInstance:4 NumSrcProducer:[4] OutputTopicName:["q5_out"] funcName:"q5maxbid"]
srcInvokeConfig: &{FinalTpNames:[q5_out] TopicName:nexmark_src AppId:q5 NodeConstraint:1,2,3,4 AdditionalBytes:0 ScaleEpoch:0 NumOutPartition:4 InstanceID:0 NumSrcInstance:4}
cliNodes: [0xc000026180 0xc0000261c0 0xc000026200]
inParamsMap: map[q5aucbids:[0xc00007ed20 0xc00007edc0 0xc00007ee60 0xc00007ef00] q5bidkeyedbyauction:[0xc00007eaa0 0xc00007eb40 0xc00007ebe0 0xc00007ec80] q5maxbid:[0xc00007efa0 0xc00007f040 0xc00007f0e0 0xc00007f180]]
configScaleInput: &{Config:map[aucBids:4 bids:4 changelog:4 nexmark_src:4 q5_out:4 q5aucbids:4 q5bidkeyedbyauction:4 q5maxbid:4 source:4] AppId:q5 FuncNames:[source q5bidkeyedbyauction q5aucbids q5maxbid] BufMaxSize:131072 ScaleEpoch:0 SerdeFormat:1 Bootstrap:false}
encoded json is {"sg":{"aucBids":4,"bids":4,"changelog":4,"nexmark_src":4,"q5_out":4,"q5aucbids":4,"q5bidkeyedbyauction":4,"q5maxbid":4,"source":4},"aid":"q5","fns":["source","q5bidkeyedbyauction","q5aucbids","q5maxbid"],"bufMaxSize":131072,"epoch":1,"serdeFormat":1,"bs":true}, node constraint is 1
encoded json is {"outTpNames":["q5_out"]}, node constraint is 1
redis_setup url is http://ip-172-31-11-177.us-east-2.compute.internal:8080/function/redisSetup
encoded json is {"srcTpName":"nexmark_src","outTpNames":["q5_out"],"numOutParts":"BA==","chkptEveryMs":100,"bufMaxSize":131072,"srcNumPart":4,"gua":4,"serde_format":1}, node constraint is 1
chkptmngr url is http://ip-172-31-11-177.us-east-2.compute.internal:8080/function/chkptmngr
func source url is http://ip-172-31-11-177.us-east-2.compute.internal:8080/function/source
func source url is http://ip-172-31-11-177.us-east-2.compute.internal:8080/function/source
src instance: 4
func source url is http://ip-172-31-11-177.us-east-2.compute.internal:8080/function/source
func source url is http://ip-172-31-11-177.us-east-2.compute.internal:8080/function/source
encoded json is {"topic_name":"nexmark_src","rate_shape":"square","aid":"q5","events_num":17280000,"rate_period":10000000000,"finOutTpNs":["q5_out"],"first_event_rate":96000,"next_event_rate":96000,"bid_avg_size":100,"person_avg_size":200,"auction_avg_size":500,"duration":180,"person_proportion":1,"auction_proportion":3,"bid_proportion":46,"bid_hot_ratio_auctions":2,"bid_hot_ratio_bidders":4,"auction_hot_ratio_sellers":4,"flushms":100,"bufMaxSize":131072,"commEveryMs":100,"rate_limited":false,"waitEnd":true,"serde_format":1,"numOutPar":4,"parNum":2,"nSrcIns":4,"gua":4}, node constraint is 1,2,3,4
encoded json is {"topic_name":"nexmark_src","rate_shape":"square","aid":"q5","events_num":17280000,"rate_period":10000000000,"finOutTpNs":["q5_out"],"first_event_rate":96000,"next_event_rate":96000,"bid_avg_size":100,"person_avg_size":200,"auction_avg_size":500,"duration":180,"person_proportion":1,"auction_proportion":3,"bid_proportion":46,"bid_hot_ratio_auctions":2,"bid_hot_ratio_bidders":4,"auction_hot_ratio_sellers":4,"flushms":100,"bufMaxSize":131072,"commEveryMs":100,"rate_limited":false,"waitEnd":true,"serde_format":1,"numOutPar":4,"parNum":1,"nSrcIns":4,"gua":4}, node constraint is 1,2,3,4
encoded json is {"topic_name":"nexmark_src","rate_shape":"square","aid":"q5","events_num":17280000,"rate_period":10000000000,"finOutTpNs":["q5_out"],"first_event_rate":96000,"next_event_rate":96000,"bid_avg_size":100,"person_avg_size":200,"auction_avg_size":500,"duration":180,"person_proportion":1,"auction_proportion":3,"bid_proportion":46,"bid_hot_ratio_auctions":2,"bid_hot_ratio_bidders":4,"auction_hot_ratio_sellers":4,"flushms":100,"bufMaxSize":131072,"commEveryMs":100,"rate_limited":false,"waitEnd":true,"serde_format":1,"numOutPar":4,"nSrcIns":4,"gua":4}, node constraint is 1,2,3,4
encoded json is {"topic_name":"nexmark_src","rate_shape":"square","aid":"q5","events_num":17280000,"rate_period":10000000000,"finOutTpNs":["q5_out"],"first_event_rate":96000,"next_event_rate":96000,"bid_avg_size":100,"person_avg_size":200,"auction_avg_size":500,"duration":180,"person_proportion":1,"auction_proportion":3,"bid_proportion":46,"bid_hot_ratio_auctions":2,"bid_hot_ratio_bidders":4,"auction_hot_ratio_sellers":4,"flushms":100,"bufMaxSize":131072,"commEveryMs":100,"rate_limited":false,"waitEnd":true,"serde_format":1,"numOutPar":4,"parNum":3,"nSrcIns":4,"gua":4}, node constraint is 1,2,3,4
Waiting for all client to return
func name is q5bidkeyedbyauction
func url is http://ip-172-31-11-177.us-east-2.compute.internal:8080/function/q5bidkeyedbyauction
func name is q5aucbids
func url is http://ip-172-31-11-177.us-east-2.compute.internal:8080/function/q5aucbids
func name is q5bidkeyedbyauction
func name is q5aucbids
func url is http://ip-172-31-11-177.us-east-2.compute.internal:8080/function/q5aucbids
func url is http://ip-172-31-11-177.us-east-2.compute.internal:8080/function/q5bidkeyedbyauction
func name is q5maxbid
func url is http://ip-172-31-11-177.us-east-2.compute.internal:8080/function/q5maxbid
func name is q5maxbid
func url is http://ip-172-31-11-177.us-east-2.compute.internal:8080/function/q5maxbid
func name is q5bidkeyedbyauction
func url is http://ip-172-31-11-177.us-east-2.compute.internal:8080/function/q5bidkeyedbyauction
func name is q5maxbid
func url is http://ip-172-31-11-177.us-east-2.compute.internal:8080/function/q5maxbid
func name is q5bidkeyedbyauction
encoded json is {"aid":"q5","numOutPartition":"BA==","numSubstreamProducer":"AQ==","outputTopicName":["bids"],"inputTopicName":["nexmark_src"],"commEveryMs":100,"flushMs":100,"snapEveryS":10,"duration":180,"bufMaxSize":131072,"epoch":1,"waitEnd":true,"numChangelogPartition":4,"numInPartition":4,"ParNum":1,"gua":4,"serdeFormat":1}, node constraint is 5,6,7,8
encoded json is {"aid":"q5","numOutPartition":"BA==","numSubstreamProducer":"AQ==","outputTopicName":["bids"],"inputTopicName":["nexmark_src"],"commEveryMs":100,"flushMs":100,"snapEveryS":10,"duration":180,"bufMaxSize":131072,"epoch":1,"waitEnd":true,"numChangelogPartition":4,"numInPartition":4,"ParNum":3,"gua":4,"serdeFormat":1}, node constraint is 5,6,7,8
func url is http://ip-172-31-11-177.us-east-2.compute.internal:8080/function/q5bidkeyedbyauction
func name is q5aucbids
func url is http://ip-172-31-11-177.us-east-2.compute.internal:8080/function/q5aucbids
func name is q5maxbid
func url is http://ip-172-31-11-177.us-east-2.compute.internal:8080/function/q5maxbid
func name is q5aucbids
func url is http://ip-172-31-11-177.us-east-2.compute.internal:8080/function/q5aucbids
encoded json is {"aid":"q5","numOutPartition":"BA==","numSubstreamProducer":"BA==","outputTopicName":["aucBids"],"inputTopicName":["bids"],"commEveryMs":100,"flushMs":100,"snapEveryS":10,"duration":180,"bufMaxSize":131072,"epoch":1,"waitEnd":true,"numChangelogPartition":4,"numInPartition":4,"ParNum":1,"gua":4,"serdeFormat":1}, node constraint is 5,6,7,8
encoded json is {"aid":"q5","numOutPartition":"BA==","numSubstreamProducer":"BA==","outputTopicName":["aucBids"],"inputTopicName":["bids"],"commEveryMs":100,"flushMs":100,"snapEveryS":10,"duration":180,"bufMaxSize":131072,"epoch":1,"waitEnd":true,"numChangelogPartition":4,"numInPartition":4,"ParNum":2,"gua":4,"serdeFormat":1}, node constraint is 5,6,7,8
encoded json is {"aid":"q5","numOutPartition":"BA==","numSubstreamProducer":"AQ==","outputTopicName":["bids"],"inputTopicName":["nexmark_src"],"commEveryMs":100,"flushMs":100,"snapEveryS":10,"duration":180,"bufMaxSize":131072,"epoch":1,"waitEnd":true,"numChangelogPartition":4,"numInPartition":4,"ParNum":2,"gua":4,"serdeFormat":1}, node constraint is 5,6,7,8
encoded json is {"aid":"q5","numOutPartition":"BA==","numSubstreamProducer":"BA==","outputTopicName":["q5_out"],"inputTopicName":["aucBids"],"commEveryMs":100,"flushMs":100,"snapEveryS":10,"duration":180,"bufMaxSize":131072,"epoch":1,"waitEnd":true,"numChangelogPartition":4,"numInPartition":4,"gua":4,"serdeFormat":1}, node constraint is 5,6,7,8
encoded json is {"aid":"q5","numOutPartition":"BA==","numSubstreamProducer":"BA==","outputTopicName":["aucBids"],"inputTopicName":["bids"],"commEveryMs":100,"flushMs":100,"snapEveryS":10,"duration":180,"bufMaxSize":131072,"epoch":1,"waitEnd":true,"numChangelogPartition":4,"numInPartition":4,"ParNum":3,"gua":4,"serdeFormat":1}, node constraint is 5,6,7,8
encoded json is {"aid":"q5","numOutPartition":"BA==","numSubstreamProducer":"AQ==","outputTopicName":["bids"],"inputTopicName":["nexmark_src"],"commEveryMs":100,"flushMs":100,"snapEveryS":10,"duration":180,"bufMaxSize":131072,"epoch":1,"waitEnd":true,"numChangelogPartition":4,"numInPartition":4,"gua":4,"serdeFormat":1}, node constraint is 5,6,7,8
encoded json is {"aid":"q5","numOutPartition":"BA==","numSubstreamProducer":"BA==","outputTopicName":["q5_out"],"inputTopicName":["aucBids"],"commEveryMs":100,"flushMs":100,"snapEveryS":10,"duration":180,"bufMaxSize":131072,"epoch":1,"waitEnd":true,"numChangelogPartition":4,"numInPartition":4,"ParNum":3,"gua":4,"serdeFormat":1}, node constraint is 5,6,7,8
encoded json is {"aid":"q5","numOutPartition":"BA==","numSubstreamProducer":"BA==","outputTopicName":["aucBids"],"inputTopicName":["bids"],"commEveryMs":100,"flushMs":100,"snapEveryS":10,"duration":180,"bufMaxSize":131072,"epoch":1,"waitEnd":true,"numChangelogPartition":4,"numInPartition":4,"gua":4,"serdeFormat":1}, node constraint is 5,6,7,8
encoded json is {"aid":"q5","numOutPartition":"BA==","numSubstreamProducer":"BA==","outputTopicName":["q5_out"],"inputTopicName":["aucBids"],"commEveryMs":100,"flushMs":100,"snapEveryS":10,"duration":180,"bufMaxSize":131072,"epoch":1,"waitEnd":true,"numChangelogPartition":4,"numInPartition":4,"ParNum":1,"gua":4,"serdeFormat":1}, node constraint is 5,6,7,8
encoded json is {"aid":"q5","numOutPartition":"BA==","numSubstreamProducer":"BA==","outputTopicName":["q5_out"],"inputTopicName":["aucBids"],"commEveryMs":100,"flushMs":100,"snapEveryS":10,"duration":180,"bufMaxSize":131072,"epoch":1,"waitEnd":true,"numChangelogPartition":4,"numInPartition":4,"ParNum":2,"gua":4,"serdeFormat":1}, node constraint is 5,6,7,8
source-0 invoke done
source-1 invoke done
source-3 invoke done
source-2 invoke done
q5bidkeyedbyauction-1 call done
q5bidkeyedbyauction-0 call done
q5bidkeyedbyauction-3 call done
q5bidkeyedbyauction-2 call done
q5aucbids-0 call done
q5aucbids-2 call done
q5aucbids-3 call done
q5aucbids-1 call done
q5maxbid-0 call done
q5maxbid-3 call done
q5maxbid-2 call done
q5maxbid-1 call done
sink processed: 4320002, throughput: (event/s) 23999.122840910393
sink_ctrl processed: 2, throughput: (event/s) 0.011110699875097463
source-0 duration: 180.00666227

sink_ctrl processed: 2, throughput: (event/s) 0.011110675331659908
sink processed: 4320002, throughput: (event/s) 23999.06982706073
source-1 duration: 180.007059904

sink_ctrl processed: 2, throughput: (event/s) 0.01111064204449431
sink processed: 4320002, throughput: (event/s) 23998.99792674975
source-2 duration: 180.0075992

sink processed: 4320002, throughput: (event/s) 23999.11212503681
sink_ctrl processed: 2, throughput: (event/s) 0.011110694914047174
source-3 duration: 180.006742645

sink_ctrl processed 8 events, duration: 180.0075992, tp: 0.044443
sink processed 17280008 events, duration: 180.0075992, tp: 95995.991707

nexmark_src_src_ctrl processed: 1004, throughput: (event/s) 5.577135388885102
nexmark_src_src_data processed: 4320000, throughput: (event/s) 23997.235936238685
nexmark_src_src_epoch processed: 0, throughput: (event/s) 0
nexmark_src_src_logEntry processed: 8799, throughput: (event/s) 48.87770347290838
sink processed: 3974400, throughput: (event/s) 22077.45706133959
nexmark_src_src processed: 4321004, throughput: (event/s) 24002.81307162757
q5bidkeyedbyauction-0 duration: 180.020732866

nexmark_src_src_epoch processed: 0, throughput: (event/s) 0
nexmark_src_src_logEntry processed: 8812, throughput: (event/s) 48.94990028356237
sink processed: 3974400, throughput: (event/s) 22077.449351678424
nexmark_src_src processed: 4321004, throughput: (event/s) 24002.8046896135
nexmark_src_src_ctrl processed: 1004, throughput: (event/s) 5.577133441295576
nexmark_src_src_data processed: 4320000, throughput: (event/s) 23997.2275561722
q5bidkeyedbyauction-1 duration: 180.020795731

sink processed: 3974400, throughput: (event/s) 22077.399603062313
nexmark_src_src processed: 4321004, throughput: (event/s) 24002.75060246343
nexmark_src_src_ctrl processed: 1004, throughput: (event/s) 5.577120873961998
nexmark_src_src_data processed: 4320000, throughput: (event/s) 23997.17348158947
nexmark_src_src_epoch processed: 0, throughput: (event/s) 0
nexmark_src_src_logEntry processed: 8788, throughput: (event/s) 48.81647235097414
q5bidkeyedbyauction-2 duration: 180.021201385

nexmark_src_src_data processed: 4320000, throughput: (event/s) 23997.310052059627
nexmark_src_src_epoch processed: 0, throughput: (event/s) 0
nexmark_src_src_logEntry processed: 8799, throughput: (event/s) 48.87785443242423
sink processed: 3974400, throughput: (event/s) 22077.525247894857
nexmark_src_src processed: 4321004, throughput: (event/s) 24002.887204673578
nexmark_src_src_ctrl processed: 1004, throughput: (event/s) 5.5771526139508945
q5bidkeyedbyauction-3 duration: 180.020176871

nexmark_src_src_epoch processed 0 events, duration: 180.021201385
nexmark_src_src_logEntry processed 35198 events, duration: 180.021201385
sink processed 15897600 events, duration: 180.021201385
nexmark_src_src processed 17284016 events, duration: 180.021201385
nexmark_src_src_ctrl processed 4016 events, duration: 180.021201385
nexmark_src_src_data processed 17280000 events, duration: 180.021201385

bids_src_logEntry processed: 9939, throughput: (event/s) 55.20172041567878
sink processed: 19625495, throughput: (event/s) 109001.01499238372
bids_src processed: 3926106, throughput: (event/s) 21805.795928596333
bids_src_ctrl processed: 1007, throughput: (event/s) 5.592930119588342
bids_src_data processed: 3925099, throughput: (event/s) 21800.202998476743
bids_src_epoch processed: 0, throughput: (event/s) 0
q5aucbids-0 duration: 180.048736256

bids_src_data processed: 4036727, throughput: (event/s) 22413.078593217015
bids_src_epoch processed: 0, throughput: (event/s) 0
bids_src_logEntry processed: 10217, throughput: (event/s) 56.72774601475359
sink processed: 20183635, throughput: (event/s) 112065.39296608507
bids_src processed: 4037734, throughput: (event/s) 22418.669749156805
bids_src_ctrl processed: 1007, throughput: (event/s) 5.591155939792197
q5aucbids-1 duration: 180.105869134

bids_src_ctrl processed: 1007, throughput: (event/s) 5.5927621526501685
bids_src_data processed: 4006508, throughput: (event/s) 22251.68451508453
bids_src_epoch processed: 0, throughput: (event/s) 0
bids_src_logEntry processed: 10160, throughput: (event/s) 56.42747117271669
sink processed: 20032540, throughput: (event/s) 111258.42257542264
bids_src processed: 4007515, throughput: (event/s) 22257.27727723718
q5aucbids-2 duration: 180.054143644

bids_src processed: 3930273, throughput: (event/s) 21827.71197741981
bids_src_ctrl processed: 1007, throughput: (event/s) 5.592615566720619
bids_src_data processed: 3929266, throughput: (event/s) 21822.11936185309
bids_src_epoch processed: 0, throughput: (event/s) 0
bids_src_logEntry processed: 9974, throughput: (event/s) 55.392996685671754
sink processed: 19646330, throughput: (event/s) 109110.59680926545
q5aucbids-3 duration: 180.058862975

bids_src_epoch processed 0 events, duration: 180.105869134
bids_src_logEntry processed 40290 events, duration: 180.105869134
sink processed 79488000 events, duration: 180.105869134
bids_src processed 15901628 events, duration: 180.105869134
bids_src_ctrl processed 4028 events, duration: 180.105869134
bids_src_data processed 15897600 events, duration: 180.105869134

eventTimeLatency_sink, p50: 83 ms, p90: 132 ms, p99: 208 ms
aucBids_src processed: 16235339, throughput: (event/s) 90151.51655560257
aucBids_src_ctrl processed: 1007, throughput: (event/s) 5.5916650198367766
aucBids_src_data processed: 16234332, throughput: (event/s) 90145.92489058274
aucBids_src_epoch processed: 0, throughput: (event/s) 0
aucBids_src_logEntry processed: 11915, throughput: (event/s) 66.16155780670825
sink processed: 65043, throughput: (event/s) 361.1704745633004
q5maxbid-0 duration: 180.089471817

eventTimeLatency_sink, p50: 73 ms, p90: 130 ms, p99: 195 ms
aucBids_src_logEntry processed: 19822, throughput: (event/s) 110.06748085098869
sink processed: 107798, throughput: (event/s) 598.5800777305458
aucBids_src processed: 28183371, throughput: (event/s) 156496.45080510594
aucBids_src_ctrl processed: 1007, throughput: (event/s) 5.591663465691939
aucBids_src_data processed: 28182364, throughput: (event/s) 156490.85914164025
aucBids_src_epoch processed: 0, throughput: (event/s) 0
q5maxbid-1 duration: 180.089521871

eventTimeLatency_sink, p50: 80 ms, p90: 123 ms, p99: 218 ms
aucBids_src processed: 18918023, throughput: (event/s) 105047.386766446
aucBids_src_ctrl processed: 1007, throughput: (event/s) 5.591637058154074
aucBids_src_data processed: 18917016, throughput: (event/s) 105041.79512938784
aucBids_src_epoch processed: 0, throughput: (event/s) 0
aucBids_src_logEntry processed: 13857, throughput: (event/s) 76.94470180222542
sink processed: 74990, throughput: (event/s) 416.4020486504211
q5maxbid-2 duration: 180.090372377

eventTimeLatency_sink, p50: 76 ms, p90: 116 ms, p99: 174 ms
aucBids_src_logEntry processed: 11977, throughput: (event/s) 66.50478203039427
sink processed: 62194, throughput: (event/s) 345.34511259900984
aucBids_src processed: 16155295, throughput: (event/s) 89705.63351521401
aucBids_src_ctrl processed: 1007, throughput: (event/s) 5.591576814277952
aucBids_src_data processed: 16154288, throughput: (event/s) 89700.04193839974
aucBids_src_epoch processed: 0, throughput: (event/s) 0
q5maxbid-3 duration: 180.092312678

aucBids_src processed 79492028 events, duration: 180.092312678
aucBids_src_ctrl processed 4028 events, duration: 180.092312678
aucBids_src_data processed 79488000 events, duration: 180.092312678
aucBids_src_epoch processed 0 events, duration: 180.092312678
aucBids_src_logEntry processed 57571 events, duration: 180.092312678
sink processed 310025 events, duration: 180.092312678

