parallel restore str: , false
env str: , async2ndPhase: false
env str: , create snapshot: false
2024/03/03 11:09:20 [INFO] Load configuration for function scale[40]
2024/03/03 11:09:20 [INFO] Load configuration for function chkptmngr[50]
2024/03/03 11:09:20 [INFO] Load configuration for function redisSetup[70]
2024/03/03 11:09:20 [INFO] Load configuration for function source[20]
2024/03/03 11:09:20 [INFO] Load configuration for function query2[30]
2024/03/03 11:09:20 [INFO] Parse FAAS_ENGINE_ID: 8
2024/03/03 11:09:20 [INFO] Parse FAAS_ENGINE_ID: 8
2024/03/03 11:09:20 [INFO] Current GOMAXPROCS is 2
2024/03/03 11:09:20 [INFO] Parse FAAS_ENGINE_ID: 8
2024/03/03 11:09:20 [INFO] Current GOMAXPROCS is 3
2024/03/03 11:09:20 [INFO] Parse FAAS_ENGINE_ID: 8
2024/03/03 11:09:20 [INFO] Current GOMAXPROCS is 4
2024/03/03 11:09:20 [INFO] Start new FuncWorker with client id 2
2024/03/03 11:09:20 [INFO] Start new FuncWorker with client id 3
2024/03/03 11:09:20 [INFO] Start new FuncWorker with client id 4
2024/03/03 11:09:20 [INFO] Start new FuncWorker with client id 5
Enter nexmark: funcName: query2
2024/03/03 11:09:20 [INFO] Handshake with engine done
Enter nexmark: funcName: query2
2024/03/03 11:09:20 [INFO] Handshake with engine done
Enter nexmark: funcName: query2
2024/03/03 11:09:20 [INFO] Handshake with engine done
Enter nexmark: funcName: query2
2024/03/03 11:09:20 [INFO] Handshake with engine done
new buffered sink stream nexmark_src[0] with bufMaxSize 131072
new buffered sink stream nexmark_src[1] with bufMaxSize 131072
new buffered sink stream nexmark_src[2] with bufMaxSize 131072
new buffered sink stream nexmark_src[3] with bufMaxSize 131072
new buffered sink stream q2_out[0] with bufMaxSize 131072
new buffered sink stream q2_out[1] with bufMaxSize 131072
new buffered sink stream q2_out[2] with bufMaxSize 131072
new buffered sink stream q2_out[3] with bufMaxSize 131072
nexmark_src notEnded: map[0:{}], notScaleFence: map[0:{}]
redis address is [snapcache-1:6666 snapcache-2:6666 snapcache-3:6666 snapcache-4:6666]
new buffered sink stream __control_log_q2[0] with bufMaxSize 131072
new buffered sink stream __control_log_q2[0] with bufMaxSize 131072
[0] finished prev task source, funcName query2, meta epoch 0, current epoch 1, cmm instance 0, remain instances: map[]
[1] finished prev task source, funcName query2, meta epoch 0, current epoch 1, cmm instance 0, remain instances: map[]
[2] finished prev task source, funcName query2, meta epoch 0, current epoch 1, cmm instance 0, remain instances: map[]
[3] finished prev task source, funcName query2, meta epoch 0, current epoch 1, cmm instance 0, remain instances: map[]
[0] finished prev task query2, funcName query2, meta epoch 0, current epoch 1, cmm instance 0, remain instances: map[]
[0] prodId: ProducerId: {TaskId: 0x2000400000001, TaskEpoch: 0x1}, warmup time: 0s, flush every: 100ms, waitEndMark: true
nexmark_src_src counter: dur=10.003938169s, value=323223, rate=32309.57594296183 per second
q2_out_sink counter: dur=10.019800632s, value=1976, rate=197.20951270121037 per second
q2_out_sink stats (1976 samples): dur=10.01981925s, p50=0, p90=1, p99=1
q2_out_bufEntry_0 stats (200 samples): dur=11.598464018s, p50=6, p90=13, p99=80
q2_out_bufSize_0 stats (200 samples): dur=11.598486223s, p50=1573, p90=3306, p99=20462
nexmark_src_src counter: dur=10.001243407s, value=643439, rate=32017.618906852786 per second
q2_out_sink counter: dur=10.015814432s, value=4765, rate=278.45963190864353 per second
q2_out_sink stats (2789 samples): dur=10.015814995s, p50=0, p90=0, p99=1
WaitAlignTime_0(ms) stats (200 samples): dur=22.669944523s, p50=0, p90=0, p99=0
createChkpt_0(ms) stats (200 samples): dur=22.668415386s, p50=1, p90=2, p99=29
q2_out_bufEntry_0 stats (200 samples): dur=11.697744446s, p50=7, p90=15, p99=309
q2_out_bufSize_0 stats (200 samples): dur=11.697744179s, p50=1783, p90=3652, p99=78470
nexmark_src_src counter: dur=10.011871518s, value=964166, rate=32034.66998386625 per second
q2_out_sink counter: dur=10.005672574s, value=6779, rate=201.28581912958367 per second
q2_out_sink stats (2014 samples): dur=10.00567145s, p50=0, p90=1, p99=1
q2_out_bufEntry_0 stats (200 samples): dur=11.683208521s, p50=7, p90=13, p99=300
q2_out_bufSize_0 stats (200 samples): dur=11.683208476s, p50=1765, p90=3445, p99=76329
nexmark_src_src counter: dur=10.012010662s, value=1284671, rate=32012.051407062314 per second
q2_out_sink counter: dur=10.00035736s, value=9464, rate=268.4904052268788 per second
q2_out_sink stats (2685 samples): dur=10.000359193s, p50=0, p90=0, p99=1
WaitAlignTime_0(ms) stats (200 samples): dur=22.948926553s, p50=0, p90=0, p99=0
createChkpt_0(ms) stats (200 samples): dur=22.949601418s, p50=1, p90=2, p99=33
q2_out_bufEntry_0 stats (200 samples): dur=12.074601229s, p50=7, p90=14, p99=274
q2_out_bufSize_0 stats (200 samples): dur=12.074602216s, p50=1791, p90=3673, p99=70666
nexmark_src_src counter: dur=10.002064633s, value=1604820, rate=32008.29146251729 per second
q2_out_sink counter: dur=10.028590237s, value=11432, rate=196.23894819624388 per second
q2_out_sink stats (1968 samples): dur=10.028600617s, p50=0, p90=1, p99=1
q2_out_bufEntry_0 stats (200 samples): dur=11.803813688s, p50=7, p90=14, p99=304
q2_out_bufSize_0 stats (200 samples): dur=11.803811957s, p50=1742, p90=3538, p99=77835
nexmark_src_src counter: dur=10.00076546s, value=1924939, rate=32009.44980465525 per second
q2_out_sink counter: dur=10.012023293s, value=14212, rate=277.6661538476107 per second
q2_out_sink stats (2780 samples): dur=10.012015032s, p50=0, p90=0, p99=1
WaitAlignTime_0(ms) stats (200 samples): dur=22.992074589s, p50=0, p90=0, p99=0
createChkpt_0(ms) stats (200 samples): dur=22.991773413s, p50=1, p90=6, p99=43
nexmark_src_src counter: dur=10.009274529s, value=2245315, rate=32007.914167182695 per second
q2_out_sink counter: dur=10.01024377s, value=16948, rate=273.3200172606785 per second
q2_out_sink stats (2736 samples): dur=10.010243428s, p50=0, p90=0, p99=1
q2_out_bufEntry_0 stats (200 samples): dur=11.836396206s, p50=7, p90=13, p99=326
q2_out_bufSize_0 stats (200 samples): dur=11.83639506s, p50=1761, p90=3367, p99=84189
nexmark_src_src counter: dur=10.000317205s, value=2565403, rate=32007.784697065516 per second
q2_out_sink counter: dur=10.002907998s, value=18928, rate=197.94243837850803 per second
q2_out_sink stats (1980 samples): dur=10.002906579s, p50=0, p90=1, p99=1
q2_out_bufEntry_0 stats (200 samples): dur=11.632211192s, p50=6, p90=13, p99=65
q2_out_bufSize_0 stats (200 samples): dur=11.632211669s, p50=1611, p90=3242, p99=16674
nexmark_src_src counter: dur=10.005856768s, value=2885683, rate=32009.252923177566 per second
q2_out_sink counter: dur=10.001688887s, value=21655, rate=272.6539518285258 per second
q2_out_sink stats (2727 samples): dur=10.001706667s, p50=0, p90=0, p99=1
WaitAlignTime_0(ms) stats (200 samples): dur=22.712833816s, p50=0, p90=0, p99=0
createChkpt_0(ms) stats (200 samples): dur=22.712407082s, p50=1, p90=2, p99=41
q2_out_bufEntry_0 stats (200 samples): dur=11.794580044s, p50=7, p90=14, p99=336
q2_out_bufSize_0 stats (200 samples): dur=11.794580479s, p50=1698, p90=3540, p99=86956
nexmark_src_src counter: dur=10.006756307s, value=3206042, rate=32014.270176230846 per second
q2_out_sink counter: dur=10.036407175s, value=23632, rate=196.9828411231233 per second
q2_out_sink stats (1977 samples): dur=10.036390113s, p50=0, p90=1, p99=1
q2_out_bufEntry_0 stats (200 samples): dur=11.962122704s, p50=7, p90=13, p99=237
q2_out_bufSize_0 stats (200 samples): dur=11.962121412s, p50=1796, p90=3358, p99=61146
nexmark_src_src counter: dur=10.002399848s, value=3526179, rate=32006.01904192143 per second
q2_out_sink counter: dur=10.010188681s, value=26410, rate=277.5172465303104 per second
q2_out_sink stats (2778 samples): dur=10.010198779s, p50=0, p90=0, p99=1
WaitAlignTime_0(ms) stats (200 samples): dur=22.768390404s, p50=0, p90=0, p99=0
createChkpt_0(ms) stats (200 samples): dur=22.774539664s, p50=1, p90=2, p99=29
q2_out_bufEntry_0 stats (200 samples): dur=11.768079794s, p50=7, p90=14, p99=210
q2_out_bufSize_0 stats (200 samples): dur=11.768080848s, p50=1849, p90=3515, p99=54071
nexmark_src_src counter: dur=10.000415566s, value=3846265, rate=32007.26988668823 per second
q2_out_sink counter: dur=10.006273652s, value=28397, rate=198.57542069148278 per second
q2_out_sink stats (1987 samples): dur=10.006262639s, p50=0, p90=1, p99=1
q2_out_bufEntry_0 stats (200 samples): dur=11.854204414s, p50=7, p90=14, p99=364
q2_out_bufSize_0 stats (200 samples): dur=11.85420462s, p50=1728, p90=3514, p99=93562
nexmark_src_src counter: dur=10.010400815s, value=4166673, rate=32007.50958142329 per second
q2_out_sink counter: dur=10.019620614s, value=31152, rate=274.960510595636 per second
q2_out_sink stats (2755 samples): dur=10.019622071s, p50=0, p90=0, p99=1
WaitAlignTime_0(ms) stats (200 samples): dur=22.942626373s, p50=0, p90=0, p99=0
createChkpt_0(ms) stats (200 samples): dur=22.936456672s, p50=1, p90=3, p99=54
nexmark_src_src counter: dur=10.010254644s, value=4487081, rate=32007.97695911241 per second
q2_out_sink counter: dur=10.007523273s, value=33070, rate=191.65581210035322 per second
q2_out_sink stats (1918 samples): dur=10.007533358s, p50=0, p90=1, p99=1
q2_out_bufEntry_0 stats (200 samples): dur=11.330969568s, p50=6, p90=12, p99=290
q2_out_bufSize_0 stats (200 samples): dur=11.33097027s, p50=1607, p90=3084, p99=74913
nexmark_src_src counter: dur=10.002007024s, value=4807234, rate=32008.87574181732 per second
q2_out_sink counter: dur=10.002838247s, value=35844, rate=277.3212893682415 per second
q2_out_sink stats (2774 samples): dur=10.002837323s, p50=0, p90=0, p99=1
q2_out_bufEntry_0 stats (200 samples): dur=11.746015308s, p50=7, p90=13, p99=20
q2_out_bufSize_0 stats (200 samples): dur=11.746013797s, p50=1737, p90=3367, p99=5255
WaitAlignTime_0(ms) stats (200 samples): dur=22.505969051s, p50=0, p90=0, p99=0
createChkpt_0(ms) stats (200 samples): dur=22.506648837s, p50=1, p90=2, p99=20
nexmark_src_src counter: dur=10.004285311s, value=5127451, rate=32007.98358358614 per second
q2_out_sink counter: dur=10.007260961s, value=38587, rate=274.10097635006605 per second
q2_out_sink stats (2743 samples): dur=10.007255048s, p50=0, p90=0, p99=1
q2_out_bufEntry_0 stats (200 samples): dur=11.515571988s, p50=7, p90=13, p99=283
q2_out_bufSize_0 stats (200 samples): dur=11.515573044s, p50=1728, p90=3354, p99=73221
nexmark_src_src counter: dur=10.005895528s, value=5447732, rate=32009.22886949415 per second
q2_out_sink counter: dur=10.009576693s, value=40553, rate=196.41190235096389 per second
q2_out_sink stats (1966 samples): dur=10.009571766s, p50=0, p90=1, p99=1
q2_out_bufEntry_0 stats (200 samples): dur=11.429407124s, p50=6, p90=13, p99=276
q2_out_bufSize_0 stats (200 samples): dur=11.429405265s, p50=1597, p90=3291, p99=71557
0 producer ended, map[] remain
exit due to ctrlMsg
createChkpt_0(ms) (182 samples): dur=20.389597049s, data=[1 1 1 2 1 1 2 1 1 1 1 1 1 1 1 1 1 1 1 1 1 1 3 2 14 11 1 2 1 1 1 2 2 2 1 1 1 1 1 1 1 1 1 2 2 1 1 14 1 2 1 1 1 1 1 1 2 1 1 1 2 1 2 1 1 1 2 1 2 4 1 2 14 1 1 4 2 1 2 1 1 1 1 1 1 1 7 2 20 1 1 1 1 1 1 1 2 1 3 1 1 1 1 1 1 1 1 2 1 1 5 1 1 1 1 1 1 1 1 1 1 2 2 2 2 1 1 1 1 1 1 1 1 15 2 1 1 1 1 1 1 3 2 1 1 1 1 1 1 1 2 3 7 21 2 1 1 1 1 1 1 1 1 1 1 1 1 1 2 1 2 1 1 2 1 1 1 1 1 1 2 2]
[0]duration: 180.091038 s, uts: 1709464469980
WaitAlignTime_0(ms) (182 samples): dur=20.394542467s, data=[0 0 0 0 0 0 0 0 0 0 0 0 0 0 0 0 0 0 0 0 0 0 0 0 0 0 0 0 0 0 0 0 0 0 0 0 0 0 0 0 0 0 0 0 0 0 0 0 0 0 0 0 0 0 0 0 0 0 0 0 0 0 0 0 0 0 0 0 0 0 0 0 0 0 0 0 0 0 0 0 0 0 0 0 0 0 0 0 0 0 0 0 0 0 0 0 0 0 0 0 0 0 0 0 0 0 0 0 0 0 0 0 0 0 0 0 0 0 0 0 0 0 0 0 0 0 0 0 0 0 0 0 0 0 0 0 0 0 0 0 0 0 0 0 0 0 0 0 0 0 0 0 0 0 0 0 0 0 0 0 0 0 0 0 0 0 0 0 0 0 0 0 0 0 0 0 0 0 0 0 0 0]
nexmark_src_src msgCnt 5761583, ctrlCnt 1583, epochCnt 0, logEntry 14044
sink msgCnt 43271, ctrlCnt 1583
