wait for last: true, sink max_buf_size: 131072
warmup: 0
config: map[NodeConstraint:"1,2,3,4" NumInstance:4 OutputTopicName:["nexmark_src"] funcName:"source"]
config: map[InputTopicNames:["nexmark_src"] NodeConstraint:"5,6,7,8" NumInstance:4 NumSrcProducer:[1] OutputTopicName:["q3_aucsBySellerID_out","q3_personsByID_out"] funcName:"q3GroupBy"]
config: map[Final:true InputTopicNames:["q3_aucsBySellerID_out","q3_personsByID_out"] NodeConstraint:"5,6,7,8" NumInstance:4 NumSrcProducer:[4,4] OutputTopicName:["q3_out"] funcName:"q3JoinTable"]
srcInvokeConfig: &{FinalTpNames:[q3_out] TopicName:nexmark_src AppId:q3 NodeConstraint:1,2,3,4 AdditionalBytes:0 ScaleEpoch:0 NumOutPartition:4 InstanceID:0 NumSrcInstance:4}
cliNodes: [0xc0000261e0 0xc000026240]
inParamsMap: map[q3GroupBy:[0xc00007eaa0 0xc00007eb40 0xc00007ebe0 0xc00007ec80] q3JoinTable:[0xc00007ed20 0xc00007edc0 0xc00007ee60 0xc00007ef00]]
configScaleInput: &{Config:map[changelog:4 nexmark_src:4 q3GroupBy:4 q3JoinTable:4 q3_aucsBySellerID_out:4 q3_out:4 q3_personsByID_out:4 source:4] AppId:q3 FuncNames:[source q3GroupBy q3JoinTable] BufMaxSize:131072 ScaleEpoch:0 SerdeFormat:1 Bootstrap:false}
encoded json is {"sg":{"changelog":4,"nexmark_src":4,"q3GroupBy":4,"q3JoinTable":4,"q3_aucsBySellerID_out":4,"q3_out":4,"q3_personsByID_out":4,"source":4},"aid":"q3","fns":["source","q3GroupBy","q3JoinTable"],"bufMaxSize":131072,"epoch":1,"serdeFormat":1,"bs":true}, node constraint is 1
encoded json is {"outTpNames":["q3_out"]}, node constraint is 1
redis_setup url is http://ip-172-31-6-184.us-east-2.compute.internal:8080/function/redisSetup
encoded json is {"srcTpName":"nexmark_src","outTpNames":["q3_out"],"numOutParts":"BA==","chkptEveryMs":100,"bufMaxSize":131072,"srcNumPart":4,"gua":4,"serde_format":1}, node constraint is 1
chkptmngr url is http://ip-172-31-6-184.us-east-2.compute.internal:8080/function/chkptmngr
func source url is http://ip-172-31-6-184.us-east-2.compute.internal:8080/function/source
func source url is http://ip-172-31-6-184.us-east-2.compute.internal:8080/function/source
func source url is http://ip-172-31-6-184.us-east-2.compute.internal:8080/function/source
src instance: 4
encoded json is {"topic_name":"nexmark_src","rate_shape":"square","aid":"q3","events_num":5760000,"rate_period":10000000000,"finOutTpNs":["q3_out"],"first_event_rate":32000,"next_event_rate":32000,"bid_avg_size":100,"person_avg_size":200,"auction_avg_size":500,"duration":180,"person_proportion":1,"auction_proportion":3,"bid_proportion":46,"bid_hot_ratio_auctions":2,"bid_hot_ratio_bidders":4,"auction_hot_ratio_sellers":4,"flushms":100,"bufMaxSize":131072,"commEveryMs":100,"rate_limited":false,"waitEnd":true,"serde_format":1,"numOutPar":4,"nSrcIns":4,"gua":4}, node constraint is 1,2,3,4
encoded json is {"topic_name":"nexmark_src","rate_shape":"square","aid":"q3","events_num":5760000,"rate_period":10000000000,"finOutTpNs":["q3_out"],"first_event_rate":32000,"next_event_rate":32000,"bid_avg_size":100,"person_avg_size":200,"auction_avg_size":500,"duration":180,"person_proportion":1,"auction_proportion":3,"bid_proportion":46,"bid_hot_ratio_auctions":2,"bid_hot_ratio_bidders":4,"auction_hot_ratio_sellers":4,"flushms":100,"bufMaxSize":131072,"commEveryMs":100,"rate_limited":false,"waitEnd":true,"serde_format":1,"numOutPar":4,"parNum":3,"nSrcIns":4,"gua":4}, node constraint is 1,2,3,4
encoded json is {"topic_name":"nexmark_src","rate_shape":"square","aid":"q3","events_num":5760000,"rate_period":10000000000,"finOutTpNs":["q3_out"],"first_event_rate":32000,"next_event_rate":32000,"bid_avg_size":100,"person_avg_size":200,"auction_avg_size":500,"duration":180,"person_proportion":1,"auction_proportion":3,"bid_proportion":46,"bid_hot_ratio_auctions":2,"bid_hot_ratio_bidders":4,"auction_hot_ratio_sellers":4,"flushms":100,"bufMaxSize":131072,"commEveryMs":100,"rate_limited":false,"waitEnd":true,"serde_format":1,"numOutPar":4,"parNum":2,"nSrcIns":4,"gua":4}, node constraint is 1,2,3,4
func source url is http://ip-172-31-6-184.us-east-2.compute.internal:8080/function/source
encoded json is {"topic_name":"nexmark_src","rate_shape":"square","aid":"q3","events_num":5760000,"rate_period":10000000000,"finOutTpNs":["q3_out"],"first_event_rate":32000,"next_event_rate":32000,"bid_avg_size":100,"person_avg_size":200,"auction_avg_size":500,"duration":180,"person_proportion":1,"auction_proportion":3,"bid_proportion":46,"bid_hot_ratio_auctions":2,"bid_hot_ratio_bidders":4,"auction_hot_ratio_sellers":4,"flushms":100,"bufMaxSize":131072,"commEveryMs":100,"rate_limited":false,"waitEnd":true,"serde_format":1,"numOutPar":4,"parNum":1,"nSrcIns":4,"gua":4}, node constraint is 1,2,3,4
Waiting for all client to return
func name is q3JoinTable
func url is http://ip-172-31-6-184.us-east-2.compute.internal:8080/function/q3JoinTable
func name is q3GroupBy
func url is http://ip-172-31-6-184.us-east-2.compute.internal:8080/function/q3GroupBy
func name is q3GroupBy
func url is http://ip-172-31-6-184.us-east-2.compute.internal:8080/function/q3GroupBy
func name is q3GroupBy
func url is http://ip-172-31-6-184.us-east-2.compute.internal:8080/function/q3GroupBy
func name is q3JoinTable
func url is http://ip-172-31-6-184.us-east-2.compute.internal:8080/function/q3JoinTable
func name is q3GroupBy
func url is http://ip-172-31-6-184.us-east-2.compute.internal:8080/function/q3GroupBy
func name is q3JoinTable
func url is http://ip-172-31-6-184.us-east-2.compute.internal:8080/function/q3JoinTable
func name is q3JoinTable
encoded json is {"aid":"q3","numOutPartition":"BA==","numSubstreamProducer":"BAQ=","outputTopicName":["q3_out"],"inputTopicName":["q3_aucsBySellerID_out","q3_personsByID_out"],"commEveryMs":100,"flushMs":100,"snapEveryS":10,"duration":180,"bufMaxSize":131072,"epoch":1,"waitEnd":true,"numChangelogPartition":4,"numInPartition":4,"ParNum":3,"gua":4,"serdeFormat":1}, node constraint is 5,6,7,8
encoded json is {"aid":"q3","numOutPartition":"BAQ=","numSubstreamProducer":"AQ==","outputTopicName":["q3_aucsBySellerID_out","q3_personsByID_out"],"inputTopicName":["nexmark_src"],"commEveryMs":100,"flushMs":100,"snapEveryS":10,"duration":180,"bufMaxSize":131072,"epoch":1,"waitEnd":true,"numChangelogPartition":4,"numInPartition":4,"gua":4,"serdeFormat":1}, node constraint is 5,6,7,8
func url is http://ip-172-31-6-184.us-east-2.compute.internal:8080/function/q3JoinTable
encoded json is {"aid":"q3","numOutPartition":"BAQ=","numSubstreamProducer":"AQ==","outputTopicName":["q3_aucsBySellerID_out","q3_personsByID_out"],"inputTopicName":["nexmark_src"],"commEveryMs":100,"flushMs":100,"snapEveryS":10,"duration":180,"bufMaxSize":131072,"epoch":1,"waitEnd":true,"numChangelogPartition":4,"numInPartition":4,"ParNum":1,"gua":4,"serdeFormat":1}, node constraint is 5,6,7,8
encoded json is {"aid":"q3","numOutPartition":"BAQ=","numSubstreamProducer":"AQ==","outputTopicName":["q3_aucsBySellerID_out","q3_personsByID_out"],"inputTopicName":["nexmark_src"],"commEveryMs":100,"flushMs":100,"snapEveryS":10,"duration":180,"bufMaxSize":131072,"epoch":1,"waitEnd":true,"numChangelogPartition":4,"numInPartition":4,"ParNum":3,"gua":4,"serdeFormat":1}, node constraint is 5,6,7,8
encoded json is {"aid":"q3","numOutPartition":"BA==","numSubstreamProducer":"BAQ=","outputTopicName":["q3_out"],"inputTopicName":["q3_aucsBySellerID_out","q3_personsByID_out"],"commEveryMs":100,"flushMs":100,"snapEveryS":10,"duration":180,"bufMaxSize":131072,"epoch":1,"waitEnd":true,"numChangelogPartition":4,"numInPartition":4,"ParNum":2,"gua":4,"serdeFormat":1}, node constraint is 5,6,7,8
encoded json is {"aid":"q3","numOutPartition":"BA==","numSubstreamProducer":"BAQ=","outputTopicName":["q3_out"],"inputTopicName":["q3_aucsBySellerID_out","q3_personsByID_out"],"commEveryMs":100,"flushMs":100,"snapEveryS":10,"duration":180,"bufMaxSize":131072,"epoch":1,"waitEnd":true,"numChangelogPartition":4,"numInPartition":4,"gua":4,"serdeFormat":1}, node constraint is 5,6,7,8
encoded json is {"aid":"q3","numOutPartition":"BAQ=","numSubstreamProducer":"AQ==","outputTopicName":["q3_aucsBySellerID_out","q3_personsByID_out"],"inputTopicName":["nexmark_src"],"commEveryMs":100,"flushMs":100,"snapEveryS":10,"duration":180,"bufMaxSize":131072,"epoch":1,"waitEnd":true,"numChangelogPartition":4,"numInPartition":4,"ParNum":2,"gua":4,"serdeFormat":1}, node constraint is 5,6,7,8
encoded json is {"aid":"q3","numOutPartition":"BA==","numSubstreamProducer":"BAQ=","outputTopicName":["q3_out"],"inputTopicName":["q3_aucsBySellerID_out","q3_personsByID_out"],"commEveryMs":100,"flushMs":100,"snapEveryS":10,"duration":180,"bufMaxSize":131072,"epoch":1,"waitEnd":true,"numChangelogPartition":4,"numInPartition":4,"ParNum":1,"gua":4,"serdeFormat":1}, node constraint is 5,6,7,8
source-2 invoke done
source-3 invoke done
source-1 invoke done
source-0 invoke done
q3GroupBy-0 call done
q3GroupBy-1 call done
q3GroupBy-3 call done
q3GroupBy-2 call done
q3JoinTable-0 call done
q3JoinTable-2 call done
q3JoinTable-1 call done
q3JoinTable-3 call done
sink processed: 1440002, throughput: (event/s) 7997.278935841441
sink_ctrl processed: 2, throughput: (event/s) 0.011107316428506962
source-0 duration: 180.06149486

sink processed: 1440002, throughput: (event/s) 7997.024098034631
sink_ctrl processed: 2, throughput: (event/s) 0.011106962487600198
source-1 duration: 180.067232804

sink processed: 1440002, throughput: (event/s) 7997.02641661726
sink_ctrl processed: 2, throughput: (event/s) 0.011106965707849378
source-2 duration: 180.067180597

sink processed: 1440002, throughput: (event/s) 7997.37867786189
sink_ctrl processed: 2, throughput: (event/s) 0.011107454958898515
source-3 duration: 180.059249162

sink processed 5760008 events, duration: 180.067232804, tp: 31988.096392
sink_ctrl processed 8 events, duration: 180.067232804, tp: 0.044428

nexmark_src_src_ctrl processed: 1286, throughput: (event/s) 7.141321708711624
nexmark_src_src_data processed: 1440000, throughput: (event/s) 7996.503313020792
nexmark_src_src_epoch processed: 0, throughput: (event/s) 0
nexmark_src_src_logEntry processed: 3526, throughput: (event/s) 19.580326862299522
perSink processed: 14206, throughput: (event/s) 78.8877264338704
aucSink processed: 17470, throughput: (event/s) 97.01313394338419
nexmark_src_src processed: 1441286, throughput: (event/s) 8003.644634729504
q3GroupBy-0 duration: 180.07870986

nexmark_src_src processed: 1441286, throughput: (event/s) 8003.340110123161
nexmark_src_src_ctrl processed: 1286, throughput: (event/s) 7.14104999397648
nexmark_src_src_data processed: 1440000, throughput: (event/s) 7996.1990601291845
nexmark_src_src_epoch processed: 0, throughput: (event/s) 0
nexmark_src_src_logEntry processed: 3524, throughput: (event/s) 19.568476033260588
perSink processed: 14493, throughput: (event/s) 80.47841179059185
aucSink processed: 17389, throughput: (event/s) 96.55965656707389
q3GroupBy-1 duration: 180.085561799

aucSink processed: 17394, throughput: (event/s) 96.58419306178449
nexmark_src_src processed: 1441286, throughput: (event/s) 8003.072627414461
nexmark_src_src_ctrl processed: 1286, throughput: (event/s) 7.140811330197474
nexmark_src_src_data processed: 1440000, throughput: (event/s) 7995.931816084263
nexmark_src_src_epoch processed: 0, throughput: (event/s) 0
nexmark_src_src_logEntry processed: 3525, throughput: (event/s) 19.573374758122934
perSink processed: 14356, throughput: (event/s) 79.71499802201784
q3GroupBy-2 duration: 180.091580709

nexmark_src_src_ctrl processed: 1286, throughput: (event/s) 7.1413459625348805
nexmark_src_src_data processed: 1440000, throughput: (event/s) 7996.530471267673
nexmark_src_src_epoch processed: 0, throughput: (event/s) 0
nexmark_src_src_logEntry processed: 3526, throughput: (event/s) 19.580393362284596
perSink processed: 14417, throughput: (event/s) 80.05970819740698
aucSink processed: 17360, throughput: (event/s) 96.40261734806029
nexmark_src_src processed: 1441286, throughput: (event/s) 8003.671817230209
q3GroupBy-3 duration: 180.078098267

nexmark_src_src_logEntry processed 14101 events, duration: 180.091580709
perSink processed 57472 events, duration: 180.091580709
aucSink processed 69613 events, duration: 180.091580709
nexmark_src_src processed 5765144 events, duration: 180.091580709
nexmark_src_src_ctrl processed 5144 events, duration: 180.091580709
nexmark_src_src_data processed 5760000 events, duration: 180.091580709
nexmark_src_src_epoch processed 0 events, duration: 180.091580709

eventTimeLatency_sink, p50: 73 ms, p90: 121 ms, p99: 154 ms
personsSrc_logEntry processed: 7189, throughput: (event/s) 39.91108321991252
personsSrc_data processed: 14352, throughput: (event/s) 79.6778225583787
auctionsSrc processed: 17157, throughput: (event/s) 95.25030669133942
auctionsSrc_ctrl processed: 1289, throughput: (event/s) 7.156125507089614
auctionsSrc_epoch processed: 0, throughput: (event/s) 0
auctionsSrc_logEntry processed: 4845, throughput: (event/s) 26.897927138750333
personsSrc processed: 15641, throughput: (event/s) 86.8339480654683
sink processed: 14175, throughput: (event/s) 78.69517382699401
auctionsSrc_data processed: 15868, throughput: (event/s) 88.0941811842498
personsSrc_ctrl processed: 1289, throughput: (event/s) 7.156125507089614
personsSrc_epoch processed: 0, throughput: (event/s) 0
q3JoinTable-0 duration: 180.125404274

eventTimeLatency_sink, p50: 73 ms, p90: 120 ms, p99: 154 ms
auctionsSrc_data processed: 16352, throughput: (event/s) 90.78079661377545
auctionsSrc_epoch processed: 0, throughput: (event/s) 0
auctionsSrc_logEntry processed: 4906, throughput: (event/s) 27.236459649411835
auctionsSrc processed: 17641, throughput: (event/s) 97.93689047600371
personsSrc_data processed: 14461, throughput: (event/s) 80.28260150634826
personsSrc_epoch processed: 0, throughput: (event/s) 0
personsSrc_logEntry processed: 7249, throughput: (event/s) 40.24400652233722
personsSrc_ctrl processed: 1289, throughput: (event/s) 7.156093862228262
sink processed: 15196, throughput: (event/s) 84.36307395688183
auctionsSrc_ctrl processed: 1289, throughput: (event/s) 7.156093862228262
personsSrc processed: 15750, throughput: (event/s) 87.43869536857652
q3JoinTable-1 duration: 180.126200804

eventTimeLatency_sink, p50: 73 ms, p90: 120 ms, p99: 157 ms
personsSrc_ctrl processed: 1289, throughput: (event/s) 7.156053832572848
personsSrc_logEntry processed: 7275, throughput: (event/s) 40.38812384171254
auctionsSrc processed: 17936, throughput: (event/s) 99.57407412026889
auctionsSrc_ctrl processed: 1289, throughput: (event/s) 7.156053832572848
personsSrc processed: 15536, throughput: (event/s) 86.25015697661115
auctionsSrc_logEntry processed: 4791, throughput: (event/s) 26.597869598026776
auctionsSrc_data processed: 16647, throughput: (event/s) 92.41802028769605
auctionsSrc_epoch processed: 0, throughput: (event/s) 0
personsSrc_data processed: 14247, throughput: (event/s) 79.0941031440383
sink processed: 14890, throughput: (event/s) 82.66380261210993
personsSrc_epoch processed: 0, throughput: (event/s) 0
q3JoinTable-2 duration: 180.127208397

eventTimeLatency_sink, p50: 74 ms, p90: 121 ms, p99: 155 ms
personsSrc_logEntry processed: 7254, throughput: (event/s) 40.269815670623046
personsSrc_epoch processed: 0, throughput: (event/s) 0
sink processed: 19246, throughput: (event/s) 106.84213846109887
auctionsSrc_ctrl processed: 1289, throughput: (event/s) 7.155747504746776
personsSrc_data processed: 14412, throughput: (event/s) 80.00669746967458
auctionsSrc_logEntry processed: 5368, throughput: (event/s) 29.799885652040878
personsSrc_ctrl processed: 1289, throughput: (event/s) 7.155747504746776
auctionsSrc_data processed: 20746, throughput: (event/s) 115.16923020440389
personsSrc processed: 15701, throughput: (event/s) 87.16244497442135
auctionsSrc processed: 22035, throughput: (event/s) 122.32497770915066
auctionsSrc_epoch processed: 0, throughput: (event/s) 0
q3JoinTable-3 duration: 180.134919398

personsSrc_data processed 57472 events, duration: 180.134919398
auctionsSrc_epoch processed 0 events, duration: 180.134919398
auctionsSrc_logEntry processed 19910 events, duration: 180.134919398
personsSrc processed 62628 events, duration: 180.134919398
personsSrc_epoch processed 0 events, duration: 180.134919398
personsSrc_logEntry processed 28967 events, duration: 180.134919398
auctionsSrc processed 74769 events, duration: 180.134919398
auctionsSrc_ctrl processed 5156 events, duration: 180.134919398
sink processed 63507 events, duration: 180.134919398
auctionsSrc_data processed 69613 events, duration: 180.134919398
personsSrc_ctrl processed 5156 events, duration: 180.134919398

