parallel restore str: , false
env str: , async2ndPhase: false
env str: , create snapshot: false
2024/03/03 10:36:59 [INFO] Load configuration for function scale[40]
2024/03/03 10:36:59 [INFO] Load configuration for function chkptmngr[50]
2024/03/03 10:36:59 [INFO] Load configuration for function redisSetup[70]
2024/03/03 10:36:59 [INFO] Load configuration for function source[20]
2024/03/03 10:36:59 [INFO] Load configuration for function query2[30]
2024/03/03 10:36:59 [INFO] Parse FAAS_ENGINE_ID: 6
2024/03/03 10:36:59 [INFO] Parse FAAS_ENGINE_ID: 6
2024/03/03 10:36:59 [INFO] Current GOMAXPROCS is 2
2024/03/03 10:36:59 [INFO] Parse FAAS_ENGINE_ID: 6
2024/03/03 10:36:59 [INFO] Current GOMAXPROCS is 3
2024/03/03 10:36:59 [INFO] Parse FAAS_ENGINE_ID: 6
2024/03/03 10:36:59 [INFO] Current GOMAXPROCS is 4
2024/03/03 10:36:59 [INFO] Start new FuncWorker with client id 8
2024/03/03 10:36:59 [INFO] Start new FuncWorker with client id 11
2024/03/03 10:36:59 [INFO] Start new FuncWorker with client id 9
2024/03/03 10:36:59 [INFO] Start new FuncWorker with client id 10
Enter nexmark: funcName: query2
2024/03/03 10:36:59 [INFO] Handshake with engine done
Enter nexmark: funcName: query2
Enter nexmark: funcName: query2
2024/03/03 10:36:59 [INFO] Handshake with engine done
2024/03/03 10:36:59 [INFO] Handshake with engine done
Enter nexmark: funcName: query2
2024/03/03 10:36:59 [INFO] Handshake with engine done
new buffered sink stream nexmark_src[0] with bufMaxSize 131072
new buffered sink stream nexmark_src[1] with bufMaxSize 131072
new buffered sink stream nexmark_src[2] with bufMaxSize 131072
new buffered sink stream nexmark_src[3] with bufMaxSize 131072
new buffered sink stream q2_out[0] with bufMaxSize 131072
new buffered sink stream q2_out[1] with bufMaxSize 131072
new buffered sink stream q2_out[2] with bufMaxSize 131072
new buffered sink stream q2_out[3] with bufMaxSize 131072
nexmark_src notEnded: map[3:{}], notScaleFence: map[3:{}]
redis address is [snapcache-1:6666 snapcache-2:6666 snapcache-3:6666 snapcache-4:6666]
new buffered sink stream __control_log_q2[0] with bufMaxSize 131072
new buffered sink stream __control_log_q2[0] with bufMaxSize 131072
[0] finished prev task source, funcName query2, meta epoch 0, current epoch 1, cmm instance 3, remain instances: map[]
[1] finished prev task source, funcName query2, meta epoch 0, current epoch 1, cmm instance 3, remain instances: map[]
[2] finished prev task source, funcName query2, meta epoch 0, current epoch 1, cmm instance 3, remain instances: map[]
[3] finished prev task source, funcName query2, meta epoch 0, current epoch 1, cmm instance 3, remain instances: map[]
[0] finished prev task query2, funcName query2, meta epoch 0, current epoch 1, cmm instance 3, remain instances: map[]
[3] prodId: ProducerId: {TaskId: 0x1800a00000001, TaskEpoch: 0x1}, warmup time: 0s, flush every: 100ms, waitEndMark: true
nexmark_src_src counter: dur=10.002887215s, value=40406, rate=4039.433728634718 per second
q2_out_sink counter: dur=10.002429542s, value=155, rate=15.496235124592292 per second
q2_out_sink stats (200 samples): dur=12.584757947s, p50=1, p90=2, p99=2
nexmark_src_src counter: dur=10.004983611s, value=80531, rate=4010.501322149542 per second
q2_out_sink counter: dur=10.134486329s, value=314, rate=15.689004340063974 per second
q2_out_bufEntry_3 stats (200 samples): dur=21.802018417s, p50=1, p90=3, p99=6
q2_out_bufSize_3 stats (200 samples): dur=21.802040745s, p50=275, p90=768, p99=1478
WaitAlignTime_0(ms) stats (200 samples): dur=22.154162349s, p50=0, p90=0, p99=0
createChkpt_3(ms) stats (200 samples): dur=22.151871871s, p50=1, p90=2, p99=30
q2_out_sink stats (200 samples): dur=14.145378983s, p50=1, p90=1, p99=2
nexmark_src_src counter: dur=10.000777498s, value=120625, rate=4009.088294186945 per second
q2_out_sink counter: dur=10.026964733s, value=465, rate=15.059392749536661 per second
q2_out_sink stats (200 samples): dur=11.867306391s, p50=1, p90=1, p99=2
nexmark_src_src counter: dur=10.006259543s, value=160739, rate=4008.8906176796336 per second
q2_out_sink counter: dur=10.187743871s, value=617, rate=14.919888242643864 per second
q2_out_bufEntry_3 stats (200 samples): dur=21.397820071s, p50=1, p90=3, p99=4
q2_out_bufSize_3 stats (200 samples): dur=21.397822394s, p50=276, p90=767, p99=1033
WaitAlignTime_0(ms) stats (200 samples): dur=22.270125465s, p50=0, p90=0, p99=0
createChkpt_3(ms) stats (200 samples): dur=22.271264575s, p50=1, p90=2, p99=12
q2_out_sink stats (951 samples): dur=10.007937797s, p50=0, p90=1, p99=1
nexmark_src_src counter: dur=10.008324398s, value=200865, rate=4009.262530301129 per second
q2_out_sink counter: dur=10.020585722s, value=1582, rate=96.30175588252904 per second
nexmark_src_src counter: dur=10.004711801s, value=240971, rate=4008.711175067661 per second
q2_out_sink counter: dur=10.076092563s, value=1724, rate=14.092764542619655 per second
q2_out_sink stats (200 samples): dur=13.388005028s, p50=1, p90=1, p99=6
q2_out_bufEntry_3 stats (200 samples): dur=20.679893823s, p50=1, p90=3, p99=126
q2_out_bufSize_3 stats (200 samples): dur=20.679892339s, p50=283, p90=822, p99=32198
WaitAlignTime_0(ms) stats (200 samples): dur=22.192390061s, p50=0, p90=0, p99=0
createChkpt_3(ms) stats (200 samples): dur=22.192325611s, p50=1, p90=2, p99=11
nexmark_src_src counter: dur=10.000549479s, value=281065, rate=4009.1797039945427 per second
q2_out_sink counter: dur=10.013244898s, value=1882, rate=15.77910074201403 per second
q2_out_sink stats (200 samples): dur=13.093694325s, p50=1, p90=2, p99=2
nexmark_src_src counter: dur=10.003700105s, value=321171, rate=4009.1165847679117 per second
q2_out_sink counter: dur=10.000997941s, value=2032, rate=14.99850323786803 per second
q2_out_bufEntry_3 stats (200 samples): dur=20.521898225s, p50=1, p90=3, p99=4
q2_out_bufSize_3 stats (200 samples): dur=20.521897291s, p50=278, p90=699, p99=1022
q2_out_sink stats (200 samples): dur=13.700505811s, p50=1, p90=1, p99=2
WaitAlignTime_0(ms) stats (200 samples): dur=22.242380541s, p50=0, p90=0, p99=0
createChkpt_3(ms) stats (200 samples): dur=22.243019653s, p50=1, p90=2, p99=20
nexmark_src_src counter: dur=10.00567102s, value=361285, rate=4009.126416391012 per second
q2_out_sink counter: dur=10.134693942s, value=2171, rate=13.715263706579131 per second
q2_out_sink stats (975 samples): dur=10.058751948s, p50=0, p90=1, p99=1
nexmark_src_src counter: dur=10.011234179s, value=401419, rate=4008.8963340990285 per second
q2_out_sink counter: dur=10.091506153s, value=3150, rate=97.01227796496593 per second
q2_out_bufEntry_3 stats (200 samples): dur=21.480692114s, p50=1, p90=3, p99=160
q2_out_bufSize_3 stats (200 samples): dur=21.480694539s, p50=283, p90=793, p99=40841
nexmark_src_src counter: dur=10.001663915s, value=441513, rate=4008.7329809062076 per second
q2_out_sink counter: dur=10.001446717s, value=3316, rate=16.597598797166096 per second
WaitAlignTime_0(ms) stats (200 samples): dur=22.21968521s, p50=0, p90=0, p99=0
createChkpt_3(ms) stats (200 samples): dur=22.217950441s, p50=1, p90=2, p99=15
q2_out_sink stats (200 samples): dur=12.431664569s, p50=1, p90=1, p99=2
nexmark_src_src counter: dur=10.006401358s, value=481631, rate=4009.2335460765953 per second
q2_out_sink counter: dur=10.018151628s, value=3488, rate=17.168835767994626 per second
q2_out_sink stats (200 samples): dur=11.491654238s, p50=1, p90=2, p99=2
q2_out_bufEntry_3 stats (200 samples): dur=19.775959191s, p50=1, p90=3, p99=5
q2_out_bufSize_3 stats (200 samples): dur=19.775957115s, p50=278, p90=765, p99=1290
nexmark_src_src counter: dur=10.010348477s, value=521764, rate=4009.1511391646827 per second
q2_out_sink counter: dur=10.000389901s, value=3648, rate=15.999376182722697 per second
WaitAlignTime_0(ms) stats (200 samples): dur=22.320264464s, p50=0, p90=0, p99=0
createChkpt_3(ms) stats (200 samples): dur=22.321510528s, p50=1, p90=2, p99=33
q2_out_sink stats (200 samples): dur=13.430289102s, p50=1, p90=1, p99=2
nexmark_src_src counter: dur=10.008552806s, value=561886, rate=4008.7713756126027 per second
q2_out_sink counter: dur=10.215581657s, value=3801, rate=14.977120749180264 per second
q2_out_bufEntry_3 stats (200 samples): dur=22.818840671s, p50=1, p90=3, p99=5
q2_out_bufSize_3 stats (200 samples): dur=22.818846801s, p50=281, p90=762, p99=1323
q2_out_sink stats (200 samples): dur=13.206398445s, p50=1, p90=1, p99=2
nexmark_src_src counter: dur=10.006449391s, value=602005, rate=4009.3142364847045 per second
q2_out_sink counter: dur=10.004966299s, value=4721, rate=91.95433272893227 per second
WaitAlignTime_0(ms) stats (200 samples): dur=22.115385393s, p50=0, p90=0, p99=0
createChkpt_3(ms) stats (200 samples): dur=22.115475783s, p50=1, p90=1, p99=2
q2_out_sink stats (938 samples): dur=10.080040846s, p50=0, p90=1, p99=1
nexmark_src_src counter: dur=10.00123015s, value=642099, rate=4008.9068443245455 per second
q2_out_sink counter: dur=10.03721571s, value=4882, rate=16.040304866577387 per second
q2_out_bufEntry_3 stats (200 samples): dur=21.023238858s, p50=1, p90=3, p99=147
q2_out_bufSize_3 stats (200 samples): dur=21.023236697s, p50=276, p90=784, p99=37257
nexmark_src_src counter: dur=10.000937891s, value=682189, rate=4008.6240347595417 per second
q2_out_sink counter: dur=10.046065257s, value=5025, rate=14.234428738192696 per second
q2_out_sink stats (200 samples): dur=13.838922532s, p50=1, p90=1, p99=6
WaitAlignTime_0(ms) stats (200 samples): dur=22.198918409s, p50=0, p90=0, p99=0
createChkpt_3(ms) stats (200 samples): dur=22.198031141s, p50=1, p90=2, p99=11
3 producer ended, map[] remain
exit due to ctrlMsg
createChkpt_3(ms) (20 samples): dur=2.212719877s, data=[1 1 1 1 1 1 1 2 1 2 1 1 1 1 1 2 1 1 1 2]
[3]duration: 180.060941 s, uts: 1709462521713
WaitAlignTime_0(ms) (20 samples): dur=2.216243836s, data=[0 0 0 0 0 0 0 0 0 0 0 0 0 0 0 0 0 0 0 0]
nexmark_src_src msgCnt 721621, ctrlCnt 1621, epochCnt 0, logEntry 15550
sink msgCnt 5165, ctrlCnt 1621
