parallel restore str: , false
env str: , async2ndPhase: false
env str: , create snapshot: false
2024/03/03 11:09:14 [INFO] Load configuration for function scale[40]
2024/03/03 11:09:14 [INFO] Load configuration for function chkptmngr[50]
2024/03/03 11:09:14 [INFO] Load configuration for function redisSetup[70]
2024/03/03 11:09:14 [INFO] Load configuration for function source[20]
2024/03/03 11:09:14 [INFO] Load configuration for function query2[30]
2024/03/03 11:09:14 [INFO] Parse FAAS_ENGINE_ID: 7
2024/03/03 11:09:14 [INFO] Parse FAAS_ENGINE_ID: 7
2024/03/03 11:09:14 [INFO] Current GOMAXPROCS is 2
2024/03/03 11:09:14 [INFO] Parse FAAS_ENGINE_ID: 7
2024/03/03 11:09:14 [INFO] Current GOMAXPROCS is 3
2024/03/03 11:09:14 [INFO] Parse FAAS_ENGINE_ID: 7
2024/03/03 11:09:14 [INFO] Start new FuncWorker with client id 3
2024/03/03 11:09:14 [INFO] Start new FuncWorker with client id 5
2024/03/03 11:09:14 [INFO] Start new FuncWorker with client id 4
2024/03/03 11:09:14 [INFO] Current GOMAXPROCS is 4
2024/03/03 11:09:14 [INFO] Start new FuncWorker with client id 6
Enter nexmark: funcName: query2
2024/03/03 11:09:14 [INFO] Handshake with engine done
Enter nexmark: funcName: query2
Enter nexmark: funcName: query2
2024/03/03 11:09:14 [INFO] Handshake with engine done
2024/03/03 11:09:14 [INFO] Handshake with engine done
Enter nexmark: funcName: query2
2024/03/03 11:09:14 [INFO] Handshake with engine done
new buffered sink stream nexmark_src[0] with bufMaxSize 131072
new buffered sink stream nexmark_src[1] with bufMaxSize 131072
new buffered sink stream nexmark_src[2] with bufMaxSize 131072
new buffered sink stream nexmark_src[3] with bufMaxSize 131072
new buffered sink stream q2_out[0] with bufMaxSize 131072
new buffered sink stream q2_out[1] with bufMaxSize 131072
new buffered sink stream q2_out[2] with bufMaxSize 131072
new buffered sink stream q2_out[3] with bufMaxSize 131072
nexmark_src notEnded: map[3:{}], notScaleFence: map[3:{}]
redis address is [snapcache-1:6666 snapcache-2:6666 snapcache-3:6666 snapcache-4:6666]
new buffered sink stream __control_log_q2[0] with bufMaxSize 131072
new buffered sink stream __control_log_q2[0] with bufMaxSize 131072
[0] finished prev task source, funcName query2, meta epoch 0, current epoch 1, cmm instance 3, remain instances: map[]
[1] finished prev task source, funcName query2, meta epoch 0, current epoch 1, cmm instance 3, remain instances: map[]
[2] finished prev task source, funcName query2, meta epoch 0, current epoch 1, cmm instance 3, remain instances: map[]
[3] finished prev task source, funcName query2, meta epoch 0, current epoch 1, cmm instance 3, remain instances: map[]
[0] finished prev task query2, funcName query2, meta epoch 0, current epoch 1, cmm instance 3, remain instances: map[]
[3] prodId: ProducerId: {TaskId: 0x1c00400000001, TaskEpoch: 0x1}, warmup time: 0s, flush every: 100ms, waitEndMark: true
nexmark_src_src counter: dur=10.002970861s, value=320589, rate=32049.3785751117 per second
q2_out_sink counter: dur=10.028574704s, value=2011, rate=200.52700003300487 per second
q2_out_sink stats (2011 samples): dur=10.028585441s, p50=0, p90=0, p99=1
q2_out_bufEntry_3 stats (200 samples): dur=11.798879618s, p50=7, p90=13, p99=19
q2_out_bufSize_3 stats (200 samples): dur=11.798899255s, p50=1691, p90=3301, p99=4767
nexmark_src_src counter: dur=10.000557075s, value=640686, rate=32007.916918968236 per second
q2_out_sink counter: dur=10.011337168s, value=4755, rate=274.08926040078404 per second
q2_out_sink stats (2744 samples): dur=10.011342293s, p50=0, p90=0, p99=1
WaitAlignTime_0(ms) stats (200 samples): dur=22.683459002s, p50=0, p90=0, p99=0
createChkpt_3(ms) stats (200 samples): dur=22.680357833s, p50=1, p90=4, p99=71
q2_out_bufEntry_3 stats (200 samples): dur=12.136170815s, p50=7, p90=13, p99=258
q2_out_bufSize_3 stats (200 samples): dur=12.13617132s, p50=1772, p90=3378, p99=65550
nexmark_src_src counter: dur=10.002689129s, value=960886, rate=32011.391723818513 per second
q2_out_sink counter: dur=10.013582567s, value=6728, rate=197.03237945049443 per second
q2_out_sink stats (1973 samples): dur=10.013578124s, p50=0, p90=0, p99=1
q2_out_bufEntry_3 stats (200 samples): dur=11.663488508s, p50=7, p90=13, p99=284
q2_out_bufSize_3 stats (200 samples): dur=11.663488201s, p50=1644, p90=3302, p99=72229
nexmark_src_src counter: dur=10.010696925s, value=1281277, rate=32004.864636334998 per second
q2_out_sink counter: dur=10.002633208s, value=9473, rate=274.4277374686275 per second
q2_out_sink stats (2745 samples): dur=10.002636901s, p50=0, p90=0, p99=1
WaitAlignTime_0(ms) stats (200 samples): dur=22.948531475s, p50=0, p90=0, p99=0
createChkpt_3(ms) stats (200 samples): dur=22.948299859s, p50=1, p90=2, p99=46
q2_out_bufEntry_3 stats (200 samples): dur=11.799095225s, p50=6, p90=13, p99=363
q2_out_bufSize_3 stats (200 samples): dur=11.799096287s, p50=1678, p90=3433, p99=93329
nexmark_src_src counter: dur=10.011026363s, value=1601428, rate=31979.83786989654 per second
q2_out_sink counter: dur=10.00907754s, value=11467, rate=199.2191580124376 per second
q2_out_sink stats (1994 samples): dur=10.009072632s, p50=0, p90=0, p99=1
q2_out_bufEntry_3 stats (200 samples): dur=11.91245512s, p50=8, p90=13, p99=240
q2_out_bufSize_3 stats (200 samples): dur=11.912455421s, p50=2004, p90=3328, p99=61042
nexmark_src_src counter: dur=10.002686255s, value=1921866, rate=32035.19452985182 per second
q2_out_sink counter: dur=10.004130915s, value=14220, rate=275.18632286910656 per second
q2_out_sink stats (2753 samples): dur=10.004135862s, p50=0, p90=0, p99=1
WaitAlignTime_0(ms) stats (200 samples): dur=22.9933414s, p50=0, p90=0, p99=0
createChkpt_3(ms) stats (200 samples): dur=22.993489159s, p50=1, p90=11, p99=72
nexmark_src_src counter: dur=10.002044524s, value=2242108, rate=32017.65391381495 per second
q2_out_sink counter: dur=10.011816629s, value=16958, rate=273.4768425611364 per second
q2_out_sink stats (2738 samples): dur=10.011813065s, p50=0, p90=0, p99=1
q2_out_bufEntry_3 stats (200 samples): dur=12.188299872s, p50=7, p90=14, p99=389
q2_out_bufSize_3 stats (200 samples): dur=12.188299857s, p50=1759, p90=3617, p99=99560
nexmark_src_src counter: dur=10.005570469s, value=2562351, rate=32006.470894608217 per second
q2_out_sink counter: dur=10.006568211s, value=18957, rate=199.76878764515325 per second
q2_out_sink stats (1999 samples): dur=10.006567374s, p50=0, p90=0, p99=1
q2_out_bufEntry_3 stats (200 samples): dur=11.900326526s, p50=7, p90=14, p99=283
q2_out_bufSize_3 stats (200 samples): dur=11.900324488s, p50=1666, p90=3613, p99=72242
nexmark_src_src counter: dur=10.075461241s, value=2881971, rate=31722.617193878203 per second
q2_out_sink counter: dur=10.010747355s, value=21674, rate=271.40830785655163 per second
q2_out_sink stats (2717 samples): dur=10.010741711s, p50=0, p90=0, p99=1
WaitAlignTime_0(ms) stats (200 samples): dur=22.711656897s, p50=0, p90=0, p99=0
createChkpt_3(ms) stats (200 samples): dur=22.711497276s, p50=1, p90=2, p99=56
q2_out_bufEntry_3 stats (200 samples): dur=11.781984018s, p50=7, p90=12, p99=109
q2_out_bufSize_3 stats (200 samples): dur=11.781984448s, p50=1742, p90=3103, p99=28030
nexmark_src_src counter: dur=10.005604597s, value=3205067, rate=32291.501914524437 per second
q2_out_sink counter: dur=10.005597329s, value=23676, rate=200.08800416117563 per second
q2_out_sink stats (2002 samples): dur=10.005592755s, p50=0, p90=0, p99=1
q2_out_bufEntry_3 stats (200 samples): dur=11.914916439s, p50=7, p90=15, p99=185
q2_out_bufSize_3 stats (200 samples): dur=11.914916413s, p50=1818, p90=3654, p99=47353
nexmark_src_src counter: dur=10.00603472s, value=3525379, rate=32011.88172571122 per second
q2_out_sink counter: dur=10.006040368s, value=26446, rate=276.8327828117353 per second
q2_out_sink stats (2770 samples): dur=10.006044067s, p50=0, p90=0, p99=1
WaitAlignTime_0(ms) stats (200 samples): dur=22.769773922s, p50=0, p90=0, p99=0
createChkpt_3(ms) stats (200 samples): dur=22.859741357s, p50=1, p90=3, p99=78
q2_out_bufEntry_3 stats (200 samples): dur=11.603550877s, p50=7, p90=13, p99=295
q2_out_bufSize_3 stats (200 samples): dur=11.603551167s, p50=1740, p90=3447, p99=76559
nexmark_src_src counter: dur=10.007012593s, value=3845458, rate=31985.469891773522 per second
q2_out_sink counter: dur=10.048296934s, value=28423, rate=196.74975898756617 per second
q2_out_sink stats (1977 samples): dur=10.048311689s, p50=0, p90=0, p99=1
nexmark_src_src counter: dur=10.003283064s, value=4165841, rate=32027.78507318265 per second
q2_out_sink counter: dur=10.010570492s, value=31204, rate=277.80634502523617 per second
q2_out_sink stats (2781 samples): dur=10.010566839s, p50=0, p90=0, p99=1
q2_out_bufEntry_3 stats (200 samples): dur=11.600488065s, p50=6, p90=14, p99=286
q2_out_bufSize_3 stats (200 samples): dur=11.600488742s, p50=1646, p90=3555, p99=73949
WaitAlignTime_0(ms) stats (200 samples): dur=22.941056881s, p50=0, p90=0, p99=0
createChkpt_3(ms) stats (200 samples): dur=22.851297738s, p50=1, p90=4, p99=70
nexmark_src_src counter: dur=10.007131664s, value=4486153, rate=32008.372704068785 per second
q2_out_sink counter: dur=10.011617254s, value=33198, rate=199.16862075438664 per second
q2_out_sink stats (1994 samples): dur=10.011612916s, p50=0, p90=0, p99=1
q2_out_bufEntry_3 stats (200 samples): dur=11.70021871s, p50=7, p90=14, p99=284
q2_out_bufSize_3 stats (200 samples): dur=11.700218243s, p50=1753, p90=3622, p99=73573
nexmark_src_src counter: dur=10.001109465s, value=4806357, rate=32016.84784279081 per second
q2_out_sink counter: dur=10.011645723s, value=35988, rate=278.67546227594374 per second
q2_out_sink stats (2790 samples): dur=10.011650785s, p50=0, p90=0, p99=1
q2_out_bufEntry_3 stats (200 samples): dur=11.452315016s, p50=7, p90=14, p99=247
q2_out_bufSize_3 stats (200 samples): dur=11.452316223s, p50=1800, p90=3578, p99=63977
WaitAlignTime_0(ms) stats (200 samples): dur=22.507296273s, p50=0, p90=0, p99=0
createChkpt_3(ms) stats (200 samples): dur=22.508873049s, p50=1, p90=2, p99=39
nexmark_src_src counter: dur=10.011581172s, value=5126779, rate=32005.134303474835 per second
q2_out_sink counter: dur=10.012163879s, value=38821, rate=282.95581596922045 per second
q2_out_sink stats (2833 samples): dur=10.0121619s, p50=0, p90=0, p99=1
q2_out_bufEntry_3 stats (200 samples): dur=11.546573526s, p50=7, p90=13, p99=208
q2_out_bufSize_3 stats (200 samples): dur=11.546573058s, p50=1804, p90=3495, p99=53320
nexmark_src_src counter: dur=10.001601485s, value=5446932, rate=32010.173618710225 per second
q2_out_sink counter: dur=10.003480718s, value=40774, rate=195.23204523059889 per second
q2_out_sink stats (1953 samples): dur=10.003477552s, p50=0, p90=0, p99=1
q2_out_bufEntry_3 stats (200 samples): dur=11.80075158s, p50=7, p90=13, p99=249
q2_out_bufSize_3 stats (200 samples): dur=11.800750873s, p50=1732, p90=3339, p99=64424
3 producer ended, map[] remain
exit due to ctrlMsg
createChkpt_3(ms) (182 samples): dur=20.384228544s, data=[1 1 1 24 2 1 1 1 1 1 1 1 1 1 2 1 1 1 1 1 1 1 8 1 13 9 1 1 1 1 1 1 1 1 1 1 1 1 1 1 1 1 1 3 1 1 1 17 1 1 1 1 1 1 1 1 1 2 2 1 1 1 1 1 1 1 1 1 1 6 1 1 28 2 1 2 9 1 1 1 1 1 1 1 1 1 14 1 24 2 1 2 1 1 1 1 1 1 1 2 1 1 1 1 1 1 1 1 1 2 1 1 1 2 1 1 1 1 1 1 1 1 1 1 1 1 1 1 1 1 1 1 1 13 1 1 1 1 1 1 1 1 1 1 1 1 1 1 1 1 2 7 22 26 1 1 1 1 1 1 1 1 1 1 1 1 1 1 1 1 1 1 2 2 1 2 1 1 1 1 1 1]
[3]duration: 180.061549 s, uts: 1709464469979
WaitAlignTime_0(ms) (182 samples): dur=20.390335859s, data=[0 0 0 0 0 0 0 0 0 0 0 0 0 0 0 0 0 0 0 0 0 0 0 0 0 0 0 0 0 0 0 0 0 0 0 0 0 0 0 0 0 0 0 0 0 0 0 0 0 0 0 0 0 0 0 0 0 0 0 0 0 0 0 0 0 0 0 0 0 0 0 0 0 0 0 0 0 0 0 0 0 0 0 0 0 0 0 0 0 0 0 0 0 0 0 0 0 0 0 0 0 0 0 0 0 0 0 0 0 0 0 0 0 0 0 0 0 0 0 0 0 0 0 0 0 0 0 0 0 0 0 0 0 0 0 0 0 0 0 0 0 0 0 0 0 0 0 0 0 0 0 0 0 0 0 0 0 0 0 0 0 0 0 0 0 0 0 0 0 0 0 0 0 0 0 0 0 0 0 0 0 0]
nexmark_src_src msgCnt 5761583, ctrlCnt 1583, epochCnt 0, logEntry 14190
sink msgCnt 43603, ctrlCnt 1583
