parallel restore str: , false
env str: , async2ndPhase: false
env str: , create snapshot: false
2024/03/03 07:43:01 [INFO] Load configuration for function scale[40]
2024/03/03 07:43:01 [INFO] Load configuration for function chkptmngr[60]
2024/03/03 07:43:01 [INFO] Load configuration for function redisSetup[70]
2024/03/03 07:43:01 [INFO] Load configuration for function source[20]
2024/03/03 07:43:01 [INFO] Load configuration for function query1[30]
2024/03/03 07:43:01 [INFO] Parse FAAS_ENGINE_ID: 1
2024/03/03 07:43:01 [INFO] Parse FAAS_ENGINE_ID: 1
2024/03/03 07:43:01 [INFO] Current GOMAXPROCS is 2
2024/03/03 07:43:01 [INFO] Parse FAAS_ENGINE_ID: 1
2024/03/03 07:43:01 [INFO] Current GOMAXPROCS is 3
2024/03/03 07:43:01 [INFO] Parse FAAS_ENGINE_ID: 1
2024/03/03 07:43:01 [INFO] Current GOMAXPROCS is 4
2024/03/03 07:43:01 [INFO] Start new FuncWorker with client id 8
2024/03/03 07:43:01 [INFO] Start new FuncWorker with client id 9
2024/03/03 07:43:01 [INFO] Start new FuncWorker with client id 10
2024/03/03 07:43:01 [INFO] Start new FuncWorker with client id 11
Enter nexmark: funcName: source
2024/03/03 07:43:01 [INFO] Handshake with engine done
Enter nexmark: funcName: source
2024/03/03 07:43:01 [INFO] Handshake with engine done
Enter nexmark: funcName: source
2024/03/03 07:43:01 [INFO] Handshake with engine done
Enter nexmark: funcName: source
2024/03/03 07:43:01 [INFO] Handshake with engine done
redis address is [snapcache-1:6666 snapcache-2:6666 snapcache-3:6666 snapcache-4:6666]
new buffered sink stream nexmark_src[0] with bufMaxSize 131072
new buffered sink stream nexmark_src[1] with bufMaxSize 131072
new buffered sink stream nexmark_src[2] with bufMaxSize 131072
new buffered sink stream nexmark_src[3] with bufMaxSize 131072
Generator config: 
	InterEventDelayUs: [62.5]
	EventPerEpoch    : 0
	MaxEvents        : 11520000
	FirstEventNumber : 1
	EpochPeriodMs    : 0
	StepLengthSec    : 5
	BaseTime         : 1709451905597
	FirstEventId     : 1
	TotalProportion  : 50
	BidProportion    : 46
	AuctionProportion: 3
	PersonProportion : 1
Nexmark config: 
	NumEvents            : 11520000
	NumEventGenerators   : 4
	RateShape            : 0
	FirstEventRate       : 64000
	NextEventRate        : 64000
	RateUnit             : 1000000
	RatePeriodSec        : 10
	PreloadSeconds       : 0
	StreamTimeout        : 240
	IsRateLimited        : false
	UseWallclockEventTime: false
	AvgPersonByteSize    : 200
	AvgAuctionByteSize   : 500
	AvgBidByteSize       : 100
	HotAuctionRatio      : 2
	HotSellersRatio      : 4
	HotBiddersRatio      : 4
	WindowSizeSec        : 10
	WindowPeriodSec      : 5
	WatermarkHoldbackSec : 0
	NumInFlightAuctions  : 100
	NumActivePeople      : 1000
	OccasionalDelaySec   : 3
	ProbDelayedEvent     : 0.1
	OutOfOrderGroupSize  : 1
Input config: 
	SrcTopicName   : nexmark_src
	AppId          : q1
	FinalOutTpNames: [q1_out]
	Duration(s)    : 180
	FlushMs        : 10
	BufMaxSize     : 131072
	CommitEveryMs  : 100
	WaitForEndMark : true
	SerdeFormat    : MSGP
	NumOutPartition: 4
	ParNum         : 1
	NumSrcInstance : 4
	Guarantee      : ALIGN_CHKPT
new buffered sink stream __control_log_q1[0] with bufMaxSize 131072
new buffered sink stream __control_log_q1[0] with bufMaxSize 131072
generate events to [1]
StartTs: 1709451905597
gen first chkpt
srcGen_1 stats (160000 samples): dur=10.004288482s, p50=7, p90=17, p99=1903
nexmark_src_bufEntry_1 stats (804 samples): dur=10.007826091s, p50=192, p90=208, p99=224
nexmark_src_bufSize_1 stats (804 samples): dur=10.007874321s, p50=50391, p90=54342, p99=58769
srcGen_1 stats (160080 samples): dur=10.004581384s, p50=7, p90=17, p99=1864
nexmark_src_bufEntry_1 stats (806 samples): dur=10.002011422s, p50=192, p90=208, p99=224
nexmark_src_bufSize_1 stats (806 samples): dur=10.00201513s, p50=50116, p90=54044, p99=58293
srcGen_1 stats (160064 samples): dur=10.003033028s, p50=7, p90=17, p99=1882
nexmark_src_bufEntry_1 stats (808 samples): dur=10.012171632s, p50=192, p90=208, p99=224
nexmark_src_bufSize_1 stats (808 samples): dur=10.012175624s, p50=50081, p90=54218, p99=58281
srcGen_1 stats (160054 samples): dur=10.002924933s, p50=7, p90=17, p99=1908
nexmark_src_bufEntry_1 stats (808 samples): dur=10.000369945s, p50=192, p90=208, p99=224
nexmark_src_bufSize_1 stats (808 samples): dur=10.000363491s, p50=50029, p90=54287, p99=58363
srcGen_1 stats (160042 samples): dur=10.00303686s, p50=7, p90=17, p99=1940
nexmark_src_bufEntry_1 stats (808 samples): dur=10.000735627s, p50=192, p90=208, p99=224
nexmark_src_bufSize_1 stats (808 samples): dur=10.000746281s, p50=50004, p90=53986, p99=58019
srcGen_1 stats (160064 samples): dur=10.003781083s, p50=7, p90=17, p99=1931
nexmark_src_bufEntry_1 stats (812 samples): dur=10.012073341s, p50=192, p90=208, p99=224
nexmark_src_bufSize_1 stats (812 samples): dur=10.012066174s, p50=49936, p90=53913, p99=58191
srcGen_1 stats (160048 samples): dur=10.004870414s, p50=6, p90=17, p99=1939
nexmark_src_bufEntry_1 stats (808 samples): dur=10.002344223s, p50=192, p90=208, p99=224
nexmark_src_bufSize_1 stats (808 samples): dur=10.002340238s, p50=50207, p90=54433, p99=58497
srcGen_1 stats (160080 samples): dur=10.003576982s, p50=6, p90=16, p99=1941
nexmark_src_bufEntry_1 stats (810 samples): dur=10.00971812s, p50=192, p90=208, p99=224
nexmark_src_bufSize_1 stats (810 samples): dur=10.009721639s, p50=50340, p90=54387, p99=58659
srcGen_1 stats (160048 samples): dur=10.00363162s, p50=7, p90=17, p99=1886
nexmark_src_bufEntry_1 stats (807 samples): dur=10.005077314s, p50=192, p90=208, p99=224
nexmark_src_bufSize_1 stats (807 samples): dur=10.005082077s, p50=50489, p90=54373, p99=58839
srcGen_1 stats (160064 samples): dur=10.004088671s, p50=6, p90=16, p99=1959
nexmark_src_bufEntry_1 stats (811 samples): dur=10.000485266s, p50=192, p90=208, p99=224
nexmark_src_bufSize_1 stats (811 samples): dur=10.000481806s, p50=50321, p90=54631, p99=58786
srcGen_1 stats (160048 samples): dur=10.003149064s, p50=7, p90=17, p99=1924
nexmark_src_bufEntry_1 stats (808 samples): dur=10.007231591s, p50=192, p90=208, p99=224
nexmark_src_bufSize_1 stats (808 samples): dur=10.007232691s, p50=50487, p90=54432, p99=58563
srcGen_1 stats (160048 samples): dur=10.003465247s, p50=7, p90=17, p99=1914
nexmark_src_bufEntry_1 stats (805 samples): dur=10.011961913s, p50=192, p90=208, p99=224
nexmark_src_bufSize_1 stats (805 samples): dur=10.011956401s, p50=50700, p90=54942, p99=58733
srcGen_1 stats (160080 samples): dur=10.00375925s, p50=7, p90=17, p99=1905
nexmark_src_bufEntry_1 stats (805 samples): dur=10.002867459s, p50=192, p90=208, p99=224
nexmark_src_bufSize_1 stats (805 samples): dur=10.002867803s, p50=50658, p90=54495, p99=58790
srcGen_1 stats (160032 samples): dur=10.003020421s, p50=6, p90=16, p99=1940
nexmark_src_bufEntry_1 stats (808 samples): dur=10.007898886s, p50=192, p90=208, p99=224
nexmark_src_bufSize_1 stats (808 samples): dur=10.007899332s, p50=50478, p90=54458, p99=58612
srcGen_1 stats (160080 samples): dur=10.003904945s, p50=7, p90=17, p99=1921
nexmark_src_bufEntry_1 stats (811 samples): dur=10.007416986s, p50=192, p90=208, p99=224
nexmark_src_bufSize_1 stats (811 samples): dur=10.007416967s, p50=50327, p90=54423, p99=58887
srcGen_1 stats (160048 samples): dur=10.003808003s, p50=7, p90=17, p99=1948
nexmark_src_bufEntry_1 stats (809 samples): dur=10.006165016s, p50=192, p90=208, p99=224
nexmark_src_bufSize_1 stats (809 samples): dur=10.006168594s, p50=50370, p90=54781, p99=58996
srcGen_1 stats (160048 samples): dur=10.002909071s, p50=7, p90=17, p99=1929
nexmark_src_bufEntry_1 stats (809 samples): dur=10.004088087s, p50=192, p90=208, p99=224
nexmark_src_bufSize_1 stats (809 samples): dur=10.004085104s, p50=50363, p90=54683, p99=58907
[1] chkmngr has terminated
generate stream end mark with tag: 404b3c06f60bdf01
[1] all stopped
