parallel restore str: , false
env str: , async2ndPhase: false
env str: , create snapshot: false
2024/03/03 12:14:53 [INFO] Load configuration for function scale[40]
2024/03/03 12:14:53 [INFO] Load configuration for function chkptmngr[50]
2024/03/03 12:14:53 [INFO] Load configuration for function redisSetup[70]
2024/03/03 12:14:53 [INFO] Load configuration for function source[20]
2024/03/03 12:14:53 [INFO] Load configuration for function query2[30]
2024/03/03 12:14:53 [INFO] Parse FAAS_ENGINE_ID: 4
2024/03/03 12:14:53 [INFO] Parse FAAS_ENGINE_ID: 4
2024/03/03 12:14:53 [INFO] Current GOMAXPROCS is 2
2024/03/03 12:14:53 [INFO] Parse FAAS_ENGINE_ID: 4
2024/03/03 12:14:53 [INFO] Current GOMAXPROCS is 3
2024/03/03 12:14:53 [INFO] Parse FAAS_ENGINE_ID: 4
2024/03/03 12:14:53 [INFO] Current GOMAXPROCS is 4
2024/03/03 12:14:53 [INFO] Start new FuncWorker with client id 6
2024/03/03 12:14:53 [INFO] Start new FuncWorker with client id 7
2024/03/03 12:14:53 [INFO] Start new FuncWorker with client id 8
2024/03/03 12:14:53 [INFO] Start new FuncWorker with client id 9
Enter nexmark: funcName: source
2024/03/03 12:14:53 [INFO] Handshake with engine done
Enter nexmark: funcName: source
Enter nexmark: funcName: source
2024/03/03 12:14:53 [INFO] Handshake with engine done
2024/03/03 12:14:53 [INFO] Handshake with engine done
Enter nexmark: funcName: source
2024/03/03 12:14:53 [INFO] Handshake with engine done
redis address is [snapcache-1:6666 snapcache-2:6666 snapcache-3:6666 snapcache-4:6666]
new buffered sink stream nexmark_src[0] with bufMaxSize 131072
new buffered sink stream nexmark_src[1] with bufMaxSize 131072
new buffered sink stream nexmark_src[2] with bufMaxSize 131072
new buffered sink stream nexmark_src[3] with bufMaxSize 131072
Generator config: 
	InterEventDelayUs: [15.625]
	EventPerEpoch    : 0
	MaxEvents        : 46080000
	FirstEventNumber : 1
	EpochPeriodMs    : 0
	StepLengthSec    : 5
	BaseTime         : 1709468222248
	FirstEventId     : 1
	TotalProportion  : 50
	BidProportion    : 46
	AuctionProportion: 3
	PersonProportion : 1
Nexmark config: 
	NumEvents            : 46080000
	NumEventGenerators   : 4
	RateShape            : 0
	FirstEventRate       : 256000
	NextEventRate        : 256000
	RateUnit             : 1000000
	RatePeriodSec        : 10
	PreloadSeconds       : 0
	StreamTimeout        : 240
	IsRateLimited        : false
	UseWallclockEventTime: false
	AvgPersonByteSize    : 200
	AvgAuctionByteSize   : 500
	AvgBidByteSize       : 100
	HotAuctionRatio      : 2
	HotSellersRatio      : 4
	HotBiddersRatio      : 4
	WindowSizeSec        : 10
	WindowPeriodSec      : 5
	WatermarkHoldbackSec : 0
	NumInFlightAuctions  : 100
	NumActivePeople      : 1000
	OccasionalDelaySec   : 3
	ProbDelayedEvent     : 0.1
	OutOfOrderGroupSize  : 1
Input config: 
	SrcTopicName   : nexmark_src
	AppId          : q2
	FinalOutTpNames: [q2_out]
	Duration(s)    : 180
	FlushMs        : 10
	BufMaxSize     : 131072
	CommitEveryMs  : 100
	WaitForEndMark : true
	SerdeFormat    : MSGP
	NumOutPartition: 4
	ParNum         : 2
	NumSrcInstance : 4
	Guarantee      : ALIGN_CHKPT
new buffered sink stream __control_log_q2[0] with bufMaxSize 131072
new buffered sink stream __control_log_q2[0] with bufMaxSize 131072
generate events to [2]
StartTs: 1709468222248
gen first chkpt
srcGen_2 stats (640005 samples): dur=10.008743555s, p50=4, p90=14, p99=29
nexmark_src_bufEntry_2 stats (1681 samples): dur=10.000241849s, p50=503, p90=510, p99=513
nexmark_src_bufSize_2 stats (1681 samples): dur=10.00033068s, p50=130529, p90=131019, p99=131065
nexmark_src_bufEntry_2 stats (1685 samples): dur=10.001617573s, p50=501, p90=509, p99=512
nexmark_src_bufSize_2 stats (1685 samples): dur=10.001640106s, p50=130541, p90=131020, p99=131065
srcGen_2 stats (640511 samples): dur=10.012934009s, p50=4, p90=14, p99=30
nexmark_src_bufEntry_2 stats (1686 samples): dur=10.001321348s, p50=500, p90=506, p99=509
nexmark_src_bufSize_2 stats (1686 samples): dur=10.001298507s, p50=130546, p90=131022, p99=131067
srcGen_2 stats (640828 samples): dur=10.009892125s, p50=4, p90=14, p99=29
nexmark_src_bufEntry_2 stats (1678 samples): dur=10.00080687s, p50=500, p90=506, p99=509
nexmark_src_bufSize_2 stats (1678 samples): dur=10.000815377s, p50=130496, p90=131025, p99=131067
srcGen_2 stats (640704 samples): dur=10.010018156s, p50=4, p90=14, p99=30
nexmark_src_bufEntry_2 stats (1679 samples): dur=10.005384206s, p50=500, p90=506, p99=509
nexmark_src_bufSize_2 stats (1679 samples): dur=10.005379257s, p50=130549, p90=131017, p99=131064
srcGen_2 stats (640640 samples): dur=10.009810543s, p50=4, p90=14, p99=29
nexmark_src_bufEntry_2 stats (1683 samples): dur=10.000132078s, p50=496, p90=502, p99=505
nexmark_src_bufSize_2 stats (1683 samples): dur=10.000131978s, p50=130650, p90=131021, p99=131067
srcGen_2 stats (640640 samples): dur=10.01040712s, p50=4, p90=14, p99=30
nexmark_src_bufEntry_2 stats (1676 samples): dur=10.001614954s, p50=495, p90=502, p99=505
nexmark_src_bufSize_2 stats (1676 samples): dur=10.001614763s, p50=130540, p90=131021, p99=131067
srcGen_2 stats (640576 samples): dur=10.00965161s, p50=4, p90=14, p99=30
nexmark_src_bufEntry_2 stats (1671 samples): dur=10.001349067s, p50=496, p90=502, p99=504
nexmark_src_bufSize_2 stats (1671 samples): dur=10.001342412s, p50=130522, p90=131025, p99=131066
srcGen_2 stats (640704 samples): dur=10.010757998s, p50=4, p90=14, p99=30
nexmark_src_bufEntry_2 stats (1676 samples): dur=10.001424282s, p50=496, p90=502, p99=505
nexmark_src_bufSize_2 stats (1676 samples): dur=10.001427348s, p50=130514, p90=131021, p99=131069
srcGen_2 stats (640640 samples): dur=10.009857339s, p50=4, p90=14, p99=29
nexmark_src_bufEntry_2 stats (1677 samples): dur=10.006679009s, p50=496, p90=502, p99=505
nexmark_src_bufSize_2 stats (1677 samples): dur=10.006678664s, p50=130555, p90=131026, p99=131067
srcGen_2 stats (640576 samples): dur=10.009164614s, p50=4, p90=14, p99=29
nexmark_src_bufEntry_2 stats (1671 samples): dur=10.003755843s, p50=495, p90=502, p99=505
nexmark_src_bufSize_2 stats (1671 samples): dur=10.003758425s, p50=130618, p90=131019, p99=131067
srcGen_2 stats (640640 samples): dur=10.009028124s, p50=4, p90=14, p99=29
nexmark_src_bufEntry_2 stats (1678 samples): dur=10.002222434s, p50=496, p90=502, p99=504
nexmark_src_bufSize_2 stats (1678 samples): dur=10.002224795s, p50=130596, p90=131019, p99=131066
srcGen_2 stats (640576 samples): dur=10.009607054s, p50=4, p90=14, p99=30
nexmark_src_bufEntry_2 stats (1682 samples): dur=10.002775171s, p50=496, p90=502, p99=504
nexmark_src_bufSize_2 stats (1682 samples): dur=10.00277421s, p50=130529, p90=131023, p99=131065
srcGen_2 stats (640640 samples): dur=10.009789291s, p50=4, p90=14, p99=29
nexmark_src_bufEntry_2 stats (1672 samples): dur=10.00597423s, p50=496, p90=502, p99=504
nexmark_src_bufSize_2 stats (1672 samples): dur=10.005978048s, p50=130522, p90=131021, p99=131067
srcGen_2 stats (640560 samples): dur=10.00920841s, p50=4, p90=14, p99=29
nexmark_src_bufEntry_2 stats (1679 samples): dur=10.003502103s, p50=497, p90=502, p99=505
nexmark_src_bufSize_2 stats (1679 samples): dur=10.003495529s, p50=130684, p90=131021, p99=131068
srcGen_2 stats (640656 samples): dur=10.013135893s, p50=4, p90=14, p99=29
nexmark_src_bufEntry_2 stats (1679 samples): dur=10.004171856s, p50=496, p90=502, p99=504
nexmark_src_bufSize_2 stats (1679 samples): dur=10.004195812s, p50=130639, p90=131017, p99=131067
srcGen_2 stats (640773 samples): dur=10.009087314s, p50=4, p90=14, p99=29
nexmark_src_bufEntry_2 stats (1671 samples): dur=10.002099231s, p50=496, p90=502, p99=505
nexmark_src_bufSize_2 stats (1671 samples): dur=10.002072106s, p50=130608, p90=131018, p99=131066
srcGen_2 stats (640635 samples): dur=10.010350129s, p50=4, p90=14, p99=29
[2] chkmngr has terminated
generate stream end mark with tag: 404b3c06f60bdf02
[2] all stopped
