wait for last: true, sink max_buf_size: 131072
warmup: 0
config: map[NodeConstraint:"1,2,3,4" NumInstance:4 OutputTopicName:["nexmark_src"] funcName:"source"]
config: map[Final:true InputTopicNames:["nexmark_src"] NodeConstraint:"5,6,7,8" NumInstance:4 NumSrcProducer:[1] OutputTopicName:["q1_out"] funcName:"query1"]
srcInvokeConfig: &{FinalTpNames:[q1_out] TopicName:nexmark_src AppId:q1 NodeConstraint:1,2,3,4 AdditionalBytes:0 ScaleEpoch:0 NumOutPartition:4 InstanceID:0 NumSrcInstance:4}
cliNodes: [0xc0000c0120]
inParamsMap: map[query1:[0xc0000a2b40 0xc0000a2be0 0xc0000a2c80 0xc0000a2d20]]
configScaleInput: &{Config:map[nexmark_src:4 q1_out:4 query1:4 source:4] AppId:q1 FuncNames:[source query1] BufMaxSize:131072 ScaleEpoch:0 SerdeFormat:1 Bootstrap:false}
encoded json is {"sg":{"nexmark_src":4,"q1_out":4,"query1":4,"source":4},"aid":"q1","fns":["source","query1"],"bufMaxSize":131072,"epoch":1,"serdeFormat":1,"bs":true}, node constraint is 1
encoded json is {"outTpNames":["q1_out"]}, node constraint is 1
redis_setup url is http://ip-172-31-15-150.us-east-2.compute.internal:8080/function/redisSetup
encoded json is {"srcTpName":"nexmark_src","outTpNames":["q1_out"],"numOutParts":"BA==","chkptEveryMs":100,"bufMaxSize":131072,"srcNumPart":4,"gua":4,"serde_format":1}, node constraint is 1
chkptmngr url is http://ip-172-31-15-150.us-east-2.compute.internal:8080/function/chkptmngr
func source url is http://ip-172-31-15-150.us-east-2.compute.internal:8080/function/source
func source url is http://ip-172-31-15-150.us-east-2.compute.internal:8080/function/source
func source url is http://ip-172-31-15-150.us-east-2.compute.internal:8080/function/source
src instance: 4
encoded json is {"topic_name":"nexmark_src","rate_shape":"square","aid":"q1","events_num":63360000,"rate_period":10000000000,"finOutTpNs":["q1_out"],"first_event_rate":352000,"next_event_rate":352000,"bid_avg_size":100,"person_avg_size":200,"auction_avg_size":500,"duration":180,"person_proportion":1,"auction_proportion":3,"bid_proportion":46,"bid_hot_ratio_auctions":2,"bid_hot_ratio_bidders":4,"auction_hot_ratio_sellers":4,"flushms":10,"bufMaxSize":131072,"commEveryMs":100,"rate_limited":false,"waitEnd":true,"serde_format":1,"numOutPar":4,"parNum":1,"nSrcIns":4,"gua":4}, node constraint is 1,2,3,4
func source url is http://ip-172-31-15-150.us-east-2.compute.internal:8080/function/source
encoded json is {"topic_name":"nexmark_src","rate_shape":"square","aid":"q1","events_num":63360000,"rate_period":10000000000,"finOutTpNs":["q1_out"],"first_event_rate":352000,"next_event_rate":352000,"bid_avg_size":100,"person_avg_size":200,"auction_avg_size":500,"duration":180,"person_proportion":1,"auction_proportion":3,"bid_proportion":46,"bid_hot_ratio_auctions":2,"bid_hot_ratio_bidders":4,"auction_hot_ratio_sellers":4,"flushms":10,"bufMaxSize":131072,"commEveryMs":100,"rate_limited":false,"waitEnd":true,"serde_format":1,"numOutPar":4,"parNum":3,"nSrcIns":4,"gua":4}, node constraint is 1,2,3,4
encoded json is {"topic_name":"nexmark_src","rate_shape":"square","aid":"q1","events_num":63360000,"rate_period":10000000000,"finOutTpNs":["q1_out"],"first_event_rate":352000,"next_event_rate":352000,"bid_avg_size":100,"person_avg_size":200,"auction_avg_size":500,"duration":180,"person_proportion":1,"auction_proportion":3,"bid_proportion":46,"bid_hot_ratio_auctions":2,"bid_hot_ratio_bidders":4,"auction_hot_ratio_sellers":4,"flushms":10,"bufMaxSize":131072,"commEveryMs":100,"rate_limited":false,"waitEnd":true,"serde_format":1,"numOutPar":4,"parNum":2,"nSrcIns":4,"gua":4}, node constraint is 1,2,3,4
encoded json is {"topic_name":"nexmark_src","rate_shape":"square","aid":"q1","events_num":63360000,"rate_period":10000000000,"finOutTpNs":["q1_out"],"first_event_rate":352000,"next_event_rate":352000,"bid_avg_size":100,"person_avg_size":200,"auction_avg_size":500,"duration":180,"person_proportion":1,"auction_proportion":3,"bid_proportion":46,"bid_hot_ratio_auctions":2,"bid_hot_ratio_bidders":4,"auction_hot_ratio_sellers":4,"flushms":10,"bufMaxSize":131072,"commEveryMs":100,"rate_limited":false,"waitEnd":true,"serde_format":1,"numOutPar":4,"nSrcIns":4,"gua":4}, node constraint is 1,2,3,4
Waiting for all client to return
func name is query1
func url is http://ip-172-31-15-150.us-east-2.compute.internal:8080/function/query1
func name is query1
func url is http://ip-172-31-15-150.us-east-2.compute.internal:8080/function/query1
encoded json is {"aid":"q1","numOutPartition":"BA==","numSubstreamProducer":"AQ==","outputTopicName":["q1_out"],"inputTopicName":["nexmark_src"],"commEveryMs":100,"flushMs":100,"duration":180,"bufMaxSize":131072,"epoch":1,"waitEnd":true,"numInPartition":4,"ParNum":3,"gua":4,"serdeFormat":1}, node constraint is 5,6,7,8
func name is query1
func url is http://ip-172-31-15-150.us-east-2.compute.internal:8080/function/query1
func name is query1
func url is http://ip-172-31-15-150.us-east-2.compute.internal:8080/function/query1
encoded json is {"aid":"q1","numOutPartition":"BA==","numSubstreamProducer":"AQ==","outputTopicName":["q1_out"],"inputTopicName":["nexmark_src"],"commEveryMs":100,"flushMs":100,"duration":180,"bufMaxSize":131072,"epoch":1,"waitEnd":true,"numInPartition":4,"gua":4,"serdeFormat":1}, node constraint is 5,6,7,8
encoded json is {"aid":"q1","numOutPartition":"BA==","numSubstreamProducer":"AQ==","outputTopicName":["q1_out"],"inputTopicName":["nexmark_src"],"commEveryMs":100,"flushMs":100,"duration":180,"bufMaxSize":131072,"epoch":1,"waitEnd":true,"numInPartition":4,"ParNum":1,"gua":4,"serdeFormat":1}, node constraint is 5,6,7,8
encoded json is {"aid":"q1","numOutPartition":"BA==","numSubstreamProducer":"AQ==","outputTopicName":["q1_out"],"inputTopicName":["nexmark_src"],"commEveryMs":100,"flushMs":100,"duration":180,"bufMaxSize":131072,"epoch":1,"waitEnd":true,"numInPartition":4,"ParNum":2,"gua":4,"serdeFormat":1}, node constraint is 5,6,7,8
source-0 invoke done
source-2 invoke done
source-3 invoke done
source-1 invoke done
query1-3 call done
query1-1 call done
query1-2 call done
query1-0 call done
sink processed: 15840001, throughput: (event/s) 87955.28221344108
sink_ctrl processed: 2, throughput: (event/s) 0.011105464224836992
source-0 duration: 180.091526073

sink processed: 15839305, throughput: (event/s) 87950.54724984572
sink_ctrl processed: 2, throughput: (event/s) 0.011105354338444234
source-1 duration: 180.093308061

sink processed: 15840002, throughput: (event/s) 87955.01927878018
sink_ctrl processed: 2, throughput: (event/s) 0.01110543032491791
source-2 duration: 180.092075812

sink processed: 15840002, throughput: (event/s) 87954.40950715239
sink_ctrl processed: 2, throughput: (event/s) 0.011105353333560487
source-3 duration: 180.093324357

sink processed 63359310 events, duration: 180.093324357, tp: 351813.762260
sink_ctrl processed 8 events, duration: 180.093324357, tp: 0.044421

eventTimeLatency_sink, p50: 10 ms, p90: 38 ms, p99: 100 ms
nexmark_src_src_data processed: 15839999, throughput: (event/s) 87953.13212487852
nexmark_src_src_epoch processed: 0, throughput: (event/s) 0
nexmark_src_src_logEntry processed: 43456, throughput: (event/s) 241.2936585171957
sink processed: 14572800, throughput: (event/s) 80916.88666327756
nexmark_src_src processed: 15841493, throughput: (event/s) 87961.42770490947
nexmark_src_src_ctrl processed: 1494, throughput: (event/s) 8.295580030943722
query1-0 duration: 180.095905823

eventTimeLatency_sink, p50: 9 ms, p90: 37 ms, p99: 103 ms
nexmark_src_src_epoch processed: 0, throughput: (event/s) 0
nexmark_src_src_logEntry processed: 43524, throughput: (event/s) 241.66923796585485
sink processed: 14572157, throughput: (event/s) 80912.64768194094
nexmark_src_src processed: 15840797, throughput: (event/s) 87956.83622281499
nexmark_src_src_ctrl processed: 1494, throughput: (event/s) 8.295511476908995
nexmark_src_src_data processed: 15839303, throughput: (event/s) 87948.54071133808
query1-1 duration: 180.097394134

eventTimeLatency_sink, p50: 9 ms, p90: 36 ms, p99: 109 ms
nexmark_src_src_ctrl processed: 1494, throughput: (event/s) 8.295532388401682
nexmark_src_src_data processed: 15840000, throughput: (event/s) 87952.63255172868
nexmark_src_src_epoch processed: 0, throughput: (event/s) 0
nexmark_src_src_logEntry processed: 43525, throughput: (event/s) 241.67539973573173
sink processed: 14572800, throughput: (event/s) 80916.42194759038
nexmark_src_src processed: 15841494, throughput: (event/s) 87960.92808411708
query1-2 duration: 180.096940142

eventTimeLatency_sink, p50: 10 ms, p90: 28 ms, p99: 106 ms
sink processed: 14572800, throughput: (event/s) 80916.19482172218
nexmark_src_src processed: 15841494, throughput: (event/s) 87960.6811848885
nexmark_src_src_ctrl processed: 1494, throughput: (event/s) 8.295509103511538
nexmark_src_src_data processed: 15840000, throughput: (event/s) 87952.38567578499
nexmark_src_src_epoch processed: 0, throughput: (event/s) 0
nexmark_src_src_logEntry processed: 43492, throughput: (event/s) 241.4914872355581
query1-3 duration: 180.097445661

nexmark_src_src_data processed 63359302 events, duration: 180.097445661
nexmark_src_src_epoch processed 0 events, duration: 180.097445661
nexmark_src_src_logEntry processed 173997 events, duration: 180.097445661
sink processed 58290557 events, duration: 180.097445661
nexmark_src_src processed 63365278 events, duration: 180.097445661
nexmark_src_src_ctrl processed 5976 events, duration: 180.097445661

