wait for last: true
warmup: 0
config: map[NodeConstraint:"1,2,3,4" NumInstance:4 OutputTopicName:["nexmark_src"] funcName:"source"]
config: map[InputTopicNames:["nexmark_src"] NodeConstraint:"5,6,7,8" NumInstance:4 NumSrcProducer:[1] OutputTopicName:["q2_out"] funcName:"query2"]
srcInvokeConfig: {TopicName:nexmark_src AppId:q2 NodeConstraint:1,2,3,4 ScaleEpoch:0 NumOutPartition:4 InstanceID:0 NumSrcInstance:4}
cliNodes: [0xc0000261e0]
inParamsMap: map[query2:[0xc000000c80 0xc000000d20 0xc000000dc0 0xc000000e60]]
encoded json is {"sg":{"nexmark_src":4,"q2_out":4,"query2":4,"source":4},"aid":"q2","fns":["source","query2"],"epoch":1,"serdeFormat":1,"bs":true}, node constraint is 1
configScaleInput: {Config:map[nexmark_src:4 q2_out:4 query2:4 source:4] AppId:q2 FuncNames:[source query2] ScaleEpoch:0 SerdeFormat:1 Bootstrap:false}
func source url is http://ip-172-31-2-153.us-east-2.compute.internal:8080/function/source
src instance: 4
func source url is http://ip-172-31-2-153.us-east-2.compute.internal:8080/function/source
encoded json is {"topic_name":"nexmark_src","rate_shape":"square","aid":"q2","events_num":2880000,"rate_period":10000000000,"bid_avg_size":100,"first_event_rate":16000,"next_event_rate":16000,"person_avg_size":200,"auction_avg_size":500,"duration":180,"person_proportion":1,"auction_proportion":3,"bid_proportion":46,"bid_hot_ratio_auctions":2,"bid_hot_ratio_bidders":4,"auction_hot_ratio_sellers":4,"flushms":10,"rate_limited":false,"waitEnd":true,"serde_format":1,"numOutPar":4,"parNum":1,"nSrcIns":4}, node constraint is 1,2,3,4
func source url is http://ip-172-31-2-153.us-east-2.compute.internal:8080/function/source
encoded json is {"topic_name":"nexmark_src","rate_shape":"square","aid":"q2","events_num":2880000,"rate_period":10000000000,"bid_avg_size":100,"first_event_rate":16000,"next_event_rate":16000,"person_avg_size":200,"auction_avg_size":500,"duration":180,"person_proportion":1,"auction_proportion":3,"bid_proportion":46,"bid_hot_ratio_auctions":2,"bid_hot_ratio_bidders":4,"auction_hot_ratio_sellers":4,"flushms":10,"rate_limited":false,"waitEnd":true,"serde_format":1,"numOutPar":4,"parNum":3,"nSrcIns":4}, node constraint is 1,2,3,4
func source url is http://ip-172-31-2-153.us-east-2.compute.internal:8080/function/source
encoded json is {"topic_name":"nexmark_src","rate_shape":"square","aid":"q2","events_num":2880000,"rate_period":10000000000,"bid_avg_size":100,"first_event_rate":16000,"next_event_rate":16000,"person_avg_size":200,"auction_avg_size":500,"duration":180,"person_proportion":1,"auction_proportion":3,"bid_proportion":46,"bid_hot_ratio_auctions":2,"bid_hot_ratio_bidders":4,"auction_hot_ratio_sellers":4,"flushms":10,"rate_limited":false,"waitEnd":true,"serde_format":1,"numOutPar":4,"nSrcIns":4}, node constraint is 1,2,3,4
encoded json is {"topic_name":"nexmark_src","rate_shape":"square","aid":"q2","events_num":2880000,"rate_period":10000000000,"bid_avg_size":100,"first_event_rate":16000,"next_event_rate":16000,"person_avg_size":200,"auction_avg_size":500,"duration":180,"person_proportion":1,"auction_proportion":3,"bid_proportion":46,"bid_hot_ratio_auctions":2,"bid_hot_ratio_bidders":4,"auction_hot_ratio_sellers":4,"flushms":10,"rate_limited":false,"waitEnd":true,"serde_format":1,"numOutPar":4,"parNum":2,"nSrcIns":4}, node constraint is 1,2,3,4
Waiting for all client to return
func name is query2
func name is query2
func url is http://ip-172-31-2-153.us-east-2.compute.internal:8080/function/query2
func name is query2
func url is http://ip-172-31-2-153.us-east-2.compute.internal:8080/function/query2
func name is query2
func url is http://ip-172-31-2-153.us-east-2.compute.internal:8080/function/query2
func url is http://ip-172-31-2-153.us-east-2.compute.internal:8080/function/query2
encoded json is {"aid":"q2","numOutPartition":"BA==","numSubstreamProducer":"AQ==","outputTopicName":["q2_out"],"inputTopicName":["nexmark_src"],"commEveryMs":100,"flushMs":100,"duration":180,"epoch":1,"waitEnd":true,"numInPartition":4,"ParNum":1,"gua":3,"serdeFormat":1}, node constraint is 5,6,7,8
encoded json is {"aid":"q2","numOutPartition":"BA==","numSubstreamProducer":"AQ==","outputTopicName":["q2_out"],"inputTopicName":["nexmark_src"],"commEveryMs":100,"flushMs":100,"duration":180,"epoch":1,"waitEnd":true,"numInPartition":4,"ParNum":3,"gua":3,"serdeFormat":1}, node constraint is 5,6,7,8
encoded json is {"aid":"q2","numOutPartition":"BA==","numSubstreamProducer":"AQ==","outputTopicName":["q2_out"],"inputTopicName":["nexmark_src"],"commEveryMs":100,"flushMs":100,"duration":180,"epoch":1,"waitEnd":true,"numInPartition":4,"gua":3,"serdeFormat":1}, node constraint is 5,6,7,8
encoded json is {"aid":"q2","numOutPartition":"BA==","numSubstreamProducer":"AQ==","outputTopicName":["q2_out"],"inputTopicName":["nexmark_src"],"commEveryMs":100,"flushMs":100,"duration":180,"epoch":1,"waitEnd":true,"numInPartition":4,"ParNum":2,"gua":3,"serdeFormat":1}, node constraint is 5,6,7,8
source-1 invoke done
source-0 invoke done
source-3 invoke done
query2-1 call done
source-2 invoke done
query2-3 call done
query2-0 call done
query2-2 call done
sink processed: 720001, throughput: (event/s) 3999.97525454301
sink_ctrl processed: 1, throughput: (event/s) 0.00555551347087436
source-0 duration: 180.001363554

sink processed: 720001, throughput: (event/s) 3999.9557289292534
sink_ctrl processed: 1, throughput: (event/s) 0.00555548635200403
source-1 duration: 180.002242223

sink processed: 720001, throughput: (event/s) 3999.9491240066504
sink_ctrl processed: 1, throughput: (event/s) 0.005555477178513155
source-2 duration: 180.002539452

sink processed: 720001, throughput: (event/s) 3999.9725561375203
sink_ctrl processed: 1, throughput: (event/s) 0.005555509723094163
source-3 duration: 180.001484984

sink processed 2880004 events, duration: 180.002539452, tp: 15999.796496
sink_ctrl processed 4 events, duration: 180.002539452, tp: 0.022222

eventTimeLatency_sink, p50: 10 ms, p90: 15 ms, p99: 16 ms
src_ctrl processed: 1, throughput: (event/s) 0.005555348431611235
src_data processed: 720000, throughput: (event/s) 3999.8508707600895
src_epoch processed: 0, throughput: (event/s) 0
src_logEntry processed: 16003, throughput: (event/s) 88.9022409510746
sink processed: 5020, throughput: (event/s) 27.8878491266884
src processed: 720001, throughput: (event/s) 3999.856426108521
query2-0 duration: 180.006711066

eventTimeLatency_sink, p50: 11 ms, p90: 16 ms, p99: 17 ms
src_logEntry processed: 15983, throughput: (event/s) 88.7911494877587
sink processed: 5018, throughput: (event/s) 27.87674329785229
src processed: 720001, throughput: (event/s) 3999.8571245908624
src_ctrl processed: 1, throughput: (event/s) 0.0055553494017242504
src_data processed: 720000, throughput: (event/s) 3999.8515692414608
src_epoch processed: 0, throughput: (event/s) 0
query2-1 duration: 180.006679632

eventTimeLatency_sink, p50: 11 ms, p90: 16 ms, p99: 17 ms
sink processed: 5000, throughput: (event/s) 27.776664367932792
src processed: 720001, throughput: (event/s) 3999.8452243151955
src_ctrl processed: 1, throughput: (event/s) 0.005555332873586558
src_data processed: 720000, throughput: (event/s) 3999.8396689823217
src_epoch processed: 0, throughput: (event/s) 0
src_logEntry processed: 16094, throughput: (event/s) 89.40752726750206
query2-2 duration: 180.007215185

eventTimeLatency_sink, p50: 10 ms, p90: 15 ms, p99: 16 ms
src_data processed: 720000, throughput: (event/s) 3999.8618364835656
src_epoch processed: 0, throughput: (event/s) 0
src_logEntry processed: 16030, throughput: (event/s) 89.05247949837717
sink processed: 5099, throughput: (event/s) 28.32679931143014
src processed: 720001, throughput: (event/s) 3999.8673918472273
src_ctrl processed: 1, throughput: (event/s) 0.00555536366178273
query2-3 duration: 180.006217573

src_ctrl processed 4 events, duration: 180.007215185
src_data processed 2880000 events, duration: 180.007215185
src_epoch processed 0 events, duration: 180.007215185
src_logEntry processed 64110 events, duration: 180.007215185
sink processed 20137 events, duration: 180.007215185
src processed 2880004 events, duration: 180.007215185

