parallel restore str: , false
env str: , async2ndPhase: false
env str: , create snapshot: false
2024/03/03 20:22:48 [INFO] Load configuration for function scale[40]
2024/03/03 20:22:48 [INFO] Load configuration for function chkptmngr[50]
2024/03/03 20:22:48 [INFO] Load configuration for function redisSetup[70]
2024/03/03 20:22:48 [INFO] Load configuration for function source[20]
2024/03/03 20:22:48 [INFO] Load configuration for function query2[30]
2024/03/03 20:22:48 [INFO] Parse FAAS_ENGINE_ID: 7
2024/03/03 20:22:48 [INFO] Parse FAAS_ENGINE_ID: 7
2024/03/03 20:22:48 [INFO] Current GOMAXPROCS is 2
2024/03/03 20:22:48 [INFO] Parse FAAS_ENGINE_ID: 7
2024/03/03 20:22:48 [INFO] Current GOMAXPROCS is 3
2024/03/03 20:22:48 [INFO] Parse FAAS_ENGINE_ID: 7
2024/03/03 20:22:48 [INFO] Current GOMAXPROCS is 4
2024/03/03 20:22:48 [INFO] Start new FuncWorker with client id 4
2024/03/03 20:22:48 [INFO] Start new FuncWorker with client id 3
2024/03/03 20:22:48 [INFO] Start new FuncWorker with client id 5
2024/03/03 20:22:48 [INFO] Start new FuncWorker with client id 6
Enter nexmark: funcName: query2
2024/03/03 20:22:48 [INFO] Handshake with engine done
Enter nexmark: funcName: query2
2024/03/03 20:22:48 [INFO] Handshake with engine done
Enter nexmark: funcName: query2
Enter nexmark: funcName: query2
2024/03/03 20:22:48 [INFO] Handshake with engine done
2024/03/03 20:22:48 [INFO] Handshake with engine done
new buffered sink stream nexmark_src[0] with bufMaxSize 131072
new buffered sink stream nexmark_src[1] with bufMaxSize 131072
new buffered sink stream nexmark_src[2] with bufMaxSize 131072
new buffered sink stream nexmark_src[3] with bufMaxSize 131072
new buffered sink stream q2_out[0] with bufMaxSize 131072
new buffered sink stream q2_out[1] with bufMaxSize 131072
new buffered sink stream q2_out[2] with bufMaxSize 131072
new buffered sink stream q2_out[3] with bufMaxSize 131072
nexmark_src notEnded: map[3:{}], notScaleFence: map[3:{}]
redis address is [snapcache-1:6666 snapcache-2:6666 snapcache-3:6666 snapcache-4:6666]
new buffered sink stream __control_log_q2[0] with bufMaxSize 131072
new buffered sink stream __control_log_q2[0] with bufMaxSize 131072
[0] finished prev task source, funcName query2, meta epoch 0, current epoch 1, cmm instance 3, remain instances: map[]
[1] finished prev task source, funcName query2, meta epoch 0, current epoch 1, cmm instance 3, remain instances: map[]
[2] finished prev task source, funcName query2, meta epoch 0, current epoch 1, cmm instance 3, remain instances: map[]
[3] finished prev task source, funcName query2, meta epoch 0, current epoch 1, cmm instance 3, remain instances: map[]
[0] finished prev task query2, funcName query2, meta epoch 0, current epoch 1, cmm instance 3, remain instances: map[]
[3] prodId: ProducerId: {TaskId: 0x1c00600000001, TaskEpoch: 0x1}, warmup time: 0s, flush every: 100ms, waitEndMark: true
nexmark_src_src counter: dur=10.002177616s, value=40413, rate=4040.420151643106 per second
q2_out_sink counter: dur=10.138010344s, value=139, rate=13.710777093679399 per second
q2_out_sink stats (200 samples): dur=13.760247421s, p50=1, p90=1, p99=3
nexmark_src_src counter: dur=10.001416184s, value=80516, rate=4009.7321481487506 per second
q2_out_sink counter: dur=10.072633545s, value=300, rate=15.983903244441917 per second
q2_out_bufEntry_3 stats (200 samples): dur=21.403482278s, p50=1, p90=3, p99=4
q2_out_bufSize_3 stats (200 samples): dur=21.403505772s, p50=273, p90=721, p99=1072
WaitAlignTime_0(ms) stats (200 samples): dur=22.286936937s, p50=0, p90=0, p99=0
createChkpt_3(ms) stats (200 samples): dur=22.282182464s, p50=1, p90=1, p99=4
q2_out_sink stats (200 samples): dur=13.054091061s, p50=0, p90=1, p99=1
nexmark_src_src counter: dur=10.001879451s, value=120608, rate=4008.4466320968854 per second
q2_out_sink counter: dur=10.082050269s, value=440, rate=13.886064467508955 per second
nexmark_src_src counter: dur=10.006743926s, value=160727, rate=4009.1962277320695 per second
q2_out_sink counter: dur=10.051839357s, value=578, rate=13.72883062480482 per second
q2_out_sink stats (200 samples): dur=14.534040143s, p50=1, p90=1, p99=2
q2_out_bufEntry_3 stats (200 samples): dur=21.349400291s, p50=1, p90=3, p99=4
q2_out_bufSize_3 stats (200 samples): dur=21.34940074s, p50=276, p90=732, p99=966
WaitAlignTime_0(ms) stats (200 samples): dur=22.343007097s, p50=0, p90=0, p99=0
createChkpt_3(ms) stats (200 samples): dur=22.343001229s, p50=1, p90=1, p99=2
nexmark_src_src counter: dur=10.010586169s, value=200859, rate=4008.9560513726597 per second
q2_out_sink counter: dur=10.038206534s, value=1484, rate=90.25516629203875 per second
q2_out_sink stats (900 samples): dur=10.118554205s, p50=0, p90=1, p99=2
nexmark_src_src counter: dur=10.009473461s, value=240986, rate=4008.902182152456 per second
q2_out_sink counter: dur=10.123034119s, value=1626, rate=14.027414936148356 per second
q2_out_bufEntry_3 stats (200 samples): dur=21.626230179s, p50=1, p90=3, p99=147
q2_out_bufSize_3 stats (200 samples): dur=21.626228294s, p50=281, p90=793, p99=37691
q2_out_sink stats (200 samples): dur=13.467961071s, p50=1, p90=1, p99=1
WaitAlignTime_0(ms) stats (200 samples): dur=22.302110347s, p50=0, p90=0, p99=0
createChkpt_3(ms) stats (200 samples): dur=22.301943745s, p50=1, p90=1, p99=2
nexmark_src_src counter: dur=10.000953666s, value=281078, rate=4008.817692686629 per second
q2_out_sink counter: dur=10.112530935s, value=1768, rate=14.041984238439316 per second
q2_out_sink stats (200 samples): dur=14.196194256s, p50=1, p90=1, p99=2
nexmark_src_src counter: dur=10.0102092s, value=321209, rate=4009.00712444651 per second
q2_out_sink counter: dur=10.046697575s, value=1919, rate=15.029814411428625 per second
q2_out_bufEntry_3 stats (200 samples): dur=23.237874603s, p50=1, p90=3, p99=5
q2_out_bufSize_3 stats (200 samples): dur=23.237875724s, p50=275, p90=773, p99=1198
WaitAlignTime_0(ms) stats (200 samples): dur=22.229704683s, p50=0, p90=0, p99=0
createChkpt_3(ms) stats (200 samples): dur=22.230500377s, p50=1, p90=1, p99=2
nexmark_src_src counter: dur=10.002236116s, value=361310, rate=4009.203495591625 per second
q2_out_sink counter: dur=10.079720686s, value=2059, rate=13.889273756806558 per second
q2_out_sink stats (200 samples): dur=14.857683155s, p50=1, p90=1, p99=1
nexmark_src_src counter: dur=10.010056585s, value=401441, rate=4009.068246440887 per second
q2_out_sink counter: dur=10.029375398s, value=2962, rate=90.03551708514878 per second
q2_out_sink stats (910 samples): dur=10.220087018s, p50=0, p90=0, p99=1
q2_out_bufEntry_3 stats (200 samples): dur=20.630832128s, p50=1, p90=3, p99=135
q2_out_bufSize_3 stats (200 samples): dur=20.630830485s, p50=275, p90=785, p99=34623
nexmark_src_src counter: dur=10.004119161s, value=441546, rate=4008.8486906818443 per second
q2_out_sink counter: dur=10.027600429s, value=3108, rate=14.559814287949228 per second
WaitAlignTime_0(ms) stats (200 samples): dur=22.288939943s, p50=0, p90=0, p99=0
createChkpt_3(ms) stats (200 samples): dur=22.288068415s, p50=1, p90=1, p99=2
q2_out_sink stats (200 samples): dur=12.702271051s, p50=1, p90=1, p99=1
nexmark_src_src counter: dur=10.005568079s, value=481660, rate=4009.167663772387 per second
q2_out_sink counter: dur=10.024959819s, value=3261, rate=15.261906557473058 per second
nexmark_src_src counter: dur=10.009837503s, value=521789, rate=4008.956188147223 per second
q2_out_bufEntry_3 stats (200 samples): dur=21.91863023s, p50=1, p90=3, p99=4
q2_out_bufSize_3 stats (200 samples): dur=21.918628739s, p50=280, p90=774, p99=1071
q2_out_sink counter: dur=10.01474904s, value=3403, rate=14.179087207561219 per second
q2_out_sink stats (200 samples): dur=14.394944704s, p50=1, p90=1, p99=1
WaitAlignTime_0(ms) stats (200 samples): dur=22.250531445s, p50=0, p90=0, p99=0
createChkpt_3(ms) stats (200 samples): dur=22.250417612s, p50=1, p90=1, p99=2
nexmark_src_src counter: dur=10.008732114s, value=561912, rate=4008.7994706019563 per second
q2_out_sink counter: dur=10.051700624s, value=3550, rate=14.624390986040174 per second
q2_out_sink stats (200 samples): dur=13.68362833s, p50=0, p90=1, p99=2
nexmark_src_src counter: dur=10.012060698s, value=602049, rate=4008.8650289562993 per second
q2_out_sink counter: dur=10.013237402s, value=4476, rate=92.47758370485103 per second
q2_out_bufEntry_3 stats (200 samples): dur=21.203400168s, p50=1, p90=3, p99=123
q2_out_bufSize_3 stats (200 samples): dur=21.203401003s, p50=280, p90=791, p99=31420
q2_out_sink stats (925 samples): dur=10.014490516s, p50=0, p90=0, p99=1
WaitAlignTime_0(ms) stats (200 samples): dur=22.307220974s, p50=0, p90=0, p99=0
createChkpt_3(ms) stats (200 samples): dur=22.30760656s, p50=1, p90=1, p99=2
nexmark_src_src counter: dur=10.002938919s, value=642151, rate=4009.0217809716487 per second
q2_out_sink counter: dur=10.25548188s, value=4642, rate=16.186465145409628 per second
q2_out_sink stats (200 samples): dur=12.09722039s, p50=0, p90=1, p99=2
nexmark_src_src counter: dur=10.003591983s, value=682257, rate=4009.159916573539 per second
q2_out_sink counter: dur=10.018848888s, value=4789, rate=14.672344262629624 per second
q2_out_bufEntry_3 stats (200 samples): dur=20.409080436s, p50=1, p90=3, p99=4
q2_out_bufSize_3 stats (200 samples): dur=20.409082518s, p50=274, p90=744, p99=1072
WaitAlignTime_0(ms) stats (200 samples): dur=22.21513357s, p50=0, p90=0, p99=0
createChkpt_3(ms) stats (200 samples): dur=22.214927342s, p50=1, p90=1, p99=22
3 producer ended, map[] remain
exit due to ctrlMsg
createChkpt_3(ms) (15 samples): dur=1.674379423s, data=[1 1 1 1 1 1 1 1 1 1 1 1 1 1 1]
[3]duration: 180.005425 s, uts: 1709497668490
WaitAlignTime_0(ms) (15 samples): dur=1.677435343s, data=[0 0 0 0 0 0 0 0 0 0 0 0 0 0 0]
nexmark_src_src msgCnt 721616, ctrlCnt 1616, epochCnt 0, logEntry 15535
sink msgCnt 4910, ctrlCnt 1616
