wait for last: true
warmup: 0
config: map[NodeConstraint:"1,2,3,4" NumInstance:4 OutputTopicName:["nexmark_src"] funcName:"source"]
config: map[InputTopicNames:["nexmark_src"] NodeConstraint:"5,6,7,8" NumInstance:4 NumSrcProducer:[1] OutputTopicName:["q46_aucsByID","q46_bidsByAucID"] funcName:"q46GroupBy"]
config: map[InputTopicNames:["q46_aucsByID","q46_bidsByAucID"] NodeConstraint:"5,6,7,8" NumInstance:4 NumSrcProducer:[4,4] OutputTopicName:["q6_aucIDSeller"] funcName:"q6JoinStream"]
config: map[InputTopicNames:["q6_aucIDSeller"] NodeConstraint:"5,6,7,8" NumInstance:4 NumSrcProducer:[1] OutputTopicName:["q6_maxBids"] funcName:"q6MaxBid"]
config: map[InputTopicNames:["q6_maxBids"] NodeConstraint:"5,6,7,8" NumInstance:4 NumSrcProducer:[4] OutputTopicName:["q6_out"] funcName:"q6Avg"]
srcInvokeConfig: {TopicName:nexmark_src AppId:q6 NodeConstraint:1,2,3,4 ScaleEpoch:0 NumOutPartition:4 InstanceID:0 NumSrcInstance:4}
cliNodes: [0xc0000ce220 0xc0000ce280 0xc0000ce2c0 0xc0000ce320]
inParamsMap: map[q46GroupBy:[0xc0000b2b40 0xc0000b2be0 0xc0000b2c80 0xc0000b2d20] q6Avg:[0xc0000b32c0 0xc0000b3360 0xc0000b3400 0xc0000b34a0] q6JoinStream:[0xc0000b2dc0 0xc0000b2e60 0xc0000b2f00 0xc0000b2fa0] q6MaxBid:[0xc0000b3040 0xc0000b30e0 0xc0000b3180 0xc0000b3220]]
configScaleInput: {Config:map[changelog:4 nexmark_src:4 q46GroupBy:4 q46_aucsByID:4 q46_bidsByAucID:4 q6Avg:4 q6JoinStream:4 q6MaxBid:4 q6_aucIDSeller:4 q6_maxBids:4 q6_out:4 source:4] AppId:q6 FuncNames:[source q46GroupBy q6JoinStream q6MaxBid q6Avg] ScaleEpoch:0 SerdeFormat:1 Bootstrap:false}
encoded json is {"sg":{"changelog":4,"nexmark_src":4,"q46GroupBy":4,"q46_aucsByID":4,"q46_bidsByAucID":4,"q6Avg":4,"q6JoinStream":4,"q6MaxBid":4,"q6_aucIDSeller":4,"q6_maxBids":4,"q6_out":4,"source":4},"aid":"q6","fns":["source","q46GroupBy","q6JoinStream","q6MaxBid","q6Avg"],"epoch":1,"serdeFormat":1,"bs":true}, node constraint is 1
src instance: 4
func source url is http://ip-172-31-9-54.us-east-2.compute.internal:8080/function/source
func source url is http://ip-172-31-9-54.us-east-2.compute.internal:8080/function/source
func source url is http://ip-172-31-9-54.us-east-2.compute.internal:8080/function/source
func source url is http://ip-172-31-9-54.us-east-2.compute.internal:8080/function/source
encoded json is {"topic_name":"nexmark_src","rate_shape":"square","aid":"q6","events_num":540000,"rate_period":10000000000,"bid_avg_size":100,"first_event_rate":3000,"next_event_rate":3000,"person_avg_size":200,"auction_avg_size":500,"duration":180,"person_proportion":1,"auction_proportion":3,"bid_proportion":46,"bid_hot_ratio_auctions":2,"bid_hot_ratio_bidders":4,"auction_hot_ratio_sellers":4,"flushms":100,"rate_limited":false,"waitEnd":true,"serde_format":1,"numOutPar":4,"parNum":3,"nSrcIns":4}, node constraint is 1,2,3,4
encoded json is {"topic_name":"nexmark_src","rate_shape":"square","aid":"q6","events_num":540000,"rate_period":10000000000,"bid_avg_size":100,"first_event_rate":3000,"next_event_rate":3000,"person_avg_size":200,"auction_avg_size":500,"duration":180,"person_proportion":1,"auction_proportion":3,"bid_proportion":46,"bid_hot_ratio_auctions":2,"bid_hot_ratio_bidders":4,"auction_hot_ratio_sellers":4,"flushms":100,"rate_limited":false,"waitEnd":true,"serde_format":1,"numOutPar":4,"parNum":1,"nSrcIns":4}, node constraint is 1,2,3,4
encoded json is {"topic_name":"nexmark_src","rate_shape":"square","aid":"q6","events_num":540000,"rate_period":10000000000,"bid_avg_size":100,"first_event_rate":3000,"next_event_rate":3000,"person_avg_size":200,"auction_avg_size":500,"duration":180,"person_proportion":1,"auction_proportion":3,"bid_proportion":46,"bid_hot_ratio_auctions":2,"bid_hot_ratio_bidders":4,"auction_hot_ratio_sellers":4,"flushms":100,"rate_limited":false,"waitEnd":true,"serde_format":1,"numOutPar":4,"parNum":2,"nSrcIns":4}, node constraint is 1,2,3,4
encoded json is {"topic_name":"nexmark_src","rate_shape":"square","aid":"q6","events_num":540000,"rate_period":10000000000,"bid_avg_size":100,"first_event_rate":3000,"next_event_rate":3000,"person_avg_size":200,"auction_avg_size":500,"duration":180,"person_proportion":1,"auction_proportion":3,"bid_proportion":46,"bid_hot_ratio_auctions":2,"bid_hot_ratio_bidders":4,"auction_hot_ratio_sellers":4,"flushms":100,"rate_limited":false,"waitEnd":true,"serde_format":1,"numOutPar":4,"nSrcIns":4}, node constraint is 1,2,3,4
func name is q46GroupBy
func url is http://ip-172-31-9-54.us-east-2.compute.internal:8080/function/q46GroupBy
func name is q6JoinStream
func url is http://ip-172-31-9-54.us-east-2.compute.internal:8080/function/q6JoinStream
func name is q46GroupBy
func url is http://ip-172-31-9-54.us-east-2.compute.internal:8080/function/q46GroupBy
func name is q6JoinStream
func url is http://ip-172-31-9-54.us-east-2.compute.internal:8080/function/q6JoinStream
func name is q6JoinStream
func url is http://ip-172-31-9-54.us-east-2.compute.internal:8080/function/q6JoinStream
func name is q46GroupBy
func name is q6MaxBid
func url is http://ip-172-31-9-54.us-east-2.compute.internal:8080/function/q6MaxBid
func name is q6MaxBid
func url is http://ip-172-31-9-54.us-east-2.compute.internal:8080/function/q6MaxBid
func url is http://ip-172-31-9-54.us-east-2.compute.internal:8080/function/q46GroupBy
func name is q6Avg
func url is http://ip-172-31-9-54.us-east-2.compute.internal:8080/function/q6Avg
func name is q6MaxBid
func url is http://ip-172-31-9-54.us-east-2.compute.internal:8080/function/q6MaxBid
func name is q6MaxBid
func name is q6Avg
func url is http://ip-172-31-9-54.us-east-2.compute.internal:8080/function/q6Avg
func name is q46GroupBy
func url is http://ip-172-31-9-54.us-east-2.compute.internal:8080/function/q6MaxBid
func name is q6JoinStream
func url is http://ip-172-31-9-54.us-east-2.compute.internal:8080/function/q46GroupBy
func name is q6Avg
func url is http://ip-172-31-9-54.us-east-2.compute.internal:8080/function/q6JoinStream
func url is http://ip-172-31-9-54.us-east-2.compute.internal:8080/function/q6Avg
func name is q6Avg
func url is http://ip-172-31-9-54.us-east-2.compute.internal:8080/function/q6Avg
Waiting for all client to return
encoded json is {"aid":"q6","numOutPartition":"BAQ=","numSubstreamProducer":"AQ==","outputTopicName":["q46_aucsByID","q46_bidsByAucID"],"inputTopicName":["nexmark_src"],"commEveryMs":100,"flushMs":100,"duration":180,"epoch":1,"waitEnd":true,"numChangelogPartition":4,"numInPartition":4,"ParNum":1,"gua":2,"serdeFormat":1}, node constraint is 5,6,7,8
encoded json is {"aid":"q6","numOutPartition":"BAQ=","numSubstreamProducer":"AQ==","outputTopicName":["q46_aucsByID","q46_bidsByAucID"],"inputTopicName":["nexmark_src"],"commEveryMs":100,"flushMs":100,"duration":180,"epoch":1,"waitEnd":true,"numChangelogPartition":4,"numInPartition":4,"gua":2,"serdeFormat":1}, node constraint is 5,6,7,8
encoded json is {"aid":"q6","numOutPartition":"BA==","numSubstreamProducer":"BAQ=","outputTopicName":["q6_aucIDSeller"],"inputTopicName":["q46_aucsByID","q46_bidsByAucID"],"commEveryMs":100,"flushMs":100,"duration":180,"epoch":1,"waitEnd":true,"numChangelogPartition":4,"numInPartition":4,"ParNum":3,"gua":2,"serdeFormat":1}, node constraint is 5,6,7,8
encoded json is {"aid":"q6","numOutPartition":"BA==","numSubstreamProducer":"AQ==","outputTopicName":["q6_maxBids"],"inputTopicName":["q6_aucIDSeller"],"commEveryMs":100,"flushMs":100,"duration":180,"epoch":1,"waitEnd":true,"numChangelogPartition":4,"numInPartition":4,"ParNum":2,"gua":2,"serdeFormat":1}, node constraint is 5,6,7,8
encoded json is {"aid":"q6","numOutPartition":"BAQ=","numSubstreamProducer":"AQ==","outputTopicName":["q46_aucsByID","q46_bidsByAucID"],"inputTopicName":["nexmark_src"],"commEveryMs":100,"flushMs":100,"duration":180,"epoch":1,"waitEnd":true,"numChangelogPartition":4,"numInPartition":4,"ParNum":2,"gua":2,"serdeFormat":1}, node constraint is 5,6,7,8
encoded json is {"aid":"q6","numOutPartition":"BA==","numSubstreamProducer":"BA==","outputTopicName":["q6_out"],"inputTopicName":["q6_maxBids"],"commEveryMs":100,"flushMs":100,"duration":180,"epoch":1,"waitEnd":true,"numChangelogPartition":4,"numInPartition":4,"ParNum":2,"gua":2,"serdeFormat":1}, node constraint is 5,6,7,8
encoded json is {"aid":"q6","numOutPartition":"BA==","numSubstreamProducer":"BAQ=","outputTopicName":["q6_aucIDSeller"],"inputTopicName":["q46_aucsByID","q46_bidsByAucID"],"commEveryMs":100,"flushMs":100,"duration":180,"epoch":1,"waitEnd":true,"numChangelogPartition":4,"numInPartition":4,"gua":2,"serdeFormat":1}, node constraint is 5,6,7,8
encoded json is {"aid":"q6","numOutPartition":"BA==","numSubstreamProducer":"BA==","outputTopicName":["q6_out"],"inputTopicName":["q6_maxBids"],"commEveryMs":100,"flushMs":100,"duration":180,"epoch":1,"waitEnd":true,"numChangelogPartition":4,"numInPartition":4,"ParNum":1,"gua":2,"serdeFormat":1}, node constraint is 5,6,7,8
encoded json is {"aid":"q6","numOutPartition":"BA==","numSubstreamProducer":"BAQ=","outputTopicName":["q6_aucIDSeller"],"inputTopicName":["q46_aucsByID","q46_bidsByAucID"],"commEveryMs":100,"flushMs":100,"duration":180,"epoch":1,"waitEnd":true,"numChangelogPartition":4,"numInPartition":4,"ParNum":2,"gua":2,"serdeFormat":1}, node constraint is 5,6,7,8
encoded json is {"aid":"q6","numOutPartition":"BA==","numSubstreamProducer":"AQ==","outputTopicName":["q6_maxBids"],"inputTopicName":["q6_aucIDSeller"],"commEveryMs":100,"flushMs":100,"duration":180,"epoch":1,"waitEnd":true,"numChangelogPartition":4,"numInPartition":4,"gua":2,"serdeFormat":1}, node constraint is 5,6,7,8
encoded json is {"aid":"q6","numOutPartition":"BA==","numSubstreamProducer":"BAQ=","outputTopicName":["q6_aucIDSeller"],"inputTopicName":["q46_aucsByID","q46_bidsByAucID"],"commEveryMs":100,"flushMs":100,"duration":180,"epoch":1,"waitEnd":true,"numChangelogPartition":4,"numInPartition":4,"ParNum":1,"gua":2,"serdeFormat":1}, node constraint is 5,6,7,8
encoded json is {"aid":"q6","numOutPartition":"BA==","numSubstreamProducer":"AQ==","outputTopicName":["q6_maxBids"],"inputTopicName":["q6_aucIDSeller"],"commEveryMs":100,"flushMs":100,"duration":180,"epoch":1,"waitEnd":true,"numChangelogPartition":4,"numInPartition":4,"ParNum":1,"gua":2,"serdeFormat":1}, node constraint is 5,6,7,8
encoded json is {"aid":"q6","numOutPartition":"BAQ=","numSubstreamProducer":"AQ==","outputTopicName":["q46_aucsByID","q46_bidsByAucID"],"inputTopicName":["nexmark_src"],"commEveryMs":100,"flushMs":100,"duration":180,"epoch":1,"waitEnd":true,"numChangelogPartition":4,"numInPartition":4,"ParNum":3,"gua":2,"serdeFormat":1}, node constraint is 5,6,7,8
encoded json is {"aid":"q6","numOutPartition":"BA==","numSubstreamProducer":"BA==","outputTopicName":["q6_out"],"inputTopicName":["q6_maxBids"],"commEveryMs":100,"flushMs":100,"duration":180,"epoch":1,"waitEnd":true,"numChangelogPartition":4,"numInPartition":4,"gua":2,"serdeFormat":1}, node constraint is 5,6,7,8
encoded json is {"aid":"q6","numOutPartition":"BA==","numSubstreamProducer":"BA==","outputTopicName":["q6_out"],"inputTopicName":["q6_maxBids"],"commEveryMs":100,"flushMs":100,"duration":180,"epoch":1,"waitEnd":true,"numChangelogPartition":4,"numInPartition":4,"ParNum":3,"gua":2,"serdeFormat":1}, node constraint is 5,6,7,8
encoded json is {"aid":"q6","numOutPartition":"BA==","numSubstreamProducer":"AQ==","outputTopicName":["q6_maxBids"],"inputTopicName":["q6_aucIDSeller"],"commEveryMs":100,"flushMs":100,"duration":180,"epoch":1,"waitEnd":true,"numChangelogPartition":4,"numInPartition":4,"ParNum":3,"gua":2,"serdeFormat":1}, node constraint is 5,6,7,8
source-3 invoke done
source-2 invoke done
source-1 invoke done
source-0 invoke done
q46GroupBy-1 call done
q46GroupBy-0 call done
q46GroupBy-2 call done
q46GroupBy-3 call done
q6JoinStream-3 call done
q6JoinStream-2 call done
q6MaxBid-3 call done
q6MaxBid-2 call done
q6JoinStream-0 call done
q6MaxBid-0 call done
q6JoinStream-1 call done
q6MaxBid-1 call done
q6Avg-3 call done
q6Avg-1 call done
q6Avg-0 call done
q6Avg-2 call done
sink processed: 135001, throughput: (event/s) 749.9941615275878
sink_ctrl processed: 1, throughput: (event/s) 0.005555471155973569
source-0 duration: 180.002734588

sink processed: 135001, throughput: (event/s) 749.9946449584584
sink_ctrl processed: 1, throughput: (event/s) 0.005555474736916455
source-1 duration: 180.002618562

sink processed: 135001, throughput: (event/s) 749.9956563295545
sink_ctrl processed: 1, throughput: (event/s) 0.005555482228498712
source-2 duration: 180.002375828

sink processed: 135001, throughput: (event/s) 749.9963583168803
sink_ctrl processed: 1, throughput: (event/s) 0.005555487428366311
source-3 duration: 180.002207348

sink processed 540004 events, duration: 180.002734588, tp: 2999.976646
sink_ctrl processed 4 events, duration: 180.002734588, tp: 0.022222

eventTimeLatency_sink, p50: 172 ms, p90: 265 ms, p99: 348 ms
sink processed: 95997, throughput: (event/s) 532.7518954677239
q6_maxBids_src processed: 101023, throughput: (event/s) 560.6445486404353
q6_maxBids_src_ctrl processed: 4, throughput: (event/s) 0.022198689353530792
q6_maxBids_src_data processed: 95997, throughput: (event/s) 532.7518954677239
q6_maxBids_src_epoch processed: 5022, throughput: (event/s) 27.87045448335791
q6_maxBids_src_logEntry processed: 5022, throughput: (event/s) 27.87045448335791
q6Avg-0 duration: 180.190818309

eventTimeLatency_sink, p50: 179 ms, p90: 275 ms, p99: 356 ms
q6_maxBids_src_data processed: 80278, throughput: (event/s) 445.51304787688764
q6_maxBids_src_epoch processed: 4999, throughput: (event/s) 27.742591075220624
q6_maxBids_src_logEntry processed: 4999, throughput: (event/s) 27.742591075220624
sink processed: 80278, throughput: (event/s) 445.51304787688764
q6_maxBids_src processed: 85281, throughput: (event/s) 473.27783746467094
q6_maxBids_src_ctrl processed: 4, throughput: (event/s) 0.022198512562689038
q6Avg-1 duration: 180.192253364

eventTimeLatency_sink, p50: 170 ms, p90: 264 ms, p99: 347 ms
q6_maxBids_src_epoch processed: 5061, throughput: (event/s) 28.086659349489032
q6_maxBids_src_logEntry processed: 5061, throughput: (event/s) 28.086659349489032
sink processed: 105115, throughput: (event/s) 583.3489819248251
q6_maxBids_src processed: 110180, throughput: (event/s) 611.4578397800241
q6_maxBids_src_ctrl processed: 4, throughput: (event/s) 0.02219850570993008
q6_maxBids_src_data processed: 105115, throughput: (event/s) 583.3489819248251
q6Avg-2 duration: 180.19230899

eventTimeLatency_sink, p50: 189 ms, p90: 284 ms, p99: 363 ms
q6_maxBids_src_epoch processed: 4989, throughput: (event/s) 27.687865576460158
q6_maxBids_src_logEntry processed: 4989, throughput: (event/s) 27.687865576460158
sink processed: 68923, throughput: (event/s) 382.5076686964048
q6_maxBids_src processed: 73916, throughput: (event/s) 410.2177334034133
q6_maxBids_src_ctrl processed: 4, throughput: (event/s) 0.02219913054837455
q6_maxBids_src_data processed: 68923, throughput: (event/s) 382.5076686964048
q6Avg-3 duration: 180.187237121

q6_maxBids_src_data processed 350313 events, duration: 180.19230899
q6_maxBids_src_epoch processed 20071 events, duration: 180.19230899
q6_maxBids_src_logEntry processed 20071 events, duration: 180.19230899
sink processed 350313 events, duration: 180.19230899
q6_maxBids_src processed 370400 events, duration: 180.19230899
q6_maxBids_src_ctrl processed 16 events, duration: 180.19230899

nexmark_src_src_data processed: 135000, throughput: (event/s) 749.9049342015356
nexmark_src_src_epoch processed: 0, throughput: (event/s) 0
nexmark_src_src_logEntry processed: 1761, throughput: (event/s) 9.7820932528067
aucsByIDSink processed: 8100, throughput: (event/s) 44.99429605209214
bidsByAucIDSink processed: 124200, throughput: (event/s) 689.9125394654128
nexmark_src_src processed: 135001, throughput: (event/s) 749.9104890529002
nexmark_src_src_ctrl processed: 1, throughput: (event/s) 0.00555485136445582
q46GroupBy-0 duration: 180.022818684

nexmark_src_src_logEntry processed: 1760, throughput: (event/s) 9.776511429402538
aucsByIDSink processed: 8100, throughput: (event/s) 44.9941719194094
bidsByAucIDSink processed: 124200, throughput: (event/s) 689.9106360976109
nexmark_src_src processed: 135001, throughput: (event/s) 749.9084201595294
nexmark_src_src_ctrl processed: 1, throughput: (event/s) 0.00555483603943326
nexmark_src_src_data processed: 135000, throughput: (event/s) 749.90286532349
nexmark_src_src_epoch processed: 0, throughput: (event/s) 0
q46GroupBy-1 duration: 180.023315342

bidsByAucIDSink processed: 124200, throughput: (event/s) 689.9012308268785
nexmark_src_src processed: 135001, throughput: (event/s) 749.8981969634415
nexmark_src_src_ctrl processed: 1, throughput: (event/s) 0.00555476031261577
nexmark_src_src_data processed: 135000, throughput: (event/s) 749.8926422031288
nexmark_src_src_epoch processed: 0, throughput: (event/s) 0
nexmark_src_src_logEntry processed: 1762, throughput: (event/s) 9.787487670828986
aucsByIDSink processed: 8100, throughput: (event/s) 44.993558532187734
q46GroupBy-2 duration: 180.02576956

nexmark_src_src_epoch processed: 0, throughput: (event/s) 0
nexmark_src_src_logEntry processed: 1760, throughput: (event/s) 9.776268639845766
aucsByIDSink processed: 8100, throughput: (event/s) 44.99305453565381
bidsByAucIDSink processed: 124200, throughput: (event/s) 689.893502880025
nexmark_src_src processed: 135001, throughput: (event/s) 749.8897969589876
nexmark_src_src_ctrl processed: 1, throughput: (event/s) 0.005554698090821458
nexmark_src_src_data processed: 135000, throughput: (event/s) 749.8842422608968
q46GroupBy-3 duration: 180.027786146

aucsByIDSink processed 32400 events, duration: 180.027786146
bidsByAucIDSink processed 496800 events, duration: 180.027786146
nexmark_src_src processed 540004 events, duration: 180.027786146
nexmark_src_src_ctrl processed 4 events, duration: 180.027786146
nexmark_src_src_data processed 540000 events, duration: 180.027786146
nexmark_src_src_epoch processed 0 events, duration: 180.027786146
nexmark_src_src_logEntry processed 7043 events, duration: 180.027786146

aucsByIDSrc_data processed: 8072, throughput: (event/s) 44.82518834490623
sink processed: 329075, throughput: (event/s) 1827.4094220267611
aucsByIDSrc processed: 12799, throughput: (event/s) 71.0750229963398
aucsByIDSrc_ctrl processed: 4, throughput: (event/s) 0.022212680051985248
bidsByAucIDSrc_data processed: 117114, throughput: (event/s) 650.3539529020501
bidsByAucIDSrc_epoch processed: 6440, throughput: (event/s) 35.762414883696245
aucsByIDSrc_epoch processed: 4723, throughput: (event/s) 26.22762197138158
bidsByAucIDSrc processed: 123558, throughput: (event/s) 686.1385804657983
aucsByIDSrc_logEntry processed: 4723, throughput: (event/s) 26.22762197138158
bidsByAucIDSrc_ctrl processed: 4, throughput: (event/s) 0.022212680051985248
bidsByAucIDSrc_logEntry processed: 6440, throughput: (event/s) 35.762414883696245
q6JoinStream-0 duration: 180.077324782

aucsByIDSrc_ctrl processed: 4, throughput: (event/s) 0.02220202025973323
bidsByAucIDSrc_ctrl processed: 4, throughput: (event/s) 0.02220202025973323
aucsByIDSrc processed: 12633, throughput: (event/s) 70.11953048530248
aucsByIDSrc_data processed: 7960, throughput: (event/s) 44.18202031686913
aucsByIDSrc_epoch processed: 4669, throughput: (event/s) 25.915308148173615
sink processed: 290354, throughput: (event/s) 1611.6113476236455
aucsByIDSrc_logEntry processed: 4669, throughput: (event/s) 25.915308148173615
bidsByAucIDSrc processed: 110713, throughput: (event/s) 614.5130672539613
bidsByAucIDSrc_epoch processed: 6439, throughput: (event/s) 35.739702113105565
bidsByAucIDSrc_logEntry processed: 6439, throughput: (event/s) 35.739702113105565
bidsByAucIDSrc_data processed: 104270, throughput: (event/s) 578.751163120596
q6JoinStream-1 duration: 180.163784791

aucsByIDSrc_epoch processed: 4752, throughput: (event/s) 26.392186122198
bidsByAucIDSrc_ctrl processed: 4, throughput: (event/s) 0.022215644884005053
bidsByAucIDSrc_data processed: 132693, throughput: (event/s) 736.9651416483206
bidsByAucIDSrc_epoch processed: 6438, throughput: (event/s) 35.75608044080613
aucsByIDSrc processed: 12888, throughput: (event/s) 71.57880781626427
aucsByIDSrc_data processed: 8132, throughput: (event/s) 45.16440604918227
bidsByAucIDSrc processed: 139135, throughput: (event/s) 772.7434377340107
sink processed: 374568, throughput: (event/s) 2080.3174182280013
aucsByIDSrc_logEntry processed: 4752, throughput: (event/s) 26.392186122198
bidsByAucIDSrc_logEntry processed: 6438, throughput: (event/s) 35.75608044080613
aucsByIDSrc_ctrl processed: 4, throughput: (event/s) 0.022215644884005053
q6JoinStream-2 duration: 180.053292213

aucsByIDSrc_data processed: 8236, throughput: (event/s) 45.743163124027056
sink processed: 409086, throughput: (event/s) 2272.0844620878743
bidsByAucIDSrc_ctrl processed: 4, throughput: (event/s) 0.022216203557079678
aucsByIDSrc_ctrl processed: 4, throughput: (event/s) 0.022216203557079678
aucsByIDSrc_logEntry processed: 4673, throughput: (event/s) 25.954079805558333
bidsByAucIDSrc processed: 149167, throughput: (event/s) 828.4811089997261
aucsByIDSrc processed: 12913, throughput: (event/s) 71.71945913314246
aucsByIDSrc_epoch processed: 4673, throughput: (event/s) 25.954079805558333
bidsByAucIDSrc_data processed: 142723, throughput: (event/s) 792.6908050692707
bidsByAucIDSrc_epoch processed: 6440, throughput: (event/s) 35.76808772689828
bidsByAucIDSrc_logEntry processed: 6440, throughput: (event/s) 35.76808772689828
q6JoinStream-3 duration: 180.048764395

aucsByIDSrc processed 51233 events, duration: 180.163784791
aucsByIDSrc_ctrl processed 16 events, duration: 180.163784791
bidsByAucIDSrc_epoch processed 25757 events, duration: 180.163784791
aucsByIDSrc_epoch processed 18817 events, duration: 180.163784791
bidsByAucIDSrc_logEntry processed 25757 events, duration: 180.163784791
aucsByIDSrc_data processed 32400 events, duration: 180.163784791
sink processed 1403083 events, duration: 180.163784791
bidsByAucIDSrc_data processed 496800 events, duration: 180.163784791
bidsByAucIDSrc processed 522573 events, duration: 180.163784791
aucsByIDSrc_logEntry processed 18817 events, duration: 180.163784791
bidsByAucIDSrc_ctrl processed 16 events, duration: 180.163784791

q6_aucIDSeller_src_data processed: 329075, throughput: (event/s) 1827.2419702752716
q6_aucIDSeller_src_epoch processed: 1276, throughput: (event/s) 7.085195636469639
q6_aucIDSeller_src_logEntry processed: 1378, throughput: (event/s) 7.651567074494642
sink processed: 89219, throughput: (event/s) 495.40287577600685
q6_aucIDSeller_src processed: 330352, throughput: (event/s) 1834.3327185728983
q6_aucIDSeller_src_ctrl processed: 1, throughput: (event/s) 0.005552661157107868
q6MaxBid-0 duration: 180.093827393

q6_aucIDSeller_src_data processed: 290354, throughput: (event/s) 1611.4772033278591
q6_aucIDSeller_src_epoch processed: 1259, throughput: (event/s) 6.987504215508568
q6_aucIDSeller_src_logEntry processed: 1330, throughput: (event/s) 7.381557272935977
sink processed: 86631, throughput: (event/s) 480.8057805351253
q6_aucIDSeller_src processed: 291614, throughput: (event/s) 1618.47025758643
q6_aucIDSeller_src_ctrl processed: 1, throughput: (event/s) 0.005550043062357878
q6MaxBid-1 duration: 180.178782176

q6_aucIDSeller_src_epoch processed: 1239, throughput: (event/s) 6.880720967197837
q6_aucIDSeller_src_logEntry processed: 1362, throughput: (event/s) 7.5637949615201405
sink processed: 85896, throughput: (event/s) 477.01889281551684
q6_aucIDSeller_src processed: 375808, throughput: (event/s) 2087.0298508802944
q6_aucIDSeller_src_ctrl processed: 1, throughput: (event/s) 0.00555344710831141
q6_aucIDSeller_src_data processed: 374568, throughput: (event/s) 2080.143576465988
q6MaxBid-2 duration: 180.068339627

sink processed: 88567, throughput: (event/s) 491.86461255885337
q6_aucIDSeller_src processed: 410318, throughput: (event/s) 2278.737047612808
q6_aucIDSeller_src_ctrl processed: 1, throughput: (event/s) 0.005553587821184565
q6_aucIDSeller_src_data processed: 409086, throughput: (event/s) 2271.895027417109
q6_aucIDSeller_src_epoch processed: 1231, throughput: (event/s) 6.836466607878199
q6_aucIDSeller_src_logEntry processed: 1396, throughput: (event/s) 7.752808598373653
q6MaxBid-3 duration: 180.063777183

q6_aucIDSeller_src_data processed 1403083 events, duration: 180.178782176
q6_aucIDSeller_src_epoch processed 5005 events, duration: 180.178782176
q6_aucIDSeller_src_logEntry processed 5466 events, duration: 180.178782176
sink processed 350313 events, duration: 180.178782176
q6_aucIDSeller_src processed 1408092 events, duration: 180.178782176
q6_aucIDSeller_src_ctrl processed 4 events, duration: 180.178782176

