wait for last: true, sink max_buf_size: 131072
warmup: 0
config: map[NodeConstraint:"1,2,3,4" NumInstance:4 OutputTopicName:["nexmark_src"] funcName:"source"]
config: map[Final:true InputTopicNames:["nexmark_src"] NodeConstraint:"5,6,7,8" NumInstance:4 NumSrcProducer:[1] OutputTopicName:["fanout_out"] funcName:"fanout"]
srcInvokeConfig: &{FinalTpNames:[fanout_out] TopicName:nexmark_src AppId:fanout NodeConstraint:1,2,3,4 AdditionalBytes:0 ScaleEpoch:0 NumOutPartition:4 InstanceID:0 NumSrcInstance:4}
cliNodes: [0xc000026160]
inParamsMap: map[fanout:[0xc00007eaa0 0xc00007eb40 0xc00007ebe0 0xc00007ec80]]
configScaleInput: &{Config:map[fanout:4 fanout_out:16 nexmark_src:4 source:4] AppId:fanout FuncNames:[source fanout] BufMaxSize:131072 ScaleEpoch:0 SerdeFormat:1 Bootstrap:false}
encoded json is {"sg":{"fanout":4,"fanout_out":16,"nexmark_src":4,"source":4},"aid":"fanout","fns":["source","fanout"],"bufMaxSize":131072,"epoch":1,"serdeFormat":1,"bs":true}, node constraint is 1
func source url is http://ip-172-31-11-232.us-east-2.compute.internal:8080/function/source
func source url is http://ip-172-31-11-232.us-east-2.compute.internal:8080/function/source
func source url is http://ip-172-31-11-232.us-east-2.compute.internal:8080/function/source
src instance: 4
encoded json is {"topic_name":"nexmark_src","rate_shape":"square","aid":"fanout","events_num":46080000,"rate_period":10000000000,"finOutTpNs":["fanout_out"],"first_event_rate":256000,"next_event_rate":256000,"bid_avg_size":100,"person_avg_size":200,"auction_avg_size":500,"duration":180,"person_proportion":1,"auction_proportion":3,"bid_proportion":46,"bid_hot_ratio_auctions":2,"bid_hot_ratio_bidders":4,"auction_hot_ratio_sellers":4,"flushms":10,"bufMaxSize":131072,"commEveryMs":100,"rate_limited":false,"waitEnd":true,"serde_format":1,"numOutPar":4,"parNum":1,"nSrcIns":4,"gua":3}, node constraint is 1,2,3,4
func source url is http://ip-172-31-11-232.us-east-2.compute.internal:8080/function/source
encoded json is {"topic_name":"nexmark_src","rate_shape":"square","aid":"fanout","events_num":46080000,"rate_period":10000000000,"finOutTpNs":["fanout_out"],"first_event_rate":256000,"next_event_rate":256000,"bid_avg_size":100,"person_avg_size":200,"auction_avg_size":500,"duration":180,"person_proportion":1,"auction_proportion":3,"bid_proportion":46,"bid_hot_ratio_auctions":2,"bid_hot_ratio_bidders":4,"auction_hot_ratio_sellers":4,"flushms":10,"bufMaxSize":131072,"commEveryMs":100,"rate_limited":false,"waitEnd":true,"serde_format":1,"numOutPar":4,"nSrcIns":4,"gua":3}, node constraint is 1,2,3,4
encoded json is {"topic_name":"nexmark_src","rate_shape":"square","aid":"fanout","events_num":46080000,"rate_period":10000000000,"finOutTpNs":["fanout_out"],"first_event_rate":256000,"next_event_rate":256000,"bid_avg_size":100,"person_avg_size":200,"auction_avg_size":500,"duration":180,"person_proportion":1,"auction_proportion":3,"bid_proportion":46,"bid_hot_ratio_auctions":2,"bid_hot_ratio_bidders":4,"auction_hot_ratio_sellers":4,"flushms":10,"bufMaxSize":131072,"commEveryMs":100,"rate_limited":false,"waitEnd":true,"serde_format":1,"numOutPar":4,"parNum":2,"nSrcIns":4,"gua":3}, node constraint is 1,2,3,4
encoded json is {"topic_name":"nexmark_src","rate_shape":"square","aid":"fanout","events_num":46080000,"rate_period":10000000000,"finOutTpNs":["fanout_out"],"first_event_rate":256000,"next_event_rate":256000,"bid_avg_size":100,"person_avg_size":200,"auction_avg_size":500,"duration":180,"person_proportion":1,"auction_proportion":3,"bid_proportion":46,"bid_hot_ratio_auctions":2,"bid_hot_ratio_bidders":4,"auction_hot_ratio_sellers":4,"flushms":10,"bufMaxSize":131072,"commEveryMs":100,"rate_limited":false,"waitEnd":true,"serde_format":1,"numOutPar":4,"parNum":3,"nSrcIns":4,"gua":3}, node constraint is 1,2,3,4
Waiting for all client to return
func name is fanout
func url is http://ip-172-31-11-232.us-east-2.compute.internal:8080/function/fanout
func name is fanout
func url is http://ip-172-31-11-232.us-east-2.compute.internal:8080/function/fanout
func name is fanout
func url is http://ip-172-31-11-232.us-east-2.compute.internal:8080/function/fanout
func name is fanout
func url is http://ip-172-31-11-232.us-east-2.compute.internal:8080/function/fanout
encoded json is {"aid":"fanout","numOutPartition":"EA==","numSubstreamProducer":"AQ==","outputTopicName":["fanout_out"],"inputTopicName":["nexmark_src"],"commEveryMs":100,"flushMs":100,"duration":180,"bufMaxSize":131072,"epoch":1,"waitEnd":true,"numInPartition":4,"ParNum":3,"gua":3,"serdeFormat":1}, node constraint is 5,6,7,8
encoded json is {"aid":"fanout","numOutPartition":"EA==","numSubstreamProducer":"AQ==","outputTopicName":["fanout_out"],"inputTopicName":["nexmark_src"],"commEveryMs":100,"flushMs":100,"duration":180,"bufMaxSize":131072,"epoch":1,"waitEnd":true,"numInPartition":4,"ParNum":1,"gua":3,"serdeFormat":1}, node constraint is 5,6,7,8
encoded json is {"aid":"fanout","numOutPartition":"EA==","numSubstreamProducer":"AQ==","outputTopicName":["fanout_out"],"inputTopicName":["nexmark_src"],"commEveryMs":100,"flushMs":100,"duration":180,"bufMaxSize":131072,"epoch":1,"waitEnd":true,"numInPartition":4,"ParNum":2,"gua":3,"serdeFormat":1}, node constraint is 5,6,7,8
encoded json is {"aid":"fanout","numOutPartition":"EA==","numSubstreamProducer":"AQ==","outputTopicName":["fanout_out"],"inputTopicName":["nexmark_src"],"commEveryMs":100,"flushMs":100,"duration":180,"bufMaxSize":131072,"epoch":1,"waitEnd":true,"numInPartition":4,"gua":3,"serdeFormat":1}, node constraint is 5,6,7,8
source-1 invoke done
source-3 invoke done
source-0 invoke done
source-2 invoke done
fanout-1 call done
fanout-0 call done
fanout-3 call done
fanout-2 call done
sink processed: 11520001, throughput: (event/s) 63998.807213800916
sink_ctrl processed: 1, throughput: (event/s) 0.005555451532842828
source-0 duration: 180.003370399

sink processed: 11520001, throughput: (event/s) 63999.2732239608
sink_ctrl processed: 1, throughput: (event/s) 0.00555549198511014
source-1 duration: 180.002059706

sink processed: 11519994, throughput: (event/s) 63999.02882809817
sink_ctrl processed: 1, throughput: (event/s) 0.005555474145915195
source-2 duration: 180.002637711

sink processed: 11519937, throughput: (event/s) 63998.78386819193
sink_ctrl processed: 1, throughput: (event/s) 0.005555480370091601
source-3 duration: 180.002436042

sink processed 46079933 events, duration: 180.003370399, tp: 255994.834418
sink_ctrl processed 4 events, duration: 180.003370399, tp: 0.022222

eventTimeLatency_fanoutSink, p50: 14 ms, p90: 44 ms, p99: 66 ms
nexmark_src_src_logEntry processed: 30089, throughput: (event/s) 167.06772339646201
fanoutSink processed: 11520000, throughput: (event/s) 63964.245190177215
nexmark_src_src processed: 11520001, throughput: (event/s) 63964.250742629054
nexmark_src_src_ctrl processed: 1, throughput: (event/s) 0.005552451839425106
nexmark_src_src_data processed: 11520000, throughput: (event/s) 63964.245190177215
nexmark_src_src_epoch processed: 0, throughput: (event/s) 0
fanout-0 duration: 180.100616614

eventTimeLatency_fanoutSink, p50: 13 ms, p90: 44 ms, p99: 62 ms
nexmark_src_src processed: 11520001, throughput: (event/s) 63958.3647138957
nexmark_src_src_ctrl processed: 1, throughput: (event/s) 0.005551940899475243
nexmark_src_src_data processed: 11520000, throughput: (event/s) 63958.3591619548
nexmark_src_src_epoch processed: 0, throughput: (event/s) 0
nexmark_src_src_logEntry processed: 30001, throughput: (event/s) 166.56377892515678
fanoutSink processed: 11520000, throughput: (event/s) 63958.3591619548
fanout-1 duration: 180.117191106

eventTimeLatency_fanoutSink, p50: 14 ms, p90: 45 ms, p99: 62 ms
fanoutSink processed: 11519993, throughput: (event/s) 63958.43853100072
nexmark_src_src processed: 11519994, throughput: (event/s) 63958.444082951886
nexmark_src_src_ctrl processed: 1, throughput: (event/s) 0.005551951162730804
nexmark_src_src_data processed: 11519993, throughput: (event/s) 63958.43853100072
nexmark_src_src_epoch processed: 0, throughput: (event/s) 0
nexmark_src_src_logEntry processed: 29736, throughput: (event/s) 165.09281977496317
fanout-2 duration: 180.116858144

eventTimeLatency_fanoutSink, p50: 15 ms, p90: 45 ms, p99: 64 ms
nexmark_src_src_data processed: 11519936, throughput: (event/s) 63959.68460528969
nexmark_src_src_epoch processed: 0, throughput: (event/s) 0
nexmark_src_src_logEntry processed: 30036, throughput: (event/s) 166.7624791322175
fanoutSink processed: 11519936, throughput: (event/s) 63959.68460528969
nexmark_src_src processed: 11519937, throughput: (event/s) 63959.690157376484
nexmark_src_src_ctrl processed: 1, throughput: (event/s) 0.005552086800246953
fanout-3 duration: 180.112457888

fanoutSink processed 46079929 events, duration: 180.117191106
nexmark_src_src processed 46079933 events, duration: 180.117191106
nexmark_src_src_ctrl processed 4 events, duration: 180.117191106
nexmark_src_src_data processed 46079929 events, duration: 180.117191106
nexmark_src_src_epoch processed 0 events, duration: 180.117191106
nexmark_src_src_logEntry processed 119862 events, duration: 180.117191106

