wait for last: true
warmup: 0
config: map[NodeConstraint:"1,2,3,4" NumInstance:4 OutputTopicName:["nexmark_src"] funcName:"source"]
config: map[InputTopicNames:["nexmark_src"] NodeConstraint:"5,6,7,8" NumInstance:4 NumSrcProducer:[1] OutputTopicName:["q8_aucsBySellerID_out","q8_personsByID_out"] funcName:"q8GroupBy"]
config: map[InputTopicNames:["q8_aucsBySellerID_out","q8_personsByID_out"] NodeConstraint:"5,6,7,8" NumInstance:4 NumSrcProducer:[4,4] OutputTopicName:["q8_out"] funcName:"q8JoinStream"]
srcInvokeConfig: {TopicName:nexmark_src AppId:q8 NodeConstraint:1,2,3,4 ScaleEpoch:0 NumOutPartition:4 InstanceID:0 NumSrcInstance:4}
cliNodes: [0xc000026260 0xc0000262c0]
inParamsMap: map[q8GroupBy:[0xc000000be0 0xc000000c80 0xc000000d20 0xc000000dc0] q8JoinStream:[0xc000000e60 0xc000000f00 0xc000000fa0 0xc000001040]]
configScaleInput: {Config:map[changelog:4 nexmark_src:4 q8GroupBy:4 q8JoinStream:4 q8_aucsBySellerID_out:4 q8_out:4 q8_personsByID_out:4 source:4] AppId:q8 FuncNames:[source q8GroupBy q8JoinStream] ScaleEpoch:0 SerdeFormat:1 Bootstrap:false}
encoded json is {"sg":{"changelog":4,"nexmark_src":4,"q8GroupBy":4,"q8JoinStream":4,"q8_aucsBySellerID_out":4,"q8_out":4,"q8_personsByID_out":4,"source":4},"aid":"q8","fns":["source","q8GroupBy","q8JoinStream"],"epoch":1,"serdeFormat":1,"bs":true}, node constraint is 1
func source url is http://ip-172-31-5-102.us-east-2.compute.internal:8080/function/source
func source url is http://ip-172-31-5-102.us-east-2.compute.internal:8080/function/source
func source url is http://ip-172-31-5-102.us-east-2.compute.internal:8080/function/source
func source url is http://ip-172-31-5-102.us-east-2.compute.internal:8080/function/source
src instance: 4
encoded json is {"topic_name":"nexmark_src","rate_shape":"square","aid":"q8","events_num":23040000,"rate_period":10000000000,"bid_avg_size":100,"first_event_rate":128000,"next_event_rate":128000,"person_avg_size":200,"auction_avg_size":500,"duration":180,"person_proportion":1,"auction_proportion":3,"bid_proportion":46,"bid_hot_ratio_auctions":2,"bid_hot_ratio_bidders":4,"auction_hot_ratio_sellers":4,"flushms":10,"rate_limited":false,"waitEnd":true,"serde_format":1,"numOutPar":4,"nSrcIns":4}, node constraint is 1,2,3,4
encoded json is {"topic_name":"nexmark_src","rate_shape":"square","aid":"q8","events_num":23040000,"rate_period":10000000000,"bid_avg_size":100,"first_event_rate":128000,"next_event_rate":128000,"person_avg_size":200,"auction_avg_size":500,"duration":180,"person_proportion":1,"auction_proportion":3,"bid_proportion":46,"bid_hot_ratio_auctions":2,"bid_hot_ratio_bidders":4,"auction_hot_ratio_sellers":4,"flushms":10,"rate_limited":false,"waitEnd":true,"serde_format":1,"numOutPar":4,"parNum":2,"nSrcIns":4}, node constraint is 1,2,3,4
encoded json is {"topic_name":"nexmark_src","rate_shape":"square","aid":"q8","events_num":23040000,"rate_period":10000000000,"bid_avg_size":100,"first_event_rate":128000,"next_event_rate":128000,"person_avg_size":200,"auction_avg_size":500,"duration":180,"person_proportion":1,"auction_proportion":3,"bid_proportion":46,"bid_hot_ratio_auctions":2,"bid_hot_ratio_bidders":4,"auction_hot_ratio_sellers":4,"flushms":10,"rate_limited":false,"waitEnd":true,"serde_format":1,"numOutPar":4,"parNum":3,"nSrcIns":4}, node constraint is 1,2,3,4
encoded json is {"topic_name":"nexmark_src","rate_shape":"square","aid":"q8","events_num":23040000,"rate_period":10000000000,"bid_avg_size":100,"first_event_rate":128000,"next_event_rate":128000,"person_avg_size":200,"auction_avg_size":500,"duration":180,"person_proportion":1,"auction_proportion":3,"bid_proportion":46,"bid_hot_ratio_auctions":2,"bid_hot_ratio_bidders":4,"auction_hot_ratio_sellers":4,"flushms":10,"rate_limited":false,"waitEnd":true,"serde_format":1,"numOutPar":4,"parNum":1,"nSrcIns":4}, node constraint is 1,2,3,4
Waiting for all client to return
func name is q8JoinStream
func url is http://ip-172-31-5-102.us-east-2.compute.internal:8080/function/q8JoinStream
func name is q8GroupBy
func url is http://ip-172-31-5-102.us-east-2.compute.internal:8080/function/q8GroupBy
func name is q8GroupBy
func name is q8GroupBy
func url is http://ip-172-31-5-102.us-east-2.compute.internal:8080/function/q8GroupBy
func url is http://ip-172-31-5-102.us-east-2.compute.internal:8080/function/q8GroupBy
func name is q8GroupBy
func name is q8JoinStream
func url is http://ip-172-31-5-102.us-east-2.compute.internal:8080/function/q8JoinStream
func url is http://ip-172-31-5-102.us-east-2.compute.internal:8080/function/q8GroupBy
func name is q8JoinStream
func url is http://ip-172-31-5-102.us-east-2.compute.internal:8080/function/q8JoinStream
func name is q8JoinStream
func url is http://ip-172-31-5-102.us-east-2.compute.internal:8080/function/q8JoinStream
encoded json is {"aid":"q8","numOutPartition":"BA==","numSubstreamProducer":"BAQ=","outputTopicName":["q8_out"],"inputTopicName":["q8_aucsBySellerID_out","q8_personsByID_out"],"commEveryMs":10,"flushMs":10,"snapEveryS":10,"duration":180,"epoch":1,"waitEnd":true,"numChangelogPartition":4,"numInPartition":4,"ParNum":3,"gua":3,"serdeFormat":1}, node constraint is 5,6,7,8
encoded json is {"aid":"q8","numOutPartition":"BAQ=","numSubstreamProducer":"AQ==","outputTopicName":["q8_aucsBySellerID_out","q8_personsByID_out"],"inputTopicName":["nexmark_src"],"commEveryMs":10,"flushMs":10,"snapEveryS":10,"duration":180,"epoch":1,"waitEnd":true,"numChangelogPartition":4,"numInPartition":4,"gua":3,"serdeFormat":1}, node constraint is 5,6,7,8
encoded json is {"aid":"q8","numOutPartition":"BAQ=","numSubstreamProducer":"AQ==","outputTopicName":["q8_aucsBySellerID_out","q8_personsByID_out"],"inputTopicName":["nexmark_src"],"commEveryMs":10,"flushMs":10,"snapEveryS":10,"duration":180,"epoch":1,"waitEnd":true,"numChangelogPartition":4,"numInPartition":4,"ParNum":3,"gua":3,"serdeFormat":1}, node constraint is 5,6,7,8
encoded json is {"aid":"q8","numOutPartition":"BAQ=","numSubstreamProducer":"AQ==","outputTopicName":["q8_aucsBySellerID_out","q8_personsByID_out"],"inputTopicName":["nexmark_src"],"commEveryMs":10,"flushMs":10,"snapEveryS":10,"duration":180,"epoch":1,"waitEnd":true,"numChangelogPartition":4,"numInPartition":4,"ParNum":1,"gua":3,"serdeFormat":1}, node constraint is 5,6,7,8
encoded json is {"aid":"q8","numOutPartition":"BAQ=","numSubstreamProducer":"AQ==","outputTopicName":["q8_aucsBySellerID_out","q8_personsByID_out"],"inputTopicName":["nexmark_src"],"commEveryMs":10,"flushMs":10,"snapEveryS":10,"duration":180,"epoch":1,"waitEnd":true,"numChangelogPartition":4,"numInPartition":4,"ParNum":2,"gua":3,"serdeFormat":1}, node constraint is 5,6,7,8
encoded json is {"aid":"q8","numOutPartition":"BA==","numSubstreamProducer":"BAQ=","outputTopicName":["q8_out"],"inputTopicName":["q8_aucsBySellerID_out","q8_personsByID_out"],"commEveryMs":10,"flushMs":10,"snapEveryS":10,"duration":180,"epoch":1,"waitEnd":true,"numChangelogPartition":4,"numInPartition":4,"ParNum":1,"gua":3,"serdeFormat":1}, node constraint is 5,6,7,8
encoded json is {"aid":"q8","numOutPartition":"BA==","numSubstreamProducer":"BAQ=","outputTopicName":["q8_out"],"inputTopicName":["q8_aucsBySellerID_out","q8_personsByID_out"],"commEveryMs":10,"flushMs":10,"snapEveryS":10,"duration":180,"epoch":1,"waitEnd":true,"numChangelogPartition":4,"numInPartition":4,"gua":3,"serdeFormat":1}, node constraint is 5,6,7,8
encoded json is {"aid":"q8","numOutPartition":"BA==","numSubstreamProducer":"BAQ=","outputTopicName":["q8_out"],"inputTopicName":["q8_aucsBySellerID_out","q8_personsByID_out"],"commEveryMs":10,"flushMs":10,"snapEveryS":10,"duration":180,"epoch":1,"waitEnd":true,"numChangelogPartition":4,"numInPartition":4,"ParNum":2,"gua":3,"serdeFormat":1}, node constraint is 5,6,7,8
source-0 invoke done
source-1 invoke done
source-3 invoke done
source-2 invoke done
q8GroupBy-3 call done
q8GroupBy-0 call done
q8GroupBy-2 call done
q8GroupBy-1 call done
q8JoinStream-0 call done
q8JoinStream-1 call done
q8JoinStream-3 call done
q8JoinStream-2 call done
sink_ctrl processed: 1, throughput: (event/s) 0.005555471221928356
sink processed: 5759984, throughput: (event/s) 31999.42535076778
source-0 duration: 180.002732451

sink processed: 5760001, throughput: (event/s) 31999.70899291918
sink_ctrl processed: 1, throughput: (event/s) 0.005555504068995679
source-1 duration: 180.00166818

sink processed: 5760001, throughput: (event/s) 31999.39723208112
sink_ctrl processed: 1, throughput: (event/s) 0.0055554499438595795
source-2 duration: 180.003421884

sink processed: 5759972, throughput: (event/s) 31999.38914860247
sink_ctrl processed: 1, throughput: (event/s) 0.0055554765107543
source-3 duration: 180.002561088

sink_ctrl processed 4 events, duration: 180.003421884, tp: 0.022222
sink processed 23039958 events, duration: 180.003421884, tp: 127997.333378

nexmark_src_src_epoch processed: 0, throughput: (event/s) 0
nexmark_src_src_logEntry processed: 14046, throughput: (event/s) 78.01915617729189
personsByIDSink processed: 115199, throughput: (event/s) 639.8781697613448
auctionsBySellerIDSink processed: 345599, throughput: (event/s) 1919.64561837647
nexmark_src_src processed: 5759984, throughput: (event/s) 31994.097342638648
nexmark_src_src_ctrl processed: 1, throughput: (event/s) 0.005554546217947593
nexmark_src_src_data processed: 5759983, throughput: (event/s) 31994.091788092428
q8GroupBy-0 duration: 180.032708481

nexmark_src_src processed: 5760001, throughput: (event/s) 31992.492666080023
nexmark_src_src_ctrl processed: 1, throughput: (event/s) 0.005554251234692499
nexmark_src_src_data processed: 5760000, throughput: (event/s) 31992.48711182879
nexmark_src_src_epoch processed: 0, throughput: (event/s) 0
nexmark_src_src_logEntry processed: 14079, throughput: (event/s) 78.19830313323568
personsByIDSink processed: 115200, throughput: (event/s) 639.8497422365758
auctionsBySellerIDSink processed: 345600, throughput: (event/s) 1919.5492267097275
q8GroupBy-1 duration: 180.04226992

nexmark_src_src_ctrl processed: 1, throughput: (event/s) 0.0055544660599057515
nexmark_src_src_data processed: 5760000, throughput: (event/s) 31993.72450505713
nexmark_src_src_epoch processed: 0, throughput: (event/s) 0
nexmark_src_src_logEntry processed: 14132, throughput: (event/s) 78.49571435858809
personsByIDSink processed: 115200, throughput: (event/s) 639.8744901011426
auctionsBySellerIDSink processed: 345600, throughput: (event/s) 1919.6234703034277
nexmark_src_src processed: 5760001, throughput: (event/s) 31993.73005952319
q8GroupBy-2 duration: 180.035306583

nexmark_src_src processed: 5759972, throughput: (event/s) 31994.457356001993
nexmark_src_src_ctrl processed: 1, throughput: (event/s) 0.005554620292598991
nexmark_src_src_data processed: 5759971, throughput: (event/s) 31994.4518013817
nexmark_src_src_epoch processed: 0, throughput: (event/s) 0
nexmark_src_src_logEntry processed: 14162, throughput: (event/s) 78.66453258378691
personsByIDSink processed: 115199, throughput: (event/s) 639.8867030871112
auctionsBySellerIDSink processed: 345599, throughput: (event/s) 1919.6712185019187
q8GroupBy-3 duration: 180.030307622

nexmark_src_src_epoch processed 0 events, duration: 180.04226992
nexmark_src_src_logEntry processed 56419 events, duration: 180.04226992
personsByIDSink processed 460798 events, duration: 180.04226992
auctionsBySellerIDSink processed 1382398 events, duration: 180.04226992
nexmark_src_src processed 23039958 events, duration: 180.04226992
nexmark_src_src_ctrl processed 4 events, duration: 180.04226992
nexmark_src_src_data processed 23039954 events, duration: 180.04226992

eventTimeLatency_sink, p50: 17008 ms, p90: 30763 ms, p99: 32975 ms
personsByIDSrc_ctrl processed: 4, throughput: (event/s) 0.01878541735768301
auctionsBySellerIDSrc_ctrl processed: 4, throughput: (event/s) 0.01878541735768301
personsByIDSrc_data processed: 114828, throughput: (event/s) 539.2729760870062
auctionsBySellerIDSrc processed: 361107, throughput: (event/s) 1695.8864264452097
auctionsBySellerIDSrc_data processed: 336109, throughput: (event/s) 1578.4869606683696
auctionsBySellerIDSrc_logEntry processed: 24994, throughput: (event/s) 117.38068035948228
personsByIDSrc_logEntry processed: 25484, throughput: (event/s) 119.68189398579845
auctionsBySellerIDSrc_epoch processed: 24994, throughput: (event/s) 117.38068035948228
personsByIDSrc_epoch processed: 25484, throughput: (event/s) 119.68189398579845
sink processed: 591056, throughput: (event/s) 2775.8084104406726
personsByIDSrc processed: 140316, throughput: (event/s) 658.9736554901623
q8JoinStream-0 duration: 212.931122255

eventTimeLatency_sink, p50: 16180 ms, p90: 34717 ms, p99: 36562 ms
personsByIDSrc processed: 141102, throughput: (event/s) 653.4297064254197
personsByIDSrc_ctrl processed: 4, throughput: (event/s) 0.018523612887851898
personsByIDSrc_data processed: 115564, throughput: (event/s) 535.1656999429292
personsByIDSrc_logEntry processed: 25534, throughput: (event/s) 118.2454828696026
sink processed: 584193, throughput: (event/s) 2705.341245948216
personsByIDSrc_epoch processed: 25534, throughput: (event/s) 118.2454828696026
auctionsBySellerIDSrc_ctrl processed: 4, throughput: (event/s) 0.018523612887851898
auctionsBySellerIDSrc_data processed: 342318, throughput: (event/s) 1585.2415291359216
auctionsBySellerIDSrc_epoch processed: 25030, throughput: (event/s) 115.91150764573325
auctionsBySellerIDSrc_logEntry processed: 25030, throughput: (event/s) 115.91150764573325
auctionsBySellerIDSrc processed: 367352, throughput: (event/s) 1701.1715603945427
q8JoinStream-1 duration: 215.940595618

eventTimeLatency_sink, p50: 18388 ms, p90: 38959 ms, p99: 41449 ms
personsByIDSrc processed: 140085, throughput: (event/s) 632.7671820282495
personsByIDSrc_ctrl processed: 4, throughput: (event/s) 0.018068092430402957
auctionsBySellerIDSrc_logEntry processed: 24985, throughput: (event/s) 112.85782234340446
personsByIDSrc_data processed: 114598, throughput: (event/s) 517.6418140848295
personsByIDSrc_logEntry processed: 25483, throughput: (event/s) 115.10729985098963
sink processed: 561924, throughput: (event/s) 2538.2236927154377
auctionsBySellerIDSrc_data processed: 335698, throughput: (event/s) 1516.355623175353
auctionsBySellerIDSrc_epoch processed: 24985, throughput: (event/s) 112.85782234340446
auctionsBySellerIDSrc processed: 360687, throughput: (event/s) 1629.2315136111877
auctionsBySellerIDSrc_ctrl processed: 4, throughput: (event/s) 0.018068092430402957
personsByIDSrc_epoch processed: 25483, throughput: (event/s) 115.10729985098963
q8JoinStream-2 duration: 221.384743044

eventTimeLatency_sink, p50: 21239 ms, p90: 37905 ms, p99: 39203 ms
auctionsBySellerIDSrc_ctrl processed: 4, throughput: (event/s) 0.018233898404459478
personsByIDSrc_data processed: 115808, throughput: (event/s) 527.9078266059107
personsByIDSrc_logEntry processed: 25523, throughput: (event/s) 116.3459472442548
personsByIDSrc_ctrl processed: 4, throughput: (event/s) 0.018233898404459478
personsByIDSrc_epoch processed: 25523, throughput: (event/s) 116.3459472442548
sink processed: 585097, throughput: (event/s) 2667.1498136885066
auctionsBySellerIDSrc_data processed: 368273, throughput: (event/s) 1678.7631167763761
auctionsBySellerIDSrc_logEntry processed: 25048, throughput: (event/s) 114.18067180872524
auctionsBySellerIDSrc processed: 393325, throughput: (event/s) 1792.962022483506
auctionsBySellerIDSrc_epoch processed: 25048, throughput: (event/s) 114.18067180872524
personsByIDSrc processed: 141335, throughput: (event/s) 644.27200774857
q8JoinStream-3 duration: 219.371629219

personsByIDSrc_logEntry processed 102024 events, duration: 221.384743044
auctionsBySellerIDSrc_epoch processed 100057 events, duration: 221.384743044
personsByIDSrc processed 562838 events, duration: 221.384743044
auctionsBySellerIDSrc_logEntry processed 100057 events, duration: 221.384743044
personsByIDSrc_epoch processed 102024 events, duration: 221.384743044
sink processed 2322270 events, duration: 221.384743044
personsByIDSrc_ctrl processed 16 events, duration: 221.384743044
auctionsBySellerIDSrc_ctrl processed 16 events, duration: 221.384743044
personsByIDSrc_data processed 460798 events, duration: 221.384743044
auctionsBySellerIDSrc processed 1482471 events, duration: 221.384743044
auctionsBySellerIDSrc_data processed 1382398 events, duration: 221.384743044

