wait for last: true
warmup: 0
encoded json is {"sg":{"changelog":4,"nexmark_src":4,"q46GroupBy":4,"q46_aucsByID":4,"q46_bidsByAucID":4,"q4Avg":4,"q4JoinStream":4,"q4MaxBid":4,"q4_aucIDCat":4,"q4_maxBids":4,"q4_out":4,"source":4},"aid":"q4","fns":["source","q46GroupBy","q4JoinStream","q4MaxBid","q4Avg"],"epoch":1,"serdeFormat":1,"bs":true}, node constraint is 1
config: map[NodeConstraint:"1,2,3,4" NumInstance:4 OutputTopicName:["nexmark_src"] funcName:"source"]
config: map[InputTopicNames:["nexmark_src"] NodeConstraint:"5,6,7,8" NumInstance:4 NumSrcProducer:[1] OutputTopicName:["q46_aucsByID","q46_bidsByAucID"] funcName:"q46GroupBy"]
config: map[InputTopicNames:["q46_aucsByID","q46_bidsByAucID"] NodeConstraint:"5,6,7,8" NumInstance:4 NumSrcProducer:[4,4] OutputTopicName:["q4_aucIDCat"] funcName:"q4JoinStream"]
config: map[InputTopicNames:["q4_aucIDCat"] NodeConstraint:"5,6,7,8" NumInstance:4 NumSrcProducer:[1] OutputTopicName:["q4_maxBids"] funcName:"q4MaxBid"]
config: map[InputTopicNames:["q4_maxBids"] NodeConstraint:"5,6,7,8" NumInstance:4 NumSrcProducer:[4] OutputTopicName:["q4_out"] funcName:"q4Avg"]
srcInvokeConfig: {TopicName:nexmark_src AppId:q4 NodeConstraint:1,2,3,4 ScaleEpoch:0 NumOutPartition:4 InstanceID:0 NumSrcInstance:4}
cliNodes: [0xc000026260 0xc0000262c0 0xc000026300 0xc000026360]
inParamsMap: map[q46GroupBy:[0xc000000c80 0xc000000d20 0xc000000dc0 0xc000000e60] q4Avg:[0xc000001400 0xc0000014a0 0xc000001540 0xc0000015e0] q4JoinStream:[0xc000000f00 0xc000000fa0 0xc000001040 0xc0000010e0] q4MaxBid:[0xc000001180 0xc000001220 0xc0000012c0 0xc000001360]]
configScaleInput: {Config:map[changelog:4 nexmark_src:4 q46GroupBy:4 q46_aucsByID:4 q46_bidsByAucID:4 q4Avg:4 q4JoinStream:4 q4MaxBid:4 q4_aucIDCat:4 q4_maxBids:4 q4_out:4 source:4] AppId:q4 FuncNames:[source q46GroupBy q4JoinStream q4MaxBid q4Avg] ScaleEpoch:0 SerdeFormat:1 Bootstrap:false}
func source url is http://ip-172-31-0-177.us-east-2.compute.internal:8080/function/source
func source url is http://ip-172-31-0-177.us-east-2.compute.internal:8080/function/source
src instance: 4
func source url is http://ip-172-31-0-177.us-east-2.compute.internal:8080/function/source
func source url is http://ip-172-31-0-177.us-east-2.compute.internal:8080/function/source
encoded json is {"topic_name":"nexmark_src","rate_shape":"square","aid":"q4","events_num":1440000,"rate_period":10000000000,"bid_avg_size":100,"first_event_rate":8000,"next_event_rate":8000,"person_avg_size":200,"auction_avg_size":500,"duration":180,"person_proportion":1,"auction_proportion":3,"bid_proportion":46,"bid_hot_ratio_auctions":2,"bid_hot_ratio_bidders":4,"auction_hot_ratio_sellers":4,"flushms":100,"rate_limited":false,"waitEnd":true,"serde_format":1,"numOutPar":4,"parNum":1,"nSrcIns":4}, node constraint is 1,2,3,4
encoded json is {"topic_name":"nexmark_src","rate_shape":"square","aid":"q4","events_num":1440000,"rate_period":10000000000,"bid_avg_size":100,"first_event_rate":8000,"next_event_rate":8000,"person_avg_size":200,"auction_avg_size":500,"duration":180,"person_proportion":1,"auction_proportion":3,"bid_proportion":46,"bid_hot_ratio_auctions":2,"bid_hot_ratio_bidders":4,"auction_hot_ratio_sellers":4,"flushms":100,"rate_limited":false,"waitEnd":true,"serde_format":1,"numOutPar":4,"nSrcIns":4}, node constraint is 1,2,3,4
encoded json is {"topic_name":"nexmark_src","rate_shape":"square","aid":"q4","events_num":1440000,"rate_period":10000000000,"bid_avg_size":100,"first_event_rate":8000,"next_event_rate":8000,"person_avg_size":200,"auction_avg_size":500,"duration":180,"person_proportion":1,"auction_proportion":3,"bid_proportion":46,"bid_hot_ratio_auctions":2,"bid_hot_ratio_bidders":4,"auction_hot_ratio_sellers":4,"flushms":100,"rate_limited":false,"waitEnd":true,"serde_format":1,"numOutPar":4,"parNum":2,"nSrcIns":4}, node constraint is 1,2,3,4
encoded json is {"topic_name":"nexmark_src","rate_shape":"square","aid":"q4","events_num":1440000,"rate_period":10000000000,"bid_avg_size":100,"first_event_rate":8000,"next_event_rate":8000,"person_avg_size":200,"auction_avg_size":500,"duration":180,"person_proportion":1,"auction_proportion":3,"bid_proportion":46,"bid_hot_ratio_auctions":2,"bid_hot_ratio_bidders":4,"auction_hot_ratio_sellers":4,"flushms":100,"rate_limited":false,"waitEnd":true,"serde_format":1,"numOutPar":4,"parNum":3,"nSrcIns":4}, node constraint is 1,2,3,4
func name is q4JoinStream
func name is q4JoinStream
func name is q4Avg
func url is http://ip-172-31-0-177.us-east-2.compute.internal:8080/function/q4JoinStream
func name is q4MaxBid
func url is http://ip-172-31-0-177.us-east-2.compute.internal:8080/function/q4MaxBid
func name is q4Avg
func name is q46GroupBy
func url is http://ip-172-31-0-177.us-east-2.compute.internal:8080/function/q4Avg
func url is http://ip-172-31-0-177.us-east-2.compute.internal:8080/function/q46GroupBy
func name is q4MaxBid
func name is q46GroupBy
func url is http://ip-172-31-0-177.us-east-2.compute.internal:8080/function/q4MaxBid
func name is q4JoinStream
func url is http://ip-172-31-0-177.us-east-2.compute.internal:8080/function/q4JoinStream
func url is http://ip-172-31-0-177.us-east-2.compute.internal:8080/function/q4Avg
Waiting for all client to return
func name is q4MaxBid
func url is http://ip-172-31-0-177.us-east-2.compute.internal:8080/function/q4MaxBid
func name is q4Avg
func name is q4MaxBid
func url is http://ip-172-31-0-177.us-east-2.compute.internal:8080/function/q4MaxBid
func url is http://ip-172-31-0-177.us-east-2.compute.internal:8080/function/q4JoinStream
func url is http://ip-172-31-0-177.us-east-2.compute.internal:8080/function/q4Avg
func name is q46GroupBy
func url is http://ip-172-31-0-177.us-east-2.compute.internal:8080/function/q46GroupBy
func name is q4Avg
func url is http://ip-172-31-0-177.us-east-2.compute.internal:8080/function/q4Avg
func name is q46GroupBy
func url is http://ip-172-31-0-177.us-east-2.compute.internal:8080/function/q46GroupBy
func url is http://ip-172-31-0-177.us-east-2.compute.internal:8080/function/q46GroupBy
func name is q4JoinStream
func url is http://ip-172-31-0-177.us-east-2.compute.internal:8080/function/q4JoinStream
encoded json is {"aid":"q4","numOutPartition":"BA==","numSubstreamProducer":"BAQ=","outputTopicName":["q4_aucIDCat"],"inputTopicName":["q46_aucsByID","q46_bidsByAucID"],"commEveryMs":100,"flushMs":100,"snapEveryS":10,"duration":180,"epoch":1,"waitEnd":true,"numChangelogPartition":4,"numInPartition":4,"ParNum":2,"gua":3,"serdeFormat":1}, node constraint is 5,6,7,8
encoded json is {"aid":"q4","numOutPartition":"BA==","numSubstreamProducer":"AQ==","outputTopicName":["q4_maxBids"],"inputTopicName":["q4_aucIDCat"],"commEveryMs":100,"flushMs":100,"snapEveryS":10,"duration":180,"epoch":1,"waitEnd":true,"numChangelogPartition":4,"numInPartition":4,"gua":3,"serdeFormat":1}, node constraint is 5,6,7,8
encoded json is {"aid":"q4","numOutPartition":"BAQ=","numSubstreamProducer":"AQ==","outputTopicName":["q46_aucsByID","q46_bidsByAucID"],"inputTopicName":["nexmark_src"],"commEveryMs":100,"flushMs":100,"snapEveryS":10,"duration":180,"epoch":1,"waitEnd":true,"numChangelogPartition":4,"numInPartition":4,"ParNum":2,"gua":3,"serdeFormat":1}, node constraint is 5,6,7,8
encoded json is {"aid":"q4","numOutPartition":"BA==","numSubstreamProducer":"AQ==","outputTopicName":["q4_maxBids"],"inputTopicName":["q4_aucIDCat"],"commEveryMs":100,"flushMs":100,"snapEveryS":10,"duration":180,"epoch":1,"waitEnd":true,"numChangelogPartition":4,"numInPartition":4,"ParNum":2,"gua":3,"serdeFormat":1}, node constraint is 5,6,7,8
encoded json is {"aid":"q4","numOutPartition":"BA==","numSubstreamProducer":"AQ==","outputTopicName":["q4_maxBids"],"inputTopicName":["q4_aucIDCat"],"commEveryMs":100,"flushMs":100,"snapEveryS":10,"duration":180,"epoch":1,"waitEnd":true,"numChangelogPartition":4,"numInPartition":4,"ParNum":3,"gua":3,"serdeFormat":1}, node constraint is 5,6,7,8
encoded json is {"aid":"q4","numOutPartition":"BA==","numSubstreamProducer":"BA==","outputTopicName":["q4_out"],"inputTopicName":["q4_maxBids"],"commEveryMs":100,"flushMs":100,"snapEveryS":10,"duration":180,"epoch":1,"waitEnd":true,"numChangelogPartition":4,"numInPartition":4,"ParNum":2,"gua":3,"serdeFormat":1}, node constraint is 5,6,7,8
encoded json is {"aid":"q4","numOutPartition":"BA==","numSubstreamProducer":"BA==","outputTopicName":["q4_out"],"inputTopicName":["q4_maxBids"],"commEveryMs":100,"flushMs":100,"snapEveryS":10,"duration":180,"epoch":1,"waitEnd":true,"numChangelogPartition":4,"numInPartition":4,"ParNum":1,"gua":3,"serdeFormat":1}, node constraint is 5,6,7,8
encoded json is {"aid":"q4","numOutPartition":"BAQ=","numSubstreamProducer":"AQ==","outputTopicName":["q46_aucsByID","q46_bidsByAucID"],"inputTopicName":["nexmark_src"],"commEveryMs":100,"flushMs":100,"snapEveryS":10,"duration":180,"epoch":1,"waitEnd":true,"numChangelogPartition":4,"numInPartition":4,"gua":3,"serdeFormat":1}, node constraint is 5,6,7,8
encoded json is {"aid":"q4","numOutPartition":"BA==","numSubstreamProducer":"BAQ=","outputTopicName":["q4_aucIDCat"],"inputTopicName":["q46_aucsByID","q46_bidsByAucID"],"commEveryMs":100,"flushMs":100,"snapEveryS":10,"duration":180,"epoch":1,"waitEnd":true,"numChangelogPartition":4,"numInPartition":4,"ParNum":1,"gua":3,"serdeFormat":1}, node constraint is 5,6,7,8
encoded json is {"aid":"q4","numOutPartition":"BA==","numSubstreamProducer":"BAQ=","outputTopicName":["q4_aucIDCat"],"inputTopicName":["q46_aucsByID","q46_bidsByAucID"],"commEveryMs":100,"flushMs":100,"snapEveryS":10,"duration":180,"epoch":1,"waitEnd":true,"numChangelogPartition":4,"numInPartition":4,"ParNum":3,"gua":3,"serdeFormat":1}, node constraint is 5,6,7,8
encoded json is {"aid":"q4","numOutPartition":"BA==","numSubstreamProducer":"BA==","outputTopicName":["q4_out"],"inputTopicName":["q4_maxBids"],"commEveryMs":100,"flushMs":100,"snapEveryS":10,"duration":180,"epoch":1,"waitEnd":true,"numChangelogPartition":4,"numInPartition":4,"ParNum":3,"gua":3,"serdeFormat":1}, node constraint is 5,6,7,8
encoded json is {"aid":"q4","numOutPartition":"BA==","numSubstreamProducer":"AQ==","outputTopicName":["q4_maxBids"],"inputTopicName":["q4_aucIDCat"],"commEveryMs":100,"flushMs":100,"snapEveryS":10,"duration":180,"epoch":1,"waitEnd":true,"numChangelogPartition":4,"numInPartition":4,"ParNum":1,"gua":3,"serdeFormat":1}, node constraint is 5,6,7,8
encoded json is {"aid":"q4","numOutPartition":"BAQ=","numSubstreamProducer":"AQ==","outputTopicName":["q46_aucsByID","q46_bidsByAucID"],"inputTopicName":["nexmark_src"],"commEveryMs":100,"flushMs":100,"snapEveryS":10,"duration":180,"epoch":1,"waitEnd":true,"numChangelogPartition":4,"numInPartition":4,"ParNum":1,"gua":3,"serdeFormat":1}, node constraint is 5,6,7,8
encoded json is {"aid":"q4","numOutPartition":"BAQ=","numSubstreamProducer":"AQ==","outputTopicName":["q46_aucsByID","q46_bidsByAucID"],"inputTopicName":["nexmark_src"],"commEveryMs":100,"flushMs":100,"snapEveryS":10,"duration":180,"epoch":1,"waitEnd":true,"numChangelogPartition":4,"numInPartition":4,"ParNum":3,"gua":3,"serdeFormat":1}, node constraint is 5,6,7,8
encoded json is {"aid":"q4","numOutPartition":"BA==","numSubstreamProducer":"BA==","outputTopicName":["q4_out"],"inputTopicName":["q4_maxBids"],"commEveryMs":100,"flushMs":100,"snapEveryS":10,"duration":180,"epoch":1,"waitEnd":true,"numChangelogPartition":4,"numInPartition":4,"gua":3,"serdeFormat":1}, node constraint is 5,6,7,8
encoded json is {"aid":"q4","numOutPartition":"BA==","numSubstreamProducer":"BAQ=","outputTopicName":["q4_aucIDCat"],"inputTopicName":["q46_aucsByID","q46_bidsByAucID"],"commEveryMs":100,"flushMs":100,"snapEveryS":10,"duration":180,"epoch":1,"waitEnd":true,"numChangelogPartition":4,"numInPartition":4,"gua":3,"serdeFormat":1}, node constraint is 5,6,7,8
source-1 invoke done
source-3 invoke done
source-0 invoke done
source-2 invoke done
q46GroupBy-1 call done
q46GroupBy-2 call done
q46GroupBy-0 call done
q46GroupBy-3 call done
q4JoinStream-1 call done
q4MaxBid-1 call done
{"level":"error","time":"2022-11-21T19:41:05-06:00","message":"q4JoinStream request failed: Post \"http://ip-172-31-0-177.us-east-2.compute.internal:8080/function/q4JoinStream\": context deadline exceeded (Client.Timeout exceeded while awaiting headers)"}
q4JoinStream-2 call done
{"level":"error","time":"2022-11-21T19:41:05-06:00","message":"q4Avg request failed: Post \"http://ip-172-31-0-177.us-east-2.compute.internal:8080/function/q4Avg\": context deadline exceeded (Client.Timeout exceeded while awaiting headers)"}
q4Avg-3 call done
{"level":"error","time":"2022-11-21T19:41:05-06:00","message":"q4Avg request failed: Post \"http://ip-172-31-0-177.us-east-2.compute.internal:8080/function/q4Avg\": context deadline exceeded (Client.Timeout exceeded while awaiting headers)"}
q4Avg-2 call done
{"level":"error","time":"2022-11-21T19:41:05-06:00","message":"q4JoinStream request failed: Post \"http://ip-172-31-0-177.us-east-2.compute.internal:8080/function/q4JoinStream\": context deadline exceeded (Client.Timeout exceeded while awaiting headers)"}
q4JoinStream-3 call done
{"level":"error","time":"2022-11-21T19:41:05-06:00","message":"q4MaxBid request failed: Post \"http://ip-172-31-0-177.us-east-2.compute.internal:8080/function/q4MaxBid\": context deadline exceeded (Client.Timeout exceeded while awaiting headers)"}
q4MaxBid-3 call done
{"level":"error","time":"2022-11-21T19:41:05-06:00","message":"q4Avg request failed: Post \"http://ip-172-31-0-177.us-east-2.compute.internal:8080/function/q4Avg\": context deadline exceeded (Client.Timeout exceeded while awaiting headers)"}
{"level":"error","time":"2022-11-21T19:41:05-06:00","message":"q4Avg request failed: Post \"http://ip-172-31-0-177.us-east-2.compute.internal:8080/function/q4Avg\": context deadline exceeded (Client.Timeout exceeded while awaiting headers)"}
{"level":"error","time":"2022-11-21T19:41:05-06:00","message":"q4MaxBid request failed: Post \"http://ip-172-31-0-177.us-east-2.compute.internal:8080/function/q4MaxBid\": context deadline exceeded (Client.Timeout exceeded while awaiting headers)"}
q4MaxBid-2 call done
q4Avg-1 call done
q4Avg-0 call done
{"level":"error","time":"2022-11-21T19:41:05-06:00","message":"q4JoinStream request failed: Post \"http://ip-172-31-0-177.us-east-2.compute.internal:8080/function/q4JoinStream\": context deadline exceeded (Client.Timeout exceeded while awaiting headers)"}
q4JoinStream-0 call done
{"level":"error","time":"2022-11-21T19:41:05-06:00","message":"q4MaxBid request failed: Post \"http://ip-172-31-0-177.us-east-2.compute.internal:8080/function/q4MaxBid\": context deadline exceeded (Client.Timeout exceeded while awaiting headers)"}
q4MaxBid-0 call done
sink processed: 360001, throughput: (event/s) 1999.968024766704
sink_ctrl processed: 1, throughput: (event/s) 0.0055554513036538905
source-0 duration: 180.003377825

sink processed: 360001, throughput: (event/s) 1999.9691718719403
sink_ctrl processed: 1, throughput: (event/s) 0.005555454490048473
source-1 duration: 180.003274582

sink processed: 360001, throughput: (event/s) 1999.9685581927522
sink_ctrl processed: 1, throughput: (event/s) 0.005555452785388797
source-2 duration: 180.003329815

sink processed: 360001, throughput: (event/s) 1999.97527278552
sink_ctrl processed: 1, throughput: (event/s) 0.005555471436983564
source-3 duration: 180.002725483

sink processed 1440004 events, duration: 180.003377825, tp: 7999.872099
sink_ctrl processed 4 events, duration: 180.003377825, tp: 0.022222

q4MaxBid-0 failed, msg 
q4_aucIDCat_src processed: 859088, throughput: (event/s) 2923.0288273829815
q4_aucIDCat_src_ctrl processed: 1, throughput: (event/s) 0.0034024789397395627
q4_aucIDCat_src_data processed: 857674, throughput: (event/s) 2918.2177221621896
q4_aucIDCat_src_epoch processed: 1413, throughput: (event/s) 4.807702741852002
q4_aucIDCat_src_logEntry processed: 1822, throughput: (event/s) 6.199316628205484
sink processed: 92690, throughput: (event/s) 315.3757729244601
q4MaxBid-1 duration: 293.90336214

q4MaxBid-2 failed, msg 
q4MaxBid-3 failed, msg 
q4_aucIDCat_src processed 859088 events, duration: 293.90336214
q4_aucIDCat_src_ctrl processed 1 events, duration: 293.90336214
q4_aucIDCat_src_data processed 857674 events, duration: 293.90336214
q4_aucIDCat_src_epoch processed 1413 events, duration: 293.90336214
q4_aucIDCat_src_logEntry processed 1822 events, duration: 293.90336214
sink processed 92690 events, duration: 293.90336214

q4Avg-0 failed, msg 
q4Avg-1 failed, msg 
q4Avg-2 failed, msg 
q4Avg-3 failed, msg 
nexmark_src_src_data processed: 360000, throughput: (event/s) 1999.5912187903414
nexmark_src_src_epoch processed: 0, throughput: (event/s) 0
nexmark_src_src_logEntry processed: 1762, throughput: (event/s) 9.786888131968281
aucsByIDSink processed: 21600, throughput: (event/s) 119.97547312742049
bidsByAucIDSink processed: 331200, throughput: (event/s) 1839.623921287114
nexmark_src_src processed: 360001, throughput: (event/s) 1999.5967732103936
nexmark_src_src_ctrl processed: 1, throughput: (event/s) 0.005554420052195392
q46GroupBy-0 duration: 180.03679783

bidsByAucIDSink processed: 331200, throughput: (event/s) 1839.7372769620715
nexmark_src_src processed: 360001, throughput: (event/s) 1999.719986242822
nexmark_src_src_ctrl processed: 1, throughput: (event/s) 0.00555476230966809
nexmark_src_src_data processed: 360000, throughput: (event/s) 1999.7144314805123
nexmark_src_src_epoch processed: 0, throughput: (event/s) 0
nexmark_src_src_logEntry processed: 1762, throughput: (event/s) 9.787491189635174
aucsByIDSink processed: 21600, throughput: (event/s) 119.98286588883074
q46GroupBy-1 duration: 180.025704837

nexmark_src_src processed: 360001, throughput: (event/s) 1999.5977058764918
nexmark_src_src_ctrl processed: 1, throughput: (event/s) 0.005554422642927358
nexmark_src_src_data processed: 360000, throughput: (event/s) 1999.5921514538488
nexmark_src_src_epoch processed: 0, throughput: (event/s) 0
nexmark_src_src_logEntry processed: 1761, throughput: (event/s) 9.781338274195077
aucsByIDSink processed: 21600, throughput: (event/s) 119.97552908723092
bidsByAucIDSink processed: 331200, throughput: (event/s) 1839.624779337541
q46GroupBy-2 duration: 180.036713856

bidsByAucIDSink processed: 331200, throughput: (event/s) 1839.497103433034
nexmark_src_src processed: 360001, throughput: (event/s) 1999.458927333924
nexmark_src_src_ctrl processed: 1, throughput: (event/s) 0.0055540371480466005
nexmark_src_src_data processed: 360000, throughput: (event/s) 1999.4533732967761
nexmark_src_src_epoch processed: 0, throughput: (event/s) 0
nexmark_src_src_logEntry processed: 1763, throughput: (event/s) 9.791767492006157
aucsByIDSink processed: 21600, throughput: (event/s) 119.96720239780656
q46GroupBy-3 duration: 180.049209853

bidsByAucIDSink processed 1324800 events, duration: 180.049209853
nexmark_src_src processed 1440004 events, duration: 180.049209853
nexmark_src_src_ctrl processed 4 events, duration: 180.049209853
nexmark_src_src_data processed 1440000 events, duration: 180.049209853
nexmark_src_src_epoch processed 0 events, duration: 180.049209853
nexmark_src_src_logEntry processed 7048 events, duration: 180.049209853
aucsByIDSink processed 86400 events, duration: 180.049209853

q4JoinStream-0 failed, msg 
bidsByAucIDSrc_logEntry processed: 5940, throughput: (event/s) 20.212896088811043
aucsByIDSrc processed: 27568, throughput: (event/s) 93.80961605662337
aucsByIDSrc_ctrl processed: 4, throughput: (event/s) 0.013611377837583195
bidsByAucIDSrc_epoch processed: 5940, throughput: (event/s) 20.212896088811043
bidsByAucIDSrc_ctrl processed: 4, throughput: (event/s) 0.013611377837583195
bidsByAucIDSrc processed: 301621, throughput: (event/s) 1026.3693486874201
bidsByAucIDSrc_data processed: 295677, throughput: (event/s) 1006.1428412207715
sink processed: 857674, throughput: (event/s) 2918.531218867832
aucsByIDSrc_data processed: 21744, throughput: (event/s) 73.99144992510224
aucsByIDSrc_epoch processed: 5820, throughput: (event/s) 19.804554753683547
aucsByIDSrc_logEntry processed: 5820, throughput: (event/s) 19.804554753683547
q4JoinStream-1 duration: 293.871792241

q4JoinStream-2 failed, msg 
q4JoinStream-3 failed, msg 
bidsByAucIDSrc_epoch processed 5940 events, duration: 293.871792241
bidsByAucIDSrc_ctrl processed 4 events, duration: 293.871792241
bidsByAucIDSrc_data processed 295677 events, duration: 293.871792241
sink processed 857674 events, duration: 293.871792241
bidsByAucIDSrc_logEntry processed 5940 events, duration: 293.871792241
aucsByIDSrc processed 27568 events, duration: 293.871792241
aucsByIDSrc_data processed 21744 events, duration: 293.871792241
aucsByIDSrc_epoch processed 5820 events, duration: 293.871792241
aucsByIDSrc_logEntry processed 5820 events, duration: 293.871792241
aucsByIDSrc_ctrl processed 4 events, duration: 293.871792241
bidsByAucIDSrc processed 301621 events, duration: 293.871792241

