wait for last: true
warmup: 0
config: map[NodeConstraint:"1,2,3,4" NumInstance:4 OutputTopicName:["nexmark_src"] funcName:"source"]
config: map[InputTopicNames:["nexmark_src"] NodeConstraint:"5,6,7,8" NumInstance:4 NumSrcProducer:[1] OutputTopicName:["q8_aucsBySellerID_out","q8_personsByID_out"] funcName:"q8GroupBy"]
config: map[InputTopicNames:["q8_aucsBySellerID_out","q8_personsByID_out"] NodeConstraint:"5,6,7,8" NumInstance:4 NumSrcProducer:[4,4] OutputTopicName:["q8_out"] funcName:"q8JoinStream"]
srcInvokeConfig: {TopicName:nexmark_src AppId:q8 NodeConstraint:1,2,3,4 ScaleEpoch:0 NumOutPartition:4 InstanceID:0 NumSrcInstance:4}
cliNodes: [0xc000026260 0xc0000262c0]
inParamsMap: map[q8GroupBy:[0xc000000c80 0xc000000d20 0xc000000dc0 0xc000000e60] q8JoinStream:[0xc000000f00 0xc000000fa0 0xc000001040 0xc0000010e0]]
configScaleInput: {Config:map[changelog:4 nexmark_src:4 q8GroupBy:4 q8JoinStream:4 q8_aucsBySellerID_out:4 q8_out:4 q8_personsByID_out:4 source:4] AppId:q8 FuncNames:[source q8GroupBy q8JoinStream] ScaleEpoch:0 SerdeFormat:1 Bootstrap:false}
encoded json is {"sg":{"changelog":4,"nexmark_src":4,"q8GroupBy":4,"q8JoinStream":4,"q8_aucsBySellerID_out":4,"q8_out":4,"q8_personsByID_out":4,"source":4},"aid":"q8","fns":["source","q8GroupBy","q8JoinStream"],"epoch":1,"serdeFormat":1,"bs":true}, node constraint is 1
func source url is http://ip-172-31-6-98.us-east-2.compute.internal:8080/function/source
func source url is http://ip-172-31-6-98.us-east-2.compute.internal:8080/function/source
func source url is http://ip-172-31-6-98.us-east-2.compute.internal:8080/function/source
src instance: 4
func source url is http://ip-172-31-6-98.us-east-2.compute.internal:8080/function/source
encoded json is {"topic_name":"nexmark_src","rate_shape":"square","aid":"q8","events_num":8640000,"rate_period":10000000000,"bid_avg_size":100,"first_event_rate":48000,"next_event_rate":48000,"person_avg_size":200,"auction_avg_size":500,"duration":180,"person_proportion":1,"auction_proportion":3,"bid_proportion":46,"bid_hot_ratio_auctions":2,"bid_hot_ratio_bidders":4,"auction_hot_ratio_sellers":4,"flushms":10,"rate_limited":false,"waitEnd":true,"serde_format":1,"numOutPar":4,"parNum":1,"nSrcIns":4}, node constraint is 1,2,3,4
encoded json is {"topic_name":"nexmark_src","rate_shape":"square","aid":"q8","events_num":8640000,"rate_period":10000000000,"bid_avg_size":100,"first_event_rate":48000,"next_event_rate":48000,"person_avg_size":200,"auction_avg_size":500,"duration":180,"person_proportion":1,"auction_proportion":3,"bid_proportion":46,"bid_hot_ratio_auctions":2,"bid_hot_ratio_bidders":4,"auction_hot_ratio_sellers":4,"flushms":10,"rate_limited":false,"waitEnd":true,"serde_format":1,"numOutPar":4,"parNum":3,"nSrcIns":4}, node constraint is 1,2,3,4
encoded json is {"topic_name":"nexmark_src","rate_shape":"square","aid":"q8","events_num":8640000,"rate_period":10000000000,"bid_avg_size":100,"first_event_rate":48000,"next_event_rate":48000,"person_avg_size":200,"auction_avg_size":500,"duration":180,"person_proportion":1,"auction_proportion":3,"bid_proportion":46,"bid_hot_ratio_auctions":2,"bid_hot_ratio_bidders":4,"auction_hot_ratio_sellers":4,"flushms":10,"rate_limited":false,"waitEnd":true,"serde_format":1,"numOutPar":4,"nSrcIns":4}, node constraint is 1,2,3,4
encoded json is {"topic_name":"nexmark_src","rate_shape":"square","aid":"q8","events_num":8640000,"rate_period":10000000000,"bid_avg_size":100,"first_event_rate":48000,"next_event_rate":48000,"person_avg_size":200,"auction_avg_size":500,"duration":180,"person_proportion":1,"auction_proportion":3,"bid_proportion":46,"bid_hot_ratio_auctions":2,"bid_hot_ratio_bidders":4,"auction_hot_ratio_sellers":4,"flushms":10,"rate_limited":false,"waitEnd":true,"serde_format":1,"numOutPar":4,"parNum":2,"nSrcIns":4}, node constraint is 1,2,3,4
Waiting for all client to return
func name is q8JoinStream
func url is http://ip-172-31-6-98.us-east-2.compute.internal:8080/function/q8JoinStream
func name is q8GroupBy
func name is q8GroupBy
func url is http://ip-172-31-6-98.us-east-2.compute.internal:8080/function/q8GroupBy
func url is http://ip-172-31-6-98.us-east-2.compute.internal:8080/function/q8GroupBy
func name is q8GroupBy
func name is q8GroupBy
func url is http://ip-172-31-6-98.us-east-2.compute.internal:8080/function/q8GroupBy
func name is q8JoinStream
func url is http://ip-172-31-6-98.us-east-2.compute.internal:8080/function/q8JoinStream
func name is q8JoinStream
func url is http://ip-172-31-6-98.us-east-2.compute.internal:8080/function/q8GroupBy
func url is http://ip-172-31-6-98.us-east-2.compute.internal:8080/function/q8JoinStream
func name is q8JoinStream
func url is http://ip-172-31-6-98.us-east-2.compute.internal:8080/function/q8JoinStream
encoded json is {"aid":"q8","numOutPartition":"BA==","numSubstreamProducer":"BAQ=","outputTopicName":["q8_out"],"inputTopicName":["q8_aucsBySellerID_out","q8_personsByID_out"],"commEveryMs":10,"flushMs":10,"snapEveryS":10,"duration":180,"epoch":1,"waitEnd":true,"numChangelogPartition":4,"numInPartition":4,"ParNum":3,"gua":3,"serdeFormat":1}, node constraint is 5,6,7,8
encoded json is {"aid":"q8","numOutPartition":"BAQ=","numSubstreamProducer":"AQ==","outputTopicName":["q8_aucsBySellerID_out","q8_personsByID_out"],"inputTopicName":["nexmark_src"],"commEveryMs":10,"flushMs":10,"snapEveryS":10,"duration":180,"epoch":1,"waitEnd":true,"numChangelogPartition":4,"numInPartition":4,"gua":3,"serdeFormat":1}, node constraint is 5,6,7,8
encoded json is {"aid":"q8","numOutPartition":"BAQ=","numSubstreamProducer":"AQ==","outputTopicName":["q8_aucsBySellerID_out","q8_personsByID_out"],"inputTopicName":["nexmark_src"],"commEveryMs":10,"flushMs":10,"snapEveryS":10,"duration":180,"epoch":1,"waitEnd":true,"numChangelogPartition":4,"numInPartition":4,"ParNum":1,"gua":3,"serdeFormat":1}, node constraint is 5,6,7,8
encoded json is {"aid":"q8","numOutPartition":"BAQ=","numSubstreamProducer":"AQ==","outputTopicName":["q8_aucsBySellerID_out","q8_personsByID_out"],"inputTopicName":["nexmark_src"],"commEveryMs":10,"flushMs":10,"snapEveryS":10,"duration":180,"epoch":1,"waitEnd":true,"numChangelogPartition":4,"numInPartition":4,"ParNum":2,"gua":3,"serdeFormat":1}, node constraint is 5,6,7,8
encoded json is {"aid":"q8","numOutPartition":"BAQ=","numSubstreamProducer":"AQ==","outputTopicName":["q8_aucsBySellerID_out","q8_personsByID_out"],"inputTopicName":["nexmark_src"],"commEveryMs":10,"flushMs":10,"snapEveryS":10,"duration":180,"epoch":1,"waitEnd":true,"numChangelogPartition":4,"numInPartition":4,"ParNum":3,"gua":3,"serdeFormat":1}, node constraint is 5,6,7,8
encoded json is {"aid":"q8","numOutPartition":"BA==","numSubstreamProducer":"BAQ=","outputTopicName":["q8_out"],"inputTopicName":["q8_aucsBySellerID_out","q8_personsByID_out"],"commEveryMs":10,"flushMs":10,"snapEveryS":10,"duration":180,"epoch":1,"waitEnd":true,"numChangelogPartition":4,"numInPartition":4,"gua":3,"serdeFormat":1}, node constraint is 5,6,7,8
encoded json is {"aid":"q8","numOutPartition":"BA==","numSubstreamProducer":"BAQ=","outputTopicName":["q8_out"],"inputTopicName":["q8_aucsBySellerID_out","q8_personsByID_out"],"commEveryMs":10,"flushMs":10,"snapEveryS":10,"duration":180,"epoch":1,"waitEnd":true,"numChangelogPartition":4,"numInPartition":4,"ParNum":1,"gua":3,"serdeFormat":1}, node constraint is 5,6,7,8
encoded json is {"aid":"q8","numOutPartition":"BA==","numSubstreamProducer":"BAQ=","outputTopicName":["q8_out"],"inputTopicName":["q8_aucsBySellerID_out","q8_personsByID_out"],"commEveryMs":10,"flushMs":10,"snapEveryS":10,"duration":180,"epoch":1,"waitEnd":true,"numChangelogPartition":4,"numInPartition":4,"ParNum":2,"gua":3,"serdeFormat":1}, node constraint is 5,6,7,8
source-1 invoke done
source-2 invoke done
source-0 invoke done
source-3 invoke done
q8GroupBy-1 call done
q8GroupBy-2 call done
q8GroupBy-0 call done
q8GroupBy-3 call done
q8JoinStream-2 call done
q8JoinStream-0 call done
q8JoinStream-3 call done
q8JoinStream-1 call done
sink processed: 2160001, throughput: (event/s) 11999.895742309636
sink_ctrl processed: 1, throughput: (event/s) 0.005555504716113389
source-0 duration: 180.001647213

sink processed: 2160001, throughput: (event/s) 11999.818843240948
sink_ctrl processed: 1, throughput: (event/s) 0.005555469114709183
source-1 duration: 180.002800727

sink processed: 2160001, throughput: (event/s) 11999.872565101206
sink_ctrl processed: 1, throughput: (event/s) 0.005555493985929269
source-2 duration: 180.001994878

sink processed: 2160001, throughput: (event/s) 11999.869066911479
sink_ctrl processed: 1, throughput: (event/s) 0.005555492366397737
source-3 duration: 180.002047352

sink processed 8640004 events, duration: 180.002800727, tp: 47999.275373
sink_ctrl processed 4 events, duration: 180.002800727, tp: 0.022222

nexmark_src_src_ctrl processed: 1, throughput: (event/s) 0.005554698049784747
nexmark_src_src_data processed: 2160000, throughput: (event/s) 11998.147787535054
nexmark_src_src_epoch processed: 0, throughput: (event/s) 0
nexmark_src_src_logEntry processed: 15181, throughput: (event/s) 84.32587109378224
personsByIDSink processed: 43200, throughput: (event/s) 239.96295575070107
auctionsBySellerIDSink processed: 129600, throughput: (event/s) 719.8888672521032
nexmark_src_src processed: 2160001, throughput: (event/s) 11998.153342233103
q8GroupBy-0 duration: 180.027787476

nexmark_src_src_logEntry processed: 14956, throughput: (event/s) 83.0765685239311
personsByIDSink processed: 43200, throughput: (event/s) 239.96441296027172
auctionsBySellerIDSink processed: 129600, throughput: (event/s) 719.8932388808151
nexmark_src_src processed: 2160001, throughput: (event/s) 11998.226202745367
nexmark_src_src_ctrl processed: 1, throughput: (event/s) 0.005554731781487771
nexmark_src_src_data processed: 2160000, throughput: (event/s) 11998.220648013585
nexmark_src_src_epoch processed: 0, throughput: (event/s) 0
q8GroupBy-1 duration: 180.026694238

personsByIDSink processed: 43200, throughput: (event/s) 239.9655158235388
auctionsBySellerIDSink processed: 129600, throughput: (event/s) 719.8965474706164
nexmark_src_src processed: 2160001, throughput: (event/s) 11998.28134593425
nexmark_src_src_ctrl processed: 1, throughput: (event/s) 0.0055547573107300645
nexmark_src_src_data processed: 2160000, throughput: (event/s) 11998.27579117694
nexmark_src_src_epoch processed: 0, throughput: (event/s) 0
nexmark_src_src_logEntry processed: 15164, throughput: (event/s) 84.2323398599107
q8GroupBy-2 duration: 180.025866849

nexmark_src_src_ctrl processed: 1, throughput: (event/s) 0.0055546454919736254
nexmark_src_src_data processed: 2160000, throughput: (event/s) 11998.034262663032
nexmark_src_src_epoch processed: 0, throughput: (event/s) 0
nexmark_src_src_logEntry processed: 14955, throughput: (event/s) 83.06972333246557
personsByIDSink processed: 43200, throughput: (event/s) 239.96068525326064
auctionsBySellerIDSink processed: 129600, throughput: (event/s) 719.8820557597819
nexmark_src_src processed: 2160001, throughput: (event/s) 11998.039817308523
q8GroupBy-3 duration: 180.029490891

nexmark_src_src_ctrl processed 4 events, duration: 180.029490891
nexmark_src_src_data processed 8640000 events, duration: 180.029490891
nexmark_src_src_epoch processed 0 events, duration: 180.029490891
nexmark_src_src_logEntry processed 60256 events, duration: 180.029490891
personsByIDSink processed 172800 events, duration: 180.029490891
auctionsBySellerIDSink processed 518400 events, duration: 180.029490891
nexmark_src_src processed 8640004 events, duration: 180.029490891

eventTimeLatency_sink, p50: 37 ms, p90: 48 ms, p99: 60 ms
auctionsBySellerIDSrc processed: 148450, throughput: (event/s) 824.249136087332
sink processed: 496241, throughput: (event/s) 2755.313004655532
auctionsBySellerIDSrc_ctrl processed: 4, throughput: (event/s) 0.02220947486931174
auctionsBySellerIDSrc_epoch processed: 23643, throughput: (event/s) 131.27465358378439
auctionsBySellerIDSrc_logEntry processed: 23643, throughput: (event/s) 131.27465358378439
personsByIDSrc_data processed: 42984, throughput: (event/s) 238.66301694562398
personsByIDSrc processed: 67868, throughput: (event/s) 376.82816010761235
personsByIDSrc_ctrl processed: 4, throughput: (event/s) 0.02220947486931174
personsByIDSrc_logEntry processed: 24880, throughput: (event/s) 138.14293368711904
personsByIDSrc_epoch processed: 24880, throughput: (event/s) 138.14293368711904
auctionsBySellerIDSrc_data processed: 124803, throughput: (event/s) 692.9522730286783
q8JoinStream-0 duration: 180.103312822

eventTimeLatency_sink, p50: 38 ms, p90: 49 ms, p99: 58 ms
personsByIDSrc processed: 68199, throughput: (event/s) 378.64289746416887
auctionsBySellerIDSrc_data processed: 131197, throughput: (event/s) 728.409686631865
auctionsBySellerIDSrc_logEntry processed: 23840, throughput: (event/s) 132.36039642144
auctionsBySellerIDSrc processed: 155041, throughput: (event/s) 860.79229117351
personsByIDSrc_logEntry processed: 25083, throughput: (event/s) 139.26156977512497
auctionsBySellerIDSrc_ctrl processed: 4, throughput: (event/s) 0.022208120204939594
auctionsBySellerIDSrc_epoch processed: 23840, throughput: (event/s) 132.36039642144
personsByIDSrc_ctrl processed: 4, throughput: (event/s) 0.022208120204939594
personsByIDSrc_data processed: 43112, throughput: (event/s) 239.35911956883893
personsByIDSrc_epoch processed: 25083, throughput: (event/s) 139.26156977512497
sink processed: 525588, throughput: (event/s) 2918.080370568448
q8JoinStream-1 duration: 180.114298873

eventTimeLatency_sink, p50: 37 ms, p90: 47 ms, p99: 57 ms
auctionsBySellerIDSrc_ctrl processed: 4, throughput: (event/s) 0.02221033360009437
auctionsBySellerIDSrc_data processed: 122690, throughput: (event/s) 681.2464573488945
auctionsBySellerIDSrc_epoch processed: 23602, throughput: (event/s) 131.05207340735683
personsByIDSrc processed: 68163, throughput: (event/s) 378.4807422958081
personsByIDSrc_logEntry processed: 25079, throughput: (event/s) 139.25323908919165
auctionsBySellerIDSrc_logEntry processed: 23602, throughput: (event/s) 131.05207340735683
personsByIDSrc_ctrl processed: 4, throughput: (event/s) 0.02221033360009437
personsByIDSrc_data processed: 43080, throughput: (event/s) 239.20529287301633
sink processed: 491280, throughput: (event/s) 2727.87317276359
auctionsBySellerIDSrc processed: 146296, throughput: (event/s) 812.3207410898514
personsByIDSrc_epoch processed: 25079, throughput: (event/s) 139.25323908919165
q8JoinStream-2 duration: 180.096349385

eventTimeLatency_sink, p50: 37 ms, p90: 48 ms, p99: 57 ms
personsByIDSrc_ctrl processed: 4, throughput: (event/s) 0.02220978573955084
personsByIDSrc_epoch processed: 25187, throughput: (event/s) 139.84946835551676
personsByIDSrc_logEntry processed: 25187, throughput: (event/s) 139.84946835551676
auctionsBySellerIDSrc processed: 163739, throughput: (event/s) 909.1520268020787
auctionsBySellerIDSrc_epoch processed: 24025, throughput: (event/s) 133.39752559817722
sink processed: 559533, throughput: (event/s) 3106.777011052025
personsByIDSrc processed: 68815, throughput: (event/s) 382.09160141679774
auctionsBySellerIDSrc_ctrl processed: 4, throughput: (event/s) 0.02220978573955084
auctionsBySellerIDSrc_logEntry processed: 24025, throughput: (event/s) 133.39752559817722
personsByIDSrc_data processed: 43624, throughput: (event/s) 242.21992327554145
auctionsBySellerIDSrc_data processed: 139710, throughput: (event/s) 775.7322914181619
q8JoinStream-3 duration: 180.100791917

auctionsBySellerIDSrc_logEntry processed 95110 events, duration: 180.114298873
personsByIDSrc_data processed 172800 events, duration: 180.114298873
personsByIDSrc processed 273045 events, duration: 180.114298873
personsByIDSrc_logEntry processed 100229 events, duration: 180.114298873
auctionsBySellerIDSrc_data processed 518400 events, duration: 180.114298873
auctionsBySellerIDSrc processed 613526 events, duration: 180.114298873
sink processed 2072642 events, duration: 180.114298873
auctionsBySellerIDSrc_epoch processed 95110 events, duration: 180.114298873
auctionsBySellerIDSrc_ctrl processed 16 events, duration: 180.114298873
personsByIDSrc_ctrl processed 16 events, duration: 180.114298873
personsByIDSrc_epoch processed 100229 events, duration: 180.114298873

