parallel restore str: , false
env str: , async2ndPhase: false
env str: , create snapshot: false
2024/03/03 08:07:21 [INFO] Load configuration for function scale[40]
2024/03/03 08:07:21 [INFO] Load configuration for function chkptmngr[60]
2024/03/03 08:07:21 [INFO] Load configuration for function redisSetup[70]
2024/03/03 08:07:21 [INFO] Load configuration for function source[20]
2024/03/03 08:07:21 [INFO] Load configuration for function query1[30]
2024/03/03 08:07:21 [INFO] Parse FAAS_ENGINE_ID: 1
2024/03/03 08:07:21 [INFO] Start new FuncWorker with client id 5
Enter nexmark: funcName: chkptmngr
2024/03/03 08:07:21 [INFO] Handshake with engine done
redis address is [snapcache-1:6666 snapcache-2:6666 snapcache-3:6666 snapcache-4:6666]
ChkptMngrInput:
	SrcTopicName         : nexmark_src
	FinalOutputTopicNames: [q1_out]
	FinalNumOutPartitions: [4]
	BufMaxSize           : 131072
	SrcNumPart           : 4
	ChkptEveryMs: 100
	Guarantee            : ALIGN_CHKPT
	SerdeFormat          : MSGP
new buffered sink stream nexmark_src[0] with bufMaxSize 131072
new buffered sink stream nexmark_src[1] with bufMaxSize 131072
new buffered sink stream nexmark_src[2] with bufMaxSize 131072
new buffered sink stream nexmark_src[3] with bufMaxSize 131072
e2eChkptElapsed(ms) stats (200 samples): dur=22.652136283s, p50=9, p90=15, p99=51
e2eChkptElapsed(ms) stats (200 samples): dur=22.631479837s, p50=9, p90=15, p99=50
e2eChkptElapsed(ms) stats (200 samples): dur=22.702831952s, p50=9, p90=15, p99=49
e2eChkptElapsed(ms) stats (200 samples): dur=22.872974559s, p50=9, p90=16, p99=52
e2eChkptElapsed(ms) stats (200 samples): dur=22.752552906s, p50=9, p90=15, p99=47
e2eChkptElapsed(ms) stats (200 samples): dur=22.859812558s, p50=9, p90=15, p99=52
e2eChkptElapsed(ms) stats (200 samples): dur=22.701711721s, p50=9, p90=15, p99=52
e2eChkptElapsed(ms) (182 samples): dur=20.671449221s, data=[9 69 9 9 10 9 9 9 9 15 9 9 64 9 14 9 9 9 9 9 10 9 9 57 9 14 14 9 10 9 9 9 9 9 9 9 15 9 9 9 9 9 9 15 10 25 16 9 15 10 9 9 9 9 9 9 9 49 14 9 9 10 9 9 9 9 9 9 58 9 9 10 9 9 9 9 9 10 9 9 35 15 9 9 9 9 9 9 9 9 9 9 9 9 15 9 9 9 9 15 13 25 9 9 15 9 9 9 9 9 9 9 9 56 9 10 9 9 9 9 9 10 9 9 9 9 9 9 9 9 9 9 9 9 9 26 10 9 9 9 9 15 14 9 9 9 10 49 9 11 9 9 9 9 10 9 9 15 14 14 9 10 9 9 9 9 9 9 15 9 10 15 10 10 9 9 9 9 9 9 25 4]
