parallel restore str: , false
env str: , async2ndPhase: false
env str: , create snapshot: false
wait for last: true, sink max_buf_size: 131072
warmup: 0
encoded json is {"sg":{"nexmark_src":4,"q2_out":4,"query2":4,"source":4},"aid":"q2","fns":["source","query2"],"bufMaxSize":131072,"epoch":1,"serdeFormat":1,"bs":true}, node constraint is 1
config: map[NodeConstraint:"1,2,3,4" NumInstance:4 OutputTopicName:["nexmark_src"] funcName:"source"]
config: map[Final:true InputTopicNames:["nexmark_src"] NodeConstraint:"5,6,7,8" NumInstance:4 NumSrcProducer:[1] OutputTopicName:["q2_out"] funcName:"query2"]
srcInvokeConfig: &{FinalTpNames:[q2_out] TopicName:nexmark_src AppId:q2 NodeConstraint:1,2,3,4 AdditionalBytes:0 ScaleEpoch:0 NumOutPartition:4 InstanceID:0 NumSrcInstance:4}
cliNodes: [0xc00004ed80]
inParamsMap: map[query2:[0xc00012c8f0 0xc00012c9a0 0xc00012ca50 0xc00012cb00]]
configScaleInput: &{Config:map[nexmark_src:4 q2_out:4 query2:4 source:4] AppId:q2 FuncNames:[source query2] BufMaxSize:131072 ScaleEpoch:0 SerdeFormat:1 Bootstrap:false}
encoded json is {"outTpNames":["q2_out"]}, node constraint is 1
redis_setup url is http://ip-172-31-8-171.us-east-2.compute.internal:8080/function/redisSetup
encoded json is {"srcTpName":"nexmark_src","outTpNames":["q2_out"],"numOutParts":"BA==","chkptEveryMs":100,"bufMaxSize":131072,"srcNumPart":4,"gua":5,"serde_format":1}, node constraint is 1
chkptmngr url is http://ip-172-31-8-171.us-east-2.compute.internal:8080/function/chkptmngr
func source url is http://ip-172-31-8-171.us-east-2.compute.internal:8080/function/source
func source url is http://ip-172-31-8-171.us-east-2.compute.internal:8080/function/source
src instance: 4
func source url is http://ip-172-31-8-171.us-east-2.compute.internal:8080/function/source
func source url is http://ip-172-31-8-171.us-east-2.compute.internal:8080/function/source
encoded json is {"topic_name":"nexmark_src","rate_shape":"square","aid":"q2","events_num":57600000,"rate_period":10000000000,"finOutTpNs":["q2_out"],"first_event_rate":320000,"next_event_rate":320000,"bid_avg_size":100,"person_avg_size":200,"auction_avg_size":500,"duration":180,"person_proportion":1,"auction_proportion":3,"bid_proportion":46,"bid_hot_ratio_auctions":2,"bid_hot_ratio_bidders":4,"auction_hot_ratio_sellers":4,"flushms":10,"bufMaxSize":131072,"commEveryMs":100,"rate_limited":false,"waitEnd":true,"serde_format":1,"numOutPar":4,"parNum":3,"nSrcIns":4,"gua":5}, node constraint is 1,2,3,4
encoded json is {"topic_name":"nexmark_src","rate_shape":"square","aid":"q2","events_num":57600000,"rate_period":10000000000,"finOutTpNs":["q2_out"],"first_event_rate":320000,"next_event_rate":320000,"bid_avg_size":100,"person_avg_size":200,"auction_avg_size":500,"duration":180,"person_proportion":1,"auction_proportion":3,"bid_proportion":46,"bid_hot_ratio_auctions":2,"bid_hot_ratio_bidders":4,"auction_hot_ratio_sellers":4,"flushms":10,"bufMaxSize":131072,"commEveryMs":100,"rate_limited":false,"waitEnd":true,"serde_format":1,"numOutPar":4,"parNum":1,"nSrcIns":4,"gua":5}, node constraint is 1,2,3,4
encoded json is {"topic_name":"nexmark_src","rate_shape":"square","aid":"q2","events_num":57600000,"rate_period":10000000000,"finOutTpNs":["q2_out"],"first_event_rate":320000,"next_event_rate":320000,"bid_avg_size":100,"person_avg_size":200,"auction_avg_size":500,"duration":180,"person_proportion":1,"auction_proportion":3,"bid_proportion":46,"bid_hot_ratio_auctions":2,"bid_hot_ratio_bidders":4,"auction_hot_ratio_sellers":4,"flushms":10,"bufMaxSize":131072,"commEveryMs":100,"rate_limited":false,"waitEnd":true,"serde_format":1,"numOutPar":4,"parNum":2,"nSrcIns":4,"gua":5}, node constraint is 1,2,3,4
encoded json is {"topic_name":"nexmark_src","rate_shape":"square","aid":"q2","events_num":57600000,"rate_period":10000000000,"finOutTpNs":["q2_out"],"first_event_rate":320000,"next_event_rate":320000,"bid_avg_size":100,"person_avg_size":200,"auction_avg_size":500,"duration":180,"person_proportion":1,"auction_proportion":3,"bid_proportion":46,"bid_hot_ratio_auctions":2,"bid_hot_ratio_bidders":4,"auction_hot_ratio_sellers":4,"flushms":10,"bufMaxSize":131072,"commEveryMs":100,"rate_limited":false,"waitEnd":true,"serde_format":1,"numOutPar":4,"nSrcIns":4,"gua":5}, node constraint is 1,2,3,4
Waiting for all client to return
func name is query2
func url is http://ip-172-31-8-171.us-east-2.compute.internal:8080/function/query2
func name is query2
func url is http://ip-172-31-8-171.us-east-2.compute.internal:8080/function/query2
func name is query2
func url is http://ip-172-31-8-171.us-east-2.compute.internal:8080/function/query2
func name is query2
func url is http://ip-172-31-8-171.us-east-2.compute.internal:8080/function/query2
encoded json is {"aid":"q2","gateway":"ip-172-31-8-171.us-east-2.compute.internal:8080","numOutPartition":"BA==","numSubstreamProducer":"AQ==","outputTopicName":["q2_out"],"inputTopicName":["nexmark_src"],"commEveryMs":100,"flushMs":100,"duration":180,"bufMaxSize":131072,"epoch":1,"waitEnd":true,"numInPartition":4,"ParNum":3,"gua":5,"serdeFormat":1}, node constraint is 5,6,7,8
encoded json is {"aid":"q2","gateway":"ip-172-31-8-171.us-east-2.compute.internal:8080","numOutPartition":"BA==","numSubstreamProducer":"AQ==","outputTopicName":["q2_out"],"inputTopicName":["nexmark_src"],"commEveryMs":100,"flushMs":100,"duration":180,"bufMaxSize":131072,"epoch":1,"waitEnd":true,"numInPartition":4,"gua":5,"serdeFormat":1}, node constraint is 5,6,7,8
encoded json is {"aid":"q2","gateway":"ip-172-31-8-171.us-east-2.compute.internal:8080","numOutPartition":"BA==","numSubstreamProducer":"AQ==","outputTopicName":["q2_out"],"inputTopicName":["nexmark_src"],"commEveryMs":100,"flushMs":100,"duration":180,"bufMaxSize":131072,"epoch":1,"waitEnd":true,"numInPartition":4,"ParNum":2,"gua":5,"serdeFormat":1}, node constraint is 5,6,7,8
encoded json is {"aid":"q2","gateway":"ip-172-31-8-171.us-east-2.compute.internal:8080","numOutPartition":"BA==","numSubstreamProducer":"AQ==","outputTopicName":["q2_out"],"inputTopicName":["nexmark_src"],"commEveryMs":100,"flushMs":100,"duration":180,"bufMaxSize":131072,"epoch":1,"waitEnd":true,"numInPartition":4,"ParNum":1,"gua":5,"serdeFormat":1}, node constraint is 5,6,7,8
source-1 invoke done
source-3 invoke done
source-0 invoke done
source-2 invoke done
query2-3 call done
query2-0 call done
query2-1 call done
query2-2 call done
sink processed: 14400002, throughput: (event/s) 79971.58415190082
sink_ctrl processed: 2, throughput: (event/s) 0.011107162922880264
source-0 duration: 180.063983385

sink processed: 14400002, throughput: (event/s) 79972.24242534739
sink_ctrl processed: 2, throughput: (event/s) 0.011107254349735144
source-1 duration: 180.062501229

sink processed: 14399990, throughput: (event/s) 79971.89775831315
sink_ctrl processed: 2, throughput: (event/s) 0.011107215735332198
source-2 duration: 180.063127219

sink processed: 14400002, throughput: (event/s) 79971.82048636407
sink_ctrl processed: 2, throughput: (event/s) 0.011107195747106712
source-3 duration: 180.063451256

sink processed 57599996 events, duration: 180.063983385, tp: 319886.269965
sink_ctrl processed 8 events, duration: 180.063983385, tp: 0.044429

eventTimeLatency_sink, p50: 8 ms, p90: 11 ms, p99: 36 ms
sink processed: 108733, throughput: (event/s) 603.8405470617074
nexmark_src_src processed: 14401543, throughput: (event/s) 79977.88715157958
nexmark_src_src_ctrl processed: 1543, throughput: (event/s) 8.56893458394613
nexmark_src_src_data processed: 14400000, throughput: (event/s) 79969.31821699563
nexmark_src_src_epoch processed: 0, throughput: (event/s) 0
nexmark_src_src_logEntry processed: 36198, throughput: (event/s) 201.02287366797276
query2-0 duration: 180.069060498

eventTimeLatency_sink, p50: 8 ms, p90: 11 ms, p99: 28 ms
nexmark_src_src processed: 14401543, throughput: (event/s) 79979.67870972744
nexmark_src_src_ctrl processed: 1543, throughput: (event/s) 8.56912653381026
nexmark_src_src_data processed: 14400000, throughput: (event/s) 79971.10958319363
nexmark_src_src_epoch processed: 0, throughput: (event/s) 0
nexmark_src_src_logEntry processed: 38385, throughput: (event/s) 213.1729889827005
sink processed: 108704, throughput: (event/s) 603.6930205646861
query2-1 duration: 180.065026921

eventTimeLatency_sink, p50: 8 ms, p90: 11 ms, p99: 36 ms
nexmark_src_src_logEntry processed: 36815, throughput: (event/s) 204.45161041164076
sink processed: 109002, throughput: (event/s) 605.3411500228077
nexmark_src_src processed: 14401531, throughput: (event/s) 79978.70991017703
nexmark_src_src_ctrl processed: 1543, throughput: (event/s) 8.569029875462766
nexmark_src_src_data processed: 14399988, throughput: (event/s) 79970.14088030157
nexmark_src_src_epoch processed: 0, throughput: (event/s) 0
query2-2 duration: 180.067058048

eventTimeLatency_sink, p50: 8 ms, p90: 12 ms, p99: 36 ms
nexmark_src_src_logEntry processed: 35799, throughput: (event/s) 198.80815646436625
sink processed: 108526, throughput: (event/s) 602.6943207478369
nexmark_src_src processed: 14401543, throughput: (event/s) 79978.3293966954
nexmark_src_src_ctrl processed: 1543, throughput: (event/s) 8.568981966661559
nexmark_src_src_data processed: 14400000, throughput: (event/s) 79969.76041472873
nexmark_src_src_epoch processed: 0, throughput: (event/s) 0
query2-3 duration: 180.068064795

nexmark_src_src processed 57606160 events, duration: 180.069060498
nexmark_src_src_ctrl processed 6172 events, duration: 180.069060498
nexmark_src_src_data processed 57599988 events, duration: 180.069060498
nexmark_src_src_epoch processed 0 events, duration: 180.069060498
nexmark_src_src_logEntry processed 147197 events, duration: 180.069060498
sink processed 434965 events, duration: 180.069060498

