parallel restore str: , false
env str: , async2ndPhase: false
env str: , create snapshot: false
2024/03/03 20:30:43 [INFO] Load configuration for function scale[40]
2024/03/03 20:30:43 [INFO] Load configuration for function chkptmngr[60]
2024/03/03 20:30:43 [INFO] Load configuration for function redisSetup[70]
2024/03/03 20:30:43 [INFO] Load configuration for function source[20]
2024/03/03 20:30:43 [INFO] Load configuration for function query1[30]
2024/03/03 20:30:43 [INFO] Parse FAAS_ENGINE_ID: 6
2024/03/03 20:30:43 [INFO] Parse FAAS_ENGINE_ID: 6
2024/03/03 20:30:43 [INFO] Current GOMAXPROCS is 2
2024/03/03 20:30:43 [INFO] Parse FAAS_ENGINE_ID: 6
2024/03/03 20:30:43 [INFO] Start new FuncWorker with client id 1
2024/03/03 20:30:43 [INFO] Start new FuncWorker with client id 2
2024/03/03 20:30:43 [INFO] Current GOMAXPROCS is 3
2024/03/03 20:30:43 [INFO] Parse FAAS_ENGINE_ID: 6
2024/03/03 20:30:43 [INFO] Current GOMAXPROCS is 4
2024/03/03 20:30:43 [INFO] Start new FuncWorker with client id 3
2024/03/03 20:30:43 [INFO] Start new FuncWorker with client id 4
Enter nexmark: funcName: query1
Enter nexmark: funcName: query1
2024/03/03 20:30:43 [INFO] Handshake with engine done
2024/03/03 20:30:43 [INFO] Handshake with engine done
Enter nexmark: funcName: query1
2024/03/03 20:30:43 [INFO] Handshake with engine done
Enter nexmark: funcName: query1
2024/03/03 20:30:43 [INFO] Handshake with engine done
new buffered sink stream nexmark_src[0] with bufMaxSize 131072
new buffered sink stream nexmark_src[1] with bufMaxSize 131072
new buffered sink stream nexmark_src[2] with bufMaxSize 131072
new buffered sink stream nexmark_src[3] with bufMaxSize 131072
new buffered sink stream q1_out[0] with bufMaxSize 131072
new buffered sink stream q1_out[1] with bufMaxSize 131072
new buffered sink stream q1_out[2] with bufMaxSize 131072
new buffered sink stream q1_out[3] with bufMaxSize 131072
nexmark_src notEnded: map[2:{}], notScaleFence: map[2:{}]
redis address is [snapcache-1:6666 snapcache-2:6666 snapcache-3:6666 snapcache-4:6666]
new buffered sink stream __control_log_q1[0] with bufMaxSize 131072
new buffered sink stream __control_log_q1[0] with bufMaxSize 131072
[0] finished prev task source, funcName query1, meta epoch 0, current epoch 1, cmm instance 2, remain instances: map[]
[1] finished prev task source, funcName query1, meta epoch 0, current epoch 1, cmm instance 2, remain instances: map[]
[2] finished prev task source, funcName query1, meta epoch 0, current epoch 1, cmm instance 2, remain instances: map[]
[3] finished prev task source, funcName query1, meta epoch 0, current epoch 1, cmm instance 2, remain instances: map[]
[0] finished prev task query1, funcName query1, meta epoch 0, current epoch 1, cmm instance 2, remain instances: map[]
[2] prodId: ProducerId: {TaskId: 0x1800300000001, TaskEpoch: 0x1}, warmup time: 0s, flush every: 100ms, waitEndMark: true
nexmark_src_src counter: dur=10.011673063s, value=40642, rate=4059.461365173826 per second
q1_out_sink counter: dur=10.009207398s, value=37261, rate=3722.6723873705873 per second
q1_out_sink stats (37261 samples): dur=10.009273646s, p50=0, p90=0, p99=0
q1_out_bufEntry_2 stats (200 samples): dur=11.168713233s, p50=209, p90=341, p99=384
q1_out_bufSize_2 stats (200 samples): dur=11.168759317s, p50=53173, p90=87105, p99=98020
nexmark_src_src counter: dur=10.006766501s, value=80761, rate=4009.1871830916425 per second
q1_out_sink counter: dur=10.006771061s, value=74090, rate=3680.4079733107824 per second
q1_out_sink stats (36829 samples): dur=10.006775774s, p50=0, p90=0, p99=0
WaitAlignTime_0(ms) stats (200 samples): dur=22.035332706s, p50=0, p90=0, p99=0
createChkpt_2(ms) stats (200 samples): dur=22.032399139s, p50=1, p90=1, p99=7
q1_out_bufEntry_2 stats (200 samples): dur=11.090697311s, p50=209, p90=340, p99=380
q1_out_bufSize_2 stats (200 samples): dur=11.090669003s, p50=53336, p90=86642, p99=97253
nexmark_src_src counter: dur=10.005499018s, value=120871, rate=4008.7955561078643 per second
q1_out_sink counter: dur=10.005491984s, value=110910, rate=3679.978961442342 per second
q1_out_sink stats (36820 samples): dur=10.005485956s, p50=0, p90=0, p99=0
q1_out_bufEntry_2 stats (200 samples): dur=11.194131428s, p50=208, p90=340, p99=384
q1_out_bufSize_2 stats (200 samples): dur=11.194134058s, p50=53042, p90=86532, p99=97391
nexmark_src_src counter: dur=10.007115955s, value=160989, rate=4008.9472511763256 per second
q1_out_sink counter: dur=10.007115814s, value=147738, rate=3680.181251472823 per second
q1_out_sink stats (36828 samples): dur=10.007117228s, p50=0, p90=0, p99=0
WaitAlignTime_0(ms) stats (200 samples): dur=22.197036361s, p50=0, p90=0, p99=0
createChkpt_2(ms) stats (200 samples): dur=22.196949161s, p50=1, p90=1, p99=23
q1_out_bufEntry_2 stats (200 samples): dur=11.021665061s, p50=208, p90=340, p99=380
q1_out_bufSize_2 stats (200 samples): dur=11.021660891s, p50=52905, p90=86354, p99=96819
nexmark_src_src counter: dur=10.010479176s, value=201119, rate=4008.799108858962 per second
q1_out_sink counter: dur=10.010484139s, value=184574, rate=3679.7421072263683 per second
q1_out_sink stats (36836 samples): dur=10.010488707s, p50=0, p90=0, p99=0
q1_out_bufEntry_2 stats (200 samples): dur=11.300191765s, p50=208, p90=340, p99=388
q1_out_bufSize_2 stats (200 samples): dur=11.300195191s, p50=53244, p90=86895, p99=98172
nexmark_src_src counter: dur=10.001478366s, value=241217, rate=4009.2072924251925 per second
q1_out_sink counter: dur=10.001514704s, value=221382, rate=3680.242552188523 per second
q1_out_sink stats (36808 samples): dur=10.001518481s, p50=0, p90=0, p99=0
WaitAlignTime_0(ms) stats (200 samples): dur=22.211343713s, p50=0, p90=0, p99=0
createChkpt_2(ms) stats (200 samples): dur=22.211562664s, p50=1, p90=1, p99=20
q1_out_bufEntry_2 stats (200 samples): dur=11.33297639s, p50=212, p90=340, p99=388
q1_out_bufSize_2 stats (200 samples): dur=11.33297502s, p50=53610, p90=86596, p99=98177
nexmark_src_src counter: dur=10.010195631s, value=281351, rate=4009.3122531702898 per second
q1_out_sink counter: dur=10.010154915s, value=258218, rate=3679.863130270048 per second
q1_out_sink stats (36836 samples): dur=10.010146667s, p50=0, p90=0, p99=0
q1_out_bufEntry_2 stats (200 samples): dur=11.066423358s, p50=208, p90=340, p99=380
q1_out_bufSize_2 stats (200 samples): dur=11.066425517s, p50=53214, p90=86059, p99=97932
nexmark_src_src counter: dur=10.010620922s, value=321482, rate=4008.8422399259443 per second
q1_out_sink counter: dur=10.01061941s, value=295058, rate=3680.0919594644743 per second
q1_out_sink stats (36840 samples): dur=10.010618968s, p50=0, p90=0, p99=0
WaitAlignTime_0(ms) stats (200 samples): dur=22.114050665s, p50=0, p90=0, p99=0
createChkpt_2(ms) stats (200 samples): dur=22.113893367s, p50=1, p90=1, p99=20
q1_out_bufEntry_2 stats (200 samples): dur=11.100868087s, p50=208, p90=340, p99=380
q1_out_bufSize_2 stats (200 samples): dur=11.100867839s, p50=52831, p90=86189, p99=97615
nexmark_src_src counter: dur=10.001490477s, value=361576, rate=4008.8024972080366 per second
q1_out_sink counter: dur=10.001490383s, value=331862, rate=3679.8515611790694 per second
q1_out_sink stats (36804 samples): dur=10.001491456s, p50=0, p90=0, p99=0
nexmark_src_src counter: dur=10.005933695s, value=401695, rate=4009.5208726045835 per second
q1_out_sink counter: dur=10.005937323s, value=368686, rate=3680.214937520652 per second
q1_out_sink stats (36824 samples): dur=10.005934943s, p50=0, p90=0, p99=0
q1_out_bufEntry_2 stats (200 samples): dur=10.998477332s, p50=208, p90=336, p99=380
q1_out_bufSize_2 stats (200 samples): dur=10.998476139s, p50=52438, p90=85178, p99=96534
nexmark_src_src counter: dur=10.00055758s, value=441785, rate=4008.7764786411035 per second
q1_out_sink counter: dur=10.000558267s, value=405490, rate=3680.1945468830895 per second
q1_out_sink stats (36804 samples): dur=10.000560891s, p50=0, p90=0, p99=0
WaitAlignTime_0(ms) stats (200 samples): dur=22.09309933s, p50=0, p90=0, p99=0
createChkpt_2(ms) stats (200 samples): dur=22.093165522s, p50=1, p90=1, p99=7
q1_out_bufEntry_2 stats (200 samples): dur=11.152251173s, p50=208, p90=340, p99=384
q1_out_bufSize_2 stats (200 samples): dur=11.152253658s, p50=52755, p90=85834, p99=98155
nexmark_src_src counter: dur=10.001134126s, value=481836, rate=4004.6458227051676 per second
q1_out_sink counter: dur=10.004108924s, value=442291, rate=3678.5884959442888 per second
q1_out_sink stats (36801 samples): dur=10.004110124s, p50=0, p90=0, p99=0
q1_out_bufEntry_2 stats (200 samples): dur=11.295332448s, p50=208, p90=344, p99=380
q1_out_bufSize_2 stats (200 samples): dur=11.295330983s, p50=52801, p90=87388, p99=96775
nexmark_src_src counter: dur=10.007083141s, value=521989, rate=4012.4579194799753 per second
q1_out_sink counter: dur=10.004105986s, value=479110, rate=3680.3888374958683 per second
q1_out_sink stats (36819 samples): dur=10.00410586s, p50=0, p90=0, p99=0
WaitAlignTime_0(ms) stats (200 samples): dur=22.198608142s, p50=0, p90=0, p99=0
createChkpt_2(ms) stats (200 samples): dur=22.19869071s, p50=1, p90=2, p99=6
q1_out_bufEntry_2 stats (200 samples): dur=11.236121869s, p50=212, p90=340, p99=388
q1_out_bufSize_2 stats (200 samples): dur=11.236121621s, p50=53764, p90=86700, p99=98804
nexmark_src_src counter: dur=10.007465047s, value=562115, rate=4009.606809671428 per second
q1_out_sink counter: dur=10.007470584s, value=515938, rate=3680.0507871470354 per second
q1_out_sink stats (36828 samples): dur=10.007468354s, p50=0, p90=0, p99=0
q1_out_bufEntry_2 stats (200 samples): dur=11.10466641s, p50=212, p90=344, p99=388
q1_out_bufSize_2 stats (200 samples): dur=11.104667346s, p50=53807, p90=87144, p99=98619
nexmark_src_src counter: dur=10.010833805s, value=602253, rate=4009.4562333012377 per second
q1_out_sink counter: dur=10.010831726s, value=552783, rate=3680.5133687650205 per second
q1_out_sink stats (36845 samples): dur=10.010845874s, p50=0, p90=0, p99=0
WaitAlignTime_0(ms) stats (200 samples): dur=22.249691244s, p50=0, p90=0, p99=0
createChkpt_2(ms) stats (200 samples): dur=22.249535796s, p50=1, p90=1, p99=33
q1_out_bufEntry_2 stats (200 samples): dur=11.311307361s, p50=212, p90=344, p99=424
q1_out_bufSize_2 stats (200 samples): dur=11.311307434s, p50=53874, p90=87776, p99=107824
q1_out_sink counter: dur=10.000000708s, value=589616, rate=3683.2997392223783 per second
nexmark_src_src counter: dur=10.011522422s, value=642388, rate=4008.880798369349 per second
q1_out_sink stats (36843 samples): dur=10.011496394s, p50=0, p90=0, p99=0
q1_out_bufEntry_2 stats (200 samples): dur=11.318545494s, p50=212, p90=341, p99=384
q1_out_bufSize_2 stats (200 samples): dur=11.318546255s, p50=53910, p90=87323, p99=97817
q1_out_sink counter: dur=10.001172345s, value=626386, rate=3676.568979273999 per second
nexmark_src_src counter: dur=10.002368356s, value=682485, rate=4008.750585149916 per second
q1_out_sink stats (36804 samples): dur=10.002367774s, p50=0, p90=0, p99=0
WaitAlignTime_0(ms) stats (200 samples): dur=22.187324246s, p50=0, p90=0, p99=0
createChkpt_2(ms) stats (200 samples): dur=22.187472626s, p50=1, p90=1, p99=26
q1_out_bufEntry_2 stats (200 samples): dur=11.182236526s, p50=208, p90=340, p99=384
q1_out_bufSize_2 stats (200 samples): dur=11.182233787s, p50=53193, p90=86686, p99=97332
2 producer ended, map[] remain
exit due to ctrlMsg
createChkpt_2(ms) (24 samples): dur=2.655934649s, data=[1 1 1 1 1 1 1 1 1 1 1 1 1 14 1 1 1 1 1 1 1 1 1 1]
[2]duration: 180.082699 s, uts: 1709498149486
WaitAlignTime_0(ms) (24 samples): dur=2.660230924s, data=[0 0 0 0 0 0 0 0 0 0 0 0 0 0 0 0 0 0 0 0 0 0 0 0]
nexmark_src_src msgCnt 721625, ctrlCnt 1625, epochCnt 0, logEntry 15675
sink msgCnt 662400, ctrlCnt 1625
