parallel restore str: , false
env str: , async2ndPhase: false
env str: , create snapshot: false
2024/03/03 22:00:00 [INFO] Load configuration for function scale[40]
2024/03/03 22:00:00 [INFO] Load configuration for function chkptmngr[50]
2024/03/03 22:00:00 [INFO] Load configuration for function redisSetup[70]
2024/03/03 22:00:00 [INFO] Load configuration for function source[20]
2024/03/03 22:00:00 [INFO] Load configuration for function query2[30]
2024/03/03 22:00:00 [INFO] Parse FAAS_ENGINE_ID: 8
2024/03/03 22:00:00 [INFO] Parse FAAS_ENGINE_ID: 8
2024/03/03 22:00:00 [INFO] Current GOMAXPROCS is 2
2024/03/03 22:00:00 [INFO] Parse FAAS_ENGINE_ID: 8
2024/03/03 22:00:00 [INFO] Current GOMAXPROCS is 3
2024/03/03 22:00:00 [INFO] Parse FAAS_ENGINE_ID: 8
2024/03/03 22:00:00 [INFO] Start new FuncWorker with client id 1
2024/03/03 22:00:00 [INFO] Current GOMAXPROCS is 4
2024/03/03 22:00:00 [INFO] Start new FuncWorker with client id 2
2024/03/03 22:00:00 [INFO] Start new FuncWorker with client id 4
2024/03/03 22:00:00 [INFO] Start new FuncWorker with client id 3
Enter nexmark: funcName: query2
2024/03/03 22:00:00 [INFO] Handshake with engine done
Enter nexmark: funcName: query2
Enter nexmark: funcName: query2
2024/03/03 22:00:00 [INFO] Handshake with engine done
2024/03/03 22:00:00 [INFO] Handshake with engine done
Enter nexmark: funcName: query2
2024/03/03 22:00:00 [INFO] Handshake with engine done
new buffered sink stream nexmark_src[0] with bufMaxSize 131072
new buffered sink stream nexmark_src[1] with bufMaxSize 131072
new buffered sink stream nexmark_src[2] with bufMaxSize 131072
new buffered sink stream nexmark_src[3] with bufMaxSize 131072
new buffered sink stream q2_out[0] with bufMaxSize 131072
new buffered sink stream q2_out[1] with bufMaxSize 131072
new buffered sink stream q2_out[2] with bufMaxSize 131072
new buffered sink stream q2_out[3] with bufMaxSize 131072
nexmark_src notEnded: map[1:{}], notScaleFence: map[1:{}]
redis address is [snapcache-1:6666 snapcache-2:6666 snapcache-3:6666 snapcache-4:6666]
new buffered sink stream __control_log_q2[0] with bufMaxSize 131072
new buffered sink stream __control_log_q2[0] with bufMaxSize 131072
[0] finished prev task source, funcName query2, meta epoch 0, current epoch 1, cmm instance 1, remain instances: map[]
[1] finished prev task source, funcName query2, meta epoch 0, current epoch 1, cmm instance 1, remain instances: map[]
[2] finished prev task source, funcName query2, meta epoch 0, current epoch 1, cmm instance 1, remain instances: map[]
[3] finished prev task source, funcName query2, meta epoch 0, current epoch 1, cmm instance 1, remain instances: map[]
[0] finished prev task query2, funcName query2, meta epoch 0, current epoch 1, cmm instance 1, remain instances: map[]
[1] prodId: ProducerId: {TaskId: 0x2000300000001, TaskEpoch: 0x1}, warmup time: 0s, flush every: 100ms, waitEndMark: true
nexmark_src_src counter: dur=10.002014873s, value=883123, rate=88294.50977762009 per second
q2_out_sink counter: dur=10.001716602s, value=6459, rate=645.7891437064335 per second
q2_out_sink stats (6459 samples): dur=10.001742436s, p50=0, p90=0, p99=1
q2_out_bufEntry_1 stats (200 samples): dur=12.876378875s, p50=22, p90=42, p99=516
q2_out_bufSize_1 stats (200 samples): dur=12.876401824s, p50=5716, p90=10591, p99=130959
nexmark_src_src counter: dur=10.002370095s, value=1762792, rate=87946.05594925249 per second
q2_out_sink counter: dur=10.006497674s, value=12817, rate=635.3871461460552 per second
q2_out_sink stats (6358 samples): dur=10.006496059s, p50=0, p90=0, p99=1
q2_out_bufEntry_1 stats (200 samples): dur=12.824591877s, p50=22, p90=43, p99=513
q2_out_bufSize_1 stats (200 samples): dur=12.824593178s, p50=5608, p90=11280, p99=130922
WaitAlignTime_0(ms) stats (200 samples): dur=28.256859151s, p50=0, p90=0, p99=0
createChkpt_1(ms) stats (200 samples): dur=28.254109893s, p50=1, p90=52, p99=96
nexmark_src_src counter: dur=10.004387327s, value=2642998, rate=87981.99941984314 per second
q2_out_sink counter: dur=10.000245139s, value=19353, rate=653.5839781077191 per second
q2_out_sink stats (6536 samples): dur=10.000238958s, p50=0, p90=0, p99=1
q2_out_bufEntry_1 stats (200 samples): dur=11.582864104s, p50=20, p90=39, p99=511
q2_out_bufSize_1 stats (200 samples): dur=11.582860746s, p50=5086, p90=9789, p99=130963
nexmark_src_src counter: dur=10.001586443s, value=3523321, rate=88018.33639263581 per second
q2_out_sink counter: dur=10.011945945s, value=26469, rate=710.7509408352083 per second
q2_out_sink stats (7116 samples): dur=10.011952725s, p50=0, p90=0, p99=1
q2_out_bufEntry_1 stats (200 samples): dur=11.516507423s, p50=19, p90=36, p99=508
q2_out_bufSize_1 stats (200 samples): dur=11.516506506s, p50=4756, p90=9387, p99=130964
nexmark_src_src counter: dur=10.001934296s, value=4404303, rate=88081.16249597087 per second
q2_out_sink counter: dur=10.007858469s, value=32816, rate=634.2016146271702 per second
q2_out_sink stats (6347 samples): dur=10.007858255s, p50=0, p90=0, p99=1
WaitAlignTime_0(ms) stats (200 samples): dur=25.586169819s, p50=0, p90=0, p99=0
createChkpt_1(ms) stats (200 samples): dur=25.586448863s, p50=1, p90=25, p99=74
nexmark_src_src counter: dur=10.001591917s, value=5284580, rate=88013.68895123257 per second
q2_out_sink counter: dur=10.020750185s, value=39260, rate=643.0656269274115 per second
q2_out_sink stats (6444 samples): dur=10.020769627s, p50=0, p90=0, p99=1
q2_out_bufEntry_1 stats (200 samples): dur=11.90132228s, p50=20, p90=40, p99=507
q2_out_bufSize_1 stats (200 samples): dur=11.901324686s, p50=5045, p90=10227, p99=130822
nexmark_src_src counter: dur=10.001239258s, value=6164729, rate=88003.99403463607 per second
q2_out_sink counter: dur=10.005338132s, value=46440, rate=717.6169266120311 per second
q2_out_sink stats (7180 samples): dur=10.005322419s, p50=0, p90=0, p99=1
q2_out_bufEntry_1 stats (200 samples): dur=11.780263991s, p50=20, p90=38, p99=508
q2_out_bufSize_1 stats (200 samples): dur=11.780293818s, p50=5245, p90=9895, p99=130871
WaitAlignTime_0(ms) stats (200 samples): dur=25.388125434s, p50=0, p90=0, p99=0
createChkpt_1(ms) stats (200 samples): dur=25.388056492s, p50=1, p90=28, p99=63
nexmark_src_src counter: dur=10.000191806s, value=7044890, rate=88014.41183077244 per second
q2_out_sink counter: dur=10.011253177s, value=52804, rate=635.6846528085762 per second
q2_out_sink stats (6364 samples): dur=10.011253221s, p50=0, p90=0, p99=1
q2_out_bufEntry_1 stats (200 samples): dur=11.625056068s, p50=20, p90=38, p99=508
q2_out_bufSize_1 stats (200 samples): dur=11.625024039s, p50=5160, p90=9918, p99=130877
nexmark_src_src counter: dur=10.00477167s, value=7925363, rate=88005.30677178362 per second
q2_out_sink counter: dur=10.013261442s, value=59211, rate=639.8514646912382 per second
q2_out_sink stats (6407 samples): dur=10.01326177s, p50=0, p90=0, p99=1
q2_out_bufEntry_1 stats (200 samples): dur=11.548226461s, p50=19, p90=40, p99=508
q2_out_bufSize_1 stats (200 samples): dur=11.54822682s, p50=4971, p90=10339, p99=130997
nexmark_src_src counter: dur=10.004357394s, value=8805848, rate=88010.15050982294 per second
q2_out_sink counter: dur=10.000136542s, value=66479, rate=726.7900762629407 per second
q2_out_sink stats (7268 samples): dur=10.000143432s, p50=0, p90=0, p99=1
WaitAlignTime_0(ms) stats (200 samples): dur=24.765253585s, p50=0, p90=0, p99=0
createChkpt_1(ms) stats (200 samples): dur=24.765242725s, p50=1, p90=22, p99=50
q2_out_bufEntry_1 stats (200 samples): dur=11.246242285s, p50=21, p90=38, p99=508
q2_out_bufSize_1 stats (200 samples): dur=11.246243991s, p50=5357, p90=9843, p99=130960
nexmark_src_src counter: dur=10.004579365s, value=9686228, rate=87997.70264004498 per second
q2_out_sink counter: dur=10.009329377s, value=72924, rate=643.8992820847402 per second
q2_out_sink stats (6445 samples): dur=10.00932268s, p50=0, p90=0, p99=1
q2_out_bufEntry_1 stats (200 samples): dur=11.356034242s, p50=18, p90=37, p99=509
q2_out_bufSize_1 stats (200 samples): dur=11.356032549s, p50=4661, p90=9670, p99=130846
nexmark_src_src counter: dur=10.001570235s, value=10566514, rate=88014.7796112537 per second
q2_out_sink counter: dur=10.052250866s, value=79254, rate=629.7097122207854 per second
q2_out_sink stats (6330 samples): dur=10.052257161s, p50=0, p90=0, p99=1
WaitAlignTime_0(ms) stats (200 samples): dur=24.269100092s, p50=0, p90=0, p99=0
createChkpt_1(ms) stats (200 samples): dur=24.269412138s, p50=1, p90=18, p99=54
nexmark_src_src counter: dur=10.003404094s, value=11446913, rate=88009.94058893008 per second
q2_out_bufEntry_1 stats (200 samples): dur=11.743652213s, p50=20, p90=41, p99=508
q2_out_bufSize_1 stats (200 samples): dur=11.743651751s, p50=5266, p90=10587, p99=130932
q2_out_sink counter: dur=10.005354735s, value=85835, rate=657.7477934869044 per second
q2_out_sink stats (6581 samples): dur=10.005349488s, p50=0, p90=0, p99=1
nexmark_src_src counter: dur=10.000040355s, value=12325699, rate=87878.24536734083 per second
q2_out_sink counter: dur=10.012675866s, value=93079, rate=723.4829227418036 per second
q2_out_sink stats (7244 samples): dur=10.012681977s, p50=0, p90=0, p99=1
q2_out_bufEntry_1 stats (200 samples): dur=11.598329186s, p50=20, p90=39, p99=509
q2_out_bufSize_1 stats (200 samples): dur=11.598329645s, p50=5091, p90=10156, p99=130900
nexmark_src_src counter: dur=10.002692024s, value=13207273, rate=88133.67420338363 per second
q2_out_sink counter: dur=10.001091116s, value=99434, rate=635.430667143219 per second
q2_out_sink stats (6355 samples): dur=10.001085373s, p50=0, p90=0, p99=1
WaitAlignTime_0(ms) stats (200 samples): dur=23.945702123s, p50=0, p90=0, p99=0
createChkpt_1(ms) stats (200 samples): dur=23.973777098s, p50=1, p90=16, p99=50
q2_out_bufEntry_1 stats (200 samples): dur=11.299830692s, p50=19, p90=37, p99=509
q2_out_bufSize_1 stats (200 samples): dur=11.299832667s, p50=4869, p90=9394, p99=130845
nexmark_src_src counter: dur=10.001516127s, value=14087485, rate=88007.85689119551 per second
q2_out_sink counter: dur=10.00710718s, value=105818, rate=637.9465998684346 per second
q2_out_sink stats (6384 samples): dur=10.007105498s, p50=0, p90=0, p99=1
q2_out_bufEntry_1 stats (200 samples): dur=11.30089002s, p50=18, p90=35, p99=508
q2_out_bufSize_1 stats (200 samples): dur=11.300891486s, p50=4695, p90=9130, p99=130912
nexmark_src_src counter: dur=10.003217312s, value=14967950, rate=88018.18180474614 per second
q2_out_sink counter: dur=10.017014869s, value=113004, rate=717.3793883683612 per second
q2_out_sink stats (7186 samples): dur=10.017023442s, p50=0, p90=0, p99=1
q2_out_bufEntry_1 stats (200 samples): dur=12.000708577s, p50=21, p90=41, p99=508
q2_out_bufSize_1 stats (200 samples): dur=12.000709418s, p50=5407, p90=10304, p99=130855
WaitAlignTime_0(ms) stats (200 samples): dur=24.571263631s, p50=0, p90=0, p99=0
createChkpt_1(ms) stats (200 samples): dur=24.579726724s, p50=1, p90=22, p99=58
1 producer ended, map[] remain
exit due to ctrlMsg
createChkpt_1(ms) (25 samples): dur=3.085941824s, data=[5 1 1 1 1 1 39 1 1 1 1 7 4 59 1 2 1 1 1 1 61 1 1 1 1]
[1]duration: 180.015286 s, uts: 1709503506345
WaitAlignTime_0(ms) (25 samples): dur=3.127056707s, data=[0 0 0 0 0 0 0 0 0 0 0 0 0 0 0 0 0 0 0 0 0 0 0 0 0]
nexmark_src_src msgCnt 15841426, ctrlCnt 1426, epochCnt 0, logEntry 43305
sink msgCnt 119265, ctrlCnt 1426
