wait for last: true
warmup: 0
config: map[NodeConstraint:"1,2,3,4" NumInstance:4 OutputTopicName:["nexmark_src"] funcName:"source"]
config: map[InputTopicNames:["nexmark_src"] NodeConstraint:"5,6,7,8" NumInstance:4 NumSrcProducer:[1] OutputTopicName:["bids"] funcName:"q5bidkeyedbyauction"]
config: map[InputTopicNames:["bids"] NodeConstraint:"5,6,7,8" NumInstance:4 NumSrcProducer:[4] OutputTopicName:["aucBids"] funcName:"q5aucbids"]
config: map[InputTopicNames:["aucBids"] NodeConstraint:"5,6,7,8" NumInstance:4 NumSrcProducer:[4] OutputTopicName:["q5_out"] funcName:"q5maxbid"]
srcInvokeConfig: {TopicName:nexmark_src AppId:q5 NodeConstraint:1,2,3,4 ScaleEpoch:0 NumOutPartition:4 InstanceID:0 NumSrcInstance:4}
cliNodes: [0xc000026200 0xc000026240 0xc000026280]
inParamsMap: map[q5aucbids:[0xc000000f00 0xc000000fa0 0xc000001040 0xc0000010e0] q5bidkeyedbyauction:[0xc000000c80 0xc000000d20 0xc000000dc0 0xc000000e60] q5maxbid:[0xc000001180 0xc000001220 0xc0000012c0 0xc000001360]]
configScaleInput: {Config:map[aucBids:4 bids:4 changelog:4 nexmark_src:4 q5_out:4 q5aucbids:4 q5bidkeyedbyauction:4 q5maxbid:4 source:4] AppId:q5 FuncNames:[source q5bidkeyedbyauction q5aucbids q5maxbid] ScaleEpoch:0 SerdeFormat:1 Bootstrap:false}
encoded json is {"sg":{"aucBids":4,"bids":4,"changelog":4,"nexmark_src":4,"q5_out":4,"q5aucbids":4,"q5bidkeyedbyauction":4,"q5maxbid":4,"source":4},"aid":"q5","fns":["source","q5bidkeyedbyauction","q5aucbids","q5maxbid"],"epoch":1,"serdeFormat":1,"bs":true}, node constraint is 1
func source url is http://ip-172-31-4-253.us-east-2.compute.internal:8080/function/source
func source url is http://ip-172-31-4-253.us-east-2.compute.internal:8080/function/source
func source url is http://ip-172-31-4-253.us-east-2.compute.internal:8080/function/source
src instance: 4
func source url is http://ip-172-31-4-253.us-east-2.compute.internal:8080/function/source
encoded json is {"topic_name":"nexmark_src","rate_shape":"square","aid":"q5","events_num":23040000,"rate_period":10000000000,"bid_avg_size":100,"first_event_rate":128000,"next_event_rate":128000,"person_avg_size":200,"auction_avg_size":500,"duration":180,"person_proportion":1,"auction_proportion":3,"bid_proportion":46,"bid_hot_ratio_auctions":2,"bid_hot_ratio_bidders":4,"auction_hot_ratio_sellers":4,"flushms":100,"rate_limited":false,"waitEnd":true,"serde_format":1,"numOutPar":4,"nSrcIns":4}, node constraint is 1,2,3,4
encoded json is {"topic_name":"nexmark_src","rate_shape":"square","aid":"q5","events_num":23040000,"rate_period":10000000000,"bid_avg_size":100,"first_event_rate":128000,"next_event_rate":128000,"person_avg_size":200,"auction_avg_size":500,"duration":180,"person_proportion":1,"auction_proportion":3,"bid_proportion":46,"bid_hot_ratio_auctions":2,"bid_hot_ratio_bidders":4,"auction_hot_ratio_sellers":4,"flushms":100,"rate_limited":false,"waitEnd":true,"serde_format":1,"numOutPar":4,"parNum":1,"nSrcIns":4}, node constraint is 1,2,3,4
encoded json is {"topic_name":"nexmark_src","rate_shape":"square","aid":"q5","events_num":23040000,"rate_period":10000000000,"bid_avg_size":100,"first_event_rate":128000,"next_event_rate":128000,"person_avg_size":200,"auction_avg_size":500,"duration":180,"person_proportion":1,"auction_proportion":3,"bid_proportion":46,"bid_hot_ratio_auctions":2,"bid_hot_ratio_bidders":4,"auction_hot_ratio_sellers":4,"flushms":100,"rate_limited":false,"waitEnd":true,"serde_format":1,"numOutPar":4,"parNum":3,"nSrcIns":4}, node constraint is 1,2,3,4
encoded json is {"topic_name":"nexmark_src","rate_shape":"square","aid":"q5","events_num":23040000,"rate_period":10000000000,"bid_avg_size":100,"first_event_rate":128000,"next_event_rate":128000,"person_avg_size":200,"auction_avg_size":500,"duration":180,"person_proportion":1,"auction_proportion":3,"bid_proportion":46,"bid_hot_ratio_auctions":2,"bid_hot_ratio_bidders":4,"auction_hot_ratio_sellers":4,"flushms":100,"rate_limited":false,"waitEnd":true,"serde_format":1,"numOutPar":4,"parNum":2,"nSrcIns":4}, node constraint is 1,2,3,4
func name is q5bidkeyedbyauction
func name is q5aucbids
Waiting for all client to return
func url is http://ip-172-31-4-253.us-east-2.compute.internal:8080/function/q5aucbids
func name is q5bidkeyedbyauction
func url is http://ip-172-31-4-253.us-east-2.compute.internal:8080/function/q5bidkeyedbyauction
func name is q5bidkeyedbyauction
func url is http://ip-172-31-4-253.us-east-2.compute.internal:8080/function/q5bidkeyedbyauction
func name is q5bidkeyedbyauction
func name is q5aucbids
func url is http://ip-172-31-4-253.us-east-2.compute.internal:8080/function/q5aucbids
func url is http://ip-172-31-4-253.us-east-2.compute.internal:8080/function/q5bidkeyedbyauction
func name is q5maxbid
func url is http://ip-172-31-4-253.us-east-2.compute.internal:8080/function/q5maxbid
func name is q5maxbid
func url is http://ip-172-31-4-253.us-east-2.compute.internal:8080/function/q5maxbid
func name is q5aucbids
func url is http://ip-172-31-4-253.us-east-2.compute.internal:8080/function/q5aucbids
func name is q5maxbid
func url is http://ip-172-31-4-253.us-east-2.compute.internal:8080/function/q5maxbid
func name is q5aucbids
func url is http://ip-172-31-4-253.us-east-2.compute.internal:8080/function/q5aucbids
func name is q5maxbid
func url is http://ip-172-31-4-253.us-east-2.compute.internal:8080/function/q5maxbid
func url is http://ip-172-31-4-253.us-east-2.compute.internal:8080/function/q5bidkeyedbyauction
encoded json is {"aid":"q5","numOutPartition":"BA==","numSubstreamProducer":"BA==","outputTopicName":["aucBids"],"inputTopicName":["bids"],"commEveryMs":100,"flushMs":100,"duration":180,"epoch":1,"waitEnd":true,"numChangelogPartition":4,"numInPartition":4,"ParNum":1,"gua":2,"serdeFormat":1}, node constraint is 5,6,7,8
encoded json is {"aid":"q5","numOutPartition":"BA==","numSubstreamProducer":"AQ==","outputTopicName":["bids"],"inputTopicName":["nexmark_src"],"commEveryMs":100,"flushMs":100,"duration":180,"epoch":1,"waitEnd":true,"numChangelogPartition":4,"numInPartition":4,"ParNum":2,"gua":2,"serdeFormat":1}, node constraint is 5,6,7,8
encoded json is {"aid":"q5","numOutPartition":"BA==","numSubstreamProducer":"BA==","outputTopicName":["q5_out"],"inputTopicName":["aucBids"],"commEveryMs":100,"flushMs":100,"duration":180,"epoch":1,"waitEnd":true,"numChangelogPartition":4,"numInPartition":4,"ParNum":1,"gua":2,"serdeFormat":1}, node constraint is 5,6,7,8
encoded json is {"aid":"q5","numOutPartition":"BA==","numSubstreamProducer":"BA==","outputTopicName":["q5_out"],"inputTopicName":["aucBids"],"commEveryMs":100,"flushMs":100,"duration":180,"epoch":1,"waitEnd":true,"numChangelogPartition":4,"numInPartition":4,"ParNum":2,"gua":2,"serdeFormat":1}, node constraint is 5,6,7,8
encoded json is {"aid":"q5","numOutPartition":"BA==","numSubstreamProducer":"AQ==","outputTopicName":["bids"],"inputTopicName":["nexmark_src"],"commEveryMs":100,"flushMs":100,"duration":180,"epoch":1,"waitEnd":true,"numChangelogPartition":4,"numInPartition":4,"ParNum":3,"gua":2,"serdeFormat":1}, node constraint is 5,6,7,8
encoded json is {"aid":"q5","numOutPartition":"BA==","numSubstreamProducer":"BA==","outputTopicName":["q5_out"],"inputTopicName":["aucBids"],"commEveryMs":100,"flushMs":100,"duration":180,"epoch":1,"waitEnd":true,"numChangelogPartition":4,"numInPartition":4,"ParNum":3,"gua":2,"serdeFormat":1}, node constraint is 5,6,7,8
encoded json is {"aid":"q5","numOutPartition":"BA==","numSubstreamProducer":"BA==","outputTopicName":["q5_out"],"inputTopicName":["aucBids"],"commEveryMs":100,"flushMs":100,"duration":180,"epoch":1,"waitEnd":true,"numChangelogPartition":4,"numInPartition":4,"gua":2,"serdeFormat":1}, node constraint is 5,6,7,8
encoded json is {"aid":"q5","numOutPartition":"BA==","numSubstreamProducer":"BA==","outputTopicName":["aucBids"],"inputTopicName":["bids"],"commEveryMs":100,"flushMs":100,"duration":180,"epoch":1,"waitEnd":true,"numChangelogPartition":4,"numInPartition":4,"gua":2,"serdeFormat":1}, node constraint is 5,6,7,8
encoded json is {"aid":"q5","numOutPartition":"BA==","numSubstreamProducer":"AQ==","outputTopicName":["bids"],"inputTopicName":["nexmark_src"],"commEveryMs":100,"flushMs":100,"duration":180,"epoch":1,"waitEnd":true,"numChangelogPartition":4,"numInPartition":4,"ParNum":1,"gua":2,"serdeFormat":1}, node constraint is 5,6,7,8
encoded json is {"aid":"q5","numOutPartition":"BA==","numSubstreamProducer":"BA==","outputTopicName":["aucBids"],"inputTopicName":["bids"],"commEveryMs":100,"flushMs":100,"duration":180,"epoch":1,"waitEnd":true,"numChangelogPartition":4,"numInPartition":4,"ParNum":2,"gua":2,"serdeFormat":1}, node constraint is 5,6,7,8
encoded json is {"aid":"q5","numOutPartition":"BA==","numSubstreamProducer":"AQ==","outputTopicName":["bids"],"inputTopicName":["nexmark_src"],"commEveryMs":100,"flushMs":100,"duration":180,"epoch":1,"waitEnd":true,"numChangelogPartition":4,"numInPartition":4,"gua":2,"serdeFormat":1}, node constraint is 5,6,7,8
encoded json is {"aid":"q5","numOutPartition":"BA==","numSubstreamProducer":"BA==","outputTopicName":["aucBids"],"inputTopicName":["bids"],"commEveryMs":100,"flushMs":100,"duration":180,"epoch":1,"waitEnd":true,"numChangelogPartition":4,"numInPartition":4,"ParNum":3,"gua":2,"serdeFormat":1}, node constraint is 5,6,7,8
source-0 invoke done
source-3 invoke done
source-2 invoke done
source-1 invoke done
q5bidkeyedbyauction-0 call done
q5bidkeyedbyauction-1 call done
q5bidkeyedbyauction-2 call done
q5bidkeyedbyauction-3 call done
q5aucbids-0 call done
q5aucbids-3 call done
q5aucbids-1 call done
q5aucbids-2 call done
q5maxbid-2 call done
q5maxbid-0 call done
q5maxbid-1 call done
q5maxbid-3 call done
sink processed: 5760001, throughput: (event/s) 31999.59766646176
sink_ctrl processed: 1, throughput: (event/s) 0.005555484741489066
source-0 duration: 180.002294405

sink_ctrl processed: 1, throughput: (event/s) 0.005555458781099362
sink processed: 5760001, throughput: (event/s) 31999.44813459111
source-1 duration: 180.003135547

sink processed: 5760001, throughput: (event/s) 31999.37446407015
sink_ctrl processed: 1, throughput: (event/s) 0.005555445991080583
source-2 duration: 180.003549959

sink processed: 5760001, throughput: (event/s) 31999.696363822724
sink_ctrl processed: 1, throughput: (event/s) 0.005555501876444591
source-3 duration: 180.00173922

sink processed 23040004 events, duration: 180.003549959, tp: 127997.497856
sink_ctrl processed 4 events, duration: 180.003549959, tp: 0.022222

bids_src_data processed: 5217658, throughput: (event/s) 28980.350160435228
bids_src_epoch processed: 6536, throughput: (event/s) 36.30279497977917
bids_src_logEntry processed: 13361, throughput: (event/s) 74.21077780367649
sink processed: 790144, throughput: (event/s) 4388.68354291656
bids_src processed: 5224198, throughput: (event/s) 29016.6751725478
bids_src_ctrl processed: 4, throughput: (event/s) 0.02221713279056253
q5aucbids-0 duration: 180.04123384

bids_src processed: 5379837, throughput: (event/s) 29874.163617273913
bids_src_ctrl processed: 4, throughput: (event/s) 0.02221194702908204
bids_src_data processed: 5373297, throughput: (event/s) 29837.847083881363
bids_src_epoch processed: 6536, throughput: (event/s) 36.294321445520055
bids_src_logEntry processed: 13747, throughput: (event/s) 76.3369089521977
sink processed: 795321, throughput: (event/s) 4416.40698077914
q5aucbids-1 duration: 180.083267566

bids_src processed: 5329868, throughput: (event/s) 29594.649717791144
bids_src_ctrl processed: 4, throughput: (event/s) 0.02221041850776878
bids_src_data processed: 5323328, throughput: (event/s) 29558.335683530942
bids_src_epoch processed: 6536, throughput: (event/s) 36.29182384169419
bids_src_logEntry processed: 13709, throughput: (event/s) 76.12065683075056
sink processed: 787462, throughput: (event/s) 4372.465144741155
q5aucbids-2 duration: 180.095660899

bids_src_logEntry processed: 13540, throughput: (event/s) 75.20471212735288
sink processed: 791823, throughput: (event/s) 4397.992671404501
bids_src processed: 5289057, throughput: (event/s) 29376.81012630433
bids_src_ctrl processed: 4, throughput: (event/s) 0.02221704937292552
bids_src_data processed: 5282517, throughput: (event/s) 29340.4852505796
bids_src_epoch processed: 6536, throughput: (event/s) 36.3026586753603
q5aucbids-3 duration: 180.041909835

bids_src_data processed 21196800 events, duration: 180.095660899
bids_src_epoch processed 26144 events, duration: 180.095660899
bids_src_logEntry processed 54357 events, duration: 180.095660899
sink processed 3164750 events, duration: 180.095660899
bids_src processed 21222960 events, duration: 180.095660899
bids_src_ctrl processed 16 events, duration: 180.095660899

eventTimeLatency_sink, p50: 107 ms, p90: 219 ms, p99: 295 ms
aucBids_src_ctrl processed: 4, throughput: (event/s) 0.02220979378942499
aucBids_src_data processed: 864360, throughput: (event/s) 4799.314339956846
aucBids_src_epoch processed: 4192, throughput: (event/s) 23.27586389131739
aucBids_src_logEntry processed: 4192, throughput: (event/s) 23.27586389131739
sink processed: 541, throughput: (event/s) 3.00387461001973
aucBids_src processed: 868556, throughput: (event/s) 4822.612413641953
q5maxbid-0 duration: 180.10072664

eventTimeLatency_sink, p50: 109 ms, p90: 229 ms, p99: 304 ms
aucBids_src_logEntry processed: 5001, throughput: (event/s) 27.767652899169548
sink processed: 580, throughput: (event/s) 3.220403655572553
aucBids_src processed: 924905, throughput: (event/s) 5135.461108719538
aucBids_src_ctrl processed: 4, throughput: (event/s) 0.022209680383258986
aucBids_src_data processed: 919900, throughput: (event/s) 5107.671246139986
aucBids_src_epoch processed: 5001, throughput: (event/s) 27.767652899169548
q5maxbid-1 duration: 180.101646263

eventTimeLatency_sink, p50: 135 ms, p90: 245 ms, p99: 316 ms
sink processed: 415, throughput: (event/s) 2.304272094957703
aucBids_src processed: 712868, throughput: (event/s) 3958.1731079236333
aucBids_src_ctrl processed: 4, throughput: (event/s) 0.02220985151766461
aucBids_src_data processed: 708880, throughput: (event/s) 3936.0298859605214
aucBids_src_epoch processed: 3984, throughput: (event/s) 22.12101211159395
aucBids_src_logEntry processed: 3984, throughput: (event/s) 22.12101211159395
q5maxbid-2 duration: 180.100258519

eventTimeLatency_sink, p50: 116 ms, p90: 240 ms, p99: 306 ms
aucBids_src processed: 676033, throughput: (event/s) 3753.571537395814
aucBids_src_ctrl processed: 4, throughput: (event/s) 0.022209398283195136
aucBids_src_data processed: 671610, throughput: (event/s) 3729.0134952441713
aucBids_src_epoch processed: 4419, throughput: (event/s) 24.535832753359827
aucBids_src_logEntry processed: 4419, throughput: (event/s) 24.535832753359827
sink processed: 436, throughput: (event/s) 2.42082441286827
q5maxbid-3 duration: 180.103933884

aucBids_src_ctrl processed 16 events, duration: 180.103933884
aucBids_src_data processed 3164750 events, duration: 180.103933884
aucBids_src_epoch processed 17596 events, duration: 180.103933884
aucBids_src_logEntry processed 17596 events, duration: 180.103933884
sink processed 1972 events, duration: 180.103933884
aucBids_src processed 3182362 events, duration: 180.103933884

nexmark_src_src_logEntry processed: 12307, throughput: (event/s) 68.36511403810998
sink processed: 5299200, throughput: (event/s) 29436.93932808584
nexmark_src_src processed: 5760001, throughput: (event/s) 31996.678737679984
nexmark_src_src_ctrl processed: 1, throughput: (event/s) 0.0055549779831079865
nexmark_src_src_data processed: 5760000, throughput: (event/s) 31996.673182702
nexmark_src_src_epoch processed: 0, throughput: (event/s) 0
q5bidkeyedbyauction-0 duration: 180.018715293

nexmark_src_src_ctrl processed: 1, throughput: (event/s) 0.005554959965277599
nexmark_src_src_data processed: 5760000, throughput: (event/s) 31996.56939999897
nexmark_src_src_epoch processed: 0, throughput: (event/s) 0
nexmark_src_src_logEntry processed: 12322, throughput: (event/s) 68.44821669215058
sink processed: 5299200, throughput: (event/s) 29436.84384799905
nexmark_src_src processed: 5760001, throughput: (event/s) 31996.574954958935
q5bidkeyedbyauction-1 duration: 180.019299194

nexmark_src_src_data processed: 5760000, throughput: (event/s) 31996.322812290873
nexmark_src_src_epoch processed: 0, throughput: (event/s) 0
nexmark_src_src_logEntry processed: 12304, throughput: (event/s) 68.34770067403245
sink processed: 5299200, throughput: (event/s) 29436.616987307603
nexmark_src_src processed: 5760001, throughput: (event/s) 31996.32836720803
nexmark_src_src_ctrl processed: 1, throughput: (event/s) 0.00555491715491161
q5bidkeyedbyauction-2 duration: 180.020686558

nexmark_src_src_logEntry processed: 12316, throughput: (event/s) 68.41294028400681
sink processed: 5299200, throughput: (event/s) 29436.006264453466
nexmark_src_src processed: 5760001, throughput: (event/s) 31995.664537903504
nexmark_src_src_ctrl processed: 1, throughput: (event/s) 0.005554801906788471
nexmark_src_src_data processed: 5760000, throughput: (event/s) 31995.658983101595
nexmark_src_src_epoch processed: 0, throughput: (event/s) 0
q5bidkeyedbyauction-3 duration: 180.024421533

nexmark_src_src_logEntry processed 49249 events, duration: 180.024421533
sink processed 21196800 events, duration: 180.024421533
nexmark_src_src processed 23040004 events, duration: 180.024421533
nexmark_src_src_ctrl processed 4 events, duration: 180.024421533
nexmark_src_src_data processed 23040000 events, duration: 180.024421533
nexmark_src_src_epoch processed 0 events, duration: 180.024421533

