wait for last: true, sink max_buf_size: 131072
warmup: 0
encoded json is {"sg":{"nexmark_src":4,"q2_out":4,"query2":4,"source":4},"aid":"q2","fns":["source","query2"],"bufMaxSize":131072,"epoch":1,"serdeFormat":1,"bs":true}, node constraint is 1
config: map[NodeConstraint:"1,2,3,4" NumInstance:4 OutputTopicName:["nexmark_src"] funcName:"source"]
config: map[Final:true InputTopicNames:["nexmark_src"] NodeConstraint:"5,6,7,8" NumInstance:4 NumSrcProducer:[1] OutputTopicName:["q2_out"] funcName:"query2"]
srcInvokeConfig: &{FinalTpNames:[q2_out] TopicName:nexmark_src AppId:q2 NodeConstraint:1,2,3,4 AdditionalBytes:0 ScaleEpoch:0 NumOutPartition:4 InstanceID:0 NumSrcInstance:4}
cliNodes: [0xc0000c0120]
inParamsMap: map[query2:[0xc0000a2aa0 0xc0000a2b40 0xc0000a2be0 0xc0000a2c80]]
configScaleInput: &{Config:map[nexmark_src:4 q2_out:4 query2:4 source:4] AppId:q2 FuncNames:[source query2] BufMaxSize:131072 ScaleEpoch:0 SerdeFormat:1 Bootstrap:false}
encoded json is {"outTpNames":["q2_out"]}, node constraint is 1
redis_setup url is http://ip-172-31-9-241.us-east-2.compute.internal:8080/function/redisSetup
encoded json is {"srcTpName":"nexmark_src","outTpNames":["q2_out"],"numOutParts":"BA==","chkptEveryMs":100,"bufMaxSize":131072,"srcNumPart":4,"gua":4,"serde_format":1}, node constraint is 1
chkptmngr url is http://ip-172-31-9-241.us-east-2.compute.internal:8080/function/chkptmngr
func source url is http://ip-172-31-9-241.us-east-2.compute.internal:8080/function/source
func source url is http://ip-172-31-9-241.us-east-2.compute.internal:8080/function/source
func source url is http://ip-172-31-9-241.us-east-2.compute.internal:8080/function/source
src instance: 4
func source url is http://ip-172-31-9-241.us-east-2.compute.internal:8080/function/source
encoded json is {"topic_name":"nexmark_src","rate_shape":"square","aid":"q2","events_num":57600000,"rate_period":10000000000,"finOutTpNs":["q2_out"],"first_event_rate":320000,"next_event_rate":320000,"bid_avg_size":100,"person_avg_size":200,"auction_avg_size":500,"duration":180,"person_proportion":1,"auction_proportion":3,"bid_proportion":46,"bid_hot_ratio_auctions":2,"bid_hot_ratio_bidders":4,"auction_hot_ratio_sellers":4,"flushms":10,"bufMaxSize":131072,"commEveryMs":100,"rate_limited":false,"waitEnd":true,"serde_format":1,"numOutPar":4,"parNum":3,"nSrcIns":4,"gua":4}, node constraint is 1,2,3,4
encoded json is {"topic_name":"nexmark_src","rate_shape":"square","aid":"q2","events_num":57600000,"rate_period":10000000000,"finOutTpNs":["q2_out"],"first_event_rate":320000,"next_event_rate":320000,"bid_avg_size":100,"person_avg_size":200,"auction_avg_size":500,"duration":180,"person_proportion":1,"auction_proportion":3,"bid_proportion":46,"bid_hot_ratio_auctions":2,"bid_hot_ratio_bidders":4,"auction_hot_ratio_sellers":4,"flushms":10,"bufMaxSize":131072,"commEveryMs":100,"rate_limited":false,"waitEnd":true,"serde_format":1,"numOutPar":4,"parNum":1,"nSrcIns":4,"gua":4}, node constraint is 1,2,3,4
encoded json is {"topic_name":"nexmark_src","rate_shape":"square","aid":"q2","events_num":57600000,"rate_period":10000000000,"finOutTpNs":["q2_out"],"first_event_rate":320000,"next_event_rate":320000,"bid_avg_size":100,"person_avg_size":200,"auction_avg_size":500,"duration":180,"person_proportion":1,"auction_proportion":3,"bid_proportion":46,"bid_hot_ratio_auctions":2,"bid_hot_ratio_bidders":4,"auction_hot_ratio_sellers":4,"flushms":10,"bufMaxSize":131072,"commEveryMs":100,"rate_limited":false,"waitEnd":true,"serde_format":1,"numOutPar":4,"nSrcIns":4,"gua":4}, node constraint is 1,2,3,4
encoded json is {"topic_name":"nexmark_src","rate_shape":"square","aid":"q2","events_num":57600000,"rate_period":10000000000,"finOutTpNs":["q2_out"],"first_event_rate":320000,"next_event_rate":320000,"bid_avg_size":100,"person_avg_size":200,"auction_avg_size":500,"duration":180,"person_proportion":1,"auction_proportion":3,"bid_proportion":46,"bid_hot_ratio_auctions":2,"bid_hot_ratio_bidders":4,"auction_hot_ratio_sellers":4,"flushms":10,"bufMaxSize":131072,"commEveryMs":100,"rate_limited":false,"waitEnd":true,"serde_format":1,"numOutPar":4,"parNum":2,"nSrcIns":4,"gua":4}, node constraint is 1,2,3,4
Waiting for all client to return
func name is query2
func url is http://ip-172-31-9-241.us-east-2.compute.internal:8080/function/query2
func name is query2
func url is http://ip-172-31-9-241.us-east-2.compute.internal:8080/function/query2
func name is query2
func url is http://ip-172-31-9-241.us-east-2.compute.internal:8080/function/query2
func name is query2
func url is http://ip-172-31-9-241.us-east-2.compute.internal:8080/function/query2
encoded json is {"aid":"q2","numOutPartition":"BA==","numSubstreamProducer":"AQ==","outputTopicName":["q2_out"],"inputTopicName":["nexmark_src"],"commEveryMs":100,"flushMs":100,"duration":180,"bufMaxSize":131072,"epoch":1,"waitEnd":true,"numInPartition":4,"ParNum":1,"gua":4,"serdeFormat":1}, node constraint is 5,6,7,8
encoded json is {"aid":"q2","numOutPartition":"BA==","numSubstreamProducer":"AQ==","outputTopicName":["q2_out"],"inputTopicName":["nexmark_src"],"commEveryMs":100,"flushMs":100,"duration":180,"bufMaxSize":131072,"epoch":1,"waitEnd":true,"numInPartition":4,"gua":4,"serdeFormat":1}, node constraint is 5,6,7,8
encoded json is {"aid":"q2","numOutPartition":"BA==","numSubstreamProducer":"AQ==","outputTopicName":["q2_out"],"inputTopicName":["nexmark_src"],"commEveryMs":100,"flushMs":100,"duration":180,"bufMaxSize":131072,"epoch":1,"waitEnd":true,"numInPartition":4,"ParNum":2,"gua":4,"serdeFormat":1}, node constraint is 5,6,7,8
encoded json is {"aid":"q2","numOutPartition":"BA==","numSubstreamProducer":"AQ==","outputTopicName":["q2_out"],"inputTopicName":["nexmark_src"],"commEveryMs":100,"flushMs":100,"duration":180,"bufMaxSize":131072,"epoch":1,"waitEnd":true,"numInPartition":4,"ParNum":3,"gua":4,"serdeFormat":1}, node constraint is 5,6,7,8
source-0 invoke done
source-2 invoke done
source-3 invoke done
source-1 invoke done
query2-1 call done
query2-0 call done
query2-2 call done
query2-3 call done
sink processed: 14400002, throughput: (event/s) 79953.56350712321
sink_ctrl processed: 2, throughput: (event/s) 0.01110466005589766
source-0 duration: 180.104567806

sink processed: 14399998, throughput: (event/s) 79953.4789498769
sink_ctrl processed: 2, throughput: (event/s) 0.011104651396462262
source-1 duration: 180.104708252

sink_ctrl processed: 2, throughput: (event/s) 0.011104640494777242
sink processed: 14400002, throughput: (event/s) 79953.42266703665
source-2 duration: 180.104885065

sink processed: 14400002, throughput: (event/s) 79953.81390537423
sink_ctrl processed: 2, throughput: (event/s) 0.011104694833427695
source-3 duration: 180.104003757

sink processed 57600004 events, duration: 180.104885065, tp: 319813.668459
sink_ctrl processed 8 events, duration: 180.104885065, tp: 0.044419

eventTimeLatency_sink, p50: 8 ms, p90: 11 ms, p99: 38 ms
nexmark_src_src processed: 14401486, throughput: (event/s) 79960.13208179701
nexmark_src_src_ctrl processed: 1486, throughput: (event/s) 8.250589992834792
nexmark_src_src_data processed: 14400000, throughput: (event/s) 79951.88149180418
nexmark_src_src_epoch processed: 0, throughput: (event/s) 0
nexmark_src_src_logEntry processed: 34306, throughput: (event/s) 190.47425322623846
sink processed: 108446, throughput: (event/s) 602.1153986291802
query2-0 duration: 180.108331803

eventTimeLatency_sink, p50: 8 ms, p90: 11 ms, p99: 51 ms
sink processed: 108148, throughput: (event/s) 600.4610883843009
nexmark_src_src processed: 14401482, throughput: (event/s) 79960.14310081478
nexmark_src_src_ctrl processed: 1486, throughput: (event/s) 8.250593421413905
nexmark_src_src_data processed: 14399996, throughput: (event/s) 79951.89250739336
nexmark_src_src_epoch processed: 0, throughput: (event/s) 0
nexmark_src_src_logEntry processed: 35653, throughput: (event/s) 197.9531677346366
query2-1 duration: 180.108256958

eventTimeLatency_sink, p50: 8 ms, p90: 11 ms, p99: 50 ms
nexmark_src_src_data processed: 14400000, throughput: (event/s) 79952.0717334194
nexmark_src_src_epoch processed: 0, throughput: (event/s) 0
nexmark_src_src_logEntry processed: 34912, throughput: (event/s) 193.83935613591237
sink processed: 108540, throughput: (event/s) 602.6387406906488
nexmark_src_src processed: 14401486, throughput: (event/s) 79960.32234304411
nexmark_src_src_ctrl processed: 1486, throughput: (event/s) 8.250609624712585
query2-2 duration: 180.107903245

eventTimeLatency_sink, p50: 8 ms, p90: 11 ms, p99: 48 ms
nexmark_src_src_data processed: 14400000, throughput: (event/s) 79952.3853314466
nexmark_src_src_epoch processed: 0, throughput: (event/s) 0
nexmark_src_src_logEntry processed: 35499, throughput: (event/s) 197.09928658895993
sink processed: 108834, throughput: (event/s) 604.2734656362958
nexmark_src_src processed: 14401486, throughput: (event/s) 79960.63597343289
nexmark_src_src_ctrl processed: 1486, throughput: (event/s) 8.250641986286782
query2-3 duration: 180.107196806

nexmark_src_src_epoch processed 0 events, duration: 180.108331803
nexmark_src_src_logEntry processed 140370 events, duration: 180.108331803
sink processed 433968 events, duration: 180.108331803
nexmark_src_src processed 57605940 events, duration: 180.108331803
nexmark_src_src_ctrl processed 5944 events, duration: 180.108331803
nexmark_src_src_data processed 57599996 events, duration: 180.108331803

