wait for last: true, sink max_buf_size: 131072
warmup: 0
config: map[NodeConstraint:"1,2,3,4" NumInstance:4 OutputTopicName:["nexmark_src"] funcName:"source"]
config: map[Final:true InputTopicNames:["nexmark_src"] NodeConstraint:"5,6,7,8" NumInstance:4 NumSrcProducer:[1] OutputTopicName:["fanout_out"] funcName:"fanout"]
srcInvokeConfig: &{FinalTpNames:[fanout_out] TopicName:nexmark_src AppId:fanout NodeConstraint:1,2,3,4 AdditionalBytes:0 ScaleEpoch:0 NumOutPartition:4 InstanceID:0 NumSrcInstance:4}
cliNodes: [0xc000026160]
inParamsMap: map[fanout:[0xc00007eb40 0xc00007ebe0 0xc00007ec80 0xc00007ed20]]
configScaleInput: &{Config:map[fanout:4 fanout_out:8 nexmark_src:4 source:4] AppId:fanout FuncNames:[source fanout] BufMaxSize:131072 ScaleEpoch:0 SerdeFormat:1 Bootstrap:false}
encoded json is {"sg":{"fanout":4,"fanout_out":8,"nexmark_src":4,"source":4},"aid":"fanout","fns":["source","fanout"],"bufMaxSize":131072,"epoch":1,"serdeFormat":1,"bs":true}, node constraint is 1
func source url is http://ip-172-31-7-113.us-east-2.compute.internal:8080/function/source
func source url is http://ip-172-31-7-113.us-east-2.compute.internal:8080/function/source
func source url is http://ip-172-31-7-113.us-east-2.compute.internal:8080/function/source
func source url is http://ip-172-31-7-113.us-east-2.compute.internal:8080/function/source
src instance: 4
encoded json is {"topic_name":"nexmark_src","rate_shape":"square","aid":"fanout","events_num":46080000,"rate_period":10000000000,"finOutTpNs":["fanout_out"],"first_event_rate":256000,"next_event_rate":256000,"bid_avg_size":100,"person_avg_size":200,"auction_avg_size":500,"duration":180,"person_proportion":1,"auction_proportion":3,"bid_proportion":46,"bid_hot_ratio_auctions":2,"bid_hot_ratio_bidders":4,"auction_hot_ratio_sellers":4,"flushms":10,"bufMaxSize":131072,"commEveryMs":100,"rate_limited":false,"waitEnd":true,"serde_format":1,"numOutPar":4,"parNum":1,"nSrcIns":4,"gua":2}, node constraint is 1,2,3,4
encoded json is {"topic_name":"nexmark_src","rate_shape":"square","aid":"fanout","events_num":46080000,"rate_period":10000000000,"finOutTpNs":["fanout_out"],"first_event_rate":256000,"next_event_rate":256000,"bid_avg_size":100,"person_avg_size":200,"auction_avg_size":500,"duration":180,"person_proportion":1,"auction_proportion":3,"bid_proportion":46,"bid_hot_ratio_auctions":2,"bid_hot_ratio_bidders":4,"auction_hot_ratio_sellers":4,"flushms":10,"bufMaxSize":131072,"commEveryMs":100,"rate_limited":false,"waitEnd":true,"serde_format":1,"numOutPar":4,"parNum":3,"nSrcIns":4,"gua":2}, node constraint is 1,2,3,4
encoded json is {"topic_name":"nexmark_src","rate_shape":"square","aid":"fanout","events_num":46080000,"rate_period":10000000000,"finOutTpNs":["fanout_out"],"first_event_rate":256000,"next_event_rate":256000,"bid_avg_size":100,"person_avg_size":200,"auction_avg_size":500,"duration":180,"person_proportion":1,"auction_proportion":3,"bid_proportion":46,"bid_hot_ratio_auctions":2,"bid_hot_ratio_bidders":4,"auction_hot_ratio_sellers":4,"flushms":10,"bufMaxSize":131072,"commEveryMs":100,"rate_limited":false,"waitEnd":true,"serde_format":1,"numOutPar":4,"nSrcIns":4,"gua":2}, node constraint is 1,2,3,4
encoded json is {"topic_name":"nexmark_src","rate_shape":"square","aid":"fanout","events_num":46080000,"rate_period":10000000000,"finOutTpNs":["fanout_out"],"first_event_rate":256000,"next_event_rate":256000,"bid_avg_size":100,"person_avg_size":200,"auction_avg_size":500,"duration":180,"person_proportion":1,"auction_proportion":3,"bid_proportion":46,"bid_hot_ratio_auctions":2,"bid_hot_ratio_bidders":4,"auction_hot_ratio_sellers":4,"flushms":10,"bufMaxSize":131072,"commEveryMs":100,"rate_limited":false,"waitEnd":true,"serde_format":1,"numOutPar":4,"parNum":2,"nSrcIns":4,"gua":2}, node constraint is 1,2,3,4
Waiting for all client to return
func name is fanout
func url is http://ip-172-31-7-113.us-east-2.compute.internal:8080/function/fanout
func name is fanout
func url is http://ip-172-31-7-113.us-east-2.compute.internal:8080/function/fanout
encoded json is {"aid":"fanout","numOutPartition":"CA==","numSubstreamProducer":"AQ==","outputTopicName":["fanout_out"],"inputTopicName":["nexmark_src"],"commEveryMs":100,"flushMs":100,"duration":180,"bufMaxSize":131072,"epoch":1,"waitEnd":true,"numInPartition":4,"ParNum":3,"gua":2,"serdeFormat":1}, node constraint is 5,6,7,8
encoded json is {"aid":"fanout","numOutPartition":"CA==","numSubstreamProducer":"AQ==","outputTopicName":["fanout_out"],"inputTopicName":["nexmark_src"],"commEveryMs":100,"flushMs":100,"duration":180,"bufMaxSize":131072,"epoch":1,"waitEnd":true,"numInPartition":4,"ParNum":1,"gua":2,"serdeFormat":1}, node constraint is 5,6,7,8
encoded json is {"aid":"fanout","numOutPartition":"CA==","numSubstreamProducer":"AQ==","outputTopicName":["fanout_out"],"inputTopicName":["nexmark_src"],"commEveryMs":100,"flushMs":100,"duration":180,"bufMaxSize":131072,"epoch":1,"waitEnd":true,"numInPartition":4,"gua":2,"serdeFormat":1}, node constraint is 5,6,7,8
func name is fanout
func url is http://ip-172-31-7-113.us-east-2.compute.internal:8080/function/fanout
encoded json is {"aid":"fanout","numOutPartition":"CA==","numSubstreamProducer":"AQ==","outputTopicName":["fanout_out"],"inputTopicName":["nexmark_src"],"commEveryMs":100,"flushMs":100,"duration":180,"bufMaxSize":131072,"epoch":1,"waitEnd":true,"numInPartition":4,"ParNum":2,"gua":2,"serdeFormat":1}, node constraint is 5,6,7,8
func name is fanout
func url is http://ip-172-31-7-113.us-east-2.compute.internal:8080/function/fanout
source-1 invoke done
source-3 invoke done
source-0 invoke done
source-2 invoke done
fanout-2 call done
fanout-3 call done
fanout-0 call done
fanout-1 call done
sink_ctrl processed: 1, throughput: (event/s) 0.005555486220032013
sink processed: 11519939, throughput: (event/s) 63998.86237010936
source-0 duration: 180.002246499

sink processed: 11520001, throughput: (event/s) 63999.49875099155
sink_ctrl processed: 1, throughput: (event/s) 0.005555511562107638
source-1 duration: 180.001425399

sink processed: 11519994, throughput: (event/s) 63999.13033847568
sink_ctrl processed: 1, throughput: (event/s) 0.005555482957584499
source-2 duration: 180.002352205

sink_ctrl processed: 1, throughput: (event/s) 0.005555471912061811
sink processed: 11519960, throughput: (event/s) 63998.81420807557
source-3 duration: 180.00271009

sink_ctrl processed 4 events, duration: 180.00271009, tp: 0.022222
sink processed 46079894 events, duration: 180.00271009, tp: 255995.556828

eventTimeLatency_fanoutSink, p50: 10 ms, p90: 22 ms, p99: 70 ms
nexmark_src_src processed: 11519939, throughput: (event/s) 63986.033875727146
nexmark_src_src_ctrl processed: 1, throughput: (event/s) 0.005554372629553606
nexmark_src_src_data processed: 11519938, throughput: (event/s) 63986.02832135451
nexmark_src_src_epoch processed: 0, throughput: (event/s) 0
nexmark_src_src_logEntry processed: 30344, throughput: (event/s) 168.54188307117462
fanoutSink processed: 11519938, throughput: (event/s) 63986.02832135451
fanout-0 duration: 180.038334965

eventTimeLatency_fanoutSink, p50: 10 ms, p90: 21 ms, p99: 65 ms
nexmark_src_src_ctrl processed: 1, throughput: (event/s) 0.00555440466633805
nexmark_src_src_data processed: 11520000, throughput: (event/s) 63986.74175621433
nexmark_src_src_epoch processed: 0, throughput: (event/s) 0
nexmark_src_src_logEntry processed: 30226, throughput: (event/s) 167.88743544473388
fanoutSink processed: 11520000, throughput: (event/s) 63986.74175621433
nexmark_src_src processed: 11520001, throughput: (event/s) 63986.747310619
fanout-1 duration: 180.037296537

eventTimeLatency_fanoutSink, p50: 10 ms, p90: 21 ms, p99: 62 ms
fanoutSink processed: 11519993, throughput: (event/s) 63986.692655625084
nexmark_src_src processed: 11519994, throughput: (event/s) 63986.698210028866
nexmark_src_src_ctrl processed: 1, throughput: (event/s) 0.0055544037792058625
nexmark_src_src_data processed: 11519993, throughput: (event/s) 63986.692655625084
nexmark_src_src_epoch processed: 0, throughput: (event/s) 0
nexmark_src_src_logEntry processed: 30271, throughput: (event/s) 168.13735680034068
fanout-2 duration: 180.037325292

eventTimeLatency_fanoutSink, p50: 11 ms, p90: 24 ms, p99: 72 ms
nexmark_src_src_logEntry processed: 30338, throughput: (event/s) 168.49776080774427
fanoutSink processed: 11519959, throughput: (event/s) 63982.04549070541
nexmark_src_src processed: 11519960, throughput: (event/s) 63982.05104472218
nexmark_src_src_ctrl processed: 1, throughput: (event/s) 0.005554016771301479
nexmark_src_src_data processed: 11519959, throughput: (event/s) 63982.04549070541
nexmark_src_src_epoch processed: 0, throughput: (event/s) 0
fanout-3 duration: 180.049870423

nexmark_src_src processed 46079894 events, duration: 180.049870423
nexmark_src_src_ctrl processed 4 events, duration: 180.049870423
nexmark_src_src_data processed 46079890 events, duration: 180.049870423
nexmark_src_src_epoch processed 0 events, duration: 180.049870423
nexmark_src_src_logEntry processed 121179 events, duration: 180.049870423
fanoutSink processed 46079890 events, duration: 180.049870423

