wait for last: true
warmup: 0
config: map[NodeConstraint:"1,2,3,4" NumInstance:4 OutputTopicName:["nexmark_src"] funcName:"source"]
config: map[InputTopicNames:["nexmark_src"] NodeConstraint:"5,6,7,8" NumInstance:4 NumSrcProducer:[1] OutputTopicName:["q46_aucsByID","q46_bidsByAucID"] funcName:"q46GroupBy"]
config: map[InputTopicNames:["q46_aucsByID","q46_bidsByAucID"] NodeConstraint:"5,6,7,8" NumInstance:4 NumSrcProducer:[4,4] OutputTopicName:["q6_aucIDSeller"] funcName:"q6JoinStream"]
config: map[InputTopicNames:["q6_aucIDSeller"] NodeConstraint:"5,6,7,8" NumInstance:4 NumSrcProducer:[1] OutputTopicName:["q6_maxBids"] funcName:"q6MaxBid"]
config: map[InputTopicNames:["q6_maxBids"] NodeConstraint:"5,6,7,8" NumInstance:4 NumSrcProducer:[4] OutputTopicName:["q6_out"] funcName:"q6Avg"]
srcInvokeConfig: {TopicName:nexmark_src AppId:q6 NodeConstraint:1,2,3,4 ScaleEpoch:0 NumOutPartition:4 InstanceID:0 NumSrcInstance:4}
cliNodes: [0xc000026260 0xc0000262c0 0xc000026300 0xc000026360]
inParamsMap: map[q46GroupBy:[0xc000000be0 0xc000000c80 0xc000000d20 0xc000000dc0] q6Avg:[0xc000001360 0xc000001400 0xc0000014a0 0xc000001540] q6JoinStream:[0xc000000e60 0xc000000f00 0xc000000fa0 0xc000001040] q6MaxBid:[0xc0000010e0 0xc000001180 0xc000001220 0xc0000012c0]]
configScaleInput: {Config:map[changelog:4 nexmark_src:4 q46GroupBy:4 q46_aucsByID:4 q46_bidsByAucID:4 q6Avg:4 q6JoinStream:4 q6MaxBid:4 q6_aucIDSeller:4 q6_maxBids:4 q6_out:4 source:4] AppId:q6 FuncNames:[source q46GroupBy q6JoinStream q6MaxBid q6Avg] ScaleEpoch:0 SerdeFormat:1 Bootstrap:false}
encoded json is {"sg":{"changelog":4,"nexmark_src":4,"q46GroupBy":4,"q46_aucsByID":4,"q46_bidsByAucID":4,"q6Avg":4,"q6JoinStream":4,"q6MaxBid":4,"q6_aucIDSeller":4,"q6_maxBids":4,"q6_out":4,"source":4},"aid":"q6","fns":["source","q46GroupBy","q6JoinStream","q6MaxBid","q6Avg"],"epoch":1,"serdeFormat":1,"bs":true}, node constraint is 1
func source url is http://ip-172-31-9-54.us-east-2.compute.internal:8080/function/source
func source url is http://ip-172-31-9-54.us-east-2.compute.internal:8080/function/source
src instance: 4
func source url is http://ip-172-31-9-54.us-east-2.compute.internal:8080/function/source
func source url is http://ip-172-31-9-54.us-east-2.compute.internal:8080/function/source
encoded json is {"topic_name":"nexmark_src","rate_shape":"square","aid":"q6","events_num":540000,"rate_period":10000000000,"bid_avg_size":100,"first_event_rate":3000,"next_event_rate":3000,"person_avg_size":200,"auction_avg_size":500,"duration":180,"person_proportion":1,"auction_proportion":3,"bid_proportion":46,"bid_hot_ratio_auctions":2,"bid_hot_ratio_bidders":4,"auction_hot_ratio_sellers":4,"flushms":100,"rate_limited":false,"waitEnd":true,"serde_format":1,"numOutPar":4,"parNum":3,"nSrcIns":4}, node constraint is 1,2,3,4
encoded json is {"topic_name":"nexmark_src","rate_shape":"square","aid":"q6","events_num":540000,"rate_period":10000000000,"bid_avg_size":100,"first_event_rate":3000,"next_event_rate":3000,"person_avg_size":200,"auction_avg_size":500,"duration":180,"person_proportion":1,"auction_proportion":3,"bid_proportion":46,"bid_hot_ratio_auctions":2,"bid_hot_ratio_bidders":4,"auction_hot_ratio_sellers":4,"flushms":100,"rate_limited":false,"waitEnd":true,"serde_format":1,"numOutPar":4,"parNum":2,"nSrcIns":4}, node constraint is 1,2,3,4
encoded json is {"topic_name":"nexmark_src","rate_shape":"square","aid":"q6","events_num":540000,"rate_period":10000000000,"bid_avg_size":100,"first_event_rate":3000,"next_event_rate":3000,"person_avg_size":200,"auction_avg_size":500,"duration":180,"person_proportion":1,"auction_proportion":3,"bid_proportion":46,"bid_hot_ratio_auctions":2,"bid_hot_ratio_bidders":4,"auction_hot_ratio_sellers":4,"flushms":100,"rate_limited":false,"waitEnd":true,"serde_format":1,"numOutPar":4,"parNum":1,"nSrcIns":4}, node constraint is 1,2,3,4
encoded json is {"topic_name":"nexmark_src","rate_shape":"square","aid":"q6","events_num":540000,"rate_period":10000000000,"bid_avg_size":100,"first_event_rate":3000,"next_event_rate":3000,"person_avg_size":200,"auction_avg_size":500,"duration":180,"person_proportion":1,"auction_proportion":3,"bid_proportion":46,"bid_hot_ratio_auctions":2,"bid_hot_ratio_bidders":4,"auction_hot_ratio_sellers":4,"flushms":100,"rate_limited":false,"waitEnd":true,"serde_format":1,"numOutPar":4,"nSrcIns":4}, node constraint is 1,2,3,4
func name is q46GroupBy
Waiting for all client to return
func url is http://ip-172-31-9-54.us-east-2.compute.internal:8080/function/q46GroupBy
func name is q6Avg
func url is http://ip-172-31-9-54.us-east-2.compute.internal:8080/function/q6Avg
func name is q46GroupBy
func url is http://ip-172-31-9-54.us-east-2.compute.internal:8080/function/q46GroupBy
func name is q46GroupBy
func url is http://ip-172-31-9-54.us-east-2.compute.internal:8080/function/q46GroupBy
func name is q46GroupBy
func url is http://ip-172-31-9-54.us-east-2.compute.internal:8080/function/q46GroupBy
func name is q6JoinStream
func url is http://ip-172-31-9-54.us-east-2.compute.internal:8080/function/q6JoinStream
func name is q6JoinStream
func url is http://ip-172-31-9-54.us-east-2.compute.internal:8080/function/q6JoinStream
func name is q6JoinStream
func url is http://ip-172-31-9-54.us-east-2.compute.internal:8080/function/q6JoinStream
func name is q6MaxBid
func url is http://ip-172-31-9-54.us-east-2.compute.internal:8080/function/q6MaxBid
func name is q6JoinStream
func name is q6Avg
func url is http://ip-172-31-9-54.us-east-2.compute.internal:8080/function/q6JoinStream
func url is http://ip-172-31-9-54.us-east-2.compute.internal:8080/function/q6Avg
func name is q6MaxBid
func url is http://ip-172-31-9-54.us-east-2.compute.internal:8080/function/q6MaxBid
func name is q6Avg
func url is http://ip-172-31-9-54.us-east-2.compute.internal:8080/function/q6Avg
func name is q6Avg
func url is http://ip-172-31-9-54.us-east-2.compute.internal:8080/function/q6Avg
func name is q6MaxBid
func url is http://ip-172-31-9-54.us-east-2.compute.internal:8080/function/q6MaxBid
func name is q6MaxBid
func url is http://ip-172-31-9-54.us-east-2.compute.internal:8080/function/q6MaxBid
encoded json is {"aid":"q6","numOutPartition":"BAQ=","numSubstreamProducer":"AQ==","outputTopicName":["q46_aucsByID","q46_bidsByAucID"],"inputTopicName":["nexmark_src"],"commEveryMs":100,"flushMs":100,"duration":180,"epoch":1,"waitEnd":true,"numChangelogPartition":4,"numInPartition":4,"gua":2,"serdeFormat":1}, node constraint is 5,6,7,8
encoded json is {"aid":"q6","numOutPartition":"BA==","numSubstreamProducer":"AQ==","outputTopicName":["q6_maxBids"],"inputTopicName":["q6_aucIDSeller"],"commEveryMs":100,"flushMs":100,"duration":180,"epoch":1,"waitEnd":true,"numChangelogPartition":4,"numInPartition":4,"ParNum":3,"gua":2,"serdeFormat":1}, node constraint is 5,6,7,8
encoded json is {"aid":"q6","numOutPartition":"BA==","numSubstreamProducer":"BA==","outputTopicName":["q6_out"],"inputTopicName":["q6_maxBids"],"commEveryMs":100,"flushMs":100,"duration":180,"epoch":1,"waitEnd":true,"numChangelogPartition":4,"numInPartition":4,"ParNum":1,"gua":2,"serdeFormat":1}, node constraint is 5,6,7,8
encoded json is {"aid":"q6","numOutPartition":"BAQ=","numSubstreamProducer":"AQ==","outputTopicName":["q46_aucsByID","q46_bidsByAucID"],"inputTopicName":["nexmark_src"],"commEveryMs":100,"flushMs":100,"duration":180,"epoch":1,"waitEnd":true,"numChangelogPartition":4,"numInPartition":4,"ParNum":1,"gua":2,"serdeFormat":1}, node constraint is 5,6,7,8
encoded json is {"aid":"q6","numOutPartition":"BAQ=","numSubstreamProducer":"AQ==","outputTopicName":["q46_aucsByID","q46_bidsByAucID"],"inputTopicName":["nexmark_src"],"commEveryMs":100,"flushMs":100,"duration":180,"epoch":1,"waitEnd":true,"numChangelogPartition":4,"numInPartition":4,"ParNum":2,"gua":2,"serdeFormat":1}, node constraint is 5,6,7,8
encoded json is {"aid":"q6","numOutPartition":"BA==","numSubstreamProducer":"BAQ=","outputTopicName":["q6_aucIDSeller"],"inputTopicName":["q46_aucsByID","q46_bidsByAucID"],"commEveryMs":100,"flushMs":100,"duration":180,"epoch":1,"waitEnd":true,"numChangelogPartition":4,"numInPartition":4,"ParNum":3,"gua":2,"serdeFormat":1}, node constraint is 5,6,7,8
encoded json is {"aid":"q6","numOutPartition":"BAQ=","numSubstreamProducer":"AQ==","outputTopicName":["q46_aucsByID","q46_bidsByAucID"],"inputTopicName":["nexmark_src"],"commEveryMs":100,"flushMs":100,"duration":180,"epoch":1,"waitEnd":true,"numChangelogPartition":4,"numInPartition":4,"ParNum":3,"gua":2,"serdeFormat":1}, node constraint is 5,6,7,8
encoded json is {"aid":"q6","numOutPartition":"BA==","numSubstreamProducer":"BA==","outputTopicName":["q6_out"],"inputTopicName":["q6_maxBids"],"commEveryMs":100,"flushMs":100,"duration":180,"epoch":1,"waitEnd":true,"numChangelogPartition":4,"numInPartition":4,"gua":2,"serdeFormat":1}, node constraint is 5,6,7,8
encoded json is {"aid":"q6","numOutPartition":"BA==","numSubstreamProducer":"BAQ=","outputTopicName":["q6_aucIDSeller"],"inputTopicName":["q46_aucsByID","q46_bidsByAucID"],"commEveryMs":100,"flushMs":100,"duration":180,"epoch":1,"waitEnd":true,"numChangelogPartition":4,"numInPartition":4,"gua":2,"serdeFormat":1}, node constraint is 5,6,7,8
encoded json is {"aid":"q6","numOutPartition":"BA==","numSubstreamProducer":"AQ==","outputTopicName":["q6_maxBids"],"inputTopicName":["q6_aucIDSeller"],"commEveryMs":100,"flushMs":100,"duration":180,"epoch":1,"waitEnd":true,"numChangelogPartition":4,"numInPartition":4,"gua":2,"serdeFormat":1}, node constraint is 5,6,7,8
encoded json is {"aid":"q6","numOutPartition":"BA==","numSubstreamProducer":"BAQ=","outputTopicName":["q6_aucIDSeller"],"inputTopicName":["q46_aucsByID","q46_bidsByAucID"],"commEveryMs":100,"flushMs":100,"duration":180,"epoch":1,"waitEnd":true,"numChangelogPartition":4,"numInPartition":4,"ParNum":1,"gua":2,"serdeFormat":1}, node constraint is 5,6,7,8
encoded json is {"aid":"q6","numOutPartition":"BA==","numSubstreamProducer":"BA==","outputTopicName":["q6_out"],"inputTopicName":["q6_maxBids"],"commEveryMs":100,"flushMs":100,"duration":180,"epoch":1,"waitEnd":true,"numChangelogPartition":4,"numInPartition":4,"ParNum":3,"gua":2,"serdeFormat":1}, node constraint is 5,6,7,8
encoded json is {"aid":"q6","numOutPartition":"BA==","numSubstreamProducer":"BAQ=","outputTopicName":["q6_aucIDSeller"],"inputTopicName":["q46_aucsByID","q46_bidsByAucID"],"commEveryMs":100,"flushMs":100,"duration":180,"epoch":1,"waitEnd":true,"numChangelogPartition":4,"numInPartition":4,"ParNum":2,"gua":2,"serdeFormat":1}, node constraint is 5,6,7,8
encoded json is {"aid":"q6","numOutPartition":"BA==","numSubstreamProducer":"AQ==","outputTopicName":["q6_maxBids"],"inputTopicName":["q6_aucIDSeller"],"commEveryMs":100,"flushMs":100,"duration":180,"epoch":1,"waitEnd":true,"numChangelogPartition":4,"numInPartition":4,"ParNum":1,"gua":2,"serdeFormat":1}, node constraint is 5,6,7,8
encoded json is {"aid":"q6","numOutPartition":"BA==","numSubstreamProducer":"BA==","outputTopicName":["q6_out"],"inputTopicName":["q6_maxBids"],"commEveryMs":100,"flushMs":100,"duration":180,"epoch":1,"waitEnd":true,"numChangelogPartition":4,"numInPartition":4,"ParNum":2,"gua":2,"serdeFormat":1}, node constraint is 5,6,7,8
encoded json is {"aid":"q6","numOutPartition":"BA==","numSubstreamProducer":"AQ==","outputTopicName":["q6_maxBids"],"inputTopicName":["q6_aucIDSeller"],"commEveryMs":100,"flushMs":100,"duration":180,"epoch":1,"waitEnd":true,"numChangelogPartition":4,"numInPartition":4,"ParNum":2,"gua":2,"serdeFormat":1}, node constraint is 5,6,7,8
source-3 invoke done
source-1 invoke done
source-0 invoke done
source-2 invoke done
q46GroupBy-1 call done
q46GroupBy-3 call done
q46GroupBy-0 call done
q46GroupBy-2 call done
q6JoinStream-2 call done
q6MaxBid-2 call done
q6JoinStream-3 call done
q6JoinStream-0 call done
q6MaxBid-0 call done
q6JoinStream-1 call done
q6MaxBid-1 call done
{"level":"error","time":"2022-12-30T01:00:09-06:00","message":"q6Avg request failed: Post \"http://ip-172-31-9-54.us-east-2.compute.internal:8080/function/q6Avg\": context deadline exceeded (Client.Timeout exceeded while awaiting headers)"}
q6Avg-1 call done
{"level":"error","time":"2022-12-30T01:00:09-06:00","message":"q6Avg request failed: Post \"http://ip-172-31-9-54.us-east-2.compute.internal:8080/function/q6Avg\": context deadline exceeded (Client.Timeout exceeded while awaiting headers)"}
q6Avg-0 call done
{"level":"error","time":"2022-12-30T01:00:09-06:00","message":"q6MaxBid request failed: Post \"http://ip-172-31-9-54.us-east-2.compute.internal:8080/function/q6MaxBid\": context deadline exceeded (Client.Timeout exceeded while awaiting headers)"}
q6MaxBid-3 call done
{"level":"error","time":"2022-12-30T01:00:09-06:00","message":"q6Avg request failed: Post \"http://ip-172-31-9-54.us-east-2.compute.internal:8080/function/q6Avg\": context deadline exceeded (Client.Timeout exceeded while awaiting headers)"}
q6Avg-3 call done
{"level":"error","time":"2022-12-30T01:00:09-06:00","message":"q6Avg request failed: Post \"http://ip-172-31-9-54.us-east-2.compute.internal:8080/function/q6Avg\": context deadline exceeded (Client.Timeout exceeded while awaiting headers)"}
q6Avg-2 call done
sink_ctrl processed: 1, throughput: (event/s) 0.005555491624717177
sink processed: 135001, throughput: (event/s) 749.9969248284438
source-0 duration: 180.002071383

sink processed: 135001, throughput: (event/s) 749.999708724493
sink_ctrl processed: 1, throughput: (event/s) 0.005555512246016644
source-1 duration: 180.00140324

sink processed: 135001, throughput: (event/s) 749.9938469682808
sink_ctrl processed: 1, throughput: (event/s) 0.005555468825921887
source-2 duration: 180.002810084

sink processed: 135001, throughput: (event/s) 749.9986832134548
sink_ctrl processed: 1, throughput: (event/s) 0.005555504649694853
source-3 duration: 180.001649365

sink_ctrl processed 4 events, duration: 180.002810084, tp: 0.022222
sink processed 540004 events, duration: 180.002810084, tp: 2999.975388

bidsByAucIDSrc_data processed: 117114, throughput: (event/s) 650.0254300891905
bidsByAucIDSrc_epoch processed: 6428, throughput: (event/s) 35.677745313227426
aucsByIDSrc processed: 12777, throughput: (event/s) 70.91701180259908
aucsByIDSrc_epoch processed: 4701, throughput: (event/s) 26.092265201848495
aucsByIDSrc_logEntry processed: 4701, throughput: (event/s) 26.092265201848495
bidsByAucIDSrc processed: 123546, throughput: (event/s) 685.7253768618538
bidsByAucIDSrc_ctrl processed: 4, throughput: (event/s) 0.022201459435735798
aucsByIDSrc_data processed: 8072, throughput: (event/s) 44.80254514131484
bidsByAucIDSrc_logEntry processed: 6428, throughput: (event/s) 35.677745313227426
sink processed: 329011, throughput: (event/s) 1826.1310926027177
aucsByIDSrc_ctrl processed: 4, throughput: (event/s) 0.022201459435735798
q6JoinStream-0 duration: 180.168335851

aucsByIDSrc_logEntry processed: 4690, throughput: (event/s) 26.00609989293254
bidsByAucIDSrc_ctrl processed: 4, throughput: (event/s) 0.02218004255260771
aucsByIDSrc_epoch processed: 4690, throughput: (event/s) 26.00609989293254
bidsByAucIDSrc_epoch processed: 6429, throughput: (event/s) 35.648873392678745
sink processed: 290229, throughput: (event/s) 1609.3228925001958
bidsByAucIDSrc processed: 110703, throughput: (event/s) 613.8493126753328
aucsByIDSrc processed: 12654, throughput: (event/s) 70.1665646151745
aucsByIDSrc_ctrl processed: 4, throughput: (event/s) 0.02218004255260771
bidsByAucIDSrc_logEntry processed: 6429, throughput: (event/s) 35.648873392678745
aucsByIDSrc_data processed: 7960, throughput: (event/s) 44.13828467968934
bidsByAucIDSrc_data processed: 104270, throughput: (event/s) 578.1782592401015
q6JoinStream-1 duration: 180.342305048

bidsByAucIDSrc_epoch processed: 6429, throughput: (event/s) 35.70340248172602
sink processed: 374199, throughput: (event/s) 2078.1112933985683
aucsByIDSrc_epoch processed: 4667, throughput: (event/s) 25.918148916194642
aucsByIDSrc_logEntry processed: 4667, throughput: (event/s) 25.918148916194642
bidsByAucIDSrc_ctrl processed: 4, throughput: (event/s) 0.02221396950177385
bidsByAucIDSrc_data processed: 132693, throughput: (event/s) 736.9095637747195
bidsByAucIDSrc_logEntry processed: 6429, throughput: (event/s) 35.70340248172602
aucsByIDSrc processed: 12803, throughput: (event/s) 71.10136288280266
aucsByIDSrc_ctrl processed: 4, throughput: (event/s) 0.02221396950177385
bidsByAucIDSrc processed: 139126, throughput: (event/s) 772.6351802259472
aucsByIDSrc_data processed: 8132, throughput: (event/s) 45.160999997106245
q6JoinStream-2 duration: 180.06687187

aucsByIDSrc_ctrl processed: 4, throughput: (event/s) 0.022211506014484066
aucsByIDSrc_logEntry processed: 4735, throughput: (event/s) 26.292870244645513
bidsByAucIDSrc_data processed: 142723, throughput: (event/s) 792.5231932263024
aucsByIDSrc_epoch processed: 4735, throughput: (event/s) 26.292870244645513
bidsByAucIDSrc processed: 149156, throughput: (event/s) 828.2448477740963
aucsByIDSrc_data processed: 8236, throughput: (event/s) 45.73349088382269
bidsByAucIDSrc_ctrl processed: 4, throughput: (event/s) 0.022211506014484066
aucsByIDSrc processed: 12975, throughput: (event/s) 72.0485726344827
bidsByAucIDSrc_epoch processed: 6429, throughput: (event/s) 35.69944304177952
bidsByAucIDSrc_logEntry processed: 6429, throughput: (event/s) 35.69944304177952
sink processed: 408908, throughput: (event/s) 2270.6156253426625
q6JoinStream-3 duration: 180.086843161

aucsByIDSrc processed 51209 events, duration: 180.342305048
aucsByIDSrc_logEntry processed 18793 events, duration: 180.342305048
bidsByAucIDSrc processed 522531 events, duration: 180.342305048
bidsByAucIDSrc_ctrl processed 16 events, duration: 180.342305048
aucsByIDSrc_data processed 32400 events, duration: 180.342305048
aucsByIDSrc_ctrl processed 16 events, duration: 180.342305048
bidsByAucIDSrc_data processed 496800 events, duration: 180.342305048
bidsByAucIDSrc_epoch processed 25715 events, duration: 180.342305048
sink processed 1402347 events, duration: 180.342305048
aucsByIDSrc_epoch processed 18793 events, duration: 180.342305048
bidsByAucIDSrc_logEntry processed 25715 events, duration: 180.342305048

q6_aucIDSeller_src_ctrl processed: 1, throughput: (event/s) 0.005549718698327412
q6_aucIDSeller_src_data processed: 329011, throughput: (event/s) 1825.9184986554
q6_aucIDSeller_src_epoch processed: 1254, throughput: (event/s) 6.959347247702574
q6_aucIDSeller_src_logEntry processed: 1363, throughput: (event/s) 7.5642665858202625
sink processed: 87997, throughput: (event/s) 488.3585962967172
q6_aucIDSeller_src processed: 330266, throughput: (event/s) 1832.883395621801
q6MaxBid-0 duration: 180.189313073

q6_aucIDSeller_src_epoch processed: 1262, throughput: (event/s) 6.9970647031359094
q6_aucIDSeller_src_logEntry processed: 1332, throughput: (event/s) 7.38517447272348
sink processed: 86360, throughput: (event/s) 478.81656716546524
q6_aucIDSeller_src processed: 291492, throughput: (event/s) 1616.1556136660004
q6_aucIDSeller_src_ctrl processed: 1, throughput: (event/s) 0.005544425279822432
q6_aucIDSeller_src_data processed: 290229, throughput: (event/s) 1609.1530045375846
q6MaxBid-1 duration: 180.36134487

sink processed: 87237, throughput: (event/s) 484.4269419168021
q6_aucIDSeller_src processed: 375465, throughput: (event/s) 2084.956632470077
q6_aucIDSeller_src_ctrl processed: 1, throughput: (event/s) 0.005552998634946205
q6_aucIDSeller_src_data processed: 374199, throughput: (event/s) 2077.9265361982348
q6_aucIDSeller_src_epoch processed: 1265, throughput: (event/s) 7.024543273206949
q6_aucIDSeller_src_logEntry processed: 1386, throughput: (event/s) 7.69645610803544
q6MaxBid-2 duration: 180.082882374

q6MaxBid-3 failed, msg 
q6_aucIDSeller_src_logEntry processed 4081 events, duration: 180.36134487
sink processed 261594 events, duration: 180.36134487
q6_aucIDSeller_src processed 997223 events, duration: 180.36134487
q6_aucIDSeller_src_ctrl processed 3 events, duration: 180.36134487
q6_aucIDSeller_src_data processed 993439 events, duration: 180.36134487
q6_aucIDSeller_src_epoch processed 3781 events, duration: 180.36134487

q6Avg-0 failed, msg 
q6Avg-1 failed, msg 
q6Avg-2 failed, msg 
q6Avg-3 failed, msg 
nexmark_src_src_epoch processed: 0, throughput: (event/s) 0
nexmark_src_src_logEntry processed: 1761, throughput: (event/s) 9.782006880049034
aucsByIDSink processed: 8100, throughput: (event/s) 44.99389876683542
bidsByAucIDSink processed: 124200, throughput: (event/s) 689.9064477581431
nexmark_src_src processed: 135001, throughput: (event/s) 749.9038675829073
nexmark_src_src_ctrl processed: 1, throughput: (event/s) 0.005554802316893262
nexmark_src_src_data processed: 135000, throughput: (event/s) 749.8983127805903
q46GroupBy-0 duration: 180.024408242

nexmark_src_src processed: 135001, throughput: (event/s) 749.9120703170105
nexmark_src_src_ctrl processed: 1, throughput: (event/s) 0.005554863077436542
nexmark_src_src_data processed: 135000, throughput: (event/s) 749.9065154539331
nexmark_src_src_epoch processed: 0, throughput: (event/s) 0
nexmark_src_src_logEntry processed: 1760, throughput: (event/s) 9.776559016288314
aucsByIDSink processed: 8100, throughput: (event/s) 44.99439092723598
bidsByAucIDSink processed: 124200, throughput: (event/s) 689.9139942176184
q46GroupBy-1 duration: 180.022439088

nexmark_src_src_epoch processed: 0, throughput: (event/s) 0
nexmark_src_src_logEntry processed: 1759, throughput: (event/s) 9.770820216240262
aucsByIDSink processed: 8100, throughput: (event/s) 44.99354391787727
bidsByAucIDSink processed: 124200, throughput: (event/s) 689.9010067407849
nexmark_src_src processed: 135001, throughput: (event/s) 749.8979533897962
nexmark_src_src_ctrl processed: 1, throughput: (event/s) 0.00555475850837991
nexmark_src_src_data processed: 135000, throughput: (event/s) 749.8923986312878
q46GroupBy-2 duration: 180.025828034

nexmark_src_src_epoch processed: 0, throughput: (event/s) 0
nexmark_src_src_logEntry processed: 1762, throughput: (event/s) 9.787429023489297
aucsByIDSink processed: 8100, throughput: (event/s) 44.99328892750471
bidsByAucIDSink processed: 124200, throughput: (event/s) 689.8970968884056
nexmark_src_src processed: 135001, throughput: (event/s) 749.8937035187732
nexmark_src_src_ctrl processed: 1, throughput: (event/s) 0.005554727028087001
nexmark_src_src_data processed: 135000, throughput: (event/s) 749.8881487917452
q46GroupBy-3 duration: 180.026848294

bidsByAucIDSink processed 496800 events, duration: 180.026848294
nexmark_src_src processed 540004 events, duration: 180.026848294
nexmark_src_src_ctrl processed 4 events, duration: 180.026848294
nexmark_src_src_data processed 540000 events, duration: 180.026848294
nexmark_src_src_epoch processed 0 events, duration: 180.026848294
nexmark_src_src_logEntry processed 7042 events, duration: 180.026848294
aucsByIDSink processed 32400 events, duration: 180.026848294

