parallel restore str: , false
env str: , async2ndPhase: false
env str: , create snapshot: false
2024/03/03 07:35:00 [INFO] Load configuration for function scale[40]
2024/03/03 07:35:00 [INFO] Load configuration for function chkptmngr[60]
2024/03/03 07:35:00 [INFO] Load configuration for function redisSetup[70]
2024/03/03 07:35:00 [INFO] Load configuration for function source[20]
2024/03/03 07:35:00 [INFO] Load configuration for function query1[30]
2024/03/03 07:35:00 [INFO] Parse FAAS_ENGINE_ID: 1
2024/03/03 07:35:00 [INFO] Parse FAAS_ENGINE_ID: 1
2024/03/03 07:35:00 [INFO] Current GOMAXPROCS is 2
2024/03/03 07:35:00 [INFO] Parse FAAS_ENGINE_ID: 1
2024/03/03 07:35:00 [INFO] Current GOMAXPROCS is 3
2024/03/03 07:35:00 [INFO] Parse FAAS_ENGINE_ID: 1
2024/03/03 07:35:00 [INFO] Current GOMAXPROCS is 4
2024/03/03 07:35:00 [INFO] Start new FuncWorker with client id 5
2024/03/03 07:35:00 [INFO] Start new FuncWorker with client id 6
2024/03/03 07:35:00 [INFO] Start new FuncWorker with client id 8
2024/03/03 07:35:00 [INFO] Start new FuncWorker with client id 7
Enter nexmark: funcName: source
2024/03/03 07:35:00 [INFO] Handshake with engine done
Enter nexmark: funcName: source
Enter nexmark: funcName: source
2024/03/03 07:35:00 [INFO] Handshake with engine done
2024/03/03 07:35:00 [INFO] Handshake with engine done
Enter nexmark: funcName: source
2024/03/03 07:35:00 [INFO] Handshake with engine done
redis address is [snapcache-1:6666 snapcache-2:6666 snapcache-3:6666 snapcache-4:6666]
new buffered sink stream nexmark_src[0] with bufMaxSize 131072
new buffered sink stream nexmark_src[1] with bufMaxSize 131072
new buffered sink stream nexmark_src[2] with bufMaxSize 131072
new buffered sink stream nexmark_src[3] with bufMaxSize 131072
Generator config: 
	InterEventDelayUs: [250]
	EventPerEpoch    : 0
	MaxEvents        : 2880000
	FirstEventNumber : 1
	EpochPeriodMs    : 0
	StepLengthSec    : 5
	BaseTime         : 1709451426935
	FirstEventId     : 1
	TotalProportion  : 50
	BidProportion    : 46
	AuctionProportion: 3
	PersonProportion : 1
Nexmark config: 
	NumEvents            : 2880000
	NumEventGenerators   : 4
	RateShape            : 0
	FirstEventRate       : 16000
	NextEventRate        : 16000
	RateUnit             : 1000000
	RatePeriodSec        : 10
	PreloadSeconds       : 0
	StreamTimeout        : 240
	IsRateLimited        : false
	UseWallclockEventTime: false
	AvgPersonByteSize    : 200
	AvgAuctionByteSize   : 500
	AvgBidByteSize       : 100
	HotAuctionRatio      : 2
	HotSellersRatio      : 4
	HotBiddersRatio      : 4
	WindowSizeSec        : 10
	WindowPeriodSec      : 5
	WatermarkHoldbackSec : 0
	NumInFlightAuctions  : 100
	NumActivePeople      : 1000
	OccasionalDelaySec   : 3
	ProbDelayedEvent     : 0.1
	OutOfOrderGroupSize  : 1
Input config: 
	SrcTopicName   : nexmark_src
	AppId          : q1
	FinalOutTpNames: [q1_out]
	Duration(s)    : 180
	FlushMs        : 10
	BufMaxSize     : 131072
	CommitEveryMs  : 100
	WaitForEndMark : true
	SerdeFormat    : MSGP
	NumOutPartition: 4
	ParNum         : 0
	NumSrcInstance : 4
	Guarantee      : ALIGN_CHKPT
new buffered sink stream __control_log_q1[0] with bufMaxSize 131072
new buffered sink stream __control_log_q1[0] with bufMaxSize 131072
generate events to [0]
StartTs: 1709451426936
gen first chkpt
srcGen_0 stats (40004 samples): dur=10.001827844s, p50=12, p90=1099, p99=1220
nexmark_src_bufEntry_0 stats (865 samples): dur=10.004720379s, p50=48, p90=48, p99=52
nexmark_src_bufSize_0 stats (865 samples): dur=10.004767044s, p50=11859, p90=12553, p99=13377
srcGen_0 stats (40004 samples): dur=10.001136704s, p50=12, p90=1100, p99=1223
nexmark_src_bufEntry_0 stats (867 samples): dur=10.000140945s, p50=48, p90=48, p99=52
nexmark_src_bufSize_0 stats (867 samples): dur=10.000142969s, p50=11766, p90=12561, p99=13361
srcGen_0 stats (40004 samples): dur=10.000967165s, p50=13, p90=1100, p99=1206
nexmark_src_bufEntry_0 stats (866 samples): dur=10.001266237s, p50=48, p90=48, p99=52
nexmark_src_bufSize_0 stats (866 samples): dur=10.001265155s, p50=11734, p90=12574, p99=13387
srcGen_0 stats (40004 samples): dur=10.001692738s, p50=13, p90=1101, p99=1207
nexmark_src_bufEntry_0 stats (867 samples): dur=10.010890305s, p50=48, p90=48, p99=52
nexmark_src_bufSize_0 stats (867 samples): dur=10.010890925s, p50=11893, p90=12536, p99=13384
srcGen_0 stats (40008 samples): dur=10.001561256s, p50=12, p90=1099, p99=1210
nexmark_src_bufEntry_0 stats (867 samples): dur=10.005795153s, p50=48, p90=48, p99=52
nexmark_src_bufSize_0 stats (867 samples): dur=10.00579572s, p50=11769, p90=12553, p99=13435
srcGen_0 stats (40004 samples): dur=10.001345782s, p50=13, p90=1099, p99=1220
nexmark_src_bufEntry_0 stats (866 samples): dur=10.002394152s, p50=48, p90=48, p99=52
nexmark_src_bufSize_0 stats (866 samples): dur=10.002392386s, p50=11924, p90=12585, p99=13395
srcGen_0 stats (40008 samples): dur=10.001789438s, p50=13, p90=1099, p99=1223
nexmark_src_bufEntry_0 stats (866 samples): dur=10.002110198s, p50=48, p90=48, p99=52
nexmark_src_bufSize_0 stats (866 samples): dur=10.002109745s, p50=11811, p90=12569, p99=13477
srcGen_0 stats (40004 samples): dur=10.001186486s, p50=12, p90=1099, p99=1221
nexmark_src_bufEntry_0 stats (866 samples): dur=10.000553558s, p50=48, p90=48, p99=52
nexmark_src_bufSize_0 stats (866 samples): dur=10.000558341s, p50=11826, p90=12547, p99=13354
srcGen_0 stats (40008 samples): dur=10.001622042s, p50=12, p90=1099, p99=1216
nexmark_src_bufEntry_0 stats (866 samples): dur=10.005376936s, p50=48, p90=48, p99=52
nexmark_src_bufSize_0 stats (866 samples): dur=10.005373018s, p50=11899, p90=12558, p99=13415
srcGen_0 stats (40004 samples): dur=10.00140644s, p50=12, p90=1100, p99=1220
nexmark_src_bufEntry_0 stats (867 samples): dur=10.008595641s, p50=48, p90=48, p99=52
nexmark_src_bufSize_0 stats (867 samples): dur=10.008597549s, p50=11864, p90=12572, p99=13350
srcGen_0 stats (40004 samples): dur=10.001142781s, p50=12, p90=1099, p99=1224
nexmark_src_bufEntry_0 stats (867 samples): dur=10.004442975s, p50=48, p90=48, p99=52
nexmark_src_bufSize_0 stats (867 samples): dur=10.004440614s, p50=11904, p90=12572, p99=13420
srcGen_0 stats (40008 samples): dur=10.001817716s, p50=13, p90=1099, p99=1224
nexmark_src_bufEntry_0 stats (866 samples): dur=10.003117549s, p50=48, p90=48, p99=52
nexmark_src_bufSize_0 stats (866 samples): dur=10.003126653s, p50=11934, p90=12562, p99=13395
srcGen_0 stats (40004 samples): dur=10.001170812s, p50=13, p90=1100, p99=1219
nexmark_src_bufEntry_0 stats (867 samples): dur=10.008264721s, p50=48, p90=48, p99=52
nexmark_src_bufSize_0 stats (867 samples): dur=10.008256164s, p50=11977, p90=12552, p99=13255
srcGen_0 stats (40008 samples): dur=10.001696495s, p50=13, p90=1102, p99=1208
nexmark_src_bufEntry_0 stats (866 samples): dur=10.000409168s, p50=48, p90=48, p99=52
nexmark_src_bufSize_0 stats (866 samples): dur=10.000409867s, p50=11942, p90=12548, p99=13303
srcGen_0 stats (40008 samples): dur=10.001311641s, p50=12, p90=1099, p99=1224
nexmark_src_bufEntry_0 stats (865 samples): dur=10.004616669s, p50=48, p90=48, p99=52
nexmark_src_bufSize_0 stats (865 samples): dur=10.004622475s, p50=12011, p90=12569, p99=13383
srcGen_0 stats (40004 samples): dur=10.001313021s, p50=12, p90=1099, p99=1225
nexmark_src_bufEntry_0 stats (865 samples): dur=10.007112679s, p50=48, p90=48, p99=52
nexmark_src_bufSize_0 stats (865 samples): dur=10.007105074s, p50=12006, p90=12574, p99=13446
srcGen_0 stats (40008 samples): dur=10.001910391s, p50=13, p90=1102, p99=1212
nexmark_src_bufEntry_0 stats (866 samples): dur=10.00640272s, p50=48, p90=48, p99=52
nexmark_src_bufSize_0 stats (866 samples): dur=10.006402525s, p50=11981, p90=12570, p99=13349
[0] chkmngr has terminated
generate stream end mark with tag: 404b3c06f60bdf00
[0] all stopped
