parallel restore str: , false
env str: , async2ndPhase: false
env str: , create snapshot: false
2024/03/03 20:38:43 [INFO] Load configuration for function scale[40]
2024/03/03 20:38:43 [INFO] Load configuration for function chkptmngr[50]
2024/03/03 20:38:43 [INFO] Load configuration for function redisSetup[70]
2024/03/03 20:38:43 [INFO] Load configuration for function source[20]
2024/03/03 20:38:43 [INFO] Load configuration for function query2[30]
2024/03/03 20:38:43 [INFO] Parse FAAS_ENGINE_ID: 6
2024/03/03 20:38:43 [INFO] Parse FAAS_ENGINE_ID: 6
2024/03/03 20:38:43 [INFO] Current GOMAXPROCS is 2
2024/03/03 20:38:43 [INFO] Parse FAAS_ENGINE_ID: 6
2024/03/03 20:38:43 [INFO] Current GOMAXPROCS is 3
2024/03/03 20:38:43 [INFO] Parse FAAS_ENGINE_ID: 6
2024/03/03 20:38:43 [INFO] Start new FuncWorker with client id 7
2024/03/03 20:38:43 [INFO] Current GOMAXPROCS is 4
2024/03/03 20:38:43 [INFO] Start new FuncWorker with client id 8
2024/03/03 20:38:43 [INFO] Start new FuncWorker with client id 10
2024/03/03 20:38:43 [INFO] Start new FuncWorker with client id 9
Enter nexmark: funcName: query2
Enter nexmark: funcName: query2
Enter nexmark: funcName: query2
2024/03/03 20:38:43 [INFO] Handshake with engine done
2024/03/03 20:38:43 [INFO] Handshake with engine done
2024/03/03 20:38:43 [INFO] Handshake with engine done
Enter nexmark: funcName: query2
2024/03/03 20:38:43 [INFO] Handshake with engine done
new buffered sink stream nexmark_src[0] with bufMaxSize 131072
new buffered sink stream nexmark_src[1] with bufMaxSize 131072
new buffered sink stream nexmark_src[2] with bufMaxSize 131072
new buffered sink stream nexmark_src[3] with bufMaxSize 131072
new buffered sink stream q2_out[0] with bufMaxSize 131072
new buffered sink stream q2_out[1] with bufMaxSize 131072
new buffered sink stream q2_out[2] with bufMaxSize 131072
new buffered sink stream q2_out[3] with bufMaxSize 131072
nexmark_src notEnded: map[0:{}], notScaleFence: map[0:{}]
redis address is [snapcache-1:6666 snapcache-2:6666 snapcache-3:6666 snapcache-4:6666]
new buffered sink stream __control_log_q2[0] with bufMaxSize 131072
new buffered sink stream __control_log_q2[0] with bufMaxSize 131072
[0] finished prev task source, funcName query2, meta epoch 0, current epoch 1, cmm instance 0, remain instances: map[]
[1] finished prev task source, funcName query2, meta epoch 0, current epoch 1, cmm instance 0, remain instances: map[]
[2] finished prev task source, funcName query2, meta epoch 0, current epoch 1, cmm instance 0, remain instances: map[]
[3] finished prev task source, funcName query2, meta epoch 0, current epoch 1, cmm instance 0, remain instances: map[]
[0] finished prev task query2, funcName query2, meta epoch 0, current epoch 1, cmm instance 0, remain instances: map[]
[0] prodId: ProducerId: {TaskId: 0x1800a00000001, TaskEpoch: 0x1}, warmup time: 0s, flush every: 100ms, waitEndMark: true
nexmark_src_src counter: dur=10.009509496s, value=160936, rate=16078.31033721615 per second
q2_out_sink counter: dur=10.031514733s, value=594, rate=59.213390580582825 per second
q2_out_sink stats (594 samples): dur=10.031537097s, p50=0, p90=1, p99=2
q2_out_bufEntry_0 stats (200 samples): dur=12.971500435s, p50=3, p90=7, p99=32
q2_out_bufSize_0 stats (200 samples): dur=12.971523248s, p50=802, p90=1820, p99=8019
nexmark_src_src counter: dur=10.003219411s, value=321072, rate=16008.446223213608 per second
q2_out_sink counter: dur=10.026719025s, value=1978, rate=138.03119410738648 per second
q2_out_sink stats (1384 samples): dur=10.026712561s, p50=0, p90=0, p99=1
WaitAlignTime_0(ms) stats (200 samples): dur=22.6052073s, p50=0, p90=0, p99=0
createChkpt_0(ms) stats (200 samples): dur=22.604130038s, p50=1, p90=2, p99=24
q2_out_bufEntry_0 stats (200 samples): dur=13.139950595s, p50=3, p90=7, p99=78
q2_out_bufSize_0 stats (200 samples): dur=13.139950091s, p50=816, p90=1872, p99=19975
nexmark_src_src counter: dur=10.009652181s, value=481319, rate=16009.247584464094 per second
q2_out_sink counter: dur=10.011902318s, value=3405, rate=142.53035583801628 per second
q2_out_sink stats (1427 samples): dur=10.011901667s, p50=0, p90=0, p99=1
q2_out_bufEntry_0 stats (200 samples): dur=12.417159307s, p50=4, p90=7, p99=102
q2_out_bufSize_0 stats (200 samples): dur=12.417159834s, p50=916, p90=1791, p99=25925
nexmark_src_src counter: dur=10.010432141s, value=641566, rate=16008.000228448878 per second
q2_out_sink counter: dur=10.009499095s, value=4838, rate=143.16400714955057 per second
q2_out_sink stats (1433 samples): dur=10.009500439s, p50=0, p90=0, p99=1
WaitAlignTime_0(ms) stats (200 samples): dur=22.876538811s, p50=0, p90=0, p99=0
createChkpt_0(ms) stats (200 samples): dur=22.87655549s, p50=1, p90=1, p99=43
nexmark_src_src counter: dur=10.005757962s, value=801654, rate=15999.587498316901 per second
q2_out_sink counter: dur=10.000352132s, value=5445, rate=60.697862634023494 per second
q2_out_sink stats (607 samples): dur=10.000349292s, p50=0, p90=1, p99=1
q2_out_bufEntry_0 stats (200 samples): dur=12.581864963s, p50=4, p90=7, p99=116
q2_out_bufSize_0 stats (200 samples): dur=12.581864687s, p50=910, p90=1766, p99=29469
nexmark_src_src counter: dur=10.002823316s, value=961885, rate=16018.577449398987 per second
q2_out_sink counter: dur=10.007503125s, value=6826, rate=137.99645953145782 per second
q2_out_sink stats (1381 samples): dur=10.00750763s, p50=0, p90=0, p99=1
q2_out_bufEntry_0 stats (200 samples): dur=12.625351499s, p50=3, p90=8, p99=90
q2_out_bufSize_0 stats (200 samples): dur=12.625351717s, p50=819, p90=2028, p99=22604
WaitAlignTime_0(ms) stats (200 samples): dur=22.875007687s, p50=0, p90=0, p99=0
createChkpt_0(ms) stats (200 samples): dur=22.874943917s, p50=1, p90=2, p99=22
nexmark_src_src counter: dur=10.000111479s, value=1121957, rate=16007.021555324405 per second
q2_out_sink counter: dur=10.000942551s, value=8206, rate=137.98699402207976 per second
q2_out_sink stats (1380 samples): dur=10.000940652s, p50=0, p90=0, p99=1
q2_out_bufEntry_0 stats (200 samples): dur=12.258601776s, p50=3, p90=8, p99=129
q2_out_bufSize_0 stats (200 samples): dur=12.258600038s, p50=813, p90=1886, p99=33107
nexmark_src_src counter: dur=10.00337755s, value=1282109, rate=16009.792612496167 per second
q2_out_sink counter: dur=10.00628118s, value=9610, rate=140.31186759035288 per second
q2_out_sink stats (1404 samples): dur=10.006281783s, p50=0, p90=0, p99=1
q2_out_bufEntry_0 stats (200 samples): dur=12.594630897s, p50=3, p90=7, p99=11
q2_out_bufSize_0 stats (200 samples): dur=12.594634335s, p50=820, p90=1853, p99=2714
nexmark_src_src counter: dur=10.008983185s, value=1442357, rate=16010.41754572595 per second
q2_out_sink counter: dur=10.008457667s, value=10995, rate=138.38296030033055 per second
q2_out_sink stats (1385 samples): dur=10.008458014s, p50=0, p90=0, p99=1
WaitAlignTime_0(ms) stats (200 samples): dur=22.664899372s, p50=0, p90=0, p99=0
createChkpt_0(ms) stats (200 samples): dur=22.664448311s, p50=1, p90=1, p99=23
nexmark_src_src counter: dur=10.006172241s, value=1602542, rate=16008.619094487163 per second
q2_out_sink counter: dur=10.027690854s, value=11592, rate=59.53514210720402 per second
q2_out_sink stats (597 samples): dur=10.027688017s, p50=0, p90=1, p99=1
q2_out_bufEntry_0 stats (200 samples): dur=12.664588041s, p50=3, p90=7, p99=13
q2_out_bufSize_0 stats (200 samples): dur=12.664585471s, p50=800, p90=1864, p99=3427
nexmark_src_src counter: dur=10.003297553s, value=1762567, rate=15997.22483032691 per second
q2_out_sink counter: dur=10.008990117s, value=12996, rate=140.27389212977081 per second
q2_out_sink stats (1404 samples): dur=10.008992029s, p50=0, p90=0, p99=1
WaitAlignTime_0(ms) stats (200 samples): dur=22.622538577s, p50=0, p90=0, p99=0
createChkpt_0(ms) stats (200 samples): dur=22.622416376s, p50=1, p90=2, p99=19
q2_out_bufEntry_0 stats (200 samples): dur=12.500184121s, p50=3, p90=7, p99=111
q2_out_bufSize_0 stats (200 samples): dur=12.500183227s, p50=820, p90=1857, p99=28807
nexmark_src_src counter: dur=10.001092864s, value=1922782, rate=16019.749259274551 per second
q2_out_sink counter: dur=10.007002722s, value=14350, rate=135.3052494952644 per second
q2_out_sink stats (1354 samples): dur=10.007003167s, p50=0, p90=1, p99=1
q2_out_bufEntry_0 stats (200 samples): dur=12.923569229s, p50=3, p90=7, p99=82
q2_out_bufSize_0 stats (200 samples): dur=12.923569446s, p50=840, p90=1853, p99=21080
nexmark_src_src counter: dur=10.006677255s, value=2082966, rate=16007.711243006408 per second
q2_out_sink counter: dur=10.043053613s, value=15758, rate=140.19640382855735 per second
q2_out_sink stats (1408 samples): dur=10.043055819s, p50=0, p90=0, p99=1
WaitAlignTime_0(ms) stats (200 samples): dur=22.690147784s, p50=0, p90=0, p99=0
createChkpt_0(ms) stats (200 samples): dur=22.689636726s, p50=1, p90=1, p99=23
q2_out_bufEntry_0 stats (200 samples): dur=13.235363703s, p50=4, p90=8, p99=279
q2_out_bufSize_0 stats (200 samples): dur=13.235365321s, p50=989, p90=1969, p99=71368
nexmark_src_src counter: dur=10.005903985s, value=2243166, rate=16010.547396832731 per second
q2_out_sink counter: dur=10.055047117s, value=17188, rate=142.21713566934048 per second
q2_out_sink stats (1430 samples): dur=10.055047432s, p50=0, p90=0, p99=1
nexmark_src_src counter: dur=10.003372218s, value=2403300, rate=16008.001752834505 per second
q2_out_sink counter: dur=10.015953552s, value=17780, rate=59.10570540553162 per second
q2_out_sink stats (592 samples): dur=10.015952049s, p50=0, p90=1, p99=1
q2_out_bufEntry_0 stats (200 samples): dur=12.699187464s, p50=3, p90=7, p99=10
q2_out_bufSize_0 stats (200 samples): dur=12.699187914s, p50=781, p90=1878, p99=2612
WaitAlignTime_0(ms) stats (200 samples): dur=23.004033784s, p50=0, p90=0, p99=0
createChkpt_0(ms) stats (200 samples): dur=23.004996629s, p50=1, p90=1, p99=31
nexmark_src_src counter: dur=10.006420852s, value=2563501, rate=16009.820331310606 per second
q2_out_sink counter: dur=10.005135818s, value=19152, rate=137.12957274719528 per second
q2_out_sink stats (1372 samples): dur=10.005137601s, p50=0, p90=0, p99=1
q2_out_bufEntry_0 stats (200 samples): dur=13.09955462s, p50=3, p90=7, p99=187
q2_out_bufSize_0 stats (200 samples): dur=13.099554309s, p50=811, p90=1864, p99=47922
nexmark_src_src counter: dur=10.001698283s, value=2723621, rate=16009.281170994509 per second
q2_out_sink counter: dur=10.019666741s, value=20516, rate=136.1322721861174 per second
q2_out_sink stats (1364 samples): dur=10.019665465s, p50=0, p90=0, p99=1
q2_out_bufEntry_0 stats (200 samples): dur=12.300880895s, p50=3, p90=7, p99=9
q2_out_bufSize_0 stats (200 samples): dur=12.30088232s, p50=814, p90=1792, p99=2374
0 producer ended, map[] remain
exit due to ctrlMsg
createChkpt_0(ms) (182 samples): dur=20.578843111s, data=[1 1 1 1 1 1 1 9 5 1 1 1 1 1 1 1 1 1 1 1 1 1 1 1 1 1 1 1 1 1 1 3 1 28 1 1 1 1 1 1 1 1 1 1 1 1 1 1 1 1 1 1 1 2 1 1 1 1 1 1 2 1 1 1 1 1 1 1 1 1 1 1 1 1 1 1 1 20 12 1 1 1 1 1 1 1 1 1 1 1 1 1 1 1 1 1 1 1 1 1 1 1 1 1 1 1 1 1 1 1 1 1 1 1 1 1 1 1 1 1 1 2 45 1 1 1 1 1 1 1 1 1 1 1 1 1 1 1 1 1 1 1 1 1 1 2 1 1 1 1 1 1 1 1 1 1 1 1 1 1 1 1 1 1 1 1 1 1 43 1 1 1 1 1 1 1 1 1 1 1 1 1]
[0]duration: 180.043318 s, uts: 1709498635392
WaitAlignTime_0(ms) (182 samples): dur=20.582889258s, data=[0 0 0 0 0 0 0 0 0 0 0 0 0 0 0 0 0 0 0 0 0 0 0 0 0 0 0 0 0 0 0 0 0 0 0 0 0 0 0 0 0 0 0 0 0 0 0 0 0 0 0 0 0 0 0 0 0 0 0 0 0 0 0 0 0 0 0 0 0 0 0 0 0 0 0 0 0 0 0 0 0 0 0 0 0 0 0 0 0 0 0 0 0 0 0 0 0 0 0 0 0 0 0 0 0 0 0 0 0 0 0 0 0 0 0 0 0 0 0 0 0 0 0 0 0 0 0 0 0 0 0 0 0 0 0 0 0 0 0 0 0 0 0 0 0 0 0 0 0 0 0 0 0 0 0 0 0 0 0 0 0 0 0 0 0 0 0 0 0 0 0 0 0 0 0 0 0 0 0 0 0 0]
nexmark_src_src msgCnt 2881583, ctrlCnt 1583, epochCnt 0, logEntry 14635
sink msgCnt 21862, ctrlCnt 1583
