parallel restore str: , false
env str: , async2ndPhase: false
env str: , create snapshot: false
2024/03/03 20:46:50 [INFO] Load configuration for function scale[40]
2024/03/03 20:46:50 [INFO] Load configuration for function chkptmngr[50]
2024/03/03 20:46:50 [INFO] Load configuration for function redisSetup[70]
2024/03/03 20:46:50 [INFO] Load configuration for function source[20]
2024/03/03 20:46:50 [INFO] Load configuration for function query2[30]
2024/03/03 20:46:50 [INFO] Parse FAAS_ENGINE_ID: 1
2024/03/03 20:46:50 [INFO] Parse FAAS_ENGINE_ID: 1
2024/03/03 20:46:50 [INFO] Current GOMAXPROCS is 2
2024/03/03 20:46:50 [INFO] Parse FAAS_ENGINE_ID: 1
2024/03/03 20:46:50 [INFO] Current GOMAXPROCS is 3
2024/03/03 20:46:50 [INFO] Parse FAAS_ENGINE_ID: 1
2024/03/03 20:46:50 [INFO] Current GOMAXPROCS is 4
2024/03/03 20:46:50 [INFO] Start new FuncWorker with client id 2
2024/03/03 20:46:50 [INFO] Start new FuncWorker with client id 4
2024/03/03 20:46:50 [INFO] Start new FuncWorker with client id 5
2024/03/03 20:46:50 [INFO] Start new FuncWorker with client id 7
Enter nexmark: funcName: source
2024/03/03 20:46:50 [INFO] Handshake with engine done
Enter nexmark: funcName: source
2024/03/03 20:46:50 [INFO] Handshake with engine done
Enter nexmark: funcName: source
2024/03/03 20:46:50 [INFO] Handshake with engine done
Enter nexmark: funcName: source
2024/03/03 20:46:50 [INFO] Handshake with engine done
redis address is [snapcache-1:6666 snapcache-2:6666 snapcache-3:6666 snapcache-4:6666]
new buffered sink stream nexmark_src[0] with bufMaxSize 131072
new buffered sink stream nexmark_src[1] with bufMaxSize 131072
new buffered sink stream nexmark_src[2] with bufMaxSize 131072
new buffered sink stream nexmark_src[3] with bufMaxSize 131072
Generator config: 
	InterEventDelayUs: [62.5]
	EventPerEpoch    : 0
	MaxEvents        : 11520000
	FirstEventNumber : 1
	EpochPeriodMs    : 0
	StepLengthSec    : 5
	BaseTime         : 1709498937345
	FirstEventId     : 1
	TotalProportion  : 50
	BidProportion    : 46
	AuctionProportion: 3
	PersonProportion : 1
Nexmark config: 
	NumEvents            : 11520000
	NumEventGenerators   : 4
	RateShape            : 0
	FirstEventRate       : 64000
	NextEventRate        : 64000
	RateUnit             : 1000000
	RatePeriodSec        : 10
	PreloadSeconds       : 0
	StreamTimeout        : 240
	IsRateLimited        : false
	UseWallclockEventTime: false
	AvgPersonByteSize    : 200
	AvgAuctionByteSize   : 500
	AvgBidByteSize       : 100
	HotAuctionRatio      : 2
	HotSellersRatio      : 4
	HotBiddersRatio      : 4
	WindowSizeSec        : 10
	WindowPeriodSec      : 5
	WatermarkHoldbackSec : 0
	NumInFlightAuctions  : 100
	NumActivePeople      : 1000
	OccasionalDelaySec   : 3
	ProbDelayedEvent     : 0.1
	OutOfOrderGroupSize  : 1
Input config: 
	SrcTopicName   : nexmark_src
	AppId          : q2
	FinalOutTpNames: [q2_out]
	Duration(s)    : 180
	FlushMs        : 10
	BufMaxSize     : 131072
	CommitEveryMs  : 100
	WaitForEndMark : true
	SerdeFormat    : MSGP
	NumOutPartition: 4
	ParNum         : 2
	NumSrcInstance : 4
	Guarantee      : ALIGN_CHKPT
new buffered sink stream __control_log_q2[0] with bufMaxSize 131072
new buffered sink stream __control_log_q2[0] with bufMaxSize 131072
generate events to [2]
StartTs: 1709498937345
gen first chkpt
srcGen_2 stats (160000 samples): dur=10.003859458s, p50=6, p90=16, p99=1907
nexmark_src_bufEntry_2 stats (810 samples): dur=10.004631276s, p50=192, p90=208, p99=224
nexmark_src_bufSize_2 stats (810 samples): dur=10.004678806s, p50=49942, p90=53918, p99=58125
srcGen_2 stats (160064 samples): dur=10.003410788s, p50=6, p90=16, p99=1923
nexmark_src_bufEntry_2 stats (812 samples): dur=10.006074151s, p50=192, p90=208, p99=224
nexmark_src_bufSize_2 stats (812 samples): dur=10.006070929s, p50=49971, p90=53869, p99=57392
srcGen_2 stats (160057 samples): dur=10.002873672s, p50=6, p90=16, p99=1930
nexmark_src_bufEntry_2 stats (814 samples): dur=10.005051875s, p50=192, p90=208, p99=224
nexmark_src_bufSize_2 stats (814 samples): dur=10.005058293s, p50=49820, p90=53929, p99=57451
srcGen_2 stats (160055 samples): dur=10.004036691s, p50=6, p90=16, p99=1901
nexmark_src_bufEntry_2 stats (814 samples): dur=10.009006762s, p50=192, p90=208, p99=224
nexmark_src_bufSize_2 stats (814 samples): dur=10.00900285s, p50=49890, p90=53726, p99=57178
srcGen_2 stats (160054 samples): dur=10.002755274s, p50=6, p90=16, p99=1920
nexmark_src_bufEntry_2 stats (813 samples): dur=10.001969029s, p50=192, p90=208, p99=224
nexmark_src_bufSize_2 stats (813 samples): dur=10.001969986s, p50=49875, p90=53959, p99=57290
srcGen_2 stats (160058 samples): dur=10.003626482s, p50=6, p90=16, p99=1868
nexmark_src_bufEntry_2 stats (813 samples): dur=10.007351896s, p50=192, p90=208, p99=224
nexmark_src_bufSize_2 stats (813 samples): dur=10.007351735s, p50=49817, p90=53959, p99=58149
srcGen_2 stats (160036 samples): dur=10.003026379s, p50=6, p90=16, p99=1893
nexmark_src_bufEntry_2 stats (810 samples): dur=10.00678373s, p50=192, p90=208, p99=224
nexmark_src_bufSize_2 stats (810 samples): dur=10.006802865s, p50=50149, p90=54070, p99=58278
srcGen_2 stats (160060 samples): dur=10.003474069s, p50=6, p90=16, p99=1918
nexmark_src_bufEntry_2 stats (812 samples): dur=10.007355098s, p50=192, p90=208, p99=224
nexmark_src_bufSize_2 stats (812 samples): dur=10.007338766s, p50=50249, p90=54354, p99=58089
srcGen_2 stats (160048 samples): dur=10.003491079s, p50=6, p90=16, p99=1936
nexmark_src_bufEntry_2 stats (812 samples): dur=10.00824433s, p50=192, p90=208, p99=224
nexmark_src_bufSize_2 stats (812 samples): dur=10.008247003s, p50=50299, p90=54529, p99=57812
srcGen_2 stats (160068 samples): dur=10.002861288s, p50=6, p90=16, p99=1888
nexmark_src_bufEntry_2 stats (812 samples): dur=10.004946303s, p50=192, p90=208, p99=224
nexmark_src_bufSize_2 stats (812 samples): dur=10.004947263s, p50=50330, p90=54228, p99=58197
srcGen_2 stats (160057 samples): dur=10.002671372s, p50=6, p90=16, p99=1935
nexmark_src_bufEntry_2 stats (810 samples): dur=10.003343749s, p50=192, p90=208, p99=224
nexmark_src_bufSize_2 stats (810 samples): dur=10.003339338s, p50=50285, p90=54398, p99=58685
srcGen_2 stats (160035 samples): dur=10.003703574s, p50=6, p90=16, p99=1924
nexmark_src_bufEntry_2 stats (810 samples): dur=10.007548763s, p50=192, p90=208, p99=224
nexmark_src_bufSize_2 stats (810 samples): dur=10.007548653s, p50=50347, p90=54331, p99=58909
srcGen_2 stats (160064 samples): dur=10.003768343s, p50=6, p90=16, p99=1929
nexmark_src_bufEntry_2 stats (809 samples): dur=10.004083679s, p50=192, p90=208, p99=224
nexmark_src_bufSize_2 stats (809 samples): dur=10.004091882s, p50=50389, p90=54526, p99=58818
srcGen_2 stats (160032 samples): dur=10.002958902s, p50=6, p90=16, p99=1901
nexmark_src_bufEntry_2 stats (812 samples): dur=10.001190447s, p50=192, p90=208, p99=224
nexmark_src_bufSize_2 stats (812 samples): dur=10.001187965s, p50=50276, p90=54273, p99=57582
srcGen_2 stats (160048 samples): dur=10.003326512s, p50=6, p90=16, p99=1934
nexmark_src_bufEntry_2 stats (811 samples): dur=10.0004971s, p50=192, p90=208, p99=224
nexmark_src_bufSize_2 stats (811 samples): dur=10.000493274s, p50=50278, p90=54302, p99=57746
srcGen_2 stats (160068 samples): dur=10.002858159s, p50=6, p90=16, p99=1945
nexmark_src_bufEntry_2 stats (813 samples): dur=10.008829205s, p50=192, p90=208, p99=224
nexmark_src_bufSize_2 stats (813 samples): dur=10.008830255s, p50=50310, p90=54309, p99=57993
srcGen_2 stats (160060 samples): dur=10.004786688s, p50=6, p90=16, p99=1931
nexmark_src_bufEntry_2 stats (812 samples): dur=10.01038127s, p50=192, p90=208, p99=224
nexmark_src_bufSize_2 stats (812 samples): dur=10.010380862s, p50=50343, p90=54351, p99=57886
[2] chkmngr has terminated
generate stream end mark with tag: 404b3c06f60bdf02
[2] all stopped
