wait for last: true, sink max_buf_size: 131072
warmup: 0
config: map[NodeConstraint:"1,2,3,4" NumInstance:16 OutputTopicName:["nexmark_src"] funcName:"source"]
config: map[InputTopicNames:["nexmark_src"] NodeConstraint:"5,6,7,8" NumInstance:16 NumSrcProducer:[1] OutputTopicName:["q8_aucsBySellerID_out","q8_personsByID_out"] funcName:"q8GroupBy"]
config: map[Final:true InputTopicNames:["q8_aucsBySellerID_out","q8_personsByID_out"] NodeConstraint:"5,6,7,8" NumInstance:16 NumSrcProducer:[16,16] OutputTopicName:["q8_out"] funcName:"q8JoinStream"]
srcInvokeConfig: &{FinalTpNames:[q8_out] TopicName:nexmark_src AppId:q8 NodeConstraint:1,2,3,4 AdditionalBytes:100 ScaleEpoch:0 NumOutPartition:16 InstanceID:0 NumSrcInstance:16}
cliNodes: [0xc0000261c0 0xc000026200]
inParamsMap: map[q8GroupBy:[0xc00007eaa0 0xc00007eb40 0xc00007ebe0 0xc00007ec80 0xc00007ed20 0xc00007edc0 0xc00007ee60 0xc00007ef00 0xc00007efa0 0xc00007f040 0xc00007f0e0 0xc00007f180 0xc00007f220 0xc00007f2c0 0xc00007f360 0xc00007f400] q8JoinStream:[0xc00007f4a0 0xc00007f540 0xc00007f5e0 0xc00007f680 0xc00007f720 0xc00007f7c0 0xc00007f860 0xc00007f900 0xc00007f9a0 0xc00007fa40 0xc00007fae0 0xc00007fb80 0xc00007fc20 0xc00007fcc0 0xc00007fd60 0xc00007fe00]]
configScaleInput: &{Config:map[changelog:16 nexmark_src:16 q8GroupBy:16 q8JoinStream:16 q8_aucsBySellerID_out:16 q8_out:16 q8_personsByID_out:16 source:16] AppId:q8 FuncNames:[source q8GroupBy q8JoinStream] BufMaxSize:131072 ScaleEpoch:0 SerdeFormat:1 Bootstrap:false}
encoded json is {"sg":{"changelog":16,"nexmark_src":16,"q8GroupBy":16,"q8JoinStream":16,"q8_aucsBySellerID_out":16,"q8_out":16,"q8_personsByID_out":16,"source":16},"aid":"q8","fns":["source","q8GroupBy","q8JoinStream"],"bufMaxSize":131072,"epoch":1,"serdeFormat":1,"bs":true}, node constraint is 1
func source url is http://ip-172-31-11-25.us-east-2.compute.internal:8080/function/source
func source url is http://ip-172-31-11-25.us-east-2.compute.internal:8080/function/source
func source url is http://ip-172-31-11-25.us-east-2.compute.internal:8080/function/source
func source url is http://ip-172-31-11-25.us-east-2.compute.internal:8080/function/source
func source url is http://ip-172-31-11-25.us-east-2.compute.internal:8080/function/source
func source url is http://ip-172-31-11-25.us-east-2.compute.internal:8080/function/source
func source url is http://ip-172-31-11-25.us-east-2.compute.internal:8080/function/source
src instance: 16
func source url is http://ip-172-31-11-25.us-east-2.compute.internal:8080/function/source
func source url is http://ip-172-31-11-25.us-east-2.compute.internal:8080/function/source
encoded json is {"topic_name":"nexmark_src","rate_shape":"square","aid":"q8","events_num":20160000,"rate_period":10000000000,"finOutTpNs":["q8_out"],"first_event_rate":112000,"next_event_rate":112000,"bid_avg_size":200,"person_avg_size":300,"auction_avg_size":600,"duration":180,"person_proportion":1,"auction_proportion":3,"bid_proportion":46,"bid_hot_ratio_auctions":2,"bid_hot_ratio_bidders":4,"auction_hot_ratio_sellers":4,"flushms":100,"bufMaxSize":131072,"commEveryMs":100,"rate_limited":false,"waitEnd":true,"serde_format":1,"numOutPar":16,"parNum":3,"nSrcIns":16,"gua":3}, node constraint is 1,2,3,4
func source url is http://ip-172-31-11-25.us-east-2.compute.internal:8080/function/source
encoded json is {"topic_name":"nexmark_src","rate_shape":"square","aid":"q8","events_num":20160000,"rate_period":10000000000,"finOutTpNs":["q8_out"],"first_event_rate":112000,"next_event_rate":112000,"bid_avg_size":200,"person_avg_size":300,"auction_avg_size":600,"duration":180,"person_proportion":1,"auction_proportion":3,"bid_proportion":46,"bid_hot_ratio_auctions":2,"bid_hot_ratio_bidders":4,"auction_hot_ratio_sellers":4,"flushms":100,"bufMaxSize":131072,"commEveryMs":100,"rate_limited":false,"waitEnd":true,"serde_format":1,"numOutPar":16,"parNum":15,"nSrcIns":16,"gua":3}, node constraint is 1,2,3,4
encoded json is {"topic_name":"nexmark_src","rate_shape":"square","aid":"q8","events_num":20160000,"rate_period":10000000000,"finOutTpNs":["q8_out"],"first_event_rate":112000,"next_event_rate":112000,"bid_avg_size":200,"person_avg_size":300,"auction_avg_size":600,"duration":180,"person_proportion":1,"auction_proportion":3,"bid_proportion":46,"bid_hot_ratio_auctions":2,"bid_hot_ratio_bidders":4,"auction_hot_ratio_sellers":4,"flushms":100,"bufMaxSize":131072,"commEveryMs":100,"rate_limited":false,"waitEnd":true,"serde_format":1,"numOutPar":16,"parNum":5,"nSrcIns":16,"gua":3}, node constraint is 1,2,3,4
encoded json is {"topic_name":"nexmark_src","rate_shape":"square","aid":"q8","events_num":20160000,"rate_period":10000000000,"finOutTpNs":["q8_out"],"first_event_rate":112000,"next_event_rate":112000,"bid_avg_size":200,"person_avg_size":300,"auction_avg_size":600,"duration":180,"person_proportion":1,"auction_proportion":3,"bid_proportion":46,"bid_hot_ratio_auctions":2,"bid_hot_ratio_bidders":4,"auction_hot_ratio_sellers":4,"flushms":100,"bufMaxSize":131072,"commEveryMs":100,"rate_limited":false,"waitEnd":true,"serde_format":1,"numOutPar":16,"parNum":10,"nSrcIns":16,"gua":3}, node constraint is 1,2,3,4
func source url is http://ip-172-31-11-25.us-east-2.compute.internal:8080/function/source
func source url is http://ip-172-31-11-25.us-east-2.compute.internal:8080/function/source
encoded json is {"topic_name":"nexmark_src","rate_shape":"square","aid":"q8","events_num":20160000,"rate_period":10000000000,"finOutTpNs":["q8_out"],"first_event_rate":112000,"next_event_rate":112000,"bid_avg_size":200,"person_avg_size":300,"auction_avg_size":600,"duration":180,"person_proportion":1,"auction_proportion":3,"bid_proportion":46,"bid_hot_ratio_auctions":2,"bid_hot_ratio_bidders":4,"auction_hot_ratio_sellers":4,"flushms":100,"bufMaxSize":131072,"commEveryMs":100,"rate_limited":false,"waitEnd":true,"serde_format":1,"numOutPar":16,"parNum":13,"nSrcIns":16,"gua":3}, node constraint is 1,2,3,4
encoded json is {"topic_name":"nexmark_src","rate_shape":"square","aid":"q8","events_num":20160000,"rate_period":10000000000,"finOutTpNs":["q8_out"],"first_event_rate":112000,"next_event_rate":112000,"bid_avg_size":200,"person_avg_size":300,"auction_avg_size":600,"duration":180,"person_proportion":1,"auction_proportion":3,"bid_proportion":46,"bid_hot_ratio_auctions":2,"bid_hot_ratio_bidders":4,"auction_hot_ratio_sellers":4,"flushms":100,"bufMaxSize":131072,"commEveryMs":100,"rate_limited":false,"waitEnd":true,"serde_format":1,"numOutPar":16,"parNum":12,"nSrcIns":16,"gua":3}, node constraint is 1,2,3,4
func source url is http://ip-172-31-11-25.us-east-2.compute.internal:8080/function/source
encoded json is {"topic_name":"nexmark_src","rate_shape":"square","aid":"q8","events_num":20160000,"rate_period":10000000000,"finOutTpNs":["q8_out"],"first_event_rate":112000,"next_event_rate":112000,"bid_avg_size":200,"person_avg_size":300,"auction_avg_size":600,"duration":180,"person_proportion":1,"auction_proportion":3,"bid_proportion":46,"bid_hot_ratio_auctions":2,"bid_hot_ratio_bidders":4,"auction_hot_ratio_sellers":4,"flushms":100,"bufMaxSize":131072,"commEveryMs":100,"rate_limited":false,"waitEnd":true,"serde_format":1,"numOutPar":16,"parNum":11,"nSrcIns":16,"gua":3}, node constraint is 1,2,3,4
encoded json is {"topic_name":"nexmark_src","rate_shape":"square","aid":"q8","events_num":20160000,"rate_period":10000000000,"finOutTpNs":["q8_out"],"first_event_rate":112000,"next_event_rate":112000,"bid_avg_size":200,"person_avg_size":300,"auction_avg_size":600,"duration":180,"person_proportion":1,"auction_proportion":3,"bid_proportion":46,"bid_hot_ratio_auctions":2,"bid_hot_ratio_bidders":4,"auction_hot_ratio_sellers":4,"flushms":100,"bufMaxSize":131072,"commEveryMs":100,"rate_limited":false,"waitEnd":true,"serde_format":1,"numOutPar":16,"parNum":6,"nSrcIns":16,"gua":3}, node constraint is 1,2,3,4
func source url is http://ip-172-31-11-25.us-east-2.compute.internal:8080/function/source
encoded json is {"topic_name":"nexmark_src","rate_shape":"square","aid":"q8","events_num":20160000,"rate_period":10000000000,"finOutTpNs":["q8_out"],"first_event_rate":112000,"next_event_rate":112000,"bid_avg_size":200,"person_avg_size":300,"auction_avg_size":600,"duration":180,"person_proportion":1,"auction_proportion":3,"bid_proportion":46,"bid_hot_ratio_auctions":2,"bid_hot_ratio_bidders":4,"auction_hot_ratio_sellers":4,"flushms":100,"bufMaxSize":131072,"commEveryMs":100,"rate_limited":false,"waitEnd":true,"serde_format":1,"numOutPar":16,"parNum":1,"nSrcIns":16,"gua":3}, node constraint is 1,2,3,4
encoded json is {"topic_name":"nexmark_src","rate_shape":"square","aid":"q8","events_num":20160000,"rate_period":10000000000,"finOutTpNs":["q8_out"],"first_event_rate":112000,"next_event_rate":112000,"bid_avg_size":200,"person_avg_size":300,"auction_avg_size":600,"duration":180,"person_proportion":1,"auction_proportion":3,"bid_proportion":46,"bid_hot_ratio_auctions":2,"bid_hot_ratio_bidders":4,"auction_hot_ratio_sellers":4,"flushms":100,"bufMaxSize":131072,"commEveryMs":100,"rate_limited":false,"waitEnd":true,"serde_format":1,"numOutPar":16,"parNum":9,"nSrcIns":16,"gua":3}, node constraint is 1,2,3,4
encoded json is {"topic_name":"nexmark_src","rate_shape":"square","aid":"q8","events_num":20160000,"rate_period":10000000000,"finOutTpNs":["q8_out"],"first_event_rate":112000,"next_event_rate":112000,"bid_avg_size":200,"person_avg_size":300,"auction_avg_size":600,"duration":180,"person_proportion":1,"auction_proportion":3,"bid_proportion":46,"bid_hot_ratio_auctions":2,"bid_hot_ratio_bidders":4,"auction_hot_ratio_sellers":4,"flushms":100,"bufMaxSize":131072,"commEveryMs":100,"rate_limited":false,"waitEnd":true,"serde_format":1,"numOutPar":16,"parNum":4,"nSrcIns":16,"gua":3}, node constraint is 1,2,3,4
encoded json is {"topic_name":"nexmark_src","rate_shape":"square","aid":"q8","events_num":20160000,"rate_period":10000000000,"finOutTpNs":["q8_out"],"first_event_rate":112000,"next_event_rate":112000,"bid_avg_size":200,"person_avg_size":300,"auction_avg_size":600,"duration":180,"person_proportion":1,"auction_proportion":3,"bid_proportion":46,"bid_hot_ratio_auctions":2,"bid_hot_ratio_bidders":4,"auction_hot_ratio_sellers":4,"flushms":100,"bufMaxSize":131072,"commEveryMs":100,"rate_limited":false,"waitEnd":true,"serde_format":1,"numOutPar":16,"parNum":14,"nSrcIns":16,"gua":3}, node constraint is 1,2,3,4
func source url is http://ip-172-31-11-25.us-east-2.compute.internal:8080/function/source
encoded json is {"topic_name":"nexmark_src","rate_shape":"square","aid":"q8","events_num":20160000,"rate_period":10000000000,"finOutTpNs":["q8_out"],"first_event_rate":112000,"next_event_rate":112000,"bid_avg_size":200,"person_avg_size":300,"auction_avg_size":600,"duration":180,"person_proportion":1,"auction_proportion":3,"bid_proportion":46,"bid_hot_ratio_auctions":2,"bid_hot_ratio_bidders":4,"auction_hot_ratio_sellers":4,"flushms":100,"bufMaxSize":131072,"commEveryMs":100,"rate_limited":false,"waitEnd":true,"serde_format":1,"numOutPar":16,"nSrcIns":16,"gua":3}, node constraint is 1,2,3,4
encoded json is {"topic_name":"nexmark_src","rate_shape":"square","aid":"q8","events_num":20160000,"rate_period":10000000000,"finOutTpNs":["q8_out"],"first_event_rate":112000,"next_event_rate":112000,"bid_avg_size":200,"person_avg_size":300,"auction_avg_size":600,"duration":180,"person_proportion":1,"auction_proportion":3,"bid_proportion":46,"bid_hot_ratio_auctions":2,"bid_hot_ratio_bidders":4,"auction_hot_ratio_sellers":4,"flushms":100,"bufMaxSize":131072,"commEveryMs":100,"rate_limited":false,"waitEnd":true,"serde_format":1,"numOutPar":16,"parNum":8,"nSrcIns":16,"gua":3}, node constraint is 1,2,3,4
encoded json is {"topic_name":"nexmark_src","rate_shape":"square","aid":"q8","events_num":20160000,"rate_period":10000000000,"finOutTpNs":["q8_out"],"first_event_rate":112000,"next_event_rate":112000,"bid_avg_size":200,"person_avg_size":300,"auction_avg_size":600,"duration":180,"person_proportion":1,"auction_proportion":3,"bid_proportion":46,"bid_hot_ratio_auctions":2,"bid_hot_ratio_bidders":4,"auction_hot_ratio_sellers":4,"flushms":100,"bufMaxSize":131072,"commEveryMs":100,"rate_limited":false,"waitEnd":true,"serde_format":1,"numOutPar":16,"parNum":7,"nSrcIns":16,"gua":3}, node constraint is 1,2,3,4
func source url is http://ip-172-31-11-25.us-east-2.compute.internal:8080/function/source
encoded json is {"topic_name":"nexmark_src","rate_shape":"square","aid":"q8","events_num":20160000,"rate_period":10000000000,"finOutTpNs":["q8_out"],"first_event_rate":112000,"next_event_rate":112000,"bid_avg_size":200,"person_avg_size":300,"auction_avg_size":600,"duration":180,"person_proportion":1,"auction_proportion":3,"bid_proportion":46,"bid_hot_ratio_auctions":2,"bid_hot_ratio_bidders":4,"auction_hot_ratio_sellers":4,"flushms":100,"bufMaxSize":131072,"commEveryMs":100,"rate_limited":false,"waitEnd":true,"serde_format":1,"numOutPar":16,"parNum":2,"nSrcIns":16,"gua":3}, node constraint is 1,2,3,4
encoded json is {"aid":"q8","numOutPartition":"EBA=","numSubstreamProducer":"AQ==","outputTopicName":["q8_aucsBySellerID_out","q8_personsByID_out"],"inputTopicName":["nexmark_src"],"commEveryMs":100,"flushMs":100,"snapEveryS":10,"duration":180,"bufMaxSize":131072,"epoch":1,"waitEnd":true,"numChangelogPartition":16,"numInPartition":16,"ParNum":4,"gua":3,"serdeFormat":1}, node constraint is 5,6,7,8
encoded json is {"aid":"q8","numOutPartition":"EA==","numSubstreamProducer":"EBA=","outputTopicName":["q8_out"],"inputTopicName":["q8_aucsBySellerID_out","q8_personsByID_out"],"commEveryMs":100,"flushMs":100,"snapEveryS":10,"duration":180,"bufMaxSize":131072,"epoch":1,"waitEnd":true,"numChangelogPartition":16,"numInPartition":16,"ParNum":1,"gua":3,"serdeFormat":1}, node constraint is 5,6,7,8
encoded json is {"aid":"q8","numOutPartition":"EA==","numSubstreamProducer":"EBA=","outputTopicName":["q8_out"],"inputTopicName":["q8_aucsBySellerID_out","q8_personsByID_out"],"commEveryMs":100,"flushMs":100,"snapEveryS":10,"duration":180,"bufMaxSize":131072,"epoch":1,"waitEnd":true,"numChangelogPartition":16,"numInPartition":16,"ParNum":2,"gua":3,"serdeFormat":1}, node constraint is 5,6,7,8
encoded json is {"aid":"q8","numOutPartition":"EA==","numSubstreamProducer":"EBA=","outputTopicName":["q8_out"],"inputTopicName":["q8_aucsBySellerID_out","q8_personsByID_out"],"commEveryMs":100,"flushMs":100,"snapEveryS":10,"duration":180,"bufMaxSize":131072,"epoch":1,"waitEnd":true,"numChangelogPartition":16,"numInPartition":16,"ParNum":3,"gua":3,"serdeFormat":1}, node constraint is 5,6,7,8
encoded json is {"aid":"q8","numOutPartition":"EA==","numSubstreamProducer":"EBA=","outputTopicName":["q8_out"],"inputTopicName":["q8_aucsBySellerID_out","q8_personsByID_out"],"commEveryMs":100,"flushMs":100,"snapEveryS":10,"duration":180,"bufMaxSize":131072,"epoch":1,"waitEnd":true,"numChangelogPartition":16,"numInPartition":16,"ParNum":4,"gua":3,"serdeFormat":1}, node constraint is 5,6,7,8
encoded json is {"aid":"q8","numOutPartition":"EA==","numSubstreamProducer":"EBA=","outputTopicName":["q8_out"],"inputTopicName":["q8_aucsBySellerID_out","q8_personsByID_out"],"commEveryMs":100,"flushMs":100,"snapEveryS":10,"duration":180,"bufMaxSize":131072,"epoch":1,"waitEnd":true,"numChangelogPartition":16,"numInPartition":16,"ParNum":5,"gua":3,"serdeFormat":1}, node constraint is 5,6,7,8
encoded json is {"aid":"q8","numOutPartition":"EA==","numSubstreamProducer":"EBA=","outputTopicName":["q8_out"],"inputTopicName":["q8_aucsBySellerID_out","q8_personsByID_out"],"commEveryMs":100,"flushMs":100,"snapEveryS":10,"duration":180,"bufMaxSize":131072,"epoch":1,"waitEnd":true,"numChangelogPartition":16,"numInPartition":16,"ParNum":6,"gua":3,"serdeFormat":1}, node constraint is 5,6,7,8
encoded json is {"aid":"q8","numOutPartition":"EA==","numSubstreamProducer":"EBA=","outputTopicName":["q8_out"],"inputTopicName":["q8_aucsBySellerID_out","q8_personsByID_out"],"commEveryMs":100,"flushMs":100,"snapEveryS":10,"duration":180,"bufMaxSize":131072,"epoch":1,"waitEnd":true,"numChangelogPartition":16,"numInPartition":16,"ParNum":7,"gua":3,"serdeFormat":1}, node constraint is 5,6,7,8
encoded json is {"aid":"q8","numOutPartition":"EA==","numSubstreamProducer":"EBA=","outputTopicName":["q8_out"],"inputTopicName":["q8_aucsBySellerID_out","q8_personsByID_out"],"commEveryMs":100,"flushMs":100,"snapEveryS":10,"duration":180,"bufMaxSize":131072,"epoch":1,"waitEnd":true,"numChangelogPartition":16,"numInPartition":16,"ParNum":8,"gua":3,"serdeFormat":1}, node constraint is 5,6,7,8
encoded json is {"aid":"q8","numOutPartition":"EA==","numSubstreamProducer":"EBA=","outputTopicName":["q8_out"],"inputTopicName":["q8_aucsBySellerID_out","q8_personsByID_out"],"commEveryMs":100,"flushMs":100,"snapEveryS":10,"duration":180,"bufMaxSize":131072,"epoch":1,"waitEnd":true,"numChangelogPartition":16,"numInPartition":16,"ParNum":9,"gua":3,"serdeFormat":1}, node constraint is 5,6,7,8
encoded json is {"aid":"q8","numOutPartition":"EBA=","numSubstreamProducer":"AQ==","outputTopicName":["q8_aucsBySellerID_out","q8_personsByID_out"],"inputTopicName":["nexmark_src"],"commEveryMs":100,"flushMs":100,"snapEveryS":10,"duration":180,"bufMaxSize":131072,"epoch":1,"waitEnd":true,"numChangelogPartition":16,"numInPartition":16,"ParNum":7,"gua":3,"serdeFormat":1}, node constraint is 5,6,7,8
encoded json is {"aid":"q8","numOutPartition":"EA==","numSubstreamProducer":"EBA=","outputTopicName":["q8_out"],"inputTopicName":["q8_aucsBySellerID_out","q8_personsByID_out"],"commEveryMs":100,"flushMs":100,"snapEveryS":10,"duration":180,"bufMaxSize":131072,"epoch":1,"waitEnd":true,"numChangelogPartition":16,"numInPartition":16,"ParNum":12,"gua":3,"serdeFormat":1}, node constraint is 5,6,7,8
encoded json is {"aid":"q8","numOutPartition":"EA==","numSubstreamProducer":"EBA=","outputTopicName":["q8_out"],"inputTopicName":["q8_aucsBySellerID_out","q8_personsByID_out"],"commEveryMs":100,"flushMs":100,"snapEveryS":10,"duration":180,"bufMaxSize":131072,"epoch":1,"waitEnd":true,"numChangelogPartition":16,"numInPartition":16,"ParNum":13,"gua":3,"serdeFormat":1}, node constraint is 5,6,7,8
func name is q8GroupBy
func url is http://ip-172-31-11-25.us-east-2.compute.internal:8080/function/q8GroupBy
Waiting for all client to return
func name is q8JoinStream
func url is http://ip-172-31-11-25.us-east-2.compute.internal:8080/function/q8JoinStream
func name is q8GroupBy
func url is http://ip-172-31-11-25.us-east-2.compute.internal:8080/function/q8GroupBy
func name is q8GroupBy
func url is http://ip-172-31-11-25.us-east-2.compute.internal:8080/function/q8GroupBy
func name is q8GroupBy
func url is http://ip-172-31-11-25.us-east-2.compute.internal:8080/function/q8GroupBy
func name is q8GroupBy
func url is http://ip-172-31-11-25.us-east-2.compute.internal:8080/function/q8GroupBy
func name is q8GroupBy
func url is http://ip-172-31-11-25.us-east-2.compute.internal:8080/function/q8GroupBy
func name is q8GroupBy
func url is http://ip-172-31-11-25.us-east-2.compute.internal:8080/function/q8GroupBy
func name is q8GroupBy
func url is http://ip-172-31-11-25.us-east-2.compute.internal:8080/function/q8GroupBy
func name is q8GroupBy
func url is http://ip-172-31-11-25.us-east-2.compute.internal:8080/function/q8GroupBy
func name is q8GroupBy
func url is http://ip-172-31-11-25.us-east-2.compute.internal:8080/function/q8GroupBy
func name is q8GroupBy
func url is http://ip-172-31-11-25.us-east-2.compute.internal:8080/function/q8GroupBy
func name is q8GroupBy
func url is http://ip-172-31-11-25.us-east-2.compute.internal:8080/function/q8GroupBy
func name is q8JoinStream
func url is http://ip-172-31-11-25.us-east-2.compute.internal:8080/function/q8JoinStream
func name is q8JoinStream
func url is http://ip-172-31-11-25.us-east-2.compute.internal:8080/function/q8JoinStream
func name is q8JoinStream
func url is http://ip-172-31-11-25.us-east-2.compute.internal:8080/function/q8JoinStream
func name is q8JoinStream
func url is http://ip-172-31-11-25.us-east-2.compute.internal:8080/function/q8JoinStream
func name is q8JoinStream
func url is http://ip-172-31-11-25.us-east-2.compute.internal:8080/function/q8JoinStream
func name is q8JoinStream
func url is http://ip-172-31-11-25.us-east-2.compute.internal:8080/function/q8JoinStream
func name is q8JoinStream
func url is http://ip-172-31-11-25.us-east-2.compute.internal:8080/function/q8JoinStream
func name is q8JoinStream
func url is http://ip-172-31-11-25.us-east-2.compute.internal:8080/function/q8JoinStream
func name is q8JoinStream
func url is http://ip-172-31-11-25.us-east-2.compute.internal:8080/function/q8JoinStream
func name is q8JoinStream
func url is http://ip-172-31-11-25.us-east-2.compute.internal:8080/function/q8JoinStream
func name is q8JoinStream
func url is http://ip-172-31-11-25.us-east-2.compute.internal:8080/function/q8JoinStream
func name is q8JoinStream
func url is http://ip-172-31-11-25.us-east-2.compute.internal:8080/function/q8JoinStream
encoded json is {"aid":"q8","numOutPartition":"EA==","numSubstreamProducer":"EBA=","outputTopicName":["q8_out"],"inputTopicName":["q8_aucsBySellerID_out","q8_personsByID_out"],"commEveryMs":100,"flushMs":100,"snapEveryS":10,"duration":180,"bufMaxSize":131072,"epoch":1,"waitEnd":true,"numChangelogPartition":16,"numInPartition":16,"ParNum":10,"gua":3,"serdeFormat":1}, node constraint is 5,6,7,8
encoded json is {"aid":"q8","numOutPartition":"EBA=","numSubstreamProducer":"AQ==","outputTopicName":["q8_aucsBySellerID_out","q8_personsByID_out"],"inputTopicName":["nexmark_src"],"commEveryMs":100,"flushMs":100,"snapEveryS":10,"duration":180,"bufMaxSize":131072,"epoch":1,"waitEnd":true,"numChangelogPartition":16,"numInPartition":16,"gua":3,"serdeFormat":1}, node constraint is 5,6,7,8
encoded json is {"aid":"q8","numOutPartition":"EA==","numSubstreamProducer":"EBA=","outputTopicName":["q8_out"],"inputTopicName":["q8_aucsBySellerID_out","q8_personsByID_out"],"commEveryMs":100,"flushMs":100,"snapEveryS":10,"duration":180,"bufMaxSize":131072,"epoch":1,"waitEnd":true,"numChangelogPartition":16,"numInPartition":16,"ParNum":11,"gua":3,"serdeFormat":1}, node constraint is 5,6,7,8
func name is q8JoinStream
func url is http://ip-172-31-11-25.us-east-2.compute.internal:8080/function/q8JoinStream
func name is q8GroupBy
func url is http://ip-172-31-11-25.us-east-2.compute.internal:8080/function/q8GroupBy
func name is q8JoinStream
func url is http://ip-172-31-11-25.us-east-2.compute.internal:8080/function/q8JoinStream
func name is q8JoinStream
func url is http://ip-172-31-11-25.us-east-2.compute.internal:8080/function/q8JoinStream
encoded json is {"aid":"q8","numOutPartition":"EA==","numSubstreamProducer":"EBA=","outputTopicName":["q8_out"],"inputTopicName":["q8_aucsBySellerID_out","q8_personsByID_out"],"commEveryMs":100,"flushMs":100,"snapEveryS":10,"duration":180,"bufMaxSize":131072,"epoch":1,"waitEnd":true,"numChangelogPartition":16,"numInPartition":16,"ParNum":14,"gua":3,"serdeFormat":1}, node constraint is 5,6,7,8
encoded json is {"aid":"q8","numOutPartition":"EBA=","numSubstreamProducer":"AQ==","outputTopicName":["q8_aucsBySellerID_out","q8_personsByID_out"],"inputTopicName":["nexmark_src"],"commEveryMs":100,"flushMs":100,"snapEveryS":10,"duration":180,"bufMaxSize":131072,"epoch":1,"waitEnd":true,"numChangelogPartition":16,"numInPartition":16,"ParNum":1,"gua":3,"serdeFormat":1}, node constraint is 5,6,7,8
func name is q8GroupBy
func url is http://ip-172-31-11-25.us-east-2.compute.internal:8080/function/q8GroupBy
encoded json is {"aid":"q8","numOutPartition":"EA==","numSubstreamProducer":"EBA=","outputTopicName":["q8_out"],"inputTopicName":["q8_aucsBySellerID_out","q8_personsByID_out"],"commEveryMs":100,"flushMs":100,"snapEveryS":10,"duration":180,"bufMaxSize":131072,"epoch":1,"waitEnd":true,"numChangelogPartition":16,"numInPartition":16,"ParNum":15,"gua":3,"serdeFormat":1}, node constraint is 5,6,7,8
encoded json is {"aid":"q8","numOutPartition":"EBA=","numSubstreamProducer":"AQ==","outputTopicName":["q8_aucsBySellerID_out","q8_personsByID_out"],"inputTopicName":["nexmark_src"],"commEveryMs":100,"flushMs":100,"snapEveryS":10,"duration":180,"bufMaxSize":131072,"epoch":1,"waitEnd":true,"numChangelogPartition":16,"numInPartition":16,"ParNum":10,"gua":3,"serdeFormat":1}, node constraint is 5,6,7,8
encoded json is {"aid":"q8","numOutPartition":"EBA=","numSubstreamProducer":"AQ==","outputTopicName":["q8_aucsBySellerID_out","q8_personsByID_out"],"inputTopicName":["nexmark_src"],"commEveryMs":100,"flushMs":100,"snapEveryS":10,"duration":180,"bufMaxSize":131072,"epoch":1,"waitEnd":true,"numChangelogPartition":16,"numInPartition":16,"ParNum":6,"gua":3,"serdeFormat":1}, node constraint is 5,6,7,8
encoded json is {"aid":"q8","numOutPartition":"EBA=","numSubstreamProducer":"AQ==","outputTopicName":["q8_aucsBySellerID_out","q8_personsByID_out"],"inputTopicName":["nexmark_src"],"commEveryMs":100,"flushMs":100,"snapEveryS":10,"duration":180,"bufMaxSize":131072,"epoch":1,"waitEnd":true,"numChangelogPartition":16,"numInPartition":16,"ParNum":2,"gua":3,"serdeFormat":1}, node constraint is 5,6,7,8
func name is q8GroupBy
func url is http://ip-172-31-11-25.us-east-2.compute.internal:8080/function/q8GroupBy
encoded json is {"aid":"q8","numOutPartition":"EBA=","numSubstreamProducer":"AQ==","outputTopicName":["q8_aucsBySellerID_out","q8_personsByID_out"],"inputTopicName":["nexmark_src"],"commEveryMs":100,"flushMs":100,"snapEveryS":10,"duration":180,"bufMaxSize":131072,"epoch":1,"waitEnd":true,"numChangelogPartition":16,"numInPartition":16,"ParNum":11,"gua":3,"serdeFormat":1}, node constraint is 5,6,7,8
func name is q8GroupBy
func url is http://ip-172-31-11-25.us-east-2.compute.internal:8080/function/q8GroupBy
encoded json is {"aid":"q8","numOutPartition":"EBA=","numSubstreamProducer":"AQ==","outputTopicName":["q8_aucsBySellerID_out","q8_personsByID_out"],"inputTopicName":["nexmark_src"],"commEveryMs":100,"flushMs":100,"snapEveryS":10,"duration":180,"bufMaxSize":131072,"epoch":1,"waitEnd":true,"numChangelogPartition":16,"numInPartition":16,"ParNum":5,"gua":3,"serdeFormat":1}, node constraint is 5,6,7,8
encoded json is {"aid":"q8","numOutPartition":"EBA=","numSubstreamProducer":"AQ==","outputTopicName":["q8_aucsBySellerID_out","q8_personsByID_out"],"inputTopicName":["nexmark_src"],"commEveryMs":100,"flushMs":100,"snapEveryS":10,"duration":180,"bufMaxSize":131072,"epoch":1,"waitEnd":true,"numChangelogPartition":16,"numInPartition":16,"ParNum":3,"gua":3,"serdeFormat":1}, node constraint is 5,6,7,8
encoded json is {"aid":"q8","numOutPartition":"EBA=","numSubstreamProducer":"AQ==","outputTopicName":["q8_aucsBySellerID_out","q8_personsByID_out"],"inputTopicName":["nexmark_src"],"commEveryMs":100,"flushMs":100,"snapEveryS":10,"duration":180,"bufMaxSize":131072,"epoch":1,"waitEnd":true,"numChangelogPartition":16,"numInPartition":16,"ParNum":8,"gua":3,"serdeFormat":1}, node constraint is 5,6,7,8
encoded json is {"aid":"q8","numOutPartition":"EBA=","numSubstreamProducer":"AQ==","outputTopicName":["q8_aucsBySellerID_out","q8_personsByID_out"],"inputTopicName":["nexmark_src"],"commEveryMs":100,"flushMs":100,"snapEveryS":10,"duration":180,"bufMaxSize":131072,"epoch":1,"waitEnd":true,"numChangelogPartition":16,"numInPartition":16,"ParNum":13,"gua":3,"serdeFormat":1}, node constraint is 5,6,7,8
encoded json is {"aid":"q8","numOutPartition":"EBA=","numSubstreamProducer":"AQ==","outputTopicName":["q8_aucsBySellerID_out","q8_personsByID_out"],"inputTopicName":["nexmark_src"],"commEveryMs":100,"flushMs":100,"snapEveryS":10,"duration":180,"bufMaxSize":131072,"epoch":1,"waitEnd":true,"numChangelogPartition":16,"numInPartition":16,"ParNum":12,"gua":3,"serdeFormat":1}, node constraint is 5,6,7,8
encoded json is {"aid":"q8","numOutPartition":"EBA=","numSubstreamProducer":"AQ==","outputTopicName":["q8_aucsBySellerID_out","q8_personsByID_out"],"inputTopicName":["nexmark_src"],"commEveryMs":100,"flushMs":100,"snapEveryS":10,"duration":180,"bufMaxSize":131072,"epoch":1,"waitEnd":true,"numChangelogPartition":16,"numInPartition":16,"ParNum":15,"gua":3,"serdeFormat":1}, node constraint is 5,6,7,8
encoded json is {"aid":"q8","numOutPartition":"EA==","numSubstreamProducer":"EBA=","outputTopicName":["q8_out"],"inputTopicName":["q8_aucsBySellerID_out","q8_personsByID_out"],"commEveryMs":100,"flushMs":100,"snapEveryS":10,"duration":180,"bufMaxSize":131072,"epoch":1,"waitEnd":true,"numChangelogPartition":16,"numInPartition":16,"gua":3,"serdeFormat":1}, node constraint is 5,6,7,8
encoded json is {"aid":"q8","numOutPartition":"EBA=","numSubstreamProducer":"AQ==","outputTopicName":["q8_aucsBySellerID_out","q8_personsByID_out"],"inputTopicName":["nexmark_src"],"commEveryMs":100,"flushMs":100,"snapEveryS":10,"duration":180,"bufMaxSize":131072,"epoch":1,"waitEnd":true,"numChangelogPartition":16,"numInPartition":16,"ParNum":14,"gua":3,"serdeFormat":1}, node constraint is 5,6,7,8
encoded json is {"aid":"q8","numOutPartition":"EBA=","numSubstreamProducer":"AQ==","outputTopicName":["q8_aucsBySellerID_out","q8_personsByID_out"],"inputTopicName":["nexmark_src"],"commEveryMs":100,"flushMs":100,"snapEveryS":10,"duration":180,"bufMaxSize":131072,"epoch":1,"waitEnd":true,"numChangelogPartition":16,"numInPartition":16,"ParNum":9,"gua":3,"serdeFormat":1}, node constraint is 5,6,7,8
source-3 invoke done
source-12 invoke done
source-7 invoke done
source-6 invoke done
source-1 invoke done
source-5 invoke done
source-4 invoke done
source-0 invoke done
source-10 invoke done
source-2 invoke done
source-14 invoke done
source-8 invoke done
source-9 invoke done
source-13 invoke done
source-15 invoke done
source-11 invoke done
q8GroupBy-12 call done
q8GroupBy-1 call done
q8GroupBy-6 call done
q8GroupBy-4 call done
q8GroupBy-2 call done
q8GroupBy-9 call done
q8GroupBy-11 call done
q8GroupBy-14 call done
q8GroupBy-8 call done
q8GroupBy-0 call done
q8GroupBy-15 call done
q8GroupBy-13 call done
q8GroupBy-5 call done
q8GroupBy-7 call done
q8GroupBy-10 call done
q8GroupBy-3 call done
q8JoinStream-2 call done
q8JoinStream-12 call done
q8JoinStream-4 call done
q8JoinStream-8 call done
q8JoinStream-13 call done
q8JoinStream-0 call done
q8JoinStream-15 call done
q8JoinStream-1 call done
q8JoinStream-5 call done
q8JoinStream-10 call done
q8JoinStream-6 call done
q8JoinStream-9 call done
q8JoinStream-14 call done
q8JoinStream-11 call done
q8JoinStream-3 call done
q8JoinStream-7 call done
sink processed: 1260001, throughput: (event/s) 6999.91106659492
sink_ctrl processed: 1, throughput: (event/s) 0.005555480564376472
source-0 duration: 180.002429747

sink processed: 1259995, throughput: (event/s) 6999.699903719483
sink_ctrl processed: 1, throughput: (event/s) 0.005555339428902085
source-1 duration: 180.007002776

sink processed: 1260001, throughput: (event/s) 6999.898193022599
sink_ctrl processed: 1, throughput: (event/s) 0.0055554703472636925
source-2 duration: 180.002760791

sink processed: 1260001, throughput: (event/s) 6999.868836956268
sink_ctrl processed: 1, throughput: (event/s) 0.00555544704881684
source-3 duration: 180.003515687

sink processed: 1260001, throughput: (event/s) 6999.903907578724
sink_ctrl processed: 1, throughput: (event/s) 0.005555474882622096
source-4 duration: 180.002613841

sink processed: 1260001, throughput: (event/s) 6999.725656320228
sink_ctrl processed: 1, throughput: (event/s) 0.005555333413481599
source-5 duration: 180.007197691

sink processed: 1260001, throughput: (event/s) 6999.885698690479
sink_ctrl processed: 1, throughput: (event/s) 0.005555460431134958
source-6 duration: 180.003082084

sink processed: 1260001, throughput: (event/s) 6999.894166745228
sink_ctrl processed: 1, throughput: (event/s) 0.005555467151807997
source-7 duration: 180.002864327

sink processed: 1260001, throughput: (event/s) 6999.8934559173595
sink_ctrl processed: 1, throughput: (event/s) 0.005555466587659342
source-8 duration: 180.002882606

sink processed: 1260001, throughput: (event/s) 6999.8817662631245
sink_ctrl processed: 1, throughput: (event/s) 0.005555457310163344
source-9 duration: 180.003183207

sink processed: 1260001, throughput: (event/s) 6999.907213509117
sink_ctrl processed: 1, throughput: (event/s) 0.0055554775063742946
source-10 duration: 180.002528829

sink_ctrl processed: 1, throughput: (event/s) 0.005555354689608424
sink processed: 1260001, throughput: (event/s) 6999.752464261304
source-11 duration: 180.006508292

sink processed: 1260001, throughput: (event/s) 6999.929267409762
sink_ctrl processed: 1, throughput: (event/s) 0.0055554950094561534
source-12 duration: 180.001961715

sink processed: 1260001, throughput: (event/s) 6999.85920148828
sink_ctrl processed: 1, throughput: (event/s) 0.005555439401626094
source-13 duration: 180.003763466

sink processed: 1260001, throughput: (event/s) 6999.901579795256
sink_ctrl processed: 1, throughput: (event/s) 0.005555473035176366
source-14 duration: 180.0026737

sink processed: 1260001, throughput: (event/s) 6999.8686024263625
sink_ctrl processed: 1, throughput: (event/s) 0.005555446862682142
source-15 duration: 180.003521718

sink_ctrl processed 16 events, duration: 180.007197691, tp: 0.088885
sink processed 20160010 events, duration: 180.007197691, tp: 111995.577169

nexmark_src_src_ctrl processed: 1, throughput: (event/s) 0.005546250769324257
nexmark_src_src_data processed: 1260000, throughput: (event/s) 6988.275969348564
nexmark_src_src_epoch processed: 0, throughput: (event/s) 0
nexmark_src_src_logEntry processed: 3642, throughput: (event/s) 20.199445301878946
personsByIDSink processed: 25200, throughput: (event/s) 139.76551938697128
auctionsBySellerIDSink processed: 75600, throughput: (event/s) 419.29655816091383
nexmark_src_src processed: 1260001, throughput: (event/s) 6988.281515599333
q8GroupBy-0 duration: 180.30198085

personsByIDSink processed: 25199, throughput: (event/s) 139.82038950562736
auctionsBySellerIDSink processed: 75599, throughput: (event/s) 419.47226581356097
nexmark_src_src processed: 1259995, throughput: (event/s) 6991.269164456643
nexmark_src_src_ctrl processed: 1, throughput: (event/s) 0.005548648339443127
nexmark_src_src_data processed: 1259994, throughput: (event/s) 6991.263615808303
nexmark_src_src_epoch processed: 0, throughput: (event/s) 0
nexmark_src_src_logEntry processed: 3629, throughput: (event/s) 20.136044823839107
q8GroupBy-1 duration: 180.224072391

nexmark_src_src processed: 1260001, throughput: (event/s) 6991.557290097067
nexmark_src_src_ctrl processed: 1, throughput: (event/s) 0.005548850588290856
nexmark_src_src_data processed: 1260000, throughput: (event/s) 6991.55174124648
nexmark_src_src_epoch processed: 0, throughput: (event/s) 0
nexmark_src_src_logEntry processed: 3585, throughput: (event/s) 19.89262935902272
personsByIDSink processed: 25200, throughput: (event/s) 139.8310348249296
auctionsBySellerIDSink processed: 75600, throughput: (event/s) 419.49310447478877
q8GroupBy-2 duration: 180.217503443

nexmark_src_src_logEntry processed: 3581, throughput: (event/s) 19.8515282642171
personsByIDSink processed: 25200, throughput: (event/s) 139.69799281158083
auctionsBySellerIDSink processed: 75600, throughput: (event/s) 419.0939784347425
nexmark_src_src processed: 1260001, throughput: (event/s) 6984.905184150185
nexmark_src_src_ctrl processed: 1, throughput: (event/s) 0.005543571143316699
nexmark_src_src_data processed: 1260000, throughput: (event/s) 6984.899640579041
nexmark_src_src_epoch processed: 0, throughput: (event/s) 0
q8GroupBy-3 duration: 180.389134395

personsByIDSink processed: 25200, throughput: (event/s) 139.8302511369748
auctionsBySellerIDSink processed: 75600, throughput: (event/s) 419.4907534109244
nexmark_src_src processed: 1260001, throughput: (event/s) 6991.5181056682295
nexmark_src_src_ctrl processed: 1, throughput: (event/s) 0.005548819489562492
nexmark_src_src_data processed: 1260000, throughput: (event/s) 6991.51255684874
nexmark_src_src_epoch processed: 0, throughput: (event/s) 0
nexmark_src_src_logEntry processed: 3597, throughput: (event/s) 19.959103703956284
q8GroupBy-4 duration: 180.218513484

personsByIDSink processed: 25200, throughput: (event/s) 139.7142634594668
auctionsBySellerIDSink processed: 75600, throughput: (event/s) 419.1427903784004
nexmark_src_src processed: 1260001, throughput: (event/s) 6985.718717190144
nexmark_src_src_ctrl processed: 1, throughput: (event/s) 0.005544216803947095
nexmark_src_src_data processed: 1260000, throughput: (event/s) 6985.71317297334
nexmark_src_src_epoch processed: 0, throughput: (event/s) 0
nexmark_src_src_logEntry processed: 3626, throughput: (event/s) 20.103330131112166
q8GroupBy-5 duration: 180.36812689

nexmark_src_src_logEntry processed: 3660, throughput: (event/s) 20.307928565984586
personsByIDSink processed: 25200, throughput: (event/s) 139.82508192972995
auctionsBySellerIDSink processed: 75600, throughput: (event/s) 419.47524578918984
nexmark_src_src processed: 1260001, throughput: (event/s) 6991.259645100859
nexmark_src_src_ctrl processed: 1, throughput: (event/s) 0.005548614362290871
nexmark_src_src_data processed: 1260000, throughput: (event/s) 6991.2540964864975
nexmark_src_src_epoch processed: 0, throughput: (event/s) 0
q8GroupBy-6 duration: 180.225176

nexmark_src_src_ctrl processed: 1, throughput: (event/s) 0.005544101164174891
nexmark_src_src_data processed: 1260000, throughput: (event/s) 6985.567466860362
nexmark_src_src_epoch processed: 0, throughput: (event/s) 0
nexmark_src_src_logEntry processed: 3584, throughput: (event/s) 19.870058572402808
personsByIDSink processed: 25200, throughput: (event/s) 139.71134933720725
auctionsBySellerIDSink processed: 75600, throughput: (event/s) 419.1340480116217
nexmark_src_src processed: 1260001, throughput: (event/s) 6985.573010961526
q8GroupBy-7 duration: 180.371889038

auctionsBySellerIDSink processed: 75600, throughput: (event/s) 419.31281367031596
nexmark_src_src processed: 1260001, throughput: (event/s) 6988.552440971055
nexmark_src_src_ctrl processed: 1, throughput: (event/s) 0.005546465789289893
nexmark_src_src_data processed: 1260000, throughput: (event/s) 6988.546894505265
nexmark_src_src_epoch processed: 0, throughput: (event/s) 0
nexmark_src_src_logEntry processed: 3611, throughput: (event/s) 20.028287965125806
personsByIDSink processed: 25200, throughput: (event/s) 139.7709378901053
q8GroupBy-8 duration: 180.294991079

personsByIDSink processed: 25200, throughput: (event/s) 139.832647407414
auctionsBySellerIDSink processed: 75600, throughput: (event/s) 419.49794222224193
nexmark_src_src processed: 1260001, throughput: (event/s) 6991.637919285278
nexmark_src_src_ctrl processed: 1, throughput: (event/s) 0.005548914579659285
nexmark_src_src_data processed: 1260000, throughput: (event/s) 6991.632370370699
nexmark_src_src_epoch processed: 0, throughput: (event/s) 0
nexmark_src_src_logEntry processed: 3574, throughput: (event/s) 19.831820707702285
q8GroupBy-9 duration: 180.215425133

auctionsBySellerIDSink processed: 75600, throughput: (event/s) 419.187924416076
nexmark_src_src processed: 1260001, throughput: (event/s) 6986.470951748414
nexmark_src_src_ctrl processed: 1, throughput: (event/s) 0.00554481381502746
nexmark_src_src_data processed: 1260000, throughput: (event/s) 6986.4654069346
nexmark_src_src_epoch processed: 0, throughput: (event/s) 0
nexmark_src_src_logEntry processed: 3581, throughput: (event/s) 19.855978271613335
personsByIDSink processed: 25200, throughput: (event/s) 139.729308138692
q8GroupBy-10 duration: 180.348706622

nexmark_src_src_epoch processed: 0, throughput: (event/s) 0
nexmark_src_src_logEntry processed: 3589, throughput: (event/s) 19.914565731190315
personsByIDSink processed: 25200, throughput: (event/s) 139.82921605628195
auctionsBySellerIDSink processed: 75600, throughput: (event/s) 419.48764816884585
nexmark_src_src processed: 1260001, throughput: (event/s) 6991.466351592513
nexmark_src_src_ctrl processed: 1, throughput: (event/s) 0.005548778414931824
nexmark_src_src_data processed: 1260000, throughput: (event/s) 6991.460802814098
q8GroupBy-11 duration: 180.219847545

nexmark_src_src_ctrl processed: 1, throughput: (event/s) 0.005548862633695464
nexmark_src_src_data processed: 1260000, throughput: (event/s) 6991.566918456285
nexmark_src_src_epoch processed: 0, throughput: (event/s) 0
nexmark_src_src_logEntry processed: 3579, throughput: (event/s) 19.859379365996066
personsByIDSink processed: 25200, throughput: (event/s) 139.8313383691257
auctionsBySellerIDSink processed: 75600, throughput: (event/s) 419.4940151073771
nexmark_src_src processed: 1260001, throughput: (event/s) 6991.572467318918
q8GroupBy-12 duration: 180.217112229

nexmark_src_src_data processed: 1260000, throughput: (event/s) 6986.679917599067
nexmark_src_src_epoch processed: 0, throughput: (event/s) 0
nexmark_src_src_logEntry processed: 3657, throughput: (event/s) 20.278006713222055
personsByIDSink processed: 25200, throughput: (event/s) 139.73359835198133
auctionsBySellerIDSink processed: 75600, throughput: (event/s) 419.200795055944
nexmark_src_src processed: 1260001, throughput: (event/s) 6986.685462583128
nexmark_src_src_ctrl processed: 1, throughput: (event/s) 0.005544984061586561
q8GroupBy-13 duration: 180.343169411

nexmark_src_src processed: 1260001, throughput: (event/s) 6988.553244463816
nexmark_src_src_ctrl processed: 1, throughput: (event/s) 0.005546466426982055
nexmark_src_src_data processed: 1260000, throughput: (event/s) 6988.547697997389
nexmark_src_src_epoch processed: 0, throughput: (event/s) 0
nexmark_src_src_logEntry processed: 3617, throughput: (event/s) 20.061569066394092
personsByIDSink processed: 25200, throughput: (event/s) 139.77095395994778
auctionsBySellerIDSink processed: 75600, throughput: (event/s) 419.31286187984335
q8GroupBy-14 duration: 180.29497035

nexmark_src_src_data processed: 1260000, throughput: (event/s) 6988.503343330175
nexmark_src_src_epoch processed: 0, throughput: (event/s) 0
nexmark_src_src_logEntry processed: 3661, throughput: (event/s) 20.305484714231564
personsByIDSink processed: 25200, throughput: (event/s) 139.77006686660349
auctionsBySellerIDSink processed: 75600, throughput: (event/s) 419.3102005998105
nexmark_src_src processed: 1260001, throughput: (event/s) 6988.5088897614
nexmark_src_src_ctrl processed: 1, throughput: (event/s) 0.0055464312248652186
q8GroupBy-15 duration: 180.296114647

nexmark_src_src_logEntry processed 57773 events, duration: 180.389134395
personsByIDSink processed 403199 events, duration: 180.389134395
auctionsBySellerIDSink processed 1209599 events, duration: 180.389134395
nexmark_src_src processed 20160010 events, duration: 180.389134395
nexmark_src_src_ctrl processed 16 events, duration: 180.389134395
nexmark_src_src_data processed 20159994 events, duration: 180.389134395
nexmark_src_src_epoch processed 0 events, duration: 180.389134395

eventTimeLatency_sink, p50: 403 ms, p90: 616 ms, p99: 795 ms
personsByIDSrc_ctrl processed: 16, throughput: (event/s) 0.08868561443080046
personsByIDSrc_epoch processed: 9875, throughput: (event/s) 54.735652656509664
auctionsBySellerIDSrc_ctrl processed: 16, throughput: (event/s) 0.08868561443080046
auctionsBySellerIDSrc_logEntry processed: 9004, throughput: (event/s) 49.907829520932964
personsByIDSrc_data processed: 24880, throughput: (event/s) 137.90613043989472
auctionsBySellerIDSrc processed: 78198, throughput: (event/s) 433.4398548287334
auctionsBySellerIDSrc_epoch processed: 9003, throughput: (event/s) 49.90228667003104
personsByIDSrc processed: 34771, throughput: (event/s) 192.7304687108352
personsByIDSrc_logEntry processed: 9875, throughput: (event/s) 54.735652656509664
sink processed: 1107155, throughput: (event/s) 6136.795090320806
auctionsBySellerIDSrc_data processed: 69179, throughput: (event/s) 383.44888254427156
q8JoinStream-0 duration: 180.412574268

eventTimeLatency_sink, p50: 373 ms, p90: 576 ms, p99: 724 ms
auctionsBySellerIDSrc_data processed: 72812, throughput: (event/s) 403.32609076486665
auctionsBySellerIDSrc_logEntry processed: 9087, throughput: (event/s) 50.3354417785577
auctionsBySellerIDSrc_epoch processed: 9087, throughput: (event/s) 50.3354417785577
personsByIDSrc processed: 35384, throughput: (event/s) 196.0019007254854
personsByIDSrc_epoch processed: 9928, throughput: (event/s) 54.993976667494316
auctionsBySellerIDSrc_ctrl processed: 16, throughput: (event/s) 0.08862848778000697
personsByIDSrc_ctrl processed: 16, throughput: (event/s) 0.08862848778000697
personsByIDSrc_logEntry processed: 9928, throughput: (event/s) 54.993976667494316
sink processed: 1165423, throughput: (event/s) 6455.604882127441
auctionsBySellerIDSrc processed: 81915, throughput: (event/s) 453.7501610312044
personsByIDSrc_data processed: 25440, throughput: (event/s) 140.91929557021106
q8JoinStream-1 duration: 180.528861552

eventTimeLatency_sink, p50: 380 ms, p90: 605 ms, p99: 787 ms
personsByIDSrc_logEntry processed: 9872, throughput: (event/s) 54.731347840551244
sink processed: 944917, throughput: (event/s) 5238.7136352765565
auctionsBySellerIDSrc_ctrl processed: 16, throughput: (event/s) 0.08870558807220623
personsByIDSrc_epoch processed: 9872, throughput: (event/s) 54.731347840551244
auctionsBySellerIDSrc_data processed: 59033, throughput: (event/s) 327.2848112916594
auctionsBySellerIDSrc_logEntry processed: 9094, throughput: (event/s) 50.418038620540216
auctionsBySellerIDSrc_epoch processed: 9094, throughput: (event/s) 50.418038620540216
personsByIDSrc_ctrl processed: 16, throughput: (event/s) 0.08870558807220623
personsByIDSrc processed: 35344, throughput: (event/s) 195.9506440515036
personsByIDSrc_data processed: 25456, throughput: (event/s) 141.1305906228801
auctionsBySellerIDSrc processed: 68143, throughput: (event/s) 377.79155550027184
q8JoinStream-2 duration: 180.371951167

eventTimeLatency_sink, p50: 368 ms, p90: 567 ms, p99: 741 ms
personsByIDSrc processed: 34079, throughput: (event/s) 188.84250068487285
personsByIDSrc_logEntry processed: 9759, throughput: (event/s) 54.077700759519765
auctionsBySellerIDSrc_logEntry processed: 8992, throughput: (event/s) 49.82751155134765
auctionsBySellerIDSrc_epoch processed: 8991, throughput: (event/s) 49.821970235561245
sink processed: 1442658, throughput: (event/s) 7994.223549782484
personsByIDSrc_epoch processed: 9759, throughput: (event/s) 54.077700759519765
personsByIDSrc_ctrl processed: 16, throughput: (event/s) 0.08866105258246913
auctionsBySellerIDSrc processed: 99145, throughput: (event/s) 549.3937536430564
auctionsBySellerIDSrc_ctrl processed: 16, throughput: (event/s) 0.08866105258246913
auctionsBySellerIDSrc_data processed: 90138, throughput: (event/s) 499.4831223549126
personsByIDSrc_data processed: 24304, throughput: (event/s) 134.6761388727706
q8JoinStream-3 duration: 180.46255412

eventTimeLatency_sink, p50: 390 ms, p90: 599 ms, p99: 794 ms
auctionsBySellerIDSrc_epoch processed: 8939, throughput: (event/s) 49.56335844773779
personsByIDSrc_ctrl processed: 16, throughput: (event/s) 0.08871392047922638
personsByIDSrc_epoch processed: 9649, throughput: (event/s) 53.50003866900346
personsByIDSrc_logEntry processed: 9649, throughput: (event/s) 53.50003866900346
auctionsBySellerIDSrc_data processed: 72204, throughput: (event/s) 400.34374464262885
personsByIDSrc processed: 33601, throughput: (event/s) 186.30477762640535
sink processed: 1155616, throughput: (event/s) 6407.4516205326045
auctionsBySellerIDSrc_logEntry processed: 8943, throughput: (event/s) 49.585536927857596
personsByIDSrc_data processed: 23936, throughput: (event/s) 132.71602503692267
auctionsBySellerIDSrc processed: 81159, throughput: (event/s) 449.9958170108459
auctionsBySellerIDSrc_ctrl processed: 16, throughput: (event/s) 0.08871392047922638
q8JoinStream-4 duration: 180.355009829

eventTimeLatency_sink, p50: 383 ms, p90: 569 ms, p99: 731 ms
auctionsBySellerIDSrc_ctrl processed: 16, throughput: (event/s) 0.0886384841253008
auctionsBySellerIDSrc_data processed: 73545, throughput: (event/s) 407.432332187203
auctionsBySellerIDSrc_logEntry processed: 9199, throughput: (event/s) 50.96158846679013
auctionsBySellerIDSrc_epoch processed: 9199, throughput: (event/s) 50.96158846679013
personsByIDSrc_data processed: 25888, throughput: (event/s) 143.4170673147367
personsByIDSrc_ctrl processed: 16, throughput: (event/s) 0.0886384841253008
personsByIDSrc_epoch processed: 9961, throughput: (event/s) 55.18299627325759
auctionsBySellerIDSrc processed: 82760, throughput: (event/s) 458.4825591381184
personsByIDSrc processed: 35865, throughput: (event/s) 198.68870207211958
personsByIDSrc_logEntry processed: 9961, throughput: (event/s) 55.18299627325759
sink processed: 1177111, throughput: (event/s) 6521.08341795106
q8JoinStream-5 duration: 180.508502124

eventTimeLatency_sink, p50: 366 ms, p90: 587 ms, p99: 786 ms
personsByIDSrc_ctrl processed: 16, throughput: (event/s) 0.0886601432103242
personsByIDSrc_data processed: 24672, throughput: (event/s) 136.71394083031993
personsByIDSrc_epoch processed: 9918, throughput: (event/s) 54.958206272499716
auctionsBySellerIDSrc processed: 85232, throughput: (event/s) 472.29258288139704
sink processed: 1219294, throughput: (event/s) 6756.423790968065
personsByIDSrc processed: 34606, throughput: (event/s) 191.76080724602994
auctionsBySellerIDSrc_logEntry processed: 9034, throughput: (event/s) 50.0597333601293
auctionsBySellerIDSrc_ctrl processed: 16, throughput: (event/s) 0.0886601432103242
auctionsBySellerIDSrc_data processed: 76182, throughput: (event/s) 422.1441893780574
auctionsBySellerIDSrc_epoch processed: 9034, throughput: (event/s) 50.0597333601293
personsByIDSrc_logEntry processed: 9918, throughput: (event/s) 54.958206272499716
q8JoinStream-6 duration: 180.464405094

eventTimeLatency_sink, p50: 378 ms, p90: 604 ms, p99: 817 ms
auctionsBySellerIDSrc_logEntry processed: 9194, throughput: (event/s) 50.88666464358364
personsByIDSrc_data processed: 25344, throughput: (event/s) 140.27318128420535
auctionsBySellerIDSrc_ctrl processed: 16, throughput: (event/s) 0.0885563013157862
auctionsBySellerIDSrc_data processed: 116119, throughput: (event/s) 642.6918220304862
personsByIDSrc processed: 35327, throughput: (event/s) 195.5267785364237
personsByIDSrc_ctrl processed: 16, throughput: (event/s) 0.0885563013157862
personsByIDSrc_epoch processed: 9967, throughput: (event/s) 55.165040950902565
personsByIDSrc_logEntry processed: 9967, throughput: (event/s) 55.165040950902565
sink processed: 1858702, throughput: (event/s) 10287.485898015902
auctionsBySellerIDSrc processed: 125328, throughput: (event/s) 693.6615082065533
auctionsBySellerIDSrc_epoch processed: 9193, throughput: (event/s) 50.88112987475141
q8JoinStream-7 duration: 180.676019236

eventTimeLatency_sink, p50: 367 ms, p90: 572 ms, p99: 734 ms
auctionsBySellerIDSrc_ctrl processed: 16, throughput: (event/s) 0.08868075266405248
auctionsBySellerIDSrc_epoch processed: 9090, throughput: (event/s) 50.381752607264815
auctionsBySellerIDSrc_logEntry processed: 9091, throughput: (event/s) 50.38729515430632
auctionsBySellerIDSrc_data processed: 62580, throughput: (event/s) 346.8525938572753
personsByIDSrc_ctrl processed: 16, throughput: (event/s) 0.08868075266405248
personsByIDSrc_data processed: 26128, throughput: (event/s) 144.8156691003977
sink processed: 1001698, throughput: (event/s) 5551.958286379753
auctionsBySellerIDSrc processed: 71686, throughput: (event/s) 397.3230272172041
personsByIDSrc processed: 36000, throughput: (event/s) 199.5316934941181
personsByIDSrc_logEntry processed: 9856, throughput: (event/s) 54.62734364105633
personsByIDSrc_epoch processed: 9856, throughput: (event/s) 54.62734364105633
q8JoinStream-8 duration: 180.422465071

eventTimeLatency_sink, p50: 362 ms, p90: 539 ms, p99: 720 ms
personsByIDSrc_data processed: 25808, throughput: (event/s) 142.9817145195973
auctionsBySellerIDSrc_ctrl processed: 16, throughput: (event/s) 0.08864334440148622
auctionsBySellerIDSrc_logEntry processed: 9196, throughput: (event/s) 50.947762194754205
personsByIDSrc_ctrl processed: 16, throughput: (event/s) 0.08864334440148622
personsByIDSrc processed: 35910, throughput: (event/s) 198.94890609108563
personsByIDSrc_epoch processed: 10086, throughput: (event/s) 55.87854822708688
auctionsBySellerIDSrc processed: 86109, throughput: (event/s) 477.0618589417236
auctionsBySellerIDSrc_data processed: 76898, throughput: (event/s) 426.030993611593
personsByIDSrc_logEntry processed: 10086, throughput: (event/s) 55.87854822708688
sink processed: 1230790, throughput: (event/s) 6818.833865994077
auctionsBySellerIDSrc_epoch processed: 9195, throughput: (event/s) 50.94222198572911
q8JoinStream-9 duration: 180.498604921

eventTimeLatency_sink, p50: 369 ms, p90: 561 ms, p99: 758 ms
auctionsBySellerIDSrc processed: 89335, throughput: (event/s) 495.1943742579112
personsByIDSrc_epoch processed: 9848, throughput: (event/s) 54.58861809695986
personsByIDSrc_logEntry processed: 9848, throughput: (event/s) 54.58861809695986
sink processed: 1283740, throughput: (event/s) 7115.9212627732795
auctionsBySellerIDSrc_ctrl processed: 16, throughput: (event/s) 0.08868987505598679
personsByIDSrc_data processed: 25600, throughput: (event/s) 141.90380008957885
auctionsBySellerIDSrc_logEntry processed: 9122, throughput: (event/s) 50.564315016294465
auctionsBySellerIDSrc_data processed: 80206, throughput: (event/s) 444.59125742127975
personsByIDSrc processed: 35464, throughput: (event/s) 196.5811080615947
personsByIDSrc_ctrl processed: 16, throughput: (event/s) 0.08868987505598679
auctionsBySellerIDSrc_epoch processed: 9113, throughput: (event/s) 50.514426961575474
q8JoinStream-10 duration: 180.403907322

eventTimeLatency_sink, p50: 359 ms, p90: 521 ms, p99: 709 ms
personsByIDSrc_ctrl processed: 16, throughput: (event/s) 0.08868344097131238
personsByIDSrc_logEntry processed: 9873, throughput: (event/s) 54.723225794360445
personsByIDSrc_epoch processed: 9873, throughput: (event/s) 54.723225794360445
sink processed: 1398010, throughput: (event/s) 7748.771082019026
auctionsBySellerIDSrc processed: 96565, throughput: (event/s) 535.2322798371737
auctionsBySellerIDSrc_ctrl processed: 16, throughput: (event/s) 0.08868344097131238
auctionsBySellerIDSrc_logEntry processed: 9201, throughput: (event/s) 50.99852127356532
auctionsBySellerIDSrc_epoch processed: 9201, throughput: (event/s) 50.99852127356532
auctionsBySellerIDSrc_data processed: 87348, throughput: (event/s) 484.1450751226371
personsByIDSrc processed: 34976, throughput: (event/s) 193.86200196328886
personsByIDSrc_data processed: 25087, throughput: (event/s) 139.0500927279571
q8JoinStream-11 duration: 180.416995831

eventTimeLatency_sink, p50: 361 ms, p90: 553 ms, p99: 704 ms
auctionsBySellerIDSrc_epoch processed: 9157, throughput: (event/s) 50.759294622550634
personsByIDSrc_logEntry processed: 10057, throughput: (event/s) 55.74819548094264
auctionsBySellerIDSrc processed: 72124, throughput: (event/s) 399.7994283451832
sink processed: 949781, throughput: (event/s) 5264.848051316017
auctionsBySellerIDSrc_ctrl processed: 16, throughput: (event/s) 0.08869157081585784
personsByIDSrc_ctrl processed: 16, throughput: (event/s) 0.08869157081585784
auctionsBySellerIDSrc_data processed: 62951, throughput: (event/s) 348.95144215181665
auctionsBySellerIDSrc_logEntry processed: 9157, throughput: (event/s) 50.759294622550634
personsByIDSrc processed: 36137, throughput: (event/s) 200.31545591079092
personsByIDSrc_data processed: 26064, throughput: (event/s) 144.4785688590324
personsByIDSrc_epoch processed: 10057, throughput: (event/s) 55.74819548094264
q8JoinStream-12 duration: 180.400458046

eventTimeLatency_sink, p50: 391 ms, p90: 622 ms, p99: 812 ms
personsByIDSrc_logEntry processed: 9772, throughput: (event/s) 54.125453310075024
sink processed: 929060, throughput: (event/s) 5145.906022539736
auctionsBySellerIDSrc_ctrl processed: 16, throughput: (event/s) 0.08862129072464188
personsByIDSrc processed: 34252, throughput: (event/s) 189.7160281187771
auctionsBySellerIDSrc_epoch processed: 8947, throughput: (event/s) 49.55591800708568
auctionsBySellerIDSrc_logEntry processed: 8954, throughput: (event/s) 49.594689821777706
auctionsBySellerIDSrc processed: 67013, throughput: (event/s) 371.1736597081516
personsByIDSrc_ctrl processed: 16, throughput: (event/s) 0.08862129072464188
personsByIDSrc_data processed: 24464, throughput: (event/s) 135.50195351797743
personsByIDSrc_epoch processed: 9772, throughput: (event/s) 54.125453310075024
auctionsBySellerIDSrc_data processed: 58050, throughput: (event/s) 321.5291204103413
q8JoinStream-13 duration: 180.543522546

eventTimeLatency_sink, p50: 349 ms, p90: 565 ms, p99: 767 ms
personsByIDSrc_data processed: 24816, throughput: (event/s) 137.4414220615435
personsByIDSrc_epoch processed: 9846, throughput: (event/s) 54.531279884669466
auctionsBySellerIDSrc processed: 88639, throughput: (event/s) 490.9199794533025
personsByIDSrc_logEntry processed: 9846, throughput: (event/s) 54.531279884669466
personsByIDSrc processed: 34678, throughput: (event/s) 192.06131666063047
auctionsBySellerIDSrc_data processed: 79591, throughput: (event/s) 440.8083584502059
auctionsBySellerIDSrc_logEntry processed: 9032, throughput: (event/s) 50.02300628867912
personsByIDSrc_ctrl processed: 16, throughput: (event/s) 0.08861471441750066
sink processed: 1273960, throughput: (event/s) 7055.725098707446
auctionsBySellerIDSrc_ctrl processed: 16, throughput: (event/s) 0.08861471441750066
auctionsBySellerIDSrc_epoch processed: 9032, throughput: (event/s) 50.02300628867912
q8JoinStream-14 duration: 180.556921107

eventTimeLatency_sink, p50: 362 ms, p90: 551 ms, p99: 732 ms
auctionsBySellerIDSrc_data processed: 72763, throughput: (event/s) 403.167260712295
personsByIDSrc processed: 35203, throughput: (event/s) 195.05376467235988
personsByIDSrc_ctrl processed: 16, throughput: (event/s) 0.08865324644938664
auctionsBySellerIDSrc_logEntry processed: 9079, throughput: (event/s) 50.30517653212383
sink processed: 1164552, throughput: (event/s) 6452.582216195382
personsByIDSrc_epoch processed: 9875, throughput: (event/s) 54.71567554298082
personsByIDSrc_logEntry processed: 9875, throughput: (event/s) 54.71567554298082
personsByIDSrc_data processed: 25312, throughput: (event/s) 140.24943588292967
auctionsBySellerIDSrc processed: 81855, throughput: (event/s) 453.54446800715897
auctionsBySellerIDSrc_ctrl processed: 16, throughput: (event/s) 0.08865324644938664
auctionsBySellerIDSrc_epoch processed: 9076, throughput: (event/s) 50.28855404841457
q8JoinStream-15 duration: 180.478444285

personsByIDSrc_ctrl processed 256 events, duration: 180.676019236
auctionsBySellerIDSrc_logEntry processed 145379 events, duration: 180.676019236
personsByIDSrc_logEntry processed 158142 events, duration: 180.676019236
sink processed 19302467 events, duration: 180.676019236
auctionsBySellerIDSrc_data processed 1209599 events, duration: 180.676019236
personsByIDSrc_epoch processed 158142 events, duration: 180.676019236
auctionsBySellerIDSrc_ctrl processed 256 events, duration: 180.676019236
personsByIDSrc_data processed 403199 events, duration: 180.676019236
auctionsBySellerIDSrc processed 1355206 events, duration: 180.676019236
auctionsBySellerIDSrc_epoch processed 145351 events, duration: 180.676019236
personsByIDSrc processed 561597 events, duration: 180.676019236

