wait for last: true, sink max_buf_size: 131072
warmup: 0
config: map[NodeConstraint:"1,2,3,4" NumInstance:8 OutputTopicName:["nexmark_src"] funcName:"source"]
config: map[InputTopicNames:["nexmark_src"] NodeConstraint:"5,6,7,8" NumInstance:8 NumSrcProducer:[1] OutputTopicName:["q8_aucsBySellerID_out","q8_personsByID_out"] funcName:"q8GroupBy"]
config: map[Final:true InputTopicNames:["q8_aucsBySellerID_out","q8_personsByID_out"] NodeConstraint:"5,6,7,8" NumInstance:8 NumSrcProducer:[8,8] OutputTopicName:["q8_out"] funcName:"q8JoinStream"]
srcInvokeConfig: &{FinalTpNames:[q8_out] TopicName:nexmark_src AppId:q8 NodeConstraint:1,2,3,4 AdditionalBytes:100 ScaleEpoch:0 NumOutPartition:8 InstanceID:0 NumSrcInstance:8}
cliNodes: [0xc0000261c0 0xc000026200]
inParamsMap: map[q8GroupBy:[0xc00007eb40 0xc00007ebe0 0xc00007ec80 0xc00007ed20 0xc00007edc0 0xc00007ee60 0xc00007ef00 0xc00007efa0] q8JoinStream:[0xc00007f040 0xc00007f0e0 0xc00007f180 0xc00007f220 0xc00007f2c0 0xc00007f360 0xc00007f400 0xc00007f4a0]]
configScaleInput: &{Config:map[changelog:8 nexmark_src:8 q8GroupBy:8 q8JoinStream:8 q8_aucsBySellerID_out:8 q8_out:8 q8_personsByID_out:8 source:8] AppId:q8 FuncNames:[source q8GroupBy q8JoinStream] BufMaxSize:131072 ScaleEpoch:0 SerdeFormat:1 Bootstrap:false}
encoded json is {"sg":{"changelog":8,"nexmark_src":8,"q8GroupBy":8,"q8JoinStream":8,"q8_aucsBySellerID_out":8,"q8_out":8,"q8_personsByID_out":8,"source":8},"aid":"q8","fns":["source","q8GroupBy","q8JoinStream"],"bufMaxSize":131072,"epoch":1,"serdeFormat":1,"bs":true}, node constraint is 1
func source url is http://ip-172-31-3-253.us-east-2.compute.internal:8080/function/source
func source url is http://ip-172-31-3-253.us-east-2.compute.internal:8080/function/source
func source url is http://ip-172-31-3-253.us-east-2.compute.internal:8080/function/source
func source url is http://ip-172-31-3-253.us-east-2.compute.internal:8080/function/source
func source url is http://ip-172-31-3-253.us-east-2.compute.internal:8080/function/source
func source url is http://ip-172-31-3-253.us-east-2.compute.internal:8080/function/source
src instance: 8
func source url is http://ip-172-31-3-253.us-east-2.compute.internal:8080/function/source
func source url is http://ip-172-31-3-253.us-east-2.compute.internal:8080/function/source
encoded json is {"topic_name":"nexmark_src","rate_shape":"square","aid":"q8","events_num":20160000,"rate_period":10000000000,"finOutTpNs":["q8_out"],"first_event_rate":112000,"next_event_rate":112000,"bid_avg_size":200,"person_avg_size":300,"auction_avg_size":600,"duration":180,"person_proportion":1,"auction_proportion":3,"bid_proportion":46,"bid_hot_ratio_auctions":2,"bid_hot_ratio_bidders":4,"auction_hot_ratio_sellers":4,"flushms":100,"bufMaxSize":131072,"commEveryMs":100,"rate_limited":false,"waitEnd":true,"serde_format":1,"numOutPar":8,"parNum":7,"nSrcIns":8,"gua":3}, node constraint is 1,2,3,4
encoded json is {"topic_name":"nexmark_src","rate_shape":"square","aid":"q8","events_num":20160000,"rate_period":10000000000,"finOutTpNs":["q8_out"],"first_event_rate":112000,"next_event_rate":112000,"bid_avg_size":200,"person_avg_size":300,"auction_avg_size":600,"duration":180,"person_proportion":1,"auction_proportion":3,"bid_proportion":46,"bid_hot_ratio_auctions":2,"bid_hot_ratio_bidders":4,"auction_hot_ratio_sellers":4,"flushms":100,"bufMaxSize":131072,"commEveryMs":100,"rate_limited":false,"waitEnd":true,"serde_format":1,"numOutPar":8,"parNum":1,"nSrcIns":8,"gua":3}, node constraint is 1,2,3,4
encoded json is {"topic_name":"nexmark_src","rate_shape":"square","aid":"q8","events_num":20160000,"rate_period":10000000000,"finOutTpNs":["q8_out"],"first_event_rate":112000,"next_event_rate":112000,"bid_avg_size":200,"person_avg_size":300,"auction_avg_size":600,"duration":180,"person_proportion":1,"auction_proportion":3,"bid_proportion":46,"bid_hot_ratio_auctions":2,"bid_hot_ratio_bidders":4,"auction_hot_ratio_sellers":4,"flushms":100,"bufMaxSize":131072,"commEveryMs":100,"rate_limited":false,"waitEnd":true,"serde_format":1,"numOutPar":8,"parNum":2,"nSrcIns":8,"gua":3}, node constraint is 1,2,3,4
encoded json is {"topic_name":"nexmark_src","rate_shape":"square","aid":"q8","events_num":20160000,"rate_period":10000000000,"finOutTpNs":["q8_out"],"first_event_rate":112000,"next_event_rate":112000,"bid_avg_size":200,"person_avg_size":300,"auction_avg_size":600,"duration":180,"person_proportion":1,"auction_proportion":3,"bid_proportion":46,"bid_hot_ratio_auctions":2,"bid_hot_ratio_bidders":4,"auction_hot_ratio_sellers":4,"flushms":100,"bufMaxSize":131072,"commEveryMs":100,"rate_limited":false,"waitEnd":true,"serde_format":1,"numOutPar":8,"parNum":5,"nSrcIns":8,"gua":3}, node constraint is 1,2,3,4
encoded json is {"topic_name":"nexmark_src","rate_shape":"square","aid":"q8","events_num":20160000,"rate_period":10000000000,"finOutTpNs":["q8_out"],"first_event_rate":112000,"next_event_rate":112000,"bid_avg_size":200,"person_avg_size":300,"auction_avg_size":600,"duration":180,"person_proportion":1,"auction_proportion":3,"bid_proportion":46,"bid_hot_ratio_auctions":2,"bid_hot_ratio_bidders":4,"auction_hot_ratio_sellers":4,"flushms":100,"bufMaxSize":131072,"commEveryMs":100,"rate_limited":false,"waitEnd":true,"serde_format":1,"numOutPar":8,"parNum":3,"nSrcIns":8,"gua":3}, node constraint is 1,2,3,4
encoded json is {"topic_name":"nexmark_src","rate_shape":"square","aid":"q8","events_num":20160000,"rate_period":10000000000,"finOutTpNs":["q8_out"],"first_event_rate":112000,"next_event_rate":112000,"bid_avg_size":200,"person_avg_size":300,"auction_avg_size":600,"duration":180,"person_proportion":1,"auction_proportion":3,"bid_proportion":46,"bid_hot_ratio_auctions":2,"bid_hot_ratio_bidders":4,"auction_hot_ratio_sellers":4,"flushms":100,"bufMaxSize":131072,"commEveryMs":100,"rate_limited":false,"waitEnd":true,"serde_format":1,"numOutPar":8,"parNum":4,"nSrcIns":8,"gua":3}, node constraint is 1,2,3,4
encoded json is {"topic_name":"nexmark_src","rate_shape":"square","aid":"q8","events_num":20160000,"rate_period":10000000000,"finOutTpNs":["q8_out"],"first_event_rate":112000,"next_event_rate":112000,"bid_avg_size":200,"person_avg_size":300,"auction_avg_size":600,"duration":180,"person_proportion":1,"auction_proportion":3,"bid_proportion":46,"bid_hot_ratio_auctions":2,"bid_hot_ratio_bidders":4,"auction_hot_ratio_sellers":4,"flushms":100,"bufMaxSize":131072,"commEveryMs":100,"rate_limited":false,"waitEnd":true,"serde_format":1,"numOutPar":8,"parNum":6,"nSrcIns":8,"gua":3}, node constraint is 1,2,3,4
encoded json is {"topic_name":"nexmark_src","rate_shape":"square","aid":"q8","events_num":20160000,"rate_period":10000000000,"finOutTpNs":["q8_out"],"first_event_rate":112000,"next_event_rate":112000,"bid_avg_size":200,"person_avg_size":300,"auction_avg_size":600,"duration":180,"person_proportion":1,"auction_proportion":3,"bid_proportion":46,"bid_hot_ratio_auctions":2,"bid_hot_ratio_bidders":4,"auction_hot_ratio_sellers":4,"flushms":100,"bufMaxSize":131072,"commEveryMs":100,"rate_limited":false,"waitEnd":true,"serde_format":1,"numOutPar":8,"nSrcIns":8,"gua":3}, node constraint is 1,2,3,4
func name is q8GroupBy
func url is http://ip-172-31-3-253.us-east-2.compute.internal:8080/function/q8GroupBy
Waiting for all client to return
func name is q8GroupBy
func url is http://ip-172-31-3-253.us-east-2.compute.internal:8080/function/q8GroupBy
func name is q8GroupBy
func url is http://ip-172-31-3-253.us-east-2.compute.internal:8080/function/q8GroupBy
func name is q8JoinStream
func url is http://ip-172-31-3-253.us-east-2.compute.internal:8080/function/q8JoinStream
encoded json is {"aid":"q8","numOutPartition":"CAg=","numSubstreamProducer":"AQ==","outputTopicName":["q8_aucsBySellerID_out","q8_personsByID_out"],"inputTopicName":["nexmark_src"],"commEveryMs":100,"flushMs":100,"snapEveryS":10,"duration":180,"bufMaxSize":131072,"epoch":1,"waitEnd":true,"numChangelogPartition":8,"numInPartition":8,"gua":3,"serdeFormat":1}, node constraint is 5,6,7,8
encoded json is {"aid":"q8","numOutPartition":"CA==","numSubstreamProducer":"CAg=","outputTopicName":["q8_out"],"inputTopicName":["q8_aucsBySellerID_out","q8_personsByID_out"],"commEveryMs":100,"flushMs":100,"snapEveryS":10,"duration":180,"bufMaxSize":131072,"epoch":1,"waitEnd":true,"numChangelogPartition":8,"numInPartition":8,"ParNum":1,"gua":3,"serdeFormat":1}, node constraint is 5,6,7,8
encoded json is {"aid":"q8","numOutPartition":"CAg=","numSubstreamProducer":"AQ==","outputTopicName":["q8_aucsBySellerID_out","q8_personsByID_out"],"inputTopicName":["nexmark_src"],"commEveryMs":100,"flushMs":100,"snapEveryS":10,"duration":180,"bufMaxSize":131072,"epoch":1,"waitEnd":true,"numChangelogPartition":8,"numInPartition":8,"ParNum":7,"gua":3,"serdeFormat":1}, node constraint is 5,6,7,8
func name is q8JoinStream
func name is q8JoinStream
func url is http://ip-172-31-3-253.us-east-2.compute.internal:8080/function/q8JoinStream
func name is q8JoinStream
func name is q8GroupBy
func name is q8JoinStream
func name is q8JoinStream
func name is q8JoinStream
func url is http://ip-172-31-3-253.us-east-2.compute.internal:8080/function/q8JoinStream
func name is q8GroupBy
func url is http://ip-172-31-3-253.us-east-2.compute.internal:8080/function/q8GroupBy
func url is http://ip-172-31-3-253.us-east-2.compute.internal:8080/function/q8JoinStream
func name is q8GroupBy
func url is http://ip-172-31-3-253.us-east-2.compute.internal:8080/function/q8GroupBy
func url is http://ip-172-31-3-253.us-east-2.compute.internal:8080/function/q8JoinStream
func url is http://ip-172-31-3-253.us-east-2.compute.internal:8080/function/q8GroupBy
func url is http://ip-172-31-3-253.us-east-2.compute.internal:8080/function/q8JoinStream
func name is q8GroupBy
func url is http://ip-172-31-3-253.us-east-2.compute.internal:8080/function/q8GroupBy
func name is q8GroupBy
func url is http://ip-172-31-3-253.us-east-2.compute.internal:8080/function/q8GroupBy
func name is q8JoinStream
func url is http://ip-172-31-3-253.us-east-2.compute.internal:8080/function/q8JoinStream
encoded json is {"aid":"q8","numOutPartition":"CA==","numSubstreamProducer":"CAg=","outputTopicName":["q8_out"],"inputTopicName":["q8_aucsBySellerID_out","q8_personsByID_out"],"commEveryMs":100,"flushMs":100,"snapEveryS":10,"duration":180,"bufMaxSize":131072,"epoch":1,"waitEnd":true,"numChangelogPartition":8,"numInPartition":8,"ParNum":2,"gua":3,"serdeFormat":1}, node constraint is 5,6,7,8
func url is http://ip-172-31-3-253.us-east-2.compute.internal:8080/function/q8JoinStream
encoded json is {"aid":"q8","numOutPartition":"CA==","numSubstreamProducer":"CAg=","outputTopicName":["q8_out"],"inputTopicName":["q8_aucsBySellerID_out","q8_personsByID_out"],"commEveryMs":100,"flushMs":100,"snapEveryS":10,"duration":180,"bufMaxSize":131072,"epoch":1,"waitEnd":true,"numChangelogPartition":8,"numInPartition":8,"ParNum":7,"gua":3,"serdeFormat":1}, node constraint is 5,6,7,8
encoded json is {"aid":"q8","numOutPartition":"CAg=","numSubstreamProducer":"AQ==","outputTopicName":["q8_aucsBySellerID_out","q8_personsByID_out"],"inputTopicName":["nexmark_src"],"commEveryMs":100,"flushMs":100,"snapEveryS":10,"duration":180,"bufMaxSize":131072,"epoch":1,"waitEnd":true,"numChangelogPartition":8,"numInPartition":8,"ParNum":4,"gua":3,"serdeFormat":1}, node constraint is 5,6,7,8
encoded json is {"aid":"q8","numOutPartition":"CAg=","numSubstreamProducer":"AQ==","outputTopicName":["q8_aucsBySellerID_out","q8_personsByID_out"],"inputTopicName":["nexmark_src"],"commEveryMs":100,"flushMs":100,"snapEveryS":10,"duration":180,"bufMaxSize":131072,"epoch":1,"waitEnd":true,"numChangelogPartition":8,"numInPartition":8,"ParNum":5,"gua":3,"serdeFormat":1}, node constraint is 5,6,7,8
encoded json is {"aid":"q8","numOutPartition":"CA==","numSubstreamProducer":"CAg=","outputTopicName":["q8_out"],"inputTopicName":["q8_aucsBySellerID_out","q8_personsByID_out"],"commEveryMs":100,"flushMs":100,"snapEveryS":10,"duration":180,"bufMaxSize":131072,"epoch":1,"waitEnd":true,"numChangelogPartition":8,"numInPartition":8,"ParNum":6,"gua":3,"serdeFormat":1}, node constraint is 5,6,7,8
encoded json is {"aid":"q8","numOutPartition":"CA==","numSubstreamProducer":"CAg=","outputTopicName":["q8_out"],"inputTopicName":["q8_aucsBySellerID_out","q8_personsByID_out"],"commEveryMs":100,"flushMs":100,"snapEveryS":10,"duration":180,"bufMaxSize":131072,"epoch":1,"waitEnd":true,"numChangelogPartition":8,"numInPartition":8,"gua":3,"serdeFormat":1}, node constraint is 5,6,7,8
encoded json is {"aid":"q8","numOutPartition":"CAg=","numSubstreamProducer":"AQ==","outputTopicName":["q8_aucsBySellerID_out","q8_personsByID_out"],"inputTopicName":["nexmark_src"],"commEveryMs":100,"flushMs":100,"snapEveryS":10,"duration":180,"bufMaxSize":131072,"epoch":1,"waitEnd":true,"numChangelogPartition":8,"numInPartition":8,"ParNum":3,"gua":3,"serdeFormat":1}, node constraint is 5,6,7,8
encoded json is {"aid":"q8","numOutPartition":"CA==","numSubstreamProducer":"CAg=","outputTopicName":["q8_out"],"inputTopicName":["q8_aucsBySellerID_out","q8_personsByID_out"],"commEveryMs":100,"flushMs":100,"snapEveryS":10,"duration":180,"bufMaxSize":131072,"epoch":1,"waitEnd":true,"numChangelogPartition":8,"numInPartition":8,"ParNum":5,"gua":3,"serdeFormat":1}, node constraint is 5,6,7,8
encoded json is {"aid":"q8","numOutPartition":"CA==","numSubstreamProducer":"CAg=","outputTopicName":["q8_out"],"inputTopicName":["q8_aucsBySellerID_out","q8_personsByID_out"],"commEveryMs":100,"flushMs":100,"snapEveryS":10,"duration":180,"bufMaxSize":131072,"epoch":1,"waitEnd":true,"numChangelogPartition":8,"numInPartition":8,"ParNum":4,"gua":3,"serdeFormat":1}, node constraint is 5,6,7,8
encoded json is {"aid":"q8","numOutPartition":"CAg=","numSubstreamProducer":"AQ==","outputTopicName":["q8_aucsBySellerID_out","q8_personsByID_out"],"inputTopicName":["nexmark_src"],"commEveryMs":100,"flushMs":100,"snapEveryS":10,"duration":180,"bufMaxSize":131072,"epoch":1,"waitEnd":true,"numChangelogPartition":8,"numInPartition":8,"ParNum":6,"gua":3,"serdeFormat":1}, node constraint is 5,6,7,8
encoded json is {"aid":"q8","numOutPartition":"CAg=","numSubstreamProducer":"AQ==","outputTopicName":["q8_aucsBySellerID_out","q8_personsByID_out"],"inputTopicName":["nexmark_src"],"commEveryMs":100,"flushMs":100,"snapEveryS":10,"duration":180,"bufMaxSize":131072,"epoch":1,"waitEnd":true,"numChangelogPartition":8,"numInPartition":8,"ParNum":1,"gua":3,"serdeFormat":1}, node constraint is 5,6,7,8
encoded json is {"aid":"q8","numOutPartition":"CA==","numSubstreamProducer":"CAg=","outputTopicName":["q8_out"],"inputTopicName":["q8_aucsBySellerID_out","q8_personsByID_out"],"commEveryMs":100,"flushMs":100,"snapEveryS":10,"duration":180,"bufMaxSize":131072,"epoch":1,"waitEnd":true,"numChangelogPartition":8,"numInPartition":8,"ParNum":3,"gua":3,"serdeFormat":1}, node constraint is 5,6,7,8
encoded json is {"aid":"q8","numOutPartition":"CAg=","numSubstreamProducer":"AQ==","outputTopicName":["q8_aucsBySellerID_out","q8_personsByID_out"],"inputTopicName":["nexmark_src"],"commEveryMs":100,"flushMs":100,"snapEveryS":10,"duration":180,"bufMaxSize":131072,"epoch":1,"waitEnd":true,"numChangelogPartition":8,"numInPartition":8,"ParNum":2,"gua":3,"serdeFormat":1}, node constraint is 5,6,7,8
source-7 invoke done
source-2 invoke done
source-3 invoke done
source-5 invoke done
source-4 invoke done
source-0 invoke done
source-1 invoke done
source-6 invoke done
q8GroupBy-2 call done
q8GroupBy-5 call done
q8GroupBy-3 call done
q8GroupBy-4 call done
q8GroupBy-7 call done
q8GroupBy-1 call done
q8GroupBy-0 call done
q8GroupBy-6 call done
q8JoinStream-0 call done
q8JoinStream-6 call done
q8JoinStream-1 call done
q8JoinStream-5 call done
q8JoinStream-4 call done
q8JoinStream-2 call done
q8JoinStream-3 call done
q8JoinStream-7 call done
sink processed: 2520001, throughput: (event/s) 13999.68514040629
sink_ctrl processed: 1, throughput: (event/s) 0.005555428406737255
source-0 duration: 180.004119716

sink processed: 2520001, throughput: (event/s) 13999.66041033885
sink_ctrl processed: 1, throughput: (event/s) 0.005555418593222324
source-1 duration: 180.004437689

sink processed: 2520001, throughput: (event/s) 13999.8176223149
sink_ctrl processed: 1, throughput: (event/s) 0.0055554809789023505
source-2 duration: 180.002416316

sink processed: 2520001, throughput: (event/s) 13999.715883389848
sink_ctrl processed: 1, throughput: (event/s) 0.005555440606329064
source-3 duration: 180.003724432

sink_ctrl processed: 1, throughput: (event/s) 0.005555461186356112
sink processed: 2520001, throughput: (event/s) 13999.767745078589
source-4 duration: 180.003057614

sink processed: 2520001, throughput: (event/s) 13999.711702540233
sink_ctrl processed: 1, throughput: (event/s) 0.0055554389472624146
source-5 duration: 180.003778188

sink processed: 2520001, throughput: (event/s) 13999.748442708873
sink_ctrl processed: 1, throughput: (event/s) 0.0055554535266886295
source-6 duration: 180.003305796

sink processed: 2520001, throughput: (event/s) 13999.725022687899
sink_ctrl processed: 1, throughput: (event/s) 0.005555444233033201
source-7 duration: 180.003606922

sink processed 20160008 events, duration: 180.004437689, tp: 111997.283283
sink_ctrl processed 8 events, duration: 180.004437689, tp: 0.044443

nexmark_src_src processed: 2520001, throughput: (event/s) 13991.75818676044
nexmark_src_src_ctrl processed: 1, throughput: (event/s) 0.0055522827914593845
nexmark_src_src_data processed: 2520000, throughput: (event/s) 13991.752634477649
nexmark_src_src_epoch processed: 0, throughput: (event/s) 0
nexmark_src_src_logEntry processed: 7083, throughput: (event/s) 39.32681901190682
personsByIDSink processed: 50400, throughput: (event/s) 279.835052689553
auctionsBySellerIDSink processed: 151200, throughput: (event/s) 839.505158068659
q8GroupBy-0 duration: 180.10610006

nexmark_src_src_epoch processed: 0, throughput: (event/s) 0
nexmark_src_src_logEntry processed: 7083, throughput: (event/s) 39.32693844340246
personsByIDSink processed: 50400, throughput: (event/s) 279.8359025197634
auctionsBySellerIDSink processed: 151200, throughput: (event/s) 839.5077075592902
nexmark_src_src processed: 2520001, throughput: (event/s) 13991.800678287824
nexmark_src_src_ctrl processed: 1, throughput: (event/s) 0.005552299653169909
nexmark_src_src_data processed: 2520000, throughput: (event/s) 13991.79512598817
q8GroupBy-1 duration: 180.105553098

nexmark_src_src_data processed: 2520000, throughput: (event/s) 13993.934614595313
nexmark_src_src_epoch processed: 0, throughput: (event/s) 0
nexmark_src_src_logEntry processed: 7078, throughput: (event/s) 39.30518619131176
personsByIDSink processed: 50400, throughput: (event/s) 279.8786922919063
auctionsBySellerIDSink processed: 151200, throughput: (event/s) 839.6360768757188
nexmark_src_src processed: 2520001, throughput: (event/s) 13993.940167743971
nexmark_src_src_ctrl processed: 1, throughput: (event/s) 0.005553148656585442
q8GroupBy-2 duration: 180.078017327

personsByIDSink processed: 50400, throughput: (event/s) 279.86747954861556
auctionsBySellerIDSink processed: 151200, throughput: (event/s) 839.6024386458466
nexmark_src_src processed: 2520001, throughput: (event/s) 13993.379530356959
nexmark_src_src_ctrl processed: 1, throughput: (event/s) 0.005552926181520149
nexmark_src_src_data processed: 2520000, throughput: (event/s) 13993.373977430778
nexmark_src_src_epoch processed: 0, throughput: (event/s) 0
nexmark_src_src_logEntry processed: 7069, throughput: (event/s) 39.25363517716594
q8GroupBy-3 duration: 180.085232058

nexmark_src_src_data processed: 2520000, throughput: (event/s) 13993.065609777572
nexmark_src_src_epoch processed: 0, throughput: (event/s) 0
nexmark_src_src_logEntry processed: 7072, throughput: (event/s) 39.26942856839166
personsByIDSink processed: 50400, throughput: (event/s) 279.8613121955514
auctionsBySellerIDSink processed: 151200, throughput: (event/s) 839.5839365866543
nexmark_src_src processed: 2520001, throughput: (event/s) 13993.071162581386
nexmark_src_src_ctrl processed: 1, throughput: (event/s) 0.0055528038134037986
q8GroupBy-4 duration: 180.089200628

nexmark_src_src processed: 2520001, throughput: (event/s) 13993.845598830638
nexmark_src_src_ctrl processed: 1, throughput: (event/s) 0.005553111129253773
nexmark_src_src_data processed: 2520000, throughput: (event/s) 13993.840045719508
nexmark_src_src_epoch processed: 0, throughput: (event/s) 0
nexmark_src_src_logEntry processed: 7084, throughput: (event/s) 39.33823923963373
personsByIDSink processed: 50400, throughput: (event/s) 279.8768009143902
auctionsBySellerIDSink processed: 151200, throughput: (event/s) 839.6304027431704
q8GroupBy-5 duration: 180.079234275

auctionsBySellerIDSink processed: 151200, throughput: (event/s) 839.5500484873202
nexmark_src_src processed: 2520001, throughput: (event/s) 13992.50636070169
nexmark_src_src_ctrl processed: 1, throughput: (event/s) 0.005552579685762699
nexmark_src_src_data processed: 2520000, throughput: (event/s) 13992.500808122004
nexmark_src_src_epoch processed: 0, throughput: (event/s) 0
nexmark_src_src_logEntry processed: 7079, throughput: (event/s) 39.30671159551415
personsByIDSink processed: 50400, throughput: (event/s) 279.85001616244006
q8GroupBy-6 duration: 180.096469856

personsByIDSink processed: 50400, throughput: (event/s) 279.85020848747746
auctionsBySellerIDSink processed: 151200, throughput: (event/s) 839.5506254624324
nexmark_src_src processed: 2520001, throughput: (event/s) 13992.515976957375
nexmark_src_src_ctrl processed: 1, throughput: (event/s) 0.005552583501735664
nexmark_src_src_data processed: 2520000, throughput: (event/s) 13992.510424373873
nexmark_src_src_epoch processed: 0, throughput: (event/s) 0
nexmark_src_src_logEntry processed: 7070, throughput: (event/s) 39.25676535727114
q8GroupBy-7 duration: 180.096346086

nexmark_src_src processed 20160008 events, duration: 180.10610006
nexmark_src_src_ctrl processed 8 events, duration: 180.10610006
nexmark_src_src_data processed 20160000 events, duration: 180.10610006
nexmark_src_src_epoch processed 0 events, duration: 180.10610006
nexmark_src_src_logEntry processed 56618 events, duration: 180.10610006
personsByIDSink processed 403200 events, duration: 180.10610006
auctionsBySellerIDSink processed 1209600 events, duration: 180.10610006

eventTimeLatency_sink, p50: 154 ms, p90: 214 ms, p99: 252 ms
personsByIDSrc_epoch processed: 9447, throughput: (event/s) 52.42726662993172
sink processed: 1078521, throughput: (event/s) 5985.382452945972
personsByIDSrc_ctrl processed: 8, throughput: (event/s) 0.044396965495866816
personsByIDSrc_data processed: 50440, throughput: (event/s) 279.92286745144025
auctionsBySellerIDSrc_ctrl processed: 8, throughput: (event/s) 0.044396965495866816
personsByIDSrc processed: 59895, throughput: (event/s) 332.3945310468678
personsByIDSrc_logEntry processed: 9447, throughput: (event/s) 52.42726662993172
auctionsBySellerIDSrc processed: 144025, throughput: (event/s) 799.2841194427772
auctionsBySellerIDSrc_data processed: 134698, throughput: (event/s) 747.5228072952835
auctionsBySellerIDSrc_epoch processed: 9319, throughput: (event/s) 51.716915181997855
auctionsBySellerIDSrc_logEntry processed: 9319, throughput: (event/s) 51.716915181997855
q8JoinStream-0 duration: 180.19249538

eventTimeLatency_sink, p50: 154 ms, p90: 214 ms, p99: 249 ms
auctionsBySellerIDSrc_ctrl processed: 8, throughput: (event/s) 0.04437799723442258
personsByIDSrc_logEntry processed: 9452, throughput: (event/s) 52.43260373247028
sink processed: 1286938, throughput: (event/s) 7138.966375609166
personsByIDSrc processed: 59964, throughput: (event/s) 332.63527827061444
personsByIDSrc_data processed: 50504, throughput: (event/s) 280.15829654090976
auctionsBySellerIDSrc_logEntry processed: 9359, throughput: (event/s) 51.916709514620116
personsByIDSrc_ctrl processed: 8, throughput: (event/s) 0.04437799723442258
auctionsBySellerIDSrc_data processed: 160697, throughput: (event/s) 891.4263776975006
auctionsBySellerIDSrc_epoch processed: 9359, throughput: (event/s) 51.916709514620116
personsByIDSrc_epoch processed: 9452, throughput: (event/s) 52.43260373247028
auctionsBySellerIDSrc processed: 170064, throughput: (event/s) 943.3874652093551
q8JoinStream-1 duration: 180.269514141

eventTimeLatency_sink, p50: 153 ms, p90: 212 ms, p99: 245 ms
auctionsBySellerIDSrc_logEntry processed: 9372, throughput: (event/s) 51.928901330799405
personsByIDSrc_ctrl processed: 8, throughput: (event/s) 0.04432684706000803
auctionsBySellerIDSrc processed: 160732, throughput: (event/s) 890.5928477061512
auctionsBySellerIDSrc_data processed: 151352, throughput: (event/s) 838.6196195282919
sink processed: 1212076, throughput: (event/s) 6715.938434638287
auctionsBySellerIDSrc_ctrl processed: 8, throughput: (event/s) 0.04432684706000803
personsByIDSrc_data processed: 50880, throughput: (event/s) 281.9187473016511
personsByIDSrc_epoch processed: 9466, throughput: (event/s) 52.4497417837545
personsByIDSrc_logEntry processed: 9466, throughput: (event/s) 52.4497417837545
personsByIDSrc processed: 60354, throughput: (event/s) 334.41281593246555
auctionsBySellerIDSrc_epoch processed: 9372, throughput: (event/s) 51.928901330799405
q8JoinStream-2 duration: 180.477532931

eventTimeLatency_sink, p50: 154 ms, p90: 213 ms, p99: 246 ms
auctionsBySellerIDSrc_data processed: 168896, throughput: (event/s) 936.4876606131255
auctionsBySellerIDSrc_epoch processed: 9341, throughput: (event/s) 51.793596282843914
auctionsBySellerIDSrc processed: 178245, throughput: (event/s) 988.3256149700796
auctionsBySellerIDSrc_ctrl processed: 8, throughput: (event/s) 0.044358074110132886
personsByIDSrc processed: 59489, throughput: (event/s) 329.85218384221196
personsByIDSrc_data processed: 50008, throughput: (event/s) 277.2823212624407
personsByIDSrc_logEntry processed: 9473, throughput: (event/s) 52.52550450566111
sink processed: 1352630, throughput: (event/s) 7500.007722948631
auctionsBySellerIDSrc_logEntry processed: 9341, throughput: (event/s) 51.793596282843914
personsByIDSrc_ctrl processed: 8, throughput: (event/s) 0.044358074110132886
personsByIDSrc_epoch processed: 9473, throughput: (event/s) 52.52550450566111
q8JoinStream-3 duration: 180.350480955

eventTimeLatency_sink, p50: 152 ms, p90: 212 ms, p99: 242 ms
personsByIDSrc_ctrl processed: 8, throughput: (event/s) 0.04434491561485276
personsByIDSrc_epoch processed: 9430, throughput: (event/s) 52.27156928100769
personsByIDSrc processed: 59206, throughput: (event/s) 328.1856342366216
auctionsBySellerIDSrc processed: 158147, throughput: (event/s) 876.6269212177649
auctionsBySellerIDSrc_data processed: 148806, throughput: (event/s) 824.8486891229725
auctionsBySellerIDSrc_epoch processed: 9333, throughput: (event/s) 51.7338871791776
personsByIDSrc_logEntry processed: 9430, throughput: (event/s) 52.27156928100769
sink processed: 1176999, throughput: (event/s) 6524.2401667207605
auctionsBySellerIDSrc_ctrl processed: 8, throughput: (event/s) 0.04434491561485276
auctionsBySellerIDSrc_logEntry processed: 9335, throughput: (event/s) 51.744973408081314
personsByIDSrc_data processed: 49768, throughput: (event/s) 275.86972003999904
q8JoinStream-4 duration: 180.403996469

eventTimeLatency_sink, p50: 156 ms, p90: 217 ms, p99: 257 ms
personsByIDSrc_data processed: 50064, throughput: (event/s) 277.63198150169467
personsByIDSrc_epoch processed: 9436, throughput: (event/s) 52.327728057086745
auctionsBySellerIDSrc processed: 147351, throughput: (event/s) 817.1410615663193
sink processed: 1105157, throughput: (event/s) 6128.693827510154
auctionsBySellerIDSrc_data processed: 138020, throughput: (event/s) 765.3956153496304
personsByIDSrc_ctrl processed: 8, throughput: (event/s) 0.04436433069697901
auctionsBySellerIDSrc_epoch processed: 9323, throughput: (event/s) 51.70108188599191
auctionsBySellerIDSrc_logEntry processed: 9323, throughput: (event/s) 51.70108188599191
personsByIDSrc processed: 59508, throughput: (event/s) 330.0040738894784
personsByIDSrc_logEntry processed: 9436, throughput: (event/s) 52.327728057086745
auctionsBySellerIDSrc_ctrl processed: 8, throughput: (event/s) 0.04436433069697901
q8JoinStream-5 duration: 180.325046593

eventTimeLatency_sink, p50: 152 ms, p90: 211 ms, p99: 246 ms
personsByIDSrc_logEntry processed: 9461, throughput: (event/s) 52.47891959547675
sink processed: 1153092, throughput: (event/s) 6396.04929227222
auctionsBySellerIDSrc processed: 153341, throughput: (event/s) 850.5623094482612
personsByIDSrc processed: 59309, throughput: (event/s) 328.97920328592437
personsByIDSrc_data processed: 49840, throughput: (event/s) 276.45590874522367
auctionsBySellerIDSrc_ctrl processed: 8, throughput: (event/s) 0.04437494522395243
auctionsBySellerIDSrc_data processed: 143993, throughput: (event/s) 798.7101859540728
personsByIDSrc_ctrl processed: 8, throughput: (event/s) 0.04437494522395243
personsByIDSrc_epoch processed: 9461, throughput: (event/s) 52.47891959547675
auctionsBySellerIDSrc_epoch processed: 9340, throughput: (event/s) 51.80774854896447
auctionsBySellerIDSrc_logEntry processed: 9340, throughput: (event/s) 51.80774854896447
q8JoinStream-6 duration: 180.281912679

eventTimeLatency_sink, p50: 153 ms, p90: 213 ms, p99: 247 ms
auctionsBySellerIDSrc_logEntry processed: 9373, throughput: (event/s) 51.971544342823464
personsByIDSrc_ctrl processed: 8, throughput: (event/s) 0.04435851432226477
auctionsBySellerIDSrc_data processed: 163138, throughput: (event/s) 904.5699136882038
auctionsBySellerIDSrc_ctrl processed: 8, throughput: (event/s) 0.04435851432226477
personsByIDSrc processed: 61170, throughput: (event/s) 339.176290136617
personsByIDSrc_logEntry processed: 9466, throughput: (event/s) 52.48721207181979
sink processed: 1306528, throughput: (event/s) 7244.455125054993
personsByIDSrc_data processed: 51696, throughput: (event/s) 286.644719550475
personsByIDSrc_epoch processed: 9466, throughput: (event/s) 52.48721207181979
auctionsBySellerIDSrc processed: 172519, throughput: (event/s) 956.5858165453495
auctionsBySellerIDSrc_epoch processed: 9373, throughput: (event/s) 51.971544342823464
q8JoinStream-7 duration: 180.348691164

personsByIDSrc_data processed 403200 events, duration: 180.477532931
auctionsBySellerIDSrc_ctrl processed 64 events, duration: 180.477532931
personsByIDSrc processed 478895 events, duration: 180.477532931
personsByIDSrc_logEntry processed 75631 events, duration: 180.477532931
auctionsBySellerIDSrc_epoch processed 74760 events, duration: 180.477532931
sink processed 9671941 events, duration: 180.477532931
personsByIDSrc_ctrl processed 64 events, duration: 180.477532931
auctionsBySellerIDSrc processed 1284424 events, duration: 180.477532931
auctionsBySellerIDSrc_data processed 1209600 events, duration: 180.477532931
auctionsBySellerIDSrc_logEntry processed 74762 events, duration: 180.477532931
personsByIDSrc_epoch processed 75631 events, duration: 180.477532931

