parallel restore str: , false
env str: , async2ndPhase: false
env str: , create snapshot: false
2024/03/03 12:56:09 [INFO] Load configuration for function scale[40]
2024/03/03 12:56:09 [INFO] Load configuration for function chkptmngr[50]
2024/03/03 12:56:09 [INFO] Load configuration for function redisSetup[70]
2024/03/03 12:56:09 [INFO] Load configuration for function source[20]
2024/03/03 12:56:09 [INFO] Load configuration for function query2[30]
2024/03/03 12:56:09 [INFO] Parse FAAS_ENGINE_ID: 1
2024/03/03 12:56:09 [INFO] Start new FuncWorker with client id 2
Enter nexmark: funcName: chkptmngr
2024/03/03 12:56:09 [INFO] Handshake with engine done
redis address is [snapcache-1:6666 snapcache-2:6666 snapcache-3:6666 snapcache-4:6666]
ChkptMngrInput:
	SrcTopicName         : nexmark_src
	FinalOutputTopicNames: [q2_out]
	FinalNumOutPartitions: [4]
	BufMaxSize           : 131072
	SrcNumPart           : 4
	ChkptEveryMs: 100
	Guarantee            : ALIGN_CHKPT
	SerdeFormat          : MSGP
new buffered sink stream nexmark_src[0] with bufMaxSize 131072
new buffered sink stream nexmark_src[1] with bufMaxSize 131072
new buffered sink stream nexmark_src[2] with bufMaxSize 131072
new buffered sink stream nexmark_src[3] with bufMaxSize 131072
e2eChkptElapsed(ms) stats (200 samples): dur=25.067441852s, p50=10, p90=63, p99=112
e2eChkptElapsed(ms) stats (200 samples): dur=25.022499984s, p50=10, p90=53, p99=90
e2eChkptElapsed(ms) stats (200 samples): dur=24.278965304s, p50=10, p90=47, p99=79
e2eChkptElapsed(ms) stats (200 samples): dur=24.650880921s, p50=10, p90=53, p99=85
e2eChkptElapsed(ms) stats (200 samples): dur=24.372680574s, p50=10, p90=47, p99=63
e2eChkptElapsed(ms) stats (200 samples): dur=24.605938698s, p50=10, p90=52, p99=85
e2eChkptElapsed(ms) stats (200 samples): dur=24.72052915s, p50=10, p90=52, p99=74
e2eChkptElapsed(ms) (58 samples): dur=7.099671668s, data=[10 9 9 9 9 26 61 17 9 9 10 10 46 26 41 9 9 9 9 41 58 21 10 10 9 9 47 20 47 15 31 15 47 9 53 21 12 15 20 10 9 20 26 9 10 9 16 53 15 36 9 9 9 9 9 69 26 4]
