parallel restore str: , false
env str: , async2ndPhase: false
env str: , create snapshot: false
2024/03/03 07:27:00 [INFO] Load configuration for function scale[40]
2024/03/03 07:27:00 [INFO] Load configuration for function chkptmngr[60]
2024/03/03 07:27:00 [INFO] Load configuration for function redisSetup[70]
2024/03/03 07:27:00 [INFO] Load configuration for function source[20]
2024/03/03 07:27:00 [INFO] Load configuration for function query1[30]
2024/03/03 07:27:00 [INFO] Parse FAAS_ENGINE_ID: 7
2024/03/03 07:27:00 [INFO] Parse FAAS_ENGINE_ID: 7
2024/03/03 07:27:00 [INFO] Current GOMAXPROCS is 2
2024/03/03 07:27:00 [INFO] Parse FAAS_ENGINE_ID: 7
2024/03/03 07:27:00 [INFO] Current GOMAXPROCS is 3
2024/03/03 07:27:00 [INFO] Parse FAAS_ENGINE_ID: 7
2024/03/03 07:27:00 [INFO] Current GOMAXPROCS is 4
2024/03/03 07:27:00 [INFO] Start new FuncWorker with client id 8
2024/03/03 07:27:00 [INFO] Start new FuncWorker with client id 10
2024/03/03 07:27:00 [INFO] Start new FuncWorker with client id 9
2024/03/03 07:27:00 [INFO] Start new FuncWorker with client id 11
Enter nexmark: funcName: query1
2024/03/03 07:27:00 [INFO] Handshake with engine done
Enter nexmark: funcName: query1
2024/03/03 07:27:00 [INFO] Handshake with engine done
Enter nexmark: funcName: query1
2024/03/03 07:27:00 [INFO] Handshake with engine done
Enter nexmark: funcName: query1
2024/03/03 07:27:00 [INFO] Handshake with engine done
new buffered sink stream nexmark_src[0] with bufMaxSize 131072
new buffered sink stream nexmark_src[1] with bufMaxSize 131072
new buffered sink stream nexmark_src[2] with bufMaxSize 131072
new buffered sink stream nexmark_src[3] with bufMaxSize 131072
new buffered sink stream q1_out[0] with bufMaxSize 131072
new buffered sink stream q1_out[1] with bufMaxSize 131072
new buffered sink stream q1_out[2] with bufMaxSize 131072
new buffered sink stream q1_out[3] with bufMaxSize 131072
nexmark_src notEnded: map[1:{}], notScaleFence: map[1:{}]
redis address is [snapcache-1:6666 snapcache-2:6666 snapcache-3:6666 snapcache-4:6666]
new buffered sink stream __control_log_q1[0] with bufMaxSize 131072
new buffered sink stream __control_log_q1[0] with bufMaxSize 131072
[0] finished prev task source, funcName query1, meta epoch 0, current epoch 1, cmm instance 1, remain instances: map[]
[1] finished prev task source, funcName query1, meta epoch 0, current epoch 1, cmm instance 1, remain instances: map[]
[2] finished prev task source, funcName query1, meta epoch 0, current epoch 1, cmm instance 1, remain instances: map[]
[3] finished prev task source, funcName query1, meta epoch 0, current epoch 1, cmm instance 1, remain instances: map[]
[0] finished prev task query1, funcName query1, meta epoch 0, current epoch 1, cmm instance 1, remain instances: map[]
[1] prodId: ProducerId: {TaskId: 0x1c00900000001, TaskEpoch: 0x1}, warmup time: 0s, flush every: 100ms, waitEndMark: true
nexmark_src_src counter: dur=10.008146862s, value=40173, rate=4014.0298252949437 per second
q1_out_sink counter: dur=10.005962648s, value=36834, rate=3681.205027020804 per second
q1_out_sink stats (36834 samples): dur=10.00603923s, p50=0, p90=0, p99=1
q1_out_bufEntry_1 stats (200 samples): dur=11.1379558s, p50=212, p90=340, p99=384
q1_out_bufSize_1 stats (200 samples): dur=11.137989793s, p50=53777, p90=86971, p99=97918
nexmark_src_src counter: dur=10.00496511s, value=80287, rate=4009.4092841868987 per second
q1_out_sink counter: dur=10.004986295s, value=73654, rate=3680.1649611854864 per second
q1_out_sink stats (36820 samples): dur=10.004993911s, p50=0, p90=0, p99=1
WaitAlignTime_0(ms) stats (200 samples): dur=22.067363542s, p50=0, p90=0, p99=0
createChkpt_1(ms) stats (200 samples): dur=22.065890781s, p50=1, p90=2, p99=2
q1_out_bufEntry_1 stats (200 samples): dur=11.172332385s, p50=208, p90=341, p99=384
q1_out_bufSize_1 stats (200 samples): dur=11.17232029s, p50=53042, p90=87122, p99=98081
nexmark_src_src counter: dur=10.002811451s, value=120385, rate=4008.672981233824 per second
q1_out_sink counter: dur=10.002817724s, value=110466, rate=3680.163031630186 per second
q1_out_sink stats (36812 samples): dur=10.002875784s, p50=0, p90=0, p99=1
q1_out_bufEntry_1 stats (200 samples): dur=11.328276619s, p50=212, p90=340, p99=384
q1_out_bufSize_1 stats (200 samples): dur=11.328276435s, p50=53709, p90=86662, p99=97971
nexmark_src_src counter: dur=10.011826691s, value=160524, rate=4009.15849213435 per second
q1_out_sink counter: dur=10.011841663s, value=147306, rate=3679.6426911291237 per second
q1_out_sink stats (36840 samples): dur=10.011823383s, p50=0, p90=0, p99=1
WaitAlignTime_0(ms) stats (200 samples): dur=22.181133249s, p50=0, p90=0, p99=0
createChkpt_1(ms) stats (200 samples): dur=22.181081197s, p50=1, p90=2, p99=2
q1_out_bufEntry_1 stats (200 samples): dur=11.062226055s, p50=212, p90=340, p99=384
q1_out_bufSize_1 stats (200 samples): dur=11.06223304s, p50=53399, p90=86734, p99=97794
nexmark_src_src counter: dur=10.00744805s, value=200642, rate=4008.814215128501 per second
q1_out_sink counter: dur=10.007410086s, value=184138, rate=3680.47273804904 per second
q1_out_sink stats (36832 samples): dur=10.007367715s, p50=0, p90=0, p99=1
q1_out_bufEntry_1 stats (200 samples): dur=11.118169915s, p50=212, p90=340, p99=384
q1_out_bufSize_1 stats (200 samples): dur=11.11816356s, p50=53632, p90=86813, p99=97755
nexmark_src_src counter: dur=10.006335385s, value=240760, rate=4009.2599794465114 per second
q1_out_sink counter: dur=10.006346667s, value=220958, rate=3679.664639386214 per second
q1_out_sink stats (36820 samples): dur=10.006350026s, p50=0, p90=0, p99=1
WaitAlignTime_0(ms) stats (200 samples): dur=22.193765012s, p50=0, p90=0, p99=0
createChkpt_1(ms) stats (200 samples): dur=22.193338316s, p50=1, p90=2, p99=2
q1_out_bufEntry_1 stats (200 samples): dur=11.198031141s, p50=212, p90=344, p99=384
q1_out_bufSize_1 stats (200 samples): dur=11.198033377s, p50=53967, p90=87337, p99=97999
nexmark_src_src counter: dur=10.002640273s, value=280858, rate=4008.7415827835 per second
q1_out_sink counter: dur=10.002626986s, value=257766, rate=3679.8333129404573 per second
q1_out_sink stats (36808 samples): dur=10.002616785s, p50=0, p90=0, p99=1
q1_out_bufEntry_1 stats (200 samples): dur=11.201298039s, p50=212, p90=344, p99=384
q1_out_bufSize_1 stats (200 samples): dur=11.201316222s, p50=53842, p90=86966, p99=98277
nexmark_src_src counter: dur=10.00530164s, value=320968, rate=4008.8746389858966 per second
q1_out_sink counter: dur=10.005303408s, value=294586, rate=3680.048320229811 per second
q1_out_sink stats (36820 samples): dur=10.005311756s, p50=0, p90=0, p99=1
WaitAlignTime_0(ms) stats (200 samples): dur=22.172007892s, p50=0, p90=0, p99=0
createChkpt_1(ms) stats (200 samples): dur=22.171919701s, p50=1, p90=2, p99=2
q1_out_bufEntry_1 stats (200 samples): dur=11.181580346s, p50=212, p90=340, p99=387
q1_out_bufSize_1 stats (200 samples): dur=11.181560754s, p50=53637, p90=86961, p99=98266
nexmark_src_src counter: dur=10.002559191s, value=361071, rate=4009.2739502190066 per second
q1_out_sink counter: dur=10.002559428s, value=331394, rate=3679.858166797187 per second
q1_out_sink stats (36808 samples): dur=10.002583s, p50=0, p90=0, p99=1
nexmark_src_src counter: dur=10.00413845s, value=401181, rate=4009.3407543755056 per second
q1_out_sink counter: dur=10.004134503s, value=368214, rate=3680.478305140596 per second
q1_out_sink stats (36820 samples): dur=10.004106056s, p50=0, p90=0, p99=1
q1_out_bufEntry_1 stats (200 samples): dur=11.099660326s, p50=212, p90=343, p99=384
q1_out_bufSize_1 stats (200 samples): dur=11.099667214s, p50=53632, p90=87230, p99=97635
nexmark_src_src counter: dur=10.012796347s, value=441319, rate=4008.670366298423 per second
q1_out_sink counter: dur=10.012803941s, value=405054, rate=3679.2890599953876 per second
q1_out_sink stats (36840 samples): dur=10.01280125s, p50=0, p90=0, p99=1
WaitAlignTime_0(ms) stats (200 samples): dur=22.174827281s, p50=0, p90=0, p99=0
createChkpt_1(ms) stats (200 samples): dur=22.174299915s, p50=1, p90=2, p99=2
q1_out_bufEntry_1 stats (200 samples): dur=11.085950101s, p50=212, p90=340, p99=384
q1_out_bufSize_1 stats (200 samples): dur=11.08594283s, p50=53765, p90=86742, p99=97308
nexmark_src_src counter: dur=10.010277796s, value=481450, rate=4008.979652496349 per second
q1_out_sink counter: dur=10.010269453s, value=441898, rate=3680.620204380027 per second
q1_out_sink stats (36844 samples): dur=10.010272219s, p50=0, p90=0, p99=1
q1_out_bufEntry_1 stats (200 samples): dur=11.014797714s, p50=211, p90=340, p99=384
q1_out_bufSize_1 stats (200 samples): dur=11.01479978s, p50=53431, p90=86447, p99=98140
nexmark_src_src counter: dur=10.004375168s, value=521560, rate=4009.245887568858 per second
q1_out_sink counter: dur=10.004416665s, value=478714, rate=3679.974678463674 per second
q1_out_sink stats (36816 samples): dur=10.004466113s, p50=0, p90=0, p99=1
WaitAlignTime_0(ms) stats (200 samples): dur=22.180619009s, p50=0, p90=0, p99=0
createChkpt_1(ms) stats (200 samples): dur=22.182095814s, p50=1, p90=2, p99=2
q1_out_bufEntry_1 stats (200 samples): dur=11.054178261s, p50=209, p90=340, p99=384
q1_out_bufSize_1 stats (200 samples): dur=11.05417677s, p50=53473, p90=86492, p99=97574
nexmark_src_src counter: dur=10.003649472s, value=561666, rate=4009.1368767224235 per second
q1_out_sink counter: dur=10.003607408s, value=515526, rate=3679.8725198432935 per second
q1_out_sink stats (36812 samples): dur=10.003560099s, p50=0, p90=0, p99=1
q1_out_bufEntry_1 stats (200 samples): dur=11.344996528s, p50=212, p90=344, p99=384
q1_out_bufSize_1 stats (200 samples): dur=11.344996404s, p50=53727, p90=87415, p99=97957
nexmark_src_src counter: dur=10.009195308s, value=601788, rate=4008.51404787075 per second
q1_out_sink counter: dur=10.009195789s, value=552362, rate=3680.215751247705 per second
q1_out_sink stats (36836 samples): dur=10.00919863s, p50=0, p90=0, p99=1
WaitAlignTime_0(ms) stats (200 samples): dur=22.156100052s, p50=0, p90=0, p99=0
createChkpt_1(ms) stats (200 samples): dur=22.154664565s, p50=1, p90=2, p99=2
q1_out_bufEntry_1 stats (200 samples): dur=11.200343813s, p50=212, p90=340, p99=384
q1_out_bufSize_1 stats (200 samples): dur=11.200355106s, p50=53840, p90=86971, p99=97748
nexmark_src_src counter: dur=10.004562166s, value=641899, rate=4009.270904059671 per second
q1_out_sink counter: dur=10.004562364s, value=589174, rate=3679.521268462753 per second
q1_out_sink stats (36812 samples): dur=10.004556448s, p50=0, p90=0, p99=1
q1_out_bufEntry_1 stats (200 samples): dur=11.109034237s, p50=212, p90=340, p99=384
q1_out_bufSize_1 stats (200 samples): dur=11.109025517s, p50=53869, p90=86667, p99=98338
nexmark_src_src counter: dur=10.004111422s, value=682005, rate=4008.9517507575 per second
q1_out_sink counter: dur=10.004119911s, value=625994, rate=3680.4836734828295 per second
q1_out_sink stats (36820 samples): dur=10.004126628s, p50=0, p90=0, p99=1
WaitAlignTime_0(ms) stats (200 samples): dur=22.145241297s, p50=0, p90=0, p99=0
createChkpt_1(ms) stats (200 samples): dur=22.145971771s, p50=1, p90=2, p99=2
q1_out_bufEntry_1 stats (200 samples): dur=10.991864155s, p50=212, p90=340, p99=384
q1_out_bufSize_1 stats (200 samples): dur=10.991860907s, p50=53848, p90=86251, p99=97354
1 producer ended, map[] remain
exit due to ctrlMsg
createChkpt_1(ms) (24 samples): dur=2.659336441s, data=[1 1 1 1 1 2 1 1 1 2 1 1 1 1 1 2 2 2 2 1 1 1 1 2]
[1]duration: 180.039595 s, uts: 1709451122997
WaitAlignTime_0(ms) (24 samples): dur=2.664458618s, data=[0 0 0 0 0 0 0 0 0 0 0 0 0 0 0 0 0 0 0 0 0 0 0 0]
nexmark_src_src msgCnt 721625, ctrlCnt 1625, epochCnt 0, logEntry 15580
sink msgCnt 662400, ctrlCnt 1625
