wait for last: true, sink max_buf_size: 131072
warmup: 0
config: map[NodeConstraint:"1,2,3,4" NumInstance:4 OutputTopicName:["nexmark_src"] funcName:"source"]
config: map[Final:true InputTopicNames:["nexmark_src"] NodeConstraint:"5,6,7,8" NumInstance:4 NumSrcProducer:[1] OutputTopicName:["q1_out"] funcName:"query1"]
srcInvokeConfig: &{FinalTpNames:[q1_out] TopicName:nexmark_src AppId:q1 NodeConstraint:1,2,3,4 AdditionalBytes:0 ScaleEpoch:0 NumOutPartition:4 InstanceID:0 NumSrcInstance:4}
cliNodes: [0xc000026160]
inParamsMap: map[query1:[0xc00007eaa0 0xc00007eb40 0xc00007ebe0 0xc00007ec80]]
configScaleInput: &{Config:map[nexmark_src:4 q1_out:4 query1:4 source:4] AppId:q1 FuncNames:[source query1] BufMaxSize:131072 ScaleEpoch:0 SerdeFormat:1 Bootstrap:false}
encoded json is {"sg":{"nexmark_src":4,"q1_out":4,"query1":4,"source":4},"aid":"q1","fns":["source","query1"],"bufMaxSize":131072,"epoch":1,"serdeFormat":1,"bs":true}, node constraint is 1
encoded json is {"outTpNames":["q1_out"]}, node constraint is 1
redis_setup url is http://ip-172-31-10-197.us-east-2.compute.internal:8080/function/redisSetup
encoded json is {"srcTpName":"nexmark_src","outTpNames":["q1_out"],"numOutParts":"BA==","chkptEveryMs":100,"bufMaxSize":131072,"srcNumPart":4,"gua":4,"serde_format":1}, node constraint is 1
chkptmngr url is http://ip-172-31-10-197.us-east-2.compute.internal:8080/function/chkptmngr
func source url is http://ip-172-31-10-197.us-east-2.compute.internal:8080/function/source
src instance: 4
func source url is http://ip-172-31-10-197.us-east-2.compute.internal:8080/function/source
func source url is http://ip-172-31-10-197.us-east-2.compute.internal:8080/function/source
func source url is http://ip-172-31-10-197.us-east-2.compute.internal:8080/function/source
encoded json is {"topic_name":"nexmark_src","rate_shape":"square","aid":"q1","events_num":2880000,"rate_period":10000000000,"finOutTpNs":["q1_out"],"first_event_rate":16000,"next_event_rate":16000,"bid_avg_size":100,"person_avg_size":200,"auction_avg_size":500,"duration":180,"person_proportion":1,"auction_proportion":3,"bid_proportion":46,"bid_hot_ratio_auctions":2,"bid_hot_ratio_bidders":4,"auction_hot_ratio_sellers":4,"flushms":10,"bufMaxSize":131072,"commEveryMs":100,"rate_limited":false,"waitEnd":true,"serde_format":1,"numOutPar":4,"nSrcIns":4,"gua":4}, node constraint is 1,2,3,4
encoded json is {"topic_name":"nexmark_src","rate_shape":"square","aid":"q1","events_num":2880000,"rate_period":10000000000,"finOutTpNs":["q1_out"],"first_event_rate":16000,"next_event_rate":16000,"bid_avg_size":100,"person_avg_size":200,"auction_avg_size":500,"duration":180,"person_proportion":1,"auction_proportion":3,"bid_proportion":46,"bid_hot_ratio_auctions":2,"bid_hot_ratio_bidders":4,"auction_hot_ratio_sellers":4,"flushms":10,"bufMaxSize":131072,"commEveryMs":100,"rate_limited":false,"waitEnd":true,"serde_format":1,"numOutPar":4,"parNum":3,"nSrcIns":4,"gua":4}, node constraint is 1,2,3,4
encoded json is {"topic_name":"nexmark_src","rate_shape":"square","aid":"q1","events_num":2880000,"rate_period":10000000000,"finOutTpNs":["q1_out"],"first_event_rate":16000,"next_event_rate":16000,"bid_avg_size":100,"person_avg_size":200,"auction_avg_size":500,"duration":180,"person_proportion":1,"auction_proportion":3,"bid_proportion":46,"bid_hot_ratio_auctions":2,"bid_hot_ratio_bidders":4,"auction_hot_ratio_sellers":4,"flushms":10,"bufMaxSize":131072,"commEveryMs":100,"rate_limited":false,"waitEnd":true,"serde_format":1,"numOutPar":4,"parNum":2,"nSrcIns":4,"gua":4}, node constraint is 1,2,3,4
encoded json is {"topic_name":"nexmark_src","rate_shape":"square","aid":"q1","events_num":2880000,"rate_period":10000000000,"finOutTpNs":["q1_out"],"first_event_rate":16000,"next_event_rate":16000,"bid_avg_size":100,"person_avg_size":200,"auction_avg_size":500,"duration":180,"person_proportion":1,"auction_proportion":3,"bid_proportion":46,"bid_hot_ratio_auctions":2,"bid_hot_ratio_bidders":4,"auction_hot_ratio_sellers":4,"flushms":10,"bufMaxSize":131072,"commEveryMs":100,"rate_limited":false,"waitEnd":true,"serde_format":1,"numOutPar":4,"parNum":1,"nSrcIns":4,"gua":4}, node constraint is 1,2,3,4
Waiting for all client to return
func name is query1
func url is http://ip-172-31-10-197.us-east-2.compute.internal:8080/function/query1
func name is query1
func url is http://ip-172-31-10-197.us-east-2.compute.internal:8080/function/query1
func name is query1
func url is http://ip-172-31-10-197.us-east-2.compute.internal:8080/function/query1
func name is query1
func url is http://ip-172-31-10-197.us-east-2.compute.internal:8080/function/query1
encoded json is {"aid":"q1","numOutPartition":"BA==","numSubstreamProducer":"AQ==","outputTopicName":["q1_out"],"inputTopicName":["nexmark_src"],"commEveryMs":100,"flushMs":100,"duration":180,"bufMaxSize":131072,"epoch":1,"waitEnd":true,"numInPartition":4,"ParNum":3,"gua":4,"serdeFormat":1}, node constraint is 5,6,7,8
encoded json is {"aid":"q1","numOutPartition":"BA==","numSubstreamProducer":"AQ==","outputTopicName":["q1_out"],"inputTopicName":["nexmark_src"],"commEveryMs":100,"flushMs":100,"duration":180,"bufMaxSize":131072,"epoch":1,"waitEnd":true,"numInPartition":4,"ParNum":2,"gua":4,"serdeFormat":1}, node constraint is 5,6,7,8
encoded json is {"aid":"q1","numOutPartition":"BA==","numSubstreamProducer":"AQ==","outputTopicName":["q1_out"],"inputTopicName":["nexmark_src"],"commEveryMs":100,"flushMs":100,"duration":180,"bufMaxSize":131072,"epoch":1,"waitEnd":true,"numInPartition":4,"gua":4,"serdeFormat":1}, node constraint is 5,6,7,8
encoded json is {"aid":"q1","numOutPartition":"BA==","numSubstreamProducer":"AQ==","outputTopicName":["q1_out"],"inputTopicName":["nexmark_src"],"commEveryMs":100,"flushMs":100,"duration":180,"bufMaxSize":131072,"epoch":1,"waitEnd":true,"numInPartition":4,"ParNum":1,"gua":4,"serdeFormat":1}, node constraint is 5,6,7,8
source-1 invoke done
source-2 invoke done
source-3 invoke done
source-0 invoke done
query1-1 call done
query1-3 call done
query1-2 call done
query1-0 call done
sink processed: 720002, throughput: (event/s) 3998.244408120606
sink_ctrl processed: 2, throughput: (event/s) 0.011106203616436081
source-0 duration: 180.079536543

sink processed: 720002, throughput: (event/s) 3998.247660257618
sink_ctrl processed: 2, throughput: (event/s) 0.011106212650124911
source-1 duration: 180.079390068

sink processed: 720002, throughput: (event/s) 3998.254429870594
sink_ctrl processed: 2, throughput: (event/s) 0.011106231454553165
source-2 duration: 180.079085168

sink processed: 720002, throughput: (event/s) 3998.262528502613
sink_ctrl processed: 2, throughput: (event/s) 0.01110625395069073
source-3 duration: 180.078720411

sink processed 2880008 events, duration: 180.079536543, tp: 15992.977632
sink_ctrl processed 8 events, duration: 180.079536543, tp: 0.044425

eventTimeLatency_sink, p50: 9 ms, p90: 13 ms, p99: 15 ms
sink processed: 662400, throughput: (event/s) 3678.3030439288427
nexmark_src_src processed: 721625, throughput: (event/s) 4007.1790973356747
nexmark_src_src_ctrl processed: 1625, throughput: (event/s) 9.023614804324229
nexmark_src_src_data processed: 720000, throughput: (event/s) 3998.1554825313506
nexmark_src_src_epoch processed: 0, throughput: (event/s) 0
nexmark_src_src_logEntry processed: 15612, throughput: (event/s) 86.69333804622146
query1-0 duration: 180.083041579

eventTimeLatency_sink, p50: 9 ms, p90: 14 ms, p99: 16 ms
nexmark_src_src processed: 721625, throughput: (event/s) 4007.1817261475708
nexmark_src_src_ctrl processed: 1625, throughput: (event/s) 9.023620724046149
nexmark_src_src_data processed: 720000, throughput: (event/s) 3998.1581054235244
nexmark_src_src_epoch processed: 0, throughput: (event/s) 0
nexmark_src_src_logEntry processed: 15826, throughput: (event/s) 87.88173635615652
sink processed: 662400, throughput: (event/s) 3678.3054569896426
query1-1 duration: 180.08292344

eventTimeLatency_sink, p50: 9 ms, p90: 13 ms, p99: 15 ms
nexmark_src_src_ctrl processed: 1625, throughput: (event/s) 9.02363195720322
nexmark_src_src_data processed: 720000, throughput: (event/s) 3998.163082576196
nexmark_src_src_epoch processed: 0, throughput: (event/s) 0
nexmark_src_src_logEntry processed: 15675, throughput: (event/s) 87.0433421102526
sink processed: 662400, throughput: (event/s) 3678.3100359701
nexmark_src_src processed: 721625, throughput: (event/s) 4007.186714533399
query1-2 duration: 180.082699262

eventTimeLatency_sink, p50: 8 ms, p90: 13 ms, p99: 15 ms
nexmark_src_src_data processed: 720000, throughput: (event/s) 3998.152259308654
nexmark_src_src_epoch processed: 0, throughput: (event/s) 0
nexmark_src_src_logEntry processed: 15767, throughput: (event/s) 87.55398148961048
sink processed: 662400, throughput: (event/s) 3678.3000785639615
nexmark_src_src processed: 721625, throughput: (event/s) 4007.1758668383436
nexmark_src_src_ctrl processed: 1625, throughput: (event/s) 9.02360752968967
query1-3 duration: 180.083186758

sink processed 2649600 events, duration: 180.083186758
nexmark_src_src processed 2886500 events, duration: 180.083186758
nexmark_src_src_ctrl processed 6500 events, duration: 180.083186758
nexmark_src_src_data processed 2880000 events, duration: 180.083186758
nexmark_src_src_epoch processed 0 events, duration: 180.083186758
nexmark_src_src_logEntry processed 62880 events, duration: 180.083186758

