wait for last: true, sink max_buf_size: 131072
warmup: 0
config: map[NodeConstraint:"1,2,3,4" NumInstance:4 OutputTopicName:["nexmark_src"] funcName:"source"]
config: map[Final:true InputTopicNames:["nexmark_src"] NodeConstraint:"5,6,7,8" NumInstance:4 NumSrcProducer:[1] OutputTopicName:["fanout_out"] funcName:"fanout"]
srcInvokeConfig: &{FinalTpNames:[fanout_out] TopicName:nexmark_src AppId:fanout NodeConstraint:1,2,3,4 AdditionalBytes:0 ScaleEpoch:0 NumOutPartition:4 InstanceID:0 NumSrcInstance:4}
cliNodes: [0xc000026160]
inParamsMap: map[fanout:[0xc00007eaa0 0xc00007eb40 0xc00007ebe0 0xc00007ec80]]
configScaleInput: &{Config:map[fanout:4 fanout_out:16 nexmark_src:4 source:4] AppId:fanout FuncNames:[source fanout] BufMaxSize:131072 ScaleEpoch:0 SerdeFormat:1 Bootstrap:false}
encoded json is {"sg":{"fanout":4,"fanout_out":16,"nexmark_src":4,"source":4},"aid":"fanout","fns":["source","fanout"],"bufMaxSize":131072,"epoch":1,"serdeFormat":1,"bs":true}, node constraint is 1
func source url is http://ip-172-31-7-113.us-east-2.compute.internal:8080/function/source
func source url is http://ip-172-31-7-113.us-east-2.compute.internal:8080/function/source
func source url is http://ip-172-31-7-113.us-east-2.compute.internal:8080/function/source
func source url is http://ip-172-31-7-113.us-east-2.compute.internal:8080/function/source
encoded json is {"topic_name":"nexmark_src","rate_shape":"square","aid":"fanout","events_num":46080000,"rate_period":10000000000,"finOutTpNs":["fanout_out"],"first_event_rate":256000,"next_event_rate":256000,"bid_avg_size":100,"person_avg_size":200,"auction_avg_size":500,"duration":180,"person_proportion":1,"auction_proportion":3,"bid_proportion":46,"bid_hot_ratio_auctions":2,"bid_hot_ratio_bidders":4,"auction_hot_ratio_sellers":4,"flushms":10,"bufMaxSize":131072,"commEveryMs":100,"rate_limited":false,"waitEnd":true,"serde_format":1,"numOutPar":4,"parNum":1,"nSrcIns":4,"gua":3}, node constraint is 1,2,3,4
src instance: 4
encoded json is {"topic_name":"nexmark_src","rate_shape":"square","aid":"fanout","events_num":46080000,"rate_period":10000000000,"finOutTpNs":["fanout_out"],"first_event_rate":256000,"next_event_rate":256000,"bid_avg_size":100,"person_avg_size":200,"auction_avg_size":500,"duration":180,"person_proportion":1,"auction_proportion":3,"bid_proportion":46,"bid_hot_ratio_auctions":2,"bid_hot_ratio_bidders":4,"auction_hot_ratio_sellers":4,"flushms":10,"bufMaxSize":131072,"commEveryMs":100,"rate_limited":false,"waitEnd":true,"serde_format":1,"numOutPar":4,"parNum":3,"nSrcIns":4,"gua":3}, node constraint is 1,2,3,4
encoded json is {"topic_name":"nexmark_src","rate_shape":"square","aid":"fanout","events_num":46080000,"rate_period":10000000000,"finOutTpNs":["fanout_out"],"first_event_rate":256000,"next_event_rate":256000,"bid_avg_size":100,"person_avg_size":200,"auction_avg_size":500,"duration":180,"person_proportion":1,"auction_proportion":3,"bid_proportion":46,"bid_hot_ratio_auctions":2,"bid_hot_ratio_bidders":4,"auction_hot_ratio_sellers":4,"flushms":10,"bufMaxSize":131072,"commEveryMs":100,"rate_limited":false,"waitEnd":true,"serde_format":1,"numOutPar":4,"nSrcIns":4,"gua":3}, node constraint is 1,2,3,4
encoded json is {"topic_name":"nexmark_src","rate_shape":"square","aid":"fanout","events_num":46080000,"rate_period":10000000000,"finOutTpNs":["fanout_out"],"first_event_rate":256000,"next_event_rate":256000,"bid_avg_size":100,"person_avg_size":200,"auction_avg_size":500,"duration":180,"person_proportion":1,"auction_proportion":3,"bid_proportion":46,"bid_hot_ratio_auctions":2,"bid_hot_ratio_bidders":4,"auction_hot_ratio_sellers":4,"flushms":10,"bufMaxSize":131072,"commEveryMs":100,"rate_limited":false,"waitEnd":true,"serde_format":1,"numOutPar":4,"parNum":2,"nSrcIns":4,"gua":3}, node constraint is 1,2,3,4
Waiting for all client to return
func name is fanout
func url is http://ip-172-31-7-113.us-east-2.compute.internal:8080/function/fanout
func name is fanout
func url is http://ip-172-31-7-113.us-east-2.compute.internal:8080/function/fanout
func name is fanout
func url is http://ip-172-31-7-113.us-east-2.compute.internal:8080/function/fanout
func name is fanout
func url is http://ip-172-31-7-113.us-east-2.compute.internal:8080/function/fanout
encoded json is {"aid":"fanout","numOutPartition":"EA==","numSubstreamProducer":"AQ==","outputTopicName":["fanout_out"],"inputTopicName":["nexmark_src"],"commEveryMs":100,"flushMs":100,"duration":180,"bufMaxSize":131072,"epoch":1,"waitEnd":true,"numInPartition":4,"ParNum":1,"gua":3,"serdeFormat":1}, node constraint is 5,6,7,8
encoded json is {"aid":"fanout","numOutPartition":"EA==","numSubstreamProducer":"AQ==","outputTopicName":["fanout_out"],"inputTopicName":["nexmark_src"],"commEveryMs":100,"flushMs":100,"duration":180,"bufMaxSize":131072,"epoch":1,"waitEnd":true,"numInPartition":4,"ParNum":2,"gua":3,"serdeFormat":1}, node constraint is 5,6,7,8
encoded json is {"aid":"fanout","numOutPartition":"EA==","numSubstreamProducer":"AQ==","outputTopicName":["fanout_out"],"inputTopicName":["nexmark_src"],"commEveryMs":100,"flushMs":100,"duration":180,"bufMaxSize":131072,"epoch":1,"waitEnd":true,"numInPartition":4,"ParNum":3,"gua":3,"serdeFormat":1}, node constraint is 5,6,7,8
encoded json is {"aid":"fanout","numOutPartition":"EA==","numSubstreamProducer":"AQ==","outputTopicName":["fanout_out"],"inputTopicName":["nexmark_src"],"commEveryMs":100,"flushMs":100,"duration":180,"bufMaxSize":131072,"epoch":1,"waitEnd":true,"numInPartition":4,"gua":3,"serdeFormat":1}, node constraint is 5,6,7,8
source-1 invoke done
source-2 invoke done
source-0 invoke done
source-3 invoke done
fanout-1 call done
fanout-2 call done
fanout-0 call done
fanout-3 call done
sink processed: 11520001, throughput: (event/s) 63999.30691352156
sink_ctrl processed: 1, throughput: (event/s) 0.005555494909550924
source-0 duration: 180.001964952

sink processed: 11520001, throughput: (event/s) 63999.0958862731
sink_ctrl processed: 1, throughput: (event/s) 0.005555476591214975
source-1 duration: 180.002558481

sink_ctrl processed: 1, throughput: (event/s) 0.005555510408977993
sink processed: 11520001, throughput: (event/s) 63999.48546693688
source-2 duration: 180.001462761

sink processed: 11519937, throughput: (event/s) 63998.293614476395
sink_ctrl processed: 1, throughput: (event/s) 0.005555437813112728
source-3 duration: 180.003814936

sink processed 46079940 events, duration: 180.003814936, tp: 255994.241102
sink_ctrl processed 4 events, duration: 180.003814936, tp: 0.022222

eventTimeLatency_fanoutSink, p50: 11 ms, p90: 39 ms, p99: 60 ms
fanoutSink processed: 11520000, throughput: (event/s) 63957.878314212656
nexmark_src_src processed: 11520001, throughput: (event/s) 63957.88386611181
nexmark_src_src_ctrl processed: 1, throughput: (event/s) 0.005551899159219848
nexmark_src_src_data processed: 11520000, throughput: (event/s) 63957.878314212656
nexmark_src_src_epoch processed: 0, throughput: (event/s) 0
nexmark_src_src_logEntry processed: 30214, throughput: (event/s) 167.7450811966685
fanout-0 duration: 180.118545262

eventTimeLatency_fanoutSink, p50: 11 ms, p90: 40 ms, p99: 62 ms
fanoutSink processed: 11520000, throughput: (event/s) 63954.7695802669
nexmark_src_src processed: 11520001, throughput: (event/s) 63954.775131896204
nexmark_src_src_ctrl processed: 1, throughput: (event/s) 0.005551629303842612
nexmark_src_src_data processed: 11520000, throughput: (event/s) 63954.7695802669
nexmark_src_src_epoch processed: 0, throughput: (event/s) 0
nexmark_src_src_logEntry processed: 30329, throughput: (event/s) 168.3753651562426
fanout-1 duration: 180.127300522

eventTimeLatency_fanoutSink, p50: 11 ms, p90: 39 ms, p99: 70 ms
fanoutSink processed: 11520000, throughput: (event/s) 63958.950686366356
nexmark_src_src processed: 11520001, throughput: (event/s) 63958.9562383586
nexmark_src_src_ctrl processed: 1, throughput: (event/s) 0.005551992247080413
nexmark_src_src_data processed: 11520000, throughput: (event/s) 63958.950686366356
nexmark_src_src_epoch processed: 0, throughput: (event/s) 0
nexmark_src_src_logEntry processed: 30358, throughput: (event/s) 168.54738063686716
fanout-2 duration: 180.115525292

eventTimeLatency_fanoutSink, p50: 12 ms, p90: 42 ms, p99: 68 ms
nexmark_src_src_ctrl processed: 1, throughput: (event/s) 0.005552099111213692
nexmark_src_src_data processed: 11519936, throughput: (event/s) 63959.82642683861
nexmark_src_src_epoch processed: 0, throughput: (event/s) 0
nexmark_src_src_logEntry processed: 30301, throughput: (event/s) 168.23415516888608
fanoutSink processed: 11519936, throughput: (event/s) 63959.82642683861
nexmark_src_src processed: 11519937, throughput: (event/s) 63959.83197893773
fanout-3 duration: 180.112058515

fanoutSink processed 46079936 events, duration: 180.127300522
nexmark_src_src processed 46079940 events, duration: 180.127300522
nexmark_src_src_ctrl processed 4 events, duration: 180.127300522
nexmark_src_src_data processed 46079936 events, duration: 180.127300522
nexmark_src_src_epoch processed 0 events, duration: 180.127300522
nexmark_src_src_logEntry processed 121202 events, duration: 180.127300522

