wait for last: true
warmup: 0
encoded json is {"sg":{"changelog":4,"nexmark_src":4,"q8GroupBy":4,"q8JoinStream":4,"q8_aucsBySellerID_out":4,"q8_out":4,"q8_personsByID_out":4,"source":4},"aid":"q8","fns":["source","q8GroupBy","q8JoinStream"],"epoch":1,"serdeFormat":1,"bs":true}, node constraint is 1
config: map[NodeConstraint:"1,2,3,4" NumInstance:4 OutputTopicName:["nexmark_src"] funcName:"source"]
config: map[InputTopicNames:["nexmark_src"] NodeConstraint:"5,6,7,8" NumInstance:4 NumSrcProducer:[1] OutputTopicName:["q8_aucsBySellerID_out","q8_personsByID_out"] funcName:"q8GroupBy"]
config: map[InputTopicNames:["q8_aucsBySellerID_out","q8_personsByID_out"] NodeConstraint:"5,6,7,8" NumInstance:4 NumSrcProducer:[4,4] OutputTopicName:["q8_out"] funcName:"q8JoinStream"]
srcInvokeConfig: {TopicName:nexmark_src AppId:q8 NodeConstraint:1,2,3,4 ScaleEpoch:0 NumOutPartition:4 InstanceID:0 NumSrcInstance:4}
cliNodes: [0xc000026260 0xc0000262c0]
inParamsMap: map[q8GroupBy:[0xc000000be0 0xc000000c80 0xc000000d20 0xc000000dc0] q8JoinStream:[0xc000000e60 0xc000000f00 0xc000000fa0 0xc000001040]]
configScaleInput: {Config:map[changelog:4 nexmark_src:4 q8GroupBy:4 q8JoinStream:4 q8_aucsBySellerID_out:4 q8_out:4 q8_personsByID_out:4 source:4] AppId:q8 FuncNames:[source q8GroupBy q8JoinStream] ScaleEpoch:0 SerdeFormat:1 Bootstrap:false}
func source url is http://ip-172-31-12-180.us-east-2.compute.internal:8080/function/source
func source url is http://ip-172-31-12-180.us-east-2.compute.internal:8080/function/source
encoded json is {"topic_name":"nexmark_src","rate_shape":"square","aid":"q8","events_num":25920000,"rate_period":10000000000,"bid_avg_size":100,"first_event_rate":144000,"next_event_rate":144000,"person_avg_size":200,"auction_avg_size":500,"duration":180,"person_proportion":1,"auction_proportion":3,"bid_proportion":46,"bid_hot_ratio_auctions":2,"bid_hot_ratio_bidders":4,"auction_hot_ratio_sellers":4,"flushms":100,"rate_limited":false,"waitEnd":true,"serde_format":1,"numOutPar":4,"parNum":3,"nSrcIns":4}, node constraint is 1,2,3,4
src instance: 4
encoded json is {"topic_name":"nexmark_src","rate_shape":"square","aid":"q8","events_num":25920000,"rate_period":10000000000,"bid_avg_size":100,"first_event_rate":144000,"next_event_rate":144000,"person_avg_size":200,"auction_avg_size":500,"duration":180,"person_proportion":1,"auction_proportion":3,"bid_proportion":46,"bid_hot_ratio_auctions":2,"bid_hot_ratio_bidders":4,"auction_hot_ratio_sellers":4,"flushms":100,"rate_limited":false,"waitEnd":true,"serde_format":1,"numOutPar":4,"parNum":1,"nSrcIns":4}, node constraint is 1,2,3,4
func source url is http://ip-172-31-12-180.us-east-2.compute.internal:8080/function/source
encoded json is {"topic_name":"nexmark_src","rate_shape":"square","aid":"q8","events_num":25920000,"rate_period":10000000000,"bid_avg_size":100,"first_event_rate":144000,"next_event_rate":144000,"person_avg_size":200,"auction_avg_size":500,"duration":180,"person_proportion":1,"auction_proportion":3,"bid_proportion":46,"bid_hot_ratio_auctions":2,"bid_hot_ratio_bidders":4,"auction_hot_ratio_sellers":4,"flushms":100,"rate_limited":false,"waitEnd":true,"serde_format":1,"numOutPar":4,"nSrcIns":4}, node constraint is 1,2,3,4
func source url is http://ip-172-31-12-180.us-east-2.compute.internal:8080/function/source
encoded json is {"topic_name":"nexmark_src","rate_shape":"square","aid":"q8","events_num":25920000,"rate_period":10000000000,"bid_avg_size":100,"first_event_rate":144000,"next_event_rate":144000,"person_avg_size":200,"auction_avg_size":500,"duration":180,"person_proportion":1,"auction_proportion":3,"bid_proportion":46,"bid_hot_ratio_auctions":2,"bid_hot_ratio_bidders":4,"auction_hot_ratio_sellers":4,"flushms":100,"rate_limited":false,"waitEnd":true,"serde_format":1,"numOutPar":4,"parNum":2,"nSrcIns":4}, node constraint is 1,2,3,4
encoded json is {"aid":"q8","numOutPartition":"BAQ=","numSubstreamProducer":"AQ==","outputTopicName":["q8_aucsBySellerID_out","q8_personsByID_out"],"inputTopicName":["nexmark_src"],"commEveryMs":100,"flushMs":100,"snapEveryS":10,"duration":180,"epoch":1,"waitEnd":true,"numChangelogPartition":4,"numInPartition":4,"gua":3,"serdeFormat":1}, node constraint is 5,6,7,8
encoded json is {"aid":"q8","numOutPartition":"BA==","numSubstreamProducer":"BAQ=","outputTopicName":["q8_out"],"inputTopicName":["q8_aucsBySellerID_out","q8_personsByID_out"],"commEveryMs":100,"flushMs":100,"snapEveryS":10,"duration":180,"epoch":1,"waitEnd":true,"numChangelogPartition":4,"numInPartition":4,"ParNum":3,"gua":3,"serdeFormat":1}, node constraint is 5,6,7,8
encoded json is {"aid":"q8","numOutPartition":"BAQ=","numSubstreamProducer":"AQ==","outputTopicName":["q8_aucsBySellerID_out","q8_personsByID_out"],"inputTopicName":["nexmark_src"],"commEveryMs":100,"flushMs":100,"snapEveryS":10,"duration":180,"epoch":1,"waitEnd":true,"numChangelogPartition":4,"numInPartition":4,"ParNum":1,"gua":3,"serdeFormat":1}, node constraint is 5,6,7,8
encoded json is {"aid":"q8","numOutPartition":"BA==","numSubstreamProducer":"BAQ=","outputTopicName":["q8_out"],"inputTopicName":["q8_aucsBySellerID_out","q8_personsByID_out"],"commEveryMs":100,"flushMs":100,"snapEveryS":10,"duration":180,"epoch":1,"waitEnd":true,"numChangelogPartition":4,"numInPartition":4,"ParNum":1,"gua":3,"serdeFormat":1}, node constraint is 5,6,7,8
encoded json is {"aid":"q8","numOutPartition":"BAQ=","numSubstreamProducer":"AQ==","outputTopicName":["q8_aucsBySellerID_out","q8_personsByID_out"],"inputTopicName":["nexmark_src"],"commEveryMs":100,"flushMs":100,"snapEveryS":10,"duration":180,"epoch":1,"waitEnd":true,"numChangelogPartition":4,"numInPartition":4,"ParNum":3,"gua":3,"serdeFormat":1}, node constraint is 5,6,7,8
encoded json is {"aid":"q8","numOutPartition":"BA==","numSubstreamProducer":"BAQ=","outputTopicName":["q8_out"],"inputTopicName":["q8_aucsBySellerID_out","q8_personsByID_out"],"commEveryMs":100,"flushMs":100,"snapEveryS":10,"duration":180,"epoch":1,"waitEnd":true,"numChangelogPartition":4,"numInPartition":4,"gua":3,"serdeFormat":1}, node constraint is 5,6,7,8
encoded json is {"aid":"q8","numOutPartition":"BA==","numSubstreamProducer":"BAQ=","outputTopicName":["q8_out"],"inputTopicName":["q8_aucsBySellerID_out","q8_personsByID_out"],"commEveryMs":100,"flushMs":100,"snapEveryS":10,"duration":180,"epoch":1,"waitEnd":true,"numChangelogPartition":4,"numInPartition":4,"ParNum":2,"gua":3,"serdeFormat":1}, node constraint is 5,6,7,8
encoded json is {"aid":"q8","numOutPartition":"BAQ=","numSubstreamProducer":"AQ==","outputTopicName":["q8_aucsBySellerID_out","q8_personsByID_out"],"inputTopicName":["nexmark_src"],"commEveryMs":100,"flushMs":100,"snapEveryS":10,"duration":180,"epoch":1,"waitEnd":true,"numChangelogPartition":4,"numInPartition":4,"ParNum":2,"gua":3,"serdeFormat":1}, node constraint is 5,6,7,8
Waiting for all client to return
func name is q8JoinStream
func url is http://ip-172-31-12-180.us-east-2.compute.internal:8080/function/q8JoinStream
func name is q8GroupBy
func url is http://ip-172-31-12-180.us-east-2.compute.internal:8080/function/q8GroupBy
func name is q8JoinStream
func url is http://ip-172-31-12-180.us-east-2.compute.internal:8080/function/q8JoinStream
func name is q8GroupBy
func name is q8JoinStream
func url is http://ip-172-31-12-180.us-east-2.compute.internal:8080/function/q8JoinStream
func name is q8JoinStream
func url is http://ip-172-31-12-180.us-east-2.compute.internal:8080/function/q8JoinStream
func url is http://ip-172-31-12-180.us-east-2.compute.internal:8080/function/q8GroupBy
func name is q8GroupBy
func url is http://ip-172-31-12-180.us-east-2.compute.internal:8080/function/q8GroupBy
func name is q8GroupBy
func url is http://ip-172-31-12-180.us-east-2.compute.internal:8080/function/q8GroupBy
source-3 invoke done
source-2 invoke done
source-1 invoke done
source-0 invoke done
q8GroupBy-3 call done
q8GroupBy-2 call done
q8GroupBy-1 call done
q8GroupBy-0 call done
q8JoinStream-2 call done
q8JoinStream-0 call done
q8JoinStream-3 call done
q8JoinStream-1 call done
sink processed: 6480001, throughput: (event/s) 35999.310941051095
sink_ctrl processed: 1, throughput: (event/s) 0.005555448361975731
source-0 duration: 180.003473139

sink processed: 6480001, throughput: (event/s) 35999.56704022949
sink_ctrl processed: 1, throughput: (event/s) 0.00555548788344778
source-1 duration: 180.002192603

sink processed: 6480001, throughput: (event/s) 35999.600885042
sink_ctrl processed: 1, throughput: (event/s) 0.005555493106411866
source-2 duration: 180.002023375

sink processed: 6480001, throughput: (event/s) 35999.60449136183
sink_ctrl processed: 1, throughput: (event/s) 0.005555493662942619
source-3 duration: 180.002005343

sink processed 25920004 events, duration: 180.003473139, tp: 143997.243764
sink_ctrl processed 4 events, duration: 180.003473139, tp: 0.022222

eventTimeLatency_sink, p50: 272 ms, p90: 863 ms, p99: 1587 ms
personsByIDSrc_ctrl processed: 4, throughput: (event/s) 0.022170547296078102
personsByIDSrc_epoch processed: 5916, throughput: (event/s) 32.79023945089951
auctionsBySellerIDSrc_data processed: 371399, throughput: (event/s) 2058.5297738040276
auctionsBySellerIDSrc_logEntry processed: 6338, throughput: (event/s) 35.129232190635754
auctionsBySellerIDSrc processed: 377319, throughput: (event/s) 2091.342183802223
personsByIDSrc processed: 135292, throughput: (event/s) 749.8744211952496
personsByIDSrc_data processed: 129372, throughput: (event/s) 717.0620111970541
personsByIDSrc_logEntry processed: 5916, throughput: (event/s) 32.79023945089951
auctionsBySellerIDSrc_ctrl processed: 4, throughput: (event/s) 0.022170547296078102
auctionsBySellerIDSrc_epoch processed: 5916, throughput: (event/s) 32.79023945089951
sink processed: 1483260, throughput: (event/s) 8221.171495595201
q8JoinStream-0 duration: 180.419542494

eventTimeLatency_sink, p50: 309 ms, p90: 1315 ms, p99: 2402 ms
personsByIDSrc processed: 136140, throughput: (event/s) 746.1595982136661
auctionsBySellerIDSrc_data processed: 394849, throughput: (event/s) 2164.0985103207568
auctionsBySellerIDSrc_epoch processed: 5916, throughput: (event/s) 32.424564294344414
personsByIDSrc_epoch processed: 5916, throughput: (event/s) 32.424564294344414
auctionsBySellerIDSrc processed: 400769, throughput: (event/s) 2196.5449979175314
auctionsBySellerIDSrc_logEntry processed: 6402, throughput: (event/s) 35.08824553962017
sink processed: 1580591, throughput: (event/s) 8662.943627884066
personsByIDSrc_ctrl processed: 4, throughput: (event/s) 0.02192330243025315
personsByIDSrc_data processed: 130220, throughput: (event/s) 713.7131106168914
personsByIDSrc_logEntry processed: 5916, throughput: (event/s) 32.424564294344414
auctionsBySellerIDSrc_ctrl processed: 4, throughput: (event/s) 0.02192330243025315
q8JoinStream-1 duration: 182.454263573

eventTimeLatency_sink, p50: 236 ms, p90: 757 ms, p99: 1501 ms
auctionsBySellerIDSrc_data processed: 384233, throughput: (event/s) 2131.3292859579215
personsByIDSrc_epoch processed: 5916, throughput: (event/s) 32.81588009287871
personsByIDSrc processed: 134920, throughput: (event/s) 748.3973194947929
personsByIDSrc_logEntry processed: 5916, throughput: (event/s) 32.81588009287871
auctionsBySellerIDSrc processed: 390153, throughput: (event/s) 2164.167353934568
auctionsBySellerIDSrc_logEntry processed: 6364, throughput: (event/s) 35.30092307489521
personsByIDSrc_data processed: 129000, throughput: (event/s) 715.5592515181462
sink processed: 1538392, throughput: (event/s) 8533.415721407007
auctionsBySellerIDSrc_ctrl processed: 4, throughput: (event/s) 0.022187883768004533
auctionsBySellerIDSrc_epoch processed: 5916, throughput: (event/s) 32.81588009287871
personsByIDSrc_ctrl processed: 4, throughput: (event/s) 0.022187883768004533
q8JoinStream-2 duration: 180.278571937

eventTimeLatency_sink, p50: 369 ms, p90: 1982 ms, p99: 2738 ms
personsByIDSrc_ctrl processed: 4, throughput: (event/s) 0.022189585702277588
personsByIDSrc_data processed: 129808, throughput: (event/s) 720.0964352103123
auctionsBySellerIDSrc processed: 410639, throughput: (event/s) 2277.9773207993917
auctionsBySellerIDSrc_data processed: 404719, throughput: (event/s) 2245.136733960021
auctionsBySellerIDSrc_ctrl processed: 4, throughput: (event/s) 0.022189585702277588
auctionsBySellerIDSrc_logEntry processed: 6430, throughput: (event/s) 35.66975901641123
personsByIDSrc_logEntry processed: 5916, throughput: (event/s) 32.81839725366856
auctionsBySellerIDSrc_epoch processed: 5916, throughput: (event/s) 32.81839725366856
personsByIDSrc processed: 135728, throughput: (event/s) 752.9370220496832
personsByIDSrc_epoch processed: 5916, throughput: (event/s) 32.81839725366856
sink processed: 1619906, throughput: (event/s) 8986.26075415842
q8JoinStream-3 duration: 180.264744627

auctionsBySellerIDSrc_logEntry processed 25534 events, duration: 182.454263573
personsByIDSrc processed 542080 events, duration: 182.454263573
personsByIDSrc_logEntry processed 23664 events, duration: 182.454263573
auctionsBySellerIDSrc_ctrl processed 16 events, duration: 182.454263573
auctionsBySellerIDSrc_epoch processed 23664 events, duration: 182.454263573
auctionsBySellerIDSrc_data processed 1555200 events, duration: 182.454263573
personsByIDSrc_epoch processed 23664 events, duration: 182.454263573
auctionsBySellerIDSrc processed 1578880 events, duration: 182.454263573
personsByIDSrc_data processed 518400 events, duration: 182.454263573
sink processed 6222149 events, duration: 182.454263573
personsByIDSrc_ctrl processed 16 events, duration: 182.454263573

auctionsBySellerIDSink processed: 388800, throughput: (event/s) 2159.4164510430965
nexmark_src_src processed: 6480001, throughput: (event/s) 35990.27973810626
nexmark_src_src_ctrl processed: 1, throughput: (event/s) 0.005554054658032655
nexmark_src_src_data processed: 6480000, throughput: (event/s) 35990.2741840516
nexmark_src_src_epoch processed: 0, throughput: (event/s) 0
nexmark_src_src_logEntry processed: 14096, throughput: (event/s) 78.2899544596283
personsByIDSink processed: 129600, throughput: (event/s) 719.8054836810321
q8GroupBy-0 duration: 180.048642221

nexmark_src_src_logEntry processed: 14098, throughput: (event/s) 78.30465905751456
personsByIDSink processed: 129600, throughput: (event/s) 719.838545457078
auctionsBySellerIDSink processed: 388800, throughput: (event/s) 2159.515636371234
nexmark_src_src processed: 6480001, throughput: (event/s) 35991.93282716366
nexmark_src_src_ctrl processed: 1, throughput: (event/s) 0.005554309764329306
nexmark_src_src_data processed: 6480000, throughput: (event/s) 35991.9272728539
nexmark_src_src_epoch processed: 0, throughput: (event/s) 0
q8GroupBy-1 duration: 180.040372689

nexmark_src_src processed: 6480001, throughput: (event/s) 35994.092975074775
nexmark_src_src_ctrl processed: 1, throughput: (event/s) 0.005554643120436984
nexmark_src_src_data processed: 6480000, throughput: (event/s) 35994.08742043166
nexmark_src_src_epoch processed: 0, throughput: (event/s) 0
nexmark_src_src_logEntry processed: 14098, throughput: (event/s) 78.3093587119206
personsByIDSink processed: 129600, throughput: (event/s) 719.8817484086331
auctionsBySellerIDSink processed: 388800, throughput: (event/s) 2159.6452452258995
q8GroupBy-2 duration: 180.029567754

nexmark_src_src processed: 6480001, throughput: (event/s) 35993.873281764136
nexmark_src_src_ctrl processed: 1, throughput: (event/s) 0.005554609217153536
nexmark_src_src_data processed: 6480000, throughput: (event/s) 35993.86772715492
nexmark_src_src_epoch processed: 0, throughput: (event/s) 0
nexmark_src_src_logEntry processed: 14089, throughput: (event/s) 78.25888926047617
personsByIDSink processed: 129600, throughput: (event/s) 719.8773545430982
auctionsBySellerIDSink processed: 388800, throughput: (event/s) 2159.632063629295
q8GroupBy-3 duration: 180.030666588

nexmark_src_src_logEntry processed 56381 events, duration: 180.048642221
personsByIDSink processed 518400 events, duration: 180.048642221
auctionsBySellerIDSink processed 1555200 events, duration: 180.048642221
nexmark_src_src processed 25920004 events, duration: 180.048642221
nexmark_src_src_ctrl processed 4 events, duration: 180.048642221
nexmark_src_src_data processed 25920000 events, duration: 180.048642221
nexmark_src_src_epoch processed 0 events, duration: 180.048642221

