wait for last: true, sink max_buf_size: 131072
warmup: 0
encoded json is {"sg":{"fanout":4,"fanout_out":8,"nexmark_src":4,"source":4},"aid":"fanout","fns":["source","fanout"],"bufMaxSize":131072,"epoch":1,"serdeFormat":1,"bs":true}, node constraint is 1
config: map[NodeConstraint:"1,2,3,4" NumInstance:4 OutputTopicName:["nexmark_src"] funcName:"source"]
config: map[Final:true InputTopicNames:["nexmark_src"] NodeConstraint:"5,6,7,8" NumInstance:4 NumSrcProducer:[1] OutputTopicName:["fanout_out"] funcName:"fanout"]
srcInvokeConfig: &{FinalTpNames:[fanout_out] TopicName:nexmark_src AppId:fanout NodeConstraint:1,2,3,4 AdditionalBytes:0 ScaleEpoch:0 NumOutPartition:4 InstanceID:0 NumSrcInstance:4}
cliNodes: [0xc000026160]
inParamsMap: map[fanout:[0xc00007eaa0 0xc00007eb40 0xc00007ebe0 0xc00007ec80]]
configScaleInput: &{Config:map[fanout:4 fanout_out:8 nexmark_src:4 source:4] AppId:fanout FuncNames:[source fanout] BufMaxSize:131072 ScaleEpoch:0 SerdeFormat:1 Bootstrap:false}
func source url is http://ip-172-31-11-232.us-east-2.compute.internal:8080/function/source
func source url is http://ip-172-31-11-232.us-east-2.compute.internal:8080/function/source
func source url is http://ip-172-31-11-232.us-east-2.compute.internal:8080/function/source
src instance: 4
encoded json is {"topic_name":"nexmark_src","rate_shape":"square","aid":"fanout","events_num":46080000,"rate_period":10000000000,"finOutTpNs":["fanout_out"],"first_event_rate":256000,"next_event_rate":256000,"bid_avg_size":100,"person_avg_size":200,"auction_avg_size":500,"duration":180,"person_proportion":1,"auction_proportion":3,"bid_proportion":46,"bid_hot_ratio_auctions":2,"bid_hot_ratio_bidders":4,"auction_hot_ratio_sellers":4,"flushms":10,"bufMaxSize":131072,"commEveryMs":100,"rate_limited":false,"waitEnd":true,"serde_format":1,"numOutPar":4,"parNum":1,"nSrcIns":4,"gua":2}, node constraint is 1,2,3,4
encoded json is {"topic_name":"nexmark_src","rate_shape":"square","aid":"fanout","events_num":46080000,"rate_period":10000000000,"finOutTpNs":["fanout_out"],"first_event_rate":256000,"next_event_rate":256000,"bid_avg_size":100,"person_avg_size":200,"auction_avg_size":500,"duration":180,"person_proportion":1,"auction_proportion":3,"bid_proportion":46,"bid_hot_ratio_auctions":2,"bid_hot_ratio_bidders":4,"auction_hot_ratio_sellers":4,"flushms":10,"bufMaxSize":131072,"commEveryMs":100,"rate_limited":false,"waitEnd":true,"serde_format":1,"numOutPar":4,"parNum":2,"nSrcIns":4,"gua":2}, node constraint is 1,2,3,4
func source url is http://ip-172-31-11-232.us-east-2.compute.internal:8080/function/source
encoded json is {"topic_name":"nexmark_src","rate_shape":"square","aid":"fanout","events_num":46080000,"rate_period":10000000000,"finOutTpNs":["fanout_out"],"first_event_rate":256000,"next_event_rate":256000,"bid_avg_size":100,"person_avg_size":200,"auction_avg_size":500,"duration":180,"person_proportion":1,"auction_proportion":3,"bid_proportion":46,"bid_hot_ratio_auctions":2,"bid_hot_ratio_bidders":4,"auction_hot_ratio_sellers":4,"flushms":10,"bufMaxSize":131072,"commEveryMs":100,"rate_limited":false,"waitEnd":true,"serde_format":1,"numOutPar":4,"nSrcIns":4,"gua":2}, node constraint is 1,2,3,4
encoded json is {"topic_name":"nexmark_src","rate_shape":"square","aid":"fanout","events_num":46080000,"rate_period":10000000000,"finOutTpNs":["fanout_out"],"first_event_rate":256000,"next_event_rate":256000,"bid_avg_size":100,"person_avg_size":200,"auction_avg_size":500,"duration":180,"person_proportion":1,"auction_proportion":3,"bid_proportion":46,"bid_hot_ratio_auctions":2,"bid_hot_ratio_bidders":4,"auction_hot_ratio_sellers":4,"flushms":10,"bufMaxSize":131072,"commEveryMs":100,"rate_limited":false,"waitEnd":true,"serde_format":1,"numOutPar":4,"parNum":3,"nSrcIns":4,"gua":2}, node constraint is 1,2,3,4
Waiting for all client to return
func name is fanout
func url is http://ip-172-31-11-232.us-east-2.compute.internal:8080/function/fanout
func name is fanout
func url is http://ip-172-31-11-232.us-east-2.compute.internal:8080/function/fanout
func name is fanout
func url is http://ip-172-31-11-232.us-east-2.compute.internal:8080/function/fanout
func name is fanout
func url is http://ip-172-31-11-232.us-east-2.compute.internal:8080/function/fanout
encoded json is {"aid":"fanout","numOutPartition":"CA==","numSubstreamProducer":"AQ==","outputTopicName":["fanout_out"],"inputTopicName":["nexmark_src"],"commEveryMs":100,"flushMs":100,"duration":180,"bufMaxSize":131072,"epoch":1,"waitEnd":true,"numInPartition":4,"ParNum":3,"gua":2,"serdeFormat":1}, node constraint is 5,6,7,8
encoded json is {"aid":"fanout","numOutPartition":"CA==","numSubstreamProducer":"AQ==","outputTopicName":["fanout_out"],"inputTopicName":["nexmark_src"],"commEveryMs":100,"flushMs":100,"duration":180,"bufMaxSize":131072,"epoch":1,"waitEnd":true,"numInPartition":4,"gua":2,"serdeFormat":1}, node constraint is 5,6,7,8
encoded json is {"aid":"fanout","numOutPartition":"CA==","numSubstreamProducer":"AQ==","outputTopicName":["fanout_out"],"inputTopicName":["nexmark_src"],"commEveryMs":100,"flushMs":100,"duration":180,"bufMaxSize":131072,"epoch":1,"waitEnd":true,"numInPartition":4,"ParNum":2,"gua":2,"serdeFormat":1}, node constraint is 5,6,7,8
encoded json is {"aid":"fanout","numOutPartition":"CA==","numSubstreamProducer":"AQ==","outputTopicName":["fanout_out"],"inputTopicName":["nexmark_src"],"commEveryMs":100,"flushMs":100,"duration":180,"bufMaxSize":131072,"epoch":1,"waitEnd":true,"numInPartition":4,"ParNum":1,"gua":2,"serdeFormat":1}, node constraint is 5,6,7,8
source-1 invoke done
source-3 invoke done
source-0 invoke done
source-2 invoke done
fanout-1 call done
fanout-0 call done
fanout-3 call done
fanout-2 call done
sink processed: 11519955, throughput: (event/s) 63998.9570465223
sink_ctrl processed: 1, throughput: (event/s) 0.005555486722519515
source-0 duration: 180.002230218

sink_ctrl processed: 1, throughput: (event/s) 0.005555467393065762
sink processed: 11520001, throughput: (event/s) 63998.989923584966
source-1 duration: 180.00285651

sink processed: 11520001, throughput: (event/s) 63999.09615257666
sink_ctrl processed: 1, throughput: (event/s) 0.005555476614331601
source-2 duration: 180.002557732

sink_ctrl processed: 1, throughput: (event/s) 0.005555496111685433
sink processed: 11520001, throughput: (event/s) 63999.32076211229
source-3 duration: 180.001926002

sink_ctrl processed 4 events, duration: 180.00285651, tp: 0.022222
sink processed 46079958 events, duration: 180.00285651, tp: 255995.704143

eventTimeLatency_fanoutSink, p50: 10 ms, p90: 20 ms, p99: 59 ms
nexmark_src_src_ctrl processed: 1, throughput: (event/s) 0.005554380690421588
nexmark_src_src_data processed: 11519954, throughput: (event/s) 63986.21005214494
nexmark_src_src_epoch processed: 0, throughput: (event/s) 0
nexmark_src_src_logEntry processed: 30368, throughput: (event/s) 168.6754328067228
fanoutSink processed: 11519954, throughput: (event/s) 63986.21005214494
nexmark_src_src processed: 11519955, throughput: (event/s) 63986.21560652563
fanout-0 duration: 180.038073682

eventTimeLatency_fanoutSink, p50: 10 ms, p90: 22 ms, p99: 65 ms
nexmark_src_src processed: 11520001, throughput: (event/s) 63985.743467129025
nexmark_src_src_ctrl processed: 1, throughput: (event/s) 0.005554317527153776
nexmark_src_src_data processed: 11520000, throughput: (event/s) 63985.7379128115
nexmark_src_src_epoch processed: 0, throughput: (event/s) 0
nexmark_src_src_logEntry processed: 30302, throughput: (event/s) 168.3069297078137
fanoutSink processed: 11520000, throughput: (event/s) 63985.7379128115
fanout-1 duration: 180.040121061

eventTimeLatency_fanoutSink, p50: 10 ms, p90: 20 ms, p99: 58 ms
nexmark_src_src_logEntry processed: 30465, throughput: (event/s) 169.21418300357138
fanoutSink processed: 11520000, throughput: (event/s) 63986.456202236746
nexmark_src_src processed: 11520001, throughput: (event/s) 63986.46175661662
nexmark_src_src_ctrl processed: 1, throughput: (event/s) 0.005554379878666384
nexmark_src_src_data processed: 11520000, throughput: (event/s) 63986.456202236746
nexmark_src_src_epoch processed: 0, throughput: (event/s) 0
fanout-2 duration: 180.038099994

eventTimeLatency_fanoutSink, p50: 10 ms, p90: 20 ms, p99: 56 ms
fanoutSink processed: 11520000, throughput: (event/s) 63985.89853564737
nexmark_src_src processed: 11520001, throughput: (event/s) 63985.904089978845
nexmark_src_src_ctrl processed: 1, throughput: (event/s) 0.005554331470108279
nexmark_src_src_data processed: 11520000, throughput: (event/s) 63985.89853564737
nexmark_src_src_epoch processed: 0, throughput: (event/s) 0
nexmark_src_src_logEntry processed: 30324, throughput: (event/s) 168.42954749956345
fanout-3 duration: 180.039669109

nexmark_src_src_data processed 46079954 events, duration: 180.040121061
nexmark_src_src_epoch processed 0 events, duration: 180.040121061
nexmark_src_src_logEntry processed 121459 events, duration: 180.040121061
fanoutSink processed 46079954 events, duration: 180.040121061
nexmark_src_src processed 46079958 events, duration: 180.040121061
nexmark_src_src_ctrl processed 4 events, duration: 180.040121061

