wait for last: true, sink max_buf_size: 131072
warmup: 0
encoded json is {"sg":{"changelog":4,"nexmark_src":4,"q46GroupBy":4,"q46_aucsByID":4,"q46_bidsByAucID":4,"q4Avg":4,"q4JoinStream":4,"q4MaxBid":4,"q4_aucIDCat":4,"q4_maxBids":4,"q4_out":4,"source":4},"aid":"q4","fns":["source","q46GroupBy","q4JoinStream","q4MaxBid","q4Avg"],"bufMaxSize":131072,"epoch":1,"serdeFormat":1,"bs":true}, node constraint is 1
config: map[NodeConstraint:"1,2,3,4" NumInstance:4 OutputTopicName:["nexmark_src"] funcName:"source"]
config: map[InputTopicNames:["nexmark_src"] NodeConstraint:"5,6,7,8" NumInstance:4 NumSrcProducer:[1] OutputTopicName:["q46_aucsByID","q46_bidsByAucID"] funcName:"q46GroupBy"]
config: map[InputTopicNames:["q46_aucsByID","q46_bidsByAucID"] NodeConstraint:"5,6,7,8" NumInstance:4 NumSrcProducer:[4,4] OutputTopicName:["q4_aucIDCat"] funcName:"q4JoinStream"]
config: map[InputTopicNames:["q4_aucIDCat"] NodeConstraint:"5,6,7,8" NumInstance:4 NumSrcProducer:[1] OutputTopicName:["q4_maxBids"] funcName:"q4MaxBid"]
config: map[Final:true InputTopicNames:["q4_maxBids"] NodeConstraint:"5,6,7,8" NumInstance:4 NumSrcProducer:[4] OutputTopicName:["q4_out"] funcName:"q4Avg"]
srcInvokeConfig: &{FinalTpNames:[q4_out] TopicName:nexmark_src AppId:q4 NodeConstraint:1,2,3,4 AdditionalBytes:0 ScaleEpoch:0 NumOutPartition:4 InstanceID:0 NumSrcInstance:4}
cliNodes: [0xc0000261e0 0xc000026240 0xc000026280 0xc0000262e0]
inParamsMap: map[q46GroupBy:[0xc00007eaa0 0xc00007eb40 0xc00007ebe0 0xc00007ec80] q4Avg:[0xc00007f220 0xc00007f2c0 0xc00007f360 0xc00007f400] q4JoinStream:[0xc00007ed20 0xc00007edc0 0xc00007ee60 0xc00007ef00] q4MaxBid:[0xc00007efa0 0xc00007f040 0xc00007f0e0 0xc00007f180]]
configScaleInput: &{Config:map[changelog:4 nexmark_src:4 q46GroupBy:4 q46_aucsByID:4 q46_bidsByAucID:4 q4Avg:4 q4JoinStream:4 q4MaxBid:4 q4_aucIDCat:4 q4_maxBids:4 q4_out:4 source:4] AppId:q4 FuncNames:[source q46GroupBy q4JoinStream q4MaxBid q4Avg] BufMaxSize:131072 ScaleEpoch:0 SerdeFormat:1 Bootstrap:false}
redis_setup url is http://ip-172-31-4-5.us-east-2.compute.internal:8080/function/redisSetup
encoded json is {"outTpNames":["q4_out"]}, node constraint is 1
encoded json is {"srcTpName":"nexmark_src","outTpNames":["q4_out"],"numOutParts":"BA==","chkptEveryMs":100,"bufMaxSize":131072,"srcNumPart":4,"gua":4,"serde_format":1}, node constraint is 1
chkptmngr url is http://ip-172-31-4-5.us-east-2.compute.internal:8080/function/chkptmngr
func source url is http://ip-172-31-4-5.us-east-2.compute.internal:8080/function/source
func source url is http://ip-172-31-4-5.us-east-2.compute.internal:8080/function/source
src instance: 4
func source url is http://ip-172-31-4-5.us-east-2.compute.internal:8080/function/source
func source url is http://ip-172-31-4-5.us-east-2.compute.internal:8080/function/source
encoded json is {"topic_name":"nexmark_src","rate_shape":"square","aid":"q4","events_num":720000,"rate_period":10000000000,"finOutTpNs":["q4_out"],"first_event_rate":4000,"next_event_rate":4000,"bid_avg_size":100,"person_avg_size":200,"auction_avg_size":500,"duration":180,"person_proportion":1,"auction_proportion":3,"bid_proportion":46,"bid_hot_ratio_auctions":2,"bid_hot_ratio_bidders":4,"auction_hot_ratio_sellers":4,"flushms":100,"bufMaxSize":131072,"commEveryMs":100,"rate_limited":false,"waitEnd":true,"serde_format":1,"numOutPar":4,"nSrcIns":4,"gua":4}, node constraint is 1,2,3,4
encoded json is {"topic_name":"nexmark_src","rate_shape":"square","aid":"q4","events_num":720000,"rate_period":10000000000,"finOutTpNs":["q4_out"],"first_event_rate":4000,"next_event_rate":4000,"bid_avg_size":100,"person_avg_size":200,"auction_avg_size":500,"duration":180,"person_proportion":1,"auction_proportion":3,"bid_proportion":46,"bid_hot_ratio_auctions":2,"bid_hot_ratio_bidders":4,"auction_hot_ratio_sellers":4,"flushms":100,"bufMaxSize":131072,"commEveryMs":100,"rate_limited":false,"waitEnd":true,"serde_format":1,"numOutPar":4,"parNum":1,"nSrcIns":4,"gua":4}, node constraint is 1,2,3,4
encoded json is {"topic_name":"nexmark_src","rate_shape":"square","aid":"q4","events_num":720000,"rate_period":10000000000,"finOutTpNs":["q4_out"],"first_event_rate":4000,"next_event_rate":4000,"bid_avg_size":100,"person_avg_size":200,"auction_avg_size":500,"duration":180,"person_proportion":1,"auction_proportion":3,"bid_proportion":46,"bid_hot_ratio_auctions":2,"bid_hot_ratio_bidders":4,"auction_hot_ratio_sellers":4,"flushms":100,"bufMaxSize":131072,"commEveryMs":100,"rate_limited":false,"waitEnd":true,"serde_format":1,"numOutPar":4,"parNum":2,"nSrcIns":4,"gua":4}, node constraint is 1,2,3,4
encoded json is {"topic_name":"nexmark_src","rate_shape":"square","aid":"q4","events_num":720000,"rate_period":10000000000,"finOutTpNs":["q4_out"],"first_event_rate":4000,"next_event_rate":4000,"bid_avg_size":100,"person_avg_size":200,"auction_avg_size":500,"duration":180,"person_proportion":1,"auction_proportion":3,"bid_proportion":46,"bid_hot_ratio_auctions":2,"bid_hot_ratio_bidders":4,"auction_hot_ratio_sellers":4,"flushms":100,"bufMaxSize":131072,"commEveryMs":100,"rate_limited":false,"waitEnd":true,"serde_format":1,"numOutPar":4,"parNum":3,"nSrcIns":4,"gua":4}, node constraint is 1,2,3,4
encoded json is {"aid":"q4","numOutPartition":"BA==","numSubstreamProducer":"BA==","outputTopicName":["q4_out"],"inputTopicName":["q4_maxBids"],"commEveryMs":100,"flushMs":100,"snapEveryS":10,"duration":180,"bufMaxSize":131072,"epoch":1,"waitEnd":true,"numChangelogPartition":4,"numInPartition":4,"ParNum":3,"gua":4,"serdeFormat":1}, node constraint is 5,6,7,8
encoded json is {"aid":"q4","numOutPartition":"BA==","numSubstreamProducer":"BAQ=","outputTopicName":["q4_aucIDCat"],"inputTopicName":["q46_aucsByID","q46_bidsByAucID"],"commEveryMs":100,"flushMs":100,"snapEveryS":10,"duration":180,"bufMaxSize":131072,"epoch":1,"waitEnd":true,"numChangelogPartition":4,"numInPartition":4,"gua":4,"serdeFormat":1}, node constraint is 5,6,7,8
encoded json is {"aid":"q4","numOutPartition":"BAQ=","numSubstreamProducer":"AQ==","outputTopicName":["q46_aucsByID","q46_bidsByAucID"],"inputTopicName":["nexmark_src"],"commEveryMs":100,"flushMs":100,"snapEveryS":10,"duration":180,"bufMaxSize":131072,"epoch":1,"waitEnd":true,"numChangelogPartition":4,"numInPartition":4,"gua":4,"serdeFormat":1}, node constraint is 5,6,7,8
encoded json is {"aid":"q4","numOutPartition":"BA==","numSubstreamProducer":"BAQ=","outputTopicName":["q4_aucIDCat"],"inputTopicName":["q46_aucsByID","q46_bidsByAucID"],"commEveryMs":100,"flushMs":100,"snapEveryS":10,"duration":180,"bufMaxSize":131072,"epoch":1,"waitEnd":true,"numChangelogPartition":4,"numInPartition":4,"ParNum":2,"gua":4,"serdeFormat":1}, node constraint is 5,6,7,8
encoded json is {"aid":"q4","numOutPartition":"BAQ=","numSubstreamProducer":"AQ==","outputTopicName":["q46_aucsByID","q46_bidsByAucID"],"inputTopicName":["nexmark_src"],"commEveryMs":100,"flushMs":100,"snapEveryS":10,"duration":180,"bufMaxSize":131072,"epoch":1,"waitEnd":true,"numChangelogPartition":4,"numInPartition":4,"ParNum":3,"gua":4,"serdeFormat":1}, node constraint is 5,6,7,8
encoded json is {"aid":"q4","numOutPartition":"BA==","numSubstreamProducer":"AQ==","outputTopicName":["q4_maxBids"],"inputTopicName":["q4_aucIDCat"],"commEveryMs":100,"flushMs":100,"snapEveryS":10,"duration":180,"bufMaxSize":131072,"epoch":1,"waitEnd":true,"numChangelogPartition":4,"numInPartition":4,"ParNum":3,"gua":4,"serdeFormat":1}, node constraint is 5,6,7,8
encoded json is {"aid":"q4","numOutPartition":"BA==","numSubstreamProducer":"AQ==","outputTopicName":["q4_maxBids"],"inputTopicName":["q4_aucIDCat"],"commEveryMs":100,"flushMs":100,"snapEveryS":10,"duration":180,"bufMaxSize":131072,"epoch":1,"waitEnd":true,"numChangelogPartition":4,"numInPartition":4,"gua":4,"serdeFormat":1}, node constraint is 5,6,7,8
encoded json is {"aid":"q4","numOutPartition":"BA==","numSubstreamProducer":"BA==","outputTopicName":["q4_out"],"inputTopicName":["q4_maxBids"],"commEveryMs":100,"flushMs":100,"snapEveryS":10,"duration":180,"bufMaxSize":131072,"epoch":1,"waitEnd":true,"numChangelogPartition":4,"numInPartition":4,"ParNum":2,"gua":4,"serdeFormat":1}, node constraint is 5,6,7,8
encoded json is {"aid":"q4","numOutPartition":"BAQ=","numSubstreamProducer":"AQ==","outputTopicName":["q46_aucsByID","q46_bidsByAucID"],"inputTopicName":["nexmark_src"],"commEveryMs":100,"flushMs":100,"snapEveryS":10,"duration":180,"bufMaxSize":131072,"epoch":1,"waitEnd":true,"numChangelogPartition":4,"numInPartition":4,"ParNum":2,"gua":4,"serdeFormat":1}, node constraint is 5,6,7,8
encoded json is {"aid":"q4","numOutPartition":"BA==","numSubstreamProducer":"BAQ=","outputTopicName":["q4_aucIDCat"],"inputTopicName":["q46_aucsByID","q46_bidsByAucID"],"commEveryMs":100,"flushMs":100,"snapEveryS":10,"duration":180,"bufMaxSize":131072,"epoch":1,"waitEnd":true,"numChangelogPartition":4,"numInPartition":4,"ParNum":3,"gua":4,"serdeFormat":1}, node constraint is 5,6,7,8
encoded json is {"aid":"q4","numOutPartition":"BA==","numSubstreamProducer":"AQ==","outputTopicName":["q4_maxBids"],"inputTopicName":["q4_aucIDCat"],"commEveryMs":100,"flushMs":100,"snapEveryS":10,"duration":180,"bufMaxSize":131072,"epoch":1,"waitEnd":true,"numChangelogPartition":4,"numInPartition":4,"ParNum":1,"gua":4,"serdeFormat":1}, node constraint is 5,6,7,8
encoded json is {"aid":"q4","numOutPartition":"BA==","numSubstreamProducer":"BA==","outputTopicName":["q4_out"],"inputTopicName":["q4_maxBids"],"commEveryMs":100,"flushMs":100,"snapEveryS":10,"duration":180,"bufMaxSize":131072,"epoch":1,"waitEnd":true,"numChangelogPartition":4,"numInPartition":4,"ParNum":1,"gua":4,"serdeFormat":1}, node constraint is 5,6,7,8
encoded json is {"aid":"q4","numOutPartition":"BAQ=","numSubstreamProducer":"AQ==","outputTopicName":["q46_aucsByID","q46_bidsByAucID"],"inputTopicName":["nexmark_src"],"commEveryMs":100,"flushMs":100,"snapEveryS":10,"duration":180,"bufMaxSize":131072,"epoch":1,"waitEnd":true,"numChangelogPartition":4,"numInPartition":4,"ParNum":1,"gua":4,"serdeFormat":1}, node constraint is 5,6,7,8
encoded json is {"aid":"q4","numOutPartition":"BA==","numSubstreamProducer":"AQ==","outputTopicName":["q4_maxBids"],"inputTopicName":["q4_aucIDCat"],"commEveryMs":100,"flushMs":100,"snapEveryS":10,"duration":180,"bufMaxSize":131072,"epoch":1,"waitEnd":true,"numChangelogPartition":4,"numInPartition":4,"ParNum":2,"gua":4,"serdeFormat":1}, node constraint is 5,6,7,8
encoded json is {"aid":"q4","numOutPartition":"BA==","numSubstreamProducer":"BA==","outputTopicName":["q4_out"],"inputTopicName":["q4_maxBids"],"commEveryMs":100,"flushMs":100,"snapEveryS":10,"duration":180,"bufMaxSize":131072,"epoch":1,"waitEnd":true,"numChangelogPartition":4,"numInPartition":4,"gua":4,"serdeFormat":1}, node constraint is 5,6,7,8
encoded json is {"aid":"q4","numOutPartition":"BA==","numSubstreamProducer":"BAQ=","outputTopicName":["q4_aucIDCat"],"inputTopicName":["q46_aucsByID","q46_bidsByAucID"],"commEveryMs":100,"flushMs":100,"snapEveryS":10,"duration":180,"bufMaxSize":131072,"epoch":1,"waitEnd":true,"numChangelogPartition":4,"numInPartition":4,"ParNum":1,"gua":4,"serdeFormat":1}, node constraint is 5,6,7,8
Waiting for all client to return
func name is q4Avg
func url is http://ip-172-31-4-5.us-east-2.compute.internal:8080/function/q4Avg
func name is q4JoinStream
func url is http://ip-172-31-4-5.us-east-2.compute.internal:8080/function/q4JoinStream
func name is q46GroupBy
func url is http://ip-172-31-4-5.us-east-2.compute.internal:8080/function/q46GroupBy
func name is q46GroupBy
func url is http://ip-172-31-4-5.us-east-2.compute.internal:8080/function/q46GroupBy
func name is q46GroupBy
func name is q4JoinStream
func name is q4JoinStream
func url is http://ip-172-31-4-5.us-east-2.compute.internal:8080/function/q4JoinStream
func url is http://ip-172-31-4-5.us-east-2.compute.internal:8080/function/q46GroupBy
func name is q46GroupBy
func url is http://ip-172-31-4-5.us-east-2.compute.internal:8080/function/q46GroupBy
func url is http://ip-172-31-4-5.us-east-2.compute.internal:8080/function/q4JoinStream
func name is q4MaxBid
func url is http://ip-172-31-4-5.us-east-2.compute.internal:8080/function/q4MaxBid
func name is q4Avg
func url is http://ip-172-31-4-5.us-east-2.compute.internal:8080/function/q4Avg
func name is q4MaxBid
func url is http://ip-172-31-4-5.us-east-2.compute.internal:8080/function/q4MaxBid
func name is q4MaxBid
func name is q4JoinStream
func url is http://ip-172-31-4-5.us-east-2.compute.internal:8080/function/q4JoinStream
func name is q4MaxBid
func url is http://ip-172-31-4-5.us-east-2.compute.internal:8080/function/q4MaxBid
func url is http://ip-172-31-4-5.us-east-2.compute.internal:8080/function/q4MaxBid
func name is q4Avg
func url is http://ip-172-31-4-5.us-east-2.compute.internal:8080/function/q4Avg
func name is q4Avg
func url is http://ip-172-31-4-5.us-east-2.compute.internal:8080/function/q4Avg
source-1 invoke done
source-2 invoke done
source-0 invoke done
source-3 invoke done
q46GroupBy-2 call done
q46GroupBy-1 call done
q46GroupBy-0 call done
q46GroupBy-3 call done
q4MaxBid-0 call done
q4MaxBid-1 call done
q4JoinStream-0 call done
q4JoinStream-1 call done
q4MaxBid-2 call done
q4MaxBid-3 call done
q4JoinStream-2 call done
q4JoinStream-3 call done
q4Avg-1 call done
q4Avg-2 call done
q4Avg-0 call done
q4Avg-3 call done
sink_ctrl processed: 2, throughput: (event/s) 0.011110961193195651
sink processed: 180002, throughput: (event/s) 999.9976183488019
source-0 duration: 180.002428703

sink processed: 180002, throughput: (event/s) 999.966283783681
sink_ctrl processed: 2, throughput: (event/s) 0.011110613035229398
source-1 duration: 180.008069191

sink processed: 180002, throughput: (event/s) 999.9959357338993
sink_ctrl processed: 2, throughput: (event/s) 0.01111094249768224
source-2 duration: 180.002731579

sink_ctrl processed: 2, throughput: (event/s) 0.011110951992525632
sink processed: 180002, throughput: (event/s) 999.9967902792994
source-3 duration: 180.002577758

sink processed 720008 events, duration: 180.008069191, tp: 3999.865135
sink_ctrl processed 8 events, duration: 180.008069191, tp: 0.044442

q4_aucIDCat_src_ctrl processed: 492, throughput: (event/s) 2.720381049939862
q4_aucIDCat_src_data processed: 426165, throughput: (event/s) 2356.3642076171163
q4_aucIDCat_src_epoch processed: 0, throughput: (event/s) 0
q4_aucIDCat_src_logEntry processed: 762, throughput: (event/s) 4.213273089541006
sink processed: 844331, throughput: (event/s) 4668.500106253605
q4_aucIDCat_src processed: 426657, throughput: (event/s) 2359.0845886670563
q4MaxBid-0 duration: 180.85701634

q4_aucIDCat_src processed: 390307, throughput: (event/s) 2157.213799701676
q4_aucIDCat_src_ctrl processed: 492, throughput: (event/s) 2.7192676263895463
q4_aucIDCat_src_data processed: 389815, throughput: (event/s) 2154.4945320752868
q4_aucIDCat_src_epoch processed: 0, throughput: (event/s) 0
q4_aucIDCat_src_logEntry processed: 743, throughput: (event/s) 4.1065362731858395
sink processed: 771866, throughput: (event/s) 4266.077694534133
q4MaxBid-1 duration: 180.931069537

q4_aucIDCat_src_data processed: 483834, throughput: (event/s) 2662.2335746161543
q4_aucIDCat_src_epoch processed: 0, throughput: (event/s) 0
q4_aucIDCat_src_logEntry processed: 816, throughput: (event/s) 4.489933731169744
sink processed: 959794, throughput: (event/s) 5281.141489674428
q4_aucIDCat_src processed: 484326, throughput: (event/s) 2664.940740542301
q4_aucIDCat_src_ctrl processed: 492, throughput: (event/s) 2.7071659261464633
q4MaxBid-2 duration: 181.7398761

q4_aucIDCat_src_epoch processed: 0, throughput: (event/s) 0
q4_aucIDCat_src_logEntry processed: 923, throughput: (event/s) 5.073427498991949
sink processed: 1130023, throughput: (event/s) 6211.364856655882
q4_aucIDCat_src processed: 569433, throughput: (event/s) 3129.9859599496017
q4_aucIDCat_src_ctrl processed: 492, throughput: (event/s) 2.7043622204810824
q4_aucIDCat_src_data processed: 568941, throughput: (event/s) 3127.2815977291207
q4MaxBid-3 duration: 181.928292103

q4_aucIDCat_src processed 1870723 events, duration: 181.928292103
q4_aucIDCat_src_ctrl processed 1968 events, duration: 181.928292103
q4_aucIDCat_src_data processed 1868755 events, duration: 181.928292103
q4_aucIDCat_src_epoch processed 0 events, duration: 181.928292103
q4_aucIDCat_src_logEntry processed 3244 events, duration: 181.928292103
sink processed 3706014 events, duration: 181.928292103

eventTimeLatency_sink, p50: 242 ms, p90: 895 ms, p99: 1730 ms
q4_maxBids_src_logEntry processed: 2052, throughput: (event/s) 11.279579392322118
sink processed: 722707, throughput: (event/s) 3972.627185130088
q4_maxBids_src processed: 723202, throughput: (event/s) 3975.348136299289
q4_maxBids_src_ctrl processed: 495, throughput: (event/s) 2.720951169200511
q4_maxBids_src_data processed: 722707, throughput: (event/s) 3972.627185130088
q4_maxBids_src_epoch processed: 0, throughput: (event/s) 0
q4Avg-0 duration: 181.921677097

eventTimeLatency_sink, p50: 310 ms, p90: 908 ms, p99: 1736 ms
q4_maxBids_src_logEntry processed: 2070, throughput: (event/s) 11.378488004116202
sink processed: 735489, throughput: (event/s) 4042.875731236435
q4_maxBids_src processed: 735984, throughput: (event/s) 4045.5966740200283
q4_maxBids_src_ctrl processed: 495, throughput: (event/s) 2.7209427835930047
q4_maxBids_src_data processed: 735489, throughput: (event/s) 4042.875731236435
q4_maxBids_src_epoch processed: 0, throughput: (event/s) 0
q4Avg-1 duration: 181.922237757

eventTimeLatency_sink, p50: 296 ms, p90: 906 ms, p99: 1733 ms
q4_maxBids_src processed: 703326, throughput: (event/s) 3866.0341204232113
q4_maxBids_src_ctrl processed: 495, throughput: (event/s) 2.720910203247839
q4_maxBids_src_data processed: 702831, throughput: (event/s) 3863.3132102199634
q4_maxBids_src_epoch processed: 0, throughput: (event/s) 0
q4_maxBids_src_logEntry processed: 2047, throughput: (event/s) 11.251925628380457
sink processed: 702831, throughput: (event/s) 3863.3132102199634
q4Avg-2 duration: 181.924416105

eventTimeLatency_sink, p50: 287 ms, p90: 813 ms, p99: 1605 ms
q4_maxBids_src_logEntry processed: 2280, throughput: (event/s) 12.53265107591377
sink processed: 1544987, throughput: (event/s) 8492.448678869645
q4_maxBids_src processed: 1545482, throughput: (event/s) 8495.169583379547
q4_maxBids_src_ctrl processed: 495, throughput: (event/s) 2.720904509902332
q4_maxBids_src_data processed: 1544987, throughput: (event/s) 8492.448678869645
q4_maxBids_src_epoch processed: 0, throughput: (event/s) 0
q4Avg-3 duration: 181.924796772

q4_maxBids_src_logEntry processed 8449 events, duration: 181.924796772
sink processed 3706014 events, duration: 181.924796772
q4_maxBids_src processed 3707994 events, duration: 181.924796772
q4_maxBids_src_ctrl processed 1980 events, duration: 181.924796772
q4_maxBids_src_data processed 3706014 events, duration: 181.924796772
q4_maxBids_src_epoch processed 0 events, duration: 181.924796772

nexmark_src_src processed: 180492, throughput: (event/s) 1002.5978223119295
nexmark_src_src_ctrl processed: 492, throughput: (event/s) 2.7329639461996615
nexmark_src_src_data processed: 180000, throughput: (event/s) 999.8648583657298
nexmark_src_src_epoch processed: 0, throughput: (event/s) 0
nexmark_src_src_logEntry processed: 1764, throughput: (event/s) 9.798675611984152
aucsByIDSink processed: 10800, throughput: (event/s) 59.99189150194379
bidsByAucIDSink processed: 165600, throughput: (event/s) 919.8756696964714
q46GroupBy-0 duration: 180.024328782

nexmark_src_src processed: 180492, throughput: (event/s) 1002.5769433276782
nexmark_src_src_ctrl processed: 492, throughput: (event/s) 2.7329070325400444
nexmark_src_src_data processed: 180000, throughput: (event/s) 999.8440362951383
nexmark_src_src_epoch processed: 0, throughput: (event/s) 0
nexmark_src_src_logEntry processed: 1763, throughput: (event/s) 9.792916866601827
aucsByIDSink processed: 10800, throughput: (event/s) 59.990642177708295
bidsByAucIDSink processed: 165600, throughput: (event/s) 919.8565133915272
q46GroupBy-1 duration: 180.028077846

nexmark_src_src processed: 180492, throughput: (event/s) 1002.6130222159293
nexmark_src_src_ctrl processed: 492, throughput: (event/s) 2.733005379353308
nexmark_src_src_data processed: 180000, throughput: (event/s) 999.8800168365759
nexmark_src_src_epoch processed: 0, throughput: (event/s) 0
nexmark_src_src_logEntry processed: 1763, throughput: (event/s) 9.79326927601602
aucsByIDSink processed: 10800, throughput: (event/s) 59.992801010194555
bidsByAucIDSink processed: 165600, throughput: (event/s) 919.8896154896498
q46GroupBy-2 duration: 180.021599561

nexmark_src_src_epoch processed: 0, throughput: (event/s) 0
nexmark_src_src_logEntry processed: 1765, throughput: (event/s) 9.804188021439577
aucsByIDSink processed: 10800, throughput: (event/s) 59.99163208586257
bidsByAucIDSink processed: 165600, throughput: (event/s) 919.871691983226
nexmark_src_src processed: 180492, throughput: (event/s) 1002.5934868927321
nexmark_src_src_ctrl processed: 492, throughput: (event/s) 2.7329521283559615
nexmark_src_src_data processed: 180000, throughput: (event/s) 999.8605347643761
q46GroupBy-3 duration: 180.025107244

nexmark_src_src_ctrl processed 1968 events, duration: 180.028077846
nexmark_src_src_data processed 720000 events, duration: 180.028077846
nexmark_src_src_epoch processed 0 events, duration: 180.028077846
nexmark_src_src_logEntry processed 7055 events, duration: 180.028077846
aucsByIDSink processed 43200 events, duration: 180.028077846
bidsByAucIDSink processed 662400 events, duration: 180.028077846
nexmark_src_src processed 721968 events, duration: 180.028077846

aucsByIDSrc_logEntry processed: 1861, throughput: (event/s) 10.263024937480978
bidsByAucIDSrc_ctrl processed: 495, throughput: (event/s) 2.7298212488194973
bidsByAucIDSrc_logEntry processed: 2005, throughput: (event/s) 11.057154755319377
sink processed: 426165, throughput: (event/s) 2350.2106515215373
bidsByAucIDSrc_data processed: 157372, throughput: (event/s) 867.8735950893372
aucsByIDSrc processed: 11395, throughput: (event/s) 62.84103662686499
aucsByIDSrc_epoch processed: 0, throughput: (event/s) 0
bidsByAucIDSrc processed: 157867, throughput: (event/s) 870.6034163381566
bidsByAucIDSrc_epoch processed: 0, throughput: (event/s) 0
aucsByIDSrc_ctrl processed: 495, throughput: (event/s) 2.7298212488194973
aucsByIDSrc_data processed: 10900, throughput: (event/s) 60.11121537804549
q4JoinStream-0 duration: 181.330554231

sink processed: 389815, throughput: (event/s) 2149.743141587512
aucsByIDSrc_data processed: 10704, throughput: (event/s) 59.03018249054739
aucsByIDSrc_logEntry processed: 1857, throughput: (event/s) 10.240942534094405
aucsByIDSrc processed: 11199, throughput: (event/s) 61.75999754406205
bidsByAucIDSrc processed: 143528, throughput: (event/s) 791.5250404057629
bidsByAucIDSrc_data processed: 143033, throughput: (event/s) 788.7952253522482
bidsByAucIDSrc_epoch processed: 0, throughput: (event/s) 0
bidsByAucIDSrc_logEntry processed: 2008, throughput: (event/s) 11.073673994863524
aucsByIDSrc_ctrl processed: 495, throughput: (event/s) 2.7298150535146632
aucsByIDSrc_epoch processed: 0, throughput: (event/s) 0
bidsByAucIDSrc_ctrl processed: 495, throughput: (event/s) 2.7298150535146632
q4JoinStream-1 duration: 181.33096576

aucsByIDSrc_logEntry processed: 1873, throughput: (event/s) 10.282092793835416
bidsByAucIDSrc_ctrl processed: 495, throughput: (event/s) 2.717371026667662
bidsByAucIDSrc_logEntry processed: 1987, throughput: (event/s) 10.907911575734634
sink processed: 483834, throughput: (event/s) 2656.0737238721645
bidsByAucIDSrc_epoch processed: 0, throughput: (event/s) 0
aucsByIDSrc_ctrl processed: 495, throughput: (event/s) 2.717371026667662
bidsByAucIDSrc processed: 165903, throughput: (event/s) 910.7474857318083
aucsByIDSrc processed: 11299, throughput: (event/s) 62.027424707712946
aucsByIDSrc_data processed: 10804, throughput: (event/s) 59.31005368104529
aucsByIDSrc_epoch processed: 0, throughput: (event/s) 0
bidsByAucIDSrc_data processed: 165408, throughput: (event/s) 908.0301147051406
q4JoinStream-2 duration: 182.161359322

sink processed: 568941, throughput: (event/s) 3118.791535959567
aucsByIDSrc processed: 11287, throughput: (event/s) 61.87249656181508
bidsByAucIDSrc_ctrl processed: 495, throughput: (event/s) 2.713465561982676
aucsByIDSrc_ctrl processed: 495, throughput: (event/s) 2.713465561982676
bidsByAucIDSrc_data processed: 196587, throughput: (event/s) 1077.6405140070472
aucsByIDSrc_data processed: 10792, throughput: (event/s) 59.15903099983241
aucsByIDSrc_logEntry processed: 1884, throughput: (event/s) 10.327614381364368
bidsByAucIDSrc processed: 197082, throughput: (event/s) 1080.35397956903
bidsByAucIDSrc_epoch processed: 0, throughput: (event/s) 0
bidsByAucIDSrc_logEntry processed: 2053, throughput: (event/s) 11.254029896465523
aucsByIDSrc_epoch processed: 0, throughput: (event/s) 0
q4JoinStream-3 duration: 182.423542401

aucsByIDSrc processed 45180 events, duration: 182.423542401
bidsByAucIDSrc processed 664380 events, duration: 182.423542401
bidsByAucIDSrc_epoch processed 0 events, duration: 182.423542401
aucsByIDSrc_ctrl processed 1980 events, duration: 182.423542401
aucsByIDSrc_data processed 43200 events, duration: 182.423542401
bidsByAucIDSrc_ctrl processed 1980 events, duration: 182.423542401
bidsByAucIDSrc_logEntry processed 8053 events, duration: 182.423542401
bidsByAucIDSrc_data processed 662400 events, duration: 182.423542401
aucsByIDSrc_epoch processed 0 events, duration: 182.423542401
aucsByIDSrc_logEntry processed 7475 events, duration: 182.423542401
sink processed 1868755 events, duration: 182.423542401

