wait for last: true
warmup: 0
config: map[NodeConstraint:"1,2,3,4" NumInstance:4 OutputTopicName:["nexmark_src"] funcName:"source"]
config: map[InputTopicNames:["nexmark_src"] NodeConstraint:"5,6,7,8" NumInstance:4 NumSrcProducer:[1] OutputTopicName:["bids"] funcName:"q5bidkeyedbyauction"]
config: map[InputTopicNames:["bids"] NodeConstraint:"5,6,7,8" NumInstance:4 NumSrcProducer:[4] OutputTopicName:["aucBids"] funcName:"q5aucbids"]
config: map[InputTopicNames:["aucBids"] NodeConstraint:"5,6,7,8" NumInstance:4 NumSrcProducer:[4] OutputTopicName:["q5_out"] funcName:"q5maxbid"]
srcInvokeConfig: {TopicName:nexmark_src AppId:q5 NodeConstraint:1,2,3,4 ScaleEpoch:0 NumOutPartition:4 InstanceID:0 NumSrcInstance:4}
cliNodes: [0xc000026200 0xc000026240 0xc000026280]
inParamsMap: map[q5aucbids:[0xc000000e60 0xc000000f00 0xc000000fa0 0xc000001040] q5bidkeyedbyauction:[0xc000000be0 0xc000000c80 0xc000000d20 0xc000000dc0] q5maxbid:[0xc0000010e0 0xc000001180 0xc000001220 0xc0000012c0]]
encoded json is {"sg":{"aucBids":4,"bids":4,"changelog":4,"nexmark_src":4,"q5_out":4,"q5aucbids":4,"q5bidkeyedbyauction":4,"q5maxbid":4,"source":4},"aid":"q5","fns":["source","q5bidkeyedbyauction","q5aucbids","q5maxbid"],"epoch":1,"serdeFormat":1,"bs":true}, node constraint is 1
configScaleInput: {Config:map[aucBids:4 bids:4 changelog:4 nexmark_src:4 q5_out:4 q5aucbids:4 q5bidkeyedbyauction:4 q5maxbid:4 source:4] AppId:q5 FuncNames:[source q5bidkeyedbyauction q5aucbids q5maxbid] ScaleEpoch:0 SerdeFormat:1 Bootstrap:false}
func source url is http://ip-172-31-0-86.us-east-2.compute.internal:8080/function/source
func source url is http://ip-172-31-0-86.us-east-2.compute.internal:8080/function/source
func source url is http://ip-172-31-0-86.us-east-2.compute.internal:8080/function/source
src instance: 4
func source url is http://ip-172-31-0-86.us-east-2.compute.internal:8080/function/source
encoded json is {"topic_name":"nexmark_src","rate_shape":"square","aid":"q5","events_num":17280000,"rate_period":10000000000,"bid_avg_size":100,"first_event_rate":96000,"next_event_rate":96000,"person_avg_size":200,"auction_avg_size":500,"duration":180,"person_proportion":1,"auction_proportion":3,"bid_proportion":46,"bid_hot_ratio_auctions":2,"bid_hot_ratio_bidders":4,"auction_hot_ratio_sellers":4,"flushms":100,"rate_limited":false,"waitEnd":true,"serde_format":1,"numOutPar":4,"parNum":3,"nSrcIns":4}, node constraint is 1,2,3,4
encoded json is {"topic_name":"nexmark_src","rate_shape":"square","aid":"q5","events_num":17280000,"rate_period":10000000000,"bid_avg_size":100,"first_event_rate":96000,"next_event_rate":96000,"person_avg_size":200,"auction_avg_size":500,"duration":180,"person_proportion":1,"auction_proportion":3,"bid_proportion":46,"bid_hot_ratio_auctions":2,"bid_hot_ratio_bidders":4,"auction_hot_ratio_sellers":4,"flushms":100,"rate_limited":false,"waitEnd":true,"serde_format":1,"numOutPar":4,"parNum":1,"nSrcIns":4}, node constraint is 1,2,3,4
encoded json is {"topic_name":"nexmark_src","rate_shape":"square","aid":"q5","events_num":17280000,"rate_period":10000000000,"bid_avg_size":100,"first_event_rate":96000,"next_event_rate":96000,"person_avg_size":200,"auction_avg_size":500,"duration":180,"person_proportion":1,"auction_proportion":3,"bid_proportion":46,"bid_hot_ratio_auctions":2,"bid_hot_ratio_bidders":4,"auction_hot_ratio_sellers":4,"flushms":100,"rate_limited":false,"waitEnd":true,"serde_format":1,"numOutPar":4,"nSrcIns":4}, node constraint is 1,2,3,4
encoded json is {"topic_name":"nexmark_src","rate_shape":"square","aid":"q5","events_num":17280000,"rate_period":10000000000,"bid_avg_size":100,"first_event_rate":96000,"next_event_rate":96000,"person_avg_size":200,"auction_avg_size":500,"duration":180,"person_proportion":1,"auction_proportion":3,"bid_proportion":46,"bid_hot_ratio_auctions":2,"bid_hot_ratio_bidders":4,"auction_hot_ratio_sellers":4,"flushms":100,"rate_limited":false,"waitEnd":true,"serde_format":1,"numOutPar":4,"parNum":2,"nSrcIns":4}, node constraint is 1,2,3,4
Waiting for all client to return
func name is q5bidkeyedbyauction
func name is q5maxbid
func name is q5aucbids
func url is http://ip-172-31-0-86.us-east-2.compute.internal:8080/function/q5aucbids
func name is q5bidkeyedbyauction
func url is http://ip-172-31-0-86.us-east-2.compute.internal:8080/function/q5maxbid
func url is http://ip-172-31-0-86.us-east-2.compute.internal:8080/function/q5bidkeyedbyauction
func url is http://ip-172-31-0-86.us-east-2.compute.internal:8080/function/q5bidkeyedbyauction
func name is q5bidkeyedbyauction
func name is q5aucbids
func url is http://ip-172-31-0-86.us-east-2.compute.internal:8080/function/q5aucbids
func url is http://ip-172-31-0-86.us-east-2.compute.internal:8080/function/q5bidkeyedbyauction
func name is q5maxbid
func url is http://ip-172-31-0-86.us-east-2.compute.internal:8080/function/q5maxbid
func name is q5bidkeyedbyauction
func url is http://ip-172-31-0-86.us-east-2.compute.internal:8080/function/q5bidkeyedbyauction
func name is q5maxbid
func url is http://ip-172-31-0-86.us-east-2.compute.internal:8080/function/q5maxbid
func name is q5aucbids
func url is http://ip-172-31-0-86.us-east-2.compute.internal:8080/function/q5aucbids
func name is q5maxbid
func url is http://ip-172-31-0-86.us-east-2.compute.internal:8080/function/q5maxbid
func name is q5aucbids
func url is http://ip-172-31-0-86.us-east-2.compute.internal:8080/function/q5aucbids
encoded json is {"aid":"q5","numOutPartition":"BA==","numSubstreamProducer":"BA==","outputTopicName":["aucBids"],"inputTopicName":["bids"],"commEveryMs":100,"flushMs":100,"snapEveryS":10,"duration":180,"epoch":1,"waitEnd":true,"numChangelogPartition":4,"numInPartition":4,"ParNum":3,"gua":3,"serdeFormat":1}, node constraint is 5,6,7,8
encoded json is {"aid":"q5","numOutPartition":"BA==","numSubstreamProducer":"AQ==","outputTopicName":["bids"],"inputTopicName":["nexmark_src"],"commEveryMs":100,"flushMs":100,"snapEveryS":10,"duration":180,"epoch":1,"waitEnd":true,"numChangelogPartition":4,"numInPartition":4,"ParNum":2,"gua":3,"serdeFormat":1}, node constraint is 5,6,7,8
encoded json is {"aid":"q5","numOutPartition":"BA==","numSubstreamProducer":"BA==","outputTopicName":["q5_out"],"inputTopicName":["aucBids"],"commEveryMs":100,"flushMs":100,"snapEveryS":10,"duration":180,"epoch":1,"waitEnd":true,"numChangelogPartition":4,"numInPartition":4,"ParNum":3,"gua":3,"serdeFormat":1}, node constraint is 5,6,7,8
encoded json is {"aid":"q5","numOutPartition":"BA==","numSubstreamProducer":"BA==","outputTopicName":["q5_out"],"inputTopicName":["aucBids"],"commEveryMs":100,"flushMs":100,"snapEveryS":10,"duration":180,"epoch":1,"waitEnd":true,"numChangelogPartition":4,"numInPartition":4,"gua":3,"serdeFormat":1}, node constraint is 5,6,7,8
encoded json is {"aid":"q5","numOutPartition":"BA==","numSubstreamProducer":"BA==","outputTopicName":["aucBids"],"inputTopicName":["bids"],"commEveryMs":100,"flushMs":100,"snapEveryS":10,"duration":180,"epoch":1,"waitEnd":true,"numChangelogPartition":4,"numInPartition":4,"ParNum":1,"gua":3,"serdeFormat":1}, node constraint is 5,6,7,8
encoded json is {"aid":"q5","numOutPartition":"BA==","numSubstreamProducer":"AQ==","outputTopicName":["bids"],"inputTopicName":["nexmark_src"],"commEveryMs":100,"flushMs":100,"snapEveryS":10,"duration":180,"epoch":1,"waitEnd":true,"numChangelogPartition":4,"numInPartition":4,"ParNum":1,"gua":3,"serdeFormat":1}, node constraint is 5,6,7,8
encoded json is {"aid":"q5","numOutPartition":"BA==","numSubstreamProducer":"BA==","outputTopicName":["aucBids"],"inputTopicName":["bids"],"commEveryMs":100,"flushMs":100,"snapEveryS":10,"duration":180,"epoch":1,"waitEnd":true,"numChangelogPartition":4,"numInPartition":4,"gua":3,"serdeFormat":1}, node constraint is 5,6,7,8
encoded json is {"aid":"q5","numOutPartition":"BA==","numSubstreamProducer":"BA==","outputTopicName":["q5_out"],"inputTopicName":["aucBids"],"commEveryMs":100,"flushMs":100,"snapEveryS":10,"duration":180,"epoch":1,"waitEnd":true,"numChangelogPartition":4,"numInPartition":4,"ParNum":2,"gua":3,"serdeFormat":1}, node constraint is 5,6,7,8
encoded json is {"aid":"q5","numOutPartition":"BA==","numSubstreamProducer":"BA==","outputTopicName":["q5_out"],"inputTopicName":["aucBids"],"commEveryMs":100,"flushMs":100,"snapEveryS":10,"duration":180,"epoch":1,"waitEnd":true,"numChangelogPartition":4,"numInPartition":4,"ParNum":1,"gua":3,"serdeFormat":1}, node constraint is 5,6,7,8
encoded json is {"aid":"q5","numOutPartition":"BA==","numSubstreamProducer":"AQ==","outputTopicName":["bids"],"inputTopicName":["nexmark_src"],"commEveryMs":100,"flushMs":100,"snapEveryS":10,"duration":180,"epoch":1,"waitEnd":true,"numChangelogPartition":4,"numInPartition":4,"gua":3,"serdeFormat":1}, node constraint is 5,6,7,8
encoded json is {"aid":"q5","numOutPartition":"BA==","numSubstreamProducer":"BA==","outputTopicName":["aucBids"],"inputTopicName":["bids"],"commEveryMs":100,"flushMs":100,"snapEveryS":10,"duration":180,"epoch":1,"waitEnd":true,"numChangelogPartition":4,"numInPartition":4,"ParNum":2,"gua":3,"serdeFormat":1}, node constraint is 5,6,7,8
encoded json is {"aid":"q5","numOutPartition":"BA==","numSubstreamProducer":"AQ==","outputTopicName":["bids"],"inputTopicName":["nexmark_src"],"commEveryMs":100,"flushMs":100,"snapEveryS":10,"duration":180,"epoch":1,"waitEnd":true,"numChangelogPartition":4,"numInPartition":4,"ParNum":3,"gua":3,"serdeFormat":1}, node constraint is 5,6,7,8
source-3 invoke done
source-1 invoke done
source-0 invoke done
source-2 invoke done
q5bidkeyedbyauction-3 call done
q5bidkeyedbyauction-2 call done
q5bidkeyedbyauction-0 call done
q5bidkeyedbyauction-1 call done
q5aucbids-0 call done
q5aucbids-2 call done
q5aucbids-3 call done
q5aucbids-1 call done
q5maxbid-0 call done
q5maxbid-1 call done
q5maxbid-2 call done
q5maxbid-3 call done
sink processed: 4320001, throughput: (event/s) 23999.56341613199
sink_ctrl processed: 1, throughput: (event/s) 0.0055554532084904585
source-0 duration: 180.003316106

sink processed: 4320001, throughput: (event/s) 23999.54995689901
sink_ctrl processed: 1, throughput: (event/s) 0.005555450092927989
source-1 duration: 180.003417054

sink processed: 4320001, throughput: (event/s) 23999.72896294588
sink_ctrl processed: 1, throughput: (event/s) 0.0055554915295033215
source-2 duration: 180.002074468

sink processed: 4320001, throughput: (event/s) 23999.790799827526
sink_ctrl processed: 1, throughput: (event/s) 0.0055555058435929824
source-3 duration: 180.001610682

sink processed 17280004 events, duration: 180.003417054, tp: 95998.199828
sink_ctrl processed 4 events, duration: 180.003417054, tp: 0.022222

nexmark_src_src_logEntry processed: 8781, throughput: (event/s) 48.775505730428826
sink processed: 3974400, throughput: (event/s) 22076.457120489275
nexmark_src_src processed: 4320001, throughput: (event/s) 23996.15459867421
nexmark_src_src_ctrl processed: 1, throughput: (event/s) 0.005554664130557889
nexmark_src_src_data processed: 4320000, throughput: (event/s) 23996.14904401008
nexmark_src_src_epoch processed: 0, throughput: (event/s) 0
q5bidkeyedbyauction-0 duration: 180.028886805

nexmark_src_src_data processed: 4320000, throughput: (event/s) 23995.66952938167
nexmark_src_src_epoch processed: 0, throughput: (event/s) 0
nexmark_src_src_logEntry processed: 8766, throughput: (event/s) 48.69121275337031
sink processed: 3974400, throughput: (event/s) 22076.015967031137
nexmark_src_src processed: 4320001, throughput: (event/s) 23995.675083934802
nexmark_src_src_ctrl processed: 1, throughput: (event/s) 0.005554553131801313
q5bidkeyedbyauction-1 duration: 180.032484391

nexmark_src_src processed: 4320001, throughput: (event/s) 23997.152066735147
nexmark_src_src_ctrl processed: 1, throughput: (event/s) 0.005554895025888917
nexmark_src_src_data processed: 4320000, throughput: (event/s) 23997.14651184012
nexmark_src_src_epoch processed: 0, throughput: (event/s) 0
nexmark_src_src_logEntry processed: 8774, throughput: (event/s) 48.73864895714936
sink processed: 3974400, throughput: (event/s) 22077.37479089291
q5bidkeyedbyauction-2 duration: 180.021403706

nexmark_src_src processed: 4320001, throughput: (event/s) 23997.594743855592
nexmark_src_src_ctrl processed: 1, throughput: (event/s) 0.005554997497420855
nexmark_src_src_data processed: 4320000, throughput: (event/s) 23997.589188858095
nexmark_src_src_epoch processed: 0, throughput: (event/s) 0
nexmark_src_src_logEntry processed: 8764, throughput: (event/s) 48.683998067396374
sink processed: 3974400, throughput: (event/s) 22077.782053749448
q5bidkeyedbyauction-3 duration: 180.0180829

nexmark_src_src processed 17280004 events, duration: 180.032484391
nexmark_src_src_ctrl processed 4 events, duration: 180.032484391
nexmark_src_src_data processed 17280000 events, duration: 180.032484391
nexmark_src_src_epoch processed 0 events, duration: 180.032484391
nexmark_src_src_logEntry processed 35085 events, duration: 180.032484391
sink processed 15897600 events, duration: 180.032484391

bids_src processed: 3932989, throughput: (event/s) 21841.62346770864
bids_src_ctrl processed: 4, throughput: (event/s) 0.022213765121345257
bids_src_data processed: 3926665, throughput: (event/s) 21806.503505051794
bids_src_epoch processed: 6320, throughput: (event/s) 35.09774889172551
bids_src_logEntry processed: 10882, throughput: (event/s) 60.432548012619776
sink processed: 671120, throughput: (event/s) 3727.0255120593074
q5aucbids-0 duration: 180.068528597

sink processed: 662053, throughput: (event/s) 3675.5784567335972
bids_src processed: 4044389, throughput: (event/s) 22453.59371387236
bids_src_ctrl processed: 4, throughput: (event/s) 0.022207155359063986
bids_src_data processed: 4038065, throughput: (event/s) 22418.484201249677
bids_src_epoch processed: 6320, throughput: (event/s) 35.087305467321094
bids_src_logEntry processed: 11137, throughput: (event/s) 61.8302723084739
q5aucbids-1 duration: 180.122124393

sink processed: 660086, throughput: (event/s) 3665.5216886279873
bids_src processed: 4012444, throughput: (event/s) 22281.491360830612
bids_src_ctrl processed: 4, throughput: (event/s) 0.02221238861983431
bids_src_data processed: 4006120, throughput: (event/s) 22246.373574422654
bids_src_epoch processed: 6320, throughput: (event/s) 35.09557401933821
bids_src_logEntry processed: 11094, throughput: (event/s) 61.60605983711046
q5aucbids-2 duration: 180.079687442

bids_src processed: 3933074, throughput: (event/s) 21838.358684983206
bids_src_ctrl processed: 4, throughput: (event/s) 0.02220996470952055
bids_src_data processed: 3926750, throughput: (event/s) 21803.244730777453
bids_src_epoch processed: 6320, throughput: (event/s) 35.09174424104247
bids_src_logEntry processed: 10866, throughput: (event/s) 60.333369133412575
sink processed: 666617, throughput: (event/s) 3701.385011191615
q5aucbids-3 duration: 180.099340648

sink processed 2659876 events, duration: 180.122124393
bids_src processed 15922896 events, duration: 180.122124393
bids_src_ctrl processed 16 events, duration: 180.122124393
bids_src_data processed 15897600 events, duration: 180.122124393
bids_src_epoch processed 25280 events, duration: 180.122124393
bids_src_logEntry processed 43979 events, duration: 180.122124393

eventTimeLatency_sink, p50: 86 ms, p90: 219 ms, p99: 286 ms
aucBids_src_data processed: 567961, throughput: (event/s) 3153.183880541251
aucBids_src_epoch processed: 3647, throughput: (event/s) 20.247273338017827
aucBids_src_logEntry processed: 3647, throughput: (event/s) 20.247273338017827
sink processed: 441, throughput: (event/s) 2.4483267184167428
aucBids_src processed: 571612, throughput: (event/s) 3173.453360924334
aucBids_src_ctrl processed: 4, throughput: (event/s) 0.02220704506500447
q5maxbid-0 duration: 180.123018992

eventTimeLatency_sink, p50: 106 ms, p90: 239 ms, p99: 319 ms
aucBids_src_data processed: 838414, throughput: (event/s) 4654.649321546445
aucBids_src_epoch processed: 5003, throughput: (event/s) 27.775312143758175
aucBids_src_logEntry processed: 5003, throughput: (event/s) 27.775312143758175
sink processed: 642, throughput: (event/s) 3.5642115523271536
aucBids_src processed: 843421, throughput: (event/s) 4682.446840615763
aucBids_src_ctrl processed: 4, throughput: (event/s) 0.02220692555967074
q5maxbid-1 duration: 180.123988314

eventTimeLatency_sink, p50: 93 ms, p90: 234 ms, p99: 289 ms
aucBids_src_data processed: 524501, throughput: (event/s) 2911.8560259210876
aucBids_src_epoch processed: 3657, throughput: (event/s) 20.30245411694814
aucBids_src_logEntry processed: 3657, throughput: (event/s) 20.30245411694814
sink processed: 442, throughput: (event/s) 2.4538377685783646
aucBids_src processed: 528162, throughput: (event/s) 2932.1806867146743
aucBids_src_ctrl processed: 4, throughput: (event/s) 0.02220667663871823
q5maxbid-2 duration: 180.126007375

eventTimeLatency_sink, p50: 99 ms, p90: 235 ms, p99: 305 ms
aucBids_src processed: 733371, throughput: (event/s) 4071.3875729683464
aucBids_src_ctrl processed: 4, throughput: (event/s) 0.0222064279769358
aucBids_src_data processed: 729000, throughput: (event/s) 4047.12149879655
aucBids_src_epoch processed: 4367, throughput: (event/s) 24.243867743819663
aucBids_src_logEntry processed: 4367, throughput: (event/s) 24.243867743819663
sink processed: 558, throughput: (event/s) 3.0977967027825444
q5maxbid-3 duration: 180.128024379

aucBids_src_ctrl processed 16 events, duration: 180.128024379
aucBids_src_data processed 2659876 events, duration: 180.128024379
aucBids_src_epoch processed 16674 events, duration: 180.128024379
aucBids_src_logEntry processed 16674 events, duration: 180.128024379
sink processed 2083 events, duration: 180.128024379
aucBids_src processed 2676566 events, duration: 180.128024379

