wait for last: true
warmup: 0
config: map[NodeConstraint:"1,2,3,4" NumInstance:4 OutputTopicName:["nexmark_src"] funcName:"source"]
config: map[InputTopicNames:["nexmark_src"] NodeConstraint:"5,6,7,8" NumInstance:4 NumSrcProducer:[1] OutputTopicName:["bids"] funcName:"q5bidkeyedbyauction"]
config: map[InputTopicNames:["bids"] NodeConstraint:"5,6,7,8" NumInstance:4 NumSrcProducer:[4] OutputTopicName:["aucBids"] funcName:"q5aucbids"]
config: map[InputTopicNames:["aucBids"] NodeConstraint:"5,6,7,8" NumInstance:4 NumSrcProducer:[4] OutputTopicName:["q5_out"] funcName:"q5maxbid"]
srcInvokeConfig: {TopicName:nexmark_src AppId:q5 NodeConstraint:1,2,3,4 ScaleEpoch:0 NumOutPartition:4 InstanceID:0 NumSrcInstance:4}
cliNodes: [0xc000026200 0xc000026240 0xc000026280]
inParamsMap: map[q5aucbids:[0xc000000e60 0xc000000f00 0xc000000fa0 0xc000001040] q5bidkeyedbyauction:[0xc000000be0 0xc000000c80 0xc000000d20 0xc000000dc0] q5maxbid:[0xc0000010e0 0xc000001180 0xc000001220 0xc0000012c0]]
encoded json is {"sg":{"aucBids":4,"bids":4,"changelog":4,"nexmark_src":4,"q5_out":4,"q5aucbids":4,"q5bidkeyedbyauction":4,"q5maxbid":4,"source":4},"aid":"q5","fns":["source","q5bidkeyedbyauction","q5aucbids","q5maxbid"],"epoch":1,"serdeFormat":1,"bs":true}, node constraint is 1
configScaleInput: {Config:map[aucBids:4 bids:4 changelog:4 nexmark_src:4 q5_out:4 q5aucbids:4 q5bidkeyedbyauction:4 q5maxbid:4 source:4] AppId:q5 FuncNames:[source q5bidkeyedbyauction q5aucbids q5maxbid] ScaleEpoch:0 SerdeFormat:1 Bootstrap:false}
func source url is http://ip-172-31-4-253.us-east-2.compute.internal:8080/function/source
func source url is http://ip-172-31-4-253.us-east-2.compute.internal:8080/function/source
src instance: 4
func source url is http://ip-172-31-4-253.us-east-2.compute.internal:8080/function/source
func source url is http://ip-172-31-4-253.us-east-2.compute.internal:8080/function/source
encoded json is {"topic_name":"nexmark_src","rate_shape":"square","aid":"q5","events_num":11520000,"rate_period":10000000000,"bid_avg_size":100,"first_event_rate":64000,"next_event_rate":64000,"person_avg_size":200,"auction_avg_size":500,"duration":180,"person_proportion":1,"auction_proportion":3,"bid_proportion":46,"bid_hot_ratio_auctions":2,"bid_hot_ratio_bidders":4,"auction_hot_ratio_sellers":4,"flushms":100,"rate_limited":false,"waitEnd":true,"serde_format":1,"numOutPar":4,"parNum":1,"nSrcIns":4}, node constraint is 1,2,3,4
encoded json is {"topic_name":"nexmark_src","rate_shape":"square","aid":"q5","events_num":11520000,"rate_period":10000000000,"bid_avg_size":100,"first_event_rate":64000,"next_event_rate":64000,"person_avg_size":200,"auction_avg_size":500,"duration":180,"person_proportion":1,"auction_proportion":3,"bid_proportion":46,"bid_hot_ratio_auctions":2,"bid_hot_ratio_bidders":4,"auction_hot_ratio_sellers":4,"flushms":100,"rate_limited":false,"waitEnd":true,"serde_format":1,"numOutPar":4,"parNum":3,"nSrcIns":4}, node constraint is 1,2,3,4
encoded json is {"topic_name":"nexmark_src","rate_shape":"square","aid":"q5","events_num":11520000,"rate_period":10000000000,"bid_avg_size":100,"first_event_rate":64000,"next_event_rate":64000,"person_avg_size":200,"auction_avg_size":500,"duration":180,"person_proportion":1,"auction_proportion":3,"bid_proportion":46,"bid_hot_ratio_auctions":2,"bid_hot_ratio_bidders":4,"auction_hot_ratio_sellers":4,"flushms":100,"rate_limited":false,"waitEnd":true,"serde_format":1,"numOutPar":4,"nSrcIns":4}, node constraint is 1,2,3,4
encoded json is {"topic_name":"nexmark_src","rate_shape":"square","aid":"q5","events_num":11520000,"rate_period":10000000000,"bid_avg_size":100,"first_event_rate":64000,"next_event_rate":64000,"person_avg_size":200,"auction_avg_size":500,"duration":180,"person_proportion":1,"auction_proportion":3,"bid_proportion":46,"bid_hot_ratio_auctions":2,"bid_hot_ratio_bidders":4,"auction_hot_ratio_sellers":4,"flushms":100,"rate_limited":false,"waitEnd":true,"serde_format":1,"numOutPar":4,"parNum":2,"nSrcIns":4}, node constraint is 1,2,3,4
Waiting for all client to return
func name is q5bidkeyedbyauction
func name is q5maxbid
func url is http://ip-172-31-4-253.us-east-2.compute.internal:8080/function/q5bidkeyedbyauction
func name is q5aucbids
func url is http://ip-172-31-4-253.us-east-2.compute.internal:8080/function/q5aucbids
func name is q5bidkeyedbyauction
func name is q5aucbids
func url is http://ip-172-31-4-253.us-east-2.compute.internal:8080/function/q5aucbids
func url is http://ip-172-31-4-253.us-east-2.compute.internal:8080/function/q5bidkeyedbyauction
func name is q5maxbid
func url is http://ip-172-31-4-253.us-east-2.compute.internal:8080/function/q5maxbid
func name is q5maxbid
func url is http://ip-172-31-4-253.us-east-2.compute.internal:8080/function/q5maxbid
func name is q5bidkeyedbyauction
func url is http://ip-172-31-4-253.us-east-2.compute.internal:8080/function/q5bidkeyedbyauction
func name is q5maxbid
func url is http://ip-172-31-4-253.us-east-2.compute.internal:8080/function/q5maxbid
func name is q5bidkeyedbyauction
func url is http://ip-172-31-4-253.us-east-2.compute.internal:8080/function/q5bidkeyedbyauction
func name is q5aucbids
func url is http://ip-172-31-4-253.us-east-2.compute.internal:8080/function/q5aucbids
func url is http://ip-172-31-4-253.us-east-2.compute.internal:8080/function/q5maxbid
func name is q5aucbids
func url is http://ip-172-31-4-253.us-east-2.compute.internal:8080/function/q5aucbids
encoded json is {"aid":"q5","numOutPartition":"BA==","numSubstreamProducer":"AQ==","outputTopicName":["bids"],"inputTopicName":["nexmark_src"],"commEveryMs":100,"flushMs":100,"duration":180,"epoch":1,"waitEnd":true,"numChangelogPartition":4,"numInPartition":4,"gua":2,"serdeFormat":1}, node constraint is 5,6,7,8
encoded json is {"aid":"q5","numOutPartition":"BA==","numSubstreamProducer":"BA==","outputTopicName":["q5_out"],"inputTopicName":["aucBids"],"commEveryMs":100,"flushMs":100,"duration":180,"epoch":1,"waitEnd":true,"numChangelogPartition":4,"numInPartition":4,"ParNum":1,"gua":2,"serdeFormat":1}, node constraint is 5,6,7,8
encoded json is {"aid":"q5","numOutPartition":"BA==","numSubstreamProducer":"AQ==","outputTopicName":["bids"],"inputTopicName":["nexmark_src"],"commEveryMs":100,"flushMs":100,"duration":180,"epoch":1,"waitEnd":true,"numChangelogPartition":4,"numInPartition":4,"ParNum":3,"gua":2,"serdeFormat":1}, node constraint is 5,6,7,8
encoded json is {"aid":"q5","numOutPartition":"BA==","numSubstreamProducer":"BA==","outputTopicName":["aucBids"],"inputTopicName":["bids"],"commEveryMs":100,"flushMs":100,"duration":180,"epoch":1,"waitEnd":true,"numChangelogPartition":4,"numInPartition":4,"ParNum":1,"gua":2,"serdeFormat":1}, node constraint is 5,6,7,8
encoded json is {"aid":"q5","numOutPartition":"BA==","numSubstreamProducer":"AQ==","outputTopicName":["bids"],"inputTopicName":["nexmark_src"],"commEveryMs":100,"flushMs":100,"duration":180,"epoch":1,"waitEnd":true,"numChangelogPartition":4,"numInPartition":4,"ParNum":2,"gua":2,"serdeFormat":1}, node constraint is 5,6,7,8
encoded json is {"aid":"q5","numOutPartition":"BA==","numSubstreamProducer":"BA==","outputTopicName":["aucBids"],"inputTopicName":["bids"],"commEveryMs":100,"flushMs":100,"duration":180,"epoch":1,"waitEnd":true,"numChangelogPartition":4,"numInPartition":4,"ParNum":2,"gua":2,"serdeFormat":1}, node constraint is 5,6,7,8
encoded json is {"aid":"q5","numOutPartition":"BA==","numSubstreamProducer":"BA==","outputTopicName":["q5_out"],"inputTopicName":["aucBids"],"commEveryMs":100,"flushMs":100,"duration":180,"epoch":1,"waitEnd":true,"numChangelogPartition":4,"numInPartition":4,"ParNum":2,"gua":2,"serdeFormat":1}, node constraint is 5,6,7,8
encoded json is {"aid":"q5","numOutPartition":"BA==","numSubstreamProducer":"BA==","outputTopicName":["q5_out"],"inputTopicName":["aucBids"],"commEveryMs":100,"flushMs":100,"duration":180,"epoch":1,"waitEnd":true,"numChangelogPartition":4,"numInPartition":4,"ParNum":3,"gua":2,"serdeFormat":1}, node constraint is 5,6,7,8
encoded json is {"aid":"q5","numOutPartition":"BA==","numSubstreamProducer":"AQ==","outputTopicName":["bids"],"inputTopicName":["nexmark_src"],"commEveryMs":100,"flushMs":100,"duration":180,"epoch":1,"waitEnd":true,"numChangelogPartition":4,"numInPartition":4,"ParNum":1,"gua":2,"serdeFormat":1}, node constraint is 5,6,7,8
encoded json is {"aid":"q5","numOutPartition":"BA==","numSubstreamProducer":"BA==","outputTopicName":["q5_out"],"inputTopicName":["aucBids"],"commEveryMs":100,"flushMs":100,"duration":180,"epoch":1,"waitEnd":true,"numChangelogPartition":4,"numInPartition":4,"gua":2,"serdeFormat":1}, node constraint is 5,6,7,8
encoded json is {"aid":"q5","numOutPartition":"BA==","numSubstreamProducer":"BA==","outputTopicName":["aucBids"],"inputTopicName":["bids"],"commEveryMs":100,"flushMs":100,"duration":180,"epoch":1,"waitEnd":true,"numChangelogPartition":4,"numInPartition":4,"gua":2,"serdeFormat":1}, node constraint is 5,6,7,8
encoded json is {"aid":"q5","numOutPartition":"BA==","numSubstreamProducer":"BA==","outputTopicName":["aucBids"],"inputTopicName":["bids"],"commEveryMs":100,"flushMs":100,"duration":180,"epoch":1,"waitEnd":true,"numChangelogPartition":4,"numInPartition":4,"ParNum":3,"gua":2,"serdeFormat":1}, node constraint is 5,6,7,8
source-1 invoke done
source-3 invoke done
source-2 invoke done
source-0 invoke done
q5bidkeyedbyauction-1 call done
q5bidkeyedbyauction-3 call done
q5bidkeyedbyauction-2 call done
q5bidkeyedbyauction-0 call done
q5aucbids-3 call done
q5aucbids-1 call done
q5aucbids-0 call done
q5aucbids-2 call done
q5maxbid-0 call done
q5maxbid-1 call done
q5maxbid-3 call done
q5maxbid-2 call done
sink processed: 2880001, throughput: (event/s) 15999.67614488994
sink_ctrl processed: 1, throughput: (event/s) 0.005555441176891931
source-0 duration: 180.003705945

sink processed: 2880001, throughput: (event/s) 15999.728929219995
sink_ctrl processed: 1, throughput: (event/s) 0.005555459504777948
source-1 duration: 180.003112099

sink processed: 2880001, throughput: (event/s) 15999.661120628605
sink_ctrl processed: 1, throughput: (event/s) 0.005555435960136335
source-2 duration: 180.003874975

sink processed: 2880001, throughput: (event/s) 15999.735544107401
sink_ctrl processed: 1, throughput: (event/s) 0.005555461801613056
source-3 duration: 180.003037679

sink processed 11520004 events, duration: 180.003874975, tp: 63998.644483
sink_ctrl processed 4 events, duration: 180.003874975, tp: 0.022222

nexmark_src_src_logEntry processed: 7045, throughput: (event/s) 39.13470074778603
sink processed: 2649600, throughput: (event/s) 14718.424854696077
nexmark_src_src processed: 2880001, throughput: (event/s) 15998.293440500285
nexmark_src_src_ctrl processed: 1, throughput: (event/s) 0.005554961071367782
nexmark_src_src_data processed: 2880000, throughput: (event/s) 15998.287885539214
nexmark_src_src_epoch processed: 0, throughput: (event/s) 0
q5bidkeyedbyauction-0 duration: 180.019263349

nexmark_src_src_ctrl processed: 1, throughput: (event/s) 0.005554944613457866
nexmark_src_src_data processed: 2880000, throughput: (event/s) 15998.240486758654
nexmark_src_src_epoch processed: 0, throughput: (event/s) 0
nexmark_src_src_logEntry processed: 7046, throughput: (event/s) 39.140139746424126
sink processed: 2649600, throughput: (event/s) 14718.381247817963
nexmark_src_src processed: 2880001, throughput: (event/s) 15998.246041703267
q5bidkeyedbyauction-1 duration: 180.019796701

nexmark_src_src_epoch processed: 0, throughput: (event/s) 0
nexmark_src_src_logEntry processed: 7046, throughput: (event/s) 39.140040813021365
sink processed: 2649600, throughput: (event/s) 14718.344044590038
nexmark_src_src processed: 2880001, throughput: (event/s) 15998.205603398004
nexmark_src_src_ctrl processed: 1, throughput: (event/s) 0.005554930572384525
nexmark_src_src_data processed: 2880000, throughput: (event/s) 15998.200048467432
q5bidkeyedbyauction-2 duration: 180.020251733

nexmark_src_src_data processed: 2880000, throughput: (event/s) 15998.202295428777
nexmark_src_src_epoch processed: 0, throughput: (event/s) 0
nexmark_src_src_logEntry processed: 7045, throughput: (event/s) 39.13449137892213
sink processed: 2649600, throughput: (event/s) 14718.346111794473
nexmark_src_src processed: 2880001, throughput: (event/s) 15998.20785036013
nexmark_src_src_ctrl processed: 1, throughput: (event/s) 0.005554931352579436
q5bidkeyedbyauction-3 duration: 180.020226449

nexmark_src_src processed 11520004 events, duration: 180.020251733
nexmark_src_src_ctrl processed 4 events, duration: 180.020251733
nexmark_src_src_data processed 11520000 events, duration: 180.020251733
nexmark_src_src_epoch processed 0 events, duration: 180.020251733
nexmark_src_src_logEntry processed 28182 events, duration: 180.020251733
sink processed 10598400 events, duration: 180.020251733

sink processed: 506112, throughput: (event/s) 2811.0738407926997
bids_src processed: 2579267, throughput: (event/s) 14325.9001804341
bids_src_ctrl processed: 4, throughput: (event/s) 0.022217009996148677
bids_src_data processed: 2572703, throughput: (event/s) 14289.44206703042
bids_src_epoch processed: 6560, throughput: (event/s) 36.43589639368383
bids_src_logEntry processed: 8716, throughput: (event/s) 48.41086478160796
q5aucbids-0 duration: 180.042228936

bids_src_data processed: 2651917, throughput: (event/s) 14729.53417999913
bids_src_epoch processed: 6560, throughput: (event/s) 36.43618718866175
bids_src_logEntry processed: 8870, throughput: (event/s) 49.26661286027892
sink processed: 507595, throughput: (event/s) 2819.3332981751155
bids_src processed: 2658481, throughput: (event/s) 14765.992584375103
bids_src_ctrl processed: 4, throughput: (event/s) 0.022217187310159602
q5aucbids-1 duration: 180.04079203

bids_src_logEntry processed: 8990, throughput: (event/s) 49.92191701326317
sink processed: 502424, throughput: (event/s) 2789.9854542237745
bids_src processed: 2690246, throughput: (event/s) 14939.069806147183
bids_src_ctrl processed: 4, throughput: (event/s) 0.022212198893554243
bids_src_data processed: 2683682, throughput: (event/s) 14902.619587762862
bids_src_epoch processed: 6560, throughput: (event/s) 36.42800618542896
q5aucbids-2 duration: 180.081225599

bids_src_epoch processed: 6560, throughput: (event/s) 36.436294588640145
bids_src_logEntry processed: 8988, throughput: (event/s) 49.92216703699659
sink processed: 501458, throughput: (event/s) 2785.254788388767
bids_src processed: 2696662, throughput: (event/s) 14978.105341157243
bids_src_ctrl processed: 4, throughput: (event/s) 0.02221725279795131
bids_src_data processed: 2690098, throughput: (event/s) 14941.646829315805
q5aucbids-3 duration: 180.04026134

sink processed 2017589 events, duration: 180.081225599
bids_src processed 10624656 events, duration: 180.081225599
bids_src_ctrl processed 16 events, duration: 180.081225599
bids_src_data processed 10598400 events, duration: 180.081225599
bids_src_epoch processed 26240 events, duration: 180.081225599
bids_src_logEntry processed 35564 events, duration: 180.081225599

eventTimeLatency_sink, p50: 84 ms, p90: 223 ms, p99: 301 ms
aucBids_src_epoch processed: 4282, throughput: (event/s) 23.77748844881036
aucBids_src_logEntry processed: 4282, throughput: (event/s) 23.77748844881036
sink processed: 538, throughput: (event/s) 2.987456512251278
aucBids_src processed: 506473, throughput: (event/s) 2812.390450054724
aucBids_src_ctrl processed: 4, throughput: (event/s) 0.02221157258179389
aucBids_src_data processed: 502187, throughput: (event/s) 2788.5907500333324
q5maxbid-0 duration: 180.086303447

eventTimeLatency_sink, p50: 86 ms, p90: 219 ms, p99: 292 ms
aucBids_src processed: 514468, throughput: (event/s) 2856.7715624807843
aucBids_src_ctrl processed: 4, throughput: (event/s) 0.022211461645667247
aucBids_src_data processed: 510129, throughput: (event/s) 2832.677679460647
aucBids_src_epoch processed: 4335, throughput: (event/s) 24.07167155849188
aucBids_src_logEntry processed: 4335, throughput: (event/s) 24.07167155849188
sink processed: 521, throughput: (event/s) 2.893042879348159
q5maxbid-1 duration: 180.087202896

eventTimeLatency_sink, p50: 96 ms, p90: 226 ms, p99: 313 ms
aucBids_src processed: 492765, throughput: (event/s) 2736.2264068419477
aucBids_src_ctrl processed: 4, throughput: (event/s) 0.02221120742619259
aucBids_src_data processed: 488506, throughput: (event/s) 2712.5770237349093
aucBids_src_epoch processed: 4255, throughput: (event/s) 23.627171899612367
aucBids_src_logEntry processed: 4255, throughput: (event/s) 23.627171899612367
sink processed: 502, throughput: (event/s) 2.78750653198717
q5maxbid-2 duration: 180.089264093

eventTimeLatency_sink, p50: 87 ms, p90: 222 ms, p99: 313 ms
aucBids_src_logEntry processed: 3773, throughput: (event/s) 20.950730025780054
sink processed: 548, throughput: (event/s) 3.042936669527556
aucBids_src processed: 520544, throughput: (event/s) 2890.478879019256
aucBids_src_ctrl processed: 4, throughput: (event/s) 0.02221121656589457
aucBids_src_data processed: 516767, throughput: (event/s) 2869.50593777691
aucBids_src_epoch processed: 3773, throughput: (event/s) 20.950730025780054
q5maxbid-3 duration: 180.089189988

aucBids_src_epoch processed 16645 events, duration: 180.089264093
aucBids_src_logEntry processed 16645 events, duration: 180.089264093
sink processed 2109 events, duration: 180.089264093
aucBids_src processed 2034250 events, duration: 180.089264093
aucBids_src_ctrl processed 16 events, duration: 180.089264093
aucBids_src_data processed 2017589 events, duration: 180.089264093

