parallel restore str: , false
env str: , async2ndPhase: false
env str: , create snapshot: false
2024/03/03 21:03:02 [INFO] Load configuration for function scale[40]
2024/03/03 21:03:02 [INFO] Load configuration for function chkptmngr[50]
2024/03/03 21:03:02 [INFO] Load configuration for function redisSetup[70]
2024/03/03 21:03:02 [INFO] Load configuration for function source[20]
2024/03/03 21:03:02 [INFO] Load configuration for function query2[30]
2024/03/03 21:03:02 [INFO] Parse FAAS_ENGINE_ID: 1
2024/03/03 21:03:02 [INFO] Start new FuncWorker with client id 1
Enter nexmark: funcName: chkptmngr
2024/03/03 21:03:02 [INFO] Handshake with engine done
redis address is [snapcache-1:6666 snapcache-2:6666 snapcache-3:6666 snapcache-4:6666]
ChkptMngrInput:
	SrcTopicName         : nexmark_src
	FinalOutputTopicNames: [q2_out]
	FinalNumOutPartitions: [4]
	BufMaxSize           : 131072
	SrcNumPart           : 4
	ChkptEveryMs: 100
	Guarantee            : ALIGN_CHKPT
	SerdeFormat          : MSGP
new buffered sink stream nexmark_src[0] with bufMaxSize 131072
new buffered sink stream nexmark_src[1] with bufMaxSize 131072
new buffered sink stream nexmark_src[2] with bufMaxSize 131072
new buffered sink stream nexmark_src[3] with bufMaxSize 131072
e2eChkptElapsed(ms) stats (200 samples): dur=23.790477049s, p50=9, p90=10, p99=135
e2eChkptElapsed(ms) stats (200 samples): dur=24.082351028s, p50=9, p90=15, p99=123
e2eChkptElapsed(ms) stats (200 samples): dur=23.150477575s, p50=9, p90=15, p99=96
e2eChkptElapsed(ms) stats (200 samples): dur=23.296509257s, p50=9, p90=14, p99=113
e2eChkptElapsed(ms) stats (200 samples): dur=23.436599451s, p50=9, p90=15, p99=86
e2eChkptElapsed(ms) stats (200 samples): dur=23.391564805s, p50=9, p90=11, p99=80
e2eChkptElapsed(ms) stats (200 samples): dur=23.17902389s, p50=9, p90=15, p99=91
e2eChkptElapsed(ms) (133 samples): dur=15.467522444s, data=[9 9 10 11 32 17 9 15 10 10 10 9 9 16 10 9 9 9 9 10 9 9 12 9 74 10 9 9 10 9 10 10 9 9 12 9 9 9 8 10 9 9 10 10 9 97 10 9 9 9 9 9 9 9 20 9 9 10 9 9 9 9 9 9 9 25 92 9 9 9 9 10 10 9 9 9 9 9 9 9 9 9 9 9 9 9 15 68 9 9 10 9 9 9 9 9 9 9 9 9 10 10 9 9 9 9 9 85 14 9 9 9 9 9 9 9 9 9 9 9 9 9 9 9 9 9 9 9 48 10 9 9 4]
