wait for last: true, sink max_buf_size: 131072
warmup: 0
config: map[NodeConstraint:"1,2,3,4" NumInstance:4 OutputTopicName:["nexmark_src"] funcName:"source"]
config: map[InputTopicNames:["nexmark_src"] NodeConstraint:"5,6,7,8" NumInstance:4 NumSrcProducer:[1] OutputTopicName:["bid_by_price"] funcName:"q7BidByPrice"]
config: map[InputTopicNames:["nexmark_src"] NodeConstraint:"5,6,7,8" NumInstance:4 NumSrcProducer:[1] OutputTopicName:["bid_by_win"] funcName:"q7BidByWin"]
config: map[InputTopicNames:["bid_by_win"] NodeConstraint:"5,6,7,8" NumInstance:4 NumSrcProducer:[4] OutputTopicName:["max_bids"] funcName:"q7MaxBid"]
config: map[Final:true InputTopicNames:["bid_by_price","max_bids"] NodeConstraint:"5,6,7,8" NumInstance:4 NumSrcProducer:[4,4] OutputTopicName:["q7_out"] funcName:"q7JoinMaxBid"]
srcInvokeConfig: &{FinalTpNames:[q7_out] TopicName:nexmark_src AppId:q7 NodeConstraint:1,2,3,4 AdditionalBytes:0 ScaleEpoch:0 NumOutPartition:4 InstanceID:0 NumSrcInstance:4}
cliNodes: [0xc0000261a0 0xc0000261e0 0xc000026220 0xc0000262a0]
inParamsMap: map[q7BidByPrice:[0xc00007eaa0 0xc00007eb40 0xc00007ebe0 0xc00007ec80] q7BidByWin:[0xc00007ed20 0xc00007edc0 0xc00007ee60 0xc00007ef00] q7JoinMaxBid:[0xc00007f220 0xc00007f2c0 0xc00007f360 0xc00007f400] q7MaxBid:[0xc00007efa0 0xc00007f040 0xc00007f0e0 0xc00007f180]]
configScaleInput: &{Config:map[bid_by_price:4 bid_by_win:4 changelog:4 max_bids:4 nexmark_src:4 q7BidByPrice:4 q7BidByWin:4 q7JoinMaxBid:4 q7MaxBid:4 q7_out:4 source:4] AppId:q7 FuncNames:[source q7BidByPrice q7BidByWin q7MaxBid q7JoinMaxBid] BufMaxSize:131072 ScaleEpoch:0 SerdeFormat:1 Bootstrap:false}
encoded json is {"sg":{"bid_by_price":4,"bid_by_win":4,"changelog":4,"max_bids":4,"nexmark_src":4,"q7BidByPrice":4,"q7BidByWin":4,"q7JoinMaxBid":4,"q7MaxBid":4,"q7_out":4,"source":4},"aid":"q7","fns":["source","q7BidByPrice","q7BidByWin","q7MaxBid","q7JoinMaxBid"],"bufMaxSize":131072,"epoch":1,"serdeFormat":1,"bs":true}, node constraint is 1
encoded json is {"outTpNames":["q7_out"]}, node constraint is 1
redis_setup url is http://ip-172-31-5-158.us-east-2.compute.internal:8080/function/redisSetup
encoded json is {"srcTpName":"nexmark_src","outTpNames":["q7_out"],"numOutParts":"BA==","chkptEveryMs":100,"bufMaxSize":131072,"srcNumPart":4,"gua":4,"serde_format":1}, node constraint is 1
chkptmngr url is http://ip-172-31-5-158.us-east-2.compute.internal:8080/function/chkptmngr
func source url is http://ip-172-31-5-158.us-east-2.compute.internal:8080/function/source
func source url is http://ip-172-31-5-158.us-east-2.compute.internal:8080/function/source
func source url is http://ip-172-31-5-158.us-east-2.compute.internal:8080/function/source
encoded json is {"topic_name":"nexmark_src","rate_shape":"square","aid":"q7","events_num":25920000,"rate_period":10000000000,"finOutTpNs":["q7_out"],"first_event_rate":144000,"next_event_rate":144000,"bid_avg_size":100,"person_avg_size":200,"auction_avg_size":500,"duration":180,"person_proportion":1,"auction_proportion":3,"bid_proportion":46,"bid_hot_ratio_auctions":2,"bid_hot_ratio_bidders":4,"auction_hot_ratio_sellers":4,"flushms":100,"bufMaxSize":131072,"commEveryMs":100,"rate_limited":false,"waitEnd":true,"serde_format":1,"numOutPar":4,"parNum":1,"nSrcIns":4,"gua":4}, node constraint is 1,2,3,4
encoded json is {"topic_name":"nexmark_src","rate_shape":"square","aid":"q7","events_num":25920000,"rate_period":10000000000,"finOutTpNs":["q7_out"],"first_event_rate":144000,"next_event_rate":144000,"bid_avg_size":100,"person_avg_size":200,"auction_avg_size":500,"duration":180,"person_proportion":1,"auction_proportion":3,"bid_proportion":46,"bid_hot_ratio_auctions":2,"bid_hot_ratio_bidders":4,"auction_hot_ratio_sellers":4,"flushms":100,"bufMaxSize":131072,"commEveryMs":100,"rate_limited":false,"waitEnd":true,"serde_format":1,"numOutPar":4,"parNum":3,"nSrcIns":4,"gua":4}, node constraint is 1,2,3,4
func source url is http://ip-172-31-5-158.us-east-2.compute.internal:8080/function/source
encoded json is {"topic_name":"nexmark_src","rate_shape":"square","aid":"q7","events_num":25920000,"rate_period":10000000000,"finOutTpNs":["q7_out"],"first_event_rate":144000,"next_event_rate":144000,"bid_avg_size":100,"person_avg_size":200,"auction_avg_size":500,"duration":180,"person_proportion":1,"auction_proportion":3,"bid_proportion":46,"bid_hot_ratio_auctions":2,"bid_hot_ratio_bidders":4,"auction_hot_ratio_sellers":4,"flushms":100,"bufMaxSize":131072,"commEveryMs":100,"rate_limited":false,"waitEnd":true,"serde_format":1,"numOutPar":4,"parNum":2,"nSrcIns":4,"gua":4}, node constraint is 1,2,3,4
encoded json is {"topic_name":"nexmark_src","rate_shape":"square","aid":"q7","events_num":25920000,"rate_period":10000000000,"finOutTpNs":["q7_out"],"first_event_rate":144000,"next_event_rate":144000,"bid_avg_size":100,"person_avg_size":200,"auction_avg_size":500,"duration":180,"person_proportion":1,"auction_proportion":3,"bid_proportion":46,"bid_hot_ratio_auctions":2,"bid_hot_ratio_bidders":4,"auction_hot_ratio_sellers":4,"flushms":100,"bufMaxSize":131072,"commEveryMs":100,"rate_limited":false,"waitEnd":true,"serde_format":1,"numOutPar":4,"nSrcIns":4,"gua":4}, node constraint is 1,2,3,4
src instance: 4
Waiting for all client to return
func name is q7MaxBid
func name is q7BidByPrice
func name is q7BidByWin
func url is http://ip-172-31-5-158.us-east-2.compute.internal:8080/function/q7BidByWin
func name is q7JoinMaxBid
func url is http://ip-172-31-5-158.us-east-2.compute.internal:8080/function/q7JoinMaxBid
func name is q7MaxBid
func url is http://ip-172-31-5-158.us-east-2.compute.internal:8080/function/q7MaxBid
func name is q7MaxBid
func url is http://ip-172-31-5-158.us-east-2.compute.internal:8080/function/q7MaxBid
func name is q7BidByWin
func url is http://ip-172-31-5-158.us-east-2.compute.internal:8080/function/q7BidByWin
func name is q7BidByPrice
func url is http://ip-172-31-5-158.us-east-2.compute.internal:8080/function/q7BidByPrice
func url is http://ip-172-31-5-158.us-east-2.compute.internal:8080/function/q7MaxBid
encoded json is {"aid":"q7","numOutPartition":"BA==","numSubstreamProducer":"BA==","outputTopicName":["max_bids"],"inputTopicName":["bid_by_win"],"commEveryMs":100,"flushMs":100,"snapEveryS":10,"duration":180,"bufMaxSize":131072,"epoch":1,"waitEnd":true,"numChangelogPartition":4,"numInPartition":4,"ParNum":3,"gua":4,"serdeFormat":1}, node constraint is 5,6,7,8
encoded json is {"aid":"q7","numOutPartition":"BA==","numSubstreamProducer":"AQ==","outputTopicName":["bid_by_price"],"inputTopicName":["nexmark_src"],"commEveryMs":100,"flushMs":100,"snapEveryS":10,"duration":180,"bufMaxSize":131072,"epoch":1,"waitEnd":true,"numChangelogPartition":4,"numInPartition":4,"ParNum":2,"gua":4,"serdeFormat":1}, node constraint is 5,6,7,8
encoded json is {"aid":"q7","numOutPartition":"BA==","numSubstreamProducer":"BA==","outputTopicName":["max_bids"],"inputTopicName":["bid_by_win"],"commEveryMs":100,"flushMs":100,"snapEveryS":10,"duration":180,"bufMaxSize":131072,"epoch":1,"waitEnd":true,"numChangelogPartition":4,"numInPartition":4,"ParNum":1,"gua":4,"serdeFormat":1}, node constraint is 5,6,7,8
encoded json is {"aid":"q7","numOutPartition":"BA==","numSubstreamProducer":"BAQ=","outputTopicName":["q7_out"],"inputTopicName":["bid_by_price","max_bids"],"commEveryMs":100,"flushMs":100,"snapEveryS":10,"duration":180,"bufMaxSize":131072,"epoch":1,"waitEnd":true,"numChangelogPartition":4,"numInPartition":4,"ParNum":1,"gua":4,"serdeFormat":1}, node constraint is 5,6,7,8
func name is q7BidByWin
func url is http://ip-172-31-5-158.us-east-2.compute.internal:8080/function/q7BidByWin
encoded json is {"aid":"q7","numOutPartition":"BA==","numSubstreamProducer":"AQ==","outputTopicName":["bid_by_win"],"inputTopicName":["nexmark_src"],"commEveryMs":100,"flushMs":100,"snapEveryS":10,"duration":180,"bufMaxSize":131072,"epoch":1,"waitEnd":true,"numChangelogPartition":4,"numInPartition":4,"ParNum":2,"gua":4,"serdeFormat":1}, node constraint is 5,6,7,8
encoded json is {"aid":"q7","numOutPartition":"BA==","numSubstreamProducer":"AQ==","outputTopicName":["bid_by_price"],"inputTopicName":["nexmark_src"],"commEveryMs":100,"flushMs":100,"snapEveryS":10,"duration":180,"bufMaxSize":131072,"epoch":1,"waitEnd":true,"numChangelogPartition":4,"numInPartition":4,"ParNum":1,"gua":4,"serdeFormat":1}, node constraint is 5,6,7,8
func url is http://ip-172-31-5-158.us-east-2.compute.internal:8080/function/q7BidByPrice
encoded json is {"aid":"q7","numOutPartition":"BA==","numSubstreamProducer":"BA==","outputTopicName":["max_bids"],"inputTopicName":["bid_by_win"],"commEveryMs":100,"flushMs":100,"snapEveryS":10,"duration":180,"bufMaxSize":131072,"epoch":1,"waitEnd":true,"numChangelogPartition":4,"numInPartition":4,"gua":4,"serdeFormat":1}, node constraint is 5,6,7,8
encoded json is {"aid":"q7","numOutPartition":"BA==","numSubstreamProducer":"AQ==","outputTopicName":["bid_by_win"],"inputTopicName":["nexmark_src"],"commEveryMs":100,"flushMs":100,"snapEveryS":10,"duration":180,"bufMaxSize":131072,"epoch":1,"waitEnd":true,"numChangelogPartition":4,"numInPartition":4,"gua":4,"serdeFormat":1}, node constraint is 5,6,7,8
encoded json is {"aid":"q7","numOutPartition":"BA==","numSubstreamProducer":"BA==","outputTopicName":["max_bids"],"inputTopicName":["bid_by_win"],"commEveryMs":100,"flushMs":100,"snapEveryS":10,"duration":180,"bufMaxSize":131072,"epoch":1,"waitEnd":true,"numChangelogPartition":4,"numInPartition":4,"ParNum":2,"gua":4,"serdeFormat":1}, node constraint is 5,6,7,8
encoded json is {"aid":"q7","numOutPartition":"BA==","numSubstreamProducer":"AQ==","outputTopicName":["bid_by_price"],"inputTopicName":["nexmark_src"],"commEveryMs":100,"flushMs":100,"snapEveryS":10,"duration":180,"bufMaxSize":131072,"epoch":1,"waitEnd":true,"numChangelogPartition":4,"numInPartition":4,"ParNum":3,"gua":4,"serdeFormat":1}, node constraint is 5,6,7,8
encoded json is {"aid":"q7","numOutPartition":"BA==","numSubstreamProducer":"AQ==","outputTopicName":["bid_by_win"],"inputTopicName":["nexmark_src"],"commEveryMs":100,"flushMs":100,"snapEveryS":10,"duration":180,"bufMaxSize":131072,"epoch":1,"waitEnd":true,"numChangelogPartition":4,"numInPartition":4,"ParNum":3,"gua":4,"serdeFormat":1}, node constraint is 5,6,7,8
encoded json is {"aid":"q7","numOutPartition":"BA==","numSubstreamProducer":"AQ==","outputTopicName":["bid_by_win"],"inputTopicName":["nexmark_src"],"commEveryMs":100,"flushMs":100,"snapEveryS":10,"duration":180,"bufMaxSize":131072,"epoch":1,"waitEnd":true,"numChangelogPartition":4,"numInPartition":4,"ParNum":1,"gua":4,"serdeFormat":1}, node constraint is 5,6,7,8
encoded json is {"aid":"q7","numOutPartition":"BA==","numSubstreamProducer":"BAQ=","outputTopicName":["q7_out"],"inputTopicName":["bid_by_price","max_bids"],"commEveryMs":100,"flushMs":100,"snapEveryS":10,"duration":180,"bufMaxSize":131072,"epoch":1,"waitEnd":true,"numChangelogPartition":4,"numInPartition":4,"ParNum":2,"gua":4,"serdeFormat":1}, node constraint is 5,6,7,8
encoded json is {"aid":"q7","numOutPartition":"BA==","numSubstreamProducer":"BAQ=","outputTopicName":["q7_out"],"inputTopicName":["bid_by_price","max_bids"],"commEveryMs":100,"flushMs":100,"snapEveryS":10,"duration":180,"bufMaxSize":131072,"epoch":1,"waitEnd":true,"numChangelogPartition":4,"numInPartition":4,"gua":4,"serdeFormat":1}, node constraint is 5,6,7,8
encoded json is {"aid":"q7","numOutPartition":"BA==","numSubstreamProducer":"AQ==","outputTopicName":["bid_by_price"],"inputTopicName":["nexmark_src"],"commEveryMs":100,"flushMs":100,"snapEveryS":10,"duration":180,"bufMaxSize":131072,"epoch":1,"waitEnd":true,"numChangelogPartition":4,"numInPartition":4,"gua":4,"serdeFormat":1}, node constraint is 5,6,7,8
func name is q7JoinMaxBid
func url is http://ip-172-31-5-158.us-east-2.compute.internal:8080/function/q7JoinMaxBid
func name is q7MaxBid
func url is http://ip-172-31-5-158.us-east-2.compute.internal:8080/function/q7MaxBid
func name is q7BidByPrice
func url is http://ip-172-31-5-158.us-east-2.compute.internal:8080/function/q7BidByPrice
func name is q7BidByPrice
func url is http://ip-172-31-5-158.us-east-2.compute.internal:8080/function/q7BidByPrice
func name is q7BidByWin
func url is http://ip-172-31-5-158.us-east-2.compute.internal:8080/function/q7BidByWin
func name is q7JoinMaxBid
func url is http://ip-172-31-5-158.us-east-2.compute.internal:8080/function/q7JoinMaxBid
func name is q7JoinMaxBid
func url is http://ip-172-31-5-158.us-east-2.compute.internal:8080/function/q7JoinMaxBid
encoded json is {"aid":"q7","numOutPartition":"BA==","numSubstreamProducer":"BAQ=","outputTopicName":["q7_out"],"inputTopicName":["bid_by_price","max_bids"],"commEveryMs":100,"flushMs":100,"snapEveryS":10,"duration":180,"bufMaxSize":131072,"epoch":1,"waitEnd":true,"numChangelogPartition":4,"numInPartition":4,"ParNum":3,"gua":4,"serdeFormat":1}, node constraint is 5,6,7,8
{"level":"error","time":"2024-03-04T03:35:52-06:00","message":"q7JoinMaxBid request failed with failed message: "}
q7JoinMaxBid-0 call done
{"level":"error","time":"2024-03-04T03:35:53-06:00","message":"q7JoinMaxBid request failed with failed message: "}
q7JoinMaxBid-3 call done
{"level":"error","time":"2024-03-04T03:35:54-06:00","message":"q7JoinMaxBid request failed with failed message: "}
q7JoinMaxBid-2 call done
{"level":"error","time":"2024-03-04T03:35:59-06:00","message":"q7JoinMaxBid request failed with failed message: "}
q7JoinMaxBid-1 call done
source-0 invoke done
source-2 invoke done
source-3 invoke done
source-1 invoke done
q7BidByWin-2 call done
q7BidByWin-1 call done
q7BidByPrice-2 call done
q7BidByPrice-3 call done
q7BidByPrice-1 call done
q7BidByPrice-0 call done
q7BidByWin-0 call done
q7BidByWin-3 call done
q7MaxBid-1 call done
q7MaxBid-2 call done
q7MaxBid-0 call done
q7MaxBid-3 call done
sink processed: 6480002, throughput: (event/s) 35940.92260961154
sink_ctrl processed: 2, throughput: (event/s) 0.011092873924919016
source-0 duration: 180.295928137

sink processed: 6479997, throughput: (event/s) 35939.99147633556
sink_ctrl processed: 2, throughput: (event/s) 0.011092595097292657
source-1 duration: 180.300460123

sink processed: 6480002, throughput: (event/s) 35942.832303394
sink_ctrl processed: 2, throughput: (event/s) 0.011093463336398355
source-2 duration: 180.286348758

sink_ctrl processed: 2, throughput: (event/s) 0.011093125556467177
sink processed: 6480002, throughput: (event/s) 35941.737896079205
source-3 duration: 180.291838384

sink_ctrl processed 8 events, duration: 180.300460123, tp: 0.044370
sink processed 25920003 events, duration: 180.300460123, tp: 143760.049100

q7JoinMaxBid-0 failed, msg Win WaitForAllSnapshot failed: i/o timeout
q7JoinMaxBid-1 failed, msg Win WaitForAllSnapshot failed: i/o timeout
q7JoinMaxBid-2 failed, msg Win WaitForAllSnapshot failed: read tcp 172.99.1.188:49632->172.99.0.83:6666: i/o timeout
q7JoinMaxBid-3 failed, msg Win WaitForAllSnapshot failed: read tcp 172.99.1.98:52836->172.99.0.81:6666: i/o timeout
nexmark_src_src_data processed: 6480000, throughput: (event/s) 35922.038848909964
nexmark_src_src_epoch processed: 0, throughput: (event/s) 0
nexmark_src_src_logEntry processed: 14081, throughput: (event/s) 78.0583686777008
sink processed: 5961600, throughput: (event/s) 33048.27574099717
nexmark_src_src processed: 6480015, throughput: (event/s) 35922.12200177767
nexmark_src_src_ctrl processed: 15, throughput: (event/s) 0.0831528677058101
q7BidByPrice-0 duration: 180.390651746

nexmark_src_src_epoch processed: 0, throughput: (event/s) 0
nexmark_src_src_logEntry processed: 14096, throughput: (event/s) 78.14153433069988
sink processed: 5961597, throughput: (event/s) 33048.26451768568
nexmark_src_src processed: 6480010, throughput: (event/s) 35922.10016162589
nexmark_src_src_ctrl processed: 15, throughput: (event/s) 0.08315288131104556
nexmark_src_src_data processed: 6479995, throughput: (event/s) 35922.01700874458
q7BidByPrice-1 duration: 180.390622231

nexmark_src_src_data processed: 6480000, throughput: (event/s) 35924.134227642055
nexmark_src_src_epoch processed: 0, throughput: (event/s) 0
nexmark_src_src_logEntry processed: 14090, throughput: (event/s) 78.11281655362292
sink processed: 5961600, throughput: (event/s) 33050.20348943069
nexmark_src_src processed: 6480015, throughput: (event/s) 35924.21738536018
nexmark_src_src_ctrl processed: 15, throughput: (event/s) 0.0831577181195418
q7BidByPrice-2 duration: 180.380129941

nexmark_src_src processed: 6480015, throughput: (event/s) 35923.25864988104
nexmark_src_src_ctrl processed: 15, throughput: (event/s) 0.08315549882958845
nexmark_src_src_data processed: 6480000, throughput: (event/s) 35923.17549438221
nexmark_src_src_epoch processed: 0, throughput: (event/s) 0
nexmark_src_src_logEntry processed: 14072, throughput: (event/s) 78.01094530199791
sink processed: 5961600, throughput: (event/s) 33049.32145483163
q7BidByPrice-3 duration: 180.384944004

nexmark_src_src_data processed 25919995 events, duration: 180.390651746
nexmark_src_src_epoch processed 0 events, duration: 180.390651746
nexmark_src_src_logEntry processed 56339 events, duration: 180.390651746
sink processed 23846397 events, duration: 180.390651746
nexmark_src_src processed 25920055 events, duration: 180.390651746
nexmark_src_src_ctrl processed 60 events, duration: 180.390651746

nexmark_src_src_ctrl processed: 15, throughput: (event/s) 0.08315306086461585
nexmark_src_src_data processed: 6480000, throughput: (event/s) 35922.12229351405
nexmark_src_src_epoch processed: 0, throughput: (event/s) 0
nexmark_src_src_logEntry processed: 14081, throughput: (event/s) 78.05855000231038
sink processed: 5961600, throughput: (event/s) 33048.35251003292
nexmark_src_src processed: 6480015, throughput: (event/s) 35922.20544657491
q7BidByWin-0 duration: 180.390232711

nexmark_src_src processed: 6480010, throughput: (event/s) 35922.27156477374
nexmark_src_src_ctrl processed: 15, throughput: (event/s) 0.08315327807697923
nexmark_src_src_data processed: 6479995, throughput: (event/s) 35922.18841149566
nexmark_src_src_epoch processed: 0, throughput: (event/s) 0
nexmark_src_src_logEntry processed: 14096, throughput: (event/s) 78.14190718487328
sink processed: 5961597, throughput: (event/s) 33048.422208259006
q7BidByWin-1 duration: 180.389761497

nexmark_src_src_epoch processed: 0, throughput: (event/s) 0
nexmark_src_src_logEntry processed: 14090, throughput: (event/s) 78.11311403974203
sink processed: 5961600, throughput: (event/s) 33050.329358362396
nexmark_src_src processed: 6480015, throughput: (event/s) 35924.354199733076
nexmark_src_src_ctrl processed: 15, throughput: (event/s) 0.08315803481874595
nexmark_src_src_data processed: 6480000, throughput: (event/s) 35924.27104169825
q7BidByWin-2 duration: 180.379442981

sink processed: 5961600, throughput: (event/s) 33049.184868591816
nexmark_src_src processed: 6480015, throughput: (event/s) 35923.11018623323
nexmark_src_src_ctrl processed: 15, throughput: (event/s) 0.08315515516453255
nexmark_src_src_data processed: 6480000, throughput: (event/s) 35923.02703107806
nexmark_src_src_epoch processed: 0, throughput: (event/s) 0
nexmark_src_src_logEntry processed: 14072, throughput: (event/s) 78.01062289835347
q7BidByWin-3 duration: 180.385689502

nexmark_src_src_data processed 25919995 events, duration: 180.390232711
nexmark_src_src_epoch processed 0 events, duration: 180.390232711
nexmark_src_src_logEntry processed 56339 events, duration: 180.390232711
sink processed 23846397 events, duration: 180.390232711
nexmark_src_src processed 25920055 events, duration: 180.390232711
nexmark_src_src_ctrl processed 60 events, duration: 180.390232711

bid_by_win_src processed: 7634074, throughput: (event/s) 42259.628884899415
bid_by_win_src_ctrl processed: 18, throughput: (event/s) 0.09964185832206886
bid_by_win_src_data processed: 7634056, throughput: (event/s) 42259.52924304109
bid_by_win_src_epoch processed: 0, throughput: (event/s) 0
bid_by_win_src_logEntry processed: 18151, throughput: (event/s) 100.4777428002151
sink processed: 587, throughput: (event/s) 3.249431713058579
q7MaxBid-0 duration: 180.646972097

bid_by_win_src processed: 3974418, throughput: (event/s) 22008.558852777565
bid_by_win_src_ctrl processed: 18, throughput: (event/s) 0.09967599264848243
bid_by_win_src_data processed: 3974400, throughput: (event/s) 22008.45917678492
bid_by_win_src_epoch processed: 0, throughput: (event/s) 0
bid_by_win_src_logEntry processed: 9429, throughput: (event/s) 52.21360748236337
sink processed: 305, throughput: (event/s) 1.6889543198770633
q7MaxBid-1 duration: 180.585109029

bid_by_win_src_data processed: 3974400, throughput: (event/s) 22000.965857989613
bid_by_win_src_epoch processed: 0, throughput: (event/s) 0
bid_by_win_src_logEntry processed: 9421, throughput: (event/s) 52.151544723258894
sink processed: 307, throughput: (event/s) 1.6994506135272773
bid_by_win_src processed: 3974418, throughput: (event/s) 22001.06550004513
bid_by_win_src_ctrl processed: 18, throughput: (event/s) 0.09964205551625731
q7MaxBid-2 duration: 180.646614592

bid_by_win_src_epoch processed: 0, throughput: (event/s) 0
bid_by_win_src_logEntry processed: 19605, throughput: (event/s) 108.52514057369319
sink processed: 633, throughput: (event/s) 3.5040251967940725
bid_by_win_src processed: 8263559, throughput: (event/s) 45743.63183443038
bid_by_win_src_ctrl processed: 18, throughput: (event/s) 0.0996405269230542
bid_by_win_src_data processed: 8263541, throughput: (event/s) 45743.532193903455
q7MaxBid-3 duration: 180.649385906

bid_by_win_src processed 23846469 events, duration: 180.649385906
bid_by_win_src_ctrl processed 72 events, duration: 180.649385906
bid_by_win_src_data processed 23846397 events, duration: 180.649385906
bid_by_win_src_epoch processed 0 events, duration: 180.649385906
bid_by_win_src_logEntry processed 56606 events, duration: 180.649385906
sink processed 1832 events, duration: 180.649385906

