wait for last: true
warmup: 0
config: map[NodeConstraint:"1,2,3,4" NumInstance:4 OutputTopicName:["nexmark_src"] funcName:"source"]
config: map[InputTopicNames:["nexmark_src"] NodeConstraint:"5,6,7,8" NumInstance:4 NumSrcProducer:[1] OutputTopicName:["bid_by_price"] funcName:"q7BidByPrice"]
config: map[InputTopicNames:["nexmark_src"] NodeConstraint:"5,6,7,8" NumInstance:4 NumSrcProducer:[1] OutputTopicName:["bid_by_win"] funcName:"q7BidByWin"]
config: map[InputTopicNames:["bid_by_win"] NodeConstraint:"5,6,7,8" NumInstance:4 NumSrcProducer:[4] OutputTopicName:["max_bids"] funcName:"q7MaxBid"]
config: map[InputTopicNames:["bid_by_price","max_bids"] NodeConstraint:"5,6,7,8" NumInstance:4 NumSrcProducer:[4,4] OutputTopicName:["q7_out"] funcName:"q7JoinMaxBid"]
srcInvokeConfig: {TopicName:nexmark_src AppId:q7 NodeConstraint:1,2,3,4 ScaleEpoch:0 NumOutPartition:4 InstanceID:0 NumSrcInstance:4}
cliNodes: [0xc000026220 0xc000026260 0xc0000262a0 0xc000026320]
inParamsMap: map[q7BidByPrice:[0xc000000be0 0xc000000c80 0xc000000d20 0xc000000dc0] q7BidByWin:[0xc000000e60 0xc000000f00 0xc000000fa0 0xc000001040] q7JoinMaxBid:[0xc000001360 0xc000001400 0xc0000014a0 0xc000001540] q7MaxBid:[0xc0000010e0 0xc000001180 0xc000001220 0xc0000012c0]]
configScaleInput: {Config:map[bid_by_price:4 bid_by_win:4 changelog:4 max_bids:4 nexmark_src:4 q7BidByPrice:4 q7BidByWin:4 q7JoinMaxBid:4 q7MaxBid:4 q7_out:4 source:4] AppId:q7 FuncNames:[source q7BidByPrice q7BidByWin q7MaxBid q7JoinMaxBid] ScaleEpoch:0 SerdeFormat:1 Bootstrap:false}
encoded json is {"sg":{"bid_by_price":4,"bid_by_win":4,"changelog":4,"max_bids":4,"nexmark_src":4,"q7BidByPrice":4,"q7BidByWin":4,"q7JoinMaxBid":4,"q7MaxBid":4,"q7_out":4,"source":4},"aid":"q7","fns":["source","q7BidByPrice","q7BidByWin","q7MaxBid","q7JoinMaxBid"],"epoch":1,"serdeFormat":1,"bs":true}, node constraint is 1
src instance: 4
func source url is http://ip-172-31-6-114.us-east-2.compute.internal:8080/function/source
func source url is http://ip-172-31-6-114.us-east-2.compute.internal:8080/function/source
func source url is http://ip-172-31-6-114.us-east-2.compute.internal:8080/function/source
func source url is http://ip-172-31-6-114.us-east-2.compute.internal:8080/function/source
encoded json is {"topic_name":"nexmark_src","rate_shape":"square","aid":"q7","events_num":8640000,"rate_period":10000000000,"bid_avg_size":100,"first_event_rate":48000,"next_event_rate":48000,"person_avg_size":200,"auction_avg_size":500,"duration":180,"person_proportion":1,"auction_proportion":3,"bid_proportion":46,"bid_hot_ratio_auctions":2,"bid_hot_ratio_bidders":4,"auction_hot_ratio_sellers":4,"flushms":100,"rate_limited":false,"waitEnd":true,"serde_format":1,"numOutPar":4,"nSrcIns":4}, node constraint is 1,2,3,4
encoded json is {"topic_name":"nexmark_src","rate_shape":"square","aid":"q7","events_num":8640000,"rate_period":10000000000,"bid_avg_size":100,"first_event_rate":48000,"next_event_rate":48000,"person_avg_size":200,"auction_avg_size":500,"duration":180,"person_proportion":1,"auction_proportion":3,"bid_proportion":46,"bid_hot_ratio_auctions":2,"bid_hot_ratio_bidders":4,"auction_hot_ratio_sellers":4,"flushms":100,"rate_limited":false,"waitEnd":true,"serde_format":1,"numOutPar":4,"parNum":3,"nSrcIns":4}, node constraint is 1,2,3,4
encoded json is {"topic_name":"nexmark_src","rate_shape":"square","aid":"q7","events_num":8640000,"rate_period":10000000000,"bid_avg_size":100,"first_event_rate":48000,"next_event_rate":48000,"person_avg_size":200,"auction_avg_size":500,"duration":180,"person_proportion":1,"auction_proportion":3,"bid_proportion":46,"bid_hot_ratio_auctions":2,"bid_hot_ratio_bidders":4,"auction_hot_ratio_sellers":4,"flushms":100,"rate_limited":false,"waitEnd":true,"serde_format":1,"numOutPar":4,"parNum":2,"nSrcIns":4}, node constraint is 1,2,3,4
encoded json is {"topic_name":"nexmark_src","rate_shape":"square","aid":"q7","events_num":8640000,"rate_period":10000000000,"bid_avg_size":100,"first_event_rate":48000,"next_event_rate":48000,"person_avg_size":200,"auction_avg_size":500,"duration":180,"person_proportion":1,"auction_proportion":3,"bid_proportion":46,"bid_hot_ratio_auctions":2,"bid_hot_ratio_bidders":4,"auction_hot_ratio_sellers":4,"flushms":100,"rate_limited":false,"waitEnd":true,"serde_format":1,"numOutPar":4,"parNum":1,"nSrcIns":4}, node constraint is 1,2,3,4
Waiting for all client to return
func name is q7BidByPrice
func url is http://ip-172-31-6-114.us-east-2.compute.internal:8080/function/q7BidByPrice
func name is q7JoinMaxBid
func url is http://ip-172-31-6-114.us-east-2.compute.internal:8080/function/q7JoinMaxBid
func name is q7MaxBid
func url is http://ip-172-31-6-114.us-east-2.compute.internal:8080/function/q7MaxBid
func name is q7BidByPrice
func url is http://ip-172-31-6-114.us-east-2.compute.internal:8080/function/q7BidByPrice
func name is q7BidByWin
func url is http://ip-172-31-6-114.us-east-2.compute.internal:8080/function/q7BidByWin
func name is q7BidByWin
func url is http://ip-172-31-6-114.us-east-2.compute.internal:8080/function/q7BidByWin
func name is q7JoinMaxBid
func url is http://ip-172-31-6-114.us-east-2.compute.internal:8080/function/q7JoinMaxBid
func name is q7BidByPrice
func url is http://ip-172-31-6-114.us-east-2.compute.internal:8080/function/q7BidByPrice
func name is q7MaxBid
func url is http://ip-172-31-6-114.us-east-2.compute.internal:8080/function/q7MaxBid
func name is q7BidByPrice
func url is http://ip-172-31-6-114.us-east-2.compute.internal:8080/function/q7BidByPrice
func name is q7BidByWin
func url is http://ip-172-31-6-114.us-east-2.compute.internal:8080/function/q7BidByWin
func name is q7BidByWin
func url is http://ip-172-31-6-114.us-east-2.compute.internal:8080/function/q7BidByWin
func name is q7JoinMaxBid
func url is http://ip-172-31-6-114.us-east-2.compute.internal:8080/function/q7JoinMaxBid
func name is q7MaxBid
func url is http://ip-172-31-6-114.us-east-2.compute.internal:8080/function/q7MaxBid
func name is q7MaxBid
func url is http://ip-172-31-6-114.us-east-2.compute.internal:8080/function/q7MaxBid
func name is q7JoinMaxBid
func url is http://ip-172-31-6-114.us-east-2.compute.internal:8080/function/q7JoinMaxBid
encoded json is {"aid":"q7","numOutPartition":"BA==","numSubstreamProducer":"AQ==","outputTopicName":["bid_by_price"],"inputTopicName":["nexmark_src"],"commEveryMs":100,"flushMs":100,"duration":180,"epoch":1,"waitEnd":true,"numChangelogPartition":4,"numInPartition":4,"ParNum":3,"gua":2,"serdeFormat":1}, node constraint is 5,6,7,8
encoded json is {"aid":"q7","numOutPartition":"BA==","numSubstreamProducer":"AQ==","outputTopicName":["bid_by_price"],"inputTopicName":["nexmark_src"],"commEveryMs":100,"flushMs":100,"duration":180,"epoch":1,"waitEnd":true,"numChangelogPartition":4,"numInPartition":4,"gua":2,"serdeFormat":1}, node constraint is 5,6,7,8
encoded json is {"aid":"q7","numOutPartition":"BA==","numSubstreamProducer":"AQ==","outputTopicName":["bid_by_win"],"inputTopicName":["nexmark_src"],"commEveryMs":100,"flushMs":100,"duration":180,"epoch":1,"waitEnd":true,"numChangelogPartition":4,"numInPartition":4,"ParNum":2,"gua":2,"serdeFormat":1}, node constraint is 5,6,7,8
encoded json is {"aid":"q7","numOutPartition":"BA==","numSubstreamProducer":"BA==","outputTopicName":["max_bids"],"inputTopicName":["bid_by_win"],"commEveryMs":100,"flushMs":100,"duration":180,"epoch":1,"waitEnd":true,"numChangelogPartition":4,"numInPartition":4,"ParNum":2,"gua":2,"serdeFormat":1}, node constraint is 5,6,7,8
encoded json is {"aid":"q7","numOutPartition":"BA==","numSubstreamProducer":"BAQ=","outputTopicName":["q7_out"],"inputTopicName":["bid_by_price","max_bids"],"commEveryMs":100,"flushMs":100,"duration":180,"epoch":1,"waitEnd":true,"numChangelogPartition":4,"numInPartition":4,"ParNum":3,"gua":2,"serdeFormat":1}, node constraint is 5,6,7,8
encoded json is {"aid":"q7","numOutPartition":"BA==","numSubstreamProducer":"BA==","outputTopicName":["max_bids"],"inputTopicName":["bid_by_win"],"commEveryMs":100,"flushMs":100,"duration":180,"epoch":1,"waitEnd":true,"numChangelogPartition":4,"numInPartition":4,"gua":2,"serdeFormat":1}, node constraint is 5,6,7,8
encoded json is {"aid":"q7","numOutPartition":"BA==","numSubstreamProducer":"BA==","outputTopicName":["max_bids"],"inputTopicName":["bid_by_win"],"commEveryMs":100,"flushMs":100,"duration":180,"epoch":1,"waitEnd":true,"numChangelogPartition":4,"numInPartition":4,"ParNum":1,"gua":2,"serdeFormat":1}, node constraint is 5,6,7,8
encoded json is {"aid":"q7","numOutPartition":"BA==","numSubstreamProducer":"BAQ=","outputTopicName":["q7_out"],"inputTopicName":["bid_by_price","max_bids"],"commEveryMs":100,"flushMs":100,"duration":180,"epoch":1,"waitEnd":true,"numChangelogPartition":4,"numInPartition":4,"ParNum":2,"gua":2,"serdeFormat":1}, node constraint is 5,6,7,8
encoded json is {"aid":"q7","numOutPartition":"BA==","numSubstreamProducer":"AQ==","outputTopicName":["bid_by_price"],"inputTopicName":["nexmark_src"],"commEveryMs":100,"flushMs":100,"duration":180,"epoch":1,"waitEnd":true,"numChangelogPartition":4,"numInPartition":4,"ParNum":1,"gua":2,"serdeFormat":1}, node constraint is 5,6,7,8
encoded json is {"aid":"q7","numOutPartition":"BA==","numSubstreamProducer":"BAQ=","outputTopicName":["q7_out"],"inputTopicName":["bid_by_price","max_bids"],"commEveryMs":100,"flushMs":100,"duration":180,"epoch":1,"waitEnd":true,"numChangelogPartition":4,"numInPartition":4,"gua":2,"serdeFormat":1}, node constraint is 5,6,7,8
encoded json is {"aid":"q7","numOutPartition":"BA==","numSubstreamProducer":"AQ==","outputTopicName":["bid_by_win"],"inputTopicName":["nexmark_src"],"commEveryMs":100,"flushMs":100,"duration":180,"epoch":1,"waitEnd":true,"numChangelogPartition":4,"numInPartition":4,"ParNum":1,"gua":2,"serdeFormat":1}, node constraint is 5,6,7,8
encoded json is {"aid":"q7","numOutPartition":"BA==","numSubstreamProducer":"AQ==","outputTopicName":["bid_by_win"],"inputTopicName":["nexmark_src"],"commEveryMs":100,"flushMs":100,"duration":180,"epoch":1,"waitEnd":true,"numChangelogPartition":4,"numInPartition":4,"gua":2,"serdeFormat":1}, node constraint is 5,6,7,8
encoded json is {"aid":"q7","numOutPartition":"BA==","numSubstreamProducer":"BA==","outputTopicName":["max_bids"],"inputTopicName":["bid_by_win"],"commEveryMs":100,"flushMs":100,"duration":180,"epoch":1,"waitEnd":true,"numChangelogPartition":4,"numInPartition":4,"ParNum":3,"gua":2,"serdeFormat":1}, node constraint is 5,6,7,8
encoded json is {"aid":"q7","numOutPartition":"BA==","numSubstreamProducer":"BAQ=","outputTopicName":["q7_out"],"inputTopicName":["bid_by_price","max_bids"],"commEveryMs":100,"flushMs":100,"duration":180,"epoch":1,"waitEnd":true,"numChangelogPartition":4,"numInPartition":4,"ParNum":1,"gua":2,"serdeFormat":1}, node constraint is 5,6,7,8
encoded json is {"aid":"q7","numOutPartition":"BA==","numSubstreamProducer":"AQ==","outputTopicName":["bid_by_price"],"inputTopicName":["nexmark_src"],"commEveryMs":100,"flushMs":100,"duration":180,"epoch":1,"waitEnd":true,"numChangelogPartition":4,"numInPartition":4,"ParNum":2,"gua":2,"serdeFormat":1}, node constraint is 5,6,7,8
encoded json is {"aid":"q7","numOutPartition":"BA==","numSubstreamProducer":"AQ==","outputTopicName":["bid_by_win"],"inputTopicName":["nexmark_src"],"commEveryMs":100,"flushMs":100,"duration":180,"epoch":1,"waitEnd":true,"numChangelogPartition":4,"numInPartition":4,"ParNum":3,"gua":2,"serdeFormat":1}, node constraint is 5,6,7,8
source-0 invoke done
source-3 invoke done
source-1 invoke done
source-2 invoke done
q7BidByWin-2 call done
q7BidByWin-0 call done
q7BidByWin-3 call done
q7BidByWin-1 call done
q7BidByPrice-0 call done
q7BidByPrice-1 call done
q7BidByPrice-2 call done
q7BidByPrice-3 call done
q7MaxBid-0 call done
q7MaxBid-1 call done
q7MaxBid-2 call done
q7MaxBid-3 call done
q7JoinMaxBid-1 call done
q7JoinMaxBid-3 call done
q7JoinMaxBid-0 call done
q7JoinMaxBid-2 call done
sink processed: 2160001, throughput: (event/s) 11999.796532299739
sink_ctrl processed: 1, throughput: (event/s) 0.005555458785574515
source-0 duration: 180.003135402

sink processed: 2160001, throughput: (event/s) 11999.795011018892
sink_ctrl processed: 1, throughput: (event/s) 0.005555458081278154
source-1 duration: 180.003158222

sink processed: 2160001, throughput: (event/s) 11999.798001249424
sink_ctrl processed: 1, throughput: (event/s) 0.005555459465643499
source-2 duration: 180.003113367

sink processed: 2160001, throughput: (event/s) 11999.807939718454
sink_ctrl processed: 1, throughput: (event/s) 0.005555464066784438
source-3 duration: 180.002964285

sink processed 8640004 events, duration: 180.003158222, tp: 47999.180044
sink_ctrl processed 4 events, duration: 180.003158222, tp: 0.022222

eventTimeLatency_sink, p50: 110 ms, p90: 135 ms, p99: 152 ms
bidByPriceSrc_ctrl processed: 4, throughput: (event/s) 0.022216999326222557
maxBidsWithWinSrc_logEntry processed: 593, throughput: (event/s) 3.293670150112494
bidByPriceSrc_data processed: 1951000, throughput: (event/s) 10836.341421365052
bidByPriceSrc_epoch processed: 6449, throughput: (event/s) 35.819357163702314
maxBidsWithWinSrc processed: 1190, throughput: (event/s) 6.60955729955121
bidByPriceSrc processed: 1957453, throughput: (event/s) 10872.182995528081
bidByPriceSrc_logEntry processed: 6454, throughput: (event/s) 35.847128412860094
maxBidsWithWinSrc_epoch processed: 593, throughput: (event/s) 3.293670150112494
maxBidsWithWinSrc_ctrl processed: 4, throughput: (event/s) 0.022216999326222557
maxBidsWithWinSrc_data processed: 593, throughput: (event/s) 3.293670150112494
sink processed: 2379, throughput: (event/s) 13.213560349270866
q7JoinMaxBid-0 duration: 180.042315403

eventTimeLatency_sink, p50: 108 ms, p90: 132 ms, p99: 153 ms
maxBidsWithWinSrc_ctrl processed: 4, throughput: (event/s) 0.022217562844923516
maxBidsWithWinSrc_epoch processed: 474, throughput: (event/s) 2.6327811971234367
maxBidsWithWinSrc processed: 952, throughput: (event/s) 5.2877799570917965
bidByPriceSrc_epoch processed: 6449, throughput: (event/s) 35.82026569672794
maxBidsWithWinSrc_data processed: 474, throughput: (event/s) 2.6327811971234367
bidByPriceSrc_data processed: 1977232, throughput: (event/s) 10982.319054748454
maxBidsWithWinSrc_logEntry processed: 474, throughput: (event/s) 2.6327811971234367
bidByPriceSrc processed: 1983685, throughput: (event/s) 11018.161538008026
bidByPriceSrc_logEntry processed: 6454, throughput: (event/s) 35.84803765028409
sink processed: 1899, throughput: (event/s) 10.547787960627439
bidByPriceSrc_ctrl processed: 4, throughput: (event/s) 0.022217562844923516
q7JoinMaxBid-1 duration: 180.037748871

eventTimeLatency_sink, p50: 105 ms, p90: 134 ms, p99: 152 ms
maxBidsWithWinSrc processed: 640, throughput: (event/s) 3.554694228083497
maxBidsWithWinSrc_ctrl processed: 4, throughput: (event/s) 0.022216838925521856
bidByPriceSrc_data processed: 2016064, throughput: (event/s) 11197.642287885823
bidByPriceSrc_epoch processed: 6449, throughput: (event/s) 35.81909855767261
maxBidsWithWinSrc_data processed: 318, throughput: (event/s) 1.7662386945789874
sink processed: 1272, throughput: (event/s) 7.06495477831595
bidByPriceSrc_logEntry processed: 6454, throughput: (event/s) 35.84686960632951
maxBidsWithWinSrc_epoch processed: 318, throughput: (event/s) 1.7662386945789874
maxBidsWithWinSrc_logEntry processed: 318, throughput: (event/s) 1.7662386945789874
bidByPriceSrc processed: 2022517, throughput: (event/s) 11233.483603282422
bidByPriceSrc_ctrl processed: 4, throughput: (event/s) 0.022216838925521856
q7JoinMaxBid-2 duration: 180.043615269

eventTimeLatency_sink, p50: 110 ms, p90: 135 ms, p99: 208 ms
bidByPriceSrc processed: 2010957, throughput: (event/s) 11169.360064541015
bidByPriceSrc_ctrl processed: 4, throughput: (event/s) 0.02221700427118236
maxBidsWithWinSrc processed: 662, throughput: (event/s) 3.67691420688068
maxBidsWithWinSrc_ctrl processed: 4, throughput: (event/s) 0.02221700427118236
sink processed: 1319, throughput: (event/s) 7.326057158422382
bidByPriceSrc_epoch processed: 6449, throughput: (event/s) 35.819365136213754
bidByPriceSrc_logEntry processed: 6454, throughput: (event/s) 35.84713639155274
maxBidsWithWinSrc_data processed: 329, throughput: (event/s) 1.8273486013047489
bidByPriceSrc_data processed: 2004504, throughput: (event/s) 11133.51848240053
maxBidsWithWinSrc_epoch processed: 329, throughput: (event/s) 1.8273486013047489
maxBidsWithWinSrc_logEntry processed: 329, throughput: (event/s) 1.8273486013047489
q7JoinMaxBid-3 duration: 180.04227533

bidByPriceSrc processed 7974612 events, duration: 180.043615269
bidByPriceSrc_logEntry processed 25816 events, duration: 180.043615269
maxBidsWithWinSrc_epoch processed 1714 events, duration: 180.043615269
maxBidsWithWinSrc_data processed 1714 events, duration: 180.043615269
sink processed 6869 events, duration: 180.043615269
bidByPriceSrc_ctrl processed 16 events, duration: 180.043615269
maxBidsWithWinSrc_logEntry processed 1714 events, duration: 180.043615269
bidByPriceSrc_data processed 7948800 events, duration: 180.043615269
bidByPriceSrc_epoch processed 25796 events, duration: 180.043615269
maxBidsWithWinSrc processed 3444 events, duration: 180.043615269
maxBidsWithWinSrc_ctrl processed 16 events, duration: 180.043615269

nexmark_src_src_epoch processed: 0, throughput: (event/s) 0
nexmark_src_src_logEntry processed: 5291, throughput: (event/s) 29.390963944777447
sink processed: 1987200, throughput: (event/s) 11038.692789843459
nexmark_src_src processed: 2160001, throughput: (event/s) 11998.584674292806
nexmark_src_src_ctrl processed: 1, throughput: (event/s) 0.0055548977404606785
nexmark_src_src_data processed: 2160000, throughput: (event/s) 11998.579119395064
q7BidByPrice-0 duration: 180.021315733

sink processed: 1987200, throughput: (event/s) 11038.668586810494
nexmark_src_src processed: 2160001, throughput: (event/s) 11998.558366636098
nexmark_src_src_ctrl processed: 1, throughput: (event/s) 0.005554885560995619
nexmark_src_src_data processed: 2160000, throughput: (event/s) 11998.552811750536
nexmark_src_src_epoch processed: 0, throughput: (event/s) 0
nexmark_src_src_logEntry processed: 5289, throughput: (event/s) 29.379789732105827
q7BidByPrice-1 duration: 180.021710442

sink processed: 1987200, throughput: (event/s) 11038.694550858634
nexmark_src_src processed: 2160001, throughput: (event/s) 11998.586588440621
nexmark_src_src_ctrl processed: 1, throughput: (event/s) 0.005554898626639812
nexmark_src_src_data processed: 2160000, throughput: (event/s) 11998.581033541994
nexmark_src_src_epoch processed: 0, throughput: (event/s) 0
nexmark_src_src_logEntry processed: 5288, throughput: (event/s) 29.374303937671325
q7BidByPrice-2 duration: 180.021287014

nexmark_src_src_ctrl processed: 1, throughput: (event/s) 0.005554852715625895
nexmark_src_src_data processed: 2160000, throughput: (event/s) 11998.481865751934
nexmark_src_src_epoch processed: 0, throughput: (event/s) 0
nexmark_src_src_logEntry processed: 5291, throughput: (event/s) 29.39072571837661
sink processed: 1987200, throughput: (event/s) 11038.603316491779
nexmark_src_src processed: 2160001, throughput: (event/s) 11998.48742060465
q7BidByPrice-3 duration: 180.022774895

nexmark_src_src_epoch processed 0 events, duration: 180.022774895
nexmark_src_src_logEntry processed 21159 events, duration: 180.022774895
sink processed 7948800 events, duration: 180.022774895
nexmark_src_src processed 8640004 events, duration: 180.022774895
nexmark_src_src_ctrl processed 4 events, duration: 180.022774895
nexmark_src_src_data processed 8640000 events, duration: 180.022774895

sink processed: 1987200, throughput: (event/s) 11039.027992856387
nexmark_src_src processed: 2160001, throughput: (event/s) 11998.949025562495
nexmark_src_src_ctrl processed: 1, throughput: (event/s) 0.00555506642152596
nexmark_src_src_data processed: 2160000, throughput: (event/s) 11998.943470496073
nexmark_src_src_epoch processed: 0, throughput: (event/s) 0
nexmark_src_src_logEntry processed: 5291, throughput: (event/s) 29.391856436293853
q7BidByWin-0 duration: 180.015849338

sink processed: 1987200, throughput: (event/s) 11038.98922942455
nexmark_src_src processed: 2160001, throughput: (event/s) 11998.906891377947
nexmark_src_src_ctrl processed: 1, throughput: (event/s) 0.00555504691496807
nexmark_src_src_data processed: 2160000, throughput: (event/s) 11998.901336331031
nexmark_src_src_epoch processed: 0, throughput: (event/s) 0
nexmark_src_src_logEntry processed: 5289, throughput: (event/s) 29.380643133266123
q7BidByWin-1 duration: 180.016481464

nexmark_src_src_epoch processed: 0, throughput: (event/s) 0
nexmark_src_src_logEntry processed: 5288, throughput: (event/s) 29.375537856786366
sink processed: 1987200, throughput: (event/s) 11039.158250568433
nexmark_src_src processed: 2160001, throughput: (event/s) 11999.090610097657
nexmark_src_src_ctrl processed: 1, throughput: (event/s) 0.005555131969891522
nexmark_src_src_data processed: 2160000, throughput: (event/s) 11999.085054965686
q7BidByWin-2 duration: 180.013725222

nexmark_src_src_data processed: 2160000, throughput: (event/s) 11998.94422103061
nexmark_src_src_epoch processed: 0, throughput: (event/s) 0
nexmark_src_src_logEntry processed: 5291, throughput: (event/s) 29.391858274755997
sink processed: 1987200, throughput: (event/s) 11039.02868334816
nexmark_src_src processed: 2160001, throughput: (event/s) 11998.949776097377
nexmark_src_src_ctrl processed: 1, throughput: (event/s) 0.005555066768995653
q7BidByWin-3 duration: 180.015838078

sink processed 7948800 events, duration: 180.016481464
nexmark_src_src processed 8640004 events, duration: 180.016481464
nexmark_src_src_ctrl processed 4 events, duration: 180.016481464
nexmark_src_src_data processed 8640000 events, duration: 180.016481464
nexmark_src_src_epoch processed 0 events, duration: 180.016481464
nexmark_src_src_logEntry processed 21159 events, duration: 180.016481464

bid_by_win_src_data processed: 441600, throughput: (event/s) 2453.0023257037315
bid_by_win_src_epoch processed: 382, throughput: (event/s) 2.1219358886295865
bid_by_win_src_logEntry processed: 1164, throughput: (event/s) 6.465794173729944
sink processed: 96, throughput: (event/s) 0.5332613751529851
bid_by_win_src processed: 441986, throughput: (event/s) 2455.1464808163255
bid_by_win_src_ctrl processed: 4, throughput: (event/s) 0.02221922396470771
q7MaxBid-0 duration: 180.024289163

bid_by_win_src processed: 3512096, throughput: (event/s) 19508.901935467624
bid_by_win_src_ctrl processed: 4, throughput: (event/s) 0.0222190987210687
bid_by_win_src_data processed: 3509064, throughput: (event/s) 19492.059858637054
bid_by_win_src_epoch processed: 3028, throughput: (event/s) 16.819857731849005
bid_by_win_src_logEntry processed: 9248, throughput: (event/s) 51.37055624311083
sink processed: 754, throughput: (event/s) 4.18830010892145
q7MaxBid-1 duration: 180.025303916

sink processed: 478, throughput: (event/s) 2.655162687019481
bid_by_win_src processed: 2209918, throughput: (event/s) 12275.505889064261
bid_by_win_src_ctrl processed: 4, throughput: (event/s) 0.02221893461940988
bid_by_win_src_data processed: 2208000, throughput: (event/s) 12264.851909914254
bid_by_win_src_epoch processed: 1914, throughput: (event/s) 10.631760215387628
bid_by_win_src_logEntry processed: 5823, throughput: (event/s) 32.345214072205934
q7MaxBid-2 duration: 180.026633523

bid_by_win_src_data processed: 1790136, throughput: (event/s) 9943.47222431024
bid_by_win_src_epoch processed: 1553, throughput: (event/s) 8.626278877333233
bid_by_win_src_logEntry processed: 4724, throughput: (event/s) 26.23988500741931
sink processed: 386, throughput: (event/s) 2.1440718909533985
bid_by_win_src processed: 1791693, throughput: (event/s) 9952.120721549138
bid_by_win_src_ctrl processed: 4, throughput: (event/s) 0.02221836156428392
q7MaxBid-3 duration: 180.031276763

bid_by_win_src_data processed 7948800 events, duration: 180.031276763
bid_by_win_src_epoch processed 6877 events, duration: 180.031276763
bid_by_win_src_logEntry processed 20959 events, duration: 180.031276763
sink processed 1714 events, duration: 180.031276763
bid_by_win_src processed 7955693 events, duration: 180.031276763
bid_by_win_src_ctrl processed 16 events, duration: 180.031276763

