parallel restore str: , false
env str: , async2ndPhase: false
env str: , create snapshot: false
2024/03/03 08:40:54 [INFO] Load configuration for function scale[40]
2024/03/03 08:40:54 [INFO] Load configuration for function chkptmngr[60]
2024/03/03 08:40:54 [INFO] Load configuration for function redisSetup[70]
2024/03/03 08:40:54 [INFO] Load configuration for function source[20]
2024/03/03 08:40:54 [INFO] Load configuration for function query1[30]
2024/03/03 08:40:54 [INFO] Parse FAAS_ENGINE_ID: 7
2024/03/03 08:40:54 [INFO] Parse FAAS_ENGINE_ID: 7
2024/03/03 08:40:54 [INFO] Current GOMAXPROCS is 2
2024/03/03 08:40:54 [INFO] Parse FAAS_ENGINE_ID: 7
2024/03/03 08:40:54 [INFO] Current GOMAXPROCS is 3
2024/03/03 08:40:54 [INFO] Parse FAAS_ENGINE_ID: 7
2024/03/03 08:40:54 [INFO] Current GOMAXPROCS is 4
2024/03/03 08:40:54 [INFO] Start new FuncWorker with client id 8
2024/03/03 08:40:54 [INFO] Start new FuncWorker with client id 9
2024/03/03 08:40:54 [INFO] Start new FuncWorker with client id 10
2024/03/03 08:40:54 [INFO] Start new FuncWorker with client id 11
Enter nexmark: funcName: query1
2024/03/03 08:40:54 [INFO] Handshake with engine done
Enter nexmark: funcName: query1
Enter nexmark: funcName: query1
Enter nexmark: funcName: query1
2024/03/03 08:40:54 [INFO] Handshake with engine done
2024/03/03 08:40:54 [INFO] Handshake with engine done
2024/03/03 08:40:54 [INFO] Handshake with engine done
new buffered sink stream nexmark_src[0] with bufMaxSize 131072
new buffered sink stream nexmark_src[1] with bufMaxSize 131072
new buffered sink stream nexmark_src[2] with bufMaxSize 131072
new buffered sink stream nexmark_src[3] with bufMaxSize 131072
new buffered sink stream q1_out[0] with bufMaxSize 131072
new buffered sink stream q1_out[1] with bufMaxSize 131072
new buffered sink stream q1_out[2] with bufMaxSize 131072
new buffered sink stream q1_out[3] with bufMaxSize 131072
nexmark_src notEnded: map[3:{}], notScaleFence: map[3:{}]
redis address is [snapcache-1:6666 snapcache-2:6666 snapcache-3:6666 snapcache-4:6666]
new buffered sink stream __control_log_q1[0] with bufMaxSize 131072
new buffered sink stream __control_log_q1[0] with bufMaxSize 131072
[0] finished prev task source, funcName query1, meta epoch 0, current epoch 1, cmm instance 3, remain instances: map[]
[1] finished prev task source, funcName query1, meta epoch 0, current epoch 1, cmm instance 3, remain instances: map[]
[2] finished prev task source, funcName query1, meta epoch 0, current epoch 1, cmm instance 3, remain instances: map[]
[3] finished prev task source, funcName query1, meta epoch 0, current epoch 1, cmm instance 3, remain instances: map[]
[0] finished prev task query1, funcName query1, meta epoch 0, current epoch 1, cmm instance 3, remain instances: map[]
[3] prodId: ProducerId: {TaskId: 0x1c00a00000001, TaskEpoch: 0x1}, warmup time: 0s, flush every: 100ms, waitEndMark: true
nexmark_src_src counter: dur=10.008742913s, value=482180, rate=48175.880247030174 per second
q1_out_sink counter: dur=10.008619644s, value=443059, rate=44267.74278165386 per second
q1_out_sink stats (443059 samples): dur=10.009604962s, p50=0, p90=0, p99=0
q1_out_bufEntry_3 stats (973 samples): dur=10.005247304s, p50=515, p90=517, p99=520
q1_out_bufSize_3 stats (973 samples): dur=10.005303889s, p50=130921, p90=131040, p99=131068
nexmark_src_src counter: dur=10.002725853s, value=962470, rate=48015.91156834037 per second
q1_out_sink counter: dur=10.002648449s, value=884851, rate=44167.50246222714 per second
q1_out_sink stats (441792 samples): dur=10.002575497s, p50=0, p90=0, p99=0
q1_out_bufEntry_3 stats (963 samples): dur=10.006177767s, p50=515, p90=518, p99=520
q1_out_bufSize_3 stats (963 samples): dur=10.006178926s, p50=130915, p90=131040, p99=131069
WaitAlignTime_0(ms) stats (200 samples): dur=23.099742908s, p50=0, p90=0, p99=0
createChkpt_3(ms) stats (200 samples): dur=23.097645482s, p50=1, p90=7, p99=41
nexmark_src_src counter: dur=10.000785686s, value=1442560, rate=48005.22829642007 per second
q1_out_sink counter: dur=10.000786029s, value=1326457, rate=44157.12912159537 per second
q1_out_sink stats (441731 samples): dur=10.000889979s, p50=0, p90=0, p99=0
q1_out_bufEntry_3 stats (985 samples): dur=10.001808178s, p50=512, p90=516, p99=519
q1_out_bufSize_3 stats (985 samples): dur=10.001809831s, p50=130916, p90=131042, p99=131070
nexmark_src_src counter: dur=10.000317232s, value=1922723, rate=48014.77681763205 per second
q1_out_sink counter: dur=10.000287879s, value=1768122, rate=44165.22857581628 per second
q1_out_sink stats (441756 samples): dur=10.001809808s, p50=0, p90=0, p99=0
q1_out_bufEntry_3 stats (978 samples): dur=10.012738203s, p50=511, p90=514, p99=516
q1_out_bufSize_3 stats (978 samples): dur=10.012731266s, p50=130925, p90=131042, p99=131068
WaitAlignTime_0(ms) stats (200 samples): dur=23.442159406s, p50=0, p90=0, p99=0
createChkpt_3(ms) stats (200 samples): dur=23.466217592s, p50=1, p90=16, p99=45
q1_out_sink counter: dur=10.000227628s, value=2209981, rate=44184.894228089666 per second
nexmark_src_src counter: dur=10.009740699s, value=2403240, rate=48004.93983305731 per second
q1_out_sink stats (441784 samples): dur=10.008107855s, p50=0, p90=0, p99=0
q1_out_bufEntry_3 stats (976 samples): dur=10.003980127s, p50=511, p90=514, p99=515
q1_out_bufSize_3 stats (976 samples): dur=10.003983323s, p50=130923, p90=131041, p99=131068
q1_out_sink counter: dur=10.004940926s, value=2651661, rate=44146.18769534152 per second
nexmark_src_src counter: dur=10.008067262s, value=2883648, rate=48002.07546806553 per second
q1_out_sink stats (441900 samples): dur=10.008105893s, p50=0, p90=0, p99=0
q1_out_bufEntry_3 stats (974 samples): dur=10.008196801s, p50=511, p90=514, p99=515
q1_out_bufSize_3 stats (974 samples): dur=10.008216471s, p50=130912, p90=131041, p99=131068
WaitAlignTime_0(ms) stats (200 samples): dur=23.320549863s, p50=0, p90=0, p99=0
createChkpt_3(ms) stats (200 samples): dur=23.296800718s, p50=1, p90=12, p99=36
q1_out_sink counter: dur=10.00000087s, value=3093111, rate=44144.99615938534 per second
nexmark_src_src counter: dur=10.006604967s, value=3364075, rate=48010.98890026764 per second
q1_out_sink stats (441916 samples): dur=10.006598684s, p50=0, p90=0, p99=0
q1_out_bufEntry_3 stats (982 samples): dur=10.006405969s, p50=509, p90=513, p99=515
q1_out_bufSize_3 stats (982 samples): dur=10.006386376s, p50=130921, p90=131041, p99=131067
q1_out_sink counter: dur=10.000670761s, value=3534924, rate=44178.33668947038 per second
nexmark_src_src counter: dur=10.000066362s, value=3844209, rate=48013.081375589376 per second
q1_out_sink stats (442003 samples): dur=10.001729578s, p50=0, p90=0, p99=0
q1_out_bufEntry_3 stats (980 samples): dur=10.001360561s, p50=507, p90=510, p99=512
q1_out_bufSize_3 stats (980 samples): dur=10.001361862s, p50=130917, p90=131037, p99=131069
q1_out_sink counter: dur=10.008447451s, value=3976517, rate=44122.02813293264 per second
nexmark_src_src counter: dur=10.002150514s, value=4324372, rate=48005.97624759959 per second
q1_out_sink stats (441681 samples): dur=10.002056112s, p50=0, p90=0, p99=0
q1_out_bufEntry_3 stats (986 samples): dur=10.001828483s, p50=507, p90=510, p99=512
q1_out_bufSize_3 stats (986 samples): dur=10.001827076s, p50=130911, p90=131042, p99=131068
WaitAlignTime_0(ms) stats (200 samples): dur=23.125412452s, p50=0, p90=0, p99=0
createChkpt_3(ms) stats (200 samples): dur=23.125424773s, p50=1, p90=8, p99=35
q1_out_sink counter: dur=10.007059813s, value=4418491, rate=44166.21947495898 per second
nexmark_src_src counter: dur=10.008496648s, value=4804843, rate=48006.3107275969 per second
q1_out_sink stats (441621 samples): dur=10.006841133s, p50=0, p90=0, p99=0
q1_out_bufEntry_3 stats (979 samples): dur=10.011246549s, p50=507, p90=510, p99=512
q1_out_bufSize_3 stats (979 samples): dur=10.011243586s, p50=130921, p90=131042, p99=131068
q1_out_sink counter: dur=10.008967743s, value=4860565, rate=44167.791459731154 per second
nexmark_src_src counter: dur=10.001282722s, value=5285053, rate=48014.84103070835 per second
q1_out_sink stats (441673 samples): dur=10.001375064s, p50=0, p90=0, p99=0
q1_out_bufEntry_3 stats (993 samples): dur=10.010554543s, p50=507, p90=510, p99=511
q1_out_bufSize_3 stats (993 samples): dur=10.010565514s, p50=130911, p90=131039, p99=131069
WaitAlignTime_0(ms) stats (200 samples): dur=23.318727046s, p50=0, p90=0, p99=0
createChkpt_3(ms) stats (200 samples): dur=23.318563122s, p50=1, p90=2, p99=44
nexmark_src_src counter: dur=10.001251754s, value=5764774, rate=47966.095824768694 per second
q1_out_sink counter: dur=10.007300526s, value=5302315, rate=44142.77345346908 per second
q1_out_sink stats (441399 samples): dur=10.001150223s, p50=0, p90=0, p99=0
q1_out_bufEntry_3 stats (980 samples): dur=10.000047602s, p50=507, p90=510, p99=512
q1_out_bufSize_3 stats (981 samples): dur=10.012634964s, p50=130912, p90=131044, p99=131068
nexmark_src_src counter: dur=10.000208962s, value=6245119, rate=48033.49628245498 per second
q1_out_sink counter: dur=10.000001708s, value=5744483, rate=44216.792447771855 per second
q1_out_sink stats (442169 samples): dur=10.008954462s, p50=0, p90=0, p99=0
q1_out_bufEntry_3 stats (976 samples): dur=10.002211336s, p50=507, p90=509, p99=511
q1_out_bufSize_3 stats (976 samples): dur=10.005474487s, p50=130914, p90=131041, p99=131067
nexmark_src_src counter: dur=10.000027927s, value=6725219, rate=48009.86592284744 per second
q1_out_sink counter: dur=10.000025722s, value=6186099, rate=44161.48640782466 per second
q1_out_sink stats (441616 samples): dur=10.005015254s, p50=0, p90=0, p99=0
q1_out_bufEntry_3 stats (977 samples): dur=10.000332013s, p50=507, p90=509, p99=511
q1_out_bufSize_3 stats (978 samples): dur=10.004741239s, p50=130912, p90=131044, p99=131070
WaitAlignTime_0(ms) stats (200 samples): dur=23.773795865s, p50=0, p90=0, p99=0
createChkpt_3(ms) stats (200 samples): dur=23.773578729s, p50=1, p90=22, p99=37
q1_out_sink counter: dur=10.000127255s, value=6627376, rate=44127.13846009952 per second
nexmark_src_src counter: dur=10.00262448s, value=7205597, rate=48025.1958833908 per second
q1_out_sink stats (441871 samples): dur=10.00691657s, p50=0, p90=0, p99=0
q1_out_bufEntry_3 stats (979 samples): dur=10.006208626s, p50=507, p90=510, p99=512
q1_out_bufSize_3 stats (980 samples): dur=10.007662964s, p50=130912, p90=131038, p99=131067
nexmark_src_src counter: dur=10.007645419s, value=7685964, rate=48000.001987280644 per second
q1_out_sink counter: dur=10.010416853s, value=7069371, rate=44153.50594191684 per second
q1_out_sink stats (442322 samples): dur=10.006234223s, p50=0, p90=0, p99=1
q1_out_bufEntry_3 stats (979 samples): dur=10.007079307s, p50=507, p90=510, p99=512
q1_out_bufSize_3 stats (979 samples): dur=10.008134772s, p50=130908, p90=131038, p99=131066
WaitAlignTime_0(ms) stats (200 samples): dur=24.018420863s, p50=0, p90=0, p99=0
createChkpt_3(ms) stats (200 samples): dur=24.018378187s, p50=1, p90=25, p99=39
nexmark_src_src counter: dur=10.000195871s, value=8166077, rate=48010.35961628515 per second
q1_out_sink counter: dur=10.000214469s, value=7510998, rate=44161.752867302435 per second
q1_out_sink stats (441778 samples): dur=10.007403453s, p50=0, p90=0, p99=0
q1_out_bufEntry_3 stats (984 samples): dur=10.006050796s, p50=507, p90=510, p99=512
q1_out_bufSize_3 stats (984 samples): dur=10.008948815s, p50=130917, p90=131044, p99=131068
3 producer ended, map[] remain
exit due to ctrlMsg
createChkpt_3(ms) (136 samples): dur=15.757456665s, data=[1 1 15 1 1 1 1 1 1 1 32 1 1 1 1 1 8 1 1 2 1 1 1 1 1 1 1 1 1 1 1 10 1 15 1 1 1 1 22 1 1 1 1 1 1 1 14 1 1 1 1 1 1 1 1 1 1 1 1 1 1 1 12 1 1 1 1 1 9 1 15 1 1 1 1 11 1 1 1 1 1 1 1 1 6 1 1 1 1 1 1 1 34 1 1 1 1 31 1 1 1 1 1 1 1 1 8 1 1 1 1 1 12 1 1 1 1 1 1 1 18 1 1 1 1 1 1 9 1 1 1 1 1 1 11 1]
[3]duration: 180.012469 s, uts: 1709455557666
WaitAlignTime_0(ms) (136 samples): dur=15.761287551s, data=[0 0 0 0 0 0 0 0 0 0 0 0 0 0 0 0 0 0 0 0 0 0 0 0 0 0 0 0 0 0 0 0 0 0 0 0 0 0 0 0 0 0 0 0 0 0 0 0 0 0 0 0 0 0 0 0 0 0 0 0 0 0 0 0 0 0 0 0 0 0 0 0 0 0 0 0 0 0 0 0 0 0 0 0 0 0 0 0 0 0 0 0 0 0 0 0 0 0 0 0 0 0 0 0 0 0 0 0 0 0 0 0 0 0 0 0 0 0 0 0 0 0 0 0 0 0 0 0 0 0 0 0 0 0 0 0]
nexmark_src_src msgCnt 8641537, ctrlCnt 1537, epochCnt 0, logEntry 29720
sink msgCnt 7948800, ctrlCnt 1537
