parallel restore str: , false
env str: , async2ndPhase: false
env str: , create snapshot: false
2024/03/03 21:19:04 [INFO] Load configuration for function scale[40]
2024/03/03 21:19:04 [INFO] Load configuration for function chkptmngr[50]
2024/03/03 21:19:04 [INFO] Load configuration for function redisSetup[70]
2024/03/03 21:19:04 [INFO] Load configuration for function source[20]
2024/03/03 21:19:04 [INFO] Load configuration for function query2[30]
2024/03/03 21:19:04 [INFO] Parse FAAS_ENGINE_ID: 1
2024/03/03 21:19:04 [INFO] Start new FuncWorker with client id 7
Enter nexmark: funcName: chkptmngr
2024/03/03 21:19:04 [INFO] Handshake with engine done
redis address is [snapcache-1:6666 snapcache-2:6666 snapcache-3:6666 snapcache-4:6666]
ChkptMngrInput:
	SrcTopicName         : nexmark_src
	FinalOutputTopicNames: [q2_out]
	FinalNumOutPartitions: [4]
	BufMaxSize           : 131072
	SrcNumPart           : 4
	ChkptEveryMs: 100
	Guarantee            : ALIGN_CHKPT
	SerdeFormat          : MSGP
new buffered sink stream nexmark_src[0] with bufMaxSize 131072
new buffered sink stream nexmark_src[1] with bufMaxSize 131072
new buffered sink stream nexmark_src[2] with bufMaxSize 131072
new buffered sink stream nexmark_src[3] with bufMaxSize 131072
e2eChkptElapsed(ms) stats (200 samples): dur=25.074946804s, p50=9, p90=37, p99=156
e2eChkptElapsed(ms) stats (200 samples): dur=25.376764848s, p50=9, p90=47, p99=144
e2eChkptElapsed(ms) stats (200 samples): dur=24.933868605s, p50=9, p90=32, p99=123
e2eChkptElapsed(ms) stats (200 samples): dur=24.976584672s, p50=9, p90=42, p99=124
e2eChkptElapsed(ms) stats (200 samples): dur=24.617654625s, p50=9, p90=26, p99=91
e2eChkptElapsed(ms) stats (200 samples): dur=24.629193363s, p50=9, p90=25, p99=118
e2eChkptElapsed(ms) stats (200 samples): dur=24.004767253s, p50=9, p90=20, p99=80
e2eChkptElapsed(ms) (53 samples): dur=6.256896015s, data=[9 9 9 9 9 10 9 12 9 69 36 9 9 9 9 9 9 9 9 9 15 9 9 9 53 9 9 9 9 9 9 9 13 15 9 9 9 9 37 9 10 9 9 9 9 9 9 9 9 9 10 20 4]
