wait for last: true
warmup: 0
config: map[NodeConstraint:"1,2,3,4" NumInstance:4 OutputTopicName:["nexmark_src"] funcName:"source"]
config: map[InputTopicNames:["nexmark_src"] NodeConstraint:"5,6,7,8" NumInstance:4 NumSrcProducer:[1] OutputTopicName:["q46_aucsByID","q46_bidsByAucID"] funcName:"q46GroupBy"]
config: map[InputTopicNames:["q46_aucsByID","q46_bidsByAucID"] NodeConstraint:"5,6,7,8" NumInstance:4 NumSrcProducer:[4,4] OutputTopicName:["q4_aucIDCat"] funcName:"q4JoinStream"]
config: map[InputTopicNames:["q4_aucIDCat"] NodeConstraint:"5,6,7,8" NumInstance:4 NumSrcProducer:[1] OutputTopicName:["q4_maxBids"] funcName:"q4MaxBid"]
config: map[InputTopicNames:["q4_maxBids"] NodeConstraint:"5,6,7,8" NumInstance:4 NumSrcProducer:[4] OutputTopicName:["q4_out"] funcName:"q4Avg"]
srcInvokeConfig: {TopicName:nexmark_src AppId:q4 NodeConstraint:1,2,3,4 ScaleEpoch:0 NumOutPartition:4 InstanceID:0 NumSrcInstance:4}
cliNodes: [0xc000026260 0xc0000262c0 0xc000026300 0xc000026360]
inParamsMap: map[q46GroupBy:[0xc000000be0 0xc000000c80 0xc000000d20 0xc000000dc0] q4Avg:[0xc000001360 0xc000001400 0xc0000014a0 0xc000001540] q4JoinStream:[0xc000000e60 0xc000000f00 0xc000000fa0 0xc000001040] q4MaxBid:[0xc0000010e0 0xc000001180 0xc000001220 0xc0000012c0]]
configScaleInput: {Config:map[changelog:4 nexmark_src:4 q46GroupBy:4 q46_aucsByID:4 q46_bidsByAucID:4 q4Avg:4 q4JoinStream:4 q4MaxBid:4 q4_aucIDCat:4 q4_maxBids:4 q4_out:4 source:4] AppId:q4 FuncNames:[source q46GroupBy q4JoinStream q4MaxBid q4Avg] ScaleEpoch:0 SerdeFormat:1 Bootstrap:false}
encoded json is {"sg":{"changelog":4,"nexmark_src":4,"q46GroupBy":4,"q46_aucsByID":4,"q46_bidsByAucID":4,"q4Avg":4,"q4JoinStream":4,"q4MaxBid":4,"q4_aucIDCat":4,"q4_maxBids":4,"q4_out":4,"source":4},"aid":"q4","fns":["source","q46GroupBy","q4JoinStream","q4MaxBid","q4Avg"],"epoch":1,"serdeFormat":1,"bs":true}, node constraint is 1
func source url is http://ip-172-31-8-159.us-east-2.compute.internal:8080/function/source
func source url is http://ip-172-31-8-159.us-east-2.compute.internal:8080/function/source
func source url is http://ip-172-31-8-159.us-east-2.compute.internal:8080/function/source
src instance: 4
encoded json is {"topic_name":"nexmark_src","rate_shape":"square","aid":"q4","events_num":720000,"rate_period":10000000000,"bid_avg_size":100,"first_event_rate":4000,"next_event_rate":4000,"person_avg_size":200,"auction_avg_size":500,"duration":180,"person_proportion":1,"auction_proportion":3,"bid_proportion":46,"bid_hot_ratio_auctions":2,"bid_hot_ratio_bidders":4,"auction_hot_ratio_sellers":4,"flushms":100,"rate_limited":false,"waitEnd":true,"serde_format":1,"numOutPar":4,"nSrcIns":4}, node constraint is 1,2,3,4
encoded json is {"topic_name":"nexmark_src","rate_shape":"square","aid":"q4","events_num":720000,"rate_period":10000000000,"bid_avg_size":100,"first_event_rate":4000,"next_event_rate":4000,"person_avg_size":200,"auction_avg_size":500,"duration":180,"person_proportion":1,"auction_proportion":3,"bid_proportion":46,"bid_hot_ratio_auctions":2,"bid_hot_ratio_bidders":4,"auction_hot_ratio_sellers":4,"flushms":100,"rate_limited":false,"waitEnd":true,"serde_format":1,"numOutPar":4,"parNum":3,"nSrcIns":4}, node constraint is 1,2,3,4
encoded json is {"topic_name":"nexmark_src","rate_shape":"square","aid":"q4","events_num":720000,"rate_period":10000000000,"bid_avg_size":100,"first_event_rate":4000,"next_event_rate":4000,"person_avg_size":200,"auction_avg_size":500,"duration":180,"person_proportion":1,"auction_proportion":3,"bid_proportion":46,"bid_hot_ratio_auctions":2,"bid_hot_ratio_bidders":4,"auction_hot_ratio_sellers":4,"flushms":100,"rate_limited":false,"waitEnd":true,"serde_format":1,"numOutPar":4,"parNum":2,"nSrcIns":4}, node constraint is 1,2,3,4
func source url is http://ip-172-31-8-159.us-east-2.compute.internal:8080/function/source
encoded json is {"topic_name":"nexmark_src","rate_shape":"square","aid":"q4","events_num":720000,"rate_period":10000000000,"bid_avg_size":100,"first_event_rate":4000,"next_event_rate":4000,"person_avg_size":200,"auction_avg_size":500,"duration":180,"person_proportion":1,"auction_proportion":3,"bid_proportion":46,"bid_hot_ratio_auctions":2,"bid_hot_ratio_bidders":4,"auction_hot_ratio_sellers":4,"flushms":100,"rate_limited":false,"waitEnd":true,"serde_format":1,"numOutPar":4,"parNum":1,"nSrcIns":4}, node constraint is 1,2,3,4
encoded json is {"aid":"q4","numOutPartition":"BAQ=","numSubstreamProducer":"AQ==","outputTopicName":["q46_aucsByID","q46_bidsByAucID"],"inputTopicName":["nexmark_src"],"commEveryMs":100,"flushMs":100,"snapEveryS":10,"duration":180,"epoch":1,"waitEnd":true,"numChangelogPartition":4,"numInPartition":4,"gua":3,"serdeFormat":1}, node constraint is 5,6,7,8
encoded json is {"aid":"q4","numOutPartition":"BA==","numSubstreamProducer":"BA==","outputTopicName":["q4_out"],"inputTopicName":["q4_maxBids"],"commEveryMs":100,"flushMs":100,"snapEveryS":10,"duration":180,"epoch":1,"waitEnd":true,"numChangelogPartition":4,"numInPartition":4,"gua":3,"serdeFormat":1}, node constraint is 5,6,7,8
encoded json is {"aid":"q4","numOutPartition":"BA==","numSubstreamProducer":"BA==","outputTopicName":["q4_out"],"inputTopicName":["q4_maxBids"],"commEveryMs":100,"flushMs":100,"snapEveryS":10,"duration":180,"epoch":1,"waitEnd":true,"numChangelogPartition":4,"numInPartition":4,"ParNum":1,"gua":3,"serdeFormat":1}, node constraint is 5,6,7,8
encoded json is {"aid":"q4","numOutPartition":"BA==","numSubstreamProducer":"AQ==","outputTopicName":["q4_maxBids"],"inputTopicName":["q4_aucIDCat"],"commEveryMs":100,"flushMs":100,"snapEveryS":10,"duration":180,"epoch":1,"waitEnd":true,"numChangelogPartition":4,"numInPartition":4,"ParNum":1,"gua":3,"serdeFormat":1}, node constraint is 5,6,7,8
encoded json is {"aid":"q4","numOutPartition":"BA==","numSubstreamProducer":"BA==","outputTopicName":["q4_out"],"inputTopicName":["q4_maxBids"],"commEveryMs":100,"flushMs":100,"snapEveryS":10,"duration":180,"epoch":1,"waitEnd":true,"numChangelogPartition":4,"numInPartition":4,"ParNum":2,"gua":3,"serdeFormat":1}, node constraint is 5,6,7,8
func name is q46GroupBy
func url is http://ip-172-31-8-159.us-east-2.compute.internal:8080/function/q46GroupBy
func name is q4MaxBid
func url is http://ip-172-31-8-159.us-east-2.compute.internal:8080/function/q4MaxBid
func name is q46GroupBy
func url is http://ip-172-31-8-159.us-east-2.compute.internal:8080/function/q46GroupBy
func name is q4Avg
func url is http://ip-172-31-8-159.us-east-2.compute.internal:8080/function/q4Avg
func name is q4JoinStream
Waiting for all client to return
func url is http://ip-172-31-8-159.us-east-2.compute.internal:8080/function/q4JoinStream
func name is q46GroupBy
func url is http://ip-172-31-8-159.us-east-2.compute.internal:8080/function/q46GroupBy
func name is q4JoinStream
func name is q4MaxBid
func url is http://ip-172-31-8-159.us-east-2.compute.internal:8080/function/q4MaxBid
func url is http://ip-172-31-8-159.us-east-2.compute.internal:8080/function/q4JoinStream
func name is q4MaxBid
func url is http://ip-172-31-8-159.us-east-2.compute.internal:8080/function/q4MaxBid
func name is q46GroupBy
func name is q4MaxBid
func url is http://ip-172-31-8-159.us-east-2.compute.internal:8080/function/q4MaxBid
func url is http://ip-172-31-8-159.us-east-2.compute.internal:8080/function/q46GroupBy
func name is q4JoinStream
func url is http://ip-172-31-8-159.us-east-2.compute.internal:8080/function/q4JoinStream
func name is q4JoinStream
func url is http://ip-172-31-8-159.us-east-2.compute.internal:8080/function/q4JoinStream
func name is q4Avg
func url is http://ip-172-31-8-159.us-east-2.compute.internal:8080/function/q4Avg
func name is q4Avg
func url is http://ip-172-31-8-159.us-east-2.compute.internal:8080/function/q4Avg
func name is q4Avg
func url is http://ip-172-31-8-159.us-east-2.compute.internal:8080/function/q4Avg
encoded json is {"aid":"q4","numOutPartition":"BA==","numSubstreamProducer":"AQ==","outputTopicName":["q4_maxBids"],"inputTopicName":["q4_aucIDCat"],"commEveryMs":100,"flushMs":100,"snapEveryS":10,"duration":180,"epoch":1,"waitEnd":true,"numChangelogPartition":4,"numInPartition":4,"gua":3,"serdeFormat":1}, node constraint is 5,6,7,8
encoded json is {"aid":"q4","numOutPartition":"BA==","numSubstreamProducer":"BAQ=","outputTopicName":["q4_aucIDCat"],"inputTopicName":["q46_aucsByID","q46_bidsByAucID"],"commEveryMs":100,"flushMs":100,"snapEveryS":10,"duration":180,"epoch":1,"waitEnd":true,"numChangelogPartition":4,"numInPartition":4,"ParNum":1,"gua":3,"serdeFormat":1}, node constraint is 5,6,7,8
encoded json is {"aid":"q4","numOutPartition":"BA==","numSubstreamProducer":"BA==","outputTopicName":["q4_out"],"inputTopicName":["q4_maxBids"],"commEveryMs":100,"flushMs":100,"snapEveryS":10,"duration":180,"epoch":1,"waitEnd":true,"numChangelogPartition":4,"numInPartition":4,"ParNum":3,"gua":3,"serdeFormat":1}, node constraint is 5,6,7,8
encoded json is {"aid":"q4","numOutPartition":"BAQ=","numSubstreamProducer":"AQ==","outputTopicName":["q46_aucsByID","q46_bidsByAucID"],"inputTopicName":["nexmark_src"],"commEveryMs":100,"flushMs":100,"snapEveryS":10,"duration":180,"epoch":1,"waitEnd":true,"numChangelogPartition":4,"numInPartition":4,"ParNum":1,"gua":3,"serdeFormat":1}, node constraint is 5,6,7,8
encoded json is {"aid":"q4","numOutPartition":"BAQ=","numSubstreamProducer":"AQ==","outputTopicName":["q46_aucsByID","q46_bidsByAucID"],"inputTopicName":["nexmark_src"],"commEveryMs":100,"flushMs":100,"snapEveryS":10,"duration":180,"epoch":1,"waitEnd":true,"numChangelogPartition":4,"numInPartition":4,"ParNum":2,"gua":3,"serdeFormat":1}, node constraint is 5,6,7,8
encoded json is {"aid":"q4","numOutPartition":"BA==","numSubstreamProducer":"AQ==","outputTopicName":["q4_maxBids"],"inputTopicName":["q4_aucIDCat"],"commEveryMs":100,"flushMs":100,"snapEveryS":10,"duration":180,"epoch":1,"waitEnd":true,"numChangelogPartition":4,"numInPartition":4,"ParNum":3,"gua":3,"serdeFormat":1}, node constraint is 5,6,7,8
encoded json is {"aid":"q4","numOutPartition":"BA==","numSubstreamProducer":"BAQ=","outputTopicName":["q4_aucIDCat"],"inputTopicName":["q46_aucsByID","q46_bidsByAucID"],"commEveryMs":100,"flushMs":100,"snapEveryS":10,"duration":180,"epoch":1,"waitEnd":true,"numChangelogPartition":4,"numInPartition":4,"ParNum":2,"gua":3,"serdeFormat":1}, node constraint is 5,6,7,8
encoded json is {"aid":"q4","numOutPartition":"BA==","numSubstreamProducer":"AQ==","outputTopicName":["q4_maxBids"],"inputTopicName":["q4_aucIDCat"],"commEveryMs":100,"flushMs":100,"snapEveryS":10,"duration":180,"epoch":1,"waitEnd":true,"numChangelogPartition":4,"numInPartition":4,"ParNum":2,"gua":3,"serdeFormat":1}, node constraint is 5,6,7,8
encoded json is {"aid":"q4","numOutPartition":"BA==","numSubstreamProducer":"BAQ=","outputTopicName":["q4_aucIDCat"],"inputTopicName":["q46_aucsByID","q46_bidsByAucID"],"commEveryMs":100,"flushMs":100,"snapEveryS":10,"duration":180,"epoch":1,"waitEnd":true,"numChangelogPartition":4,"numInPartition":4,"gua":3,"serdeFormat":1}, node constraint is 5,6,7,8
encoded json is {"aid":"q4","numOutPartition":"BAQ=","numSubstreamProducer":"AQ==","outputTopicName":["q46_aucsByID","q46_bidsByAucID"],"inputTopicName":["nexmark_src"],"commEveryMs":100,"flushMs":100,"snapEveryS":10,"duration":180,"epoch":1,"waitEnd":true,"numChangelogPartition":4,"numInPartition":4,"ParNum":3,"gua":3,"serdeFormat":1}, node constraint is 5,6,7,8
encoded json is {"aid":"q4","numOutPartition":"BA==","numSubstreamProducer":"BAQ=","outputTopicName":["q4_aucIDCat"],"inputTopicName":["q46_aucsByID","q46_bidsByAucID"],"commEveryMs":100,"flushMs":100,"snapEveryS":10,"duration":180,"epoch":1,"waitEnd":true,"numChangelogPartition":4,"numInPartition":4,"ParNum":3,"gua":3,"serdeFormat":1}, node constraint is 5,6,7,8
source-0 invoke done
source-3 invoke done
source-1 invoke done
source-2 invoke done
q46GroupBy-0 call done
q46GroupBy-3 call done
q46GroupBy-2 call done
q46GroupBy-1 call done
q4JoinStream-1 call done
q4MaxBid-1 call done
q4JoinStream-0 call done
q4MaxBid-0 call done
q4JoinStream-2 call done
q4MaxBid-2 call done
q4JoinStream-3 call done
q4MaxBid-3 call done
q4Avg-1 call done
q4Avg-0 call done
q4Avg-2 call done
q4Avg-3 call done
sink processed: 180001, throughput: (event/s) 999.9862936195706
sink_ctrl processed: 1, throughput: (event/s) 0.005555448545394585
source-0 duration: 180.003467196

sink processed: 180001, throughput: (event/s) 999.9885956767514
sink_ctrl processed: 1, throughput: (event/s) 0.005555461334530094
source-1 duration: 180.003052813

sink processed: 180001, throughput: (event/s) 999.9910201416383
sink_ctrl processed: 1, throughput: (event/s) 0.005555474803704637
source-2 duration: 180.002616398

sink processed: 180001, throughput: (event/s) 999.9921925709981
sink_ctrl processed: 1, throughput: (event/s) 0.0055554813171648934
source-3 duration: 180.002405356

sink_ctrl processed 4 events, duration: 180.003467196, tp: 0.022222
sink processed 720004 events, duration: 180.003467196, tp: 3999.945174

q4_aucIDCat_src_data processed: 435603, throughput: (event/s) 2412.2900158950333
q4_aucIDCat_src_epoch processed: 1205, throughput: (event/s) 6.673070362585922
q4_aucIDCat_src_logEntry processed: 1357, throughput: (event/s) 7.514818657285557
sink processed: 126360, throughput: (event/s) 699.7586481463544
q4_aucIDCat_src processed: 436809, throughput: (event/s) 2418.9686240753476
q4_aucIDCat_src_ctrl processed: 1, throughput: (event/s) 0.005537817728287072
q4MaxBid-0 duration: 180.576546406

q4_aucIDCat_src_logEntry processed: 1352, throughput: (event/s) 7.491026857078775
sink processed: 131288, throughput: (event/s) 727.4274659853241
q4_aucIDCat_src processed: 404355, throughput: (event/s) 2240.4098852027278
q4_aucIDCat_src_ctrl processed: 1, throughput: (event/s) 0.005540700338076017
q4_aucIDCat_src_data processed: 403108, throughput: (event/s) 2233.500631881147
q4_aucIDCat_src_epoch processed: 1246, throughput: (event/s) 6.903712621242717
q4MaxBid-1 duration: 180.482599488

q4_aucIDCat_src_ctrl processed: 1, throughput: (event/s) 0.005504275772083861
q4_aucIDCat_src_data processed: 480310, throughput: (event/s) 2643.758696089599
q4_aucIDCat_src_epoch processed: 1251, throughput: (event/s) 6.88584899087691
q4_aucIDCat_src_logEntry processed: 1421, throughput: (event/s) 7.821575872131167
sink processed: 133555, throughput: (event/s) 735.12355074066
q4_aucIDCat_src processed: 481562, throughput: (event/s) 2650.650049356248
q4MaxBid-2 duration: 181.676943781

sink processed: 122624, throughput: (event/s) 663.8797156169127
q4_aucIDCat_src processed: 584434, throughput: (event/s) 3164.094122821428
q4_aucIDCat_src_ctrl processed: 1, throughput: (event/s) 0.005413946010706817
q4_aucIDCat_src_data processed: 583262, throughput: (event/s) 3157.7489780968795
q4_aucIDCat_src_epoch processed: 1171, throughput: (event/s) 6.339730778537683
q4_aucIDCat_src_logEntry processed: 1450, throughput: (event/s) 7.850221715524885
q4MaxBid-3 duration: 184.708158896

q4_aucIDCat_src_data processed 1902283 events, duration: 184.708158896
q4_aucIDCat_src_epoch processed 4873 events, duration: 184.708158896
q4_aucIDCat_src_logEntry processed 5580 events, duration: 184.708158896
sink processed 513827 events, duration: 184.708158896
q4_aucIDCat_src processed 1907160 events, duration: 184.708158896
q4_aucIDCat_src_ctrl processed 4 events, duration: 184.708158896

eventTimeLatency_sink, p50: 173 ms, p90: 231 ms, p99: 289 ms
q4_maxBids_src processed: 106208, throughput: (event/s) 574.9980728892865
q4_maxBids_src_ctrl processed: 4, throughput: (event/s) 0.021655546583657974
q4_maxBids_src_data processed: 101080, throughput: (event/s) 547.235662169037
q4_maxBids_src_epoch processed: 5124, throughput: (event/s) 27.740755173665864
q4_maxBids_src_logEntry processed: 5124, throughput: (event/s) 27.740755173665864
sink processed: 101080, throughput: (event/s) 547.235662169037
q4Avg-0 duration: 184.710184273

eventTimeLatency_sink, p50: 172 ms, p90: 232 ms, p99: 293 ms
sink processed: 102943, throughput: (event/s) 557.320232771255
q4_maxBids_src processed: 108066, throughput: (event/s) 585.055499399264
q4_maxBids_src_ctrl processed: 4, throughput: (event/s) 0.0216554882904619
q4_maxBids_src_data processed: 102943, throughput: (event/s) 557.320232771255
q4_maxBids_src_epoch processed: 5119, throughput: (event/s) 27.71361113971862
q4_maxBids_src_logEntry processed: 5119, throughput: (event/s) 27.71361113971862
q4Avg-1 duration: 184.710681484

eventTimeLatency_sink, p50: 172 ms, p90: 230 ms, p99: 290 ms
q4_maxBids_src processed: 108979, throughput: (event/s) 589.9919566788344
q4_maxBids_src_ctrl processed: 4, throughput: (event/s) 0.021655253092020824
q4_maxBids_src_data processed: 103850, throughput: (event/s) 562.2245084015907
q4_maxBids_src_epoch processed: 5125, throughput: (event/s) 27.74579302415168
q4_maxBids_src_logEntry processed: 5125, throughput: (event/s) 27.74579302415168
sink processed: 103850, throughput: (event/s) 562.2245084015907
q4Avg-2 duration: 184.712687633

eventTimeLatency_sink, p50: 171 ms, p90: 231 ms, p99: 290 ms
q4_maxBids_src processed: 211093, throughput: (event/s) 1142.8059330962983
q4_maxBids_src_ctrl processed: 4, throughput: (event/s) 0.021655022821150834
q4_maxBids_src_data processed: 205954, throughput: (event/s) 1114.984642526825
q4_maxBids_src_epoch processed: 5135, throughput: (event/s) 27.799635546652386
q4_maxBids_src_logEntry processed: 5135, throughput: (event/s) 27.799635546652386
sink processed: 205954, throughput: (event/s) 1114.984642526825
q4Avg-3 duration: 184.714651794

sink processed 513827 events, duration: 184.714651794
q4_maxBids_src processed 534346 events, duration: 184.714651794
q4_maxBids_src_ctrl processed 16 events, duration: 184.714651794
q4_maxBids_src_data processed 513827 events, duration: 184.714651794
q4_maxBids_src_epoch processed 20503 events, duration: 184.714651794
q4_maxBids_src_logEntry processed 20503 events, duration: 184.714651794

nexmark_src_src_epoch processed: 0, throughput: (event/s) 0
nexmark_src_src_logEntry processed: 1765, throughput: (event/s) 9.803906916080553
aucsByIDSink processed: 10800, throughput: (event/s) 59.98991200774502
bidsByAucIDSink processed: 165600, throughput: (event/s) 919.8453174520904
nexmark_src_src processed: 180001, throughput: (event/s) 999.8374214172326
nexmark_src_src_ctrl processed: 1, throughput: (event/s) 0.0055546214821986135
nexmark_src_src_data processed: 180000, throughput: (event/s) 999.8318667957503
q46GroupBy-0 duration: 180.030269066

aucsByIDSink processed: 10800, throughput: (event/s) 59.986073710109586
bidsByAucIDSink processed: 165600, throughput: (event/s) 919.7864635550137
nexmark_src_src processed: 180001, throughput: (event/s) 999.7734494345774
nexmark_src_src_ctrl processed: 1, throughput: (event/s) 0.005554266084269406
nexmark_src_src_data processed: 180000, throughput: (event/s) 999.7678951684932
nexmark_src_src_epoch processed: 0, throughput: (event/s) 0
nexmark_src_src_logEntry processed: 1764, throughput: (event/s) 9.797725372651232
q46GroupBy-1 duration: 180.041788569

nexmark_src_src_epoch processed: 0, throughput: (event/s) 0
nexmark_src_src_logEntry processed: 1762, throughput: (event/s) 9.786642714002074
aucsByIDSink processed: 10800, throughput: (event/s) 59.98623229921816
bidsByAucIDSink processed: 165600, throughput: (event/s) 919.7888952546784
nexmark_src_src processed: 180001, throughput: (event/s) 999.776092601071
nexmark_src_src_ctrl processed: 1, throughput: (event/s) 0.005554280768446125
nexmark_src_src_data processed: 180000, throughput: (event/s) 999.7705383203026
q46GroupBy-2 duration: 180.041312582

nexmark_src_src_epoch processed: 0, throughput: (event/s) 0
nexmark_src_src_logEntry processed: 1764, throughput: (event/s) 9.798107357410602
aucsByIDSink processed: 10800, throughput: (event/s) 59.98841239230981
bidsByAucIDSink processed: 165600, throughput: (event/s) 919.8223233487504
nexmark_src_src processed: 180001, throughput: (event/s) 999.8124276877924
nexmark_src_src_ctrl processed: 1, throughput: (event/s) 0.005554482628917575
nexmark_src_src_data processed: 180000, throughput: (event/s) 999.8068732051635
q46GroupBy-3 duration: 180.034769538

aucsByIDSink processed 43200 events, duration: 180.041788569
bidsByAucIDSink processed 662400 events, duration: 180.041788569
nexmark_src_src processed 720004 events, duration: 180.041788569
nexmark_src_src_ctrl processed 4 events, duration: 180.041788569
nexmark_src_src_data processed 720000 events, duration: 180.041788569
nexmark_src_src_epoch processed 0 events, duration: 180.041788569
nexmark_src_src_logEntry processed 7055 events, duration: 180.041788569

bidsByAucIDSrc processed: 163502, throughput: (event/s) 905.5665257878361
bidsByAucIDSrc_data processed: 157411, throughput: (event/s) 871.8311237219671
bidsByAucIDSrc_logEntry processed: 6087, throughput: (event/s) 33.71324780412814
aucsByIDSrc_ctrl processed: 4, throughput: (event/s) 0.022154261740843197
aucsByIDSrc_logEntry processed: 5231, throughput: (event/s) 28.97223579158769
sink processed: 435603, throughput: (event/s) 2412.61571927413
aucsByIDSrc processed: 16135, throughput: (event/s) 89.36475329712624
aucsByIDSrc_epoch processed: 5231, throughput: (event/s) 28.97223579158769
bidsByAucIDSrc_ctrl processed: 4, throughput: (event/s) 0.022154261740843197
bidsByAucIDSrc_epoch processed: 6087, throughput: (event/s) 33.71324780412814
aucsByIDSrc_data processed: 10900, throughput: (event/s) 60.37036324379771
q4JoinStream-0 duration: 180.552168553

bidsByAucIDSrc processed: 149434, throughput: (event/s) 828.0720761599497
bidsByAucIDSrc_ctrl processed: 4, throughput: (event/s) 0.022165560077624897
bidsByAucIDSrc_logEntry processed: 6087, throughput: (event/s) 33.730441048125684
bidsByAucIDSrc_data processed: 143343, throughput: (event/s) 794.3194695517464
sink processed: 403108, throughput: (event/s) 2233.778647942804
aucsByIDSrc_data processed: 10704, throughput: (event/s) 59.31503876772422
aucsByIDSrc_logEntry processed: 5145, throughput: (event/s) 28.51045164984502
bidsByAucIDSrc_epoch processed: 6087, throughput: (event/s) 33.730441048125684
aucsByIDSrc processed: 15853, throughput: (event/s) 87.84765597764687
aucsByIDSrc_ctrl processed: 4, throughput: (event/s) 0.022165560077624897
aucsByIDSrc_epoch processed: 5145, throughput: (event/s) 28.51045164984502
q4JoinStream-1 duration: 180.460136626

bidsByAucIDSrc_data processed: 165511, throughput: (event/s) 911.126720234083
sink processed: 480310, throughput: (event/s) 2644.0736567094173
aucsByIDSrc_data processed: 10804, throughput: (event/s) 59.47528010470018
bidsByAucIDSrc processed: 171602, throughput: (event/s) 944.6572581013293
bidsByAucIDSrc_epoch processed: 6087, throughput: (event/s) 33.50851814118012
aucsByIDSrc_logEntry processed: 5168, throughput: (event/s) 28.44948607747969
bidsByAucIDSrc_logEntry processed: 6087, throughput: (event/s) 33.50851814118012
aucsByIDSrc_ctrl processed: 4, throughput: (event/s) 0.02201972606616075
aucsByIDSrc_epoch processed: 5168, throughput: (event/s) 28.44948607747969
aucsByIDSrc processed: 15976, throughput: (event/s) 87.94678590824604
bidsByAucIDSrc_ctrl processed: 4, throughput: (event/s) 0.02201972606616075
q4JoinStream-2 duration: 181.655302522

aucsByIDSrc_ctrl processed: 4, throughput: (event/s) 0.02165817630657698
aucsByIDSrc_data processed: 10792, throughput: (event/s) 58.43375967514469
aucsByIDSrc_logEntry processed: 5139, throughput: (event/s) 27.825342009874774
bidsByAucIDSrc_ctrl processed: 4, throughput: (event/s) 0.02165817630657698
bidsByAucIDSrc_logEntry processed: 6087, throughput: (event/s) 32.95832979453352
aucsByIDSrc_epoch processed: 5139, throughput: (event/s) 27.825342009874774
bidsByAucIDSrc_data processed: 196135, throughput: (event/s) 1061.981602472619
bidsByAucIDSrc_epoch processed: 6087, throughput: (event/s) 32.95832979453352
sink processed: 583262, throughput: (event/s) 3158.0978072316757
aucsByIDSrc processed: 15935, throughput: (event/s) 86.28075986132605
bidsByAucIDSrc processed: 202226, throughput: (event/s) 1094.961590443459
q4JoinStream-3 duration: 184.687756872

bidsByAucIDSrc processed 686764 events, duration: 184.687756872
bidsByAucIDSrc_data processed 662400 events, duration: 184.687756872
bidsByAucIDSrc_logEntry processed 24348 events, duration: 184.687756872
aucsByIDSrc_logEntry processed 20683 events, duration: 184.687756872
aucsByIDSrc processed 63899 events, duration: 184.687756872
bidsByAucIDSrc_epoch processed 24348 events, duration: 184.687756872
aucsByIDSrc_ctrl processed 16 events, duration: 184.687756872
sink processed 1902283 events, duration: 184.687756872
aucsByIDSrc_epoch processed 20683 events, duration: 184.687756872
bidsByAucIDSrc_ctrl processed 16 events, duration: 184.687756872
aucsByIDSrc_data processed 43200 events, duration: 184.687756872

