parallel restore str: , false
env str: , async2ndPhase: false
env str: , create snapshot: false
2024/03/03 10:44:52 [INFO] Load configuration for function scale[40]
2024/03/03 10:44:52 [INFO] Load configuration for function chkptmngr[50]
2024/03/03 10:44:52 [INFO] Load configuration for function redisSetup[70]
2024/03/03 10:44:52 [INFO] Load configuration for function source[20]
2024/03/03 10:44:52 [INFO] Load configuration for function query2[30]
2024/03/03 10:44:52 [INFO] Parse FAAS_ENGINE_ID: 2
2024/03/03 10:44:52 [INFO] Parse FAAS_ENGINE_ID: 2
2024/03/03 10:44:52 [INFO] Current GOMAXPROCS is 2
2024/03/03 10:44:52 [INFO] Parse FAAS_ENGINE_ID: 2
2024/03/03 10:44:52 [INFO] Current GOMAXPROCS is 3
2024/03/03 10:44:52 [INFO] Parse FAAS_ENGINE_ID: 2
2024/03/03 10:44:52 [INFO] Current GOMAXPROCS is 4
2024/03/03 10:44:52 [INFO] Start new FuncWorker with client id 3
2024/03/03 10:44:52 [INFO] Start new FuncWorker with client id 4
2024/03/03 10:44:52 [INFO] Start new FuncWorker with client id 5
2024/03/03 10:44:52 [INFO] Start new FuncWorker with client id 6
Enter nexmark: funcName: source
2024/03/03 10:44:52 [INFO] Handshake with engine done
Enter nexmark: funcName: source
Enter nexmark: funcName: source
2024/03/03 10:44:52 [INFO] Handshake with engine done
Enter nexmark: funcName: source
2024/03/03 10:44:52 [INFO] Handshake with engine done
2024/03/03 10:44:52 [INFO] Handshake with engine done
redis address is [snapcache-1:6666 snapcache-2:6666 snapcache-3:6666 snapcache-4:6666]
new buffered sink stream nexmark_src[0] with bufMaxSize 131072
new buffered sink stream nexmark_src[1] with bufMaxSize 131072
new buffered sink stream nexmark_src[2] with bufMaxSize 131072
new buffered sink stream nexmark_src[3] with bufMaxSize 131072
Generator config: 
	InterEventDelayUs: [62.5]
	EventPerEpoch    : 0
	MaxEvents        : 11520000
	FirstEventNumber : 1
	EpochPeriodMs    : 0
	StepLengthSec    : 5
	BaseTime         : 1709462821789
	FirstEventId     : 1
	TotalProportion  : 50
	BidProportion    : 46
	AuctionProportion: 3
	PersonProportion : 1
Nexmark config: 
	NumEvents            : 11520000
	NumEventGenerators   : 4
	RateShape            : 0
	FirstEventRate       : 64000
	NextEventRate        : 64000
	RateUnit             : 1000000
	RatePeriodSec        : 10
	PreloadSeconds       : 0
	StreamTimeout        : 240
	IsRateLimited        : false
	UseWallclockEventTime: false
	AvgPersonByteSize    : 200
	AvgAuctionByteSize   : 500
	AvgBidByteSize       : 100
	HotAuctionRatio      : 2
	HotSellersRatio      : 4
	HotBiddersRatio      : 4
	WindowSizeSec        : 10
	WindowPeriodSec      : 5
	WatermarkHoldbackSec : 0
	NumInFlightAuctions  : 100
	NumActivePeople      : 1000
	OccasionalDelaySec   : 3
	ProbDelayedEvent     : 0.1
	OutOfOrderGroupSize  : 1
Input config: 
	SrcTopicName   : nexmark_src
	AppId          : q2
	FinalOutTpNames: [q2_out]
	Duration(s)    : 180
	FlushMs        : 10
	BufMaxSize     : 131072
	CommitEveryMs  : 100
	WaitForEndMark : true
	SerdeFormat    : MSGP
	NumOutPartition: 4
	ParNum         : 0
	NumSrcInstance : 4
	Guarantee      : ALIGN_CHKPT
new buffered sink stream __control_log_q2[0] with bufMaxSize 131072
new buffered sink stream __control_log_q2[0] with bufMaxSize 131072
generate events to [0]
StartTs: 1709462821790
gen first chkpt
srcGen_0 stats (160006 samples): dur=10.002780647s, p50=7, p90=16, p99=1494
nexmark_src_bufEntry_0 stats (807 samples): dur=10.009943111s, p50=192, p90=208, p99=224
nexmark_src_bufSize_0 stats (807 samples): dur=10.009989669s, p50=50113, p90=54181, p99=58758
srcGen_0 stats (160026 samples): dur=10.002653695s, p50=6, p90=16, p99=1426
nexmark_src_bufEntry_0 stats (809 samples): dur=10.010832613s, p50=192, p90=208, p99=224
nexmark_src_bufSize_0 stats (809 samples): dur=10.010832942s, p50=50090, p90=54369, p99=58496
srcGen_0 stats (160032 samples): dur=10.003037607s, p50=6, p90=16, p99=1393
nexmark_src_bufEntry_0 stats (809 samples): dur=10.004252074s, p50=192, p90=208, p99=224
nexmark_src_bufSize_0 stats (809 samples): dur=10.004274472s, p50=50128, p90=54251, p99=58459
srcGen_0 stats (160064 samples): dur=10.002799703s, p50=6, p90=16, p99=1825
nexmark_src_bufEntry_0 stats (812 samples): dur=10.005448827s, p50=192, p90=208, p99=224
nexmark_src_bufSize_0 stats (812 samples): dur=10.005427763s, p50=50025, p90=54075, p99=58330
srcGen_0 stats (160048 samples): dur=10.004042191s, p50=7, p90=16, p99=1436
nexmark_src_bufEntry_0 stats (811 samples): dur=10.007885259s, p50=192, p90=208, p99=224
nexmark_src_bufSize_0 stats (811 samples): dur=10.007896716s, p50=49997, p90=54048, p99=58337
srcGen_0 stats (160064 samples): dur=10.002890941s, p50=6, p90=16, p99=1572
nexmark_src_bufEntry_0 stats (815 samples): dur=10.002097044s, p50=192, p90=208, p99=224
nexmark_src_bufSize_0 stats (815 samples): dur=10.002083775s, p50=49931, p90=54198, p99=57859
srcGen_0 stats (160048 samples): dur=10.003750673s, p50=7, p90=16, p99=1408
nexmark_src_bufEntry_0 stats (811 samples): dur=10.001691605s, p50=192, p90=208, p99=224
nexmark_src_bufSize_0 stats (811 samples): dur=10.001707514s, p50=50191, p90=54296, p99=57643
srcGen_0 stats (160064 samples): dur=10.003580348s, p50=7, p90=16, p99=1478
nexmark_src_bufEntry_0 stats (811 samples): dur=10.007191823s, p50=192, p90=208, p99=224
nexmark_src_bufSize_0 stats (811 samples): dur=10.007178057s, p50=50449, p90=54551, p99=58694
srcGen_0 stats (160060 samples): dur=10.002870805s, p50=7, p90=17, p99=1766
nexmark_src_bufEntry_0 stats (813 samples): dur=10.006620384s, p50=192, p90=208, p99=224
nexmark_src_bufSize_0 stats (813 samples): dur=10.006622664s, p50=50363, p90=54620, p99=58690
srcGen_0 stats (160036 samples): dur=10.003622036s, p50=7, p90=17, p99=1878
nexmark_src_bufEntry_0 stats (815 samples): dur=10.005032305s, p50=192, p90=208, p99=224
nexmark_src_bufSize_0 stats (815 samples): dur=10.005031448s, p50=50354, p90=54351, p99=58288
srcGen_0 stats (160048 samples): dur=10.00371777s, p50=7, p90=17, p99=1881
nexmark_src_bufEntry_0 stats (813 samples): dur=10.00815231s, p50=192, p90=208, p99=224
nexmark_src_bufSize_0 stats (813 samples): dur=10.00814898s, p50=50395, p90=54586, p99=58496
srcGen_0 stats (160064 samples): dur=10.002954839s, p50=7, p90=17, p99=1876
nexmark_src_bufEntry_0 stats (819 samples): dur=10.007509054s, p50=192, p90=208, p99=221
nexmark_src_bufSize_0 stats (819 samples): dur=10.007515587s, p50=50263, p90=54391, p99=56827
srcGen_0 stats (160064 samples): dur=10.005240425s, p50=7, p90=17, p99=1814
nexmark_src_bufEntry_0 stats (815 samples): dur=10.009392925s, p50=192, p90=208, p99=224
nexmark_src_bufSize_0 stats (815 samples): dur=10.009412475s, p50=50313, p90=54484, p99=57621
srcGen_0 stats (160080 samples): dur=10.003509879s, p50=7, p90=17, p99=1878
nexmark_src_bufEntry_0 stats (817 samples): dur=10.006205795s, p50=192, p90=208, p99=224
nexmark_src_bufSize_0 stats (817 samples): dur=10.006191249s, p50=50308, p90=54432, p99=57662
srcGen_0 stats (160064 samples): dur=10.003897886s, p50=7, p90=17, p99=1910
nexmark_src_bufEntry_0 stats (813 samples): dur=10.007107333s, p50=192, p90=208, p99=224
nexmark_src_bufSize_0 stats (813 samples): dur=10.007098017s, p50=50373, p90=54575, p99=58814
srcGen_0 stats (160064 samples): dur=10.004618533s, p50=7, p90=16, p99=1882
nexmark_src_bufEntry_0 stats (816 samples): dur=10.007178783s, p50=192, p90=208, p99=224
nexmark_src_bufSize_0 stats (816 samples): dur=10.007182039s, p50=50366, p90=54578, p99=58974
srcGen_0 stats (160064 samples): dur=10.003037225s, p50=7, p90=17, p99=1877
nexmark_src_bufEntry_0 stats (816 samples): dur=10.001637366s, p50=192, p90=208, p99=224
nexmark_src_bufSize_0 stats (816 samples): dur=10.00163903s, p50=50301, p90=54480, p99=57868
[0] chkmngr has terminated
generate stream end mark with tag: 404b3c06f60bdf00
[0] all stopped
