wait for last: true
warmup: 0
encoded json is {"sg":{"nexmark_src":4,"q1_out":4,"query1":4,"source":4},"aid":"q1","fns":["source","query1"],"epoch":1,"serdeFormat":1,"bs":true}, node constraint is 1
config: map[NodeConstraint:"1,2,3,4" NumInstance:4 OutputTopicName:["nexmark_src"] funcName:"source"]
config: map[InputTopicNames:["nexmark_src"] NodeConstraint:"5,6,7,8" NumInstance:4 NumSrcProducer:[1] OutputTopicName:["q1_out"] funcName:"query1"]
srcInvokeConfig: {TopicName:nexmark_src AppId:q1 NodeConstraint:1,2,3,4 ScaleEpoch:0 NumOutPartition:4 InstanceID:0 NumSrcInstance:4}
cliNodes: [0xc0000ce1a0]
inParamsMap: map[query1:[0xc0000b2b40 0xc0000b2be0 0xc0000b2c80 0xc0000b2d20]]
configScaleInput: {Config:map[nexmark_src:4 q1_out:4 query1:4 source:4] AppId:q1 FuncNames:[source query1] ScaleEpoch:0 SerdeFormat:1 Bootstrap:false}
func source url is http://ip-172-31-6-120.us-east-2.compute.internal:8080/function/source
src instance: 4
func source url is http://ip-172-31-6-120.us-east-2.compute.internal:8080/function/source
func source url is http://ip-172-31-6-120.us-east-2.compute.internal:8080/function/source
func source url is http://ip-172-31-6-120.us-east-2.compute.internal:8080/function/source
encoded json is {"topic_name":"nexmark_src","rate_shape":"square","aid":"q1","events_num":11520000,"rate_period":10000000000,"bid_avg_size":100,"first_event_rate":64000,"next_event_rate":64000,"person_avg_size":200,"auction_avg_size":500,"duration":180,"person_proportion":1,"auction_proportion":3,"bid_proportion":46,"bid_hot_ratio_auctions":2,"bid_hot_ratio_bidders":4,"auction_hot_ratio_sellers":4,"flushms":10,"rate_limited":false,"waitEnd":true,"serde_format":1,"numOutPar":4,"parNum":3,"nSrcIns":4}, node constraint is 1,2,3,4
encoded json is {"topic_name":"nexmark_src","rate_shape":"square","aid":"q1","events_num":11520000,"rate_period":10000000000,"bid_avg_size":100,"first_event_rate":64000,"next_event_rate":64000,"person_avg_size":200,"auction_avg_size":500,"duration":180,"person_proportion":1,"auction_proportion":3,"bid_proportion":46,"bid_hot_ratio_auctions":2,"bid_hot_ratio_bidders":4,"auction_hot_ratio_sellers":4,"flushms":10,"rate_limited":false,"waitEnd":true,"serde_format":1,"numOutPar":4,"parNum":1,"nSrcIns":4}, node constraint is 1,2,3,4
encoded json is {"topic_name":"nexmark_src","rate_shape":"square","aid":"q1","events_num":11520000,"rate_period":10000000000,"bid_avg_size":100,"first_event_rate":64000,"next_event_rate":64000,"person_avg_size":200,"auction_avg_size":500,"duration":180,"person_proportion":1,"auction_proportion":3,"bid_proportion":46,"bid_hot_ratio_auctions":2,"bid_hot_ratio_bidders":4,"auction_hot_ratio_sellers":4,"flushms":10,"rate_limited":false,"waitEnd":true,"serde_format":1,"numOutPar":4,"parNum":2,"nSrcIns":4}, node constraint is 1,2,3,4
encoded json is {"topic_name":"nexmark_src","rate_shape":"square","aid":"q1","events_num":11520000,"rate_period":10000000000,"bid_avg_size":100,"first_event_rate":64000,"next_event_rate":64000,"person_avg_size":200,"auction_avg_size":500,"duration":180,"person_proportion":1,"auction_proportion":3,"bid_proportion":46,"bid_hot_ratio_auctions":2,"bid_hot_ratio_bidders":4,"auction_hot_ratio_sellers":4,"flushms":10,"rate_limited":false,"waitEnd":true,"serde_format":1,"numOutPar":4,"nSrcIns":4}, node constraint is 1,2,3,4
Waiting for all client to return
func name is query1
func name is query1
func name is query1
func url is http://ip-172-31-6-120.us-east-2.compute.internal:8080/function/query1
func url is http://ip-172-31-6-120.us-east-2.compute.internal:8080/function/query1
func name is query1
func url is http://ip-172-31-6-120.us-east-2.compute.internal:8080/function/query1
func url is http://ip-172-31-6-120.us-east-2.compute.internal:8080/function/query1
encoded json is {"aid":"q1","numOutPartition":"BA==","numSubstreamProducer":"AQ==","outputTopicName":["q1_out"],"inputTopicName":["nexmark_src"],"commEveryMs":10,"flushMs":10,"duration":180,"epoch":1,"waitEnd":true,"numInPartition":4,"ParNum":2,"gua":3,"serdeFormat":1}, node constraint is 5,6,7,8
encoded json is {"aid":"q1","numOutPartition":"BA==","numSubstreamProducer":"AQ==","outputTopicName":["q1_out"],"inputTopicName":["nexmark_src"],"commEveryMs":10,"flushMs":10,"duration":180,"epoch":1,"waitEnd":true,"numInPartition":4,"gua":3,"serdeFormat":1}, node constraint is 5,6,7,8
encoded json is {"aid":"q1","numOutPartition":"BA==","numSubstreamProducer":"AQ==","outputTopicName":["q1_out"],"inputTopicName":["nexmark_src"],"commEveryMs":10,"flushMs":10,"duration":180,"epoch":1,"waitEnd":true,"numInPartition":4,"ParNum":1,"gua":3,"serdeFormat":1}, node constraint is 5,6,7,8
encoded json is {"aid":"q1","numOutPartition":"BA==","numSubstreamProducer":"AQ==","outputTopicName":["q1_out"],"inputTopicName":["nexmark_src"],"commEveryMs":10,"flushMs":10,"duration":180,"epoch":1,"waitEnd":true,"numInPartition":4,"ParNum":3,"gua":3,"serdeFormat":1}, node constraint is 5,6,7,8
source-0 invoke done
source-3 invoke done
source-1 invoke done
source-2 invoke done
query1-1 call done
query1-2 call done
query1-3 call done
query1-0 call done
sink processed: 2880001, throughput: (event/s) 15999.827490542111
sink_ctrl processed: 1, throughput: (event/s) 0.005555493727447356
source-0 duration: 180.002003253

sink processed: 2879997, throughput: (event/s) 15999.779682359836
sink_ctrl processed: 1, throughput: (event/s) 0.005555484843338322
source-1 duration: 180.002291105

sink processed: 2879994, throughput: (event/s) 15999.769011564655
sink_ctrl processed: 1, throughput: (event/s) 0.005555486925168822
source-2 duration: 180.002223652

sink processed: 2880001, throughput: (event/s) 15999.724833805683
sink_ctrl processed: 1, throughput: (event/s) 0.005555458082759583
source-3 duration: 180.003158174

sink processed 11519993 events, duration: 180.003158174, tp: 63998.838225
sink_ctrl processed 4 events, duration: 180.003158174, tp: 0.022222

eventTimeLatency_sink, p50: 11 ms, p90: 16 ms, p99: 19 ms
nexmark_src_src_epoch processed: 0, throughput: (event/s) 0
nexmark_src_src_logEntry processed: 14685, throughput: (event/s) 81.5786286453254
sink processed: 2649600, throughput: (event/s) 14719.151137804165
nexmark_src_src processed: 2880001, throughput: (event/s) 15999.082878935362
nexmark_src_src_ctrl processed: 1, throughput: (event/s) 0.00555523518184034
nexmark_src_src_data processed: 2880000, throughput: (event/s) 15999.07732370018
query1-0 duration: 180.010380707

eventTimeLatency_sink, p50: 11 ms, p90: 16 ms, p99: 19 ms
nexmark_src_src processed: 2879997, throughput: (event/s) 15998.930573481395
nexmark_src_src_ctrl processed: 1, throughput: (event/s) 0.0055551900135595265
nexmark_src_src_data processed: 2879996, throughput: (event/s) 15998.925018291382
nexmark_src_src_epoch processed: 0, throughput: (event/s) 0
nexmark_src_src_logEntry processed: 14674, throughput: (event/s) 81.51685825897249
sink processed: 2649598, throughput: (event/s) 14719.020349547294
query1-1 duration: 180.01184434

eventTimeLatency_sink, p50: 12 ms, p90: 18 ms, p99: 21 ms
nexmark_src_src_ctrl processed: 1, throughput: (event/s) 0.005555280154856578
nexmark_src_src_data processed: 2879993, throughput: (event/s) 15999.167959025863
nexmark_src_src_epoch processed: 0, throughput: (event/s) 0
nexmark_src_src_logEntry processed: 14508, throughput: (event/s) 80.59600448665924
sink processed: 2649595, throughput: (event/s) 14719.242521907216
nexmark_src_src processed: 2879994, throughput: (event/s) 15999.173514306016
query1-2 duration: 180.008923425

eventTimeLatency_sink, p50: 13 ms, p90: 19 ms, p99: 22 ms
sink processed: 2649600, throughput: (event/s) 14718.991851355175
nexmark_src_src processed: 2880001, throughput: (event/s) 15998.909741430689
nexmark_src_src_ctrl processed: 1, throughput: (event/s) 0.005555175064672092
nexmark_src_src_data processed: 2880000, throughput: (event/s) 15998.904186255626
nexmark_src_src_epoch processed: 0, throughput: (event/s) 0
nexmark_src_src_logEntry processed: 14508, throughput: (event/s) 80.59447983826271
query1-3 duration: 180.012328749

nexmark_src_src_ctrl processed 4 events, duration: 180.012328749
nexmark_src_src_data processed 11519989 events, duration: 180.012328749
nexmark_src_src_epoch processed 0 events, duration: 180.012328749
nexmark_src_src_logEntry processed 58375 events, duration: 180.012328749
sink processed 10598393 events, duration: 180.012328749
nexmark_src_src processed 11519993 events, duration: 180.012328749

