wait for last: true, sink max_buf_size: 131072
warmup: 0
config: map[NodeConstraint:"1,2,3,4" NumInstance:4 OutputTopicName:["nexmark_src"] funcName:"source"]
config: map[Final:true InputTopicNames:["nexmark_src"] NodeConstraint:"5,6,7,8" NumInstance:4 NumSrcProducer:[1] OutputTopicName:["q1_out"] funcName:"query1"]
srcInvokeConfig: &{FinalTpNames:[q1_out] TopicName:nexmark_src AppId:q1 NodeConstraint:1,2,3,4 AdditionalBytes:0 ScaleEpoch:0 NumOutPartition:4 InstanceID:0 NumSrcInstance:4}
cliNodes: [0xc0000c0120]
inParamsMap: map[query1:[0xc0000a2aa0 0xc0000a2b40 0xc0000a2be0 0xc0000a2c80]]
encoded json is {"sg":{"nexmark_src":4,"q1_out":4,"query1":4,"source":4},"aid":"q1","fns":["source","query1"],"bufMaxSize":131072,"epoch":1,"serdeFormat":1,"bs":true}, node constraint is 1
configScaleInput: &{Config:map[nexmark_src:4 q1_out:4 query1:4 source:4] AppId:q1 FuncNames:[source query1] BufMaxSize:131072 ScaleEpoch:0 SerdeFormat:1 Bootstrap:false}
encoded json is {"outTpNames":["q1_out"]}, node constraint is 1
redis_setup url is http://ip-172-31-15-150.us-east-2.compute.internal:8080/function/redisSetup
encoded json is {"srcTpName":"nexmark_src","outTpNames":["q1_out"],"numOutParts":"BA==","chkptEveryMs":100,"bufMaxSize":131072,"srcNumPart":4,"gua":4,"serde_format":1}, node constraint is 1
chkptmngr url is http://ip-172-31-15-150.us-east-2.compute.internal:8080/function/chkptmngr
func source url is http://ip-172-31-15-150.us-east-2.compute.internal:8080/function/source
func source url is http://ip-172-31-15-150.us-east-2.compute.internal:8080/function/source
func source url is http://ip-172-31-15-150.us-east-2.compute.internal:8080/function/source
func source url is http://ip-172-31-15-150.us-east-2.compute.internal:8080/function/source
src instance: 4
encoded json is {"topic_name":"nexmark_src","rate_shape":"square","aid":"q1","events_num":57600000,"rate_period":10000000000,"finOutTpNs":["q1_out"],"first_event_rate":320000,"next_event_rate":320000,"bid_avg_size":100,"person_avg_size":200,"auction_avg_size":500,"duration":180,"person_proportion":1,"auction_proportion":3,"bid_proportion":46,"bid_hot_ratio_auctions":2,"bid_hot_ratio_bidders":4,"auction_hot_ratio_sellers":4,"flushms":10,"bufMaxSize":131072,"commEveryMs":100,"rate_limited":false,"waitEnd":true,"serde_format":1,"numOutPar":4,"parNum":1,"nSrcIns":4,"gua":4}, node constraint is 1,2,3,4
encoded json is {"topic_name":"nexmark_src","rate_shape":"square","aid":"q1","events_num":57600000,"rate_period":10000000000,"finOutTpNs":["q1_out"],"first_event_rate":320000,"next_event_rate":320000,"bid_avg_size":100,"person_avg_size":200,"auction_avg_size":500,"duration":180,"person_proportion":1,"auction_proportion":3,"bid_proportion":46,"bid_hot_ratio_auctions":2,"bid_hot_ratio_bidders":4,"auction_hot_ratio_sellers":4,"flushms":10,"bufMaxSize":131072,"commEveryMs":100,"rate_limited":false,"waitEnd":true,"serde_format":1,"numOutPar":4,"parNum":2,"nSrcIns":4,"gua":4}, node constraint is 1,2,3,4
encoded json is {"topic_name":"nexmark_src","rate_shape":"square","aid":"q1","events_num":57600000,"rate_period":10000000000,"finOutTpNs":["q1_out"],"first_event_rate":320000,"next_event_rate":320000,"bid_avg_size":100,"person_avg_size":200,"auction_avg_size":500,"duration":180,"person_proportion":1,"auction_proportion":3,"bid_proportion":46,"bid_hot_ratio_auctions":2,"bid_hot_ratio_bidders":4,"auction_hot_ratio_sellers":4,"flushms":10,"bufMaxSize":131072,"commEveryMs":100,"rate_limited":false,"waitEnd":true,"serde_format":1,"numOutPar":4,"parNum":3,"nSrcIns":4,"gua":4}, node constraint is 1,2,3,4
encoded json is {"topic_name":"nexmark_src","rate_shape":"square","aid":"q1","events_num":57600000,"rate_period":10000000000,"finOutTpNs":["q1_out"],"first_event_rate":320000,"next_event_rate":320000,"bid_avg_size":100,"person_avg_size":200,"auction_avg_size":500,"duration":180,"person_proportion":1,"auction_proportion":3,"bid_proportion":46,"bid_hot_ratio_auctions":2,"bid_hot_ratio_bidders":4,"auction_hot_ratio_sellers":4,"flushms":10,"bufMaxSize":131072,"commEveryMs":100,"rate_limited":false,"waitEnd":true,"serde_format":1,"numOutPar":4,"nSrcIns":4,"gua":4}, node constraint is 1,2,3,4
Waiting for all client to return
func name is query1
func url is http://ip-172-31-15-150.us-east-2.compute.internal:8080/function/query1
func name is query1
func name is query1
func url is http://ip-172-31-15-150.us-east-2.compute.internal:8080/function/query1
func url is http://ip-172-31-15-150.us-east-2.compute.internal:8080/function/query1
func name is query1
func url is http://ip-172-31-15-150.us-east-2.compute.internal:8080/function/query1
encoded json is {"aid":"q1","numOutPartition":"BA==","numSubstreamProducer":"AQ==","outputTopicName":["q1_out"],"inputTopicName":["nexmark_src"],"commEveryMs":100,"flushMs":100,"duration":180,"bufMaxSize":131072,"epoch":1,"waitEnd":true,"numInPartition":4,"ParNum":3,"gua":4,"serdeFormat":1}, node constraint is 5,6,7,8
encoded json is {"aid":"q1","numOutPartition":"BA==","numSubstreamProducer":"AQ==","outputTopicName":["q1_out"],"inputTopicName":["nexmark_src"],"commEveryMs":100,"flushMs":100,"duration":180,"bufMaxSize":131072,"epoch":1,"waitEnd":true,"numInPartition":4,"ParNum":2,"gua":4,"serdeFormat":1}, node constraint is 5,6,7,8
encoded json is {"aid":"q1","numOutPartition":"BA==","numSubstreamProducer":"AQ==","outputTopicName":["q1_out"],"inputTopicName":["nexmark_src"],"commEveryMs":100,"flushMs":100,"duration":180,"bufMaxSize":131072,"epoch":1,"waitEnd":true,"numInPartition":4,"ParNum":1,"gua":4,"serdeFormat":1}, node constraint is 5,6,7,8
encoded json is {"aid":"q1","numOutPartition":"BA==","numSubstreamProducer":"AQ==","outputTopicName":["q1_out"],"inputTopicName":["nexmark_src"],"commEveryMs":100,"flushMs":100,"duration":180,"bufMaxSize":131072,"epoch":1,"waitEnd":true,"numInPartition":4,"gua":4,"serdeFormat":1}, node constraint is 5,6,7,8
source-3 invoke done
source-1 invoke done
source-0 invoke done
source-2 invoke done
query1-3 call done
query1-2 call done
query1-0 call done
query1-1 call done
sink processed: 14399993, throughput: (event/s) 79973.88278622292
sink_ctrl processed: 2, throughput: (event/s) 0.011107489119782618
source-0 duration: 180.058695393

sink processed: 14400002, throughput: (event/s) 79973.92965373406
sink_ctrl processed: 2, throughput: (event/s) 0.011107488686978523
source-1 duration: 180.058702409

sink processed: 14399980, throughput: (event/s) 79973.95856175841
sink_ctrl processed: 2, throughput: (event/s) 0.011107509671785434
source-2 duration: 180.058362234

sink processed: 14399987, throughput: (event/s) 79974.06614370074
sink_ctrl processed: 2, throughput: (event/s) 0.011107519214246615
source-3 duration: 180.058207546

sink processed 57599962 events, duration: 180.058702409, tp: 319895.463143
sink_ctrl processed 8 events, duration: 180.058702409, tp: 0.044430

eventTimeLatency_sink, p50: 9 ms, p90: 15 ms, p99: 67 ms
nexmark_src_src_epoch processed: 0, throughput: (event/s) 0
nexmark_src_src_logEntry processed: 35590, throughput: (event/s) 197.5129392268881
sink processed: 13247993, throughput: (event/s) 73522.05777710702
nexmark_src_src processed: 14401563, throughput: (event/s) 79923.99656058445
nexmark_src_src_ctrl processed: 1572, throughput: (event/s) 8.724089363997418
nexmark_src_src_data processed: 14399991, throughput: (event/s) 79915.27247122045
query1-0 duration: 180.190726437

eventTimeLatency_sink, p50: 9 ms, p90: 16 ms, p99: 71 ms
nexmark_src_src_ctrl processed: 1572, throughput: (event/s) 8.724166918086247
nexmark_src_src_data processed: 14400000, throughput: (event/s) 79916.03283743127
nexmark_src_src_epoch processed: 0, throughput: (event/s) 0
nexmark_src_src_logEntry processed: 36524, throughput: (event/s) 202.69813773294027
sink processed: 13248000, throughput: (event/s) 73522.75021043677
nexmark_src_src processed: 14401572, throughput: (event/s) 79924.75700434936
query1-1 duration: 180.189124619

eventTimeLatency_sink, p50: 9 ms, p90: 14 ms, p99: 74 ms
nexmark_src_src_ctrl processed: 1572, throughput: (event/s) 8.724332033759511
nexmark_src_src_data processed: 14399978, throughput: (event/s) 79917.42325116553
nexmark_src_src_epoch processed: 0, throughput: (event/s) 0
nexmark_src_src_logEntry processed: 37548, throughput: (event/s) 208.38499949338555
sink processed: 13247980, throughput: (event/s) 73524.03072303138
nexmark_src_src processed: 14401550, throughput: (event/s) 79926.14758319929
query1-2 duration: 180.185714381

eventTimeLatency_sink, p50: 9 ms, p90: 13 ms, p99: 66 ms
nexmark_src_src processed: 14401557, throughput: (event/s) 79930.83873039407
nexmark_src_src_ctrl processed: 1572, throughput: (event/s) 8.724839854758724
nexmark_src_src_data processed: 14399985, throughput: (event/s) 79922.1138905393
nexmark_src_src_epoch processed: 0, throughput: (event/s) 0
nexmark_src_src_logEntry processed: 35229, throughput: (event/s) 195.5263252183811
sink processed: 13247987, throughput: (event/s) 73528.34921941822
query1-3 duration: 180.175226843

nexmark_src_src processed 57606242 events, duration: 180.190726437
nexmark_src_src_ctrl processed 6288 events, duration: 180.190726437
nexmark_src_src_data processed 57599954 events, duration: 180.190726437
nexmark_src_src_epoch processed 0 events, duration: 180.190726437
nexmark_src_src_logEntry processed 144891 events, duration: 180.190726437
sink processed 52991960 events, duration: 180.190726437

