wait for last: true
warmup: 0
config: map[NodeConstraint:"1,2,3,4" NumInstance:4 OutputTopicName:["nexmark_src"] funcName:"source"]
config: map[InputTopicNames:["nexmark_src"] NodeConstraint:"5,6,7,8" NumInstance:4 NumSrcProducer:[1] OutputTopicName:["q46_aucsByID","q46_bidsByAucID"] funcName:"q46GroupBy"]
config: map[InputTopicNames:["q46_aucsByID","q46_bidsByAucID"] NodeConstraint:"5,6,7,8" NumInstance:4 NumSrcProducer:[4,4] OutputTopicName:["q4_aucIDCat"] funcName:"q4JoinStream"]
config: map[InputTopicNames:["q4_aucIDCat"] NodeConstraint:"5,6,7,8" NumInstance:4 NumSrcProducer:[1] OutputTopicName:["q4_maxBids"] funcName:"q4MaxBid"]
config: map[InputTopicNames:["q4_maxBids"] NodeConstraint:"5,6,7,8" NumInstance:4 NumSrcProducer:[4] OutputTopicName:["q4_out"] funcName:"q4Avg"]
srcInvokeConfig: {TopicName:nexmark_src AppId:q4 NodeConstraint:1,2,3,4 ScaleEpoch:0 NumOutPartition:4 InstanceID:0 NumSrcInstance:4}
cliNodes: [0xc0000ce220 0xc0000ce280 0xc0000ce2c0 0xc0000ce320]
inParamsMap: map[q46GroupBy:[0xc0000b2b40 0xc0000b2be0 0xc0000b2c80 0xc0000b2d20] q4Avg:[0xc0000b32c0 0xc0000b3360 0xc0000b3400 0xc0000b34a0] q4JoinStream:[0xc0000b2dc0 0xc0000b2e60 0xc0000b2f00 0xc0000b2fa0] q4MaxBid:[0xc0000b3040 0xc0000b30e0 0xc0000b3180 0xc0000b3220]]
configScaleInput: {Config:map[changelog:4 nexmark_src:4 q46GroupBy:4 q46_aucsByID:4 q46_bidsByAucID:4 q4Avg:4 q4JoinStream:4 q4MaxBid:4 q4_aucIDCat:4 q4_maxBids:4 q4_out:4 source:4] AppId:q4 FuncNames:[source q46GroupBy q4JoinStream q4MaxBid q4Avg] ScaleEpoch:0 SerdeFormat:1 Bootstrap:false}
encoded json is {"sg":{"changelog":4,"nexmark_src":4,"q46GroupBy":4,"q46_aucsByID":4,"q46_bidsByAucID":4,"q4Avg":4,"q4JoinStream":4,"q4MaxBid":4,"q4_aucIDCat":4,"q4_maxBids":4,"q4_out":4,"source":4},"aid":"q4","fns":["source","q46GroupBy","q4JoinStream","q4MaxBid","q4Avg"],"epoch":1,"serdeFormat":1,"bs":true}, node constraint is 1
func source url is http://ip-172-31-0-177.us-east-2.compute.internal:8080/function/source
func source url is http://ip-172-31-0-177.us-east-2.compute.internal:8080/function/source
func source url is http://ip-172-31-0-177.us-east-2.compute.internal:8080/function/source
func source url is http://ip-172-31-0-177.us-east-2.compute.internal:8080/function/source
src instance: 4
encoded json is {"topic_name":"nexmark_src","rate_shape":"square","aid":"q4","events_num":1260000,"rate_period":10000000000,"bid_avg_size":100,"first_event_rate":7000,"next_event_rate":7000,"person_avg_size":200,"auction_avg_size":500,"duration":180,"person_proportion":1,"auction_proportion":3,"bid_proportion":46,"bid_hot_ratio_auctions":2,"bid_hot_ratio_bidders":4,"auction_hot_ratio_sellers":4,"flushms":100,"rate_limited":false,"waitEnd":true,"serde_format":1,"numOutPar":4,"parNum":2,"nSrcIns":4}, node constraint is 1,2,3,4
encoded json is {"topic_name":"nexmark_src","rate_shape":"square","aid":"q4","events_num":1260000,"rate_period":10000000000,"bid_avg_size":100,"first_event_rate":7000,"next_event_rate":7000,"person_avg_size":200,"auction_avg_size":500,"duration":180,"person_proportion":1,"auction_proportion":3,"bid_proportion":46,"bid_hot_ratio_auctions":2,"bid_hot_ratio_bidders":4,"auction_hot_ratio_sellers":4,"flushms":100,"rate_limited":false,"waitEnd":true,"serde_format":1,"numOutPar":4,"parNum":3,"nSrcIns":4}, node constraint is 1,2,3,4
encoded json is {"topic_name":"nexmark_src","rate_shape":"square","aid":"q4","events_num":1260000,"rate_period":10000000000,"bid_avg_size":100,"first_event_rate":7000,"next_event_rate":7000,"person_avg_size":200,"auction_avg_size":500,"duration":180,"person_proportion":1,"auction_proportion":3,"bid_proportion":46,"bid_hot_ratio_auctions":2,"bid_hot_ratio_bidders":4,"auction_hot_ratio_sellers":4,"flushms":100,"rate_limited":false,"waitEnd":true,"serde_format":1,"numOutPar":4,"nSrcIns":4}, node constraint is 1,2,3,4
encoded json is {"topic_name":"nexmark_src","rate_shape":"square","aid":"q4","events_num":1260000,"rate_period":10000000000,"bid_avg_size":100,"first_event_rate":7000,"next_event_rate":7000,"person_avg_size":200,"auction_avg_size":500,"duration":180,"person_proportion":1,"auction_proportion":3,"bid_proportion":46,"bid_hot_ratio_auctions":2,"bid_hot_ratio_bidders":4,"auction_hot_ratio_sellers":4,"flushms":100,"rate_limited":false,"waitEnd":true,"serde_format":1,"numOutPar":4,"parNum":1,"nSrcIns":4}, node constraint is 1,2,3,4
func name is q46GroupBy
func name is q46GroupBy
func url is http://ip-172-31-0-177.us-east-2.compute.internal:8080/function/q46GroupBy
func name is q4JoinStream
func url is http://ip-172-31-0-177.us-east-2.compute.internal:8080/function/q4JoinStream
Waiting for all client to return
func name is q46GroupBy
func url is http://ip-172-31-0-177.us-east-2.compute.internal:8080/function/q46GroupBy
func name is q4Avg
func name is q46GroupBy
func url is http://ip-172-31-0-177.us-east-2.compute.internal:8080/function/q46GroupBy
func url is http://ip-172-31-0-177.us-east-2.compute.internal:8080/function/q4Avg
func name is q4JoinStream
func url is http://ip-172-31-0-177.us-east-2.compute.internal:8080/function/q4JoinStream
func name is q4MaxBid
func url is http://ip-172-31-0-177.us-east-2.compute.internal:8080/function/q4MaxBid
func name is q4JoinStream
func name is q4MaxBid
func url is http://ip-172-31-0-177.us-east-2.compute.internal:8080/function/q4MaxBid
func url is http://ip-172-31-0-177.us-east-2.compute.internal:8080/function/q4JoinStream
func name is q4JoinStream
func name is q4Avg
func url is http://ip-172-31-0-177.us-east-2.compute.internal:8080/function/q4Avg
func name is q4MaxBid
func url is http://ip-172-31-0-177.us-east-2.compute.internal:8080/function/q4MaxBid
func url is http://ip-172-31-0-177.us-east-2.compute.internal:8080/function/q4JoinStream
func name is q4Avg
func url is http://ip-172-31-0-177.us-east-2.compute.internal:8080/function/q4Avg
func name is q4Avg
func url is http://ip-172-31-0-177.us-east-2.compute.internal:8080/function/q4Avg
func name is q4MaxBid
func url is http://ip-172-31-0-177.us-east-2.compute.internal:8080/function/q4MaxBid
encoded json is {"aid":"q4","numOutPartition":"BAQ=","numSubstreamProducer":"AQ==","outputTopicName":["q46_aucsByID","q46_bidsByAucID"],"inputTopicName":["nexmark_src"],"commEveryMs":100,"flushMs":100,"snapEveryS":10,"duration":180,"epoch":1,"waitEnd":true,"numChangelogPartition":4,"numInPartition":4,"ParNum":1,"gua":3,"serdeFormat":1}, node constraint is 5,6,7,8
func url is http://ip-172-31-0-177.us-east-2.compute.internal:8080/function/q46GroupBy
encoded json is {"aid":"q4","numOutPartition":"BAQ=","numSubstreamProducer":"AQ==","outputTopicName":["q46_aucsByID","q46_bidsByAucID"],"inputTopicName":["nexmark_src"],"commEveryMs":100,"flushMs":100,"snapEveryS":10,"duration":180,"epoch":1,"waitEnd":true,"numChangelogPartition":4,"numInPartition":4,"gua":3,"serdeFormat":1}, node constraint is 5,6,7,8
encoded json is {"aid":"q4","numOutPartition":"BA==","numSubstreamProducer":"AQ==","outputTopicName":["q4_maxBids"],"inputTopicName":["q4_aucIDCat"],"commEveryMs":100,"flushMs":100,"snapEveryS":10,"duration":180,"epoch":1,"waitEnd":true,"numChangelogPartition":4,"numInPartition":4,"ParNum":1,"gua":3,"serdeFormat":1}, node constraint is 5,6,7,8
encoded json is {"aid":"q4","numOutPartition":"BA==","numSubstreamProducer":"BAQ=","outputTopicName":["q4_aucIDCat"],"inputTopicName":["q46_aucsByID","q46_bidsByAucID"],"commEveryMs":100,"flushMs":100,"snapEveryS":10,"duration":180,"epoch":1,"waitEnd":true,"numChangelogPartition":4,"numInPartition":4,"gua":3,"serdeFormat":1}, node constraint is 5,6,7,8
encoded json is {"aid":"q4","numOutPartition":"BA==","numSubstreamProducer":"BAQ=","outputTopicName":["q4_aucIDCat"],"inputTopicName":["q46_aucsByID","q46_bidsByAucID"],"commEveryMs":100,"flushMs":100,"snapEveryS":10,"duration":180,"epoch":1,"waitEnd":true,"numChangelogPartition":4,"numInPartition":4,"ParNum":2,"gua":3,"serdeFormat":1}, node constraint is 5,6,7,8
encoded json is {"aid":"q4","numOutPartition":"BA==","numSubstreamProducer":"BAQ=","outputTopicName":["q4_aucIDCat"],"inputTopicName":["q46_aucsByID","q46_bidsByAucID"],"commEveryMs":100,"flushMs":100,"snapEveryS":10,"duration":180,"epoch":1,"waitEnd":true,"numChangelogPartition":4,"numInPartition":4,"ParNum":1,"gua":3,"serdeFormat":1}, node constraint is 5,6,7,8
encoded json is {"aid":"q4","numOutPartition":"BAQ=","numSubstreamProducer":"AQ==","outputTopicName":["q46_aucsByID","q46_bidsByAucID"],"inputTopicName":["nexmark_src"],"commEveryMs":100,"flushMs":100,"snapEveryS":10,"duration":180,"epoch":1,"waitEnd":true,"numChangelogPartition":4,"numInPartition":4,"ParNum":2,"gua":3,"serdeFormat":1}, node constraint is 5,6,7,8
encoded json is {"aid":"q4","numOutPartition":"BA==","numSubstreamProducer":"BA==","outputTopicName":["q4_out"],"inputTopicName":["q4_maxBids"],"commEveryMs":100,"flushMs":100,"snapEveryS":10,"duration":180,"epoch":1,"waitEnd":true,"numChangelogPartition":4,"numInPartition":4,"ParNum":1,"gua":3,"serdeFormat":1}, node constraint is 5,6,7,8
encoded json is {"aid":"q4","numOutPartition":"BA==","numSubstreamProducer":"BA==","outputTopicName":["q4_out"],"inputTopicName":["q4_maxBids"],"commEveryMs":100,"flushMs":100,"snapEveryS":10,"duration":180,"epoch":1,"waitEnd":true,"numChangelogPartition":4,"numInPartition":4,"gua":3,"serdeFormat":1}, node constraint is 5,6,7,8
encoded json is {"aid":"q4","numOutPartition":"BA==","numSubstreamProducer":"BA==","outputTopicName":["q4_out"],"inputTopicName":["q4_maxBids"],"commEveryMs":100,"flushMs":100,"snapEveryS":10,"duration":180,"epoch":1,"waitEnd":true,"numChangelogPartition":4,"numInPartition":4,"ParNum":3,"gua":3,"serdeFormat":1}, node constraint is 5,6,7,8
encoded json is {"aid":"q4","numOutPartition":"BA==","numSubstreamProducer":"BA==","outputTopicName":["q4_out"],"inputTopicName":["q4_maxBids"],"commEveryMs":100,"flushMs":100,"snapEveryS":10,"duration":180,"epoch":1,"waitEnd":true,"numChangelogPartition":4,"numInPartition":4,"ParNum":2,"gua":3,"serdeFormat":1}, node constraint is 5,6,7,8
encoded json is {"aid":"q4","numOutPartition":"BA==","numSubstreamProducer":"BAQ=","outputTopicName":["q4_aucIDCat"],"inputTopicName":["q46_aucsByID","q46_bidsByAucID"],"commEveryMs":100,"flushMs":100,"snapEveryS":10,"duration":180,"epoch":1,"waitEnd":true,"numChangelogPartition":4,"numInPartition":4,"ParNum":3,"gua":3,"serdeFormat":1}, node constraint is 5,6,7,8
encoded json is {"aid":"q4","numOutPartition":"BA==","numSubstreamProducer":"AQ==","outputTopicName":["q4_maxBids"],"inputTopicName":["q4_aucIDCat"],"commEveryMs":100,"flushMs":100,"snapEveryS":10,"duration":180,"epoch":1,"waitEnd":true,"numChangelogPartition":4,"numInPartition":4,"ParNum":2,"gua":3,"serdeFormat":1}, node constraint is 5,6,7,8
encoded json is {"aid":"q4","numOutPartition":"BA==","numSubstreamProducer":"AQ==","outputTopicName":["q4_maxBids"],"inputTopicName":["q4_aucIDCat"],"commEveryMs":100,"flushMs":100,"snapEveryS":10,"duration":180,"epoch":1,"waitEnd":true,"numChangelogPartition":4,"numInPartition":4,"ParNum":3,"gua":3,"serdeFormat":1}, node constraint is 5,6,7,8
encoded json is {"aid":"q4","numOutPartition":"BA==","numSubstreamProducer":"AQ==","outputTopicName":["q4_maxBids"],"inputTopicName":["q4_aucIDCat"],"commEveryMs":100,"flushMs":100,"snapEveryS":10,"duration":180,"epoch":1,"waitEnd":true,"numChangelogPartition":4,"numInPartition":4,"gua":3,"serdeFormat":1}, node constraint is 5,6,7,8
encoded json is {"aid":"q4","numOutPartition":"BAQ=","numSubstreamProducer":"AQ==","outputTopicName":["q46_aucsByID","q46_bidsByAucID"],"inputTopicName":["nexmark_src"],"commEveryMs":100,"flushMs":100,"snapEveryS":10,"duration":180,"epoch":1,"waitEnd":true,"numChangelogPartition":4,"numInPartition":4,"ParNum":3,"gua":3,"serdeFormat":1}, node constraint is 5,6,7,8
source-2 invoke done
source-1 invoke done
source-3 invoke done
source-0 invoke done
q46GroupBy-2 call done
q46GroupBy-1 call done
q46GroupBy-3 call done
q46GroupBy-0 call done
q4JoinStream-0 call done
q4MaxBid-0 call done
q4JoinStream-1 call done
q4MaxBid-1 call done
q4JoinStream-3 call done
q4MaxBid-3 call done
q4JoinStream-2 call done
q4MaxBid-2 call done
q4Avg-0 call done
q4Avg-1 call done
q4Avg-2 call done
q4Avg-3 call done
sink processed: 315001, throughput: (event/s) 1749.9829327386917
sink_ctrl processed: 1, throughput: (event/s) 0.005555483737317316
source-0 duration: 180.002326941

sink processed: 315001, throughput: (event/s) 1749.9851892473673
sink_ctrl processed: 1, throughput: (event/s) 0.005555490900814179
source-1 duration: 180.002094838

sink processed: 315001, throughput: (event/s) 1749.9741593274955
sink_ctrl processed: 1, throughput: (event/s) 0.005555455885306699
source-2 duration: 180.003229374

sink processed: 315001, throughput: (event/s) 1749.984526710936
sink_ctrl processed: 1, throughput: (event/s) 0.005555488797530599
source-3 duration: 180.002162986

sink_ctrl processed 4 events, duration: 180.003229374, tp: 0.022222
sink processed 1260004 events, duration: 180.003229374, tp: 6999.896637

q4_aucIDCat_src_ctrl processed: 1, throughput: (event/s) 0.003941765756766495
q4_aucIDCat_src_data processed: 785561, throughput: (event/s) 3096.497449651244
q4_aucIDCat_src_epoch processed: 1256, throughput: (event/s) 4.950857790498717
q4_aucIDCat_src_logEntry processed: 1627, throughput: (event/s) 6.4132528862590865
sink processed: 95113, throughput: (event/s) 374.9131664233316
q4_aucIDCat_src processed: 786818, throughput: (event/s) 3101.4522492075
q4MaxBid-0 duration: 253.69341095

q4_aucIDCat_src_data processed: 755434, throughput: (event/s) 2755.3279837483165
q4_aucIDCat_src_epoch processed: 1365, throughput: (event/s) 4.9786251318003325
q4_aucIDCat_src_logEntry processed: 1728, throughput: (event/s) 6.302611155861519
sink processed: 78790, throughput: (event/s) 287.37426676523677
q4_aucIDCat_src processed: 756800, throughput: (event/s) 2760.310256224536
q4_aucIDCat_src_ctrl processed: 1, throughput: (event/s) 0.0036473444189013423
q4MaxBid-1 duration: 274.172078408

q4_aucIDCat_src_epoch processed: 1398, throughput: (event/s) 4.8088138096659
q4_aucIDCat_src_logEntry processed: 1881, throughput: (event/s) 6.470228022876651
sink processed: 72475, throughput: (event/s) 249.29812650610597
q4_aucIDCat_src processed: 868945, throughput: (event/s) 2988.9804834335737
q4_aucIDCat_src_ctrl processed: 1, throughput: (event/s) 0.0034397809797324036
q4_aucIDCat_src_data processed: 867546, throughput: (event/s) 2984.1682298429278
q4MaxBid-2 duration: 290.716183935

sink processed: 96811, throughput: (event/s) 335.87884241001734
q4_aucIDCat_src processed: 918262, throughput: (event/s) 3185.8443522854564
q4_aucIDCat_src_ctrl processed: 1, throughput: (event/s) 0.0034694284989310853
q4_aucIDCat_src_data processed: 916918, throughput: (event/s) 3181.181440382893
q4_aucIDCat_src_epoch processed: 1343, throughput: (event/s) 4.659442474064448
q4_aucIDCat_src_logEntry processed: 1846, throughput: (event/s) 6.404565009026784
q4MaxBid-3 duration: 288.231909177

q4_aucIDCat_src_ctrl processed 4 events, duration: 290.716183935
q4_aucIDCat_src_data processed 3325459 events, duration: 290.716183935
q4_aucIDCat_src_epoch processed 5362 events, duration: 290.716183935
q4_aucIDCat_src_logEntry processed 7082 events, duration: 290.716183935
sink processed 343189 events, duration: 290.716183935
q4_aucIDCat_src processed 3330825 events, duration: 290.716183935

eventTimeLatency_sink, p50: 201 ms, p90: 5673 ms, p99: 85603 ms
q4_maxBids_src_logEntry processed: 5506, throughput: (event/s) 18.939318277574166
sink processed: 67337, throughput: (event/s) 231.62311566600283
q4_maxBids_src processed: 72847, throughput: (event/s) 250.57619298337184
q4_maxBids_src_ctrl processed: 4, throughput: (event/s) 0.013759039794823224
q4_maxBids_src_data processed: 67337, throughput: (event/s) 231.62311566600283
q4_maxBids_src_epoch processed: 5506, throughput: (event/s) 18.939318277574166
q4Avg-0 duration: 290.717961402

eventTimeLatency_sink, p50: 200 ms, p90: 4197 ms, p99: 83694 ms
q4_maxBids_src processed: 74438, throughput: (event/s) 256.0467001971511
q4_maxBids_src_ctrl processed: 4, throughput: (event/s) 0.013758924215973085
q4_maxBids_src_data processed: 68914, throughput: (event/s) 237.04562585489228
q4_maxBids_src_epoch processed: 5520, throughput: (event/s) 18.987315418042858
q4_maxBids_src_logEntry processed: 5520, throughput: (event/s) 18.987315418042858
sink processed: 68914, throughput: (event/s) 237.04562585489228
q4Avg-1 duration: 290.720403515

eventTimeLatency_sink, p50: 200 ms, p90: 3700 ms, p99: 84373 ms
q4_maxBids_src_epoch processed: 5524, throughput: (event/s) 19.001086197202536
q4_maxBids_src_logEntry processed: 5524, throughput: (event/s) 19.001086197202536
sink processed: 69188, throughput: (event/s) 237.98826064664175
q4_maxBids_src processed: 74716, throughput: (event/s) 257.0031057766446
q4_maxBids_src_ctrl processed: 4, throughput: (event/s) 0.01375893280029148
q4_maxBids_src_data processed: 69188, throughput: (event/s) 237.98826064664175
q4Avg-2 duration: 290.720222132

eventTimeLatency_sink, p50: 200 ms, p90: 3435 ms, p99: 82745 ms
q4_maxBids_src processed: 143541, throughput: (event/s) 493.7407199722399
q4_maxBids_src_ctrl processed: 4, throughput: (event/s) 0.013758876417810659
q4_maxBids_src_data processed: 137750, throughput: (event/s) 473.82130663835454
q4_maxBids_src_epoch processed: 5787, throughput: (event/s) 19.90565445746757
q4_maxBids_src_logEntry processed: 5787, throughput: (event/s) 19.90565445746757
sink processed: 137750, throughput: (event/s) 473.82130663835454
q4Avg-3 duration: 290.721413474

q4_maxBids_src processed 365542 events, duration: 290.721413474
q4_maxBids_src_ctrl processed 16 events, duration: 290.721413474
q4_maxBids_src_data processed 343189 events, duration: 290.721413474
q4_maxBids_src_epoch processed 22337 events, duration: 290.721413474
q4_maxBids_src_logEntry processed 22337 events, duration: 290.721413474
sink processed 343189 events, duration: 290.721413474

nexmark_src_src processed: 315001, throughput: (event/s) 1749.4791253902674
nexmark_src_src_ctrl processed: 1, throughput: (event/s) 0.0055538843539870274
nexmark_src_src_data processed: 315000, throughput: (event/s) 1749.4735715059135
nexmark_src_src_epoch processed: 0, throughput: (event/s) 0
nexmark_src_src_logEntry processed: 1758, throughput: (event/s) 9.763728694309194
aucsByIDSink processed: 18900, throughput: (event/s) 104.96841429035481
bidsByAucIDSink processed: 289800, throughput: (event/s) 1609.5156857854404
q46GroupBy-0 duration: 180.054163224

nexmark_src_src_ctrl processed: 1, throughput: (event/s) 0.005554594519639167
nexmark_src_src_data processed: 315000, throughput: (event/s) 1749.6972736863377
nexmark_src_src_epoch processed: 0, throughput: (event/s) 0
nexmark_src_src_logEntry processed: 1764, throughput: (event/s) 9.79830473264349
aucsByIDSink processed: 18900, throughput: (event/s) 104.98183642118026
bidsByAucIDSink processed: 289800, throughput: (event/s) 1609.7214917914305
nexmark_src_src processed: 315001, throughput: (event/s) 1749.7028282808571
q46GroupBy-1 duration: 180.031142951

bidsByAucIDSink processed: 289800, throughput: (event/s) 1609.733834552677
nexmark_src_src processed: 315001, throughput: (event/s) 1749.7162443682812
nexmark_src_src_ctrl processed: 1, throughput: (event/s) 0.005554637110257685
nexmark_src_src_data processed: 315000, throughput: (event/s) 1749.7106897311708
nexmark_src_src_epoch processed: 0, throughput: (event/s) 0
nexmark_src_src_logEntry processed: 1759, throughput: (event/s) 9.770606676943268
aucsByIDSink processed: 18900, throughput: (event/s) 104.98264138387025
q46GroupBy-2 duration: 180.029762548

bidsByAucIDSink processed: 289800, throughput: (event/s) 1609.6508834279837
nexmark_src_src processed: 315001, throughput: (event/s) 1749.626079816074
nexmark_src_src_ctrl processed: 1, throughput: (event/s) 0.0055543508744926974
nexmark_src_src_data processed: 315000, throughput: (event/s) 1749.6205254651995
nexmark_src_src_epoch processed: 0, throughput: (event/s) 0
nexmark_src_src_logEntry processed: 1762, throughput: (event/s) 9.786766240856133
aucsByIDSink processed: 18900, throughput: (event/s) 104.97723152791198
q46GroupBy-3 duration: 180.039040132

nexmark_src_src_data processed 1260000 events, duration: 180.054163224
nexmark_src_src_epoch processed 0 events, duration: 180.054163224
nexmark_src_src_logEntry processed 7043 events, duration: 180.054163224
aucsByIDSink processed 75600 events, duration: 180.054163224
bidsByAucIDSink processed 1159200 events, duration: 180.054163224
nexmark_src_src processed 1260004 events, duration: 180.054163224
nexmark_src_src_ctrl processed 4 events, duration: 180.054163224

aucsByIDSrc_epoch processed: 5708, throughput: (event/s) 22.503118972551174
bidsByAucIDSrc processed: 286660, throughput: (event/s) 1130.1233505030693
bidsByAucIDSrc_ctrl processed: 4, throughput: (event/s) 0.015769529763525702
aucsByIDSrc_logEntry processed: 5708, throughput: (event/s) 22.503118972551174
bidsByAucIDSrc_data processed: 280682, throughput: (event/s) 1106.5557882714802
bidsByAucIDSrc_epoch processed: 5974, throughput: (event/s) 23.551792701825633
aucsByIDSrc processed: 24788, throughput: (event/s) 97.72377594456877
sink processed: 785561, throughput: (event/s) 3096.981892641253
bidsByAucIDSrc_logEntry processed: 5974, throughput: (event/s) 23.551792701825633
aucsByIDSrc_ctrl processed: 4, throughput: (event/s) 0.015769529763525702
aucsByIDSrc_data processed: 19076, throughput: (event/s) 75.20488744225406
q4JoinStream-0 duration: 253.653727155

aucsByIDSrc_epoch processed: 5736, throughput: (event/s) 20.923616200822906
bidsByAucIDSrc_data processed: 261517, throughput: (event/s) 953.9542081573577
aucsByIDSrc_ctrl processed: 4, throughput: (event/s) 0.014591085216752375
sink processed: 755434, throughput: (event/s) 2755.6504674080284
aucsByIDSrc processed: 24620, throughput: (event/s) 89.80812950911087
bidsByAucIDSrc_epoch processed: 5974, throughput: (event/s) 21.791785771219672
bidsByAucIDSrc processed: 267495, throughput: (event/s) 975.7605850137941
bidsByAucIDSrc_ctrl processed: 4, throughput: (event/s) 0.014591085216752375
aucsByIDSrc_data processed: 18880, throughput: (event/s) 68.86992222307121
aucsByIDSrc_logEntry processed: 5736, throughput: (event/s) 20.923616200822906
bidsByAucIDSrc_logEntry processed: 5974, throughput: (event/s) 21.791785771219672
q4JoinStream-1 duration: 274.139993056

aucsByIDSrc processed: 24589, throughput: (event/s) 84.58910613631542
aucsByIDSrc_ctrl processed: 4, throughput: (event/s) 0.01376047926085899
bidsByAucIDSrc_data processed: 291997, throughput: (event/s) 1004.5046656832606
aucsByIDSrc_epoch processed: 5705, throughput: (event/s) 19.625883545800132
aucsByIDSrc_logEntry processed: 5705, throughput: (event/s) 19.625883545800132
bidsByAucIDSrc processed: 297975, throughput: (event/s) 1025.0697019386143
bidsByAucIDSrc_logEntry processed: 5974, throughput: (event/s) 20.5512757760929
sink processed: 867546, throughput: (event/s) 2984.4621852102932
bidsByAucIDSrc_ctrl processed: 4, throughput: (event/s) 0.01376047926085899
bidsByAucIDSrc_epoch processed: 5974, throughput: (event/s) 20.5512757760929
aucsByIDSrc_data processed: 18880, throughput: (event/s) 64.94946211125443
q4JoinStream-2 duration: 290.68754977

bidsByAucIDSrc_epoch processed: 5974, throughput: (event/s) 20.72840123278716
aucsByIDSrc_epoch processed: 5717, throughput: (event/s) 19.83667054701108
aucsByIDSrc_logEntry processed: 5717, throughput: (event/s) 19.83667054701108
bidsByAucIDSrc_logEntry processed: 5974, throughput: (event/s) 20.72840123278716
sink processed: 916918, throughput: (event/s) 3181.493840235142
aucsByIDSrc processed: 24485, throughput: (event/s) 84.95729899310238
aucsByIDSrc_data processed: 18764, throughput: (event/s) 65.10674936926989
bidsByAucIDSrc processed: 330982, throughput: (event/s) 1148.4311511266087
bidsByAucIDSrc_ctrl processed: 4, throughput: (event/s) 0.013879076821417584
bidsByAucIDSrc_data processed: 325004, throughput: (event/s) 1127.6888708170002
aucsByIDSrc_ctrl processed: 4, throughput: (event/s) 0.013879076821417584
q4JoinStream-3 duration: 288.203606873

bidsByAucIDSrc_ctrl processed 16 events, duration: 290.68754977
bidsByAucIDSrc_data processed 1159200 events, duration: 290.68754977
sink processed 3325459 events, duration: 290.68754977
bidsByAucIDSrc_logEntry processed 23896 events, duration: 290.68754977
aucsByIDSrc_data processed 75600 events, duration: 290.68754977
aucsByIDSrc_epoch processed 22866 events, duration: 290.68754977
aucsByIDSrc_logEntry processed 22866 events, duration: 290.68754977
bidsByAucIDSrc_epoch processed 23896 events, duration: 290.68754977
aucsByIDSrc processed 98482 events, duration: 290.68754977
aucsByIDSrc_ctrl processed 16 events, duration: 290.68754977
bidsByAucIDSrc processed 1183112 events, duration: 290.68754977

