parallel restore str: , false
env str: , async2ndPhase: false
env str: , create snapshot: false
wait for last: true, sink max_buf_size: 131072
warmup: 0
config: map[NodeConstraint:"1,2,3,4" NumInstance:4 OutputTopicName:["nexmark_src"] funcName:"source"]
config: map[InputTopicNames:["nexmark_src"] NodeConstraint:"5,6,7,8" NumInstance:4 NumSrcProducer:[1] OutputTopicName:["q8_aucsBySellerID_out","q8_personsByID_out"] funcName:"q8GroupBy"]
config: map[Final:true InputTopicNames:["q8_aucsBySellerID_out","q8_personsByID_out"] NodeConstraint:"5,6,7,8" NumInstance:4 NumSrcProducer:[4,4] OutputTopicName:["q8_out"] funcName:"q8JoinStream"]
srcInvokeConfig: &{FinalTpNames:[q8_out] TopicName:nexmark_src AppId:q8 NodeConstraint:1,2,3,4 AdditionalBytes:0 ScaleEpoch:0 NumOutPartition:4 InstanceID:0 NumSrcInstance:4}
cliNodes: [0xc0000d6dc0 0xc0000d6e20]
inParamsMap: map[q8GroupBy:[0xc0001e60c0 0xc0001e6180 0xc0001e6240 0xc0001e6300] q8JoinStream:[0xc0001e63c0 0xc0001e6480 0xc0001e6540 0xc0001e6600]]
configScaleInput: &{Config:map[changelog:4 nexmark_src:4 q8GroupBy:4 q8JoinStream:4 q8_aucsBySellerID_out:4 q8_out:4 q8_personsByID_out:4 source:4] AppId:q8 FuncNames:[source q8GroupBy q8JoinStream] BufMaxSize:131072 ScaleEpoch:0 SerdeFormat:1 Bootstrap:false}
encoded json is {"sg":{"changelog":4,"nexmark_src":4,"q8GroupBy":4,"q8JoinStream":4,"q8_aucsBySellerID_out":4,"q8_out":4,"q8_personsByID_out":4,"source":4},"aid":"q8","fns":["source","q8GroupBy","q8JoinStream"],"bufMaxSize":131072,"epoch":1,"serdeFormat":1,"bs":true}, node constraint is 1
chkptmngr url is http://ip-172-31-6-136.us-east-2.compute.internal:8080/function/chkptmngr
encoded json is {"srcTpName":"nexmark_src","outTpNames":["q8_out"],"numOutParts":"BA==","chkptEveryMs":100,"bufMaxSize":131072,"srcNumPart":4,"gua":5,"serde_format":1}, node constraint is 1
func source url is http://ip-172-31-6-136.us-east-2.compute.internal:8080/function/source
func source url is http://ip-172-31-6-136.us-east-2.compute.internal:8080/function/source
func source url is http://ip-172-31-6-136.us-east-2.compute.internal:8080/function/source
func source url is http://ip-172-31-6-136.us-east-2.compute.internal:8080/function/source
encoded json is {"topic_name":"nexmark_src","rate_shape":"square","aid":"q8","engine1":"ip-172-31-4-182.us-east-2.compute.internal:6060","events_num":20160000,"rate_period":10000000000,"finOutTpNs":["q8_out"],"first_event_rate":112000,"next_event_rate":112000,"bid_avg_size":100,"person_avg_size":200,"auction_avg_size":500,"duration":180,"person_proportion":1,"auction_proportion":3,"bid_proportion":46,"bid_hot_ratio_auctions":2,"bid_hot_ratio_bidders":4,"auction_hot_ratio_sellers":4,"flushms":100,"bufMaxSize":131072,"commEveryMs":100,"rate_limited":false,"waitEnd":true,"serde_format":1,"numOutPar":4,"parNum":3,"nSrcIns":4,"gua":5}, node constraint is 1,2,3,4
encoded json is {"topic_name":"nexmark_src","rate_shape":"square","aid":"q8","engine1":"ip-172-31-4-182.us-east-2.compute.internal:6060","events_num":20160000,"rate_period":10000000000,"finOutTpNs":["q8_out"],"first_event_rate":112000,"next_event_rate":112000,"bid_avg_size":100,"person_avg_size":200,"auction_avg_size":500,"duration":180,"person_proportion":1,"auction_proportion":3,"bid_proportion":46,"bid_hot_ratio_auctions":2,"bid_hot_ratio_bidders":4,"auction_hot_ratio_sellers":4,"flushms":100,"bufMaxSize":131072,"commEveryMs":100,"rate_limited":false,"waitEnd":true,"serde_format":1,"numOutPar":4,"parNum":2,"nSrcIns":4,"gua":5}, node constraint is 1,2,3,4
encoded json is {"topic_name":"nexmark_src","rate_shape":"square","aid":"q8","engine1":"ip-172-31-4-182.us-east-2.compute.internal:6060","events_num":20160000,"rate_period":10000000000,"finOutTpNs":["q8_out"],"first_event_rate":112000,"next_event_rate":112000,"bid_avg_size":100,"person_avg_size":200,"auction_avg_size":500,"duration":180,"person_proportion":1,"auction_proportion":3,"bid_proportion":46,"bid_hot_ratio_auctions":2,"bid_hot_ratio_bidders":4,"auction_hot_ratio_sellers":4,"flushms":100,"bufMaxSize":131072,"commEveryMs":100,"rate_limited":false,"waitEnd":true,"serde_format":1,"numOutPar":4,"parNum":1,"nSrcIns":4,"gua":5}, node constraint is 1,2,3,4
encoded json is {"topic_name":"nexmark_src","rate_shape":"square","aid":"q8","engine1":"ip-172-31-4-182.us-east-2.compute.internal:6060","events_num":20160000,"rate_period":10000000000,"finOutTpNs":["q8_out"],"first_event_rate":112000,"next_event_rate":112000,"bid_avg_size":100,"person_avg_size":200,"auction_avg_size":500,"duration":180,"person_proportion":1,"auction_proportion":3,"bid_proportion":46,"bid_hot_ratio_auctions":2,"bid_hot_ratio_bidders":4,"auction_hot_ratio_sellers":4,"flushms":100,"bufMaxSize":131072,"commEveryMs":100,"rate_limited":false,"waitEnd":true,"serde_format":1,"numOutPar":4,"nSrcIns":4,"gua":5}, node constraint is 1,2,3,4
src instance: 4
Waiting for all client to return
func name is q8JoinStream
func url is http://ip-172-31-6-136.us-east-2.compute.internal:8080/function/q8JoinStream
func name is q8JoinStream
func url is http://ip-172-31-6-136.us-east-2.compute.internal:8080/function/q8JoinStream
func name is q8GroupBy
func url is http://ip-172-31-6-136.us-east-2.compute.internal:8080/function/q8GroupBy
func name is q8JoinStream
func url is http://ip-172-31-6-136.us-east-2.compute.internal:8080/function/q8JoinStream
func name is q8GroupBy
func name is q8JoinStream
func url is http://ip-172-31-6-136.us-east-2.compute.internal:8080/function/q8GroupBy
func url is http://ip-172-31-6-136.us-east-2.compute.internal:8080/function/q8JoinStream
func name is q8GroupBy
func url is http://ip-172-31-6-136.us-east-2.compute.internal:8080/function/q8GroupBy
func name is q8GroupBy
func url is http://ip-172-31-6-136.us-east-2.compute.internal:8080/function/q8GroupBy
encoded json is {"aid":"q8","gateway":"ip-172-31-6-136.us-east-2.compute.internal:8080","engine1":"ip-172-31-4-182.us-east-2.compute.internal:6060","numOutPartition":"BA==","numSubstreamProducer":"BAQ=","outputTopicName":["q8_out"],"inputTopicName":["q8_aucsBySellerID_out","q8_personsByID_out"],"commEveryMs":100,"flushMs":100,"snapEveryS":10,"duration":180,"bufMaxSize":131072,"epoch":1,"waitEnd":true,"numChangelogPartition":4,"numInPartition":4,"ParNum":1,"gua":5,"serdeFormat":1}, node constraint is 5,6,7,8
encoded json is {"aid":"q8","gateway":"ip-172-31-6-136.us-east-2.compute.internal:8080","engine1":"ip-172-31-4-182.us-east-2.compute.internal:6060","numOutPartition":"BA==","numSubstreamProducer":"BAQ=","outputTopicName":["q8_out"],"inputTopicName":["q8_aucsBySellerID_out","q8_personsByID_out"],"commEveryMs":100,"flushMs":100,"snapEveryS":10,"duration":180,"bufMaxSize":131072,"epoch":1,"waitEnd":true,"numChangelogPartition":4,"numInPartition":4,"ParNum":2,"gua":5,"serdeFormat":1}, node constraint is 5,6,7,8
encoded json is {"aid":"q8","gateway":"ip-172-31-6-136.us-east-2.compute.internal:8080","engine1":"ip-172-31-4-182.us-east-2.compute.internal:6060","numOutPartition":"BAQ=","numSubstreamProducer":"AQ==","outputTopicName":["q8_aucsBySellerID_out","q8_personsByID_out"],"inputTopicName":["nexmark_src"],"commEveryMs":100,"flushMs":100,"snapEveryS":10,"duration":180,"bufMaxSize":131072,"epoch":1,"waitEnd":true,"numChangelogPartition":4,"numInPartition":4,"ParNum":1,"gua":5,"serdeFormat":1}, node constraint is 5,6,7,8
encoded json is {"aid":"q8","gateway":"ip-172-31-6-136.us-east-2.compute.internal:8080","engine1":"ip-172-31-4-182.us-east-2.compute.internal:6060","numOutPartition":"BA==","numSubstreamProducer":"BAQ=","outputTopicName":["q8_out"],"inputTopicName":["q8_aucsBySellerID_out","q8_personsByID_out"],"commEveryMs":100,"flushMs":100,"snapEveryS":10,"duration":180,"bufMaxSize":131072,"epoch":1,"waitEnd":true,"numChangelogPartition":4,"numInPartition":4,"ParNum":3,"gua":5,"serdeFormat":1}, node constraint is 5,6,7,8
encoded json is {"aid":"q8","gateway":"ip-172-31-6-136.us-east-2.compute.internal:8080","engine1":"ip-172-31-4-182.us-east-2.compute.internal:6060","numOutPartition":"BA==","numSubstreamProducer":"BAQ=","outputTopicName":["q8_out"],"inputTopicName":["q8_aucsBySellerID_out","q8_personsByID_out"],"commEveryMs":100,"flushMs":100,"snapEveryS":10,"duration":180,"bufMaxSize":131072,"epoch":1,"waitEnd":true,"numChangelogPartition":4,"numInPartition":4,"gua":5,"serdeFormat":1}, node constraint is 5,6,7,8
encoded json is {"aid":"q8","gateway":"ip-172-31-6-136.us-east-2.compute.internal:8080","engine1":"ip-172-31-4-182.us-east-2.compute.internal:6060","numOutPartition":"BAQ=","numSubstreamProducer":"AQ==","outputTopicName":["q8_aucsBySellerID_out","q8_personsByID_out"],"inputTopicName":["nexmark_src"],"commEveryMs":100,"flushMs":100,"snapEveryS":10,"duration":180,"bufMaxSize":131072,"epoch":1,"waitEnd":true,"numChangelogPartition":4,"numInPartition":4,"ParNum":3,"gua":5,"serdeFormat":1}, node constraint is 5,6,7,8
encoded json is {"aid":"q8","gateway":"ip-172-31-6-136.us-east-2.compute.internal:8080","engine1":"ip-172-31-4-182.us-east-2.compute.internal:6060","numOutPartition":"BAQ=","numSubstreamProducer":"AQ==","outputTopicName":["q8_aucsBySellerID_out","q8_personsByID_out"],"inputTopicName":["nexmark_src"],"commEveryMs":100,"flushMs":100,"snapEveryS":10,"duration":180,"bufMaxSize":131072,"epoch":1,"waitEnd":true,"numChangelogPartition":4,"numInPartition":4,"gua":5,"serdeFormat":1}, node constraint is 5,6,7,8
encoded json is {"aid":"q8","gateway":"ip-172-31-6-136.us-east-2.compute.internal:8080","engine1":"ip-172-31-4-182.us-east-2.compute.internal:6060","numOutPartition":"BAQ=","numSubstreamProducer":"AQ==","outputTopicName":["q8_aucsBySellerID_out","q8_personsByID_out"],"inputTopicName":["nexmark_src"],"commEveryMs":100,"flushMs":100,"snapEveryS":10,"duration":180,"bufMaxSize":131072,"epoch":1,"waitEnd":true,"numChangelogPartition":4,"numInPartition":4,"ParNum":2,"gua":5,"serdeFormat":1}, node constraint is 5,6,7,8
source-1 invoke done
source-2 invoke done
source-0 invoke done
source-3 invoke done
q8GroupBy-2 call done
q8GroupBy-0 call done
q8GroupBy-3 call done
q8GroupBy-1 call done
q8JoinStream-2 call done
q8JoinStream-0 call done
q8JoinStream-1 call done
q8JoinStream-3 call done
sink processed: 5040002, throughput: (event/s) 27999.287167764167
sink_ctrl processed: 2, throughput: (event/s) 0.01111082383211918
source-0 duration: 180.00465404

sink processed: 5040002, throughput: (event/s) 27999.558532313567
sink_ctrl processed: 2, throughput: (event/s) 0.011110931516421448
source-1 duration: 180.002909481

sink processed: 5040002, throughput: (event/s) 27999.376855849092
sink_ctrl processed: 2, throughput: (event/s) 0.011110859422614949
source-2 duration: 180.004077446

sink processed: 5040002, throughput: (event/s) 27999.34766299054
sink_ctrl processed: 2, throughput: (event/s) 0.011110847838151866
source-3 duration: 180.004265123

sink_ctrl processed 8 events, duration: 180.00465404, tp: 0.044443
sink processed 20160008 events, duration: 180.00465404, tp: 111997.148671

nexmark_src_src processed: 5040179, throughput: (event/s) 27997.167203379493
nexmark_src_src_ctrl processed: 179, throughput: (event/s) 0.9943085214642038
nexmark_src_src_data processed: 5040000, throughput: (event/s) 27996.172894858028
nexmark_src_src_epoch processed: 0, throughput: (event/s) 0
nexmark_src_src_logEntry processed: 10515, throughput: (event/s) 58.408682140760355
personsByIDSink processed: 100800, throughput: (event/s) 559.9234578971606
auctionsBySellerIDSink processed: 302400, throughput: (event/s) 1679.7703736914818
q8GroupBy-0 duration: 180.024606182

auctionsBySellerIDSink processed: 302400, throughput: (event/s) 1679.3037522491397
nexmark_src_src processed: 5040179, throughput: (event/s) 27989.389903132662
nexmark_src_src_ctrl processed: 179, throughput: (event/s) 0.9940323136659921
nexmark_src_src_data processed: 5040000, throughput: (event/s) 27988.395870818997
nexmark_src_src_epoch processed: 0, throughput: (event/s) 0
nexmark_src_src_logEntry processed: 10538, throughput: (event/s) 58.52018168386718
personsByIDSink processed: 100800, throughput: (event/s) 559.76791741638
q8GroupBy-1 duration: 180.074628902

personsByIDSink processed: 100800, throughput: (event/s) 559.9234707736402
auctionsBySellerIDSink processed: 302400, throughput: (event/s) 1679.7704123209207
nexmark_src_src processed: 5040179, throughput: (event/s) 27997.16784722634
nexmark_src_src_ctrl processed: 179, throughput: (event/s) 0.9943085443301746
nexmark_src_src_data processed: 5040000, throughput: (event/s) 27996.17353868201
nexmark_src_src_epoch processed: 0, throughput: (event/s) 0
nexmark_src_src_logEntry processed: 10543, throughput: (event/s) 58.56421778141358
q8GroupBy-2 duration: 180.024602042

nexmark_src_src_logEntry processed: 10524, throughput: (event/s) 58.459382350268534
personsByIDSink processed: 100800, throughput: (event/s) 559.9302300367796
auctionsBySellerIDSink processed: 302400, throughput: (event/s) 1679.7906901103386
nexmark_src_src processed: 5040179, throughput: (event/s) 27997.505822386363
nexmark_src_src_ctrl processed: 179, throughput: (event/s) 0.9943205473867415
nexmark_src_src_data processed: 5040000, throughput: (event/s) 27996.511501838977
nexmark_src_src_epoch processed: 0, throughput: (event/s) 0
q8GroupBy-3 duration: 180.022428854

nexmark_src_src_ctrl processed 716 events, duration: 180.074628902
nexmark_src_src_data processed 20160000 events, duration: 180.074628902
nexmark_src_src_epoch processed 0 events, duration: 180.074628902
nexmark_src_src_logEntry processed 42120 events, duration: 180.074628902
personsByIDSink processed 403200 events, duration: 180.074628902
auctionsBySellerIDSink processed 1209600 events, duration: 180.074628902
nexmark_src_src processed 20160716 events, duration: 180.074628902

eventTimeLatency_sink, p50: 227 ms, p90: 886 ms, p99: 1620 ms
personsByIDSrc processed: 100466, throughput: (event/s) 556.3202679000045
personsByIDSrc_epoch processed: 0, throughput: (event/s) 0
personsByIDSrc_ctrl processed: 182, throughput: (event/s) 1.0078065092449269
personsByIDSrc_data processed: 100284, throughput: (event/s) 555.3124613907596
auctionsBySellerIDSrc processed: 297576, throughput: (event/s) 1647.79686700587
sink processed: 1187658, throughput: (event/s) 6576.535511850611
auctionsBySellerIDSrc_data processed: 297394, throughput: (event/s) 1646.789060496625
auctionsBySellerIDSrc_ctrl processed: 182, throughput: (event/s) 1.0078065092449269
auctionsBySellerIDSrc_epoch processed: 0, throughput: (event/s) 0
auctionsBySellerIDSrc_logEntry processed: 7637, throughput: (event/s) 42.28911159946981
personsByIDSrc_logEntry processed: 7641, throughput: (event/s) 42.311261193079595
q8JoinStream-0 duration: 180.590220772

eventTimeLatency_sink, p50: 243 ms, p90: 981 ms, p99: 1689 ms
personsByIDSrc_epoch processed: 0, throughput: (event/s) 0
personsByIDSrc_logEntry processed: 7644, throughput: (event/s) 42.12263147351417
sink processed: 1209621, throughput: (event/s) 6665.674987653542
auctionsBySellerIDSrc processed: 302178, throughput: (event/s) 1665.1664748042338
auctionsBySellerIDSrc_ctrl processed: 182, throughput: (event/s) 1.0029197969884325
auctionsBySellerIDSrc_data processed: 301996, throughput: (event/s) 1664.1635550072453
auctionsBySellerIDSrc_epoch processed: 0, throughput: (event/s) 0
personsByIDSrc processed: 101210, throughput: (event/s) 557.7225969956003
personsByIDSrc_data processed: 101028, throughput: (event/s) 556.7196771986119
personsByIDSrc_ctrl processed: 182, throughput: (event/s) 1.0029197969884325
auctionsBySellerIDSrc_logEntry processed: 7633, throughput: (event/s) 42.06201544182805
q8JoinStream-1 duration: 181.47014402

eventTimeLatency_sink, p50: 218 ms, p90: 930 ms, p99: 1530 ms
auctionsBySellerIDSrc_ctrl processed: 182, throughput: (event/s) 1.0083379802946044
personsByIDSrc_data processed: 100504, throughput: (event/s) 556.8241778655436
auctionsBySellerIDSrc_data processed: 291681, throughput: (event/s) 1616.005661705003
auctionsBySellerIDSrc_epoch processed: 0, throughput: (event/s) 0
personsByIDSrc_epoch processed: 0, throughput: (event/s) 0
sink processed: 1168377, throughput: (event/s) 6473.180793421258
personsByIDSrc processed: 100686, throughput: (event/s) 557.8325158458382
personsByIDSrc_ctrl processed: 182, throughput: (event/s) 1.0083379802946044
personsByIDSrc_logEntry processed: 7646, throughput: (event/s) 42.36127580951948
auctionsBySellerIDSrc processed: 291863, throughput: (event/s) 1617.0139996852974
auctionsBySellerIDSrc_logEntry processed: 7644, throughput: (event/s) 42.35019517237339
q8JoinStream-2 duration: 180.495035947

eventTimeLatency_sink, p50: 376 ms, p90: 1182 ms, p99: 1811 ms
auctionsBySellerIDSrc_epoch processed: 0, throughput: (event/s) 0
personsByIDSrc processed: 101566, throughput: (event/s) 559.2636602996928
auctionsBySellerIDSrc_data processed: 318529, throughput: (event/s) 1753.9500861666388
personsByIDSrc_epoch processed: 0, throughput: (event/s) 0
personsByIDSrc_logEntry processed: 7645, throughput: (event/s) 42.09647601550865
auctionsBySellerIDSrc processed: 318711, throughput: (event/s) 1754.9522521097156
personsByIDSrc_ctrl processed: 182, throughput: (event/s) 1.0021659430768572
personsByIDSrc_data processed: 101384, throughput: (event/s) 558.2614943566159
sink processed: 1275739, throughput: (event/s) 7024.737242060038
auctionsBySellerIDSrc_ctrl processed: 182, throughput: (event/s) 1.0021659430768572
auctionsBySellerIDSrc_logEntry processed: 7630, throughput: (event/s) 42.013879921299015
q8JoinStream-3 duration: 181.606650333

personsByIDSrc_epoch processed 0 events, duration: 181.606650333
personsByIDSrc_ctrl processed 728 events, duration: 181.606650333
personsByIDSrc_data processed 403200 events, duration: 181.606650333
auctionsBySellerIDSrc_ctrl processed 728 events, duration: 181.606650333
auctionsBySellerIDSrc_logEntry processed 30544 events, duration: 181.606650333
personsByIDSrc processed 403928 events, duration: 181.606650333
auctionsBySellerIDSrc processed 1210328 events, duration: 181.606650333
sink processed 4841395 events, duration: 181.606650333
auctionsBySellerIDSrc_data processed 1209600 events, duration: 181.606650333
auctionsBySellerIDSrc_epoch processed 0 events, duration: 181.606650333
personsByIDSrc_logEntry processed 30576 events, duration: 181.606650333

