parallel restore str: , false
env str: , async2ndPhase: false
env str: , create snapshot: false
2024/03/03 20:22:56 [INFO] Load configuration for function scale[40]
2024/03/03 20:22:56 [INFO] Load configuration for function chkptmngr[60]
2024/03/03 20:22:56 [INFO] Load configuration for function redisSetup[70]
2024/03/03 20:22:56 [INFO] Load configuration for function source[20]
2024/03/03 20:22:56 [INFO] Load configuration for function query1[30]
2024/03/03 20:22:56 [INFO] Parse FAAS_ENGINE_ID: 3
2024/03/03 20:22:56 [INFO] Parse FAAS_ENGINE_ID: 3
2024/03/03 20:22:56 [INFO] Current GOMAXPROCS is 2
2024/03/03 20:22:56 [INFO] Parse FAAS_ENGINE_ID: 3
2024/03/03 20:22:56 [INFO] Current GOMAXPROCS is 3
2024/03/03 20:22:56 [INFO] Parse FAAS_ENGINE_ID: 3
2024/03/03 20:22:56 [INFO] Current GOMAXPROCS is 4
2024/03/03 20:22:56 [INFO] Start new FuncWorker with client id 2
2024/03/03 20:22:56 [INFO] Start new FuncWorker with client id 5
2024/03/03 20:22:56 [INFO] Start new FuncWorker with client id 3
2024/03/03 20:22:56 [INFO] Start new FuncWorker with client id 4
Enter nexmark: funcName: source
2024/03/03 20:22:56 [INFO] Handshake with engine done
Enter nexmark: funcName: source
2024/03/03 20:22:56 [INFO] Handshake with engine done
Enter nexmark: funcName: source
Enter nexmark: funcName: source
2024/03/03 20:22:56 [INFO] Handshake with engine done
2024/03/03 20:22:56 [INFO] Handshake with engine done
redis address is [snapcache-1:6666 snapcache-2:6666 snapcache-3:6666 snapcache-4:6666]
new buffered sink stream nexmark_src[0] with bufMaxSize 131072
new buffered sink stream nexmark_src[1] with bufMaxSize 131072
new buffered sink stream nexmark_src[2] with bufMaxSize 131072
new buffered sink stream nexmark_src[3] with bufMaxSize 131072
Generator config: 
	InterEventDelayUs: [250]
	EventPerEpoch    : 0
	MaxEvents        : 2880000
	FirstEventNumber : 1
	EpochPeriodMs    : 0
	StepLengthSec    : 5
	BaseTime         : 1709497502438
	FirstEventId     : 1
	TotalProportion  : 50
	BidProportion    : 46
	AuctionProportion: 3
	PersonProportion : 1
Nexmark config: 
	NumEvents            : 2880000
	NumEventGenerators   : 4
	RateShape            : 0
	FirstEventRate       : 16000
	NextEventRate        : 16000
	RateUnit             : 1000000
	RatePeriodSec        : 10
	PreloadSeconds       : 0
	StreamTimeout        : 240
	IsRateLimited        : false
	UseWallclockEventTime: false
	AvgPersonByteSize    : 200
	AvgAuctionByteSize   : 500
	AvgBidByteSize       : 100
	HotAuctionRatio      : 2
	HotSellersRatio      : 4
	HotBiddersRatio      : 4
	WindowSizeSec        : 10
	WindowPeriodSec      : 5
	WatermarkHoldbackSec : 0
	NumInFlightAuctions  : 100
	NumActivePeople      : 1000
	OccasionalDelaySec   : 3
	ProbDelayedEvent     : 0.1
	OutOfOrderGroupSize  : 1
Input config: 
	SrcTopicName   : nexmark_src
	AppId          : q1
	FinalOutTpNames: [q1_out]
	Duration(s)    : 180
	FlushMs        : 10
	BufMaxSize     : 131072
	CommitEveryMs  : 100
	WaitForEndMark : true
	SerdeFormat    : MSGP
	NumOutPartition: 4
	ParNum         : 1
	NumSrcInstance : 4
	Guarantee      : ALIGN_CHKPT
new buffered sink stream __control_log_q1[0] with bufMaxSize 131072
new buffered sink stream __control_log_q1[0] with bufMaxSize 131072
generate events to [1]
StartTs: 1709497502444
gen first chkpt
srcGen_1 stats (40004 samples): dur=10.001154132s, p50=12, p90=1094, p99=1269
nexmark_src_bufEntry_1 stats (858 samples): dur=10.003939038s, p50=48, p90=48, p99=52
nexmark_src_bufSize_1 stats (858 samples): dur=10.003986756s, p50=12078, p90=12625, p99=13531
srcGen_1 stats (40008 samples): dur=10.00167931s, p50=12, p90=1094, p99=1276
nexmark_src_bufEntry_1 stats (861 samples): dur=10.005145631s, p50=48, p90=48, p99=52
nexmark_src_bufSize_1 stats (861 samples): dur=10.005145348s, p50=12133, p90=12671, p99=13591
srcGen_1 stats (40004 samples): dur=10.001816167s, p50=12, p90=1094, p99=1280
nexmark_src_bufEntry_1 stats (859 samples): dur=10.00998596s, p50=48, p90=48, p99=52
nexmark_src_bufSize_1 stats (859 samples): dur=10.009984268s, p50=12219, p90=12676, p99=13562
srcGen_1 stats (40008 samples): dur=10.001887001s, p50=12, p90=1094, p99=1277
nexmark_src_bufEntry_1 stats (859 samples): dur=10.007434158s, p50=48, p90=48, p99=52
nexmark_src_bufSize_1 stats (859 samples): dur=10.007441271s, p50=12216, p90=12671, p99=13625
srcGen_1 stats (40004 samples): dur=10.001009469s, p50=12, p90=1093, p99=1274
nexmark_src_bufEntry_1 stats (861 samples): dur=10.003444015s, p50=48, p90=48, p99=52
nexmark_src_bufSize_1 stats (861 samples): dur=10.003444208s, p50=12176, p90=12635, p99=13465
srcGen_1 stats (40008 samples): dur=10.00155021s, p50=12, p90=1094, p99=1272
nexmark_src_bufEntry_1 stats (861 samples): dur=10.009603157s, p50=48, p90=48, p99=52
nexmark_src_bufSize_1 stats (861 samples): dur=10.009597373s, p50=12105, p90=12718, p99=13498
srcGen_1 stats (40004 samples): dur=10.001560125s, p50=12, p90=1093, p99=1285
nexmark_src_bufEntry_1 stats (860 samples): dur=10.006997193s, p50=48, p90=48, p99=52
nexmark_src_bufSize_1 stats (860 samples): dur=10.006996869s, p50=12190, p90=12615, p99=13593
srcGen_1 stats (40008 samples): dur=10.001604804s, p50=12, p90=1094, p99=1275
nexmark_src_bufEntry_1 stats (861 samples): dur=10.007415448s, p50=48, p90=48, p99=52
nexmark_src_bufSize_1 stats (861 samples): dur=10.007417946s, p50=12178, p90=12664, p99=13530
srcGen_1 stats (40006 samples): dur=10.000887518s, p50=12, p90=1093, p99=1277
nexmark_src_bufEntry_1 stats (862 samples): dur=10.008316363s, p50=48, p90=48, p99=52
nexmark_src_bufSize_1 stats (862 samples): dur=10.008322836s, p50=12082, p90=12641, p99=13513
srcGen_1 stats (40002 samples): dur=10.001432366s, p50=12, p90=1093, p99=1284
nexmark_src_bufEntry_1 stats (860 samples): dur=10.002281559s, p50=48, p90=48, p99=52
nexmark_src_bufSize_1 stats (860 samples): dur=10.002278193s, p50=12118, p90=12666, p99=13615
srcGen_1 stats (40008 samples): dur=10.001594904s, p50=12, p90=1093, p99=1273
nexmark_src_bufEntry_1 stats (862 samples): dur=10.009940536s, p50=48, p90=48, p99=52
nexmark_src_bufSize_1 stats (862 samples): dur=10.00994068s, p50=12083, p90=12643, p99=13519
srcGen_1 stats (40004 samples): dur=10.001506468s, p50=12, p90=1093, p99=1277
nexmark_src_bufEntry_1 stats (861 samples): dur=10.000580076s, p50=48, p90=48, p99=52
nexmark_src_bufSize_1 stats (861 samples): dur=10.000600047s, p50=12108, p90=12644, p99=13510
srcGen_1 stats (40008 samples): dur=10.001854786s, p50=12, p90=1093, p99=1272
nexmark_src_bufEntry_1 stats (859 samples): dur=10.006379932s, p50=48, p90=48, p99=52
nexmark_src_bufSize_1 stats (859 samples): dur=10.006356409s, p50=12193, p90=12747, p99=13523
srcGen_1 stats (40008 samples): dur=10.001307935s, p50=12, p90=1094, p99=1272
nexmark_src_bufEntry_1 stats (860 samples): dur=10.004651475s, p50=48, p90=48, p99=52
nexmark_src_bufSize_1 stats (860 samples): dur=10.004648251s, p50=12161, p90=12677, p99=13709
srcGen_1 stats (40004 samples): dur=10.001427439s, p50=12, p90=1094, p99=1265
nexmark_src_bufEntry_1 stats (861 samples): dur=10.009052999s, p50=48, p90=48, p99=52
nexmark_src_bufSize_1 stats (861 samples): dur=10.009054099s, p50=12147, p90=12659, p99=13571
srcGen_1 stats (40008 samples): dur=10.001497031s, p50=12, p90=1094, p99=1274
nexmark_src_bufEntry_1 stats (860 samples): dur=10.004347512s, p50=48, p90=48, p99=52
nexmark_src_bufSize_1 stats (860 samples): dur=10.004350618s, p50=12136, p90=12713, p99=13570
srcGen_1 stats (40004 samples): dur=10.001330757s, p50=12, p90=1093, p99=1273
nexmark_src_bufEntry_1 stats (861 samples): dur=10.005056613s, p50=48, p90=48, p99=52
nexmark_src_bufSize_1 stats (861 samples): dur=10.005053427s, p50=12132, p90=12692, p99=13587
[1] chkmngr has terminated
generate stream end mark with tag: 404b3c06f60bdf01
[1] all stopped
