parallel restore str: , false
env str: , async2ndPhase: false
env str: , create snapshot: false
2024/03/03 12:22:55 [INFO] Load configuration for function scale[40]
2024/03/03 12:22:55 [INFO] Load configuration for function chkptmngr[50]
2024/03/03 12:22:55 [INFO] Load configuration for function redisSetup[70]
2024/03/03 12:22:55 [INFO] Load configuration for function source[20]
2024/03/03 12:22:55 [INFO] Load configuration for function query2[30]
2024/03/03 12:22:55 [INFO] Parse FAAS_ENGINE_ID: 6
2024/03/03 12:22:55 [INFO] Parse FAAS_ENGINE_ID: 6
2024/03/03 12:22:55 [INFO] Current GOMAXPROCS is 2
2024/03/03 12:22:55 [INFO] Parse FAAS_ENGINE_ID: 6
2024/03/03 12:22:55 [INFO] Current GOMAXPROCS is 3
2024/03/03 12:22:55 [INFO] Parse FAAS_ENGINE_ID: 6
2024/03/03 12:22:55 [INFO] Start new FuncWorker with client id 8
2024/03/03 12:22:55 [INFO] Start new FuncWorker with client id 10
2024/03/03 12:22:55 [INFO] Current GOMAXPROCS is 4
2024/03/03 12:22:55 [INFO] Start new FuncWorker with client id 9
2024/03/03 12:22:55 [INFO] Start new FuncWorker with client id 11
Enter nexmark: funcName: query2
2024/03/03 12:22:55 [INFO] Handshake with engine done
Enter nexmark: funcName: query2
Enter nexmark: funcName: query2
2024/03/03 12:22:55 [INFO] Handshake with engine done
Enter nexmark: funcName: query2
2024/03/03 12:22:55 [INFO] Handshake with engine done
2024/03/03 12:22:55 [INFO] Handshake with engine done
new buffered sink stream nexmark_src[0] with bufMaxSize 131072
new buffered sink stream nexmark_src[1] with bufMaxSize 131072
new buffered sink stream nexmark_src[2] with bufMaxSize 131072
new buffered sink stream nexmark_src[3] with bufMaxSize 131072
new buffered sink stream q2_out[0] with bufMaxSize 131072
new buffered sink stream q2_out[1] with bufMaxSize 131072
new buffered sink stream q2_out[2] with bufMaxSize 131072
new buffered sink stream q2_out[3] with bufMaxSize 131072
nexmark_src notEnded: map[2:{}], notScaleFence: map[2:{}]
redis address is [snapcache-1:6666 snapcache-2:6666 snapcache-3:6666 snapcache-4:6666]
new buffered sink stream __control_log_q2[0] with bufMaxSize 131072
new buffered sink stream __control_log_q2[0] with bufMaxSize 131072
[0] finished prev task source, funcName query2, meta epoch 0, current epoch 1, cmm instance 2, remain instances: map[]
[1] finished prev task source, funcName query2, meta epoch 0, current epoch 1, cmm instance 2, remain instances: map[]
[2] finished prev task source, funcName query2, meta epoch 0, current epoch 1, cmm instance 2, remain instances: map[]
[3] finished prev task source, funcName query2, meta epoch 0, current epoch 1, cmm instance 2, remain instances: map[]
[0] finished prev task query2, funcName query2, meta epoch 0, current epoch 1, cmm instance 2, remain instances: map[]
[2] prodId: ProducerId: {TaskId: 0x1800800000001, TaskEpoch: 0x1}, warmup time: 0s, flush every: 100ms, waitEndMark: true
nexmark_src_src counter: dur=10.002664013s, value=802611, rate=80239.72403320592 per second
q2_out_sink counter: dur=10.002495812s, value=5227, rate=522.5695764580241 per second
q2_out_sink stats (5227 samples): dur=10.002516513s, p50=0, p90=0, p99=1
q2_out_bufEntry_2 stats (200 samples): dur=11.627627241s, p50=17, p90=33, p99=518
q2_out_bufSize_2 stats (200 samples): dur=11.627651496s, p50=4376, p90=8388, p99=130918
nexmark_src_src counter: dur=10.002672588s, value=1602731, rate=79990.62180240585 per second
q2_out_sink counter: dur=10.002676349s, value=11259, rate=603.0386058230345 per second
q2_out_sink stats (6032 samples): dur=10.002676215s, p50=0, p90=0, p99=1
q2_out_bufEntry_2 stats (200 samples): dur=11.328507069s, p50=17, p90=33, p99=510
q2_out_bufSize_2 stats (200 samples): dur=11.328513142s, p50=4404, p90=8489, p99=130869
WaitAlignTime_0(ms) stats (200 samples): dur=24.740657161s, p50=0, p90=0, p99=0
createChkpt_2(ms) stats (200 samples): dur=24.738269883s, p50=1, p90=19, p99=56
nexmark_src_src counter: dur=10.000597929s, value=2401840, rate=79906.12218122704 per second
q2_out_sink counter: dur=10.000644234s, value=17293, rate=603.3611294246147 per second
q2_out_sink stats (6034 samples): dur=10.000652992s, p50=0, p90=0, p99=1
q2_out_bufEntry_2 stats (200 samples): dur=11.588469417s, p50=18, p90=33, p99=510
q2_out_bufSize_2 stats (200 samples): dur=11.588460699s, p50=4585, p90=8466, p99=130990
nexmark_src_src counter: dur=10.010782681s, value=3203124, rate=80042.09316428372 per second
q2_out_sink counter: dur=10.010777202s, value=23448, rate=614.837377338727 per second
q2_out_sink stats (6155 samples): dur=10.010770695s, p50=0, p90=0, p99=1
q2_out_bufEntry_2 stats (200 samples): dur=11.582943852s, p50=19, p90=37, p99=507
q2_out_bufSize_2 stats (200 samples): dur=11.582942894s, p50=4795, p90=9323, p99=130972
WaitAlignTime_0(ms) stats (200 samples): dur=24.185982582s, p50=0, p90=0, p99=0
createChkpt_2(ms) stats (200 samples): dur=24.186087838s, p50=1, p90=26, p99=57
nexmark_src_src counter: dur=10.010923716s, value=4004087, rate=80008.90054929272 per second
q2_out_sink counter: dur=10.01722889s, value=29535, rate=607.6530811906006 per second
q2_out_sink stats (6087 samples): dur=10.017229424s, p50=0, p90=0, p99=1
q2_out_bufEntry_2 stats (200 samples): dur=11.360036886s, p50=17, p90=33, p99=506
q2_out_bufSize_2 stats (200 samples): dur=11.360036789s, p50=4407, p90=8649, p99=130993
nexmark_src_src counter: dur=10.010175153s, value=4805130, rate=80022.87549982892 per second
q2_out_sink counter: dur=10.011513445s, value=35596, rate=605.4029726171935 per second
q2_out_sink stats (6061 samples): dur=10.011514129s, p50=0, p90=0, p99=1
q2_out_bufEntry_2 stats (200 samples): dur=11.239831154s, p50=17, p90=34, p99=508
q2_out_bufSize_2 stats (200 samples): dur=11.23983119s, p50=4239, p90=8816, p99=130848
nexmark_src_src counter: dur=10.011764329s, value=5606071, rate=79999.98538519334 per second
q2_out_sink counter: dur=10.004002407s, value=41746, rate=614.7539504485447 per second
q2_out_sink stats (6150 samples): dur=10.003995805s, p50=0, p90=0, p99=1
WaitAlignTime_0(ms) stats (200 samples): dur=23.484019267s, p50=0, p90=0, p99=0
createChkpt_2(ms) stats (200 samples): dur=23.483989409s, p50=1, p90=13, p99=45
nexmark_src_src counter: dur=10.013791493s, value=6406983, rate=79980.89440546733 per second
q2_out_sink counter: dur=10.013744428s, value=47841, rate=608.6634269352255 per second
q2_out_sink stats (6095 samples): dur=10.013758675s, p50=0, p90=0, p99=1
q2_out_bufEntry_2 stats (200 samples): dur=11.322074852s, p50=17, p90=34, p99=509
q2_out_bufSize_2 stats (200 samples): dur=11.322076885s, p50=4408, p90=8779, p99=130898
nexmark_src_src counter: dur=10.010844832s, value=7208219, rate=80036.80143346367 per second
q2_out_sink counter: dur=10.014690148s, value=53975, rate=612.5002280999179 per second
q2_out_sink stats (6134 samples): dur=10.014682943s, p50=0, p90=0, p99=1
q2_out_bufEntry_2 stats (200 samples): dur=11.277574397s, p50=17, p90=32, p99=507
q2_out_bufSize_2 stats (200 samples): dur=11.277572933s, p50=4315, p90=8294, p99=130872
WaitAlignTime_0(ms) stats (200 samples): dur=24.171360045s, p50=0, p90=0, p99=0
createChkpt_2(ms) stats (200 samples): dur=24.171454125s, p50=1, p90=23, p99=50
nexmark_src_src counter: dur=10.010559249s, value=8009148, rate=80008.41712015324 per second
q2_out_sink counter: dur=10.006760092s, value=60111, rate=613.1854809735554 per second
q2_out_sink stats (6136 samples): dur=10.006754784s, p50=0, p90=0, p99=1
q2_out_bufEntry_2 stats (200 samples): dur=11.600581609s, p50=16, p90=35, p99=507
q2_out_bufSize_2 stats (200 samples): dur=11.600582802s, p50=4236, p90=8977, p99=131036
nexmark_src_src counter: dur=10.000230695s, value=8809785, rate=80061.85301308191 per second
q2_out_sink counter: dur=10.000641324s, value=66250, rate=613.8606316444271 per second
q2_out_sink stats (6139 samples): dur=10.000734761s, p50=0, p90=0, p99=1
q2_out_bufEntry_2 stats (200 samples): dur=11.598916775s, p50=17, p90=34, p99=507
q2_out_bufSize_2 stats (200 samples): dur=11.598916245s, p50=4490, p90=8921, p99=131039
nexmark_src_src counter: dur=10.003748514s, value=9610551, rate=80046.59442201568 per second
q2_out_sink counter: dur=10.026070858s, value=71583, rate=531.9132565021415 per second
q2_out_sink stats (5333 samples): dur=10.02599351s, p50=0, p90=0, p99=1
WaitAlignTime_0(ms) stats (200 samples): dur=24.399483552s, p50=0, p90=0, p99=0
createChkpt_2(ms) stats (200 samples): dur=24.399727233s, p50=1, p90=25, p99=64
q2_out_bufEntry_2 stats (200 samples): dur=11.301108659s, p50=18, p90=37, p99=508
q2_out_bufSize_2 stats (200 samples): dur=11.301110821s, p50=4545, p90=9412, p99=130901
nexmark_src_src counter: dur=10.005648759s, value=10410933, rate=79993.01387429405 per second
q2_out_sink counter: dur=10.015766362s, value=77593, rate=600.0539332468906 per second
q2_out_sink stats (6010 samples): dur=10.015762481s, p50=0, p90=0, p99=1
q2_out_bufEntry_2 stats (200 samples): dur=11.112041528s, p50=17, p90=32, p99=507
q2_out_bufSize_2 stats (200 samples): dur=11.112039261s, p50=4395, p90=8158, p99=130839
nexmark_src_src counter: dur=10.001160157s, value=11211207, rate=80018.11664218508 per second
q2_out_sink counter: dur=10.002182884s, value=83797, rate=620.2646034321402 per second
q2_out_sink stats (6204 samples): dur=10.002184715s, p50=0, p90=0, p99=1
WaitAlignTime_0(ms) stats (200 samples): dur=23.413826647s, p50=0, p90=0, p99=0
createChkpt_2(ms) stats (200 samples): dur=23.413778883s, p50=1, p90=13, p99=36
q2_out_bufEntry_2 stats (200 samples): dur=11.187526738s, p50=16, p90=31, p99=507
q2_out_bufSize_2 stats (200 samples): dur=11.187526629s, p50=4154, p90=8134, p99=130834
nexmark_src_src counter: dur=10.005645252s, value=12011687, rate=80002.83638279042 per second
q2_out_sink counter: dur=10.002067062s, value=90000, rate=620.1718066425018 per second
q2_out_sink stats (6203 samples): dur=10.002066958s, p50=0, p90=0, p99=1
q2_out_bufEntry_2 stats (200 samples): dur=11.297000041s, p50=18, p90=36, p99=505
q2_out_bufSize_2 stats (200 samples): dur=11.297021794s, p50=4641, p90=9249, p99=130845
nexmark_src_src counter: dur=10.004174716s, value=12812170, rate=80014.89605332079 per second
q2_out_sink counter: dur=10.019780179s, value=96242, rate=622.9677586223222 per second
q2_out_sink stats (6242 samples): dur=10.019781006s, p50=0, p90=0, p99=1
WaitAlignTime_0(ms) stats (200 samples): dur=23.640206381s, p50=0, p90=0, p99=0
createChkpt_2(ms) stats (200 samples): dur=23.639995401s, p50=1, p90=17, p99=41
nexmark_src_src counter: dur=10.002848336s, value=13612490, rate=80009.21068848645 per second
q2_out_sink counter: dur=10.011236659s, value=102342, rate=609.315333137806 per second
q2_out_sink stats (6100 samples): dur=10.011233343s, p50=0, p90=0, p99=1
q2_out_bufEntry_2 stats (200 samples): dur=11.202926737s, p50=17, p90=32, p99=506
q2_out_bufSize_2 stats (200 samples): dur=11.202906394s, p50=4523, p90=8147, p99=131004
2 producer ended, map[] remain
exit due to ctrlMsg
createChkpt_2(ms) (98 samples): dur=11.938468643s, data=[1 37 1 1 2 1 1 1 1 1 1 1 20 1 1 16 1 2 2 1 2 1 2 1 29 1 22 1 12 1 1 1 1 1 32 1 4 15 1 1 1 1 19 1 6 28 1 1 2 1 1 11 1 17 1 4 1 1 2 1 1 10 1 1 1 1 1 2 1 13 16 2 1 1 1 2 1 2 34 1 1 1 11 4 2 1 1 1 1 1 26 1 70 84 1 1 1 2]
[2]duration: 180.083858 s, uts: 1709468886387
WaitAlignTime_0(ms) (98 samples): dur=11.942933759s, data=[0 0 0 0 0 0 0 0 0 0 0 0 0 0 0 0 0 0 0 0 0 0 0 0 0 0 0 0 0 0 0 0 0 0 0 0 0 0 0 0 0 0 0 0 0 0 0 0 0 0 0 0 0 0 0 0 0 0 0 0 0 0 0 0 0 0 0 0 0 0 0 0 0 0 0 0 0 0 0 0 0 0 0 0 0 0 0 0 0 0 0 0 0 0 0 0 0 0]
nexmark_src_src msgCnt 14401499, ctrlCnt 1499, epochCnt 0, logEntry 35970
sink msgCnt 108310, ctrlCnt 1499
