parallel restore str: , false
env str: , async2ndPhase: false
env str: , create snapshot: false
2024/03/03 12:56:04 [INFO] Load configuration for function scale[40]
2024/03/03 12:56:04 [INFO] Load configuration for function chkptmngr[50]
2024/03/03 12:56:04 [INFO] Load configuration for function redisSetup[70]
2024/03/03 12:56:04 [INFO] Load configuration for function source[20]
2024/03/03 12:56:04 [INFO] Load configuration for function query2[30]
2024/03/03 12:56:04 [INFO] Parse FAAS_ENGINE_ID: 5
2024/03/03 12:56:04 [INFO] Parse FAAS_ENGINE_ID: 5
2024/03/03 12:56:04 [INFO] Current GOMAXPROCS is 2
2024/03/03 12:56:04 [INFO] Parse FAAS_ENGINE_ID: 5
2024/03/03 12:56:04 [INFO] Current GOMAXPROCS is 3
2024/03/03 12:56:04 [INFO] Parse FAAS_ENGINE_ID: 5
2024/03/03 12:56:04 [INFO] Current GOMAXPROCS is 4
2024/03/03 12:56:04 [INFO] Start new FuncWorker with client id 6
2024/03/03 12:56:04 [INFO] Start new FuncWorker with client id 7
2024/03/03 12:56:04 [INFO] Start new FuncWorker with client id 9
2024/03/03 12:56:04 [INFO] Start new FuncWorker with client id 8
Enter nexmark: funcName: query2
Enter nexmark: funcName: query2
2024/03/03 12:56:04 [INFO] Handshake with engine done
2024/03/03 12:56:04 [INFO] Handshake with engine done
Enter nexmark: funcName: query2
2024/03/03 12:56:04 [INFO] Handshake with engine done
Enter nexmark: funcName: query2
2024/03/03 12:56:04 [INFO] Handshake with engine done
new buffered sink stream nexmark_src[0] with bufMaxSize 131072
new buffered sink stream nexmark_src[1] with bufMaxSize 131072
new buffered sink stream nexmark_src[2] with bufMaxSize 131072
new buffered sink stream nexmark_src[3] with bufMaxSize 131072
new buffered sink stream q2_out[0] with bufMaxSize 131072
new buffered sink stream q2_out[1] with bufMaxSize 131072
new buffered sink stream q2_out[2] with bufMaxSize 131072
new buffered sink stream q2_out[3] with bufMaxSize 131072
nexmark_src notEnded: map[3:{}], notScaleFence: map[3:{}]
redis address is [snapcache-1:6666 snapcache-2:6666 snapcache-3:6666 snapcache-4:6666]
new buffered sink stream __control_log_q2[0] with bufMaxSize 131072
new buffered sink stream __control_log_q2[0] with bufMaxSize 131072
[0] finished prev task source, funcName query2, meta epoch 0, current epoch 1, cmm instance 3, remain instances: map[]
[1] finished prev task source, funcName query2, meta epoch 0, current epoch 1, cmm instance 3, remain instances: map[]
[2] finished prev task source, funcName query2, meta epoch 0, current epoch 1, cmm instance 3, remain instances: map[]
[3] finished prev task source, funcName query2, meta epoch 0, current epoch 1, cmm instance 3, remain instances: map[]
[0] finished prev task query2, funcName query2, meta epoch 0, current epoch 1, cmm instance 3, remain instances: map[]
[3] prodId: ProducerId: {TaskId: 0x1400800000001, TaskEpoch: 0x1}, warmup time: 0s, flush every: 100ms, waitEndMark: true
nexmark_src_src counter: dur=10.002218259s, value=882065, rate=88186.93785314249 per second
q2_out_sink counter: dur=10.011765604s, value=6473, rate=646.5393074538064 per second
q2_out_sink stats (6473 samples): dur=10.011795118s, p50=0, p90=0, p99=1
q2_out_bufEntry_3 stats (200 samples): dur=12.000202417s, p50=20, p90=38, p99=516
q2_out_bufSize_3 stats (200 samples): dur=12.000224025s, p50=5233, p90=9923, p99=130962
nexmark_src_src counter: dur=10.0019027s, value=1762384, rate=88015.15335677081 per second
q2_out_sink counter: dur=10.006284638s, value=12872, rate=639.4980985948642 per second
q2_out_sink stats (6399 samples): dur=10.006285664s, p50=0, p90=0, p99=1
q2_out_bufEntry_3 stats (200 samples): dur=11.699234626s, p50=20, p90=39, p99=513
q2_out_bufSize_3 stats (200 samples): dur=11.699234193s, p50=5005, p90=9907, p99=131031
WaitAlignTime_0(ms) stats (200 samples): dur=25.079838232s, p50=0, p90=0, p99=0
createChkpt_3(ms) stats (200 samples): dur=25.078135279s, p50=1, p90=53, p99=100
nexmark_src_src counter: dur=10.018285905s, value=2641899, rate=87790.96627308721 per second
q2_out_sink counter: dur=10.001554601s, value=19304, rate=643.1000236060202 per second
q2_out_sink stats (6432 samples): dur=10.001553783s, p50=0, p90=0, p99=1
q2_out_bufEntry_3 stats (200 samples): dur=11.889484658s, p50=20, p90=41, p99=511
q2_out_bufSize_3 stats (200 samples): dur=11.889488952s, p50=5017, p90=10559, p99=130915
nexmark_src_src counter: dur=10.003294373s, value=3524069, rate=88187.9476006499 per second
q2_out_sink counter: dur=10.001968522s, value=26430, rate=712.4597507306572 per second
q2_out_sink stats (7126 samples): dur=10.001970075s, p50=0, p90=0, p99=1
q2_out_bufEntry_3 stats (200 samples): dur=11.910901887s, p50=19, p90=41, p99=507
q2_out_bufSize_3 stats (200 samples): dur=11.910898874s, p50=4921, p90=10726, p99=130957
nexmark_src_src counter: dur=10.008409297s, value=4404798, rate=87998.89911216927 per second
q2_out_sink counter: dur=10.001671354s, value=32789, rate=635.793736359556 per second
q2_out_sink stats (6359 samples): dur=10.001670595s, p50=0, p90=0, p99=1
WaitAlignTime_0(ms) stats (200 samples): dur=25.021252158s, p50=0, p90=0, p99=0
createChkpt_3(ms) stats (200 samples): dur=25.021017754s, p50=1, p90=45, p99=77
q2_out_bufEntry_3 stats (200 samples): dur=11.796907658s, p50=20, p90=38, p99=506
q2_out_bufSize_3 stats (200 samples): dur=11.796905962s, p50=5168, p90=9762, p99=130911
nexmark_src_src counter: dur=10.013073727s, value=5286024, rate=88007.54134305396 per second
q2_out_sink counter: dur=10.005571186s, value=39196, rate=640.3432528634453 per second
q2_out_sink stats (6407 samples): dur=10.005573369s, p50=0, p90=0, p99=1
nexmark_src_src counter: dur=10.010818864s, value=6167170, rate=88019.37303737433 per second
q2_out_sink counter: dur=10.00127863s, value=46444, rate=724.7073367458017 per second
q2_out_sink stats (7248 samples): dur=10.001274728s, p50=0, p90=0, p99=1
q2_out_bufEntry_3 stats (200 samples): dur=11.895229386s, p50=20, p90=37, p99=507
q2_out_bufSize_3 stats (200 samples): dur=11.895232217s, p50=5339, p90=9674, p99=131000
WaitAlignTime_0(ms) stats (200 samples): dur=24.279362204s, p50=0, p90=0, p99=0
createChkpt_3(ms) stats (200 samples): dur=24.279551616s, p50=1, p90=29, p99=70
nexmark_src_src counter: dur=10.006916967s, value=7048232, rate=88045.29935698425 per second
q2_out_sink counter: dur=10.003565523s, value=52724, rate=627.7761649644967 per second
q2_out_sink stats (6280 samples): dur=10.003581352s, p50=0, p90=0, p99=1
q2_out_bufEntry_3 stats (200 samples): dur=11.579547326s, p50=18, p90=40, p99=507
q2_out_bufSize_3 stats (200 samples): dur=11.579544629s, p50=4718, p90=10127, p99=130935
nexmark_src_src counter: dur=10.002102479s, value=7929120, rate=88070.28340786109 per second
q2_out_sink counter: dur=10.002089822s, value=59223, rate=649.7642108457362 per second
q2_out_sink stats (6499 samples): dur=10.00207444s, p50=0, p90=0, p99=1
q2_out_bufEntry_3 stats (200 samples): dur=11.928753363s, p50=21, p90=42, p99=505
q2_out_bufSize_3 stats (200 samples): dur=11.928756452s, p50=5396, p90=10684, p99=131024
WaitAlignTime_0(ms) stats (200 samples): dur=24.613825754s, p50=0, p90=0, p99=0
createChkpt_3(ms) stats (200 samples): dur=24.645129309s, p50=1, p90=44, p99=77
nexmark_src_src counter: dur=10.002904336s, value=8809390, rate=88001.44142456187 per second
q2_out_sink counter: dur=10.020759793s, value=66544, rate=730.5833241421557 per second
q2_out_sink stats (7321 samples): dur=10.020764733s, p50=0, p90=0, p99=1
q2_out_bufEntry_3 stats (200 samples): dur=11.63314477s, p50=20, p90=39, p99=507
q2_out_bufSize_3 stats (200 samples): dur=11.633143631s, p50=5047, p90=10112, p99=130977
nexmark_src_src counter: dur=10.002961312s, value=9689831, rate=88018.03511364016 per second
q2_out_sink counter: dur=10.010799021s, value=73046, rate=649.4986050924136 per second
q2_out_sink stats (6502 samples): dur=10.010794544s, p50=0, p90=0, p99=1
q2_out_bufEntry_3 stats (200 samples): dur=11.760299215s, p50=20, p90=40, p99=508
q2_out_bufSize_3 stats (200 samples): dur=11.760300324s, p50=5175, p90=10356, p99=130918
nexmark_src_src counter: dur=10.028491569s, value=10566552, rate=87423.01810474803 per second
q2_out_sink counter: dur=10.001130422s, value=79356, rate=630.9286784341467 per second
q2_out_sink stats (6310 samples): dur=10.001135614s, p50=0, p90=0, p99=1
WaitAlignTime_0(ms) stats (200 samples): dur=24.389060125s, p50=0, p90=0, p99=0
createChkpt_3(ms) stats (200 samples): dur=24.376584151s, p50=1, p90=29, p99=52
q2_out_bufEntry_3 stats (200 samples): dur=11.644057768s, p50=19, p90=39, p99=507
q2_out_bufSize_3 stats (200 samples): dur=11.644055078s, p50=4965, p90=10097, p99=130926
nexmark_src_src counter: dur=10.004429889s, value=11452799, rate=88585.45762557045 per second
q2_out_sink counter: dur=10.016818559s, value=85900, rate=653.3012414525856 per second
q2_out_sink stats (6544 samples): dur=10.016810332s, p50=0, p90=0, p99=1
nexmark_src_src counter: dur=10.004175554s, value=12333343, rate=88017.64775588423 per second
q2_out_sink counter: dur=10.008827995s, value=93035, rate=712.8706781217894 per second
q2_out_sink stats (7135 samples): dur=10.00883058s, p50=0, p90=0, p99=1
q2_out_bufEntry_3 stats (200 samples): dur=11.776633136s, p50=21, p90=41, p99=505
q2_out_bufSize_3 stats (200 samples): dur=11.776633795s, p50=5376, p90=10492, p99=130920
WaitAlignTime_0(ms) stats (200 samples): dur=24.627442893s, p50=0, p90=0, p99=0
createChkpt_3(ms) stats (200 samples): dur=24.60869204s, p50=1, p90=38, p99=74
nexmark_src_src counter: dur=10.000489187s, value=13213446, rate=88005.99486113919 per second
q2_out_sink counter: dur=10.015369788s, value=99463, rate=641.8135461859594 per second
q2_out_sink stats (6428 samples): dur=10.015371475s, p50=0, p90=0, p99=1
q2_out_bufEntry_3 stats (200 samples): dur=11.8847318s, p50=18, p90=41, p99=506
q2_out_bufSize_3 stats (200 samples): dur=11.884732591s, p50=4681, p90=10543, p99=130913
nexmark_src_src counter: dur=10.004733844s, value=14093880, rate=88001.74134847279 per second
q2_out_sink counter: dur=10.011975825s, value=105921, rate=645.0275263224579 per second
q2_out_sink stats (6458 samples): dur=10.011976281s, p50=0, p90=0, p99=1
q2_out_bufEntry_3 stats (200 samples): dur=12.001412764s, p50=20, p90=45, p99=507
q2_out_bufSize_3 stats (200 samples): dur=12.0014128s, p50=5133, p90=11531, p99=130981
nexmark_src_src counter: dur=10.000953478s, value=14974077, rate=88011.30831537701 per second
q2_out_sink counter: dur=10.000630686s, value=113159, rate=723.7543538261604 per second
q2_out_sink stats (7238 samples): dur=10.00063343s, p50=0, p90=0, p99=1
WaitAlignTime_0(ms) stats (200 samples): dur=24.69399425s, p50=0, p90=0, p99=0
createChkpt_3(ms) stats (200 samples): dur=24.719097414s, p50=2, p90=41, p99=65
q2_out_bufEntry_3 stats (200 samples): dur=11.698917356s, p50=19, p90=42, p99=507
q2_out_bufSize_3 stats (200 samples): dur=11.698917581s, p50=4922, p90=10815, p99=130850
3 producer ended, map[] remain
exit due to ctrlMsg
createChkpt_3(ms) (59 samples): dur=7.218833909s, data=[1 1 1 1 1 1 14 50 2 1 1 1 2 37 18 34 1 1 1 1 35 16 9 1 1 1 1 35 8 38 5 19 2 34 1 43 2 1 1 10 1 2 12 18 2 1 1 1 42 9 30 2 2 1 1 1 59 9 1]
[3]duration: 180.107933 s, uts: 1709470876018
WaitAlignTime_0(ms) (59 samples): dur=7.248144199s, data=[0 0 0 0 0 0 0 0 0 0 0 0 0 0 0 0 0 0 0 0 0 0 0 0 0 0 0 0 0 0 0 0 0 0 0 0 0 0 0 0 0 0 0 0 0 0 0 0 0 0 0 0 0 0 0 0 0 0 0]
nexmark_src_src msgCnt 15841460, ctrlCnt 1460, epochCnt 0, logEntry 43635
sink msgCnt 119580, ctrlCnt 1460
