parallel restore str: , false
env str: , async2ndPhase: false
env str: , create snapshot: false
2024/03/03 08:32:33 [INFO] Load configuration for function scale[40]
2024/03/03 08:32:33 [INFO] Load configuration for function chkptmngr[60]
2024/03/03 08:32:33 [INFO] Load configuration for function redisSetup[70]
2024/03/03 08:32:33 [INFO] Load configuration for function source[20]
2024/03/03 08:32:33 [INFO] Load configuration for function query1[30]
2024/03/03 08:32:33 [INFO] Parse FAAS_ENGINE_ID: 1
2024/03/03 08:32:33 [INFO] Start new FuncWorker with client id 11
Enter nexmark: funcName: chkptmngr
2024/03/03 08:32:33 [INFO] Handshake with engine done
redis address is [snapcache-1:6666 snapcache-2:6666 snapcache-3:6666 snapcache-4:6666]
ChkptMngrInput:
	SrcTopicName         : nexmark_src
	FinalOutputTopicNames: [q1_out]
	FinalNumOutPartitions: [4]
	BufMaxSize           : 131072
	SrcNumPart           : 4
	ChkptEveryMs: 100
	Guarantee            : ALIGN_CHKPT
	SerdeFormat          : MSGP
new buffered sink stream nexmark_src[0] with bufMaxSize 131072
new buffered sink stream nexmark_src[1] with bufMaxSize 131072
new buffered sink stream nexmark_src[2] with bufMaxSize 131072
new buffered sink stream nexmark_src[3] with bufMaxSize 131072
e2eChkptElapsed(ms) stats (200 samples): dur=22.701011679s, p50=9, p90=19, p99=37
e2eChkptElapsed(ms) stats (200 samples): dur=23.066191292s, p50=9, p90=25, p99=47
e2eChkptElapsed(ms) stats (200 samples): dur=22.936796855s, p50=9, p90=20, p99=47
e2eChkptElapsed(ms) stats (200 samples): dur=23.009464305s, p50=9, p90=25, p99=47
e2eChkptElapsed(ms) stats (200 samples): dur=23.106145794s, p50=9, p90=30, p99=53
e2eChkptElapsed(ms) stats (200 samples): dur=23.313297872s, p50=9, p90=30, p99=66
e2eChkptElapsed(ms) stats (200 samples): dur=22.958979573s, p50=9, p90=20, p99=52
e2eChkptElapsed(ms) (164 samples): dur=18.666318554s, data=[9 9 9 9 12 9 9 9 9 9 9 9 45 9 9 9 9 9 9 9 9 9 10 9 9 14 9 14 9 9 9 9 9 14 9 9 9 10 9 9 9 9 9 14 8 9 14 9 15 20 9 9 9 9 9 9 14 9 14 9 9 14 9 9 19 9 9 9 9 9 9 9 9 9 9 15 9 9 9 41 15 9 9 9 14 9 9 9 9 9 9 9 9 9 36 9 8 9 9 9 9 9 10 9 9 9 9 9 9 36 14 9 9 9 14 9 58 36 9 14 15 9 9 31 9 9 9 14 9 9 14 47 9 9 14 9 14 9 9 14 14 9 9 9 9 30 9 9 9 9 9 14 14 9 9 9 9 9 9 9 31 9 14 9]
