parallel restore str: , false
env str: , async2ndPhase: false
env str: , create snapshot: false
2024/03/03 08:23:57 [INFO] Load configuration for function scale[40]
2024/03/03 08:23:57 [INFO] Load configuration for function chkptmngr[60]
2024/03/03 08:23:57 [INFO] Load configuration for function redisSetup[70]
2024/03/03 08:23:57 [INFO] Load configuration for function source[20]
2024/03/03 08:23:57 [INFO] Load configuration for function query1[30]
2024/03/03 08:23:57 [INFO] Parse FAAS_ENGINE_ID: 8
2024/03/03 08:23:57 [INFO] Parse FAAS_ENGINE_ID: 8
2024/03/03 08:23:57 [INFO] Current GOMAXPROCS is 2
2024/03/03 08:23:57 [INFO] Parse FAAS_ENGINE_ID: 8
2024/03/03 08:23:57 [INFO] Current GOMAXPROCS is 3
2024/03/03 08:23:57 [INFO] Parse FAAS_ENGINE_ID: 8
2024/03/03 08:23:57 [INFO] Current GOMAXPROCS is 4
2024/03/03 08:23:57 [INFO] Start new FuncWorker with client id 1
2024/03/03 08:23:57 [INFO] Start new FuncWorker with client id 2
2024/03/03 08:23:57 [INFO] Start new FuncWorker with client id 4
2024/03/03 08:23:57 [INFO] Start new FuncWorker with client id 3
Enter nexmark: funcName: query1
Enter nexmark: funcName: query1
2024/03/03 08:23:57 [INFO] Handshake with engine done
2024/03/03 08:23:57 [INFO] Handshake with engine done
Enter nexmark: funcName: query1
Enter nexmark: funcName: query1
2024/03/03 08:23:57 [INFO] Handshake with engine done
2024/03/03 08:23:57 [INFO] Handshake with engine done
new buffered sink stream nexmark_src[0] with bufMaxSize 131072
new buffered sink stream nexmark_src[1] with bufMaxSize 131072
new buffered sink stream nexmark_src[2] with bufMaxSize 131072
new buffered sink stream nexmark_src[3] with bufMaxSize 131072
new buffered sink stream q1_out[0] with bufMaxSize 131072
new buffered sink stream q1_out[1] with bufMaxSize 131072
new buffered sink stream q1_out[2] with bufMaxSize 131072
new buffered sink stream q1_out[3] with bufMaxSize 131072
nexmark_src notEnded: map[1:{}], notScaleFence: map[1:{}]
redis address is [snapcache-1:6666 snapcache-2:6666 snapcache-3:6666 snapcache-4:6666]
new buffered sink stream __control_log_q1[0] with bufMaxSize 131072
new buffered sink stream __control_log_q1[0] with bufMaxSize 131072
[0] finished prev task source, funcName query1, meta epoch 0, current epoch 1, cmm instance 1, remain instances: map[]
[1] finished prev task source, funcName query1, meta epoch 0, current epoch 1, cmm instance 1, remain instances: map[]
[2] finished prev task source, funcName query1, meta epoch 0, current epoch 1, cmm instance 1, remain instances: map[]
[3] finished prev task source, funcName query1, meta epoch 0, current epoch 1, cmm instance 1, remain instances: map[]
[0] finished prev task query1, funcName query1, meta epoch 0, current epoch 1, cmm instance 1, remain instances: map[]
[1] prodId: ProducerId: {TaskId: 0x2000300000001, TaskEpoch: 0x1}, warmup time: 0s, flush every: 100ms, waitEndMark: true
nexmark_src_src counter: dur=10.007488304s, value=322742, rate=32250.050182022173 per second
q1_out_sink counter: dur=10.007420003s, value=296490, rate=29627.01674468734 per second
q1_out_sink stats (296490 samples): dur=10.007995772s, p50=0, p90=0, p99=0
q1_out_bufEntry_1 stats (660 samples): dur=10.01429918s, p50=515, p90=518, p99=520
q1_out_bufSize_1 stats (660 samples): dur=10.014341573s, p50=130891, p90=131039, p99=131067
nexmark_src_src counter: dur=10.006033608s, value=643038, rate=32010.28624808113 per second
q1_out_sink counter: dur=10.006071317s, value=591038, rate=29436.927907916488 per second
q1_out_sink stats (294548 samples): dur=10.006103574s, p50=0, p90=0, p99=0
q1_out_bufEntry_1 stats (659 samples): dur=10.005889871s, p50=515, p90=518, p99=520
q1_out_bufSize_1 stats (659 samples): dur=10.005890436s, p50=130893, p90=131024, p99=131066
WaitAlignTime_0(ms) stats (200 samples): dur=22.562989409s, p50=0, p90=0, p99=0
createChkpt_1(ms) stats (200 samples): dur=22.561921234s, p50=1, p90=2, p99=34
nexmark_src_src counter: dur=10.005906465s, value=962824, rate=31959.72310140918 per second
q1_out_sink counter: dur=10.009747208s, value=885554, rate=29422.920867034147 per second
q1_out_sink stats (294516 samples): dur=10.009712722s, p50=0, p90=0, p99=0
q1_out_bufEntry_1 stats (650 samples): dur=10.010289252s, p50=515, p90=518, p99=520
q1_out_bufSize_1 stats (650 samples): dur=10.010288542s, p50=130892, p90=131039, p99=131070
nexmark_src_src counter: dur=10.002079752s, value=1283455, rate=32056.4330569237 per second
q1_out_sink counter: dur=10.000115208s, value=1180427, rate=29486.960286627927 per second
q1_out_sink stats (294900 samples): dur=10.01190145s, p50=0, p90=0, p99=0
q1_out_bufEntry_1 stats (658 samples): dur=10.011400739s, p50=512, p90=516, p99=519
q1_out_bufSize_1 stats (658 samples): dur=10.011396236s, p50=130906, p90=131033, p99=131066
WaitAlignTime_0(ms) stats (200 samples): dur=22.71453575s, p50=0, p90=0, p99=0
createChkpt_1(ms) stats (200 samples): dur=22.713019941s, p50=1, p90=1, p99=41
q1_out_sink counter: dur=10.000642428s, value=1474558, rate=29411.210541483422 per second
nexmark_src_src counter: dur=10.013399383s, value=1603928, rate=32004.416057155882 per second
q1_out_sink stats (294601 samples): dur=10.000872713s, p50=0, p90=0, p99=0
q1_out_bufEntry_1 stats (654 samples): dur=10.002708692s, p50=511, p90=514, p99=516
q1_out_bufSize_1 stats (654 samples): dur=10.002725359s, p50=130893, p90=131040, p99=131069
q1_out_sink counter: dur=10.000624922s, value=1768962, rate=29438.560319600794 per second
nexmark_src_src counter: dur=10.000908922s, value=1924080, rate=32012.29033250464 per second
q1_out_sink stats (294612 samples): dur=10.012785908s, p50=0, p90=0, p99=0
q1_out_bufEntry_1 stats (659 samples): dur=10.00208634s, p50=511, p90=514, p99=515
q1_out_bufSize_1 stats (659 samples): dur=10.002088652s, p50=130895, p90=131030, p99=131063
WaitAlignTime_0(ms) stats (200 samples): dur=22.703743605s, p50=0, p90=0, p99=0
createChkpt_1(ms) stats (200 samples): dur=22.705467258s, p50=1, p90=2, p99=28
q1_out_sink counter: dur=10.004718358s, value=2063514, rate=29441.308536633573 per second
nexmark_src_src counter: dur=10.006345246s, value=2244360, rate=32007.69033309447 per second
q1_out_sink stats (294579 samples): dur=10.006585341s, p50=0, p90=0, p99=0
q1_out_bufEntry_1 stats (663 samples): dur=10.020723807s, p50=511, p90=514, p99=516
q1_out_bufSize_1 stats (663 samples): dur=10.020706216s, p50=130896, p90=131039, p99=131066
q1_out_sink counter: dur=10.010290062s, value=2358174, rate=29435.710471423503 per second
nexmark_src_src counter: dur=10.010544537s, value=2564769, rate=32007.14994231687 per second
q1_out_sink stats (294692 samples): dur=10.008527648s, p50=0, p90=0, p99=0
q1_out_bufEntry_1 stats (660 samples): dur=10.004060455s, p50=511, p90=514, p99=515
q1_out_bufSize_1 stats (660 samples): dur=10.004064853s, p50=130899, p90=131039, p99=131069
q1_out_sink counter: dur=10.011964843s, value=2652926, rate=29439.975531484197 per second
nexmark_src_src counter: dur=10.011427247s, value=2885241, rate=32010.620673094523 per second
q1_out_sink stats (294632 samples): dur=10.001940494s, p50=0, p90=0, p99=0
q1_out_bufEntry_1 stats (661 samples): dur=10.000874699s, p50=511, p90=514, p99=516
q1_out_bufSize_1 stats (661 samples): dur=10.000872721s, p50=130897, p90=131038, p99=131068
WaitAlignTime_0(ms) stats (200 samples): dur=22.598509421s, p50=0, p90=0, p99=0
createChkpt_1(ms) stats (200 samples): dur=22.597076163s, p50=1, p90=1, p99=34
q1_out_sink counter: dur=10.005084432s, value=2947474, rate=29439.8315178556 per second
nexmark_src_src counter: dur=10.005377716s, value=3205522, rate=32010.885454911495 per second
q1_out_sink stats (294316 samples): dur=10.003618133s, p50=0, p90=0, p99=0
q1_out_bufEntry_1 stats (661 samples): dur=10.004284062s, p50=511, p90=514, p99=516
q1_out_bufSize_1 stats (661 samples): dur=10.004281716s, p50=130903, p90=131035, p99=131066
q1_out_sink counter: dur=10.006889675s, value=3242081, rate=29440.41650983826 per second
nexmark_src_src counter: dur=10.006723088s, value=3525802, rate=32006.481760655275 per second
q1_out_sink stats (294562 samples): dur=10.006726008s, p50=0, p90=0, p99=0
q1_out_bufEntry_1 stats (661 samples): dur=10.010644485s, p50=507, p90=510, p99=512
q1_out_bufSize_1 stats (661 samples): dur=10.010650229s, p50=130903, p90=131041, p99=131068
WaitAlignTime_0(ms) stats (200 samples): dur=22.620576901s, p50=0, p90=0, p99=0
createChkpt_1(ms) stats (200 samples): dur=22.62156936s, p50=1, p90=2, p99=30
q1_out_sink counter: dur=10.005797191s, value=3536686, rate=29443.431080633025 per second
nexmark_src_src counter: dur=10.00495044s, value=3846076, rate=32011.55287281963 per second
q1_out_sink stats (294590 samples): dur=10.004967929s, p50=0, p90=0, p99=0
q1_out_bufEntry_1 stats (664 samples): dur=10.003838348s, p50=507, p90=510, p99=511
q1_out_bufSize_1 stats (664 samples): dur=10.003836419s, p50=130896, p90=131046, p99=131068
q1_out_sink counter: dur=10.001178213s, value=3831114, rate=29439.331419701 per second
nexmark_src_src counter: dur=10.001189115s, value=4166217, rate=32010.293607971635 per second
q1_out_sink stats (294432 samples): dur=10.001148533s, p50=0, p90=0, p99=0
q1_out_bufEntry_1 stats (662 samples): dur=10.007709204s, p50=507, p90=510, p99=511
q1_out_bufSize_1 stats (662 samples): dur=10.007703531s, p50=130895, p90=131034, p99=131067
WaitAlignTime_0(ms) stats (200 samples): dur=22.988320444s, p50=0, p90=0, p99=0
createChkpt_1(ms) stats (200 samples): dur=22.9884844s, p50=1, p90=6, p99=36
q1_out_sink counter: dur=10.001713495s, value=4125603, rate=29443.8548102002 per second
nexmark_src_src counter: dur=10.003619656s, value=4486352, rate=32001.916407126544 per second
q1_out_sink stats (294501 samples): dur=10.003594453s, p50=0, p90=0, p99=0
q1_out_bufEntry_1 stats (677 samples): dur=10.024232344s, p50=507, p90=510, p99=512
q1_out_bufSize_1 stats (677 samples): dur=10.024235568s, p50=130897, p90=131038, p99=131067
q1_out_sink counter: dur=10.000248641s, value=4419946, rate=29433.56816081789 per second
nexmark_src_src counter: dur=10.010403931s, value=4806791, rate=32010.596396382316 per second
q1_out_sink stats (294755 samples): dur=10.010402136s, p50=0, p90=0, p99=0
q1_out_bufEntry_1 stats (671 samples): dur=10.009779725s, p50=507, p90=510, p99=512
q1_out_bufSize_1 stats (671 samples): dur=10.009779321s, p50=130893, p90=131038, p99=131066
WaitAlignTime_0(ms) stats (200 samples): dur=22.873546306s, p50=0, p90=0, p99=0
createChkpt_1(ms) stats (200 samples): dur=22.873658451s, p50=1, p90=2, p99=23
q1_out_sink counter: dur=10.006892057s, value=4714555, rate=29440.60936421471 per second
nexmark_src_src counter: dur=10.008955829s, value=5127167, rate=32008.933346647504 per second
q1_out_sink stats (294560 samples): dur=10.0091322s, p50=0, p90=0, p99=0
q1_out_bufEntry_1 stats (662 samples): dur=10.009392757s, p50=507, p90=510, p99=512
q1_out_bufSize_1 stats (662 samples): dur=10.009395398s, p50=130892, p90=131036, p99=131070
q1_out_sink counter: dur=10.012014539s, value=5009306, rate=29439.729522150665 per second
nexmark_src_src counter: dur=10.010088452s, value=5447574, rate=32008.40847075464 per second
q1_out_sink stats (294756 samples): dur=10.009957488s, p50=0, p90=0, p99=0
q1_out_bufEntry_1 stats (665 samples): dur=10.011183893s, p50=507, p90=510, p99=512
q1_out_bufSize_1 stats (665 samples): dur=10.011184252s, p50=130900, p90=131042, p99=131067
1 producer ended, map[] remain
exit due to ctrlMsg
createChkpt_1(ms) (182 samples): dur=20.808648853s, data=[1 1 1 1 1 12 1 9 1 1 1 1 1 1 1 1 12 1 25 1 1 2 1 1 1 1 1 11 1 29 1 1 1 1 1 1 1 1 13 1 20 1 1 1 1 1 1 1 1 35 1 1 1 1 1 1 1 1 1 1 1 19 1 1 1 1 1 1 1 1 1 1 19 1 1 1 1 1 1 2 2 1 1 1 52 1 1 2 1 1 1 1 1 1 1 32 1 1 1 1 1 1 1 1 1 1 1 1 1 1 1 1 1 1 1 1 1 12 1 1 1 1 1 1 1 1 1 1 1 1 38 1 1 1 1 1 1 1 1 1 2 2 1 2 1 1 1 1 1 1 20 1 1 1 1 1 1 1 1 2 1 1 1 1 25 1 1 1 1 1 1 1 1 18 1 2 1 1 1 1 1 1]
[1]duration: 180.010066 s, uts: 1709454559652
WaitAlignTime_0(ms) (182 samples): dur=20.81320777s, data=[0 0 0 0 0 0 0 0 0 0 0 0 0 0 0 0 0 0 0 0 0 0 0 0 0 0 0 0 0 0 0 0 0 0 0 0 0 0 0 0 0 0 0 0 0 0 0 0 0 0 0 0 0 0 0 0 0 0 0 0 0 0 0 0 0 0 0 0 0 0 0 0 0 0 0 0 0 0 0 0 0 0 0 0 0 0 0 0 0 0 0 0 0 0 0 0 0 0 0 0 0 0 0 0 0 0 0 0 0 0 0 0 0 0 0 0 0 0 0 0 0 0 0 0 0 0 0 0 0 0 0 0 0 0 0 0 0 0 0 0 0 0 0 0 0 0 0 0 0 0 0 0 0 0 0 0 0 0 0 0 0 0 0 0 0 0 0 0 0 0 0 0 0 0 0 0 0 0 0 0 0 0]
nexmark_src_src msgCnt 5761583, ctrlCnt 1583, epochCnt 0, logEntry 14196
sink msgCnt 5299200, ctrlCnt 1583
