wait for last: true, sink max_buf_size: 131072
warmup: 0
config: map[NodeConstraint:"1,2,3,4" NumInstance:4 OutputTopicName:["nexmark_src"] funcName:"source"]
config: map[Final:true InputTopicNames:["nexmark_src"] NodeConstraint:"5,6,7,8" NumInstance:4 NumSrcProducer:[1] OutputTopicName:["fanout_out"] funcName:"fanout"]
srcInvokeConfig: &{FinalTpNames:[fanout_out] TopicName:nexmark_src AppId:fanout NodeConstraint:1,2,3,4 AdditionalBytes:0 ScaleEpoch:0 NumOutPartition:4 InstanceID:0 NumSrcInstance:4}
cliNodes: [0xc000026160]
inParamsMap: map[fanout:[0xc00007eaa0 0xc00007eb40 0xc00007ebe0 0xc00007ec80]]
configScaleInput: &{Config:map[fanout:4 fanout_out:64 nexmark_src:4 source:4] AppId:fanout FuncNames:[source fanout] BufMaxSize:131072 ScaleEpoch:0 SerdeFormat:1 Bootstrap:false}
encoded json is {"sg":{"fanout":4,"fanout_out":64,"nexmark_src":4,"source":4},"aid":"fanout","fns":["source","fanout"],"bufMaxSize":131072,"epoch":1,"serdeFormat":1,"bs":true}, node constraint is 1
func source url is http://ip-172-31-11-232.us-east-2.compute.internal:8080/function/source
func source url is http://ip-172-31-11-232.us-east-2.compute.internal:8080/function/source
func source url is http://ip-172-31-11-232.us-east-2.compute.internal:8080/function/source
func source url is http://ip-172-31-11-232.us-east-2.compute.internal:8080/function/source
src instance: 4
encoded json is {"topic_name":"nexmark_src","rate_shape":"square","aid":"fanout","events_num":46080000,"rate_period":10000000000,"finOutTpNs":["fanout_out"],"first_event_rate":256000,"next_event_rate":256000,"bid_avg_size":100,"person_avg_size":200,"auction_avg_size":500,"duration":180,"person_proportion":1,"auction_proportion":3,"bid_proportion":46,"bid_hot_ratio_auctions":2,"bid_hot_ratio_bidders":4,"auction_hot_ratio_sellers":4,"flushms":10,"bufMaxSize":131072,"commEveryMs":100,"rate_limited":false,"waitEnd":true,"serde_format":1,"numOutPar":4,"parNum":3,"nSrcIns":4,"gua":3}, node constraint is 1,2,3,4
encoded json is {"topic_name":"nexmark_src","rate_shape":"square","aid":"fanout","events_num":46080000,"rate_period":10000000000,"finOutTpNs":["fanout_out"],"first_event_rate":256000,"next_event_rate":256000,"bid_avg_size":100,"person_avg_size":200,"auction_avg_size":500,"duration":180,"person_proportion":1,"auction_proportion":3,"bid_proportion":46,"bid_hot_ratio_auctions":2,"bid_hot_ratio_bidders":4,"auction_hot_ratio_sellers":4,"flushms":10,"bufMaxSize":131072,"commEveryMs":100,"rate_limited":false,"waitEnd":true,"serde_format":1,"numOutPar":4,"nSrcIns":4,"gua":3}, node constraint is 1,2,3,4
encoded json is {"topic_name":"nexmark_src","rate_shape":"square","aid":"fanout","events_num":46080000,"rate_period":10000000000,"finOutTpNs":["fanout_out"],"first_event_rate":256000,"next_event_rate":256000,"bid_avg_size":100,"person_avg_size":200,"auction_avg_size":500,"duration":180,"person_proportion":1,"auction_proportion":3,"bid_proportion":46,"bid_hot_ratio_auctions":2,"bid_hot_ratio_bidders":4,"auction_hot_ratio_sellers":4,"flushms":10,"bufMaxSize":131072,"commEveryMs":100,"rate_limited":false,"waitEnd":true,"serde_format":1,"numOutPar":4,"parNum":2,"nSrcIns":4,"gua":3}, node constraint is 1,2,3,4
encoded json is {"topic_name":"nexmark_src","rate_shape":"square","aid":"fanout","events_num":46080000,"rate_period":10000000000,"finOutTpNs":["fanout_out"],"first_event_rate":256000,"next_event_rate":256000,"bid_avg_size":100,"person_avg_size":200,"auction_avg_size":500,"duration":180,"person_proportion":1,"auction_proportion":3,"bid_proportion":46,"bid_hot_ratio_auctions":2,"bid_hot_ratio_bidders":4,"auction_hot_ratio_sellers":4,"flushms":10,"bufMaxSize":131072,"commEveryMs":100,"rate_limited":false,"waitEnd":true,"serde_format":1,"numOutPar":4,"parNum":1,"nSrcIns":4,"gua":3}, node constraint is 1,2,3,4
Waiting for all client to return
func name is fanout
func url is http://ip-172-31-11-232.us-east-2.compute.internal:8080/function/fanout
func name is fanout
func url is http://ip-172-31-11-232.us-east-2.compute.internal:8080/function/fanout
func name is fanout
func url is http://ip-172-31-11-232.us-east-2.compute.internal:8080/function/fanout
func name is fanout
func url is http://ip-172-31-11-232.us-east-2.compute.internal:8080/function/fanout
encoded json is {"aid":"fanout","numOutPartition":"QA==","numSubstreamProducer":"AQ==","outputTopicName":["fanout_out"],"inputTopicName":["nexmark_src"],"commEveryMs":100,"flushMs":100,"duration":180,"bufMaxSize":131072,"epoch":1,"waitEnd":true,"numInPartition":4,"gua":3,"serdeFormat":1}, node constraint is 5,6,7,8
encoded json is {"aid":"fanout","numOutPartition":"QA==","numSubstreamProducer":"AQ==","outputTopicName":["fanout_out"],"inputTopicName":["nexmark_src"],"commEveryMs":100,"flushMs":100,"duration":180,"bufMaxSize":131072,"epoch":1,"waitEnd":true,"numInPartition":4,"ParNum":3,"gua":3,"serdeFormat":1}, node constraint is 5,6,7,8
encoded json is {"aid":"fanout","numOutPartition":"QA==","numSubstreamProducer":"AQ==","outputTopicName":["fanout_out"],"inputTopicName":["nexmark_src"],"commEveryMs":100,"flushMs":100,"duration":180,"bufMaxSize":131072,"epoch":1,"waitEnd":true,"numInPartition":4,"ParNum":1,"gua":3,"serdeFormat":1}, node constraint is 5,6,7,8
encoded json is {"aid":"fanout","numOutPartition":"QA==","numSubstreamProducer":"AQ==","outputTopicName":["fanout_out"],"inputTopicName":["nexmark_src"],"commEveryMs":100,"flushMs":100,"duration":180,"bufMaxSize":131072,"epoch":1,"waitEnd":true,"numInPartition":4,"ParNum":2,"gua":3,"serdeFormat":1}, node constraint is 5,6,7,8
source-3 invoke done
source-2 invoke done
source-0 invoke done
source-1 invoke done
fanout-3 call done
fanout-0 call done
fanout-2 call done
fanout-1 call done
sink_ctrl processed: 1, throughput: (event/s) 0.005555480243983907
sink processed: 11520001, throughput: (event/s) 63999.13796617485
source-0 duration: 180.002440128

sink processed: 11520001, throughput: (event/s) 63999.10718586596
sink_ctrl processed: 1, throughput: (event/s) 0.005555477572082326
source-1 duration: 180.0025267

sink processed: 11519967, throughput: (event/s) 63998.83393221667
sink_ctrl processed: 1, throughput: (event/s) 0.0055554702485012914
source-2 duration: 180.002763991

sink processed: 11519979, throughput: (event/s) 63998.98495149313
sink_ctrl processed: 1, throughput: (event/s) 0.0055554775708786565
source-3 duration: 180.002526739

sink_ctrl processed 4 events, duration: 180.002763991, tp: 0.022222
sink processed 46079948 events, duration: 180.002763991, tp: 255995.780166

eventTimeLatency_fanoutSink, p50: 31 ms, p90: 94 ms, p99: 112 ms
nexmark_src_src_ctrl processed: 1, throughput: (event/s) 0.0055470409197628
nexmark_src_src_data processed: 11520000, throughput: (event/s) 63901.91139566746
nexmark_src_src_epoch processed: 0, throughput: (event/s) 0
nexmark_src_src_logEntry processed: 30050, throughput: (event/s) 166.68857963887217
fanoutSink processed: 11520000, throughput: (event/s) 63901.91139566746
nexmark_src_src processed: 11520001, throughput: (event/s) 63901.91694270838
fanout-0 duration: 180.276297663

eventTimeLatency_fanoutSink, p50: 16 ms, p90: 69 ms, p99: 99 ms
nexmark_src_src processed: 11520001, throughput: (event/s) 63912.501226619075
nexmark_src_src_ctrl processed: 1, throughput: (event/s) 0.005547959694328071
nexmark_src_src_data processed: 11520000, throughput: (event/s) 63912.495678659376
nexmark_src_src_epoch processed: 0, throughput: (event/s) 0
nexmark_src_src_logEntry processed: 30527, throughput: (event/s) 169.36256558875303
fanoutSink processed: 11520000, throughput: (event/s) 63912.495678659376
fanout-1 duration: 180.246442854

eventTimeLatency_fanoutSink, p50: 30 ms, p90: 93 ms, p99: 112 ms
fanoutSink processed: 11519966, throughput: (event/s) 63888.78786811138
nexmark_src_src processed: 11519967, throughput: (event/s) 63888.793414029475
nexmark_src_src_ctrl processed: 1, throughput: (event/s) 0.0055459180928234845
nexmark_src_src_data processed: 11519966, throughput: (event/s) 63888.78786811138
nexmark_src_src_epoch processed: 0, throughput: (event/s) 0
nexmark_src_src_logEntry processed: 30150, throughput: (event/s) 167.20943049862805
fanout-2 duration: 180.312796414

eventTimeLatency_fanoutSink, p50: 31 ms, p90: 94 ms, p99: 119 ms
nexmark_src_src_ctrl processed: 1, throughput: (event/s) 0.005546255480605814
nexmark_src_src_data processed: 11519978, throughput: (event/s) 63892.7411189584
nexmark_src_src_epoch processed: 0, throughput: (event/s) 0
nexmark_src_src_logEntry processed: 30171, throughput: (event/s) 167.336074105358
fanoutSink processed: 11519978, throughput: (event/s) 63892.7411189584
nexmark_src_src processed: 11519979, throughput: (event/s) 63892.74666521388
fanout-3 duration: 180.301827692

fanoutSink processed 46079944 events, duration: 180.312796414
nexmark_src_src processed 46079948 events, duration: 180.312796414
nexmark_src_src_ctrl processed 4 events, duration: 180.312796414
nexmark_src_src_data processed 46079944 events, duration: 180.312796414
nexmark_src_src_epoch processed 0 events, duration: 180.312796414
nexmark_src_src_logEntry processed 120898 events, duration: 180.312796414

