parallel restore str: , false
env str: , async2ndPhase: false
env str: , create snapshot: false
2024/03/03 12:39:46 [INFO] Load configuration for function scale[40]
2024/03/03 12:39:46 [INFO] Load configuration for function chkptmngr[50]
2024/03/03 12:39:46 [INFO] Load configuration for function redisSetup[70]
2024/03/03 12:39:46 [INFO] Load configuration for function source[20]
2024/03/03 12:39:46 [INFO] Load configuration for function query2[30]
2024/03/03 12:39:46 [INFO] Parse FAAS_ENGINE_ID: 6
2024/03/03 12:39:46 [INFO] Parse FAAS_ENGINE_ID: 6
2024/03/03 12:39:46 [INFO] Current GOMAXPROCS is 2
2024/03/03 12:39:46 [INFO] Parse FAAS_ENGINE_ID: 6
2024/03/03 12:39:46 [INFO] Current GOMAXPROCS is 3
2024/03/03 12:39:46 [INFO] Parse FAAS_ENGINE_ID: 6
2024/03/03 12:39:46 [INFO] Current GOMAXPROCS is 4
2024/03/03 12:39:46 [INFO] Start new FuncWorker with client id 6
2024/03/03 12:39:46 [INFO] Start new FuncWorker with client id 7
2024/03/03 12:39:46 [INFO] Start new FuncWorker with client id 9
2024/03/03 12:39:46 [INFO] Start new FuncWorker with client id 8
Enter nexmark: funcName: query2
2024/03/03 12:39:46 [INFO] Handshake with engine done
Enter nexmark: funcName: query2
2024/03/03 12:39:46 [INFO] Handshake with engine done
Enter nexmark: funcName: query2
2024/03/03 12:39:46 [INFO] Handshake with engine done
Enter nexmark: funcName: query2
2024/03/03 12:39:46 [INFO] Handshake with engine done
new buffered sink stream nexmark_src[0] with bufMaxSize 131072
new buffered sink stream nexmark_src[1] with bufMaxSize 131072
new buffered sink stream nexmark_src[2] with bufMaxSize 131072
new buffered sink stream nexmark_src[3] with bufMaxSize 131072
new buffered sink stream q2_out[0] with bufMaxSize 131072
new buffered sink stream q2_out[1] with bufMaxSize 131072
new buffered sink stream q2_out[2] with bufMaxSize 131072
new buffered sink stream q2_out[3] with bufMaxSize 131072
nexmark_src notEnded: map[3:{}], notScaleFence: map[3:{}]
redis address is [snapcache-1:6666 snapcache-2:6666 snapcache-3:6666 snapcache-4:6666]
new buffered sink stream __control_log_q2[0] with bufMaxSize 131072
new buffered sink stream __control_log_q2[0] with bufMaxSize 131072
[0] finished prev task source, funcName query2, meta epoch 0, current epoch 1, cmm instance 3, remain instances: map[]
[1] finished prev task source, funcName query2, meta epoch 0, current epoch 1, cmm instance 3, remain instances: map[]
[2] finished prev task source, funcName query2, meta epoch 0, current epoch 1, cmm instance 3, remain instances: map[]
[3] finished prev task source, funcName query2, meta epoch 0, current epoch 1, cmm instance 3, remain instances: map[]
[0] finished prev task query2, funcName query2, meta epoch 0, current epoch 1, cmm instance 3, remain instances: map[]
[3] prodId: ProducerId: {TaskId: 0x1800800000001, TaskEpoch: 0x1}, warmup time: 0s, flush every: 100ms, waitEndMark: true
nexmark_src_src counter: dur=10.004610178s, value=802636, rate=80226.61410286484 per second
q2_out_sink counter: dur=10.004403375s, value=5345, rate=534.2647431986418 per second
q2_out_sink stats (5345 samples): dur=10.004419466s, p50=0, p90=0, p99=1
q2_out_bufEntry_3 stats (200 samples): dur=11.205560357s, p50=17, p90=33, p99=515
q2_out_bufSize_3 stats (200 samples): dur=11.205583852s, p50=4422, p90=8343, p99=130880
nexmark_src_src counter: dur=10.000101014s, value=1602961, rate=80031.69156787079 per second
q2_out_sink counter: dur=10.003577891s, value=11438, rate=609.0820770718183 per second
q2_out_sink stats (6093 samples): dur=10.003581814s, p50=0, p90=0, p99=1
q2_out_bufEntry_3 stats (200 samples): dur=11.200383911s, p50=17, p90=32, p99=513
q2_out_bufSize_3 stats (200 samples): dur=11.200382637s, p50=4352, p90=8038, p99=130892
WaitAlignTime_0(ms) stats (200 samples): dur=22.895671624s, p50=0, p90=0, p99=0
createChkpt_3(ms) stats (200 samples): dur=22.892543872s, p50=1, p90=10, p99=35
nexmark_src_src counter: dur=10.000506065s, value=2402501, rate=79949.95401265226 per second
q2_out_sink counter: dur=10.006404558s, value=17488, rate=604.6127722432627 per second
q2_out_sink stats (6050 samples): dur=10.006411262s, p50=0, p90=0, p99=1
q2_out_bufEntry_3 stats (200 samples): dur=11.165830181s, p50=16, p90=32, p99=512
q2_out_bufSize_3 stats (200 samples): dur=11.165829341s, p50=4146, p90=8334, p99=130919
nexmark_src_src counter: dur=10.011253175s, value=3203548, rate=80014.65810497795 per second
q2_out_sink counter: dur=10.005858005s, value=23702, rate=621.0361966854636 per second
q2_out_sink stats (6214 samples): dur=10.005863338s, p50=0, p90=0, p99=1
q2_out_bufEntry_3 stats (200 samples): dur=11.034903761s, p50=17, p90=33, p99=511
q2_out_bufSize_3 stats (200 samples): dur=11.03490262s, p50=4229, p90=8713, p99=130872
WaitAlignTime_0(ms) stats (200 samples): dur=22.953799881s, p50=0, p90=0, p99=0
createChkpt_3(ms) stats (200 samples): dur=22.953930719s, p50=1, p90=12, p99=36
nexmark_src_src counter: dur=10.012404646s, value=4004595, rate=80005.45606394582 per second
q2_out_sink counter: dur=10.008811566s, value=29803, rate=609.5628796454854 per second
q2_out_sink stats (6101 samples): dur=10.0088115s, p50=0, p90=0, p99=1
q2_out_bufEntry_3 stats (200 samples): dur=11.248286248s, p50=18, p90=31, p99=508
q2_out_bufSize_3 stats (200 samples): dur=11.24829071s, p50=4499, p90=7959, p99=130936
nexmark_src_src counter: dur=10.010700906s, value=4805605, rate=80015.37629796808 per second
q2_out_sink counter: dur=10.010207054s, value=35911, rate=610.1771888483856 per second
q2_out_sink stats (6108 samples): dur=10.010190645s, p50=0, p90=0, p99=1
q2_out_bufEntry_3 stats (200 samples): dur=11.351883178s, p50=17, p90=34, p99=506
q2_out_bufSize_3 stats (200 samples): dur=11.351882462s, p50=4365, p90=8886, p99=130858
WaitAlignTime_0(ms) stats (200 samples): dur=23.068136389s, p50=0, p90=0, p99=0
createChkpt_3(ms) stats (200 samples): dur=23.108254987s, p50=1, p90=15, p99=39
nexmark_src_src counter: dur=10.010587712s, value=5606609, rate=80015.68170066697 per second
q2_out_sink counter: dur=10.010573734s, value=42146, rate=622.8414240457959 per second
q2_out_sink stats (6235 samples): dur=10.010575427s, p50=0, p90=0, p99=1
q2_out_bufEntry_3 stats (200 samples): dur=11.099196973s, p50=17, p90=33, p99=508
q2_out_bufSize_3 stats (200 samples): dur=11.099193696s, p50=4358, p90=8405, p99=130914
nexmark_src_src counter: dur=10.012328868s, value=6407664, rate=80006.8605976597 per second
q2_out_sink counter: dur=10.016253285s, value=48219, rate=606.3145396986635 per second
q2_out_sink stats (6073 samples): dur=10.016257855s, p50=0, p90=0, p99=1
q2_out_bufEntry_3 stats (200 samples): dur=11.057556592s, p50=17, p90=31, p99=507
q2_out_bufSize_3 stats (200 samples): dur=11.057556442s, p50=4378, p90=8014, p99=130871
nexmark_src_src counter: dur=10.012513493s, value=7208661, rate=79999.59256584245 per second
q2_out_sink counter: dur=10.008693348s, value=54328, rate=610.3693846530665 per second
q2_out_sink stats (6109 samples): dur=10.008685603s, p50=0, p90=0, p99=1
WaitAlignTime_0(ms) stats (200 samples): dur=23.05200472s, p50=0, p90=0, p99=0
createChkpt_3(ms) stats (200 samples): dur=23.01184376s, p50=1, p90=10, p99=38
nexmark_src_src counter: dur=10.011154267s, value=8009649, rate=80009.55520586825 per second
q2_out_sink counter: dur=10.011172847s, value=60493, rate=615.8119627159805 per second
q2_out_sink stats (6165 samples): dur=10.011176708s, p50=0, p90=0, p99=1
q2_out_bufEntry_3 stats (200 samples): dur=10.744243228s, p50=17, p90=32, p99=507
q2_out_bufSize_3 stats (200 samples): dur=10.744244244s, p50=4296, p90=8398, p99=130877
nexmark_src_src counter: dur=10.011129648s, value=8810734, rate=80019.44117865249 per second
q2_out_sink counter: dur=10.011103155s, value=66498, rate=599.8339950179046 per second
q2_out_sink stats (6005 samples): dur=10.011102705s, p50=0, p90=0, p99=1
q2_out_bufEntry_3 stats (200 samples): dur=11.298658528s, p50=18, p90=33, p99=506
q2_out_bufSize_3 stats (200 samples): dur=11.298663939s, p50=4579, p90=8672, p99=130829
WaitAlignTime_0(ms) stats (200 samples): dur=22.928445437s, p50=0, p90=0, p99=0
createChkpt_3(ms) stats (200 samples): dur=22.928675054s, p50=1, p90=11, p99=38
nexmark_src_src counter: dur=10.011263602s, value=9611684, rate=80004.88568096342 per second
q2_out_sink counter: dur=10.014577115s, value=71869, rate=536.3182027881364 per second
q2_out_sink stats (5371 samples): dur=10.014584652s, p50=0, p90=0, p99=1
q2_out_bufEntry_3 stats (200 samples): dur=11.099276527s, p50=16, p90=33, p99=505
q2_out_bufSize_3 stats (200 samples): dur=11.09927318s, p50=4163, p90=8540, p99=131021
nexmark_src_src counter: dur=10.000387235s, value=10412665, rate=80094.99844132786 per second
q2_out_sink counter: dur=10.007206291s, value=77945, rate=607.162461062131 per second
q2_out_sink stats (6076 samples): dur=10.007211358s, p50=0, p90=0, p99=1
q2_out_bufEntry_3 stats (200 samples): dur=11.200548503s, p50=18, p90=34, p99=507
q2_out_bufSize_3 stats (200 samples): dur=11.200571181s, p50=4622, p90=8699, p99=130884
WaitAlignTime_0(ms) stats (200 samples): dur=23.29834476s, p50=0, p90=0, p99=0
createChkpt_3(ms) stats (200 samples): dur=23.297842902s, p50=1, p90=13, p99=38
nexmark_src_src counter: dur=10.00242889s, value=11212700, rate=79984.07274855419 per second
q2_out_sink counter: dur=10.003258762s, value=84087, rate=613.9999120418635 per second
q2_out_sink stats (6142 samples): dur=10.003265745s, p50=0, p90=0, p99=1
q2_out_bufEntry_3 stats (200 samples): dur=11.167902176s, p50=17, p90=34, p99=506
q2_out_bufSize_3 stats (200 samples): dur=11.167876314s, p50=4404, p90=8783, p99=130841
nexmark_src_src counter: dur=10.006343965s, value=12013548, rate=80034.02669358469 per second
q2_out_sink counter: dur=10.001982125s, value=90142, rate=605.3800061155379 per second
q2_out_sink stats (6055 samples): dur=10.001965464s, p50=0, p90=0, p99=1
q2_out_bufEntry_3 stats (200 samples): dur=11.331347425s, p50=18, p90=35, p99=508
q2_out_bufSize_3 stats (200 samples): dur=11.331349999s, p50=4640, p90=8956, p99=130953
nexmark_src_src counter: dur=10.002396168s, value=12813831, rate=80009.12846866554 per second
q2_out_sink counter: dur=10.001713555s, value=96365, rate=622.1933837416323 per second
q2_out_sink stats (6223 samples): dur=10.00174726s, p50=0, p90=0, p99=1
WaitAlignTime_0(ms) stats (200 samples): dur=23.071438952s, p50=0, p90=0, p99=0
createChkpt_3(ms) stats (200 samples): dur=23.071410114s, p50=1, p90=11, p99=37
q2_out_bufEntry_3 stats (200 samples): dur=11.199543758s, p50=17, p90=31, p99=509
q2_out_bufSize_3 stats (200 samples): dur=11.199542035s, p50=4406, p90=8103, p99=130896
nexmark_src_src counter: dur=10.003588955s, value=13614320, rate=80020.1811170879 per second
q2_out_sink counter: dur=10.016833102s, value=102417, rate=604.1829726394897 per second
q2_out_sink stats (6052 samples): dur=10.016803011s, p50=0, p90=0, p99=1
q2_out_bufEntry_3 stats (200 samples): dur=11.200748277s, p50=16, p90=34, p99=508
q2_out_bufSize_3 stats (200 samples): dur=11.20074843s, p50=4234, p90=8691, p99=130891
3 producer ended, map[] remain
exit due to ctrlMsg
createChkpt_3(ms) (163 samples): dur=18.72841744s, data=[35 1 1 1 1 1 1 1 1 1 1 1 1 1 1 1 30 1 1 1 1 1 1 5 1 1 1 1 1 1 1 1 2 12 1 1 1 1 1 1 1 18 1 1 1 1 1 1 11 1 14 1 1 1 1 1 1 1 1 1 1 1 1 1 1 34 2 1 1 1 1 1 1 1 1 1 1 1 1 1 1 1 29 1 1 1 1 1 1 1 38 1 1 1 1 1 1 1 1 1 1 1 1 1 1 1 1 1 28 1 1 1 1 1 1 1 1 1 1 1 1 1 1 1 14 35 2 1 1 1 1 1 1 56 1 1 1 1 1 1 1 1 1 1 1 1 1 1 1 10 43 1 1 1 1 1 1 1 1 1 1 1 1]
[3]duration: 180.106453 s, uts: 1709469892671
WaitAlignTime_0(ms) (163 samples): dur=18.732423897s, data=[0 0 0 0 0 0 0 0 0 0 0 0 0 0 0 0 0 0 0 0 0 0 0 0 0 0 0 0 0 0 0 0 0 0 0 0 0 0 0 0 0 0 0 0 0 0 0 0 0 0 0 0 0 0 0 0 0 0 0 0 0 0 0 0 0 0 0 0 0 0 0 0 0 0 0 0 0 0 0 0 0 0 0 0 0 0 0 0 0 0 0 0 0 0 0 0 0 0 0 0 0 0 0 0 0 0 0 0 0 0 0 0 0 0 0 0 0 0 0 0 0 0 0 0 0 0 0 0 0 0 0 0 0 0 0 0 0 0 0 0 0 0 0 0 0 0 0 0 0 0 0 0 0 0 0 0 0 0 0 0 0 0 0]
nexmark_src_src msgCnt 14401564, ctrlCnt 1564, epochCnt 0, logEntry 38814
sink msgCnt 108429, ctrlCnt 1564
