parallel restore str: , false
env str: , async2ndPhase: false
env str: , create snapshot: false
2024/03/03 07:18:57 [INFO] Load configuration for function scale[40]
2024/03/03 07:18:57 [INFO] Load configuration for function chkptmngr[60]
2024/03/03 07:18:57 [INFO] Load configuration for function redisSetup[70]
2024/03/03 07:18:57 [INFO] Load configuration for function source[20]
2024/03/03 07:18:57 [INFO] Load configuration for function query1[30]
2024/03/03 07:18:57 [INFO] Parse FAAS_ENGINE_ID: 1
2024/03/03 07:18:57 [INFO] Start new FuncWorker with client id 5
Enter nexmark: funcName: chkptmngr
2024/03/03 07:18:57 [INFO] Handshake with engine done
redis address is [snapcache-1:6666 snapcache-2:6666 snapcache-3:6666 snapcache-4:6666]
ChkptMngrInput:
	SrcTopicName         : nexmark_src
	FinalOutputTopicNames: [q1_out]
	FinalNumOutPartitions: [4]
	BufMaxSize           : 131072
	SrcNumPart           : 4
	ChkptEveryMs: 100
	Guarantee            : ALIGN_CHKPT
	SerdeFormat          : MSGP
new buffered sink stream nexmark_src[0] with bufMaxSize 131072
new buffered sink stream nexmark_src[1] with bufMaxSize 131072
new buffered sink stream nexmark_src[2] with bufMaxSize 131072
new buffered sink stream nexmark_src[3] with bufMaxSize 131072
e2eChkptElapsed(ms) stats (200 samples): dur=21.962447601s, p50=9, p90=9, p99=9
e2eChkptElapsed(ms) stats (200 samples): dur=22.03398629s, p50=9, p90=9, p99=9
e2eChkptElapsed(ms) stats (200 samples): dur=22.062005722s, p50=9, p90=9, p99=11
e2eChkptElapsed(ms) stats (200 samples): dur=22.073606647s, p50=9, p90=9, p99=9
e2eChkptElapsed(ms) stats (200 samples): dur=22.126360798s, p50=9, p90=9, p99=21
e2eChkptElapsed(ms) stats (200 samples): dur=22.059062856s, p50=9, p90=9, p99=14
e2eChkptElapsed(ms) stats (200 samples): dur=22.040465429s, p50=9, p90=9, p99=10
e2eChkptElapsed(ms) stats (200 samples): dur=22.101431814s, p50=9, p90=9, p99=15
e2eChkptElapsed(ms) (30 samples): dur=3.29807363s, data=[9 9 9 9 9 9 9 9 9 9 9 9 9 9 9 9 9 9 9 9 9 9 9 9 9 9 9 9 9 4]
