wait for last: true, sink max_buf_size: 131072
warmup: 0
config: map[NodeConstraint:"1,2,3,4" NumInstance:4 OutputTopicName:["nexmark_src"] funcName:"source"]
config: map[InputTopicNames:["nexmark_src"] NodeConstraint:"5,6,7,8" NumInstance:4 NumSrcProducer:[1] OutputTopicName:["q3_aucsBySellerID_out","q3_personsByID_out"] funcName:"q3GroupBy"]
config: map[Final:true InputTopicNames:["q3_aucsBySellerID_out","q3_personsByID_out"] NodeConstraint:"5,6,7,8" NumInstance:4 NumSrcProducer:[4,4] OutputTopicName:["q3_out"] funcName:"q3JoinTable"]
srcInvokeConfig: &{FinalTpNames:[q3_out] TopicName:nexmark_src AppId:q3 NodeConstraint:1,2,3,4 AdditionalBytes:0 ScaleEpoch:0 NumOutPartition:4 InstanceID:0 NumSrcInstance:4}
cliNodes: [0xc0000c01a0 0xc0000c0200]
inParamsMap: map[q3GroupBy:[0xc0000a2aa0 0xc0000a2b40 0xc0000a2be0 0xc0000a2c80] q3JoinTable:[0xc0000a2d20 0xc0000a2dc0 0xc0000a2e60 0xc0000a2f00]]
encoded json is {"sg":{"changelog":4,"nexmark_src":4,"q3GroupBy":4,"q3JoinTable":4,"q3_aucsBySellerID_out":4,"q3_out":4,"q3_personsByID_out":4,"source":4},"aid":"q3","fns":["source","q3GroupBy","q3JoinTable"],"bufMaxSize":131072,"epoch":1,"serdeFormat":1,"bs":true}, node constraint is 1
configScaleInput: &{Config:map[changelog:4 nexmark_src:4 q3GroupBy:4 q3JoinTable:4 q3_aucsBySellerID_out:4 q3_out:4 q3_personsByID_out:4 source:4] AppId:q3 FuncNames:[source q3GroupBy q3JoinTable] BufMaxSize:131072 ScaleEpoch:0 SerdeFormat:1 Bootstrap:false}
encoded json is {"outTpNames":["q3_out"]}, node constraint is 1
redis_setup url is http://ip-172-31-7-38.us-east-2.compute.internal:8080/function/redisSetup
encoded json is {"srcTpName":"nexmark_src","outTpNames":["q3_out"],"numOutParts":"BA==","chkptEveryMs":100,"bufMaxSize":131072,"srcNumPart":4,"gua":4,"serde_format":1}, node constraint is 1
chkptmngr url is http://ip-172-31-7-38.us-east-2.compute.internal:8080/function/chkptmngr
func source url is http://ip-172-31-7-38.us-east-2.compute.internal:8080/function/source
func source url is http://ip-172-31-7-38.us-east-2.compute.internal:8080/function/source
func source url is http://ip-172-31-7-38.us-east-2.compute.internal:8080/function/source
func source url is http://ip-172-31-7-38.us-east-2.compute.internal:8080/function/source
src instance: 4
encoded json is {"topic_name":"nexmark_src","rate_shape":"square","aid":"q3","events_num":34560000,"rate_period":10000000000,"finOutTpNs":["q3_out"],"first_event_rate":192000,"next_event_rate":192000,"bid_avg_size":100,"person_avg_size":200,"auction_avg_size":500,"duration":180,"person_proportion":1,"auction_proportion":3,"bid_proportion":46,"bid_hot_ratio_auctions":2,"bid_hot_ratio_bidders":4,"auction_hot_ratio_sellers":4,"flushms":100,"bufMaxSize":131072,"commEveryMs":100,"rate_limited":false,"waitEnd":true,"serde_format":1,"numOutPar":4,"parNum":3,"nSrcIns":4,"gua":4}, node constraint is 1,2,3,4
encoded json is {"topic_name":"nexmark_src","rate_shape":"square","aid":"q3","events_num":34560000,"rate_period":10000000000,"finOutTpNs":["q3_out"],"first_event_rate":192000,"next_event_rate":192000,"bid_avg_size":100,"person_avg_size":200,"auction_avg_size":500,"duration":180,"person_proportion":1,"auction_proportion":3,"bid_proportion":46,"bid_hot_ratio_auctions":2,"bid_hot_ratio_bidders":4,"auction_hot_ratio_sellers":4,"flushms":100,"bufMaxSize":131072,"commEveryMs":100,"rate_limited":false,"waitEnd":true,"serde_format":1,"numOutPar":4,"parNum":1,"nSrcIns":4,"gua":4}, node constraint is 1,2,3,4
encoded json is {"topic_name":"nexmark_src","rate_shape":"square","aid":"q3","events_num":34560000,"rate_period":10000000000,"finOutTpNs":["q3_out"],"first_event_rate":192000,"next_event_rate":192000,"bid_avg_size":100,"person_avg_size":200,"auction_avg_size":500,"duration":180,"person_proportion":1,"auction_proportion":3,"bid_proportion":46,"bid_hot_ratio_auctions":2,"bid_hot_ratio_bidders":4,"auction_hot_ratio_sellers":4,"flushms":100,"bufMaxSize":131072,"commEveryMs":100,"rate_limited":false,"waitEnd":true,"serde_format":1,"numOutPar":4,"nSrcIns":4,"gua":4}, node constraint is 1,2,3,4
encoded json is {"topic_name":"nexmark_src","rate_shape":"square","aid":"q3","events_num":34560000,"rate_period":10000000000,"finOutTpNs":["q3_out"],"first_event_rate":192000,"next_event_rate":192000,"bid_avg_size":100,"person_avg_size":200,"auction_avg_size":500,"duration":180,"person_proportion":1,"auction_proportion":3,"bid_proportion":46,"bid_hot_ratio_auctions":2,"bid_hot_ratio_bidders":4,"auction_hot_ratio_sellers":4,"flushms":100,"bufMaxSize":131072,"commEveryMs":100,"rate_limited":false,"waitEnd":true,"serde_format":1,"numOutPar":4,"parNum":2,"nSrcIns":4,"gua":4}, node constraint is 1,2,3,4
Waiting for all client to return
func name is q3JoinTable
func url is http://ip-172-31-7-38.us-east-2.compute.internal:8080/function/q3JoinTable
func name is q3GroupBy
func name is q3GroupBy
func url is http://ip-172-31-7-38.us-east-2.compute.internal:8080/function/q3GroupBy
func url is http://ip-172-31-7-38.us-east-2.compute.internal:8080/function/q3GroupBy
func name is q3GroupBy
func url is http://ip-172-31-7-38.us-east-2.compute.internal:8080/function/q3GroupBy
func name is q3GroupBy
func url is http://ip-172-31-7-38.us-east-2.compute.internal:8080/function/q3GroupBy
func name is q3JoinTable
func url is http://ip-172-31-7-38.us-east-2.compute.internal:8080/function/q3JoinTable
func name is q3JoinTable
func url is http://ip-172-31-7-38.us-east-2.compute.internal:8080/function/q3JoinTable
func name is q3JoinTable
func url is http://ip-172-31-7-38.us-east-2.compute.internal:8080/function/q3JoinTable
encoded json is {"aid":"q3","numOutPartition":"BA==","numSubstreamProducer":"BAQ=","outputTopicName":["q3_out"],"inputTopicName":["q3_aucsBySellerID_out","q3_personsByID_out"],"commEveryMs":100,"flushMs":100,"snapEveryS":10,"duration":180,"bufMaxSize":131072,"epoch":1,"waitEnd":true,"numChangelogPartition":4,"numInPartition":4,"ParNum":3,"gua":4,"serdeFormat":1}, node constraint is 5,6,7,8
encoded json is {"aid":"q3","numOutPartition":"BAQ=","numSubstreamProducer":"AQ==","outputTopicName":["q3_aucsBySellerID_out","q3_personsByID_out"],"inputTopicName":["nexmark_src"],"commEveryMs":100,"flushMs":100,"snapEveryS":10,"duration":180,"bufMaxSize":131072,"epoch":1,"waitEnd":true,"numChangelogPartition":4,"numInPartition":4,"ParNum":1,"gua":4,"serdeFormat":1}, node constraint is 5,6,7,8
encoded json is {"aid":"q3","numOutPartition":"BAQ=","numSubstreamProducer":"AQ==","outputTopicName":["q3_aucsBySellerID_out","q3_personsByID_out"],"inputTopicName":["nexmark_src"],"commEveryMs":100,"flushMs":100,"snapEveryS":10,"duration":180,"bufMaxSize":131072,"epoch":1,"waitEnd":true,"numChangelogPartition":4,"numInPartition":4,"gua":4,"serdeFormat":1}, node constraint is 5,6,7,8
encoded json is {"aid":"q3","numOutPartition":"BA==","numSubstreamProducer":"BAQ=","outputTopicName":["q3_out"],"inputTopicName":["q3_aucsBySellerID_out","q3_personsByID_out"],"commEveryMs":100,"flushMs":100,"snapEveryS":10,"duration":180,"bufMaxSize":131072,"epoch":1,"waitEnd":true,"numChangelogPartition":4,"numInPartition":4,"ParNum":1,"gua":4,"serdeFormat":1}, node constraint is 5,6,7,8
encoded json is {"aid":"q3","numOutPartition":"BA==","numSubstreamProducer":"BAQ=","outputTopicName":["q3_out"],"inputTopicName":["q3_aucsBySellerID_out","q3_personsByID_out"],"commEveryMs":100,"flushMs":100,"snapEveryS":10,"duration":180,"bufMaxSize":131072,"epoch":1,"waitEnd":true,"numChangelogPartition":4,"numInPartition":4,"gua":4,"serdeFormat":1}, node constraint is 5,6,7,8
encoded json is {"aid":"q3","numOutPartition":"BAQ=","numSubstreamProducer":"AQ==","outputTopicName":["q3_aucsBySellerID_out","q3_personsByID_out"],"inputTopicName":["nexmark_src"],"commEveryMs":100,"flushMs":100,"snapEveryS":10,"duration":180,"bufMaxSize":131072,"epoch":1,"waitEnd":true,"numChangelogPartition":4,"numInPartition":4,"ParNum":3,"gua":4,"serdeFormat":1}, node constraint is 5,6,7,8
encoded json is {"aid":"q3","numOutPartition":"BAQ=","numSubstreamProducer":"AQ==","outputTopicName":["q3_aucsBySellerID_out","q3_personsByID_out"],"inputTopicName":["nexmark_src"],"commEveryMs":100,"flushMs":100,"snapEveryS":10,"duration":180,"bufMaxSize":131072,"epoch":1,"waitEnd":true,"numChangelogPartition":4,"numInPartition":4,"ParNum":2,"gua":4,"serdeFormat":1}, node constraint is 5,6,7,8
encoded json is {"aid":"q3","numOutPartition":"BA==","numSubstreamProducer":"BAQ=","outputTopicName":["q3_out"],"inputTopicName":["q3_aucsBySellerID_out","q3_personsByID_out"],"commEveryMs":100,"flushMs":100,"snapEveryS":10,"duration":180,"bufMaxSize":131072,"epoch":1,"waitEnd":true,"numChangelogPartition":4,"numInPartition":4,"ParNum":2,"gua":4,"serdeFormat":1}, node constraint is 5,6,7,8
source-2 invoke done
source-0 invoke done
source-1 invoke done
source-3 invoke done
q3GroupBy-3 call done
q3GroupBy-1 call done
q3GroupBy-2 call done
q3GroupBy-0 call done
q3JoinTable-0 call done
q3JoinTable-2 call done
q3JoinTable-3 call done
q3JoinTable-1 call done
sink processed: 8640002, throughput: (event/s) 47879.62421959452
sink_ctrl processed: 2, throughput: (event/s) 0.011083243781562672
source-0 duration: 180.452585851

sink processed: 8640002, throughput: (event/s) 47879.59793461586
sink_ctrl processed: 2, throughput: (event/s) 0.011083237697078278
source-1 duration: 180.452684916

sink processed: 8640002, throughput: (event/s) 47879.542341311084
sink_ctrl processed: 2, throughput: (event/s) 0.011083224828260707
source-2 duration: 180.452894441

sink_ctrl processed: 2, throughput: (event/s) 0.011083232005927928
sink processed: 8640002, throughput: (event/s) 47879.573348840655
source-3 duration: 180.452777577

sink processed 34560008 events, duration: 180.452894441, tp: 191518.169365
sink_ctrl processed 8 events, duration: 180.452894441, tp: 0.044333

eventTimeLatency_sink, p50: 163 ms, p90: 948 ms, p99: 2987 ms
personsSrc_ctrl processed: 665, throughput: (event/s) 3.6803309275097615
personsSrc_logEntry processed: 2652, throughput: (event/s) 14.677049052264492
auctionsSrc_ctrl processed: 665, throughput: (event/s) 3.6803309275097615
auctionsSrc_epoch processed: 0, throughput: (event/s) 0
sink processed: 42213, throughput: (event/s) 233.62076607965346
auctionsSrc_data processed: 99066, throughput: (event/s) 548.2641558867399
personsSrc_epoch processed: 0, throughput: (event/s) 0
auctionsSrc processed: 99731, throughput: (event/s) 551.9444868142497
auctionsSrc_logEntry processed: 2716, throughput: (event/s) 15.03124631446092
personsSrc processed: 87213, throughput: (event/s) 482.665716061517
personsSrc_data processed: 86548, throughput: (event/s) 478.9853851340073
q3JoinTable-0 duration: 180.690272994

eventTimeLatency_sink, p50: 162 ms, p90: 979 ms, p99: 2834 ms
personsSrc_data processed: 87534, throughput: (event/s) 484.23221384793555
personsSrc_logEntry processed: 2652, throughput: (event/s) 14.670686031995853
auctionsSrc_ctrl processed: 665, throughput: (event/s) 3.6787353737847823
personsSrc_epoch processed: 0, throughput: (event/s) 0
auctionsSrc processed: 104153, throughput: (event/s) 576.1674065951977
auctionsSrc_epoch processed: 0, throughput: (event/s) 0
auctionsSrc_data processed: 103488, throughput: (event/s) 572.4886712214129
personsSrc processed: 88199, throughput: (event/s) 487.91094922172033
personsSrc_ctrl processed: 665, throughput: (event/s) 3.6787353737847823
auctionsSrc_logEntry processed: 2711, throughput: (event/s) 14.997070072677511
sink processed: 46304, throughput: (event/s) 256.15062067327904
q3JoinTable-1 duration: 180.768642599

eventTimeLatency_sink, p50: 166 ms, p90: 1084 ms, p99: 3667 ms
personsSrc processed: 86718, throughput: (event/s) 479.9304157095536
auctionsSrc processed: 106878, throughput: (event/s) 591.5035283355896
personsSrc_ctrl processed: 665, throughput: (event/s) 3.680363090094941
personsSrc_epoch processed: 0, throughput: (event/s) 0
auctionsSrc_ctrl processed: 665, throughput: (event/s) 3.680363090094941
auctionsSrc_data processed: 106213, throughput: (event/s) 587.8231652454947
auctionsSrc_epoch processed: 0, throughput: (event/s) 0
auctionsSrc_logEntry processed: 2728, throughput: (event/s) 15.097790240269173
personsSrc_data processed: 86053, throughput: (event/s) 476.25005261945864
personsSrc_logEntry processed: 2652, throughput: (event/s) 14.677177315686894
sink processed: 47605, throughput: (event/s) 263.4641878255183
q3JoinTable-2 duration: 180.688693947

eventTimeLatency_sink, p50: 164 ms, p90: 874 ms, p99: 3152 ms
personsSrc processed: 87092, throughput: (event/s) 481.9218531652891
personsSrc_ctrl processed: 665, throughput: (event/s) 3.6797642993032342
auctionsSrc_data processed: 106489, throughput: (event/s) 589.2547676218077
personsSrc_epoch processed: 0, throughput: (event/s) 0
auctionsSrc processed: 107154, throughput: (event/s) 592.9345319211109
auctionsSrc_logEntry processed: 2700, throughput: (event/s) 14.940396403186064
personsSrc_data processed: 86427, throughput: (event/s) 478.2420888659859
auctionsSrc_ctrl processed: 665, throughput: (event/s) 3.6797642993032342
auctionsSrc_epoch processed: 0, throughput: (event/s) 0
personsSrc_logEntry processed: 2652, throughput: (event/s) 14.674789356018312
sink processed: 49566, throughput: (event/s) 274.2724770816002
q3JoinTable-3 duration: 180.718096571

auctionsSrc processed 417916 events, duration: 180.768642599
auctionsSrc_logEntry processed 10855 events, duration: 180.768642599
personsSrc_data processed 346562 events, duration: 180.768642599
auctionsSrc_epoch processed 0 events, duration: 180.768642599
personsSrc_logEntry processed 10608 events, duration: 180.768642599
auctionsSrc_ctrl processed 2660 events, duration: 180.768642599
sink processed 185688 events, duration: 180.768642599
auctionsSrc_data processed 415256 events, duration: 180.768642599
personsSrc_epoch processed 0 events, duration: 180.768642599
personsSrc processed 349222 events, duration: 180.768642599
personsSrc_ctrl processed 2660 events, duration: 180.768642599

aucSink processed: 103405, throughput: (event/s) 572.9082325045648
nexmark_src_src processed: 8640662, throughput: (event/s) 47872.98867646011
nexmark_src_src_ctrl processed: 662, throughput: (event/s) 3.6677650976067104
nexmark_src_src_data processed: 8640000, throughput: (event/s) 47869.320911362505
nexmark_src_src_epoch processed: 0, throughput: (event/s) 0
nexmark_src_src_logEntry processed: 17617, throughput: (event/s) 97.60576695549459
perSink processed: 86256, throughput: (event/s) 477.89538709843566
q3GroupBy-0 duration: 180.491384367

nexmark_src_src processed: 8640662, throughput: (event/s) 47873.019999110606
nexmark_src_src_ctrl processed: 662, throughput: (event/s) 3.6677674973759213
nexmark_src_src_data processed: 8640000, throughput: (event/s) 47869.35223161323
nexmark_src_src_epoch processed: 0, throughput: (event/s) 0
nexmark_src_src_logEntry processed: 17608, throughput: (event/s) 97.55596690905622
perSink processed: 86732, throughput: (event/s) 480.53294649910634
aucSink processed: 104067, throughput: (event/s) 576.5763748480665
q3GroupBy-1 duration: 180.491266274

nexmark_src_src processed: 8640662, throughput: (event/s) 47872.9944933729
nexmark_src_src_ctrl processed: 662, throughput: (event/s) 3.667765543266576
nexmark_src_src_data processed: 8640000, throughput: (event/s) 47869.32672782963
nexmark_src_src_epoch processed: 0, throughput: (event/s) 0
nexmark_src_src_logEntry processed: 17597, throughput: (event/s) 97.4949701886132
perSink processed: 86999, throughput: (event/s) 482.0119856475058
aucSink processed: 104224, throughput: (event/s) 577.4459153797819
q3GroupBy-2 duration: 180.491362436

aucSink processed: 103560, throughput: (event/s) 573.7675178563586
nexmark_src_src processed: 8640662, throughput: (event/s) 47873.03194646349
nexmark_src_src_ctrl processed: 662, throughput: (event/s) 3.6677684127163905
nexmark_src_src_data processed: 8640000, throughput: (event/s) 47869.364178050775
nexmark_src_src_epoch processed: 0, throughput: (event/s) 0
nexmark_src_src_logEntry processed: 17609, throughput: (event/s) 97.56153169112224
perSink processed: 86575, throughput: (event/s) 479.66321802254004
q3GroupBy-3 duration: 180.49122123

aucSink processed 415256 events, duration: 180.491384367
nexmark_src_src processed 34562648 events, duration: 180.491384367
nexmark_src_src_ctrl processed 2648 events, duration: 180.491384367
nexmark_src_src_data processed 34560000 events, duration: 180.491384367
nexmark_src_src_epoch processed 0 events, duration: 180.491384367
nexmark_src_src_logEntry processed 70431 events, duration: 180.491384367
perSink processed 346562 events, duration: 180.491384367

