wait for last: true, sink max_buf_size: 131072
warmup: 0
config: map[NodeConstraint:"1,2,3,4" NumInstance:4 OutputTopicName:["nexmark_src"] funcName:"source"]
config: map[Final:true InputTopicNames:["nexmark_src"] NodeConstraint:"5,6,7,8" NumInstance:4 NumSrcProducer:[1] OutputTopicName:["q2_out"] funcName:"query2"]
srcInvokeConfig: &{FinalTpNames:[q2_out] TopicName:nexmark_src AppId:q2 NodeConstraint:1,2,3,4 AdditionalBytes:0 ScaleEpoch:0 NumOutPartition:4 InstanceID:0 NumSrcInstance:4}
cliNodes: [0xc000026160]
inParamsMap: map[query2:[0xc00007eaa0 0xc00007eb40 0xc00007ebe0 0xc00007ec80]]
encoded json is {"sg":{"nexmark_src":4,"q2_out":4,"query2":4,"source":4},"aid":"q2","fns":["source","query2"],"bufMaxSize":131072,"epoch":1,"serdeFormat":1,"bs":true}, node constraint is 1
configScaleInput: &{Config:map[nexmark_src:4 q2_out:4 query2:4 source:4] AppId:q2 FuncNames:[source query2] BufMaxSize:131072 ScaleEpoch:0 SerdeFormat:1 Bootstrap:false}
encoded json is {"outTpNames":["q2_out"]}, node constraint is 1
redis_setup url is http://ip-172-31-4-33.us-east-2.compute.internal:8080/function/redisSetup
encoded json is {"srcTpName":"nexmark_src","outTpNames":["q2_out"],"numOutParts":"BA==","chkptEveryMs":100,"bufMaxSize":131072,"srcNumPart":4,"gua":4,"serde_format":1}, node constraint is 1
chkptmngr url is http://ip-172-31-4-33.us-east-2.compute.internal:8080/function/chkptmngr
func source url is http://ip-172-31-4-33.us-east-2.compute.internal:8080/function/source
src instance: 4
func source url is http://ip-172-31-4-33.us-east-2.compute.internal:8080/function/source
func source url is http://ip-172-31-4-33.us-east-2.compute.internal:8080/function/source
func source url is http://ip-172-31-4-33.us-east-2.compute.internal:8080/function/source
encoded json is {"topic_name":"nexmark_src","rate_shape":"square","aid":"q2","events_num":2880000,"rate_period":10000000000,"finOutTpNs":["q2_out"],"first_event_rate":16000,"next_event_rate":16000,"bid_avg_size":100,"person_avg_size":200,"auction_avg_size":500,"duration":180,"person_proportion":1,"auction_proportion":3,"bid_proportion":46,"bid_hot_ratio_auctions":2,"bid_hot_ratio_bidders":4,"auction_hot_ratio_sellers":4,"flushms":10,"bufMaxSize":131072,"commEveryMs":100,"rate_limited":false,"waitEnd":true,"serde_format":1,"numOutPar":4,"parNum":3,"nSrcIns":4,"gua":4}, node constraint is 1,2,3,4
encoded json is {"topic_name":"nexmark_src","rate_shape":"square","aid":"q2","events_num":2880000,"rate_period":10000000000,"finOutTpNs":["q2_out"],"first_event_rate":16000,"next_event_rate":16000,"bid_avg_size":100,"person_avg_size":200,"auction_avg_size":500,"duration":180,"person_proportion":1,"auction_proportion":3,"bid_proportion":46,"bid_hot_ratio_auctions":2,"bid_hot_ratio_bidders":4,"auction_hot_ratio_sellers":4,"flushms":10,"bufMaxSize":131072,"commEveryMs":100,"rate_limited":false,"waitEnd":true,"serde_format":1,"numOutPar":4,"parNum":1,"nSrcIns":4,"gua":4}, node constraint is 1,2,3,4
encoded json is {"topic_name":"nexmark_src","rate_shape":"square","aid":"q2","events_num":2880000,"rate_period":10000000000,"finOutTpNs":["q2_out"],"first_event_rate":16000,"next_event_rate":16000,"bid_avg_size":100,"person_avg_size":200,"auction_avg_size":500,"duration":180,"person_proportion":1,"auction_proportion":3,"bid_proportion":46,"bid_hot_ratio_auctions":2,"bid_hot_ratio_bidders":4,"auction_hot_ratio_sellers":4,"flushms":10,"bufMaxSize":131072,"commEveryMs":100,"rate_limited":false,"waitEnd":true,"serde_format":1,"numOutPar":4,"parNum":2,"nSrcIns":4,"gua":4}, node constraint is 1,2,3,4
encoded json is {"topic_name":"nexmark_src","rate_shape":"square","aid":"q2","events_num":2880000,"rate_period":10000000000,"finOutTpNs":["q2_out"],"first_event_rate":16000,"next_event_rate":16000,"bid_avg_size":100,"person_avg_size":200,"auction_avg_size":500,"duration":180,"person_proportion":1,"auction_proportion":3,"bid_proportion":46,"bid_hot_ratio_auctions":2,"bid_hot_ratio_bidders":4,"auction_hot_ratio_sellers":4,"flushms":10,"bufMaxSize":131072,"commEveryMs":100,"rate_limited":false,"waitEnd":true,"serde_format":1,"numOutPar":4,"nSrcIns":4,"gua":4}, node constraint is 1,2,3,4
encoded json is {"aid":"q2","numOutPartition":"BA==","numSubstreamProducer":"AQ==","outputTopicName":["q2_out"],"inputTopicName":["nexmark_src"],"commEveryMs":100,"flushMs":100,"duration":180,"bufMaxSize":131072,"epoch":1,"waitEnd":true,"numInPartition":4,"gua":4,"serdeFormat":1}, node constraint is 5,6,7,8
encoded json is {"aid":"q2","numOutPartition":"BA==","numSubstreamProducer":"AQ==","outputTopicName":["q2_out"],"inputTopicName":["nexmark_src"],"commEveryMs":100,"flushMs":100,"duration":180,"bufMaxSize":131072,"epoch":1,"waitEnd":true,"numInPartition":4,"ParNum":1,"gua":4,"serdeFormat":1}, node constraint is 5,6,7,8
encoded json is {"aid":"q2","numOutPartition":"BA==","numSubstreamProducer":"AQ==","outputTopicName":["q2_out"],"inputTopicName":["nexmark_src"],"commEveryMs":100,"flushMs":100,"duration":180,"bufMaxSize":131072,"epoch":1,"waitEnd":true,"numInPartition":4,"ParNum":2,"gua":4,"serdeFormat":1}, node constraint is 5,6,7,8
encoded json is {"aid":"q2","numOutPartition":"BA==","numSubstreamProducer":"AQ==","outputTopicName":["q2_out"],"inputTopicName":["nexmark_src"],"commEveryMs":100,"flushMs":100,"duration":180,"bufMaxSize":131072,"epoch":1,"waitEnd":true,"numInPartition":4,"ParNum":3,"gua":4,"serdeFormat":1}, node constraint is 5,6,7,8
Waiting for all client to return
func name is query2
func url is http://ip-172-31-4-33.us-east-2.compute.internal:8080/function/query2
func name is query2
func url is http://ip-172-31-4-33.us-east-2.compute.internal:8080/function/query2
func name is query2
func url is http://ip-172-31-4-33.us-east-2.compute.internal:8080/function/query2
func name is query2
func url is http://ip-172-31-4-33.us-east-2.compute.internal:8080/function/query2
source-1 invoke done
source-3 invoke done
source-2 invoke done
source-0 invoke done
query2-3 call done
query2-0 call done
query2-1 call done
query2-2 call done
sink processed: 720002, throughput: (event/s) 3999.1983833511176
sink_ctrl processed: 2, throughput: (event/s) 0.011108853540271049
source-0 duration: 180.03658008

sink processed: 719998, throughput: (event/s) 3999.1633373798145
sink_ctrl processed: 2, throughput: (event/s) 0.01110881790610478
source-1 duration: 180.03715759

sink processed: 720002, throughput: (event/s) 3999.1535426677406
sink_ctrl processed: 2, throughput: (event/s) 0.011108728983163214
source-2 duration: 180.038598748

sink processed: 720002, throughput: (event/s) 3999.182812653333
sink_ctrl processed: 2, throughput: (event/s) 0.0111088102884529
source-3 duration: 180.037281047

sink processed 2880004 events, duration: 180.038598748, tp: 15996.591953
sink_ctrl processed 8 events, duration: 180.038598748, tp: 0.044435

eventTimeLatency_sink, p50: 11 ms, p90: 15 ms, p99: 17 ms
nexmark_src_src_ctrl processed: 1623, throughput: (event/s) 9.014697704239506
nexmark_src_src_data processed: 720000, throughput: (event/s) 3999.1265231376738
nexmark_src_src_epoch processed: 0, throughput: (event/s) 0
nexmark_src_src_logEntry processed: 15568, throughput: (event/s) 86.4700023780657
sink processed: 5062, throughput: (event/s) 28.116081194615145
nexmark_src_src processed: 721623, throughput: (event/s) 4008.1412208419133
query2-0 duration: 180.039315044

eventTimeLatency_sink, p50: 9 ms, p90: 13 ms, p99: 15 ms
nexmark_src_src processed: 721619, throughput: (event/s) 4008.092066849545
nexmark_src_src_ctrl processed: 1623, throughput: (event/s) 9.014637120830814
nexmark_src_src_data processed: 719996, throughput: (event/s) 3999.0774297287144
nexmark_src_src_epoch processed: 0, throughput: (event/s) 0
nexmark_src_src_logEntry processed: 15857, throughput: (event/s) 88.07461541898597
sink processed: 5069, throughput: (event/s) 28.154772375533827
query2-1 duration: 180.040525009

eventTimeLatency_sink, p50: 9 ms, p90: 14 ms, p99: 15 ms
nexmark_src_src_ctrl processed: 1623, throughput: (event/s) 9.014543837397527
nexmark_src_src_data processed: 720000, throughput: (event/s) 3999.0582642798645
nexmark_src_src_epoch processed: 0, throughput: (event/s) 0
nexmark_src_src_logEntry processed: 15469, throughput: (event/s) 85.91865595853503
sink processed: 5105, throughput: (event/s) 28.354433943262094
nexmark_src_src processed: 721623, throughput: (event/s) 4008.072808117262
query2-2 duration: 180.042388087

eventTimeLatency_sink, p50: 9 ms, p90: 13 ms, p99: 15 ms
nexmark_src_src processed: 721623, throughput: (event/s) 4008.107647781352
nexmark_src_src_ctrl processed: 1623, throughput: (event/s) 9.014622195175507
nexmark_src_src_data processed: 720000, throughput: (event/s) 3999.0930255861767
nexmark_src_src_epoch processed: 0, throughput: (event/s) 0
nexmark_src_src_logEntry processed: 15539, throughput: (event/s) 86.30820350636611
sink processed: 5011, throughput: (event/s) 27.832576598906016
query2-3 duration: 180.040823105

nexmark_src_src_ctrl processed 6492 events, duration: 180.042388087
nexmark_src_src_data processed 2879996 events, duration: 180.042388087
nexmark_src_src_epoch processed 0 events, duration: 180.042388087
nexmark_src_src_logEntry processed 62433 events, duration: 180.042388087
sink processed 20247 events, duration: 180.042388087
nexmark_src_src processed 2886488 events, duration: 180.042388087

