parallel restore str: , false
env str: , async2ndPhase: false
env str: , create snapshot: false
2024/03/03 09:41:20 [INFO] Load configuration for function scale[40]
2024/03/03 09:41:20 [INFO] Load configuration for function chkptmngr[60]
2024/03/03 09:41:20 [INFO] Load configuration for function redisSetup[70]
2024/03/03 09:41:20 [INFO] Load configuration for function source[20]
2024/03/03 09:41:20 [INFO] Load configuration for function query1[30]
2024/03/03 09:41:20 [INFO] Parse FAAS_ENGINE_ID: 3
2024/03/03 09:41:20 [INFO] Parse FAAS_ENGINE_ID: 3
2024/03/03 09:41:20 [INFO] Current GOMAXPROCS is 2
2024/03/03 09:41:20 [INFO] Parse FAAS_ENGINE_ID: 3
2024/03/03 09:41:20 [INFO] Current GOMAXPROCS is 3
2024/03/03 09:41:20 [INFO] Parse FAAS_ENGINE_ID: 3
2024/03/03 09:41:20 [INFO] Current GOMAXPROCS is 4
2024/03/03 09:41:20 [INFO] Start new FuncWorker with client id 1
2024/03/03 09:41:20 [INFO] Start new FuncWorker with client id 2
2024/03/03 09:41:20 [INFO] Start new FuncWorker with client id 3
2024/03/03 09:41:20 [INFO] Start new FuncWorker with client id 4
Enter nexmark: funcName: source
Enter nexmark: funcName: source
2024/03/03 09:41:20 [INFO] Handshake with engine done
2024/03/03 09:41:20 [INFO] Handshake with engine done
Enter nexmark: funcName: source
2024/03/03 09:41:20 [INFO] Handshake with engine done
Enter nexmark: funcName: source
2024/03/03 09:41:20 [INFO] Handshake with engine done
redis address is [snapcache-1:6666 snapcache-2:6666 snapcache-3:6666 snapcache-4:6666]
new buffered sink stream nexmark_src[0] with bufMaxSize 131072
new buffered sink stream nexmark_src[1] with bufMaxSize 131072
new buffered sink stream nexmark_src[2] with bufMaxSize 131072
new buffered sink stream nexmark_src[3] with bufMaxSize 131072
Generator config: 
	InterEventDelayUs: [12.5]
	EventPerEpoch    : 0
	MaxEvents        : 57600000
	FirstEventNumber : 1
	EpochPeriodMs    : 0
	StepLengthSec    : 5
	BaseTime         : 1709459025086
	FirstEventId     : 1
	TotalProportion  : 50
	BidProportion    : 46
	AuctionProportion: 3
	PersonProportion : 1
Nexmark config: 
	NumEvents            : 57600000
	NumEventGenerators   : 4
	RateShape            : 0
	FirstEventRate       : 320000
	NextEventRate        : 320000
	RateUnit             : 1000000
	RatePeriodSec        : 10
	PreloadSeconds       : 0
	StreamTimeout        : 240
	IsRateLimited        : false
	UseWallclockEventTime: false
	AvgPersonByteSize    : 200
	AvgAuctionByteSize   : 500
	AvgBidByteSize       : 100
	HotAuctionRatio      : 2
	HotSellersRatio      : 4
	HotBiddersRatio      : 4
	WindowSizeSec        : 10
	WindowPeriodSec      : 5
	WatermarkHoldbackSec : 0
	NumInFlightAuctions  : 100
	NumActivePeople      : 1000
	OccasionalDelaySec   : 3
	ProbDelayedEvent     : 0.1
	OutOfOrderGroupSize  : 1
Input config: 
	SrcTopicName   : nexmark_src
	AppId          : q1
	FinalOutTpNames: [q1_out]
	Duration(s)    : 180
	FlushMs        : 10
	BufMaxSize     : 131072
	CommitEveryMs  : 100
	WaitForEndMark : true
	SerdeFormat    : MSGP
	NumOutPartition: 4
	ParNum         : 3
	NumSrcInstance : 4
	Guarantee      : ALIGN_CHKPT
new buffered sink stream __control_log_q1[0] with bufMaxSize 131072
new buffered sink stream __control_log_q1[0] with bufMaxSize 131072
generate events to [3]
StartTs: 1709459025086
gen first chkpt
srcGen_3 stats (800000 samples): dur=10.011878234s, p50=4, p90=13, p99=28
nexmark_src_bufEntry_3 stats (2058 samples): dur=10.005047635s, p50=506, p90=511, p99=514
nexmark_src_bufSize_3 stats (2058 samples): dur=10.005168468s, p50=130860, p90=131026, p99=131065
srcGen_3 stats (801022 samples): dur=10.011059871s, p50=4, p90=13, p99=28
nexmark_src_bufEntry_3 stats (2126 samples): dur=10.011044225s, p50=503, p90=509, p99=512
nexmark_src_bufSize_3 stats (2126 samples): dur=10.011029502s, p50=130858, p90=131032, p99=131069
srcGen_3 stats (800818 samples): dur=10.011551758s, p50=4, p90=14, p99=28
nexmark_src_bufEntry_3 stats (2136 samples): dur=10.011558744s, p50=503, p90=507, p99=509
nexmark_src_bufSize_3 stats (2136 samples): dur=10.011561415s, p50=130861, p90=131030, p99=131068
srcGen_3 stats (800853 samples): dur=10.010893949s, p50=4, p90=14, p99=28
nexmark_src_bufEntry_3 stats (2121 samples): dur=10.010898538s, p50=502, p90=506, p99=509
nexmark_src_bufSize_3 stats (2121 samples): dur=10.010900104s, p50=130867, p90=131036, p99=131068
srcGen_3 stats (800929 samples): dur=10.011514043s, p50=4, p90=13, p99=28
nexmark_src_bufEntry_3 stats (2162 samples): dur=10.011505084s, p50=499, p90=502, p99=505
nexmark_src_bufSize_3 stats (2162 samples): dur=10.011524332s, p50=130865, p90=131032, p99=131068
srcGen_3 stats (800858 samples): dur=10.011358705s, p50=4, p90=13, p99=27
nexmark_src_bufEntry_3 stats (2123 samples): dur=10.011367002s, p50=499, p90=503, p99=505
nexmark_src_bufSize_3 stats (2123 samples): dur=10.01134423s, p50=130870, p90=131034, p99=131069
srcGen_3 stats (800918 samples): dur=10.01102207s, p50=4, p90=14, p99=28
nexmark_src_bufEntry_3 stats (2073 samples): dur=10.011013197s, p50=499, p90=503, p99=505
nexmark_src_bufSize_3 stats (2073 samples): dur=10.011010119s, p50=130866, p90=131028, p99=131066
srcGen_3 stats (800914 samples): dur=10.010946809s, p50=4, p90=14, p99=28
nexmark_src_bufEntry_3 stats (2136 samples): dur=10.010955615s, p50=499, p90=503, p99=505
nexmark_src_bufSize_3 stats (2136 samples): dur=10.010960483s, p50=130868, p90=131030, p99=131066
srcGen_3 stats (800880 samples): dur=10.011118389s, p50=4, p90=13, p99=28
nexmark_src_bufEntry_3 stats (2121 samples): dur=10.011103412s, p50=499, p90=503, p99=505
nexmark_src_bufSize_3 stats (2121 samples): dur=10.011101989s, p50=130867, p90=131035, p99=131069
nexmark_src_bufEntry_3 stats (2111 samples): dur=10.000778213s, p50=499, p90=503, p99=505
nexmark_src_bufSize_3 stats (2111 samples): dur=10.000808586s, p50=130872, p90=131027, p99=131068
srcGen_3 stats (800888 samples): dur=10.011896287s, p50=4, p90=14, p99=28
nexmark_src_bufEntry_3 stats (2145 samples): dur=10.004462024s, p50=499, p90=502, p99=505
nexmark_src_bufSize_3 stats (2145 samples): dur=10.004435834s, p50=130869, p90=131030, p99=131067
srcGen_3 stats (800959 samples): dur=10.011233992s, p50=4, p90=14, p99=28
nexmark_src_bufEntry_3 stats (2171 samples): dur=10.00248287s, p50=499, p90=503, p99=505
nexmark_src_bufSize_3 stats (2171 samples): dur=10.002486345s, p50=130873, p90=131035, p99=131067
srcGen_3 stats (800907 samples): dur=10.011906083s, p50=4, p90=14, p99=29
nexmark_src_bufEntry_3 stats (2131 samples): dur=10.002866646s, p50=499, p90=503, p99=505
nexmark_src_bufSize_3 stats (2131 samples): dur=10.002859636s, p50=130865, p90=131026, p99=131067
srcGen_3 stats (800960 samples): dur=10.012183306s, p50=4, p90=14, p99=28
nexmark_src_bufEntry_3 stats (2153 samples): dur=10.002275868s, p50=499, p90=503, p99=505
nexmark_src_bufSize_3 stats (2153 samples): dur=10.002279381s, p50=130869, p90=131031, p99=131067
srcGen_3 stats (800959 samples): dur=10.010801779s, p50=4, p90=14, p99=28
nexmark_src_bufEntry_3 stats (2142 samples): dur=10.005292645s, p50=499, p90=503, p99=505
nexmark_src_bufSize_3 stats (2142 samples): dur=10.005289911s, p50=130865, p90=131031, p99=131067
srcGen_3 stats (800935 samples): dur=10.012943057s, p50=4, p90=14, p99=28
nexmark_src_bufEntry_3 stats (2115 samples): dur=10.00092554s, p50=499, p90=502, p99=505
nexmark_src_bufSize_3 stats (2115 samples): dur=10.000923013s, p50=130874, p90=131032, p99=131068
srcGen_3 stats (800946 samples): dur=10.011299488s, p50=4, p90=14, p99=28
nexmark_src_bufEntry_3 stats (2088 samples): dur=10.002637137s, p50=499, p90=502, p99=505
nexmark_src_bufSize_3 stats (2088 samples): dur=10.002649484s, p50=130863, p90=131030, p99=131069
srcGen_3 stats (800904 samples): dur=10.010824639s, p50=4, p90=14, p99=28
[3] chkmngr has terminated
nexmark_src_bufEntry_3 stats (2031 samples): dur=10.02063561s, p50=499, p90=502, p99=505
nexmark_src_bufSize_3 stats (2031 samples): dur=10.020617854s, p50=130861, p90=131023, p99=131067
generate stream end mark with tag: 404b3c06f60bdf03
[3] all stopped
