wait for last: true, sink max_buf_size: 131072
warmup: 0
encoded json is {"sg":{"nexmark_src":4,"q2_out":4,"query2":4,"source":4},"aid":"q2","fns":["source","query2"],"bufMaxSize":131072,"epoch":1,"serdeFormat":1,"bs":true}, node constraint is 1
config: map[NodeConstraint:"1,2,3,4" NumInstance:4 OutputTopicName:["nexmark_src"] funcName:"source"]
config: map[Final:true InputTopicNames:["nexmark_src"] NodeConstraint:"5,6,7,8" NumInstance:4 NumSrcProducer:[1] OutputTopicName:["q2_out"] funcName:"query2"]
srcInvokeConfig: &{FinalTpNames:[q2_out] TopicName:nexmark_src AppId:q2 NodeConstraint:1,2,3,4 AdditionalBytes:0 ScaleEpoch:0 NumOutPartition:4 InstanceID:0 NumSrcInstance:4}
cliNodes: [0xc0000c0120]
inParamsMap: map[query2:[0xc0000a2aa0 0xc0000a2b40 0xc0000a2be0 0xc0000a2c80]]
configScaleInput: &{Config:map[nexmark_src:4 q2_out:4 query2:4 source:4] AppId:q2 FuncNames:[source query2] BufMaxSize:131072 ScaleEpoch:0 SerdeFormat:1 Bootstrap:false}
encoded json is {"outTpNames":["q2_out"]}, node constraint is 1
redis_setup url is http://ip-172-31-4-33.us-east-2.compute.internal:8080/function/redisSetup
encoded json is {"srcTpName":"nexmark_src","outTpNames":["q2_out"],"numOutParts":"BA==","chkptEveryMs":100,"bufMaxSize":131072,"srcNumPart":4,"gua":4,"serde_format":1}, node constraint is 1
chkptmngr url is http://ip-172-31-4-33.us-east-2.compute.internal:8080/function/chkptmngr
func source url is http://ip-172-31-4-33.us-east-2.compute.internal:8080/function/source
src instance: 4
func source url is http://ip-172-31-4-33.us-east-2.compute.internal:8080/function/source
func source url is http://ip-172-31-4-33.us-east-2.compute.internal:8080/function/source
func source url is http://ip-172-31-4-33.us-east-2.compute.internal:8080/function/source
encoded json is {"topic_name":"nexmark_src","rate_shape":"square","aid":"q2","events_num":23040000,"rate_period":10000000000,"finOutTpNs":["q2_out"],"first_event_rate":128000,"next_event_rate":128000,"bid_avg_size":100,"person_avg_size":200,"auction_avg_size":500,"duration":180,"person_proportion":1,"auction_proportion":3,"bid_proportion":46,"bid_hot_ratio_auctions":2,"bid_hot_ratio_bidders":4,"auction_hot_ratio_sellers":4,"flushms":10,"bufMaxSize":131072,"commEveryMs":100,"rate_limited":false,"waitEnd":true,"serde_format":1,"numOutPar":4,"parNum":3,"nSrcIns":4,"gua":4}, node constraint is 1,2,3,4
encoded json is {"topic_name":"nexmark_src","rate_shape":"square","aid":"q2","events_num":23040000,"rate_period":10000000000,"finOutTpNs":["q2_out"],"first_event_rate":128000,"next_event_rate":128000,"bid_avg_size":100,"person_avg_size":200,"auction_avg_size":500,"duration":180,"person_proportion":1,"auction_proportion":3,"bid_proportion":46,"bid_hot_ratio_auctions":2,"bid_hot_ratio_bidders":4,"auction_hot_ratio_sellers":4,"flushms":10,"bufMaxSize":131072,"commEveryMs":100,"rate_limited":false,"waitEnd":true,"serde_format":1,"numOutPar":4,"parNum":1,"nSrcIns":4,"gua":4}, node constraint is 1,2,3,4
encoded json is {"topic_name":"nexmark_src","rate_shape":"square","aid":"q2","events_num":23040000,"rate_period":10000000000,"finOutTpNs":["q2_out"],"first_event_rate":128000,"next_event_rate":128000,"bid_avg_size":100,"person_avg_size":200,"auction_avg_size":500,"duration":180,"person_proportion":1,"auction_proportion":3,"bid_proportion":46,"bid_hot_ratio_auctions":2,"bid_hot_ratio_bidders":4,"auction_hot_ratio_sellers":4,"flushms":10,"bufMaxSize":131072,"commEveryMs":100,"rate_limited":false,"waitEnd":true,"serde_format":1,"numOutPar":4,"parNum":2,"nSrcIns":4,"gua":4}, node constraint is 1,2,3,4
encoded json is {"topic_name":"nexmark_src","rate_shape":"square","aid":"q2","events_num":23040000,"rate_period":10000000000,"finOutTpNs":["q2_out"],"first_event_rate":128000,"next_event_rate":128000,"bid_avg_size":100,"person_avg_size":200,"auction_avg_size":500,"duration":180,"person_proportion":1,"auction_proportion":3,"bid_proportion":46,"bid_hot_ratio_auctions":2,"bid_hot_ratio_bidders":4,"auction_hot_ratio_sellers":4,"flushms":10,"bufMaxSize":131072,"commEveryMs":100,"rate_limited":false,"waitEnd":true,"serde_format":1,"numOutPar":4,"nSrcIns":4,"gua":4}, node constraint is 1,2,3,4
Waiting for all client to return
func name is query2
func url is http://ip-172-31-4-33.us-east-2.compute.internal:8080/function/query2
func name is query2
func url is http://ip-172-31-4-33.us-east-2.compute.internal:8080/function/query2
func name is query2
func url is http://ip-172-31-4-33.us-east-2.compute.internal:8080/function/query2
func name is query2
func url is http://ip-172-31-4-33.us-east-2.compute.internal:8080/function/query2
encoded json is {"aid":"q2","numOutPartition":"BA==","numSubstreamProducer":"AQ==","outputTopicName":["q2_out"],"inputTopicName":["nexmark_src"],"commEveryMs":100,"flushMs":100,"duration":180,"bufMaxSize":131072,"epoch":1,"waitEnd":true,"numInPartition":4,"gua":4,"serdeFormat":1}, node constraint is 5,6,7,8
encoded json is {"aid":"q2","numOutPartition":"BA==","numSubstreamProducer":"AQ==","outputTopicName":["q2_out"],"inputTopicName":["nexmark_src"],"commEveryMs":100,"flushMs":100,"duration":180,"bufMaxSize":131072,"epoch":1,"waitEnd":true,"numInPartition":4,"ParNum":1,"gua":4,"serdeFormat":1}, node constraint is 5,6,7,8
encoded json is {"aid":"q2","numOutPartition":"BA==","numSubstreamProducer":"AQ==","outputTopicName":["q2_out"],"inputTopicName":["nexmark_src"],"commEveryMs":100,"flushMs":100,"duration":180,"bufMaxSize":131072,"epoch":1,"waitEnd":true,"numInPartition":4,"ParNum":2,"gua":4,"serdeFormat":1}, node constraint is 5,6,7,8
encoded json is {"aid":"q2","numOutPartition":"BA==","numSubstreamProducer":"AQ==","outputTopicName":["q2_out"],"inputTopicName":["nexmark_src"],"commEveryMs":100,"flushMs":100,"duration":180,"bufMaxSize":131072,"epoch":1,"waitEnd":true,"numInPartition":4,"ParNum":3,"gua":4,"serdeFormat":1}, node constraint is 5,6,7,8
source-3 invoke done
source-0 invoke done
source-1 invoke done
source-2 invoke done
query2-3 call done
query2-0 call done
query2-2 call done
query2-1 call done
sink processed: 5759991, throughput: (event/s) 31990.012864461547
sink_ctrl processed: 2, throughput: (event/s) 0.011107660711435676
source-0 duration: 180.055913838

sink_ctrl processed: 2, throughput: (event/s) 0.011107686104604319
sink processed: 5760002, throughput: (event/s) 31990.14708894654
source-1 duration: 180.055502214

sink processed: 5759970, throughput: (event/s) 31989.90903880608
sink_ctrl processed: 2, throughput: (event/s) 0.011107665157563696
source-2 duration: 180.055841766

sink processed: 5760002, throughput: (event/s) 31990.19677643891
sink_ctrl processed: 2, throughput: (event/s) 0.011107703357199844
source-3 duration: 180.05522255

sink_ctrl processed 8 events, duration: 180.055913838, tp: 0.044431
sink processed 23039965 events, duration: 180.055913838, tp: 127960.057012

eventTimeLatency_sink, p50: 11 ms, p90: 16 ms, p99: 21 ms
nexmark_src_src_data processed: 5759989, throughput: (event/s) 31989.63211270814
nexmark_src_src_epoch processed: 0, throughput: (event/s) 0
nexmark_src_src_logEntry processed: 14283, throughput: (event/s) 79.32444236713131
sink processed: 43646, throughput: (event/s) 242.39967874786902
nexmark_src_src processed: 5761568, throughput: (event/s) 31998.40150950837
nexmark_src_src_ctrl processed: 1579, throughput: (event/s) 8.769396800231068
query2-0 duration: 180.057994406

eventTimeLatency_sink, p50: 11 ms, p90: 17 ms, p99: 38 ms
nexmark_src_src_data processed: 5760000, throughput: (event/s) 31989.5863393218
nexmark_src_src_epoch processed: 0, throughput: (event/s) 0
nexmark_src_src_logEntry processed: 14401, throughput: (event/s) 79.97951959593284
sink processed: 43255, throughput: (event/s) 240.227353664473
nexmark_src_src processed: 5761579, throughput: (event/s) 31998.35570682697
nexmark_src_src_ctrl processed: 1579, throughput: (event/s) 8.769367505171722
query2-1 duration: 180.05859591

eventTimeLatency_sink, p50: 11 ms, p90: 17 ms, p99: 44 ms
nexmark_src_src_data processed: 5759968, throughput: (event/s) 31989.159542070676
nexmark_src_src_epoch processed: 0, throughput: (event/s) 0
nexmark_src_src_logEntry processed: 14452, throughput: (event/s) 80.2621357795747
sink processed: 43100, throughput: (event/s) 239.36465901603032
nexmark_src_src processed: 5761547, throughput: (event/s) 31997.928841295416
nexmark_src_src_ctrl processed: 1579, throughput: (event/s) 8.769299224740415
query2-2 duration: 180.059997901

eventTimeLatency_sink, p50: 11 ms, p90: 17 ms, p99: 54 ms
nexmark_src_src_logEntry processed: 14246, throughput: (event/s) 79.11922482406693
sink processed: 43542, throughput: (event/s) 241.8229178218112
nexmark_src_src processed: 5761579, throughput: (event/s) 31998.572528613135
nexmark_src_src_ctrl processed: 1579, throughput: (event/s) 8.769426926660232
nexmark_src_src_data processed: 5760000, throughput: (event/s) 31989.803101686473
nexmark_src_src_epoch processed: 0, throughput: (event/s) 0
query2-3 duration: 180.057375836

sink processed 173543 events, duration: 180.059997901
nexmark_src_src processed 23046273 events, duration: 180.059997901
nexmark_src_src_ctrl processed 6316 events, duration: 180.059997901
nexmark_src_src_data processed 23039957 events, duration: 180.059997901
nexmark_src_src_epoch processed 0 events, duration: 180.059997901
nexmark_src_src_logEntry processed 57382 events, duration: 180.059997901

