parallel restore str: , false
env str: , async2ndPhase: false
env str: , create snapshot: false
2024/03/03 11:25:31 [INFO] Load configuration for function scale[40]
2024/03/03 11:25:31 [INFO] Load configuration for function chkptmngr[50]
2024/03/03 11:25:31 [INFO] Load configuration for function redisSetup[70]
2024/03/03 11:25:31 [INFO] Load configuration for function source[20]
2024/03/03 11:25:31 [INFO] Load configuration for function query2[30]
2024/03/03 11:25:31 [INFO] Parse FAAS_ENGINE_ID: 4
2024/03/03 11:25:31 [INFO] Parse FAAS_ENGINE_ID: 4
2024/03/03 11:25:31 [INFO] Current GOMAXPROCS is 2
2024/03/03 11:25:31 [INFO] Parse FAAS_ENGINE_ID: 4
2024/03/03 11:25:31 [INFO] Current GOMAXPROCS is 3
2024/03/03 11:25:31 [INFO] Parse FAAS_ENGINE_ID: 4
2024/03/03 11:25:31 [INFO] Start new FuncWorker with client id 1
2024/03/03 11:25:31 [INFO] Start new FuncWorker with client id 3
2024/03/03 11:25:31 [INFO] Current GOMAXPROCS is 4
2024/03/03 11:25:31 [INFO] Start new FuncWorker with client id 4
2024/03/03 11:25:31 [INFO] Start new FuncWorker with client id 2
Enter nexmark: funcName: source
2024/03/03 11:25:31 [INFO] Handshake with engine done
Enter nexmark: funcName: source
2024/03/03 11:25:31 [INFO] Handshake with engine done
Enter nexmark: funcName: source
2024/03/03 11:25:31 [INFO] Handshake with engine done
Enter nexmark: funcName: source
2024/03/03 11:25:31 [INFO] Handshake with engine done
redis address is [snapcache-1:6666 snapcache-2:6666 snapcache-3:6666 snapcache-4:6666]
new buffered sink stream nexmark_src[0] with bufMaxSize 131072
new buffered sink stream nexmark_src[1] with bufMaxSize 131072
new buffered sink stream nexmark_src[2] with bufMaxSize 131072
new buffered sink stream nexmark_src[3] with bufMaxSize 131072
Generator config: 
	InterEventDelayUs: [31.25]
	EventPerEpoch    : 0
	MaxEvents        : 23040000
	FirstEventNumber : 1
	EpochPeriodMs    : 0
	StepLengthSec    : 5
	BaseTime         : 1709465271968
	FirstEventId     : 1
	TotalProportion  : 50
	BidProportion    : 46
	AuctionProportion: 3
	PersonProportion : 1
Nexmark config: 
	NumEvents            : 23040000
	NumEventGenerators   : 4
	RateShape            : 0
	FirstEventRate       : 128000
	NextEventRate        : 128000
	RateUnit             : 1000000
	RatePeriodSec        : 10
	PreloadSeconds       : 0
	StreamTimeout        : 240
	IsRateLimited        : false
	UseWallclockEventTime: false
	AvgPersonByteSize    : 200
	AvgAuctionByteSize   : 500
	AvgBidByteSize       : 100
	HotAuctionRatio      : 2
	HotSellersRatio      : 4
	HotBiddersRatio      : 4
	WindowSizeSec        : 10
	WindowPeriodSec      : 5
	WatermarkHoldbackSec : 0
	NumInFlightAuctions  : 100
	NumActivePeople      : 1000
	OccasionalDelaySec   : 3
	ProbDelayedEvent     : 0.1
	OutOfOrderGroupSize  : 1
Input config: 
	SrcTopicName   : nexmark_src
	AppId          : q2
	FinalOutTpNames: [q2_out]
	Duration(s)    : 180
	FlushMs        : 10
	BufMaxSize     : 131072
	CommitEveryMs  : 100
	WaitForEndMark : true
	SerdeFormat    : MSGP
	NumOutPartition: 4
	ParNum         : 2
	NumSrcInstance : 4
	Guarantee      : ALIGN_CHKPT
new buffered sink stream __control_log_q2[0] with bufMaxSize 131072
new buffered sink stream __control_log_q2[0] with bufMaxSize 131072
generate events to [2]
StartTs: 1709465271968
gen first chkpt
srcGen_2 stats (320032 samples): dur=10.006382805s, p50=4, p90=14, p99=1579
nexmark_src_bufEntry_2 stats (786 samples): dur=10.001823373s, p50=416, p90=448, p99=505
nexmark_src_bufSize_2 stats (786 samples): dur=10.00187869s, p50=106956, p90=115250, p99=130864
srcGen_2 stats (320160 samples): dur=10.004679736s, p50=4, p90=14, p99=1574
nexmark_src_bufEntry_2 stats (786 samples): dur=10.0077836s, p50=416, p90=448, p99=451
nexmark_src_bufSize_2 stats (786 samples): dur=10.007771389s, p50=106847, p90=114960, p99=116679
srcGen_2 stats (320160 samples): dur=10.004635318s, p50=4, p90=14, p99=1574
nexmark_src_bufEntry_2 stats (790 samples): dur=10.011183003s, p50=416, p90=443, p99=448
nexmark_src_bufSize_2 stats (790 samples): dur=10.01118957s, p50=106812, p90=112968, p99=116467
srcGen_2 stats (320160 samples): dur=10.005133841s, p50=4, p90=14, p99=1585
nexmark_src_bufEntry_2 stats (785 samples): dur=10.005150731s, p50=416, p90=448, p99=448
nexmark_src_bufSize_2 stats (785 samples): dur=10.005184717s, p50=107352, p90=115341, p99=117091
srcGen_2 stats (320192 samples): dur=10.006201432s, p50=4, p90=14, p99=1576
nexmark_src_bufEntry_2 stats (785 samples): dur=10.002678849s, p50=416, p90=448, p99=455
nexmark_src_bufSize_2 stats (785 samples): dur=10.002642022s, p50=107756, p90=116109, p99=118546
srcGen_2 stats (320128 samples): dur=10.004807256s, p50=4, p90=14, p99=1574
nexmark_src_bufEntry_2 stats (785 samples): dur=10.008372677s, p50=416, p90=448, p99=448
nexmark_src_bufSize_2 stats (785 samples): dur=10.008367625s, p50=107698, p90=116035, p99=117119
srcGen_2 stats (320189 samples): dur=10.004738183s, p50=4, p90=14, p99=1578
nexmark_src_bufEntry_2 stats (789 samples): dur=10.001018611s, p50=416, p90=448, p99=448
nexmark_src_bufSize_2 stats (789 samples): dur=10.00102132s, p50=107637, p90=116022, p99=117538
srcGen_2 stats (320151 samples): dur=10.004469564s, p50=4, p90=14, p99=1572
nexmark_src_bufEntry_2 stats (784 samples): dur=10.008410641s, p50=416, p90=448, p99=449
nexmark_src_bufSize_2 stats (784 samples): dur=10.008417339s, p50=107688, p90=116082, p99=117322
srcGen_2 stats (320140 samples): dur=10.005435721s, p50=4, p90=14, p99=1582
nexmark_src_bufEntry_2 stats (784 samples): dur=10.002129584s, p50=416, p90=448, p99=456
nexmark_src_bufSize_2 stats (784 samples): dur=10.002120729s, p50=107739, p90=116166, p99=117689
srcGen_2 stats (320160 samples): dur=10.004755059s, p50=4, p90=14, p99=1580
nexmark_src_bufEntry_2 stats (789 samples): dur=10.002494722s, p50=416, p90=448, p99=449
nexmark_src_bufSize_2 stats (789 samples): dur=10.002495984s, p50=107595, p90=115748, p99=117861
srcGen_2 stats (320192 samples): dur=10.005340204s, p50=4, p90=14, p99=1586
nexmark_src_bufEntry_2 stats (788 samples): dur=10.004720612s, p50=416, p90=448, p99=480
nexmark_src_bufSize_2 stats (788 samples): dur=10.004721396s, p50=108514, p90=116930, p99=124921
srcGen_2 stats (320128 samples): dur=10.005004482s, p50=4, p90=14, p99=1574
nexmark_src_bufEntry_2 stats (787 samples): dur=10.003261061s, p50=416, p90=448, p99=448
nexmark_src_bufSize_2 stats (787 samples): dur=10.003260564s, p50=108439, p90=116852, p99=118065
srcGen_2 stats (320196 samples): dur=10.004667621s, p50=4, p90=14, p99=1579
nexmark_src_bufEntry_2 stats (785 samples): dur=10.00416005s, p50=416, p90=448, p99=448
nexmark_src_bufSize_2 stats (785 samples): dur=10.004158555s, p50=108542, p90=116900, p99=118599
srcGen_2 stats (320124 samples): dur=10.005218147s, p50=4, p90=14, p99=1586
nexmark_src_bufEntry_2 stats (787 samples): dur=10.006522537s, p50=416, p90=448, p99=474
nexmark_src_bufSize_2 stats (787 samples): dur=10.006554917s, p50=108388, p90=116734, p99=123052
srcGen_2 stats (320192 samples): dur=10.006271045s, p50=4, p90=14, p99=1604
nexmark_src_bufEntry_2 stats (790 samples): dur=10.004293235s, p50=416, p90=443, p99=448
nexmark_src_bufSize_2 stats (790 samples): dur=10.004262544s, p50=108370, p90=115718, p99=118319
srcGen_2 stats (320168 samples): dur=10.004533535s, p50=4, p90=14, p99=1583
nexmark_src_bufEntry_2 stats (789 samples): dur=10.008814178s, p50=416, p90=448, p99=480
nexmark_src_bufSize_2 stats (789 samples): dur=10.008818273s, p50=108469, p90=116678, p99=126240
srcGen_2 stats (320152 samples): dur=10.005264785s, p50=4, p90=14, p99=1581
nexmark_src_bufEntry_2 stats (787 samples): dur=10.002129201s, p50=416, p90=448, p99=459
nexmark_src_bufSize_2 stats (787 samples): dur=10.002126555s, p50=108408, p90=116864, p99=119827
[2] chkmngr has terminated
generate stream end mark with tag: 404b3c06f60bdf02
[2] all stopped
