wait for last: true
warmup: 0
config: map[NodeConstraint:"1,2,3,4" NumInstance:4 OutputTopicName:["nexmark_src"] funcName:"source"]
config: map[InputTopicNames:["nexmark_src"] NodeConstraint:"5,6,7,8" NumInstance:4 NumSrcProducer:[1] OutputTopicName:["q46_aucsByID","q46_bidsByAucID"] funcName:"q46GroupBy"]
config: map[InputTopicNames:["q46_aucsByID","q46_bidsByAucID"] NodeConstraint:"5,6,7,8" NumInstance:4 NumSrcProducer:[4,4] OutputTopicName:["q6_aucIDSeller"] funcName:"q6JoinStream"]
config: map[InputTopicNames:["q6_aucIDSeller"] NodeConstraint:"5,6,7,8" NumInstance:4 NumSrcProducer:[1] OutputTopicName:["q6_maxBids"] funcName:"q6MaxBid"]
config: map[InputTopicNames:["q6_maxBids"] NodeConstraint:"5,6,7,8" NumInstance:4 NumSrcProducer:[4] OutputTopicName:["q6_out"] funcName:"q6Avg"]
srcInvokeConfig: {TopicName:nexmark_src AppId:q6 NodeConstraint:1,2,3,4 ScaleEpoch:0 NumOutPartition:4 InstanceID:0 NumSrcInstance:4}
cliNodes: [0xc0000ce220 0xc0000ce280 0xc0000ce2c0 0xc0000ce320]
inParamsMap: map[q46GroupBy:[0xc0000b2b40 0xc0000b2be0 0xc0000b2c80 0xc0000b2d20] q6Avg:[0xc0000b32c0 0xc0000b3360 0xc0000b3400 0xc0000b34a0] q6JoinStream:[0xc0000b2dc0 0xc0000b2e60 0xc0000b2f00 0xc0000b2fa0] q6MaxBid:[0xc0000b3040 0xc0000b30e0 0xc0000b3180 0xc0000b3220]]
configScaleInput: {Config:map[changelog:4 nexmark_src:4 q46GroupBy:4 q46_aucsByID:4 q46_bidsByAucID:4 q6Avg:4 q6JoinStream:4 q6MaxBid:4 q6_aucIDSeller:4 q6_maxBids:4 q6_out:4 source:4] AppId:q6 FuncNames:[source q46GroupBy q6JoinStream q6MaxBid q6Avg] ScaleEpoch:0 SerdeFormat:1 Bootstrap:false}
encoded json is {"sg":{"changelog":4,"nexmark_src":4,"q46GroupBy":4,"q46_aucsByID":4,"q46_bidsByAucID":4,"q6Avg":4,"q6JoinStream":4,"q6MaxBid":4,"q6_aucIDSeller":4,"q6_maxBids":4,"q6_out":4,"source":4},"aid":"q6","fns":["source","q46GroupBy","q6JoinStream","q6MaxBid","q6Avg"],"epoch":1,"serdeFormat":1,"bs":true}, node constraint is 1
func source url is http://ip-172-31-2-1.us-east-2.compute.internal:8080/function/source
func source url is http://ip-172-31-2-1.us-east-2.compute.internal:8080/function/source
func source url is http://ip-172-31-2-1.us-east-2.compute.internal:8080/function/source
func source url is http://ip-172-31-2-1.us-east-2.compute.internal:8080/function/source
src instance: 4
encoded json is {"topic_name":"nexmark_src","rate_shape":"square","aid":"q6","events_num":1080000,"rate_period":10000000000,"bid_avg_size":100,"first_event_rate":6000,"next_event_rate":6000,"person_avg_size":200,"auction_avg_size":500,"duration":180,"person_proportion":1,"auction_proportion":3,"bid_proportion":46,"bid_hot_ratio_auctions":2,"bid_hot_ratio_bidders":4,"auction_hot_ratio_sellers":4,"flushms":100,"rate_limited":false,"waitEnd":true,"serde_format":1,"numOutPar":4,"parNum":3,"nSrcIns":4}, node constraint is 1,2,3,4
encoded json is {"topic_name":"nexmark_src","rate_shape":"square","aid":"q6","events_num":1080000,"rate_period":10000000000,"bid_avg_size":100,"first_event_rate":6000,"next_event_rate":6000,"person_avg_size":200,"auction_avg_size":500,"duration":180,"person_proportion":1,"auction_proportion":3,"bid_proportion":46,"bid_hot_ratio_auctions":2,"bid_hot_ratio_bidders":4,"auction_hot_ratio_sellers":4,"flushms":100,"rate_limited":false,"waitEnd":true,"serde_format":1,"numOutPar":4,"parNum":1,"nSrcIns":4}, node constraint is 1,2,3,4
encoded json is {"topic_name":"nexmark_src","rate_shape":"square","aid":"q6","events_num":1080000,"rate_period":10000000000,"bid_avg_size":100,"first_event_rate":6000,"next_event_rate":6000,"person_avg_size":200,"auction_avg_size":500,"duration":180,"person_proportion":1,"auction_proportion":3,"bid_proportion":46,"bid_hot_ratio_auctions":2,"bid_hot_ratio_bidders":4,"auction_hot_ratio_sellers":4,"flushms":100,"rate_limited":false,"waitEnd":true,"serde_format":1,"numOutPar":4,"parNum":2,"nSrcIns":4}, node constraint is 1,2,3,4
encoded json is {"topic_name":"nexmark_src","rate_shape":"square","aid":"q6","events_num":1080000,"rate_period":10000000000,"bid_avg_size":100,"first_event_rate":6000,"next_event_rate":6000,"person_avg_size":200,"auction_avg_size":500,"duration":180,"person_proportion":1,"auction_proportion":3,"bid_proportion":46,"bid_hot_ratio_auctions":2,"bid_hot_ratio_bidders":4,"auction_hot_ratio_sellers":4,"flushms":100,"rate_limited":false,"waitEnd":true,"serde_format":1,"numOutPar":4,"nSrcIns":4}, node constraint is 1,2,3,4
encoded json is {"aid":"q6","numOutPartition":"BAQ=","numSubstreamProducer":"AQ==","outputTopicName":["q46_aucsByID","q46_bidsByAucID"],"inputTopicName":["nexmark_src"],"commEveryMs":100,"flushMs":100,"snapEveryS":10,"duration":180,"epoch":1,"waitEnd":true,"numChangelogPartition":4,"numInPartition":4,"gua":3,"serdeFormat":1}, node constraint is 5,6,7,8
encoded json is {"aid":"q6","numOutPartition":"BA==","numSubstreamProducer":"AQ==","outputTopicName":["q6_maxBids"],"inputTopicName":["q6_aucIDSeller"],"commEveryMs":100,"flushMs":100,"snapEveryS":10,"duration":180,"epoch":1,"waitEnd":true,"numChangelogPartition":4,"numInPartition":4,"ParNum":3,"gua":3,"serdeFormat":1}, node constraint is 5,6,7,8
encoded json is {"aid":"q6","numOutPartition":"BA==","numSubstreamProducer":"BAQ=","outputTopicName":["q6_aucIDSeller"],"inputTopicName":["q46_aucsByID","q46_bidsByAucID"],"commEveryMs":100,"flushMs":100,"snapEveryS":10,"duration":180,"epoch":1,"waitEnd":true,"numChangelogPartition":4,"numInPartition":4,"ParNum":3,"gua":3,"serdeFormat":1}, node constraint is 5,6,7,8
encoded json is {"aid":"q6","numOutPartition":"BA==","numSubstreamProducer":"BAQ=","outputTopicName":["q6_aucIDSeller"],"inputTopicName":["q46_aucsByID","q46_bidsByAucID"],"commEveryMs":100,"flushMs":100,"snapEveryS":10,"duration":180,"epoch":1,"waitEnd":true,"numChangelogPartition":4,"numInPartition":4,"ParNum":1,"gua":3,"serdeFormat":1}, node constraint is 5,6,7,8
encoded json is {"aid":"q6","numOutPartition":"BA==","numSubstreamProducer":"BA==","outputTopicName":["q6_out"],"inputTopicName":["q6_maxBids"],"commEveryMs":100,"flushMs":100,"snapEveryS":10,"duration":180,"epoch":1,"waitEnd":true,"numChangelogPartition":4,"numInPartition":4,"ParNum":1,"gua":3,"serdeFormat":1}, node constraint is 5,6,7,8
encoded json is {"aid":"q6","numOutPartition":"BAQ=","numSubstreamProducer":"AQ==","outputTopicName":["q46_aucsByID","q46_bidsByAucID"],"inputTopicName":["nexmark_src"],"commEveryMs":100,"flushMs":100,"snapEveryS":10,"duration":180,"epoch":1,"waitEnd":true,"numChangelogPartition":4,"numInPartition":4,"ParNum":1,"gua":3,"serdeFormat":1}, node constraint is 5,6,7,8
encoded json is {"aid":"q6","numOutPartition":"BA==","numSubstreamProducer":"BAQ=","outputTopicName":["q6_aucIDSeller"],"inputTopicName":["q46_aucsByID","q46_bidsByAucID"],"commEveryMs":100,"flushMs":100,"snapEveryS":10,"duration":180,"epoch":1,"waitEnd":true,"numChangelogPartition":4,"numInPartition":4,"ParNum":2,"gua":3,"serdeFormat":1}, node constraint is 5,6,7,8
encoded json is {"aid":"q6","numOutPartition":"BA==","numSubstreamProducer":"BA==","outputTopicName":["q6_out"],"inputTopicName":["q6_maxBids"],"commEveryMs":100,"flushMs":100,"snapEveryS":10,"duration":180,"epoch":1,"waitEnd":true,"numChangelogPartition":4,"numInPartition":4,"ParNum":3,"gua":3,"serdeFormat":1}, node constraint is 5,6,7,8
encoded json is {"aid":"q6","numOutPartition":"BA==","numSubstreamProducer":"AQ==","outputTopicName":["q6_maxBids"],"inputTopicName":["q6_aucIDSeller"],"commEveryMs":100,"flushMs":100,"snapEveryS":10,"duration":180,"epoch":1,"waitEnd":true,"numChangelogPartition":4,"numInPartition":4,"gua":3,"serdeFormat":1}, node constraint is 5,6,7,8
encoded json is {"aid":"q6","numOutPartition":"BAQ=","numSubstreamProducer":"AQ==","outputTopicName":["q46_aucsByID","q46_bidsByAucID"],"inputTopicName":["nexmark_src"],"commEveryMs":100,"flushMs":100,"snapEveryS":10,"duration":180,"epoch":1,"waitEnd":true,"numChangelogPartition":4,"numInPartition":4,"ParNum":2,"gua":3,"serdeFormat":1}, node constraint is 5,6,7,8
encoded json is {"aid":"q6","numOutPartition":"BA==","numSubstreamProducer":"BA==","outputTopicName":["q6_out"],"inputTopicName":["q6_maxBids"],"commEveryMs":100,"flushMs":100,"snapEveryS":10,"duration":180,"epoch":1,"waitEnd":true,"numChangelogPartition":4,"numInPartition":4,"ParNum":2,"gua":3,"serdeFormat":1}, node constraint is 5,6,7,8
encoded json is {"aid":"q6","numOutPartition":"BAQ=","numSubstreamProducer":"AQ==","outputTopicName":["q46_aucsByID","q46_bidsByAucID"],"inputTopicName":["nexmark_src"],"commEveryMs":100,"flushMs":100,"snapEveryS":10,"duration":180,"epoch":1,"waitEnd":true,"numChangelogPartition":4,"numInPartition":4,"ParNum":3,"gua":3,"serdeFormat":1}, node constraint is 5,6,7,8
func name is q46GroupBy
func url is http://ip-172-31-2-1.us-east-2.compute.internal:8080/function/q46GroupBy
Waiting for all client to return
func name is q6Avg
func url is http://ip-172-31-2-1.us-east-2.compute.internal:8080/function/q6Avg
func name is q46GroupBy
func url is http://ip-172-31-2-1.us-east-2.compute.internal:8080/function/q46GroupBy
func name is q46GroupBy
func url is http://ip-172-31-2-1.us-east-2.compute.internal:8080/function/q46GroupBy
func name is q46GroupBy
func url is http://ip-172-31-2-1.us-east-2.compute.internal:8080/function/q46GroupBy
func name is q6Avg
func url is http://ip-172-31-2-1.us-east-2.compute.internal:8080/function/q6Avg
func name is q6JoinStream
func name is q6MaxBid
func url is http://ip-172-31-2-1.us-east-2.compute.internal:8080/function/q6MaxBid
func url is http://ip-172-31-2-1.us-east-2.compute.internal:8080/function/q6JoinStream
func name is q6MaxBid
func url is http://ip-172-31-2-1.us-east-2.compute.internal:8080/function/q6MaxBid
func name is q6JoinStream
func url is http://ip-172-31-2-1.us-east-2.compute.internal:8080/function/q6JoinStream
func name is q6Avg
func name is q6MaxBid
func name is q6Avg
func url is http://ip-172-31-2-1.us-east-2.compute.internal:8080/function/q6Avg
func url is http://ip-172-31-2-1.us-east-2.compute.internal:8080/function/q6MaxBid
func name is q6JoinStream
func url is http://ip-172-31-2-1.us-east-2.compute.internal:8080/function/q6Avg
func url is http://ip-172-31-2-1.us-east-2.compute.internal:8080/function/q6JoinStream
func name is q6MaxBid
func name is q6JoinStream
func url is http://ip-172-31-2-1.us-east-2.compute.internal:8080/function/q6JoinStream
func url is http://ip-172-31-2-1.us-east-2.compute.internal:8080/function/q6MaxBid
encoded json is {"aid":"q6","numOutPartition":"BA==","numSubstreamProducer":"AQ==","outputTopicName":["q6_maxBids"],"inputTopicName":["q6_aucIDSeller"],"commEveryMs":100,"flushMs":100,"snapEveryS":10,"duration":180,"epoch":1,"waitEnd":true,"numChangelogPartition":4,"numInPartition":4,"ParNum":2,"gua":3,"serdeFormat":1}, node constraint is 5,6,7,8
encoded json is {"aid":"q6","numOutPartition":"BA==","numSubstreamProducer":"AQ==","outputTopicName":["q6_maxBids"],"inputTopicName":["q6_aucIDSeller"],"commEveryMs":100,"flushMs":100,"snapEveryS":10,"duration":180,"epoch":1,"waitEnd":true,"numChangelogPartition":4,"numInPartition":4,"ParNum":1,"gua":3,"serdeFormat":1}, node constraint is 5,6,7,8
encoded json is {"aid":"q6","numOutPartition":"BA==","numSubstreamProducer":"BAQ=","outputTopicName":["q6_aucIDSeller"],"inputTopicName":["q46_aucsByID","q46_bidsByAucID"],"commEveryMs":100,"flushMs":100,"snapEveryS":10,"duration":180,"epoch":1,"waitEnd":true,"numChangelogPartition":4,"numInPartition":4,"gua":3,"serdeFormat":1}, node constraint is 5,6,7,8
encoded json is {"aid":"q6","numOutPartition":"BA==","numSubstreamProducer":"BA==","outputTopicName":["q6_out"],"inputTopicName":["q6_maxBids"],"commEveryMs":100,"flushMs":100,"snapEveryS":10,"duration":180,"epoch":1,"waitEnd":true,"numChangelogPartition":4,"numInPartition":4,"gua":3,"serdeFormat":1}, node constraint is 5,6,7,8
source-3 invoke done
source-1 invoke done
source-2 invoke done
q46GroupBy-3 call done
source-0 invoke done
q46GroupBy-2 call done
q46GroupBy-1 call done
q46GroupBy-0 call done
q6JoinStream-0 call done
q6MaxBid-0 call done
{"level":"error","time":"2022-11-21T03:19:40-06:00","message":"q6MaxBid request failed: Post \"http://ip-172-31-2-1.us-east-2.compute.internal:8080/function/q6MaxBid\": context deadline exceeded (Client.Timeout exceeded while awaiting headers)"}
{"level":"error","time":"2022-11-21T03:19:40-06:00","message":"q6MaxBid request failed: Post \"http://ip-172-31-2-1.us-east-2.compute.internal:8080/function/q6MaxBid\": context deadline exceeded (Client.Timeout exceeded while awaiting headers)"}
q6MaxBid-1 call done
q6MaxBid-3 call done
{"level":"error","time":"2022-11-21T03:19:40-06:00","message":"q6Avg request failed: Post \"http://ip-172-31-2-1.us-east-2.compute.internal:8080/function/q6Avg\": context deadline exceeded (Client.Timeout exceeded while awaiting headers)"}
q6Avg-0 call done
{"level":"error","time":"2022-11-21T03:19:40-06:00","message":"q6Avg request failed: Post \"http://ip-172-31-2-1.us-east-2.compute.internal:8080/function/q6Avg\": context deadline exceeded (Client.Timeout exceeded while awaiting headers)"}
{"level":"error","time":"2022-11-21T03:19:40-06:00","message":"q6JoinStream request failed: Post \"http://ip-172-31-2-1.us-east-2.compute.internal:8080/function/q6JoinStream\": context deadline exceeded (Client.Timeout exceeded while awaiting headers)"}
q6JoinStream-1 call done
{"level":"error","time":"2022-11-21T03:19:40-06:00","message":"q6MaxBid request failed: Post \"http://ip-172-31-2-1.us-east-2.compute.internal:8080/function/q6MaxBid\": context deadline exceeded (Client.Timeout exceeded while awaiting headers)"}
q6MaxBid-2 call done
{"level":"error","time":"2022-11-21T03:19:40-06:00","message":"q6Avg request failed: Post \"http://ip-172-31-2-1.us-east-2.compute.internal:8080/function/q6Avg\": context deadline exceeded (Client.Timeout exceeded while awaiting headers)"}
q6Avg-2 call done
{"level":"error","time":"2022-11-21T03:19:40-06:00","message":"q6JoinStream request failed: Post \"http://ip-172-31-2-1.us-east-2.compute.internal:8080/function/q6JoinStream\": context deadline exceeded (Client.Timeout exceeded while awaiting headers)"}
q6JoinStream-2 call done
{"level":"error","time":"2022-11-21T03:19:40-06:00","message":"q6Avg request failed: Post \"http://ip-172-31-2-1.us-east-2.compute.internal:8080/function/q6Avg\": context deadline exceeded (Client.Timeout exceeded while awaiting headers)"}
q6Avg-3 call done
{"level":"error","time":"2022-11-21T03:19:40-06:00","message":"q6JoinStream request failed: Post \"http://ip-172-31-2-1.us-east-2.compute.internal:8080/function/q6JoinStream\": context deadline exceeded (Client.Timeout exceeded while awaiting headers)"}
q6JoinStream-3 call done
q6Avg-1 call done
sink processed: 270001, throughput: (event/s) 1499.9936303311956
sink_ctrl processed: 1, throughput: (event/s) 0.005555511388221509
source-0 duration: 180.001431033

sink processed: 270001, throughput: (event/s) 1499.9877253764625
sink_ctrl processed: 1, throughput: (event/s) 0.005555489518099794
source-1 duration: 180.002139639

sink processed: 270001, throughput: (event/s) 1499.9814590117417
sink_ctrl processed: 1, throughput: (event/s) 0.005555466309427527
source-2 duration: 180.002891621

sink processed: 270001, throughput: (event/s) 1499.9863782547093
sink_ctrl processed: 1, throughput: (event/s) 0.005555484528778447
source-3 duration: 180.002301297

sink processed 1080004 events, duration: 180.002891621, tp: 5999.925836
sink_ctrl processed 4 events, duration: 180.002891621, tp: 0.022222

bidsByAucIDSink processed: 248400, throughput: (event/s) 1379.706075994743
nexmark_src_src processed: 270001, throughput: (event/s) 1499.6860717578768
nexmark_src_src_ctrl processed: 1, throughput: (event/s) 0.005554372286613297
nexmark_src_src_data processed: 270000, throughput: (event/s) 1499.68051738559
nexmark_src_src_epoch processed: 0, throughput: (event/s) 0
nexmark_src_src_logEntry processed: 1765, throughput: (event/s) 9.80346708587247
aucsByIDSink processed: 16200, throughput: (event/s) 89.98083104313541
q46GroupBy-0 duration: 180.038346081

nexmark_src_src processed: 270001, throughput: (event/s) 1499.687504545692
nexmark_src_src_ctrl processed: 1, throughput: (event/s) 0.005554377593215181
nexmark_src_src_data processed: 270000, throughput: (event/s) 1499.6819501680989
nexmark_src_src_epoch processed: 0, throughput: (event/s) 0
nexmark_src_src_logEntry processed: 1764, throughput: (event/s) 9.797922074431579
aucsByIDSink processed: 16200, throughput: (event/s) 89.98091701008593
bidsByAucIDSink processed: 248400, throughput: (event/s) 1379.707394154651
q46GroupBy-1 duration: 180.038174074

nexmark_src_src_ctrl processed: 1, throughput: (event/s) 0.005554583899816085
nexmark_src_src_data processed: 270000, throughput: (event/s) 1499.7376529503426
nexmark_src_src_epoch processed: 0, throughput: (event/s) 0
nexmark_src_src_logEntry processed: 1764, throughput: (event/s) 9.798285999275572
aucsByIDSink processed: 16200, throughput: (event/s) 89.98425917702056
bidsByAucIDSink processed: 248400, throughput: (event/s) 1379.7586407143153
nexmark_src_src processed: 270001, throughput: (event/s) 1499.7432075342426
q46GroupBy-2 duration: 180.031487153

nexmark_src_src processed: 270001, throughput: (event/s) 1499.7449199350613
nexmark_src_src_ctrl processed: 1, throughput: (event/s) 0.005554590242017849
nexmark_src_src_data processed: 270000, throughput: (event/s) 1499.7393653448191
nexmark_src_src_epoch processed: 0, throughput: (event/s) 0
nexmark_src_src_logEntry processed: 1765, throughput: (event/s) 9.803851777161503
aucsByIDSink processed: 16200, throughput: (event/s) 89.98436192068915
bidsByAucIDSink processed: 248400, throughput: (event/s) 1379.7602161172338
q46GroupBy-3 duration: 180.031281594

bidsByAucIDSink processed 993600 events, duration: 180.038346081
nexmark_src_src processed 1080004 events, duration: 180.038346081
nexmark_src_src_ctrl processed 4 events, duration: 180.038346081
nexmark_src_src_data processed 1080000 events, duration: 180.038346081
nexmark_src_src_epoch processed 0 events, duration: 180.038346081
nexmark_src_src_logEntry processed 7058 events, duration: 180.038346081
aucsByIDSink processed 64800 events, duration: 180.038346081

aucsByIDSrc processed: 21863, throughput: (event/s) 108.38586309203966
bidsByAucIDSrc processed: 246447, throughput: (event/s) 1221.7614600669579
bidsByAucIDSrc_logEntry processed: 6052, throughput: (event/s) 30.00280123647368
sink processed: 694373, throughput: (event/s) 3442.355436710829
aucsByIDSrc_data processed: 16208, throughput: (event/s) 80.35119009265786
bidsByAucIDSrc_ctrl processed: 4, throughput: (event/s) 0.019830007426618425
bidsByAucIDSrc_data processed: 240391, throughput: (event/s) 1191.7388288230575
aucsByIDSrc_logEntry processed: 5651, throughput: (event/s) 28.01484299195518
bidsByAucIDSrc_epoch processed: 6052, throughput: (event/s) 30.00280123647368
aucsByIDSrc_ctrl processed: 4, throughput: (event/s) 0.019830007426618425
aucsByIDSrc_epoch processed: 5651, throughput: (event/s) 28.01484299195518
q6JoinStream-0 duration: 201.714498333

q6JoinStream-1 failed, msg 
q6JoinStream-2 failed, msg 
q6JoinStream-3 failed, msg 
aucsByIDSrc_data processed 16208 events, duration: 201.714498333
aucsByIDSrc_ctrl processed 4 events, duration: 201.714498333
aucsByIDSrc_epoch processed 5651 events, duration: 201.714498333
bidsByAucIDSrc processed 246447 events, duration: 201.714498333
bidsByAucIDSrc_logEntry processed 6052 events, duration: 201.714498333
bidsByAucIDSrc_ctrl processed 4 events, duration: 201.714498333
bidsByAucIDSrc_data processed 240391 events, duration: 201.714498333
aucsByIDSrc_logEntry processed 5651 events, duration: 201.714498333
bidsByAucIDSrc_epoch processed 6052 events, duration: 201.714498333
aucsByIDSrc processed 21863 events, duration: 201.714498333
sink processed 694373 events, duration: 201.714498333

q6_aucIDSeller_src_logEntry processed: 1500, throughput: (event/s) 7.435381513902817
sink processed: 105174, throughput: (event/s) 521.3392102288099
q6_aucIDSeller_src processed: 695529, throughput: (event/s) 3447.6823126555414
q6_aucIDSeller_src_ctrl processed: 1, throughput: (event/s) 0.004956921009268545
q6_aucIDSeller_src_data processed: 694373, throughput: (event/s) 3441.952111968827
q6_aucIDSeller_src_epoch processed: 1155, throughput: (event/s) 5.725243765705169
q6MaxBid-0 duration: 201.73813505

q6MaxBid-1 failed, msg 
q6MaxBid-2 failed, msg 
q6MaxBid-3 failed, msg 
q6_aucIDSeller_src_logEntry processed 1500 events, duration: 201.73813505
sink processed 105174 events, duration: 201.73813505
q6_aucIDSeller_src processed 695529 events, duration: 201.73813505
q6_aucIDSeller_src_ctrl processed 1 events, duration: 201.73813505
q6_aucIDSeller_src_data processed 694373 events, duration: 201.73813505
q6_aucIDSeller_src_epoch processed 1155 events, duration: 201.73813505

q6Avg-0 failed, msg 
q6Avg-1 failed, msg 
q6Avg-2 failed, msg 
q6Avg-3 failed, msg 
