parallel restore str: , false
env str: , async2ndPhase: false
env str: , create snapshot: false
wait for last: true, sink max_buf_size: 131072
warmup: 0
config: map[NodeConstraint:"1,2,3,4" NumInstance:4 OutputTopicName:["nexmark_src"] funcName:"source"]
config: map[Final:true InputTopicNames:["nexmark_src"] NodeConstraint:"5,6,7,8" NumInstance:4 NumSrcProducer:[1] OutputTopicName:["q2_out"] funcName:"query2"]
srcInvokeConfig: &{FinalTpNames:[q2_out] TopicName:nexmark_src AppId:q2 NodeConstraint:1,2,3,4 AdditionalBytes:0 ScaleEpoch:0 NumOutPartition:4 InstanceID:0 NumSrcInstance:4}
cliNodes: [0xc00004ed80]
inParamsMap: map[query2:[0xc00012c8f0 0xc00012c9a0 0xc00012ca50 0xc00012cb00]]
encoded json is {"sg":{"nexmark_src":4,"q2_out":4,"query2":4,"source":4},"aid":"q2","fns":["source","query2"],"bufMaxSize":131072,"epoch":1,"serdeFormat":1,"bs":true}, node constraint is 1
configScaleInput: &{Config:map[nexmark_src:4 q2_out:4 query2:4 source:4] AppId:q2 FuncNames:[source query2] BufMaxSize:131072 ScaleEpoch:0 SerdeFormat:1 Bootstrap:false}
encoded json is {"outTpNames":["q2_out"]}, node constraint is 1
redis_setup url is http://ip-172-31-8-171.us-east-2.compute.internal:8080/function/redisSetup
encoded json is {"srcTpName":"nexmark_src","outTpNames":["q2_out"],"numOutParts":"BA==","chkptEveryMs":100,"bufMaxSize":131072,"srcNumPart":4,"gua":5,"serde_format":1}, node constraint is 1
chkptmngr url is http://ip-172-31-8-171.us-east-2.compute.internal:8080/function/chkptmngr
src instance: 4
func source url is http://ip-172-31-8-171.us-east-2.compute.internal:8080/function/source
func source url is http://ip-172-31-8-171.us-east-2.compute.internal:8080/function/source
func source url is http://ip-172-31-8-171.us-east-2.compute.internal:8080/function/source
func source url is http://ip-172-31-8-171.us-east-2.compute.internal:8080/function/source
encoded json is {"topic_name":"nexmark_src","rate_shape":"square","aid":"q2","events_num":63360000,"rate_period":10000000000,"finOutTpNs":["q2_out"],"first_event_rate":352000,"next_event_rate":352000,"bid_avg_size":100,"person_avg_size":200,"auction_avg_size":500,"duration":180,"person_proportion":1,"auction_proportion":3,"bid_proportion":46,"bid_hot_ratio_auctions":2,"bid_hot_ratio_bidders":4,"auction_hot_ratio_sellers":4,"flushms":10,"bufMaxSize":131072,"commEveryMs":100,"rate_limited":false,"waitEnd":true,"serde_format":1,"numOutPar":4,"parNum":1,"nSrcIns":4,"gua":5}, node constraint is 1,2,3,4
encoded json is {"topic_name":"nexmark_src","rate_shape":"square","aid":"q2","events_num":63360000,"rate_period":10000000000,"finOutTpNs":["q2_out"],"first_event_rate":352000,"next_event_rate":352000,"bid_avg_size":100,"person_avg_size":200,"auction_avg_size":500,"duration":180,"person_proportion":1,"auction_proportion":3,"bid_proportion":46,"bid_hot_ratio_auctions":2,"bid_hot_ratio_bidders":4,"auction_hot_ratio_sellers":4,"flushms":10,"bufMaxSize":131072,"commEveryMs":100,"rate_limited":false,"waitEnd":true,"serde_format":1,"numOutPar":4,"nSrcIns":4,"gua":5}, node constraint is 1,2,3,4
encoded json is {"topic_name":"nexmark_src","rate_shape":"square","aid":"q2","events_num":63360000,"rate_period":10000000000,"finOutTpNs":["q2_out"],"first_event_rate":352000,"next_event_rate":352000,"bid_avg_size":100,"person_avg_size":200,"auction_avg_size":500,"duration":180,"person_proportion":1,"auction_proportion":3,"bid_proportion":46,"bid_hot_ratio_auctions":2,"bid_hot_ratio_bidders":4,"auction_hot_ratio_sellers":4,"flushms":10,"bufMaxSize":131072,"commEveryMs":100,"rate_limited":false,"waitEnd":true,"serde_format":1,"numOutPar":4,"parNum":2,"nSrcIns":4,"gua":5}, node constraint is 1,2,3,4
encoded json is {"topic_name":"nexmark_src","rate_shape":"square","aid":"q2","events_num":63360000,"rate_period":10000000000,"finOutTpNs":["q2_out"],"first_event_rate":352000,"next_event_rate":352000,"bid_avg_size":100,"person_avg_size":200,"auction_avg_size":500,"duration":180,"person_proportion":1,"auction_proportion":3,"bid_proportion":46,"bid_hot_ratio_auctions":2,"bid_hot_ratio_bidders":4,"auction_hot_ratio_sellers":4,"flushms":10,"bufMaxSize":131072,"commEveryMs":100,"rate_limited":false,"waitEnd":true,"serde_format":1,"numOutPar":4,"parNum":3,"nSrcIns":4,"gua":5}, node constraint is 1,2,3,4
encoded json is {"aid":"q2","gateway":"ip-172-31-8-171.us-east-2.compute.internal:8080","numOutPartition":"BA==","numSubstreamProducer":"AQ==","outputTopicName":["q2_out"],"inputTopicName":["nexmark_src"],"commEveryMs":100,"flushMs":100,"duration":180,"bufMaxSize":131072,"epoch":1,"waitEnd":true,"numInPartition":4,"ParNum":3,"gua":5,"serdeFormat":1}, node constraint is 5,6,7,8
encoded json is {"aid":"q2","gateway":"ip-172-31-8-171.us-east-2.compute.internal:8080","numOutPartition":"BA==","numSubstreamProducer":"AQ==","outputTopicName":["q2_out"],"inputTopicName":["nexmark_src"],"commEveryMs":100,"flushMs":100,"duration":180,"bufMaxSize":131072,"epoch":1,"waitEnd":true,"numInPartition":4,"ParNum":2,"gua":5,"serdeFormat":1}, node constraint is 5,6,7,8
encoded json is {"aid":"q2","gateway":"ip-172-31-8-171.us-east-2.compute.internal:8080","numOutPartition":"BA==","numSubstreamProducer":"AQ==","outputTopicName":["q2_out"],"inputTopicName":["nexmark_src"],"commEveryMs":100,"flushMs":100,"duration":180,"bufMaxSize":131072,"epoch":1,"waitEnd":true,"numInPartition":4,"gua":5,"serdeFormat":1}, node constraint is 5,6,7,8
encoded json is {"aid":"q2","gateway":"ip-172-31-8-171.us-east-2.compute.internal:8080","numOutPartition":"BA==","numSubstreamProducer":"AQ==","outputTopicName":["q2_out"],"inputTopicName":["nexmark_src"],"commEveryMs":100,"flushMs":100,"duration":180,"bufMaxSize":131072,"epoch":1,"waitEnd":true,"numInPartition":4,"ParNum":1,"gua":5,"serdeFormat":1}, node constraint is 5,6,7,8
Waiting for all client to return
func name is query2
func url is http://ip-172-31-8-171.us-east-2.compute.internal:8080/function/query2
func name is query2
func url is http://ip-172-31-8-171.us-east-2.compute.internal:8080/function/query2
func name is query2
func url is http://ip-172-31-8-171.us-east-2.compute.internal:8080/function/query2
func name is query2
func url is http://ip-172-31-8-171.us-east-2.compute.internal:8080/function/query2
source-3 invoke done
source-0 invoke done
source-2 invoke done
source-1 invoke done
query2-0 call done
query2-3 call done
query2-2 call done
query2-1 call done
sink processed: 15839922, throughput: (event/s) 87973.69671477674
sink_ctrl processed: 2, throughput: (event/s) 0.011107844686959538
source-0 duration: 180.052931632

sink processed: 15839964, throughput: (event/s) 87973.58495522467
sink_ctrl processed: 2, throughput: (event/s) 0.011107801123187485
source-1 duration: 180.053637783

sink processed: 15840002, throughput: (event/s) 87973.79729578698
sink_ctrl processed: 2, throughput: (event/s) 0.01110780128636183
source-2 duration: 180.053635138

sink processed: 15839912, throughput: (event/s) 87973.68154506812
sink_ctrl processed: 2, throughput: (event/s) 0.011107849784148817
source-3 duration: 180.052849009

sink processed 63359800 events, duration: 180.053637783, tp: 351894.028802
sink_ctrl processed 8 events, duration: 180.053637783, tp: 0.044431

eventTimeLatency_sink, p50: 9 ms, p90: 12 ms, p99: 44 ms
nexmark_src_src_epoch processed: 0, throughput: (event/s) 0
nexmark_src_src_logEntry processed: 42912, throughput: (event/s) 238.32642746536598
sink processed: 119442, throughput: (event/s) 663.3618836064095
nexmark_src_src processed: 15841459, throughput: (event/s) 87980.94540709053
nexmark_src_src_ctrl processed: 1539, throughput: (event/s) 8.54736138770503
nexmark_src_src_data processed: 15839920, throughput: (event/s) 87972.39804570282
query2-0 duration: 180.055566881

eventTimeLatency_sink, p50: 8 ms, p90: 11 ms, p99: 51 ms
sink processed: 119616, throughput: (event/s) 664.3264137325156
nexmark_src_src processed: 15841501, throughput: (event/s) 87980.93522162637
nexmark_src_src_ctrl processed: 1539, throughput: (event/s) 8.54733773687752
nexmark_src_src_data processed: 15839962, throughput: (event/s) 87972.38788388949
nexmark_src_src_epoch processed: 0, throughput: (event/s) 0
nexmark_src_src_logEntry processed: 42727, throughput: (event/s) 237.29831025572827
query2-1 duration: 180.056065102

eventTimeLatency_sink, p50: 8 ms, p90: 11 ms, p99: 55 ms
nexmark_src_src_ctrl processed: 1539, throughput: (event/s) 8.547339155958607
nexmark_src_src_data processed: 15840000, throughput: (event/s) 87972.61353501257
nexmark_src_src_epoch processed: 0, throughput: (event/s) 0
nexmark_src_src_logEntry processed: 42776, throughput: (event/s) 237.5704871574304
sink processed: 119887, throughput: (event/s) 665.8316110399022
nexmark_src_src processed: 15841539, throughput: (event/s) 87981.16087416852
query2-2 duration: 180.056035208

eventTimeLatency_sink, p50: 9 ms, p90: 12 ms, p99: 34 ms
nexmark_src_src_epoch processed: 0, throughput: (event/s) 0
nexmark_src_src_logEntry processed: 43618, throughput: (event/s) 242.2475176810515
sink processed: 119629, throughput: (event/s) 664.4006669876314
nexmark_src_src processed: 15841449, throughput: (event/s) 87980.91835299591
nexmark_src_src_ctrl processed: 1539, throughput: (event/s) 8.547364154962132
nexmark_src_src_data processed: 15839910, throughput: (event/s) 87972.37098884095
query2-3 duration: 180.055508587

nexmark_src_src_ctrl processed 6156 events, duration: 180.056065102
nexmark_src_src_data processed 63359792 events, duration: 180.056065102
nexmark_src_src_epoch processed 0 events, duration: 180.056065102
nexmark_src_src_logEntry processed 172033 events, duration: 180.056065102
sink processed 478574 events, duration: 180.056065102
nexmark_src_src processed 63365948 events, duration: 180.056065102

