wait for last: true, sink max_buf_size: 131072
warmup: 0
encoded json is {"sg":{"nexmark_src":4,"q2_out":4,"query2":4,"source":4},"aid":"q2","fns":["source","query2"],"bufMaxSize":131072,"epoch":1,"serdeFormat":1,"bs":true}, node constraint is 1
config: map[NodeConstraint:"1,2,3,4" NumInstance:4 OutputTopicName:["nexmark_src"] funcName:"source"]
config: map[Final:true InputTopicNames:["nexmark_src"] NodeConstraint:"5,6,7,8" NumInstance:4 NumSrcProducer:[1] OutputTopicName:["q2_out"] funcName:"query2"]
srcInvokeConfig: &{FinalTpNames:[q2_out] TopicName:nexmark_src AppId:q2 NodeConstraint:1,2,3,4 AdditionalBytes:0 ScaleEpoch:0 NumOutPartition:4 InstanceID:0 NumSrcInstance:4}
cliNodes: [0xc000026160]
inParamsMap: map[query2:[0xc00007eaa0 0xc00007eb40 0xc00007ebe0 0xc00007ec80]]
configScaleInput: &{Config:map[nexmark_src:4 q2_out:4 query2:4 source:4] AppId:q2 FuncNames:[source query2] BufMaxSize:131072 ScaleEpoch:0 SerdeFormat:1 Bootstrap:false}
encoded json is {"outTpNames":["q2_out"]}, node constraint is 1
redis_setup url is http://ip-172-31-4-33.us-east-2.compute.internal:8080/function/redisSetup
encoded json is {"srcTpName":"nexmark_src","outTpNames":["q2_out"],"numOutParts":"BA==","chkptEveryMs":100,"bufMaxSize":131072,"srcNumPart":4,"gua":4,"serde_format":1}, node constraint is 1
chkptmngr url is http://ip-172-31-4-33.us-east-2.compute.internal:8080/function/chkptmngr
func source url is http://ip-172-31-4-33.us-east-2.compute.internal:8080/function/source
func source url is http://ip-172-31-4-33.us-east-2.compute.internal:8080/function/source
func source url is http://ip-172-31-4-33.us-east-2.compute.internal:8080/function/source
func source url is http://ip-172-31-4-33.us-east-2.compute.internal:8080/function/source
src instance: 4
encoded json is {"topic_name":"nexmark_src","rate_shape":"square","aid":"q2","events_num":63360000,"rate_period":10000000000,"finOutTpNs":["q2_out"],"first_event_rate":352000,"next_event_rate":352000,"bid_avg_size":100,"person_avg_size":200,"auction_avg_size":500,"duration":180,"person_proportion":1,"auction_proportion":3,"bid_proportion":46,"bid_hot_ratio_auctions":2,"bid_hot_ratio_bidders":4,"auction_hot_ratio_sellers":4,"flushms":10,"bufMaxSize":131072,"commEveryMs":100,"rate_limited":false,"waitEnd":true,"serde_format":1,"numOutPar":4,"parNum":1,"nSrcIns":4,"gua":4}, node constraint is 1,2,3,4
encoded json is {"topic_name":"nexmark_src","rate_shape":"square","aid":"q2","events_num":63360000,"rate_period":10000000000,"finOutTpNs":["q2_out"],"first_event_rate":352000,"next_event_rate":352000,"bid_avg_size":100,"person_avg_size":200,"auction_avg_size":500,"duration":180,"person_proportion":1,"auction_proportion":3,"bid_proportion":46,"bid_hot_ratio_auctions":2,"bid_hot_ratio_bidders":4,"auction_hot_ratio_sellers":4,"flushms":10,"bufMaxSize":131072,"commEveryMs":100,"rate_limited":false,"waitEnd":true,"serde_format":1,"numOutPar":4,"parNum":2,"nSrcIns":4,"gua":4}, node constraint is 1,2,3,4
encoded json is {"topic_name":"nexmark_src","rate_shape":"square","aid":"q2","events_num":63360000,"rate_period":10000000000,"finOutTpNs":["q2_out"],"first_event_rate":352000,"next_event_rate":352000,"bid_avg_size":100,"person_avg_size":200,"auction_avg_size":500,"duration":180,"person_proportion":1,"auction_proportion":3,"bid_proportion":46,"bid_hot_ratio_auctions":2,"bid_hot_ratio_bidders":4,"auction_hot_ratio_sellers":4,"flushms":10,"bufMaxSize":131072,"commEveryMs":100,"rate_limited":false,"waitEnd":true,"serde_format":1,"numOutPar":4,"nSrcIns":4,"gua":4}, node constraint is 1,2,3,4
encoded json is {"topic_name":"nexmark_src","rate_shape":"square","aid":"q2","events_num":63360000,"rate_period":10000000000,"finOutTpNs":["q2_out"],"first_event_rate":352000,"next_event_rate":352000,"bid_avg_size":100,"person_avg_size":200,"auction_avg_size":500,"duration":180,"person_proportion":1,"auction_proportion":3,"bid_proportion":46,"bid_hot_ratio_auctions":2,"bid_hot_ratio_bidders":4,"auction_hot_ratio_sellers":4,"flushms":10,"bufMaxSize":131072,"commEveryMs":100,"rate_limited":false,"waitEnd":true,"serde_format":1,"numOutPar":4,"parNum":3,"nSrcIns":4,"gua":4}, node constraint is 1,2,3,4
Waiting for all client to return
func name is query2
func url is http://ip-172-31-4-33.us-east-2.compute.internal:8080/function/query2
func name is query2
func url is http://ip-172-31-4-33.us-east-2.compute.internal:8080/function/query2
func name is query2
func url is http://ip-172-31-4-33.us-east-2.compute.internal:8080/function/query2
encoded json is {"aid":"q2","numOutPartition":"BA==","numSubstreamProducer":"AQ==","outputTopicName":["q2_out"],"inputTopicName":["nexmark_src"],"commEveryMs":100,"flushMs":100,"duration":180,"bufMaxSize":131072,"epoch":1,"waitEnd":true,"numInPartition":4,"ParNum":3,"gua":4,"serdeFormat":1}, node constraint is 5,6,7,8
func name is query2
func url is http://ip-172-31-4-33.us-east-2.compute.internal:8080/function/query2
encoded json is {"aid":"q2","numOutPartition":"BA==","numSubstreamProducer":"AQ==","outputTopicName":["q2_out"],"inputTopicName":["nexmark_src"],"commEveryMs":100,"flushMs":100,"duration":180,"bufMaxSize":131072,"epoch":1,"waitEnd":true,"numInPartition":4,"gua":4,"serdeFormat":1}, node constraint is 5,6,7,8
encoded json is {"aid":"q2","numOutPartition":"BA==","numSubstreamProducer":"AQ==","outputTopicName":["q2_out"],"inputTopicName":["nexmark_src"],"commEveryMs":100,"flushMs":100,"duration":180,"bufMaxSize":131072,"epoch":1,"waitEnd":true,"numInPartition":4,"ParNum":1,"gua":4,"serdeFormat":1}, node constraint is 5,6,7,8
encoded json is {"aid":"q2","numOutPartition":"BA==","numSubstreamProducer":"AQ==","outputTopicName":["q2_out"],"inputTopicName":["nexmark_src"],"commEveryMs":100,"flushMs":100,"duration":180,"bufMaxSize":131072,"epoch":1,"waitEnd":true,"numInPartition":4,"ParNum":2,"gua":4,"serdeFormat":1}, node constraint is 5,6,7,8
source-0 invoke done
source-3 invoke done
source-1 invoke done
source-2 invoke done
query2-1 call done
query2-3 call done
query2-0 call done
query2-2 call done
sink_ctrl processed: 2, throughput: (event/s) 0.011107701420980987
sink processed: 15840002, throughput: (event/s) 87973.00636187085
source-0 duration: 180.055253936

sink processed: 15840002, throughput: (event/s) 87972.76225422866
sink_ctrl processed: 2, throughput: (event/s) 0.011107670599312886
source-1 duration: 180.055753555

sink processed: 15839975, throughput: (event/s) 87972.78284027413
sink_ctrl processed: 2, throughput: (event/s) 0.011107692132124466
source-2 duration: 180.055404508

sink processed: 15840002, throughput: (event/s) 87973.47292134786
sink_ctrl processed: 2, throughput: (event/s) 0.011107760329998424
source-3 duration: 180.054299029

sink processed 63359981 events, duration: 180.055753555, tp: 351890.899063
sink_ctrl processed 8 events, duration: 180.055753555, tp: 0.044431

eventTimeLatency_sink, p50: 8 ms, p90: 13 ms, p99: 70 ms
nexmark_src_src processed: 15841552, throughput: (event/s) 87979.8250036468
nexmark_src_src_ctrl processed: 1552, throughput: (event/s) 8.619400952991212
nexmark_src_src_data processed: 15840000, throughput: (event/s) 87971.20560269381
nexmark_src_src_epoch processed: 0, throughput: (event/s) 0
nexmark_src_src_logEntry processed: 43135, throughput: (event/s) 239.5604768732448
sink processed: 119794, throughput: (event/s) 665.3044573212817
query2-0 duration: 180.058916909

eventTimeLatency_sink, p50: 8 ms, p90: 15 ms, p99: 73 ms
nexmark_src_src_data processed: 15840000, throughput: (event/s) 87971.91046293416
nexmark_src_src_epoch processed: 0, throughput: (event/s) 0
nexmark_src_src_logEntry processed: 42772, throughput: (event/s) 237.546373378827
sink processed: 119552, throughput: (event/s) 663.9657727061051
nexmark_src_src processed: 15841552, throughput: (event/s) 87980.52993294921
nexmark_src_src_ctrl processed: 1552, throughput: (event/s) 8.619470015055166
query2-1 duration: 180.057474217

eventTimeLatency_sink, p50: 8 ms, p90: 14 ms, p99: 74 ms
nexmark_src_src_epoch processed: 0, throughput: (event/s) 0
nexmark_src_src_logEntry processed: 43285, throughput: (event/s) 240.39272513997892
sink processed: 119728, throughput: (event/s) 664.9356635222224
nexmark_src_src processed: 15841525, throughput: (event/s) 87979.37773184947
nexmark_src_src_ctrl processed: 1552, throughput: (event/s) 8.61937182435595
nexmark_src_src_data processed: 15839973, throughput: (event/s) 87970.75836002512
query2-2 duration: 180.059525407

eventTimeLatency_sink, p50: 8 ms, p90: 12 ms, p99: 78 ms
nexmark_src_src_epoch processed: 0, throughput: (event/s) 0
nexmark_src_src_logEntry processed: 43116, throughput: (event/s) 239.4560038398135
sink processed: 119751, throughput: (event/s) 665.068557283178
nexmark_src_src processed: 15841552, throughput: (event/s) 87980.21005057532
nexmark_src_src_ctrl processed: 1552, throughput: (event/s) 8.619438676115376
nexmark_src_src_data processed: 15840000, throughput: (event/s) 87971.5906118992
query2-3 duration: 180.058128878

nexmark_src_src_logEntry processed 172308 events, duration: 180.059525407
sink processed 478825 events, duration: 180.059525407
nexmark_src_src processed 63366181 events, duration: 180.059525407
nexmark_src_src_ctrl processed 6208 events, duration: 180.059525407
nexmark_src_src_data processed 63359973 events, duration: 180.059525407
nexmark_src_src_epoch processed 0 events, duration: 180.059525407

