encoded json is {"sg":{"aucBids":4,"bids":4,"nexmark_q5_sink":4,"nexmark_src":4,"q5aucbids":4,"q5bidkeyedbyauction":4,"q5maxbid":4},"aid":"q5","fns":["nexmark_src","q5bidkeyedbyauction","q5aucbids","q5maxbid"],"epoch":1,"serdeFormat":1,"bs":true}
config: map[NumInstance:4 OutputTopicName:["nexmark_src"] funcName:"nexmark_src"]
config: map[InputTopicNames:["nexmark_src"] NumInstance:4 OutputTopicName:["bids"] funcName:"q5bidkeyedbyauction"]
config: map[InputTopicNames:["bids"] NumInstance:4 OutputTopicName:["aucBids"] funcName:"q5aucbids"]
config: map[InputTopicNames:["aucBids"] NumInstance:4 OutputTopicName:["nexmark_q5_sink"] funcName:"q5maxbid"]
func source url is http://ip-172-31-10-194.us-east-2.compute.internal:8080/function/source
func source url is http://ip-172-31-10-194.us-east-2.compute.internal:8080/function/source
func source url is http://ip-172-31-10-194.us-east-2.compute.internal:8080/function/source
src instance: 4
func source url is http://ip-172-31-10-194.us-east-2.compute.internal:8080/function/source
encoded json is {"topic_name":"nexmark_src","rate_shape":"square","aid":"","events_num":12500000,"rate_period":10000000000,"bid_avg_size":100,"first_event_rate":10000000,"next_event_rate":10000000,"person_avg_size":200,"auction_avg_size":500,"duration":910,"person_proportion":1,"auction_proportion":3,"bid_proportion":46,"bid_hot_ratio_auctions":2,"bid_hot_ratio_bidders":4,"auction_hot_ratio_sellers":4,"rate_limited":false,"serde_format":1,"numOutPar":4,"parNum":3,"nSrcIns":4}
encoded json is {"topic_name":"nexmark_src","rate_shape":"square","aid":"","events_num":12500000,"rate_period":10000000000,"bid_avg_size":100,"first_event_rate":10000000,"next_event_rate":10000000,"person_avg_size":200,"auction_avg_size":500,"duration":910,"person_proportion":1,"auction_proportion":3,"bid_proportion":46,"bid_hot_ratio_auctions":2,"bid_hot_ratio_bidders":4,"auction_hot_ratio_sellers":4,"rate_limited":false,"serde_format":1,"numOutPar":4,"parNum":2,"nSrcIns":4}
encoded json is {"topic_name":"nexmark_src","rate_shape":"square","aid":"","events_num":12500000,"rate_period":10000000000,"bid_avg_size":100,"first_event_rate":10000000,"next_event_rate":10000000,"person_avg_size":200,"auction_avg_size":500,"duration":910,"person_proportion":1,"auction_proportion":3,"bid_proportion":46,"bid_hot_ratio_auctions":2,"bid_hot_ratio_bidders":4,"auction_hot_ratio_sellers":4,"rate_limited":false,"serde_format":1,"numOutPar":4,"nSrcIns":4}
encoded json is {"topic_name":"nexmark_src","rate_shape":"square","aid":"","events_num":12500000,"rate_period":10000000000,"bid_avg_size":100,"first_event_rate":10000000,"next_event_rate":10000000,"person_avg_size":200,"auction_avg_size":500,"duration":910,"person_proportion":1,"auction_proportion":3,"bid_proportion":46,"bid_hot_ratio_auctions":2,"bid_hot_ratio_bidders":4,"auction_hot_ratio_sellers":4,"rate_limited":false,"serde_format":1,"numOutPar":4,"parNum":1,"nSrcIns":4}
func name is q5bidkeyedbyauction
func name is q5maxbid
func url is http://ip-172-31-10-194.us-east-2.compute.internal:8080/function/q5maxbid
func url is http://ip-172-31-10-194.us-east-2.compute.internal:8080/function/q5bidkeyedbyauction
func name is q5aucbids
func url is http://ip-172-31-10-194.us-east-2.compute.internal:8080/function/q5aucbids
func name is q5bidkeyedbyauction
func url is http://ip-172-31-10-194.us-east-2.compute.internal:8080/function/q5bidkeyedbyauction
func name is q5maxbid
func url is http://ip-172-31-10-194.us-east-2.compute.internal:8080/function/q5maxbid
func name is q5aucbids
func url is http://ip-172-31-10-194.us-east-2.compute.internal:8080/function/q5aucbids
func name is q5aucbids
func url is http://ip-172-31-10-194.us-east-2.compute.internal:8080/function/q5aucbids
func name is q5aucbids
func url is http://ip-172-31-10-194.us-east-2.compute.internal:8080/function/q5aucbids
func name is q5maxbid
func url is http://ip-172-31-10-194.us-east-2.compute.internal:8080/function/q5maxbid
func name is q5bidkeyedbyauction
func url is http://ip-172-31-10-194.us-east-2.compute.internal:8080/function/q5bidkeyedbyauction
func name is q5maxbid
func url is http://ip-172-31-10-194.us-east-2.compute.internal:8080/function/q5maxbid
func name is q5bidkeyedbyauction
func url is http://ip-172-31-10-194.us-east-2.compute.internal:8080/function/q5bidkeyedbyauction
encoded json is {"outputTopicName":["nexmark_q5_sink"],"mongoAddr":"mongodb://mongodb-0:27017,mongodb-1:27017,mongodb-2:27017/?replicaSet=replicaset","aid":"q5","inputTopicName":["aucBids"],"commEveryMs":10,"epoch":1,"duration":900,"numInPartition":4,"numOutPartition":"BA==","ParNum":2,"serdeFormat":1,"tabT":1}
encoded json is {"outputTopicName":["bids"],"mongoAddr":"mongodb://mongodb-0:27017,mongodb-1:27017,mongodb-2:27017/?replicaSet=replicaset","aid":"q5","inputTopicName":["nexmark_src"],"commEveryMs":10,"epoch":1,"duration":900,"numInPartition":4,"numOutPartition":"BA==","ParNum":1,"serdeFormat":1,"tabT":1}
encoded json is {"outputTopicName":["aucBids"],"mongoAddr":"mongodb://mongodb-0:27017,mongodb-1:27017,mongodb-2:27017/?replicaSet=replicaset","aid":"q5","inputTopicName":["bids"],"commEveryMs":10,"epoch":1,"duration":900,"numInPartition":4,"numOutPartition":"BA==","ParNum":3,"serdeFormat":1,"tabT":1}
encoded json is {"outputTopicName":["aucBids"],"mongoAddr":"mongodb://mongodb-0:27017,mongodb-1:27017,mongodb-2:27017/?replicaSet=replicaset","aid":"q5","inputTopicName":["bids"],"commEveryMs":10,"epoch":1,"duration":900,"numInPartition":4,"numOutPartition":"BA==","ParNum":1,"serdeFormat":1,"tabT":1}
encoded json is {"outputTopicName":["aucBids"],"mongoAddr":"mongodb://mongodb-0:27017,mongodb-1:27017,mongodb-2:27017/?replicaSet=replicaset","aid":"q5","inputTopicName":["bids"],"commEveryMs":10,"epoch":1,"duration":900,"numInPartition":4,"numOutPartition":"BA==","ParNum":2,"serdeFormat":1,"tabT":1}
encoded json is {"outputTopicName":["nexmark_q5_sink"],"mongoAddr":"mongodb://mongodb-0:27017,mongodb-1:27017,mongodb-2:27017/?replicaSet=replicaset","aid":"q5","inputTopicName":["aucBids"],"commEveryMs":10,"epoch":1,"duration":900,"numInPartition":4,"numOutPartition":"BA==","ParNum":1,"serdeFormat":1,"tabT":1}
encoded json is {"outputTopicName":["bids"],"mongoAddr":"mongodb://mongodb-0:27017,mongodb-1:27017,mongodb-2:27017/?replicaSet=replicaset","aid":"q5","inputTopicName":["nexmark_src"],"commEveryMs":10,"epoch":1,"duration":900,"numInPartition":4,"numOutPartition":"BA==","serdeFormat":1,"tabT":1}
encoded json is {"outputTopicName":["nexmark_q5_sink"],"mongoAddr":"mongodb://mongodb-0:27017,mongodb-1:27017,mongodb-2:27017/?replicaSet=replicaset","aid":"q5","inputTopicName":["aucBids"],"commEveryMs":10,"epoch":1,"duration":900,"numInPartition":4,"numOutPartition":"BA==","ParNum":3,"serdeFormat":1,"tabT":1}
encoded json is {"outputTopicName":["bids"],"mongoAddr":"mongodb://mongodb-0:27017,mongodb-1:27017,mongodb-2:27017/?replicaSet=replicaset","aid":"q5","inputTopicName":["nexmark_src"],"commEveryMs":10,"epoch":1,"duration":900,"numInPartition":4,"numOutPartition":"BA==","ParNum":3,"serdeFormat":1,"tabT":1}
encoded json is {"outputTopicName":["nexmark_q5_sink"],"mongoAddr":"mongodb://mongodb-0:27017,mongodb-1:27017,mongodb-2:27017/?replicaSet=replicaset","aid":"q5","inputTopicName":["aucBids"],"commEveryMs":10,"epoch":1,"duration":900,"numInPartition":4,"numOutPartition":"BA==","serdeFormat":1,"tabT":1}
encoded json is {"outputTopicName":["bids"],"mongoAddr":"mongodb://mongodb-0:27017,mongodb-1:27017,mongodb-2:27017/?replicaSet=replicaset","aid":"q5","inputTopicName":["nexmark_src"],"commEveryMs":10,"epoch":1,"duration":900,"numInPartition":4,"numOutPartition":"BA==","ParNum":2,"serdeFormat":1,"tabT":1}
encoded json is {"outputTopicName":["aucBids"],"mongoAddr":"mongodb://mongodb-0:27017,mongodb-1:27017,mongodb-2:27017/?replicaSet=replicaset","aid":"q5","inputTopicName":["bids"],"commEveryMs":10,"epoch":1,"duration":900,"numInPartition":4,"numOutPartition":"BA==","serdeFormat":1,"tabT":1}
sum of e2e time: 397.9448110010683 processed: 12500000, throughput: (event/s) 31411.390862353634, p50: 5 us, p90: 14 us, p99: 1157 us
source-0 duration: 406.908833891

sum of e2e time: 411.00552000383937 processed: 12500000, throughput: (event/s) 30413.216834370578, p50: 6 us, p90: 15 us, p99: 1229 us
source-1 duration: 419.392055753

sum of e2e time: 428.9761720042395 processed: 12500000, throughput: (event/s) 29139.14761651718, p50: 5 us, p90: 15 us, p99: 1278 us
source-2 duration: 437.370044865

sum of e2e time: 405.17201300386586 processed: 12500000, throughput: (event/s) 30851.094347132843, p50: 6 us, p90: 15 us, p99: 1192 us
source-3 duration: 413.466174752

source outputs 50000000 events, time 428.9761720042395 s, throughput 116556.59046606872 (event/s)

sum of filterBid time: 0.4351240000002219 processed: 12500000, throughput: (event/s) 2.872744321157561e+07, p50: 0 us, p90: 0 us, p99: 1 us
sum of selectKey time: 0.27038500000011007 processed: 11500000, throughput: (event/s) 4.253194518924984e+07, p50: 0 us, p90: 0 us, p99: 0 us
sum of sink time: 275.7087330000259 processed: 11500000, throughput: (event/s) 41710.68458683504, p50: 0 us, p90: 1 us, p99: 1165 us
sum of src time: 132.59901699999884 processed: 12500000, throughput: (event/s) 94269.17546455197, p50: 306 us, p90: 1298 us, p99: 4069 us
sum of e2e time: 427.1573570000068 processed: 263319, throughput: (event/s) 616.4449603521538, p50: 1505 us, p90: 3037 us, p99: 6057 us
q5bidkeyedbyauction-0 duration: 429.343777541

sum of filterBid time: 0.5149630000000988 processed: 12500000, throughput: (event/s) 2.4273588587913312e+07, p50: 0 us, p90: 0 us, p99: 1 us
sum of selectKey time: 0.3046650000001371 processed: 11500000, throughput: (event/s) 3.774637716834827e+07, p50: 0 us, p90: 0 us, p99: 0 us
sum of sink time: 275.7353410000042 processed: 11500000, throughput: (event/s) 41706.65957542173, p50: 0 us, p90: 1 us, p99: 1180 us
sum of src time: 131.38227799999882 processed: 12500000, throughput: (event/s) 95142.2078402394, p50: 327 us, p90: 695 us, p99: 4158 us
sum of e2e time: 427.1429859999954 processed: 262622, throughput: (event/s) 614.8339282340523, p50: 1502 us, p90: 3032 us, p99: 6152 us
q5bidkeyedbyauction-1 duration: 429.342827522

sum of selectKey time: 0.3042640000001222 processed: 11500000, throughput: (event/s) 3.779612441825316e+07, p50: 0 us, p90: 0 us, p99: 0 us
sum of sink time: 291.8588869999973 processed: 11500000, throughput: (event/s) 39402.603491735055, p50: 0 us, p90: 1 us, p99: 1254 us
sum of src time: 115.50991999999854 processed: 12500000, throughput: (event/s) 108215.81384525378, p50: 309 us, p90: 620 us, p99: 4069 us
sum of e2e time: 427.16912800000085 processed: 263364, throughput: (event/s) 616.5333183909289, p50: 1523 us, p90: 3058 us, p99: 6008 us
sum of filterBid time: 0.49684800000018703 processed: 12500000, throughput: (event/s) 2.5158599813213084e+07, p50: 0 us, p90: 0 us, p99: 1 us
q5bidkeyedbyauction-2 duration: 429.357963341

sum of e2e time: 427.1415740000039 processed: 262643, throughput: (event/s) 614.8851247151082, p50: 1510 us, p90: 3016 us, p99: 6113 us
sum of filterBid time: 0.48765699999989864 processed: 12500000, throughput: (event/s) 2.563277057440496e+07, p50: 0 us, p90: 0 us, p99: 1 us
sum of selectKey time: 0.2705500000001504 processed: 11500000, throughput: (event/s) 4.2506006283472955e+07, p50: 0 us, p90: 0 us, p99: 0 us
sum of sink time: 282.56661100002833 processed: 11500000, throughput: (event/s) 40698.36828668638, p50: 0 us, p90: 1 us, p99: 1220 us
sum of src time: 124.66745499999996 processed: 12500000, throughput: (event/s) 100266.74563942934, p50: 330 us, p90: 651 us, p99: 4103 us
q5bidkeyedbyauction-3 duration: 429.346535672

src processed 50000000 events, time 427.16912800000085 s, throughput 117049.6572027553 (event/s)
sink processed 46000000 events, time 427.16912800000085 s, throughput 107685.68462653487 (event/s)
q5bidkeyedbyauction outputs 46000000 events

sum of src time: 0.18824499999999997 processed: 14950, throughput: (event/s) 79417.78002071769, p50: 591 us, p90: 944 us, p99: 1139 us
sum of changeKey time: 0.018649999999998456 processed: 74750, throughput: (event/s) 4.008042895442691e+06, p50: 0 us, p90: 1 us, p99: 2 us
sum of count time: 900.7968059999984 processed: 14950, throughput: (event/s) 16.59641763871888, p50: 54505 us, p90: 84636 us, p99: 93571 us
sum of e2e time: 903.2225480000002 processed: 299, throughput: (event/s) 0.3310369085250072, p50: 2671933 us, p90: 4155390 us, p99: 4394772 us
sum of sink time: 1.9642859999999958 processed: 74750, throughput: (event/s) 38054.53991933973, p50: 0 us, p90: 2 us, p99: 1269 us
q5aucbids-0 duration: 903.222813491

sum of e2e time: 900.2880630000002 processed: 314, throughput: (event/s) 0.34877725575264007, p50: 2988542 us, p90: 3647488 us, p99: 3986174 us
sum of sink time: 2.090067000000001 processed: 78500, throughput: (event/s) 37558.604580618696, p50: 0 us, p90: 3 us, p99: 1282 us
sum of src time: 0.1913259999999999 processed: 15700, throughput: (event/s) 82058.8942433334, p50: 642 us, p90: 785 us, p99: 1111 us
sum of changeKey time: 0.032815999999994315 processed: 78500, throughput: (event/s) 2.3921257922968552e+06, p50: 0 us, p90: 2 us, p99: 3 us
sum of count time: 897.6843360000004 processed: 15700, throughput: (event/s) 17.489444084496082, p50: 57606 us, p90: 75771 us, p99: 92532 us
q5aucbids-1 duration: 900.28833904

sum of changeKey time: 0.023304999999995756 processed: 78750, throughput: (event/s) 3.3791031967395125e+06, p50: 0 us, p90: 1 us, p99: 2 us
sum of count time: 898.931053999998 processed: 15750, throughput: (event/s) 17.520809777253547, p50: 62029 us, p90: 82596 us, p99: 95554 us
sum of e2e time: 901.5489230000002 processed: 315, throughput: (event/s) 0.3493986759496134, p50: 3185376 us, p90: 4007191 us, p99: 4539994 us
sum of sink time: 2.1222749999999926 processed: 78750, throughput: (event/s) 37106.40703961564, p50: 0 us, p90: 2 us, p99: 1310 us
sum of src time: 0.18821899999999997 processed: 15750, throughput: (event/s) 83679.1184736929, p50: 575 us, p90: 906 us, p99: 1053 us
q5aucbids-2 duration: 901.549196714

sum of changeKey time: 0.031887999999993547 processed: 79750, throughput: (event/s) 2.5009407927752174e+06, p50: 0 us, p90: 2 us, p99: 3 us
sum of count time: 899.2662269999986 processed: 15950, throughput: (event/s) 17.736682998993604, p50: 56175 us, p90: 85510 us, p99: 98676 us
sum of e2e time: 901.7827319999998 processed: 319, throughput: (event/s) 0.3537437441195094, p50: 2649906 us, p90: 4262455 us, p99: 4706017 us
sum of sink time: 2.0180259999999963 processed: 79750, throughput: (event/s) 39518.81690325107, p50: 0 us, p90: 2 us, p99: 1225 us
sum of src time: 0.1790889999999999 processed: 15950, throughput: (event/s) 89061.8630960026, p50: 552 us, p90: 734 us, p99: 971 us
q5aucbids-3 duration: 901.783030876

src processed 62350 events, time 903.2225480000002 s, throughput 69.03060617569966 (event/s)
sink processed 311750 events, time 903.2225480000002 s, throughput 345.1530308784983 (event/s)
q5aucbids outputs 311750 events

q5maxbid-0 duration: 20.262357921

eventTimeLatency, p50: 163661 us, p90: 270074 us, p99: 557798
sum of maxBid time: 561.2856240000078 processed: 196000, throughput: (event/s) 349.1983254500694, p50: 2720 us, p90: 3920 us, p99: 5484 us
sum of sink time: 0.32753599999999766 processed: 12628, throughput: (event/s) 38554.54056958652, p50: 2 us, p90: 3 us, p99: 1181 us
sum of src time: 1.893970000000004 processed: 196000, throughput: (event/s) 103486.32766094478, p50: 404 us, p90: 512 us, p99: 590 us
sum of stJoin time: 336.0526539999998 processed: 196000, throughput: (event/s) 583.241934461854, p50: 1549 us, p90: 2222 us, p99: 3718 us
sum of chooseMaxCnt time: 0.008421999999999954 processed: 196000, throughput: (event/s) 2.327238185704121e+07, p50: 0 us, p90: 0 us, p99: 1 us
sum of e2e time: 900.0989930000006 processed: 3920, throughput: (event/s) 4.355076531009959, p50: 225302 us, p90: 255475 us, p99: 282853 us
q5maxbid-1 duration: 900.102318341

q5maxbid-2 duration: 20.300043577

eventTimeLatency, p50: 73510 us, p90: 123122 us, p99: 306152
sum of maxBid time: 194.99524899999903 processed: 62150, throughput: (event/s) 318.7257141839405, p50: 3009 us, p90: 4169 us, p99: 5752 us
sum of sink time: 0.08157199999999988 processed: 3151, throughput: (event/s) 38628.45093904777, p50: 1 us, p90: 3 us, p99: 1223 us
sum of src time: 592.49131 processed: 62150, throughput: (event/s) 104.89605324338005, p50: 313955 us, p90: 1217372 us, p99: 2213563 us
sum of stJoin time: 112.29002999999874 processed: 62150, throughput: (event/s) 553.477454766026, p50: 1625 us, p90: 2430 us, p99: 3858 us
sum of chooseMaxCnt time: 0.0036570000000000153 processed: 62150, throughput: (event/s) 1.6994804484550107e+07, p50: 0 us, p90: 0 us, p99: 2 us
sum of e2e time: 900.0102380000013 processed: 1243, throughput: (event/s) 1.3810954003836544, p50: 561647 us, p90: 1454639 us, p99: 2451301 us
q5maxbid-3 duration: 900.011346426

sink processed 15779 events, time 900.0989930000006 s, throughput 17.530294026226056 (event/s)
src processed 258150 events, time 900.0989930000006 s, throughput 286.8017873674033 (event/s)
q5maxbid outputs 15779 events

