parallel restore str: , false
env str: , async2ndPhase: false
env str: , create snapshot: false
2024/03/03 07:18:57 [INFO] Load configuration for function scale[40]
2024/03/03 07:18:57 [INFO] Load configuration for function chkptmngr[60]
2024/03/03 07:18:57 [INFO] Load configuration for function redisSetup[70]
2024/03/03 07:18:57 [INFO] Load configuration for function source[20]
2024/03/03 07:18:57 [INFO] Load configuration for function query1[30]
2024/03/03 07:18:57 [INFO] Parse FAAS_ENGINE_ID: 6
2024/03/03 07:18:57 [INFO] Parse FAAS_ENGINE_ID: 6
2024/03/03 07:18:57 [INFO] Current GOMAXPROCS is 2
2024/03/03 07:18:57 [INFO] Parse FAAS_ENGINE_ID: 6
2024/03/03 07:18:57 [INFO] Current GOMAXPROCS is 3
2024/03/03 07:18:57 [INFO] Parse FAAS_ENGINE_ID: 6
2024/03/03 07:18:57 [INFO] Current GOMAXPROCS is 4
2024/03/03 07:18:57 [INFO] Start new FuncWorker with client id 7
2024/03/03 07:18:57 [INFO] Start new FuncWorker with client id 10
2024/03/03 07:18:57 [INFO] Start new FuncWorker with client id 8
2024/03/03 07:18:57 [INFO] Start new FuncWorker with client id 9
Enter nexmark: funcName: query1
Enter nexmark: funcName: query1
2024/03/03 07:18:57 [INFO] Handshake with engine done
2024/03/03 07:18:57 [INFO] Handshake with engine done
Enter nexmark: funcName: query1
2024/03/03 07:18:57 [INFO] Handshake with engine done
Enter nexmark: funcName: query1
2024/03/03 07:18:57 [INFO] Handshake with engine done
new buffered sink stream nexmark_src[0] with bufMaxSize 131072
new buffered sink stream nexmark_src[1] with bufMaxSize 131072
new buffered sink stream nexmark_src[2] with bufMaxSize 131072
new buffered sink stream nexmark_src[3] with bufMaxSize 131072
new buffered sink stream q1_out[0] with bufMaxSize 131072
new buffered sink stream q1_out[1] with bufMaxSize 131072
new buffered sink stream q1_out[2] with bufMaxSize 131072
new buffered sink stream q1_out[3] with bufMaxSize 131072
nexmark_src notEnded: map[2:{}], notScaleFence: map[2:{}]
redis address is [snapcache-1:6666 snapcache-2:6666 snapcache-3:6666 snapcache-4:6666]
new buffered sink stream __control_log_q1[0] with bufMaxSize 131072
new buffered sink stream __control_log_q1[0] with bufMaxSize 131072
[0] finished prev task source, funcName query1, meta epoch 0, current epoch 1, cmm instance 2, remain instances: map[]
[1] finished prev task source, funcName query1, meta epoch 0, current epoch 1, cmm instance 2, remain instances: map[]
[2] finished prev task source, funcName query1, meta epoch 0, current epoch 1, cmm instance 2, remain instances: map[]
[3] finished prev task source, funcName query1, meta epoch 0, current epoch 1, cmm instance 2, remain instances: map[]
[0] finished prev task query1, funcName query1, meta epoch 0, current epoch 1, cmm instance 2, remain instances: map[]
[2] prodId: ProducerId: {TaskId: 0x1800800000001, TaskEpoch: 0x1}, warmup time: 0s, flush every: 100ms, waitEndMark: true
nexmark_src_src counter: dur=10.003886936s, value=40606, rate=4059.0222840159454 per second
q1_out_sink counter: dur=10.003752936s, value=37274, rate=3726.0016554251297 per second
q1_out_sink stats (37274 samples): dur=10.003828663s, p50=0, p90=0, p99=1
q1_out_bufEntry_2 stats (200 samples): dur=11.27161276s, p50=208, p90=368, p99=380
q1_out_bufSize_2 stats (200 samples): dur=11.271643714s, p50=52807, p90=93100, p99=96728
nexmark_src_src counter: dur=10.00081663s, value=80693, rate=4008.3726642631186 per second
q1_out_sink counter: dur=10.011244735s, value=74110, rate=3679.4625418774162 per second
q1_out_sink stats (36836 samples): dur=10.011248097s, p50=0, p90=0, p99=0
WaitAlignTime_0(ms) stats (200 samples): dur=21.968529845s, p50=0, p90=0, p99=0
createChkpt_2(ms) stats (200 samples): dur=21.965563941s, p50=1, p90=1, p99=3
q1_out_bufEntry_2 stats (200 samples): dur=11.097468699s, p50=208, p90=336, p99=384
q1_out_bufSize_2 stats (200 samples): dur=11.097459869s, p50=52630, p90=85245, p99=97554
nexmark_src_src counter: dur=10.005754666s, value=120815, rate=4009.89244083071 per second
q1_out_sink counter: dur=10.00633522s, value=110942, rate=3680.8680890864657 per second
q1_out_sink stats (36832 samples): dur=10.006327955s, p50=0, p90=0, p99=0
q1_out_bufEntry_2 stats (200 samples): dur=11.166863615s, p50=205, p90=364, p99=376
q1_out_bufSize_2 stats (200 samples): dur=11.166863423s, p50=52226, p90=91768, p99=95375
nexmark_src_src counter: dur=10.00775168s, value=160938, rate=4009.1922024987734 per second
q1_out_sink counter: dur=10.007219277s, value=147770, rate=3680.1432026820166 per second
q1_out_sink stats (36828 samples): dur=10.007248891s, p50=0, p90=0, p99=0
WaitAlignTime_0(ms) stats (200 samples): dur=22.033734011s, p50=0, p90=0, p99=0
createChkpt_2(ms) stats (200 samples): dur=22.033516705s, p50=1, p90=1, p99=2
q1_out_bufEntry_2 stats (200 samples): dur=11.034244871s, p50=208, p90=336, p99=376
q1_out_bufSize_2 stats (200 samples): dur=11.034245179s, p50=52322, p90=85546, p99=95388
nexmark_src_src counter: dur=10.007058132s, value=201053, rate=4008.6706273567597 per second
q1_out_sink counter: dur=10.008209332s, value=184594, rate=3679.3794752333824 per second
q1_out_sink stats (36824 samples): dur=10.008191412s, p50=0, p90=0, p99=1
q1_out_bufEntry_2 stats (200 samples): dur=11.219124474s, p50=205, p90=340, p99=376
q1_out_bufSize_2 stats (200 samples): dur=11.219124249s, p50=52016, p90=87065, p99=95320
nexmark_src_src counter: dur=10.002637026s, value=241152, rate=4008.8428577154286 per second
q1_out_sink counter: dur=10.001066582s, value=221399, rate=3680.107486359698 per second
q1_out_sink stats (36805 samples): dur=10.001058622s, p50=0, p90=0, p99=0
WaitAlignTime_0(ms) stats (200 samples): dur=22.060814641s, p50=0, p90=0, p99=0
createChkpt_2(ms) stats (200 samples): dur=22.061021837s, p50=1, p90=1, p99=2
q1_out_bufEntry_2 stats (200 samples): dur=10.935282282s, p50=205, p90=336, p99=376
q1_out_bufSize_2 stats (200 samples): dur=10.935282868s, p50=51965, p90=85208, p99=95051
nexmark_src_src counter: dur=10.006516361s, value=281274, rate=4009.5872082290202 per second
q1_out_sink counter: dur=10.006963917s, value=258230, rate=3680.536904648059 per second
q1_out_sink stats (36831 samples): dur=10.006960346s, p50=0, p90=0, p99=0
q1_out_bufEntry_2 stats (200 samples): dur=11.047175012s, p50=204, p90=336, p99=376
q1_out_bufSize_2 stats (200 samples): dur=11.047175084s, p50=51668, p90=85586, p99=95852
nexmark_src_src counter: dur=10.006222769s, value=321389, rate=4009.0052886169155 per second
q1_out_sink counter: dur=10.00731736s, value=295050, rate=3679.3077180875976 per second
q1_out_sink stats (36820 samples): dur=10.007314472s, p50=0, p90=0, p99=0
WaitAlignTime_0(ms) stats (200 samples): dur=22.074880692s, p50=0, p90=0, p99=0
createChkpt_2(ms) stats (200 samples): dur=22.074481455s, p50=1, p90=1, p99=2
q1_out_bufEntry_2 stats (200 samples): dur=11.247385689s, p50=208, p90=336, p99=384
q1_out_bufSize_2 stats (200 samples): dur=11.247384707s, p50=52547, p90=85583, p99=97237
nexmark_src_src counter: dur=10.006018754s, value=361504, rate=4009.0870291407014 per second
q1_out_sink counter: dur=10.007164909s, value=331878, rate=3680.1631965591505 per second
q1_out_sink stats (36828 samples): dur=10.007173115s, p50=0, p90=0, p99=0
nexmark_src_src counter: dur=10.006651547s, value=401622, rate=4009.1333061384953 per second
q1_out_sink counter: dur=10.005393706s, value=368698, rate=3680.015108043166 per second
q1_out_sink stats (36820 samples): dur=10.005384446s, p50=0, p90=0, p99=1
q1_out_bufEntry_2 stats (200 samples): dur=11.412374241s, p50=208, p90=368, p99=384
q1_out_bufSize_2 stats (200 samples): dur=11.412379964s, p50=52848, p90=93857, p99=98059
nexmark_src_src counter: dur=10.004911822s, value=441693, rate=4005.1327500845214 per second
q1_out_sink counter: dur=10.006819723s, value=405522, rate=3679.8904166687967 per second
q1_out_sink stats (36824 samples): dur=10.006826147s, p50=0, p90=0, p99=0
WaitAlignTime_0(ms) stats (200 samples): dur=22.125112613s, p50=0, p90=0, p99=0
createChkpt_2(ms) stats (200 samples): dur=22.125501001s, p50=1, p90=1, p99=11
q1_out_bufEntry_2 stats (200 samples): dur=11.153201156s, p50=208, p90=336, p99=384
q1_out_bufSize_2 stats (200 samples): dur=11.153194351s, p50=52125, p90=85798, p99=97518
nexmark_src_src counter: dur=10.005842591s, value=481843, rate=4012.655569468372 per second
q1_out_sink counter: dur=10.00351783s, value=442337, rate=3680.2053663156216 per second
q1_out_sink stats (36815 samples): dur=10.003518884s, p50=0, p90=0, p99=0
q1_out_bufEntry_2 stats (200 samples): dur=11.146604206s, p50=207, p90=336, p99=376
q1_out_bufSize_2 stats (200 samples): dur=11.146606242s, p50=52465, p90=85097, p99=96091
nexmark_src_src counter: dur=10.001126533s, value=521938, rate=4009.048367471544 per second
q1_out_sink counter: dur=10.000609193s, value=479138, rate=3679.8758245406816 per second
q1_out_sink stats (36801 samples): dur=10.000609749s, p50=0, p90=0, p99=1
WaitAlignTime_0(ms) stats (200 samples): dur=22.059780751s, p50=0, p90=0, p99=0
createChkpt_2(ms) stats (200 samples): dur=22.059458845s, p50=1, p90=1, p99=2
q1_out_bufEntry_2 stats (200 samples): dur=11.132226217s, p50=205, p90=364, p99=380
q1_out_bufSize_2 stats (200 samples): dur=11.132225418s, p50=52066, p90=92620, p99=96059
nexmark_src_src counter: dur=10.011394486s, value=562073, rate=4008.932028013185 per second
q1_out_sink counter: dur=10.000937259s, value=515938, rate=3679.6551210120933 per second
q1_out_sink stats (36800 samples): dur=10.000936658s, p50=0, p90=0, p99=1
q1_out_bufEntry_2 stats (200 samples): dur=11.307939382s, p50=208, p90=364, p99=376
q1_out_bufSize_2 stats (200 samples): dur=11.307940226s, p50=52646, p90=92484, p99=95629
nexmark_src_src counter: dur=10.001783942s, value=602172, rate=4009.1847846876835 per second
q1_out_sink counter: dur=10.000553846s, value=552746, rate=3680.596151654379 per second
q1_out_sink stats (36808 samples): dur=10.000550549s, p50=0, p90=0, p99=1
WaitAlignTime_0(ms) stats (200 samples): dur=22.040179125s, p50=0, p90=0, p99=0
createChkpt_2(ms) stats (200 samples): dur=22.040534525s, p50=1, p90=1, p99=2
q1_out_bufEntry_2 stats (200 samples): dur=10.899408577s, p50=204, p90=336, p99=376
q1_out_bufSize_2 stats (200 samples): dur=10.899426005s, p50=51661, p90=84388, p99=95462
nexmark_src_src counter: dur=10.002913969s, value=642274, rate=4009.031780567141 per second
q1_out_sink counter: dur=10.004413342s, value=589558, rate=3679.5760772356143 per second
q1_out_sink stats (36812 samples): dur=10.004444298s, p50=0, p90=0, p99=1
q1_out_bufEntry_2 stats (200 samples): dur=11.098679006s, p50=208, p90=336, p99=377
q1_out_bufSize_2 stats (200 samples): dur=11.098662511s, p50=52442, p90=85334, p99=95788
nexmark_src_src counter: dur=10.005421874s, value=682389, rate=4009.326193855202 per second
q1_out_sink counter: dur=10.003912766s, value=626382, rate=3680.9597265934417 per second
q1_out_sink stats (36824 samples): dur=10.003882399s, p50=0, p90=0, p99=1
WaitAlignTime_0(ms) stats (200 samples): dur=22.102228815s, p50=0, p90=0, p99=0
createChkpt_2(ms) stats (200 samples): dur=22.10197947s, p50=1, p90=1, p99=2
q1_out_bufEntry_2 stats (200 samples): dur=11.099979317s, p50=204, p90=336, p99=380
q1_out_bufSize_2 stats (200 samples): dur=11.099978145s, p50=51651, p90=85492, p99=96233
2 producer ended, map[] remain
exit due to ctrlMsg
createChkpt_2(ms) (31 samples): dur=3.413409731s, data=[1 1 1 1 1 1 1 1 1 1 1 1 1 1 1 1 1 1 1 1 1 1 1 1 1 1 1 1 1 1 1]
[2]duration: 180.025043 s, uts: 1709450643307
WaitAlignTime_0(ms) (31 samples): dur=3.417734775s, data=[0 0 0 0 0 0 0 0 0 0 0 0 0 0 0 0 0 0 0 0 0 0 0 0 0 0 0 0 0 0 0]
nexmark_src_src msgCnt 721628, ctrlCnt 1632, epochCnt 0, logEntry 15976
sink msgCnt 662398, ctrlCnt 1632
