wait for last: true, sink max_buf_size: 131072
warmup: 0
config: map[NodeConstraint:"1,2,3,4" NumInstance:4 OutputTopicName:["nexmark_src"] funcName:"source"]
config: map[InputTopicNames:["nexmark_src"] NodeConstraint:"5,6,7,8" NumInstance:4 NumSrcProducer:[1] OutputTopicName:["bids"] funcName:"q5bidkeyedbyauction"]
config: map[InputTopicNames:["bids"] NodeConstraint:"5,6,7,8" NumInstance:4 NumSrcProducer:[4] OutputTopicName:["aucBids"] funcName:"q5aucbids"]
config: map[Final:true InputTopicNames:["aucBids"] NodeConstraint:"5,6,7,8" NumInstance:4 NumSrcProducer:[4] OutputTopicName:["q5_out"] funcName:"q5maxbid"]
srcInvokeConfig: &{FinalTpNames:[q5_out] TopicName:nexmark_src AppId:q5 NodeConstraint:1,2,3,4 AdditionalBytes:0 ScaleEpoch:0 NumOutPartition:4 InstanceID:0 NumSrcInstance:4}
cliNodes: [0xc000026180 0xc0000261c0 0xc000026200]
inParamsMap: map[q5aucbids:[0xc00007ed20 0xc00007edc0 0xc00007ee60 0xc00007ef00] q5bidkeyedbyauction:[0xc00007eaa0 0xc00007eb40 0xc00007ebe0 0xc00007ec80] q5maxbid:[0xc00007efa0 0xc00007f040 0xc00007f0e0 0xc00007f180]]
configScaleInput: &{Config:map[aucBids:4 bids:4 changelog:4 nexmark_src:4 q5_out:4 q5aucbids:4 q5bidkeyedbyauction:4 q5maxbid:4 source:4] AppId:q5 FuncNames:[source q5bidkeyedbyauction q5aucbids q5maxbid] BufMaxSize:131072 ScaleEpoch:0 SerdeFormat:1 Bootstrap:false}
encoded json is {"sg":{"aucBids":4,"bids":4,"changelog":4,"nexmark_src":4,"q5_out":4,"q5aucbids":4,"q5bidkeyedbyauction":4,"q5maxbid":4,"source":4},"aid":"q5","fns":["source","q5bidkeyedbyauction","q5aucbids","q5maxbid"],"bufMaxSize":131072,"epoch":1,"serdeFormat":1,"bs":true}, node constraint is 1
encoded json is {"outTpNames":["q5_out"]}, node constraint is 1
redis_setup url is http://ip-172-31-11-177.us-east-2.compute.internal:8080/function/redisSetup
encoded json is {"srcTpName":"nexmark_src","outTpNames":["q5_out"],"numOutParts":"BA==","chkptEveryMs":100,"bufMaxSize":131072,"srcNumPart":4,"gua":4,"serde_format":1}, node constraint is 1
chkptmngr url is http://ip-172-31-11-177.us-east-2.compute.internal:8080/function/chkptmngr
func source url is http://ip-172-31-11-177.us-east-2.compute.internal:8080/function/source
src instance: 4
func source url is http://ip-172-31-11-177.us-east-2.compute.internal:8080/function/source
func source url is http://ip-172-31-11-177.us-east-2.compute.internal:8080/function/source
func source url is http://ip-172-31-11-177.us-east-2.compute.internal:8080/function/source
encoded json is {"topic_name":"nexmark_src","rate_shape":"square","aid":"q5","events_num":720000,"rate_period":10000000000,"finOutTpNs":["q5_out"],"first_event_rate":4000,"next_event_rate":4000,"bid_avg_size":100,"person_avg_size":200,"auction_avg_size":500,"duration":180,"person_proportion":1,"auction_proportion":3,"bid_proportion":46,"bid_hot_ratio_auctions":2,"bid_hot_ratio_bidders":4,"auction_hot_ratio_sellers":4,"flushms":100,"bufMaxSize":131072,"commEveryMs":100,"rate_limited":false,"waitEnd":true,"serde_format":1,"numOutPar":4,"parNum":3,"nSrcIns":4,"gua":4}, node constraint is 1,2,3,4
encoded json is {"topic_name":"nexmark_src","rate_shape":"square","aid":"q5","events_num":720000,"rate_period":10000000000,"finOutTpNs":["q5_out"],"first_event_rate":4000,"next_event_rate":4000,"bid_avg_size":100,"person_avg_size":200,"auction_avg_size":500,"duration":180,"person_proportion":1,"auction_proportion":3,"bid_proportion":46,"bid_hot_ratio_auctions":2,"bid_hot_ratio_bidders":4,"auction_hot_ratio_sellers":4,"flushms":100,"bufMaxSize":131072,"commEveryMs":100,"rate_limited":false,"waitEnd":true,"serde_format":1,"numOutPar":4,"parNum":1,"nSrcIns":4,"gua":4}, node constraint is 1,2,3,4
encoded json is {"topic_name":"nexmark_src","rate_shape":"square","aid":"q5","events_num":720000,"rate_period":10000000000,"finOutTpNs":["q5_out"],"first_event_rate":4000,"next_event_rate":4000,"bid_avg_size":100,"person_avg_size":200,"auction_avg_size":500,"duration":180,"person_proportion":1,"auction_proportion":3,"bid_proportion":46,"bid_hot_ratio_auctions":2,"bid_hot_ratio_bidders":4,"auction_hot_ratio_sellers":4,"flushms":100,"bufMaxSize":131072,"commEveryMs":100,"rate_limited":false,"waitEnd":true,"serde_format":1,"numOutPar":4,"parNum":2,"nSrcIns":4,"gua":4}, node constraint is 1,2,3,4
encoded json is {"topic_name":"nexmark_src","rate_shape":"square","aid":"q5","events_num":720000,"rate_period":10000000000,"finOutTpNs":["q5_out"],"first_event_rate":4000,"next_event_rate":4000,"bid_avg_size":100,"person_avg_size":200,"auction_avg_size":500,"duration":180,"person_proportion":1,"auction_proportion":3,"bid_proportion":46,"bid_hot_ratio_auctions":2,"bid_hot_ratio_bidders":4,"auction_hot_ratio_sellers":4,"flushms":100,"bufMaxSize":131072,"commEveryMs":100,"rate_limited":false,"waitEnd":true,"serde_format":1,"numOutPar":4,"nSrcIns":4,"gua":4}, node constraint is 1,2,3,4
Waiting for all client to return
func name is q5maxbid
func url is http://ip-172-31-11-177.us-east-2.compute.internal:8080/function/q5maxbid
func name is q5maxbid
encoded json is {"aid":"q5","numOutPartition":"BA==","numSubstreamProducer":"BA==","outputTopicName":["q5_out"],"inputTopicName":["aucBids"],"commEveryMs":100,"flushMs":100,"snapEveryS":10,"duration":180,"bufMaxSize":131072,"epoch":1,"waitEnd":true,"numChangelogPartition":4,"numInPartition":4,"ParNum":3,"gua":4,"serdeFormat":1}, node constraint is 5,6,7,8
encoded json is {"aid":"q5","numOutPartition":"BA==","numSubstreamProducer":"BA==","outputTopicName":["aucBids"],"inputTopicName":["bids"],"commEveryMs":100,"flushMs":100,"snapEveryS":10,"duration":180,"bufMaxSize":131072,"epoch":1,"waitEnd":true,"numChangelogPartition":4,"numInPartition":4,"ParNum":2,"gua":4,"serdeFormat":1}, node constraint is 5,6,7,8
encoded json is {"aid":"q5","numOutPartition":"BA==","numSubstreamProducer":"AQ==","outputTopicName":["bids"],"inputTopicName":["nexmark_src"],"commEveryMs":100,"flushMs":100,"snapEveryS":10,"duration":180,"bufMaxSize":131072,"epoch":1,"waitEnd":true,"numChangelogPartition":4,"numInPartition":4,"ParNum":1,"gua":4,"serdeFormat":1}, node constraint is 5,6,7,8
func url is http://ip-172-31-11-177.us-east-2.compute.internal:8080/function/q5maxbid
func name is q5bidkeyedbyauction
func url is http://ip-172-31-11-177.us-east-2.compute.internal:8080/function/q5bidkeyedbyauction
func name is q5maxbid
func url is http://ip-172-31-11-177.us-east-2.compute.internal:8080/function/q5maxbid
func name is q5aucbids
func url is http://ip-172-31-11-177.us-east-2.compute.internal:8080/function/q5aucbids
func name is q5aucbids
func url is http://ip-172-31-11-177.us-east-2.compute.internal:8080/function/q5aucbids
func name is q5bidkeyedbyauction
func url is http://ip-172-31-11-177.us-east-2.compute.internal:8080/function/q5bidkeyedbyauction
func name is q5aucbids
func url is http://ip-172-31-11-177.us-east-2.compute.internal:8080/function/q5aucbids
func name is q5bidkeyedbyauction
func url is http://ip-172-31-11-177.us-east-2.compute.internal:8080/function/q5bidkeyedbyauction
func name is q5aucbids
func url is http://ip-172-31-11-177.us-east-2.compute.internal:8080/function/q5aucbids
func name is q5bidkeyedbyauction
func url is http://ip-172-31-11-177.us-east-2.compute.internal:8080/function/q5bidkeyedbyauction
func name is q5maxbid
func url is http://ip-172-31-11-177.us-east-2.compute.internal:8080/function/q5maxbid
encoded json is {"aid":"q5","numOutPartition":"BA==","numSubstreamProducer":"AQ==","outputTopicName":["bids"],"inputTopicName":["nexmark_src"],"commEveryMs":100,"flushMs":100,"snapEveryS":10,"duration":180,"bufMaxSize":131072,"epoch":1,"waitEnd":true,"numChangelogPartition":4,"numInPartition":4,"ParNum":2,"gua":4,"serdeFormat":1}, node constraint is 5,6,7,8
encoded json is {"aid":"q5","numOutPartition":"BA==","numSubstreamProducer":"AQ==","outputTopicName":["bids"],"inputTopicName":["nexmark_src"],"commEveryMs":100,"flushMs":100,"snapEveryS":10,"duration":180,"bufMaxSize":131072,"epoch":1,"waitEnd":true,"numChangelogPartition":4,"numInPartition":4,"gua":4,"serdeFormat":1}, node constraint is 5,6,7,8
encoded json is {"aid":"q5","numOutPartition":"BA==","numSubstreamProducer":"BA==","outputTopicName":["q5_out"],"inputTopicName":["aucBids"],"commEveryMs":100,"flushMs":100,"snapEveryS":10,"duration":180,"bufMaxSize":131072,"epoch":1,"waitEnd":true,"numChangelogPartition":4,"numInPartition":4,"ParNum":1,"gua":4,"serdeFormat":1}, node constraint is 5,6,7,8
encoded json is {"aid":"q5","numOutPartition":"BA==","numSubstreamProducer":"AQ==","outputTopicName":["bids"],"inputTopicName":["nexmark_src"],"commEveryMs":100,"flushMs":100,"snapEveryS":10,"duration":180,"bufMaxSize":131072,"epoch":1,"waitEnd":true,"numChangelogPartition":4,"numInPartition":4,"ParNum":3,"gua":4,"serdeFormat":1}, node constraint is 5,6,7,8
encoded json is {"aid":"q5","numOutPartition":"BA==","numSubstreamProducer":"BA==","outputTopicName":["aucBids"],"inputTopicName":["bids"],"commEveryMs":100,"flushMs":100,"snapEveryS":10,"duration":180,"bufMaxSize":131072,"epoch":1,"waitEnd":true,"numChangelogPartition":4,"numInPartition":4,"ParNum":3,"gua":4,"serdeFormat":1}, node constraint is 5,6,7,8
encoded json is {"aid":"q5","numOutPartition":"BA==","numSubstreamProducer":"BA==","outputTopicName":["aucBids"],"inputTopicName":["bids"],"commEveryMs":100,"flushMs":100,"snapEveryS":10,"duration":180,"bufMaxSize":131072,"epoch":1,"waitEnd":true,"numChangelogPartition":4,"numInPartition":4,"ParNum":1,"gua":4,"serdeFormat":1}, node constraint is 5,6,7,8
encoded json is {"aid":"q5","numOutPartition":"BA==","numSubstreamProducer":"BA==","outputTopicName":["q5_out"],"inputTopicName":["aucBids"],"commEveryMs":100,"flushMs":100,"snapEveryS":10,"duration":180,"bufMaxSize":131072,"epoch":1,"waitEnd":true,"numChangelogPartition":4,"numInPartition":4,"gua":4,"serdeFormat":1}, node constraint is 5,6,7,8
encoded json is {"aid":"q5","numOutPartition":"BA==","numSubstreamProducer":"BA==","outputTopicName":["aucBids"],"inputTopicName":["bids"],"commEveryMs":100,"flushMs":100,"snapEveryS":10,"duration":180,"bufMaxSize":131072,"epoch":1,"waitEnd":true,"numChangelogPartition":4,"numInPartition":4,"gua":4,"serdeFormat":1}, node constraint is 5,6,7,8
encoded json is {"aid":"q5","numOutPartition":"BA==","numSubstreamProducer":"BA==","outputTopicName":["q5_out"],"inputTopicName":["aucBids"],"commEveryMs":100,"flushMs":100,"snapEveryS":10,"duration":180,"bufMaxSize":131072,"epoch":1,"waitEnd":true,"numChangelogPartition":4,"numInPartition":4,"ParNum":2,"gua":4,"serdeFormat":1}, node constraint is 5,6,7,8
source-3 invoke done
source-2 invoke done
source-1 invoke done
q5bidkeyedbyauction-3 call done
q5bidkeyedbyauction-1 call done
q5bidkeyedbyauction-2 call done
source-0 invoke done
q5bidkeyedbyauction-0 call done
q5aucbids-0 call done
q5aucbids-1 call done
q5aucbids-3 call done
q5aucbids-2 call done
q5maxbid-3 call done
q5maxbid-0 call done
q5maxbid-2 call done
q5maxbid-1 call done
sink processed: 180002, throughput: (event/s) 999.9990715167343
sink_ctrl processed: 2, throughput: (event/s) 0.01111097733932661
source-0 duration: 180.002167129

sink processed: 180002, throughput: (event/s) 999.9749889868068
sink_ctrl processed: 2, throughput: (event/s) 0.011110709758633869
source-1 duration: 180.006502145

sink_ctrl processed: 2, throughput: (event/s) 0.011110814826048995
sink processed: 180002, throughput: (event/s) 999.9844451592356
source-2 duration: 180.004799946

sink processed: 180002, throughput: (event/s) 999.9814115743001
sink_ctrl processed: 2, throughput: (event/s) 0.011110781119924223
source-3 duration: 180.005346016

sink processed 720008 events, duration: 180.006502145, tp: 3999.899956
sink_ctrl processed 8 events, duration: 180.006502145, tp: 0.044443

eventTimeLatency_sink, p50: 63 ms, p90: 146 ms, p99: 187 ms
aucBids_src processed: 873928, throughput: (event/s) 4854.5901939731175
aucBids_src_ctrl processed: 1421, throughput: (event/s) 7.893525170993262
aucBids_src_data processed: 872507, throughput: (event/s) 4846.696668802124
aucBids_src_epoch processed: 0, throughput: (event/s) 0
aucBids_src_logEntry processed: 4349, throughput: (event/s) 24.158297655629625
sink processed: 76618, throughput: (event/s) 425.6059898319224
q5maxbid-0 duration: 180.020962652

eventTimeLatency_sink, p50: 64 ms, p90: 147 ms, p99: 188 ms
aucBids_src_logEntry processed: 4605, throughput: (event/s) 25.580365818619292
sink processed: 85990, throughput: (event/s) 477.66680928188333
aucBids_src processed: 964887, throughput: (event/s) 5359.861549105344
aucBids_src_ctrl processed: 1421, throughput: (event/s) 7.89352873577807
aucBids_src_data processed: 963466, throughput: (event/s) 5351.968020369567
aucBids_src_epoch processed: 0, throughput: (event/s) 0
q5maxbid-1 duration: 180.020881353

eventTimeLatency_sink, p50: 64 ms, p90: 148 ms, p99: 190 ms
aucBids_src_logEntry processed: 4561, throughput: (event/s) 25.335754610286774
sink processed: 79471, throughput: (event/s) 441.45094379173435
aucBids_src processed: 862541, throughput: (event/s) 4791.301713946802
aucBids_src_ctrl processed: 1421, throughput: (event/s) 7.893467945892898
aucBids_src_data processed: 861120, throughput: (event/s) 4783.4082460009095
aucBids_src_epoch processed: 0, throughput: (event/s) 0
q5maxbid-2 duration: 180.022267746

eventTimeLatency_sink, p50: 62 ms, p90: 148 ms, p99: 190 ms
aucBids_src_epoch processed: 0, throughput: (event/s) 0
aucBids_src_logEntry processed: 3490, throughput: (event/s) 19.386327335762378
sink processed: 57596, throughput: (event/s) 319.9355040775272
aucBids_src processed: 616328, throughput: (event/s) 3423.5920785661187
aucBids_src_ctrl processed: 1421, throughput: (event/s) 7.893401473959409
aucBids_src_data processed: 614907, throughput: (event/s) 3415.6986770921594
q5maxbid-3 duration: 180.02378375

aucBids_src_data processed 3312000 events, duration: 180.02378375
aucBids_src_epoch processed 0 events, duration: 180.02378375
aucBids_src_logEntry processed 17005 events, duration: 180.02378375
sink processed 299675 events, duration: 180.02378375
aucBids_src processed 3317684 events, duration: 180.02378375
aucBids_src_ctrl processed 5684 events, duration: 180.02378375

nexmark_src_src_data processed: 180000, throughput: (event/s) 999.9296298634158
nexmark_src_src_epoch processed: 0, throughput: (event/s) 0
nexmark_src_src_logEntry processed: 1765, throughput: (event/s) 9.804865537271827
sink processed: 165600, throughput: (event/s) 919.9352594743425
nexmark_src_src processed: 181418, throughput: (event/s) 1007.8068532808953
nexmark_src_src_ctrl processed: 1418, throughput: (event/s) 7.877223417479575
q5bidkeyedbyauction-0 duration: 180.012667516

sink processed: 165600, throughput: (event/s) 919.914561340597
nexmark_src_src processed: 181418, throughput: (event/s) 1007.7841780754131
nexmark_src_src_ctrl processed: 1418, throughput: (event/s) 7.877046183459942
nexmark_src_src_data processed: 180000, throughput: (event/s) 999.9071318919532
nexmark_src_src_epoch processed: 0, throughput: (event/s) 0
nexmark_src_src_logEntry processed: 1764, throughput: (event/s) 9.799089892541142
q5bidkeyedbyauction-1 duration: 180.016717812

nexmark_src_src processed: 181418, throughput: (event/s) 1007.7956174976091
nexmark_src_src_ctrl processed: 1418, throughput: (event/s) 7.8771355963113345
nexmark_src_src_data processed: 180000, throughput: (event/s) 999.9184819012978
nexmark_src_src_epoch processed: 0, throughput: (event/s) 0
nexmark_src_src_logEntry processed: 1766, throughput: (event/s) 9.810311327987177
sink processed: 165600, throughput: (event/s) 919.925003349194
q5bidkeyedbyauction-2 duration: 180.014674454

nexmark_src_src_epoch processed: 0, throughput: (event/s) 0
nexmark_src_src_logEntry processed: 1766, throughput: (event/s) 9.810255033049012
sink processed: 165600, throughput: (event/s) 919.9197245033502
nexmark_src_src processed: 181418, throughput: (event/s) 1007.7898344199806
nexmark_src_src_ctrl processed: 1418, throughput: (event/s) 7.877090394599943
nexmark_src_src_data processed: 180000, throughput: (event/s) 999.9127440253807
q5bidkeyedbyauction-3 duration: 180.015707446

nexmark_src_src_logEntry processed 7061 events, duration: 180.016717812
sink processed 662400 events, duration: 180.016717812
nexmark_src_src processed 725672 events, duration: 180.016717812
nexmark_src_src_ctrl processed 5672 events, duration: 180.016717812
nexmark_src_src_data processed 720000 events, duration: 180.016717812
nexmark_src_src_epoch processed 0 events, duration: 180.016717812

bids_src_ctrl processed: 1421, throughput: (event/s) 7.893645003925473
bids_src_data processed: 157306, throughput: (event/s) 873.8337234254049
bids_src_epoch processed: 0, throughput: (event/s) 0
bids_src_logEntry processed: 5672, throughput: (event/s) 31.507920100116312
sink processed: 786530, throughput: (event/s) 4369.168617127025
bids_src processed: 158727, throughput: (event/s) 881.7273684293303
q5aucbids-0 duration: 180.018229765

bids_src_epoch processed: 0, throughput: (event/s) 0
bids_src_logEntry processed: 5672, throughput: (event/s) 31.507742182887323
sink processed: 715505, throughput: (event/s) 3974.6027980547947
bids_src processed: 144522, throughput: (event/s) 802.8141600414742
bids_src_ctrl processed: 1421, throughput: (event/s) 7.893600430515319
bids_src_data processed: 143101, throughput: (event/s) 794.9205596109589
q5aucbids-1 duration: 180.019246288

bids_src_epoch processed: 0, throughput: (event/s) 0
bids_src_logEntry processed: 5672, throughput: (event/s) 31.50731773087973
sink processed: 830360, throughput: (event/s) 4612.5557741560815
bids_src processed: 167493, throughput: (event/s) 930.4046489242311
bids_src_ctrl processed: 1421, throughput: (event/s) 7.8934940930148265
bids_src_data processed: 166072, throughput: (event/s) 922.5111548312162
q5aucbids-2 duration: 180.021671424

bids_src_ctrl processed: 1421, throughput: (event/s) 7.893513088440464
bids_src_data processed: 195921, throughput: (event/s) 1088.321588881312
bids_src_epoch processed: 0, throughput: (event/s) 0
bids_src_logEntry processed: 5672, throughput: (event/s) 31.507393552170523
sink processed: 979605, throughput: (event/s) 5441.607944406559
bids_src processed: 197342, throughput: (event/s) 1096.2151019697524
q5aucbids-3 duration: 180.021238209

sink processed 3312000 events, duration: 180.021671424
bids_src processed 668084 events, duration: 180.021671424
bids_src_ctrl processed 5684 events, duration: 180.021671424
bids_src_data processed 662400 events, duration: 180.021671424
bids_src_epoch processed 0 events, duration: 180.021671424
bids_src_logEntry processed 22688 events, duration: 180.021671424

