parallel restore str: , false
env str: , async2ndPhase: false
env str: , create snapshot: false
2024/03/03 11:33:45 [INFO] Load configuration for function scale[40]
2024/03/03 11:33:45 [INFO] Load configuration for function chkptmngr[50]
2024/03/03 11:33:45 [INFO] Load configuration for function redisSetup[70]
2024/03/03 11:33:45 [INFO] Load configuration for function source[20]
2024/03/03 11:33:45 [INFO] Load configuration for function query2[30]
2024/03/03 11:33:45 [INFO] Parse FAAS_ENGINE_ID: 7
2024/03/03 11:33:45 [INFO] Parse FAAS_ENGINE_ID: 7
2024/03/03 11:33:45 [INFO] Current GOMAXPROCS is 2
2024/03/03 11:33:45 [INFO] Parse FAAS_ENGINE_ID: 7
2024/03/03 11:33:45 [INFO] Current GOMAXPROCS is 3
2024/03/03 11:33:45 [INFO] Parse FAAS_ENGINE_ID: 7
2024/03/03 11:33:45 [INFO] Current GOMAXPROCS is 4
2024/03/03 11:33:45 [INFO] Start new FuncWorker with client id 7
2024/03/03 11:33:45 [INFO] Start new FuncWorker with client id 8
2024/03/03 11:33:45 [INFO] Start new FuncWorker with client id 9
2024/03/03 11:33:45 [INFO] Start new FuncWorker with client id 6
Enter nexmark: funcName: query2
Enter nexmark: funcName: query2
2024/03/03 11:33:45 [INFO] Handshake with engine done
2024/03/03 11:33:45 [INFO] Handshake with engine done
Enter nexmark: funcName: query2
2024/03/03 11:33:45 [INFO] Handshake with engine done
Enter nexmark: funcName: query2
2024/03/03 11:33:45 [INFO] Handshake with engine done
new buffered sink stream nexmark_src[0] with bufMaxSize 131072
new buffered sink stream nexmark_src[1] with bufMaxSize 131072
new buffered sink stream nexmark_src[2] with bufMaxSize 131072
new buffered sink stream nexmark_src[3] with bufMaxSize 131072
new buffered sink stream q2_out[0] with bufMaxSize 131072
new buffered sink stream q2_out[1] with bufMaxSize 131072
new buffered sink stream q2_out[2] with bufMaxSize 131072
new buffered sink stream q2_out[3] with bufMaxSize 131072
nexmark_src notEnded: map[1:{}], notScaleFence: map[1:{}]
redis address is [snapcache-1:6666 snapcache-2:6666 snapcache-3:6666 snapcache-4:6666]
new buffered sink stream __control_log_q2[0] with bufMaxSize 131072
new buffered sink stream __control_log_q2[0] with bufMaxSize 131072
[0] finished prev task source, funcName query2, meta epoch 0, current epoch 1, cmm instance 1, remain instances: map[]
[1] finished prev task source, funcName query2, meta epoch 0, current epoch 1, cmm instance 1, remain instances: map[]
[2] finished prev task source, funcName query2, meta epoch 0, current epoch 1, cmm instance 1, remain instances: map[]
[3] finished prev task source, funcName query2, meta epoch 0, current epoch 1, cmm instance 1, remain instances: map[]
[0] finished prev task query2, funcName query2, meta epoch 0, current epoch 1, cmm instance 1, remain instances: map[]
[1] prodId: ProducerId: {TaskId: 0x1c00600000001, TaskEpoch: 0x1}, warmup time: 0s, flush every: 100ms, waitEndMark: true
nexmark_src_src counter: dur=10.009338396s, value=483692, rate=48324.0730669368 per second
q2_out_sink counter: dur=10.009161087s, value=3406, rate=340.28825896545385 per second
q2_out_sink stats (3406 samples): dur=10.009181156s, p50=0, p90=1, p99=2
q2_out_bufEntry_1 stats (200 samples): dur=11.599039789s, p50=10, p90=21, p99=281
q2_out_bufSize_1 stats (200 samples): dur=11.599062952s, p50=2573, p90=5366, p99=71694
nexmark_src_src counter: dur=10.005800979s, value=964047, rate=48007.6508625507 per second
q2_out_sink counter: dur=10.015099856s, value=6801, rate=338.98813280089973 per second
q2_out_sink stats (3395 samples): dur=10.01510975s, p50=0, p90=1, p99=2
q2_out_bufEntry_1 stats (200 samples): dur=11.501152334s, p50=10, p90=20, p99=514
q2_out_bufSize_1 stats (200 samples): dur=11.501156079s, p50=2642, p90=5086, p99=130848
WaitAlignTime_0(ms) stats (200 samples): dur=23.308649425s, p50=0, p90=0, p99=0
createChkpt_1(ms) stats (200 samples): dur=23.306274719s, p50=1, p90=10, p99=57
nexmark_src_src counter: dur=10.007137634s, value=1444482, rate=48009.23276678899 per second
q2_out_sink counter: dur=10.009366566s, value=10981, rate=417.60884392012383 per second
q2_out_sink stats (4180 samples): dur=10.009373345s, p50=0, p90=1, p99=2
q2_out_bufEntry_1 stats (200 samples): dur=11.657815193s, p50=10, p90=21, p99=458
q2_out_bufSize_1 stats (200 samples): dur=11.657833533s, p50=2619, p90=5320, p99=117193
nexmark_src_src counter: dur=10.001906411s, value=1924617, rate=48004.34839821658 per second
q2_out_sink counter: dur=10.001146134s, value=14396, rate=341.4608640094089 per second
q2_out_sink stats (3415 samples): dur=10.001137989s, p50=0, p90=1, p99=2
q2_out_bufEntry_1 stats (200 samples): dur=11.74407855s, p50=10, p90=19, p99=304
q2_out_bufSize_1 stats (200 samples): dur=11.744062999s, p50=2648, p90=5008, p99=77879
WaitAlignTime_0(ms) stats (200 samples): dur=23.213227215s, p50=0, p90=0, p99=0
createChkpt_1(ms) stats (200 samples): dur=23.214128843s, p50=1, p90=8, p99=47
nexmark_src_src counter: dur=10.006428538s, value=2405051, rate=48012.53495945368 per second
q2_out_sink counter: dur=10.005189742s, value=17690, rate=329.2291385711933 per second
q2_out_sink stats (3294 samples): dur=10.005192872s, p50=0, p90=1, p99=2
q2_out_bufEntry_1 stats (200 samples): dur=11.397803275s, p50=10, p90=20, p99=509
q2_out_bufSize_1 stats (200 samples): dur=11.397797256s, p50=2463, p90=5190, p99=130974
nexmark_src_src counter: dur=10.000800525s, value=2885218, rate=48012.85645080897 per second
q2_out_sink counter: dur=10.003509909s, value=21788, rate=409.65621439661834 per second
q2_out_sink stats (4098 samples): dur=10.003508469s, p50=0, p90=1, p99=2
q2_out_bufEntry_1 stats (200 samples): dur=11.500016349s, p50=10, p90=19, p99=431
q2_out_bufSize_1 stats (200 samples): dur=11.500015282s, p50=2535, p90=4974, p99=110241
WaitAlignTime_0(ms) stats (200 samples): dur=23.158512805s, p50=0, p90=0, p99=0
createChkpt_1(ms) stats (200 samples): dur=23.157822525s, p50=1, p90=7, p99=43
nexmark_src_src counter: dur=10.011231267s, value=3365805, rate=48004.784544750044 per second
q2_out_sink counter: dur=10.008571874s, value=25194, rate=340.308292019965 per second
q2_out_sink stats (3406 samples): dur=10.008568989s, p50=0, p90=1, p99=2
nexmark_src_src counter: dur=10.004723628s, value=3846130, rate=48009.821946078046 per second
q2_out_sink counter: dur=10.004461082s, value=28597, rate=340.14825707330385 per second
q2_out_sink stats (3403 samples): dur=10.004461542s, p50=0, p90=1, p99=2
q2_out_bufEntry_1 stats (200 samples): dur=11.591641347s, p50=10, p90=20, p99=506
q2_out_bufSize_1 stats (200 samples): dur=11.591641241s, p50=2574, p90=5225, p99=130849
nexmark_src_src counter: dur=10.006430556s, value=4326481, rate=48004.23061068211 per second
q2_out_sink counter: dur=10.020974716s, value=32725, rate=411.9359759893441 per second
q2_out_sink stats (4128 samples): dur=10.020981464s, p50=0, p90=1, p99=2
q2_out_bufEntry_1 stats (200 samples): dur=11.509896413s, p50=10, p90=20, p99=299
q2_out_bufSize_1 stats (200 samples): dur=11.509897762s, p50=2402, p90=5029, p99=77646
WaitAlignTime_0(ms) stats (200 samples): dur=23.255740034s, p50=0, p90=0, p99=0
createChkpt_1(ms) stats (200 samples): dur=23.255957158s, p50=1, p90=9, p99=41
nexmark_src_src counter: dur=10.000340256s, value=4806620, rate=48012.26635382995 per second
q2_out_sink counter: dur=10.00757473s, value=36092, rate=336.4451518814689 per second
q2_out_sink stats (3367 samples): dur=10.007571776s, p50=0, p90=1, p99=2
q2_out_bufEntry_1 stats (200 samples): dur=11.598448824s, p50=10, p90=20, p99=433
q2_out_bufSize_1 stats (200 samples): dur=11.598449926s, p50=2641, p90=5162, p99=112413
nexmark_src_src counter: dur=10.000543792s, value=5286725, rate=48007.88936938241 per second
q2_out_sink counter: dur=10.003817626s, value=39499, rate=340.569983117763 per second
q2_out_sink stats (3407 samples): dur=10.003813368s, p50=0, p90=1, p99=2
q2_out_bufEntry_1 stats (200 samples): dur=11.348460831s, p50=11, p90=20, p99=506
q2_out_bufSize_1 stats (200 samples): dur=11.348460749s, p50=2711, p90=5157, p99=130985
WaitAlignTime_0(ms) stats (200 samples): dur=22.832291818s, p50=0, p90=0, p99=0
createChkpt_1(ms) stats (200 samples): dur=22.832445108s, p50=1, p90=2, p99=33
nexmark_src_src counter: dur=10.010479068s, value=5767293, rate=48006.49366884027 per second
q2_out_sink counter: dur=10.007229214s, value=43630, rate=412.8015769061008 per second
q2_out_sink stats (4131 samples): dur=10.007237722s, p50=0, p90=1, p99=2
q2_out_bufEntry_1 stats (200 samples): dur=11.852232185s, p50=10, p90=21, p99=268
q2_out_bufSize_1 stats (200 samples): dur=11.852236068s, p50=2558, p90=5388, p99=69636
nexmark_src_src counter: dur=10.007481612s, value=6247742, rate=48008.98154275819 per second
q2_out_sink counter: dur=10.011878664s, value=47028, rate=339.39684189524655 per second
q2_out_sink stats (3398 samples): dur=10.011873436s, p50=0, p90=1, p99=2
q2_out_bufEntry_1 stats (200 samples): dur=11.332921094s, p50=10, p90=20, p99=507
q2_out_bufSize_1 stats (200 samples): dur=11.332919355s, p50=2548, p90=5153, p99=130981
WaitAlignTime_0(ms) stats (200 samples): dur=23.296482494s, p50=0, p90=0, p99=0
createChkpt_1(ms) stats (200 samples): dur=23.296401707s, p50=2, p90=14, p99=41
nexmark_src_src counter: dur=10.011081985s, value=6728317, rate=48004.30170485713 per second
q2_out_sink counter: dur=10.001667128s, value=50347, rate=331.84467724469147 per second
q2_out_sink stats (3319 samples): dur=10.001670191s, p50=0, p90=1, p99=2
nexmark_src_src counter: dur=10.004068696s, value=7208656, rate=48014.36441475632 per second
q2_out_sink counter: dur=10.001823687s, value=54425, rate=407.7256436044192 per second
q2_out_sink stats (4078 samples): dur=10.001819837s, p50=0, p90=1, p99=2
q2_out_bufEntry_1 stats (200 samples): dur=11.606894878s, p50=10, p90=21, p99=504
q2_out_bufSize_1 stats (200 samples): dur=11.606891649s, p50=2600, p90=5176, p99=130866
nexmark_src_src counter: dur=10.008121487s, value=7689198, rate=48015.20451407366 per second
q2_out_sink counter: dur=10.007489149s, value=57822, rate=339.44578399462426 per second
q2_out_sink stats (3397 samples): dur=10.007494478s, p50=0, p90=1, p99=2
q2_out_bufEntry_1 stats (200 samples): dur=11.459399466s, p50=10, p90=20, p99=332
q2_out_bufSize_1 stats (200 samples): dur=11.459400045s, p50=2565, p90=5265, p99=85731
WaitAlignTime_0(ms) stats (200 samples): dur=22.74102565s, p50=0, p90=0, p99=0
createChkpt_1(ms) stats (200 samples): dur=22.740532408s, p50=2, p90=3, p99=28
nexmark_src_src counter: dur=10.005167572s, value=8169508, rate=48006.192454404605 per second
q2_out_sink counter: dur=10.007102371s, value=61253, rate=342.8564906003998 per second
q2_out_sink stats (3431 samples): dur=10.007094947s, p50=0, p90=1, p99=1
q2_out_bufEntry_1 stats (200 samples): dur=11.300328394s, p50=10, p90=19, p99=506
q2_out_bufSize_1 stats (200 samples): dur=11.300326869s, p50=2561, p90=5039, p99=130847
1 producer ended, map[] remain
exit due to ctrlMsg
createChkpt_1(ms) (159 samples): dur=18.094963478s, data=[1 1 1 1 2 2 4 2 2 5 6 2 1 1 1 1 13 2 1 1 2 1 1 2 2 1 1 2 1 2 2 2 2 1 1 20 23 1 2 1 1 1 1 1 1 1 1 1 34 1 1 2 2 1 1 2 1 1 1 1 1 1 1 2 1 1 1 1 1 1 1 1 1 13 1 1 1 1 1 1 1 1 2 1 1 1 4 28 6 1 1 1 1 1 1 1 1 1 1 1 1 2 2 1 1 1 1 22 1 1 1 1 2 1 1 1 1 2 1 1 1 16 1 1 1 1 1 1 1 1 1 1 1 1 2 1 1 1 1 1 1 1 1 1 1 1 1 1 1 1 2 1 1 6 5 1 2 1 1]
[1]duration: 180.022996 s, uts: 1709465930162
WaitAlignTime_0(ms) (159 samples): dur=18.099037608s, data=[0 0 0 0 0 0 0 0 0 0 0 0 0 0 0 0 0 0 0 0 0 0 0 0 0 0 0 0 0 0 0 0 0 0 0 0 0 0 0 0 0 0 0 0 0 0 0 0 0 0 0 0 0 0 0 0 0 0 0 0 0 0 0 0 0 0 0 0 0 0 0 0 0 0 0 0 0 0 0 0 0 0 0 0 0 0 0 0 0 0 0 0 0 0 0 0 0 0 0 0 0 0 0 0 0 0 0 0 0 0 0 0 0 0 0 0 0 0 0 0 0 0 0 0 0 0 0 0 0 0 0 0 0 0 0 0 0 0 0 0 0 0 0 0 0 0 0 0 0 0 0 0 0 0 0 0 0 0 0]
nexmark_src_src msgCnt 8641560, ctrlCnt 1560, epochCnt 0, logEntry 30202
sink msgCnt 65317, ctrlCnt 1560
