wait for last: true
warmup: 0
config: map[NodeConstraint:"1,2,3,4" NumInstance:4 OutputTopicName:["nexmark_src"] funcName:"source"]
config: map[InputTopicNames:["nexmark_src"] NodeConstraint:"5,6,7,8" NumInstance:4 NumSrcProducer:[1] OutputTopicName:["q1_out"] funcName:"query1"]
srcInvokeConfig: {TopicName:nexmark_src AppId:q1 NodeConstraint:1,2,3,4 ScaleEpoch:0 NumOutPartition:4 InstanceID:0 NumSrcInstance:4}
cliNodes: [0xc0000261e0]
inParamsMap: map[query1:[0xc000000be0 0xc000000c80 0xc000000d20 0xc000000dc0]]
configScaleInput: {Config:map[nexmark_src:4 q1_out:4 query1:4 source:4] AppId:q1 FuncNames:[source query1] ScaleEpoch:0 SerdeFormat:1 Bootstrap:false}
encoded json is {"sg":{"nexmark_src":4,"q1_out":4,"query1":4,"source":4},"aid":"q1","fns":["source","query1"],"epoch":1,"serdeFormat":1,"bs":true}, node constraint is 1
func source url is http://ip-172-31-6-120.us-east-2.compute.internal:8080/function/source
func source url is http://ip-172-31-6-120.us-east-2.compute.internal:8080/function/source
src instance: 4
func source url is http://ip-172-31-6-120.us-east-2.compute.internal:8080/function/source
func source url is http://ip-172-31-6-120.us-east-2.compute.internal:8080/function/source
encoded json is {"topic_name":"nexmark_src","rate_shape":"square","aid":"q1","events_num":46080000,"rate_period":10000000000,"bid_avg_size":100,"first_event_rate":256000,"next_event_rate":256000,"person_avg_size":200,"auction_avg_size":500,"duration":180,"person_proportion":1,"auction_proportion":3,"bid_proportion":46,"bid_hot_ratio_auctions":2,"bid_hot_ratio_bidders":4,"auction_hot_ratio_sellers":4,"flushms":10,"rate_limited":false,"waitEnd":true,"serde_format":1,"numOutPar":4,"parNum":1,"nSrcIns":4}, node constraint is 1,2,3,4
encoded json is {"topic_name":"nexmark_src","rate_shape":"square","aid":"q1","events_num":46080000,"rate_period":10000000000,"bid_avg_size":100,"first_event_rate":256000,"next_event_rate":256000,"person_avg_size":200,"auction_avg_size":500,"duration":180,"person_proportion":1,"auction_proportion":3,"bid_proportion":46,"bid_hot_ratio_auctions":2,"bid_hot_ratio_bidders":4,"auction_hot_ratio_sellers":4,"flushms":10,"rate_limited":false,"waitEnd":true,"serde_format":1,"numOutPar":4,"parNum":2,"nSrcIns":4}, node constraint is 1,2,3,4
encoded json is {"topic_name":"nexmark_src","rate_shape":"square","aid":"q1","events_num":46080000,"rate_period":10000000000,"bid_avg_size":100,"first_event_rate":256000,"next_event_rate":256000,"person_avg_size":200,"auction_avg_size":500,"duration":180,"person_proportion":1,"auction_proportion":3,"bid_proportion":46,"bid_hot_ratio_auctions":2,"bid_hot_ratio_bidders":4,"auction_hot_ratio_sellers":4,"flushms":10,"rate_limited":false,"waitEnd":true,"serde_format":1,"numOutPar":4,"nSrcIns":4}, node constraint is 1,2,3,4
encoded json is {"topic_name":"nexmark_src","rate_shape":"square","aid":"q1","events_num":46080000,"rate_period":10000000000,"bid_avg_size":100,"first_event_rate":256000,"next_event_rate":256000,"person_avg_size":200,"auction_avg_size":500,"duration":180,"person_proportion":1,"auction_proportion":3,"bid_proportion":46,"bid_hot_ratio_auctions":2,"bid_hot_ratio_bidders":4,"auction_hot_ratio_sellers":4,"flushms":10,"rate_limited":false,"waitEnd":true,"serde_format":1,"numOutPar":4,"parNum":3,"nSrcIns":4}, node constraint is 1,2,3,4
Waiting for all client to return
func name is query1
func url is http://ip-172-31-6-120.us-east-2.compute.internal:8080/function/query1
func name is query1
func url is http://ip-172-31-6-120.us-east-2.compute.internal:8080/function/query1
func name is query1
func url is http://ip-172-31-6-120.us-east-2.compute.internal:8080/function/query1
func name is query1
func url is http://ip-172-31-6-120.us-east-2.compute.internal:8080/function/query1
encoded json is {"aid":"q1","numOutPartition":"BA==","numSubstreamProducer":"AQ==","outputTopicName":["q1_out"],"inputTopicName":["nexmark_src"],"commEveryMs":10,"flushMs":10,"duration":180,"epoch":1,"waitEnd":true,"numInPartition":4,"ParNum":3,"gua":3,"serdeFormat":1}, node constraint is 5,6,7,8
encoded json is {"aid":"q1","numOutPartition":"BA==","numSubstreamProducer":"AQ==","outputTopicName":["q1_out"],"inputTopicName":["nexmark_src"],"commEveryMs":10,"flushMs":10,"duration":180,"epoch":1,"waitEnd":true,"numInPartition":4,"gua":3,"serdeFormat":1}, node constraint is 5,6,7,8
encoded json is {"aid":"q1","numOutPartition":"BA==","numSubstreamProducer":"AQ==","outputTopicName":["q1_out"],"inputTopicName":["nexmark_src"],"commEveryMs":10,"flushMs":10,"duration":180,"epoch":1,"waitEnd":true,"numInPartition":4,"ParNum":1,"gua":3,"serdeFormat":1}, node constraint is 5,6,7,8
encoded json is {"aid":"q1","numOutPartition":"BA==","numSubstreamProducer":"AQ==","outputTopicName":["q1_out"],"inputTopicName":["nexmark_src"],"commEveryMs":10,"flushMs":10,"duration":180,"epoch":1,"waitEnd":true,"numInPartition":4,"ParNum":2,"gua":3,"serdeFormat":1}, node constraint is 5,6,7,8
source-1 invoke done
source-0 invoke done
source-3 invoke done
source-2 invoke done
query1-2 call done
query1-0 call done
query1-3 call done
query1-1 call done
sink processed: 11520001, throughput: (event/s) 63999.459346480915
sink_ctrl processed: 1, throughput: (event/s) 0.005555508141577498
source-0 duration: 180.001536226

sink processed: 11520001, throughput: (event/s) 63999.13237059324
sink_ctrl processed: 1, throughput: (event/s) 0.005555479758256378
source-1 duration: 180.002455866

sink processed: 11520001, throughput: (event/s) 63999.110457596784
sink_ctrl processed: 1, throughput: (event/s) 0.0055554778560867124
source-2 duration: 180.002517498

sink processed: 11519972, throughput: (event/s) 63998.873461002826
sink_ctrl processed: 1, throughput: (event/s) 0.005555471268593607
source-3 duration: 180.002730939

sink processed 46079975 events, duration: 180.002730939, tp: 255995.977170
sink_ctrl processed 4 events, duration: 180.002730939, tp: 0.022222

eventTimeLatency_sink, p50: 8 ms, p90: 12 ms, p99: 16 ms
nexmark_src_src_epoch processed: 0, throughput: (event/s) 0
nexmark_src_src_logEntry processed: 30378, throughput: (event/s) 168.63454039502662
sink processed: 10598400, throughput: (event/s) 58833.90324980743
nexmark_src_src processed: 11520001, throughput: (event/s) 63949.900387953356
nexmark_src_src_ctrl processed: 1, throughput: (event/s) 0.005551206149023195
nexmark_src_src_data processed: 11520000, throughput: (event/s) 63949.894836747204
query1-0 duration: 180.141031184

eventTimeLatency_sink, p50: 8 ms, p90: 12 ms, p99: 16 ms
nexmark_src_src processed: 11520001, throughput: (event/s) 63949.71382973594
nexmark_src_src_ctrl processed: 1, throughput: (event/s) 0.005551189954734895
nexmark_src_src_data processed: 11520000, throughput: (event/s) 63949.708278545986
nexmark_src_src_epoch processed: 0, throughput: (event/s) 0
nexmark_src_src_logEntry processed: 30424, throughput: (event/s) 168.88940318285444
sink processed: 10598400, throughput: (event/s) 58833.73161626231
query1-1 duration: 180.141556703

eventTimeLatency_sink, p50: 9 ms, p90: 12 ms, p99: 16 ms
nexmark_src_src_ctrl processed: 1, throughput: (event/s) 0.005550929796606877
nexmark_src_src_data processed: 11520000, throughput: (event/s) 63946.71125691122
nexmark_src_src_epoch processed: 0, throughput: (event/s) 0
nexmark_src_src_logEntry processed: 30267, throughput: (event/s) 168.00999215390036
sink processed: 10598400, throughput: (event/s) 58830.974356358325
nexmark_src_src processed: 11520001, throughput: (event/s) 63946.71680784102
query1-2 duration: 180.149999485

eventTimeLatency_sink, p50: 10 ms, p90: 13 ms, p99: 18 ms
nexmark_src_src processed: 11519972, throughput: (event/s) 63944.91838271634
nexmark_src_src_ctrl processed: 1, throughput: (event/s) 0.005550787656664126
nexmark_src_src_data processed: 11519971, throughput: (event/s) 63944.91283192868
nexmark_src_src_epoch processed: 0, throughput: (event/s) 0
nexmark_src_src_logEntry processed: 30433, throughput: (event/s) 168.92712075525932
sink processed: 10598373, throughput: (event/s) 58829.31802912234
query1-3 duration: 180.154612616

nexmark_src_src processed 46079975 events, duration: 180.154612616
nexmark_src_src_ctrl processed 4 events, duration: 180.154612616
nexmark_src_src_data processed 46079971 events, duration: 180.154612616
nexmark_src_src_epoch processed 0 events, duration: 180.154612616
nexmark_src_src_logEntry processed 121502 events, duration: 180.154612616
sink processed 42393573 events, duration: 180.154612616

