wait for last: true, sink max_buf_size: 131072
warmup: 0
config: map[NodeConstraint:"1,2,3,4" NumInstance:16 OutputTopicName:["nexmark_src"] funcName:"source"]
config: map[InputTopicNames:["nexmark_src"] NodeConstraint:"5,6,7,8" NumInstance:16 NumSrcProducer:[1] OutputTopicName:["q8_aucsBySellerID_out","q8_personsByID_out"] funcName:"q8GroupBy"]
config: map[Final:true InputTopicNames:["q8_aucsBySellerID_out","q8_personsByID_out"] NodeConstraint:"5,6,7,8" NumInstance:16 NumSrcProducer:[16,16] OutputTopicName:["q8_out"] funcName:"q8JoinStream"]
srcInvokeConfig: &{FinalTpNames:[q8_out] TopicName:nexmark_src AppId:q8 NodeConstraint:1,2,3,4 AdditionalBytes:0 ScaleEpoch:0 NumOutPartition:16 InstanceID:0 NumSrcInstance:16}
cliNodes: [0xc0000261c0 0xc000026200]
inParamsMap: map[q8GroupBy:[0xc00007eaa0 0xc00007eb40 0xc00007ebe0 0xc00007ec80 0xc00007ed20 0xc00007edc0 0xc00007ee60 0xc00007ef00 0xc00007efa0 0xc00007f040 0xc00007f0e0 0xc00007f180 0xc00007f220 0xc00007f2c0 0xc00007f360 0xc00007f400] q8JoinStream:[0xc00007f4a0 0xc00007f540 0xc00007f5e0 0xc00007f680 0xc00007f720 0xc00007f7c0 0xc00007f860 0xc00007f900 0xc00007f9a0 0xc00007fa40 0xc00007fae0 0xc00007fb80 0xc00007fc20 0xc00007fcc0 0xc00007fd60 0xc00007fe00]]
configScaleInput: &{Config:map[changelog:16 nexmark_src:16 q8GroupBy:16 q8JoinStream:16 q8_aucsBySellerID_out:16 q8_out:16 q8_personsByID_out:16 source:16] AppId:q8 FuncNames:[source q8GroupBy q8JoinStream] BufMaxSize:131072 ScaleEpoch:0 SerdeFormat:1 Bootstrap:false}
encoded json is {"sg":{"changelog":16,"nexmark_src":16,"q8GroupBy":16,"q8JoinStream":16,"q8_aucsBySellerID_out":16,"q8_out":16,"q8_personsByID_out":16,"source":16},"aid":"q8","fns":["source","q8GroupBy","q8JoinStream"],"bufMaxSize":131072,"epoch":1,"serdeFormat":1,"bs":true}, node constraint is 1
encoded json is {"outTpNames":["q8_out"]}, node constraint is 1
redis_setup url is http://ip-172-31-13-145.us-east-2.compute.internal:8080/function/redisSetup
encoded json is {"srcTpName":"nexmark_src","outTpNames":["q8_out"],"numOutParts":"EA==","chkptEveryMs":100,"bufMaxSize":131072,"srcNumPart":16,"gua":4,"serde_format":1}, node constraint is 1
chkptmngr url is http://ip-172-31-13-145.us-east-2.compute.internal:8080/function/chkptmngr
func source url is http://ip-172-31-13-145.us-east-2.compute.internal:8080/function/source
func source url is http://ip-172-31-13-145.us-east-2.compute.internal:8080/function/source
func source url is http://ip-172-31-13-145.us-east-2.compute.internal:8080/function/source
func source url is http://ip-172-31-13-145.us-east-2.compute.internal:8080/function/source
func source url is http://ip-172-31-13-145.us-east-2.compute.internal:8080/function/source
func source url is http://ip-172-31-13-145.us-east-2.compute.internal:8080/function/source
func source url is http://ip-172-31-13-145.us-east-2.compute.internal:8080/function/source
func source url is http://ip-172-31-13-145.us-east-2.compute.internal:8080/function/source
src instance: 16
encoded json is {"topic_name":"nexmark_src","rate_shape":"square","aid":"q8","events_num":20160000,"rate_period":10000000000,"finOutTpNs":["q8_out"],"first_event_rate":112000,"next_event_rate":112000,"bid_avg_size":100,"person_avg_size":200,"auction_avg_size":500,"duration":180,"person_proportion":1,"auction_proportion":3,"bid_proportion":46,"bid_hot_ratio_auctions":2,"bid_hot_ratio_bidders":4,"auction_hot_ratio_sellers":4,"flushms":100,"bufMaxSize":131072,"commEveryMs":100,"rate_limited":false,"waitEnd":true,"serde_format":1,"numOutPar":16,"parNum":10,"nSrcIns":16,"gua":4}, node constraint is 1,2,3,4
func source url is http://ip-172-31-13-145.us-east-2.compute.internal:8080/function/source
encoded json is {"topic_name":"nexmark_src","rate_shape":"square","aid":"q8","events_num":20160000,"rate_period":10000000000,"finOutTpNs":["q8_out"],"first_event_rate":112000,"next_event_rate":112000,"bid_avg_size":100,"person_avg_size":200,"auction_avg_size":500,"duration":180,"person_proportion":1,"auction_proportion":3,"bid_proportion":46,"bid_hot_ratio_auctions":2,"bid_hot_ratio_bidders":4,"auction_hot_ratio_sellers":4,"flushms":100,"bufMaxSize":131072,"commEveryMs":100,"rate_limited":false,"waitEnd":true,"serde_format":1,"numOutPar":16,"parNum":13,"nSrcIns":16,"gua":4}, node constraint is 1,2,3,4
encoded json is {"topic_name":"nexmark_src","rate_shape":"square","aid":"q8","events_num":20160000,"rate_period":10000000000,"finOutTpNs":["q8_out"],"first_event_rate":112000,"next_event_rate":112000,"bid_avg_size":100,"person_avg_size":200,"auction_avg_size":500,"duration":180,"person_proportion":1,"auction_proportion":3,"bid_proportion":46,"bid_hot_ratio_auctions":2,"bid_hot_ratio_bidders":4,"auction_hot_ratio_sellers":4,"flushms":100,"bufMaxSize":131072,"commEveryMs":100,"rate_limited":false,"waitEnd":true,"serde_format":1,"numOutPar":16,"parNum":7,"nSrcIns":16,"gua":4}, node constraint is 1,2,3,4
encoded json is {"topic_name":"nexmark_src","rate_shape":"square","aid":"q8","events_num":20160000,"rate_period":10000000000,"finOutTpNs":["q8_out"],"first_event_rate":112000,"next_event_rate":112000,"bid_avg_size":100,"person_avg_size":200,"auction_avg_size":500,"duration":180,"person_proportion":1,"auction_proportion":3,"bid_proportion":46,"bid_hot_ratio_auctions":2,"bid_hot_ratio_bidders":4,"auction_hot_ratio_sellers":4,"flushms":100,"bufMaxSize":131072,"commEveryMs":100,"rate_limited":false,"waitEnd":true,"serde_format":1,"numOutPar":16,"nSrcIns":16,"gua":4}, node constraint is 1,2,3,4
func source url is http://ip-172-31-13-145.us-east-2.compute.internal:8080/function/source
func source url is http://ip-172-31-13-145.us-east-2.compute.internal:8080/function/source
encoded json is {"topic_name":"nexmark_src","rate_shape":"square","aid":"q8","events_num":20160000,"rate_period":10000000000,"finOutTpNs":["q8_out"],"first_event_rate":112000,"next_event_rate":112000,"bid_avg_size":100,"person_avg_size":200,"auction_avg_size":500,"duration":180,"person_proportion":1,"auction_proportion":3,"bid_proportion":46,"bid_hot_ratio_auctions":2,"bid_hot_ratio_bidders":4,"auction_hot_ratio_sellers":4,"flushms":100,"bufMaxSize":131072,"commEveryMs":100,"rate_limited":false,"waitEnd":true,"serde_format":1,"numOutPar":16,"parNum":1,"nSrcIns":16,"gua":4}, node constraint is 1,2,3,4
encoded json is {"topic_name":"nexmark_src","rate_shape":"square","aid":"q8","events_num":20160000,"rate_period":10000000000,"finOutTpNs":["q8_out"],"first_event_rate":112000,"next_event_rate":112000,"bid_avg_size":100,"person_avg_size":200,"auction_avg_size":500,"duration":180,"person_proportion":1,"auction_proportion":3,"bid_proportion":46,"bid_hot_ratio_auctions":2,"bid_hot_ratio_bidders":4,"auction_hot_ratio_sellers":4,"flushms":100,"bufMaxSize":131072,"commEveryMs":100,"rate_limited":false,"waitEnd":true,"serde_format":1,"numOutPar":16,"parNum":4,"nSrcIns":16,"gua":4}, node constraint is 1,2,3,4
encoded json is {"topic_name":"nexmark_src","rate_shape":"square","aid":"q8","events_num":20160000,"rate_period":10000000000,"finOutTpNs":["q8_out"],"first_event_rate":112000,"next_event_rate":112000,"bid_avg_size":100,"person_avg_size":200,"auction_avg_size":500,"duration":180,"person_proportion":1,"auction_proportion":3,"bid_proportion":46,"bid_hot_ratio_auctions":2,"bid_hot_ratio_bidders":4,"auction_hot_ratio_sellers":4,"flushms":100,"bufMaxSize":131072,"commEveryMs":100,"rate_limited":false,"waitEnd":true,"serde_format":1,"numOutPar":16,"parNum":9,"nSrcIns":16,"gua":4}, node constraint is 1,2,3,4
encoded json is {"topic_name":"nexmark_src","rate_shape":"square","aid":"q8","events_num":20160000,"rate_period":10000000000,"finOutTpNs":["q8_out"],"first_event_rate":112000,"next_event_rate":112000,"bid_avg_size":100,"person_avg_size":200,"auction_avg_size":500,"duration":180,"person_proportion":1,"auction_proportion":3,"bid_proportion":46,"bid_hot_ratio_auctions":2,"bid_hot_ratio_bidders":4,"auction_hot_ratio_sellers":4,"flushms":100,"bufMaxSize":131072,"commEveryMs":100,"rate_limited":false,"waitEnd":true,"serde_format":1,"numOutPar":16,"parNum":15,"nSrcIns":16,"gua":4}, node constraint is 1,2,3,4
func source url is http://ip-172-31-13-145.us-east-2.compute.internal:8080/function/source
encoded json is {"topic_name":"nexmark_src","rate_shape":"square","aid":"q8","events_num":20160000,"rate_period":10000000000,"finOutTpNs":["q8_out"],"first_event_rate":112000,"next_event_rate":112000,"bid_avg_size":100,"person_avg_size":200,"auction_avg_size":500,"duration":180,"person_proportion":1,"auction_proportion":3,"bid_proportion":46,"bid_hot_ratio_auctions":2,"bid_hot_ratio_bidders":4,"auction_hot_ratio_sellers":4,"flushms":100,"bufMaxSize":131072,"commEveryMs":100,"rate_limited":false,"waitEnd":true,"serde_format":1,"numOutPar":16,"parNum":12,"nSrcIns":16,"gua":4}, node constraint is 1,2,3,4
encoded json is {"topic_name":"nexmark_src","rate_shape":"square","aid":"q8","events_num":20160000,"rate_period":10000000000,"finOutTpNs":["q8_out"],"first_event_rate":112000,"next_event_rate":112000,"bid_avg_size":100,"person_avg_size":200,"auction_avg_size":500,"duration":180,"person_proportion":1,"auction_proportion":3,"bid_proportion":46,"bid_hot_ratio_auctions":2,"bid_hot_ratio_bidders":4,"auction_hot_ratio_sellers":4,"flushms":100,"bufMaxSize":131072,"commEveryMs":100,"rate_limited":false,"waitEnd":true,"serde_format":1,"numOutPar":16,"parNum":5,"nSrcIns":16,"gua":4}, node constraint is 1,2,3,4
func source url is http://ip-172-31-13-145.us-east-2.compute.internal:8080/function/source
encoded json is {"topic_name":"nexmark_src","rate_shape":"square","aid":"q8","events_num":20160000,"rate_period":10000000000,"finOutTpNs":["q8_out"],"first_event_rate":112000,"next_event_rate":112000,"bid_avg_size":100,"person_avg_size":200,"auction_avg_size":500,"duration":180,"person_proportion":1,"auction_proportion":3,"bid_proportion":46,"bid_hot_ratio_auctions":2,"bid_hot_ratio_bidders":4,"auction_hot_ratio_sellers":4,"flushms":100,"bufMaxSize":131072,"commEveryMs":100,"rate_limited":false,"waitEnd":true,"serde_format":1,"numOutPar":16,"parNum":3,"nSrcIns":16,"gua":4}, node constraint is 1,2,3,4
func source url is http://ip-172-31-13-145.us-east-2.compute.internal:8080/function/source
encoded json is {"topic_name":"nexmark_src","rate_shape":"square","aid":"q8","events_num":20160000,"rate_period":10000000000,"finOutTpNs":["q8_out"],"first_event_rate":112000,"next_event_rate":112000,"bid_avg_size":100,"person_avg_size":200,"auction_avg_size":500,"duration":180,"person_proportion":1,"auction_proportion":3,"bid_proportion":46,"bid_hot_ratio_auctions":2,"bid_hot_ratio_bidders":4,"auction_hot_ratio_sellers":4,"flushms":100,"bufMaxSize":131072,"commEveryMs":100,"rate_limited":false,"waitEnd":true,"serde_format":1,"numOutPar":16,"parNum":6,"nSrcIns":16,"gua":4}, node constraint is 1,2,3,4
encoded json is {"topic_name":"nexmark_src","rate_shape":"square","aid":"q8","events_num":20160000,"rate_period":10000000000,"finOutTpNs":["q8_out"],"first_event_rate":112000,"next_event_rate":112000,"bid_avg_size":100,"person_avg_size":200,"auction_avg_size":500,"duration":180,"person_proportion":1,"auction_proportion":3,"bid_proportion":46,"bid_hot_ratio_auctions":2,"bid_hot_ratio_bidders":4,"auction_hot_ratio_sellers":4,"flushms":100,"bufMaxSize":131072,"commEveryMs":100,"rate_limited":false,"waitEnd":true,"serde_format":1,"numOutPar":16,"parNum":11,"nSrcIns":16,"gua":4}, node constraint is 1,2,3,4
encoded json is {"topic_name":"nexmark_src","rate_shape":"square","aid":"q8","events_num":20160000,"rate_period":10000000000,"finOutTpNs":["q8_out"],"first_event_rate":112000,"next_event_rate":112000,"bid_avg_size":100,"person_avg_size":200,"auction_avg_size":500,"duration":180,"person_proportion":1,"auction_proportion":3,"bid_proportion":46,"bid_hot_ratio_auctions":2,"bid_hot_ratio_bidders":4,"auction_hot_ratio_sellers":4,"flushms":100,"bufMaxSize":131072,"commEveryMs":100,"rate_limited":false,"waitEnd":true,"serde_format":1,"numOutPar":16,"parNum":8,"nSrcIns":16,"gua":4}, node constraint is 1,2,3,4
func source url is http://ip-172-31-13-145.us-east-2.compute.internal:8080/function/source
encoded json is {"topic_name":"nexmark_src","rate_shape":"square","aid":"q8","events_num":20160000,"rate_period":10000000000,"finOutTpNs":["q8_out"],"first_event_rate":112000,"next_event_rate":112000,"bid_avg_size":100,"person_avg_size":200,"auction_avg_size":500,"duration":180,"person_proportion":1,"auction_proportion":3,"bid_proportion":46,"bid_hot_ratio_auctions":2,"bid_hot_ratio_bidders":4,"auction_hot_ratio_sellers":4,"flushms":100,"bufMaxSize":131072,"commEveryMs":100,"rate_limited":false,"waitEnd":true,"serde_format":1,"numOutPar":16,"parNum":2,"nSrcIns":16,"gua":4}, node constraint is 1,2,3,4
func source url is http://ip-172-31-13-145.us-east-2.compute.internal:8080/function/source
encoded json is {"topic_name":"nexmark_src","rate_shape":"square","aid":"q8","events_num":20160000,"rate_period":10000000000,"finOutTpNs":["q8_out"],"first_event_rate":112000,"next_event_rate":112000,"bid_avg_size":100,"person_avg_size":200,"auction_avg_size":500,"duration":180,"person_proportion":1,"auction_proportion":3,"bid_proportion":46,"bid_hot_ratio_auctions":2,"bid_hot_ratio_bidders":4,"auction_hot_ratio_sellers":4,"flushms":100,"bufMaxSize":131072,"commEveryMs":100,"rate_limited":false,"waitEnd":true,"serde_format":1,"numOutPar":16,"parNum":14,"nSrcIns":16,"gua":4}, node constraint is 1,2,3,4
encoded json is {"aid":"q8","numOutPartition":"EBA=","numSubstreamProducer":"AQ==","outputTopicName":["q8_aucsBySellerID_out","q8_personsByID_out"],"inputTopicName":["nexmark_src"],"commEveryMs":100,"flushMs":100,"snapEveryS":10,"duration":180,"bufMaxSize":131072,"epoch":1,"waitEnd":true,"numChangelogPartition":16,"numInPartition":16,"ParNum":1,"gua":4,"serdeFormat":1}, node constraint is 5,6,7,8
encoded json is {"aid":"q8","numOutPartition":"EBA=","numSubstreamProducer":"AQ==","outputTopicName":["q8_aucsBySellerID_out","q8_personsByID_out"],"inputTopicName":["nexmark_src"],"commEveryMs":100,"flushMs":100,"snapEveryS":10,"duration":180,"bufMaxSize":131072,"epoch":1,"waitEnd":true,"numChangelogPartition":16,"numInPartition":16,"ParNum":7,"gua":4,"serdeFormat":1}, node constraint is 5,6,7,8
encoded json is {"aid":"q8","numOutPartition":"EA==","numSubstreamProducer":"EBA=","outputTopicName":["q8_out"],"inputTopicName":["q8_aucsBySellerID_out","q8_personsByID_out"],"commEveryMs":100,"flushMs":100,"snapEveryS":10,"duration":180,"bufMaxSize":131072,"epoch":1,"waitEnd":true,"numChangelogPartition":16,"numInPartition":16,"ParNum":15,"gua":4,"serdeFormat":1}, node constraint is 5,6,7,8
encoded json is {"aid":"q8","numOutPartition":"EBA=","numSubstreamProducer":"AQ==","outputTopicName":["q8_aucsBySellerID_out","q8_personsByID_out"],"inputTopicName":["nexmark_src"],"commEveryMs":100,"flushMs":100,"snapEveryS":10,"duration":180,"bufMaxSize":131072,"epoch":1,"waitEnd":true,"numChangelogPartition":16,"numInPartition":16,"ParNum":8,"gua":4,"serdeFormat":1}, node constraint is 5,6,7,8
encoded json is {"aid":"q8","numOutPartition":"EBA=","numSubstreamProducer":"AQ==","outputTopicName":["q8_aucsBySellerID_out","q8_personsByID_out"],"inputTopicName":["nexmark_src"],"commEveryMs":100,"flushMs":100,"snapEveryS":10,"duration":180,"bufMaxSize":131072,"epoch":1,"waitEnd":true,"numChangelogPartition":16,"numInPartition":16,"ParNum":13,"gua":4,"serdeFormat":1}, node constraint is 5,6,7,8
encoded json is {"aid":"q8","numOutPartition":"EBA=","numSubstreamProducer":"AQ==","outputTopicName":["q8_aucsBySellerID_out","q8_personsByID_out"],"inputTopicName":["nexmark_src"],"commEveryMs":100,"flushMs":100,"snapEveryS":10,"duration":180,"bufMaxSize":131072,"epoch":1,"waitEnd":true,"numChangelogPartition":16,"numInPartition":16,"ParNum":9,"gua":4,"serdeFormat":1}, node constraint is 5,6,7,8
encoded json is {"aid":"q8","numOutPartition":"EBA=","numSubstreamProducer":"AQ==","outputTopicName":["q8_aucsBySellerID_out","q8_personsByID_out"],"inputTopicName":["nexmark_src"],"commEveryMs":100,"flushMs":100,"snapEveryS":10,"duration":180,"bufMaxSize":131072,"epoch":1,"waitEnd":true,"numChangelogPartition":16,"numInPartition":16,"ParNum":10,"gua":4,"serdeFormat":1}, node constraint is 5,6,7,8
encoded json is {"aid":"q8","numOutPartition":"EBA=","numSubstreamProducer":"AQ==","outputTopicName":["q8_aucsBySellerID_out","q8_personsByID_out"],"inputTopicName":["nexmark_src"],"commEveryMs":100,"flushMs":100,"snapEveryS":10,"duration":180,"bufMaxSize":131072,"epoch":1,"waitEnd":true,"numChangelogPartition":16,"numInPartition":16,"ParNum":14,"gua":4,"serdeFormat":1}, node constraint is 5,6,7,8
encoded json is {"aid":"q8","numOutPartition":"EBA=","numSubstreamProducer":"AQ==","outputTopicName":["q8_aucsBySellerID_out","q8_personsByID_out"],"inputTopicName":["nexmark_src"],"commEveryMs":100,"flushMs":100,"snapEveryS":10,"duration":180,"bufMaxSize":131072,"epoch":1,"waitEnd":true,"numChangelogPartition":16,"numInPartition":16,"ParNum":11,"gua":4,"serdeFormat":1}, node constraint is 5,6,7,8
encoded json is {"aid":"q8","numOutPartition":"EBA=","numSubstreamProducer":"AQ==","outputTopicName":["q8_aucsBySellerID_out","q8_personsByID_out"],"inputTopicName":["nexmark_src"],"commEveryMs":100,"flushMs":100,"snapEveryS":10,"duration":180,"bufMaxSize":131072,"epoch":1,"waitEnd":true,"numChangelogPartition":16,"numInPartition":16,"ParNum":15,"gua":4,"serdeFormat":1}, node constraint is 5,6,7,8
encoded json is {"aid":"q8","numOutPartition":"EBA=","numSubstreamProducer":"AQ==","outputTopicName":["q8_aucsBySellerID_out","q8_personsByID_out"],"inputTopicName":["nexmark_src"],"commEveryMs":100,"flushMs":100,"snapEveryS":10,"duration":180,"bufMaxSize":131072,"epoch":1,"waitEnd":true,"numChangelogPartition":16,"numInPartition":16,"gua":4,"serdeFormat":1}, node constraint is 5,6,7,8
encoded json is {"aid":"q8","numOutPartition":"EA==","numSubstreamProducer":"EBA=","outputTopicName":["q8_out"],"inputTopicName":["q8_aucsBySellerID_out","q8_personsByID_out"],"commEveryMs":100,"flushMs":100,"snapEveryS":10,"duration":180,"bufMaxSize":131072,"epoch":1,"waitEnd":true,"numChangelogPartition":16,"numInPartition":16,"gua":4,"serdeFormat":1}, node constraint is 5,6,7,8
encoded json is {"aid":"q8","numOutPartition":"EA==","numSubstreamProducer":"EBA=","outputTopicName":["q8_out"],"inputTopicName":["q8_aucsBySellerID_out","q8_personsByID_out"],"commEveryMs":100,"flushMs":100,"snapEveryS":10,"duration":180,"bufMaxSize":131072,"epoch":1,"waitEnd":true,"numChangelogPartition":16,"numInPartition":16,"ParNum":8,"gua":4,"serdeFormat":1}, node constraint is 5,6,7,8
encoded json is {"aid":"q8","numOutPartition":"EBA=","numSubstreamProducer":"AQ==","outputTopicName":["q8_aucsBySellerID_out","q8_personsByID_out"],"inputTopicName":["nexmark_src"],"commEveryMs":100,"flushMs":100,"snapEveryS":10,"duration":180,"bufMaxSize":131072,"epoch":1,"waitEnd":true,"numChangelogPartition":16,"numInPartition":16,"ParNum":12,"gua":4,"serdeFormat":1}, node constraint is 5,6,7,8
func name is q8GroupBy
func url is http://ip-172-31-13-145.us-east-2.compute.internal:8080/function/q8GroupBy
func name is q8GroupBy
func url is http://ip-172-31-13-145.us-east-2.compute.internal:8080/function/q8GroupBy
func name is q8GroupBy
func url is http://ip-172-31-13-145.us-east-2.compute.internal:8080/function/q8GroupBy
func name is q8GroupBy
func url is http://ip-172-31-13-145.us-east-2.compute.internal:8080/function/q8GroupBy
func name is q8GroupBy
func url is http://ip-172-31-13-145.us-east-2.compute.internal:8080/function/q8GroupBy
func name is q8GroupBy
func url is http://ip-172-31-13-145.us-east-2.compute.internal:8080/function/q8GroupBy
func name is q8GroupBy
func url is http://ip-172-31-13-145.us-east-2.compute.internal:8080/function/q8GroupBy
Waiting for all client to return
func name is q8GroupBy
func url is http://ip-172-31-13-145.us-east-2.compute.internal:8080/function/q8GroupBy
func name is q8JoinStream
func url is http://ip-172-31-13-145.us-east-2.compute.internal:8080/function/q8JoinStream
func name is q8GroupBy
func name is q8GroupBy
func url is http://ip-172-31-13-145.us-east-2.compute.internal:8080/function/q8GroupBy
func url is http://ip-172-31-13-145.us-east-2.compute.internal:8080/function/q8GroupBy
func name is q8GroupBy
func url is http://ip-172-31-13-145.us-east-2.compute.internal:8080/function/q8GroupBy
func name is q8GroupBy
func url is http://ip-172-31-13-145.us-east-2.compute.internal:8080/function/q8GroupBy
func name is q8GroupBy
func url is http://ip-172-31-13-145.us-east-2.compute.internal:8080/function/q8GroupBy
func name is q8GroupBy
func url is http://ip-172-31-13-145.us-east-2.compute.internal:8080/function/q8GroupBy
func name is q8GroupBy
func url is http://ip-172-31-13-145.us-east-2.compute.internal:8080/function/q8GroupBy
func name is q8GroupBy
func url is http://ip-172-31-13-145.us-east-2.compute.internal:8080/function/q8GroupBy
func name is q8JoinStream
func url is http://ip-172-31-13-145.us-east-2.compute.internal:8080/function/q8JoinStream
func name is q8JoinStream
func url is http://ip-172-31-13-145.us-east-2.compute.internal:8080/function/q8JoinStream
func name is q8JoinStream
func url is http://ip-172-31-13-145.us-east-2.compute.internal:8080/function/q8JoinStream
encoded json is {"aid":"q8","numOutPartition":"EA==","numSubstreamProducer":"EBA=","outputTopicName":["q8_out"],"inputTopicName":["q8_aucsBySellerID_out","q8_personsByID_out"],"commEveryMs":100,"flushMs":100,"snapEveryS":10,"duration":180,"bufMaxSize":131072,"epoch":1,"waitEnd":true,"numChangelogPartition":16,"numInPartition":16,"ParNum":1,"gua":4,"serdeFormat":1}, node constraint is 5,6,7,8
encoded json is {"aid":"q8","numOutPartition":"EBA=","numSubstreamProducer":"AQ==","outputTopicName":["q8_aucsBySellerID_out","q8_personsByID_out"],"inputTopicName":["nexmark_src"],"commEveryMs":100,"flushMs":100,"snapEveryS":10,"duration":180,"bufMaxSize":131072,"epoch":1,"waitEnd":true,"numChangelogPartition":16,"numInPartition":16,"ParNum":2,"gua":4,"serdeFormat":1}, node constraint is 5,6,7,8
func name is q8JoinStream
func url is http://ip-172-31-13-145.us-east-2.compute.internal:8080/function/q8JoinStream
func name is q8JoinStream
encoded json is {"aid":"q8","numOutPartition":"EBA=","numSubstreamProducer":"AQ==","outputTopicName":["q8_aucsBySellerID_out","q8_personsByID_out"],"inputTopicName":["nexmark_src"],"commEveryMs":100,"flushMs":100,"snapEveryS":10,"duration":180,"bufMaxSize":131072,"epoch":1,"waitEnd":true,"numChangelogPartition":16,"numInPartition":16,"ParNum":3,"gua":4,"serdeFormat":1}, node constraint is 5,6,7,8
encoded json is {"aid":"q8","numOutPartition":"EA==","numSubstreamProducer":"EBA=","outputTopicName":["q8_out"],"inputTopicName":["q8_aucsBySellerID_out","q8_personsByID_out"],"commEveryMs":100,"flushMs":100,"snapEveryS":10,"duration":180,"bufMaxSize":131072,"epoch":1,"waitEnd":true,"numChangelogPartition":16,"numInPartition":16,"ParNum":2,"gua":4,"serdeFormat":1}, node constraint is 5,6,7,8
encoded json is {"aid":"q8","numOutPartition":"EA==","numSubstreamProducer":"EBA=","outputTopicName":["q8_out"],"inputTopicName":["q8_aucsBySellerID_out","q8_personsByID_out"],"commEveryMs":100,"flushMs":100,"snapEveryS":10,"duration":180,"bufMaxSize":131072,"epoch":1,"waitEnd":true,"numChangelogPartition":16,"numInPartition":16,"ParNum":9,"gua":4,"serdeFormat":1}, node constraint is 5,6,7,8
encoded json is {"aid":"q8","numOutPartition":"EBA=","numSubstreamProducer":"AQ==","outputTopicName":["q8_aucsBySellerID_out","q8_personsByID_out"],"inputTopicName":["nexmark_src"],"commEveryMs":100,"flushMs":100,"snapEveryS":10,"duration":180,"bufMaxSize":131072,"epoch":1,"waitEnd":true,"numChangelogPartition":16,"numInPartition":16,"ParNum":4,"gua":4,"serdeFormat":1}, node constraint is 5,6,7,8
encoded json is {"aid":"q8","numOutPartition":"EA==","numSubstreamProducer":"EBA=","outputTopicName":["q8_out"],"inputTopicName":["q8_aucsBySellerID_out","q8_personsByID_out"],"commEveryMs":100,"flushMs":100,"snapEveryS":10,"duration":180,"bufMaxSize":131072,"epoch":1,"waitEnd":true,"numChangelogPartition":16,"numInPartition":16,"ParNum":3,"gua":4,"serdeFormat":1}, node constraint is 5,6,7,8
encoded json is {"aid":"q8","numOutPartition":"EA==","numSubstreamProducer":"EBA=","outputTopicName":["q8_out"],"inputTopicName":["q8_aucsBySellerID_out","q8_personsByID_out"],"commEveryMs":100,"flushMs":100,"snapEveryS":10,"duration":180,"bufMaxSize":131072,"epoch":1,"waitEnd":true,"numChangelogPartition":16,"numInPartition":16,"ParNum":10,"gua":4,"serdeFormat":1}, node constraint is 5,6,7,8
encoded json is {"aid":"q8","numOutPartition":"EBA=","numSubstreamProducer":"AQ==","outputTopicName":["q8_aucsBySellerID_out","q8_personsByID_out"],"inputTopicName":["nexmark_src"],"commEveryMs":100,"flushMs":100,"snapEveryS":10,"duration":180,"bufMaxSize":131072,"epoch":1,"waitEnd":true,"numChangelogPartition":16,"numInPartition":16,"ParNum":5,"gua":4,"serdeFormat":1}, node constraint is 5,6,7,8
encoded json is {"aid":"q8","numOutPartition":"EA==","numSubstreamProducer":"EBA=","outputTopicName":["q8_out"],"inputTopicName":["q8_aucsBySellerID_out","q8_personsByID_out"],"commEveryMs":100,"flushMs":100,"snapEveryS":10,"duration":180,"bufMaxSize":131072,"epoch":1,"waitEnd":true,"numChangelogPartition":16,"numInPartition":16,"ParNum":4,"gua":4,"serdeFormat":1}, node constraint is 5,6,7,8
encoded json is {"aid":"q8","numOutPartition":"EBA=","numSubstreamProducer":"AQ==","outputTopicName":["q8_aucsBySellerID_out","q8_personsByID_out"],"inputTopicName":["nexmark_src"],"commEveryMs":100,"flushMs":100,"snapEveryS":10,"duration":180,"bufMaxSize":131072,"epoch":1,"waitEnd":true,"numChangelogPartition":16,"numInPartition":16,"ParNum":6,"gua":4,"serdeFormat":1}, node constraint is 5,6,7,8
encoded json is {"aid":"q8","numOutPartition":"EA==","numSubstreamProducer":"EBA=","outputTopicName":["q8_out"],"inputTopicName":["q8_aucsBySellerID_out","q8_personsByID_out"],"commEveryMs":100,"flushMs":100,"snapEveryS":10,"duration":180,"bufMaxSize":131072,"epoch":1,"waitEnd":true,"numChangelogPartition":16,"numInPartition":16,"ParNum":11,"gua":4,"serdeFormat":1}, node constraint is 5,6,7,8
encoded json is {"aid":"q8","numOutPartition":"EA==","numSubstreamProducer":"EBA=","outputTopicName":["q8_out"],"inputTopicName":["q8_aucsBySellerID_out","q8_personsByID_out"],"commEveryMs":100,"flushMs":100,"snapEveryS":10,"duration":180,"bufMaxSize":131072,"epoch":1,"waitEnd":true,"numChangelogPartition":16,"numInPartition":16,"ParNum":5,"gua":4,"serdeFormat":1}, node constraint is 5,6,7,8
encoded json is {"aid":"q8","numOutPartition":"EA==","numSubstreamProducer":"EBA=","outputTopicName":["q8_out"],"inputTopicName":["q8_aucsBySellerID_out","q8_personsByID_out"],"commEveryMs":100,"flushMs":100,"snapEveryS":10,"duration":180,"bufMaxSize":131072,"epoch":1,"waitEnd":true,"numChangelogPartition":16,"numInPartition":16,"ParNum":12,"gua":4,"serdeFormat":1}, node constraint is 5,6,7,8
encoded json is {"aid":"q8","numOutPartition":"EA==","numSubstreamProducer":"EBA=","outputTopicName":["q8_out"],"inputTopicName":["q8_aucsBySellerID_out","q8_personsByID_out"],"commEveryMs":100,"flushMs":100,"snapEveryS":10,"duration":180,"bufMaxSize":131072,"epoch":1,"waitEnd":true,"numChangelogPartition":16,"numInPartition":16,"ParNum":7,"gua":4,"serdeFormat":1}, node constraint is 5,6,7,8
encoded json is {"aid":"q8","numOutPartition":"EA==","numSubstreamProducer":"EBA=","outputTopicName":["q8_out"],"inputTopicName":["q8_aucsBySellerID_out","q8_personsByID_out"],"commEveryMs":100,"flushMs":100,"snapEveryS":10,"duration":180,"bufMaxSize":131072,"epoch":1,"waitEnd":true,"numChangelogPartition":16,"numInPartition":16,"ParNum":6,"gua":4,"serdeFormat":1}, node constraint is 5,6,7,8
func url is http://ip-172-31-13-145.us-east-2.compute.internal:8080/function/q8JoinStream
func name is q8JoinStream
func url is http://ip-172-31-13-145.us-east-2.compute.internal:8080/function/q8JoinStream
func name is q8JoinStream
func url is http://ip-172-31-13-145.us-east-2.compute.internal:8080/function/q8JoinStream
func name is q8JoinStream
func url is http://ip-172-31-13-145.us-east-2.compute.internal:8080/function/q8JoinStream
func name is q8JoinStream
func url is http://ip-172-31-13-145.us-east-2.compute.internal:8080/function/q8JoinStream
func name is q8JoinStream
func url is http://ip-172-31-13-145.us-east-2.compute.internal:8080/function/q8JoinStream
func name is q8JoinStream
func url is http://ip-172-31-13-145.us-east-2.compute.internal:8080/function/q8JoinStream
func name is q8JoinStream
func url is http://ip-172-31-13-145.us-east-2.compute.internal:8080/function/q8JoinStream
func name is q8JoinStream
func url is http://ip-172-31-13-145.us-east-2.compute.internal:8080/function/q8JoinStream
func name is q8JoinStream
encoded json is {"aid":"q8","numOutPartition":"EA==","numSubstreamProducer":"EBA=","outputTopicName":["q8_out"],"inputTopicName":["q8_aucsBySellerID_out","q8_personsByID_out"],"commEveryMs":100,"flushMs":100,"snapEveryS":10,"duration":180,"bufMaxSize":131072,"epoch":1,"waitEnd":true,"numChangelogPartition":16,"numInPartition":16,"ParNum":13,"gua":4,"serdeFormat":1}, node constraint is 5,6,7,8
func url is http://ip-172-31-13-145.us-east-2.compute.internal:8080/function/q8JoinStream
func name is q8JoinStream
func url is http://ip-172-31-13-145.us-east-2.compute.internal:8080/function/q8JoinStream
encoded json is {"aid":"q8","numOutPartition":"EA==","numSubstreamProducer":"EBA=","outputTopicName":["q8_out"],"inputTopicName":["q8_aucsBySellerID_out","q8_personsByID_out"],"commEveryMs":100,"flushMs":100,"snapEveryS":10,"duration":180,"bufMaxSize":131072,"epoch":1,"waitEnd":true,"numChangelogPartition":16,"numInPartition":16,"ParNum":14,"gua":4,"serdeFormat":1}, node constraint is 5,6,7,8
source-9 invoke done
source-2 invoke done
source-6 invoke done
source-10 invoke done
source-8 invoke done
source-3 invoke done
source-0 invoke done
source-12 invoke done
source-4 invoke done
source-5 invoke done
source-15 invoke done
source-13 invoke done
source-14 invoke done
source-11 invoke done
source-1 invoke done
source-7 invoke done
q8GroupBy-0 call done
q8GroupBy-7 call done
q8GroupBy-2 call done
q8GroupBy-13 call done
q8GroupBy-12 call done
q8GroupBy-14 call done
q8GroupBy-8 call done
q8GroupBy-9 call done
q8GroupBy-5 call done
q8GroupBy-10 call done
q8GroupBy-15 call done
q8GroupBy-4 call done
q8GroupBy-6 call done
q8GroupBy-3 call done
q8GroupBy-1 call done
q8GroupBy-11 call done
q8JoinStream-12 call done
q8JoinStream-4 call done
q8JoinStream-8 call done
q8JoinStream-6 call done
q8JoinStream-5 call done
q8JoinStream-9 call done
q8JoinStream-10 call done
q8JoinStream-2 call done
q8JoinStream-15 call done
q8JoinStream-13 call done
q8JoinStream-14 call done
q8JoinStream-0 call done
q8JoinStream-3 call done
q8JoinStream-1 call done
q8JoinStream-11 call done
q8JoinStream-7 call done
sink processed: 1260002, throughput: (event/s) 6999.824284517656
sink_ctrl processed: 2, throughput: (event/s) 0.011110814561433485
source-0 duration: 180.004804233

sink processed: 1260002, throughput: (event/s) 6999.688150905144
sink_ctrl processed: 2, throughput: (event/s) 0.011110598476677249
source-1 duration: 180.008305061

sink processed: 1260002, throughput: (event/s) 6999.806670440947
sink_ctrl processed: 2, throughput: (event/s) 0.011110786602625943
source-2 duration: 180.005257191

sink processed: 1260002, throughput: (event/s) 6999.875846754671
sink_ctrl processed: 2, throughput: (event/s) 0.01111089640612423
source-3 duration: 180.003478288

sink_ctrl processed: 2, throughput: (event/s) 0.011110835336906525
sink processed: 1260002, throughput: (event/s) 6999.837373086448
source-4 duration: 180.004467653

sink processed: 1260002, throughput: (event/s) 6999.89292865218
sink_ctrl processed: 2, throughput: (event/s) 0.011110923520204222
source-5 duration: 180.003039024

sink processed: 1260002, throughput: (event/s) 6999.777892200197
sink_ctrl processed: 2, throughput: (event/s) 0.01111074092295123
source-6 duration: 180.005997248

sink processed: 1259995, throughput: (event/s) 6999.718985999873
sink_ctrl processed: 2, throughput: (event/s) 0.01111070914725832
source-7 duration: 180.00651205

sink processed: 1260002, throughput: (event/s) 6999.930545449387
sink_ctrl processed: 2, throughput: (event/s) 0.011110983229311361
source-8 duration: 180.002071709

sink processed: 1260002, throughput: (event/s) 6999.823167142375
sink_ctrl processed: 2, throughput: (event/s) 0.01111081278782474
source-9 duration: 180.004832967

sink processed: 1260002, throughput: (event/s) 6999.8851633440145
sink_ctrl processed: 2, throughput: (event/s) 0.011110911194337809
source-10 duration: 180.00323871

sink processed: 1260002, throughput: (event/s) 6999.792015793293
sink_ctrl processed: 2, throughput: (event/s) 0.011110763341317383
source-11 duration: 180.005634047

sink processed: 1260002, throughput: (event/s) 6999.879449989654
sink_ctrl processed: 2, throughput: (event/s) 0.01111090212553576
source-12 duration: 180.00338563

sink processed: 1260002, throughput: (event/s) 6999.843845214755
sink_ctrl processed: 2, throughput: (event/s) 0.011110845610109754
source-13 duration: 180.004301219

sink processed: 1260002, throughput: (event/s) 6999.824906979917
sink_ctrl processed: 2, throughput: (event/s) 0.011110815549467249
source-14 duration: 180.004788226

sink processed: 1260002, throughput: (event/s) 6999.8833635119445
sink_ctrl processed: 2, throughput: (event/s) 0.011110908337466044
source-15 duration: 180.003284993

sink processed 20160025 events, duration: 180.008305061, tp: 111994.971527
sink_ctrl processed 32 events, duration: 180.008305061, tp: 0.177770

nexmark_src_src_epoch processed: 0, throughput: (event/s) 0
nexmark_src_src_logEntry processed: 3520, throughput: (event/s) 19.517906350547637
personsByIDSink processed: 25200, throughput: (event/s) 139.7304659186933
auctionsBySellerIDSink processed: 75600, throughput: (event/s) 419.19139775607994
nexmark_src_src processed: 1260243, throughput: (event/s) 6987.870696856025
nexmark_src_src_ctrl processed: 243, throughput: (event/s) 1.3474009213588283
nexmark_src_src_data processed: 1260000, throughput: (event/s) 6986.523295934666
q8GroupBy-0 duration: 180.347212287

nexmark_src_src processed: 1260243, throughput: (event/s) 6987.795318476455
nexmark_src_src_ctrl processed: 243, throughput: (event/s) 1.347386386902985
nexmark_src_src_data processed: 1260000, throughput: (event/s) 6986.447932089552
nexmark_src_src_epoch processed: 0, throughput: (event/s) 0
nexmark_src_src_logEntry processed: 3519, throughput: (event/s) 19.51215101033582
personsByIDSink processed: 25200, throughput: (event/s) 139.72895864179102
auctionsBySellerIDSink processed: 75600, throughput: (event/s) 419.1868759253731
q8GroupBy-1 duration: 180.349157719

nexmark_src_src processed: 1260243, throughput: (event/s) 6986.703230762362
nexmark_src_src_ctrl processed: 243, throughput: (event/s) 1.3471758105978402
nexmark_src_src_data processed: 1260000, throughput: (event/s) 6985.356054951764
nexmark_src_src_epoch processed: 0, throughput: (event/s) 0
nexmark_src_src_logEntry processed: 3525, throughput: (event/s) 19.542365153734103
personsByIDSink processed: 25200, throughput: (event/s) 139.70712109903528
auctionsBySellerIDSink processed: 75600, throughput: (event/s) 419.12136329710586
q8GroupBy-2 duration: 180.377347996

nexmark_src_src processed: 1260243, throughput: (event/s) 6987.711423896382
nexmark_src_src_ctrl processed: 243, throughput: (event/s) 1.3473702103537342
nexmark_src_src_data processed: 1260000, throughput: (event/s) 6986.3640536860285
nexmark_src_src_epoch processed: 0, throughput: (event/s) 0
nexmark_src_src_logEntry processed: 3525, throughput: (event/s) 19.545185150193056
personsByIDSink processed: 25200, throughput: (event/s) 139.72728107372058
auctionsBySellerIDSink processed: 75600, throughput: (event/s) 419.1818432211617
q8GroupBy-3 duration: 180.351322994

nexmark_src_src_ctrl processed: 243, throughput: (event/s) 1.3473887349862976
nexmark_src_src_data processed: 1260000, throughput: (event/s) 6986.460107336358
nexmark_src_src_epoch processed: 0, throughput: (event/s) 0
nexmark_src_src_logEntry processed: 3522, throughput: (event/s) 19.52881944288782
personsByIDSink processed: 25200, throughput: (event/s) 139.72920214672715
auctionsBySellerIDSink processed: 75600, throughput: (event/s) 419.18760644018147
nexmark_src_src processed: 1260243, throughput: (event/s) 6987.807496071345
q8GroupBy-4 duration: 180.348843426

nexmark_src_src_epoch processed: 0, throughput: (event/s) 0
nexmark_src_src_logEntry processed: 3520, throughput: (event/s) 19.517834284957623
personsByIDSink processed: 25200, throughput: (event/s) 139.72994999458297
auctionsBySellerIDSink processed: 75600, throughput: (event/s) 419.1898499837489
nexmark_src_src processed: 1260243, throughput: (event/s) 6987.844895675525
nexmark_src_src_ctrl processed: 243, throughput: (event/s) 1.3473959463763359
nexmark_src_src_data processed: 1260000, throughput: (event/s) 6986.497499729148
q8GroupBy-5 duration: 180.347878182

nexmark_src_src_data processed: 1260000, throughput: (event/s) 6985.289190329805
nexmark_src_src_epoch processed: 0, throughput: (event/s) 0
nexmark_src_src_logEntry processed: 3522, throughput: (event/s) 19.52554645106474
personsByIDSink processed: 25200, throughput: (event/s) 139.70578380659612
auctionsBySellerIDSink processed: 75600, throughput: (event/s) 419.1173514197883
nexmark_src_src processed: 1260243, throughput: (event/s) 6986.636353245083
nexmark_src_src_ctrl processed: 243, throughput: (event/s) 1.347162915277891
q8GroupBy-6 duration: 180.379074605

nexmark_src_src_data processed: 1259993, throughput: (event/s) 6986.567561023552
nexmark_src_src_epoch processed: 0, throughput: (event/s) 0
nexmark_src_src_logEntry processed: 3521, throughput: (event/s) 19.52368337154566
personsByIDSink processed: 25199, throughput: (event/s) 139.7265825843735
auctionsBySellerIDSink processed: 75599, throughput: (event/s) 419.19083760451014
nexmark_src_src processed: 1260236, throughput: (event/s) 6987.914977967399
nexmark_src_src_ctrl processed: 243, throughput: (event/s) 1.3474169438470873
q8GroupBy-7 duration: 180.345067731

nexmark_src_src_ctrl processed: 243, throughput: (event/s) 1.3473780048204145
nexmark_src_src_data processed: 1260000, throughput: (event/s) 6986.404469439186
nexmark_src_src_epoch processed: 0, throughput: (event/s) 0
nexmark_src_src_logEntry processed: 3526, throughput: (event/s) 19.55084298352585
personsByIDSink processed: 25200, throughput: (event/s) 139.72808938878373
auctionsBySellerIDSink processed: 75600, throughput: (event/s) 419.18426816635116
nexmark_src_src processed: 1260243, throughput: (event/s) 6987.751847444007
q8GroupBy-8 duration: 180.350279677

nexmark_src_src_epoch processed: 0, throughput: (event/s) 0
nexmark_src_src_logEntry processed: 3527, throughput: (event/s) 19.55325955582041
personsByIDSink processed: 25200, throughput: (event/s) 139.70573881674918
auctionsBySellerIDSink processed: 75600, throughput: (event/s) 419.1172164502475
nexmark_src_src processed: 1260243, throughput: (event/s) 6986.6341033189055
nexmark_src_src_ctrl processed: 243, throughput: (event/s) 1.347162481447224
nexmark_src_src_data processed: 1260000, throughput: (event/s) 6985.286940837458
q8GroupBy-9 duration: 180.379132693

personsByIDSink processed: 25200, throughput: (event/s) 139.72691400331226
auctionsBySellerIDSink processed: 75600, throughput: (event/s) 419.1807420099368
nexmark_src_src processed: 1260243, throughput: (event/s) 6987.693066836359
nexmark_src_src_ctrl processed: 243, throughput: (event/s) 1.3473666707462255
nexmark_src_src_data processed: 1260000, throughput: (event/s) 6986.345700165613
nexmark_src_src_epoch processed: 0, throughput: (event/s) 0
nexmark_src_src_logEntry processed: 3522, throughput: (event/s) 19.528499647605784
q8GroupBy-10 duration: 180.351796787

nexmark_src_src_epoch processed: 0, throughput: (event/s) 0
nexmark_src_src_logEntry processed: 3519, throughput: (event/s) 19.512262782854812
personsByIDSink processed: 25200, throughput: (event/s) 139.72975905880682
auctionsBySellerIDSink processed: 75600, throughput: (event/s) 419.1892771764205
nexmark_src_src processed: 1260243, throughput: (event/s) 6987.835347045551
nexmark_src_src_ctrl processed: 243, throughput: (event/s) 1.347394105209923
nexmark_src_src_data processed: 1260000, throughput: (event/s) 6986.4879529403415
q8GroupBy-11 duration: 180.348124621

nexmark_src_src_epoch processed: 0, throughput: (event/s) 0
nexmark_src_src_logEntry processed: 3519, throughput: (event/s) 19.51241424360832
personsByIDSink processed: 25200, throughput: (event/s) 139.7308436882437
auctionsBySellerIDSink processed: 75600, throughput: (event/s) 419.19253106473116
nexmark_src_src processed: 1260243, throughput: (event/s) 6987.889588976323
nexmark_src_src_ctrl processed: 243, throughput: (event/s) 1.347404564136636
nexmark_src_src_data processed: 1260000, throughput: (event/s) 6986.542184412186
q8GroupBy-12 duration: 180.346724709

nexmark_src_src_ctrl processed: 243, throughput: (event/s) 1.3474105458142052
nexmark_src_src_data processed: 1260000, throughput: (event/s) 6986.573200518101
nexmark_src_src_epoch processed: 0, throughput: (event/s) 0
nexmark_src_src_logEntry processed: 3521, throughput: (event/s) 19.523590665892247
personsByIDSink processed: 25200, throughput: (event/s) 139.731464010362
auctionsBySellerIDSink processed: 75600, throughput: (event/s) 419.194392031086
nexmark_src_src processed: 1260243, throughput: (event/s) 6987.920611063915
q8GroupBy-13 duration: 180.34592408

personsByIDSink processed: 25200, throughput: (event/s) 139.73030273504034
auctionsBySellerIDSink processed: 75600, throughput: (event/s) 419.19090820512105
nexmark_src_src processed: 1260243, throughput: (event/s) 6987.862536099819
nexmark_src_src_ctrl processed: 243, throughput: (event/s) 1.3473993478021749
nexmark_src_src_data processed: 1260000, throughput: (event/s) 6986.5151367520175
nexmark_src_src_epoch processed: 0, throughput: (event/s) 0
nexmark_src_src_logEntry processed: 3521, throughput: (event/s) 19.523428409923692
q8GroupBy-14 duration: 180.347422905

nexmark_src_src_epoch processed: 0, throughput: (event/s) 0
nexmark_src_src_logEntry processed: 3520, throughput: (event/s) 19.517886500436603
personsByIDSink processed: 25200, throughput: (event/s) 139.73032380994385
auctionsBySellerIDSink processed: 75600, throughput: (event/s) 419.1909714298316
nexmark_src_src processed: 1260243, throughput: (event/s) 6987.863590048218
nexmark_src_src_ctrl processed: 243, throughput: (event/s) 1.3473995510244587
nexmark_src_src_data processed: 1260000, throughput: (event/s) 6986.516190497193
q8GroupBy-15 duration: 180.347395704

nexmark_src_src_logEntry processed 56349 events, duration: 180.379132693
personsByIDSink processed 403199 events, duration: 180.379132693
auctionsBySellerIDSink processed 1209599 events, duration: 180.379132693
nexmark_src_src processed 20163881 events, duration: 180.379132693
nexmark_src_src_ctrl processed 3888 events, duration: 180.379132693
nexmark_src_src_data processed 20159993 events, duration: 180.379132693
nexmark_src_src_epoch processed 0 events, duration: 180.379132693

eventTimeLatency_sink, p50: 142 ms, p90: 700 ms, p99: 1081 ms
personsByIDSrc_ctrl processed: 258, throughput: (event/s) 1.42082714221247
personsByIDSrc_epoch processed: 0, throughput: (event/s) 0
auctionsBySellerIDSrc processed: 69356, throughput: (event/s) 381.9491754856127
auctionsBySellerIDSrc_logEntry processed: 13812, throughput: (event/s) 76.0638158458862
auctionsBySellerIDSrc_ctrl processed: 258, throughput: (event/s) 1.42082714221247
personsByIDSrc_logEntry processed: 16016, throughput: (event/s) 88.20142445610435
auctionsBySellerIDSrc_data processed: 69098, throughput: (event/s) 380.52834834340024
sink processed: 1106000, throughput: (event/s) 6090.832632895317
auctionsBySellerIDSrc_epoch processed: 0, throughput: (event/s) 0
personsByIDSrc processed: 25138, throughput: (event/s) 138.43702597262433
personsByIDSrc_data processed: 24880, throughput: (event/s) 137.01619883041184
q8JoinStream-0 duration: 181.584368946

eventTimeLatency_sink, p50: 154 ms, p90: 608 ms, p99: 850 ms
auctionsBySellerIDSrc_ctrl processed: 258, throughput: (event/s) 1.4202559007818438
sink processed: 1165009, throughput: (event/s) 6413.22056865874
auctionsBySellerIDSrc_data processed: 72771, throughput: (event/s) 400.59473703796726
personsByIDSrc_epoch processed: 0, throughput: (event/s) 0
personsByIDSrc_logEntry processed: 16129, throughput: (event/s) 88.78801327019518
personsByIDSrc processed: 25698, throughput: (event/s) 141.46409355927062
personsByIDSrc_ctrl processed: 258, throughput: (event/s) 1.4202559007818438
auctionsBySellerIDSrc processed: 73029, throughput: (event/s) 402.0149929387491
auctionsBySellerIDSrc_epoch processed: 0, throughput: (event/s) 0
auctionsBySellerIDSrc_logEntry processed: 14088, throughput: (event/s) 77.55257802408765
personsByIDSrc_data processed: 25440, throughput: (event/s) 140.04383765848877
q8JoinStream-1 duration: 181.657404034

eventTimeLatency_sink, p50: 122 ms, p90: 485 ms, p99: 924 ms
personsByIDSrc_data processed: 25456, throughput: (event/s) 140.41195545222925
sink processed: 937336, throughput: (event/s) 5170.22237098408
auctionsBySellerIDSrc_ctrl processed: 258, throughput: (event/s) 1.423094143096918
auctionsBySellerIDSrc_logEntry processed: 14041, throughput: (event/s) 77.44831342334817
personsByIDSrc_logEntry processed: 16252, throughput: (event/s) 89.64389927756245
auctionsBySellerIDSrc processed: 58824, throughput: (event/s) 324.4654646260973
personsByIDSrc processed: 25714, throughput: (event/s) 141.83504959532615
personsByIDSrc_epoch processed: 0, throughput: (event/s) 0
auctionsBySellerIDSrc_epoch processed: 0, throughput: (event/s) 0
personsByIDSrc_ctrl processed: 258, throughput: (event/s) 1.423094143096918
auctionsBySellerIDSrc_data processed: 58566, throughput: (event/s) 323.0423704830004
q8JoinStream-2 duration: 181.295103526

eventTimeLatency_sink, p50: 130 ms, p90: 514 ms, p99: 1025 ms
auctionsBySellerIDSrc_logEntry processed: 14065, throughput: (event/s) 77.77044179850454
personsByIDSrc_epoch processed: 0, throughput: (event/s) 0
auctionsBySellerIDSrc_epoch processed: 0, throughput: (event/s) 0
personsByIDSrc_ctrl processed: 258, throughput: (event/s) 1.426574758906091
personsByIDSrc_logEntry processed: 15717, throughput: (event/s) 86.90494374312803
sink processed: 1440981, throughput: (event/s) 7967.702025826581
personsByIDSrc processed: 24562, throughput: (event/s) 135.81212879167214
personsByIDSrc_data processed: 24304, throughput: (event/s) 134.38555403276604
auctionsBySellerIDSrc processed: 90282, throughput: (event/s) 499.20163714558026
auctionsBySellerIDSrc_ctrl processed: 258, throughput: (event/s) 1.426574758906091
auctionsBySellerIDSrc_data processed: 90024, throughput: (event/s) 497.77506238667416
q8JoinStream-3 duration: 180.852772271

eventTimeLatency_sink, p50: 132 ms, p90: 690 ms, p99: 1194 ms
auctionsBySellerIDSrc_data processed: 71954, throughput: (event/s) 398.05510331398995
personsByIDSrc_epoch processed: 0, throughput: (event/s) 0
personsByIDSrc_logEntry processed: 15648, throughput: (event/s) 86.56594847621139
auctionsBySellerIDSrc_epoch processed: 0, throughput: (event/s) 0
sink processed: 1151659, throughput: (event/s) 6371.066823630185
personsByIDSrc processed: 24194, throughput: (event/s) 133.84308265806865
personsByIDSrc_ctrl processed: 258, throughput: (event/s) 1.4272759909804793
personsByIDSrc_data processed: 23936, throughput: (event/s) 132.4158066670882
auctionsBySellerIDSrc processed: 72212, throughput: (event/s) 399.48237930497044
auctionsBySellerIDSrc_ctrl processed: 258, throughput: (event/s) 1.4272759909804793
auctionsBySellerIDSrc_logEntry processed: 13639, throughput: (event/s) 75.45200481001068
q8JoinStream-4 duration: 180.763917862

eventTimeLatency_sink, p50: 131 ms, p90: 530 ms, p99: 1111 ms
auctionsBySellerIDSrc processed: 73841, throughput: (event/s) 408.4573780112283
auctionsBySellerIDSrc_ctrl processed: 258, throughput: (event/s) 1.4271475674340393
auctionsBySellerIDSrc_data processed: 73583, throughput: (event/s) 407.03023044379427
auctionsBySellerIDSrc_logEntry processed: 14327, throughput: (event/s) 79.25094263033907
personsByIDSrc_logEntry processed: 16277, throughput: (event/s) 90.03752308187542
personsByIDSrc_ctrl processed: 258, throughput: (event/s) 1.4271475674340393
personsByIDSrc_data processed: 25888, throughput: (event/s) 143.20153575865274
auctionsBySellerIDSrc_epoch processed: 0, throughput: (event/s) 0
personsByIDSrc processed: 26146, throughput: (event/s) 144.6286833260868
personsByIDSrc_epoch processed: 0, throughput: (event/s) 0
sink processed: 1177891, throughput: (event/s) 6515.597966482356
q8JoinStream-5 duration: 180.780184115

eventTimeLatency_sink, p50: 121 ms, p90: 449 ms, p99: 1489 ms
personsByIDSrc processed: 24930, throughput: (event/s) 137.88977064246492
auctionsBySellerIDSrc_ctrl processed: 258, throughput: (event/s) 1.4270180836644986
auctionsBySellerIDSrc_data processed: 76465, throughput: (event/s) 422.9338673155267
sink processed: 1223965, throughput: (event/s) 6769.8456929163485
auctionsBySellerIDSrc processed: 76723, throughput: (event/s) 424.36088539919115
auctionsBySellerIDSrc_epoch processed: 0, throughput: (event/s) 0
personsByIDSrc_ctrl processed: 258, throughput: (event/s) 1.4270180836644986
personsByIDSrc_data processed: 24672, throughput: (event/s) 136.46275255880042
personsByIDSrc_epoch processed: 0, throughput: (event/s) 0
personsByIDSrc_logEntry processed: 16004, throughput: (event/s) 88.5193698099482
auctionsBySellerIDSrc_logEntry processed: 14060, throughput: (event/s) 77.76695448187151
q8JoinStream-6 duration: 180.796587621

eventTimeLatency_sink, p50: 154 ms, p90: 730 ms, p99: 1221 ms
personsByIDSrc_logEntry processed: 16089, throughput: (event/s) 88.98424611024599
auctionsBySellerIDSrc_data processed: 116086, throughput: (event/s) 642.0427120364234
auctionsBySellerIDSrc_epoch processed: 0, throughput: (event/s) 0
personsByIDSrc_ctrl processed: 258, throughput: (event/s) 1.4269336500990406
sink processed: 1858430, throughput: (event/s) 10278.51280369597
auctionsBySellerIDSrc_ctrl processed: 258, throughput: (event/s) 1.4269336500990406
auctionsBySellerIDSrc_logEntry processed: 14858, throughput: (event/s) 82.17589214407576
personsByIDSrc processed: 25602, throughput: (event/s) 141.59827639471177
personsByIDSrc_data processed: 25344, throughput: (event/s) 140.17134274461273
auctionsBySellerIDSrc processed: 116344, throughput: (event/s) 643.4696456865224
personsByIDSrc_epoch processed: 0, throughput: (event/s) 0
q8JoinStream-7 duration: 180.807285596

eventTimeLatency_sink, p50: 128 ms, p90: 660 ms, p99: 1184 ms
auctionsBySellerIDSrc_ctrl processed: 258, throughput: (event/s) 1.4253619076687154
personsByIDSrc_logEntry processed: 16221, throughput: (event/s) 89.61548645075284
auctionsBySellerIDSrc_logEntry processed: 14212, throughput: (event/s) 78.51644741003017
personsByIDSrc processed: 26386, throughput: (event/s) 145.77364068118885
sink processed: 1006987, throughput: (event/s) 5563.259346192235
auctionsBySellerIDSrc_data processed: 62918, throughput: (event/s) 347.60046708023344
auctionsBySellerIDSrc_epoch processed: 0, throughput: (event/s) 0
personsByIDSrc_epoch processed: 0, throughput: (event/s) 0
auctionsBySellerIDSrc processed: 63176, throughput: (event/s) 349.0258289879022
personsByIDSrc_ctrl processed: 258, throughput: (event/s) 1.4253619076687154
personsByIDSrc_data processed: 26128, throughput: (event/s) 144.34827877352012
q8JoinStream-8 duration: 181.006661264

eventTimeLatency_sink, p50: 156 ms, p90: 890 ms, p99: 1840 ms
personsByIDSrc processed: 26066, throughput: (event/s) 144.18582603695083
auctionsBySellerIDSrc_logEntry processed: 14253, throughput: (event/s) 78.84142478725774
personsByIDSrc_epoch processed: 0, throughput: (event/s) 0
personsByIDSrc_logEntry processed: 16311, throughput: (event/s) 90.22538972181022
auctionsBySellerIDSrc processed: 76956, throughput: (event/s) 425.68727186755115
auctionsBySellerIDSrc_ctrl processed: 258, throughput: (event/s) 1.4271442920867534
auctionsBySellerIDSrc_epoch processed: 0, throughput: (event/s) 0
auctionsBySellerIDSrc_data processed: 76698, throughput: (event/s) 424.2601275754644
sink processed: 1227588, throughput: (event/s) 6790.4852993573395
personsByIDSrc_ctrl processed: 258, throughput: (event/s) 1.4271442920867534
personsByIDSrc_data processed: 25808, throughput: (event/s) 142.75868174486408
q8JoinStream-9 duration: 180.780599012

eventTimeLatency_sink, p50: 142 ms, p90: 770 ms, p99: 1342 ms
auctionsBySellerIDSrc_logEntry processed: 14198, throughput: (event/s) 78.53732088668596
personsByIDSrc_epoch processed: 0, throughput: (event/s) 0
personsByIDSrc_logEntry processed: 16181, throughput: (event/s) 89.50643677049342
auctionsBySellerIDSrc_ctrl processed: 258, throughput: (event/s) 1.4271466959265375
personsByIDSrc_ctrl processed: 258, throughput: (event/s) 1.4271466959265375
auctionsBySellerIDSrc_data processed: 80094, throughput: (event/s) 443.04607544007786
auctionsBySellerIDSrc_epoch processed: 0, throughput: (event/s) 0
auctionsBySellerIDSrc processed: 80352, throughput: (event/s) 444.47322213600444
personsByIDSrc processed: 25858, throughput: (event/s) 143.03550102042018
personsByIDSrc_data processed: 25600, throughput: (event/s) 141.60835432449363
sink processed: 1282038, throughput: (event/s) 7091.691068807234
q8JoinStream-10 duration: 180.780294511

eventTimeLatency_sink, p50: 199 ms, p90: 835 ms, p99: 1289 ms
auctionsBySellerIDSrc_data processed: 87260, throughput: (event/s) 481.68925473782224
auctionsBySellerIDSrc_logEntry processed: 14452, throughput: (event/s) 79.77736774548484
personsByIDSrc processed: 25345, throughput: (event/s) 139.9084822522359
personsByIDSrc_epoch processed: 0, throughput: (event/s) 0
personsByIDSrc_data processed: 25087, throughput: (event/s) 138.48428069685704
sink processed: 1396857, throughput: (event/s) 7710.875628069106
auctionsBySellerIDSrc_ctrl processed: 258, throughput: (event/s) 1.4242015553788463
personsByIDSrc_ctrl processed: 258, throughput: (event/s) 1.4242015553788463
personsByIDSrc_logEntry processed: 15939, throughput: (event/s) 87.98584725264897
auctionsBySellerIDSrc processed: 87518, throughput: (event/s) 483.11345629320107
auctionsBySellerIDSrc_epoch processed: 0, throughput: (event/s) 0
q8JoinStream-11 duration: 181.154134417

eventTimeLatency_sink, p50: 145 ms, p90: 709 ms, p99: 1544 ms
personsByIDSrc processed: 26322, throughput: (event/s) 145.6786381180467
personsByIDSrc_ctrl processed: 258, throughput: (event/s) 1.4278963845625732
personsByIDSrc_epoch processed: 0, throughput: (event/s) 0
personsByIDSrc_logEntry processed: 16400, throughput: (event/s) 90.76550661560543
sink processed: 951222, throughput: (event/s) 5264.521142311551
auctionsBySellerIDSrc_ctrl processed: 258, throughput: (event/s) 1.4278963845625732
personsByIDSrc_data processed: 26064, throughput: (event/s) 144.25074173348415
auctionsBySellerIDSrc_logEntry processed: 14207, throughput: (event/s) 78.62838734682356
auctionsBySellerIDSrc processed: 63334, throughput: (event/s) 350.52088999955816
auctionsBySellerIDSrc_data processed: 63076, throughput: (event/s) 349.09299361499563
auctionsBySellerIDSrc_epoch processed: 0, throughput: (event/s) 0
q8JoinStream-12 duration: 180.685379408

eventTimeLatency_sink, p50: 202 ms, p90: 628 ms, p99: 974 ms
personsByIDSrc_logEntry processed: 15882, throughput: (event/s) 87.52744291760051
personsByIDSrc processed: 24722, throughput: (event/s) 136.24565192097467
sink processed: 924870, throughput: (event/s) 5097.059950333785
auctionsBySellerIDSrc_logEntry processed: 13399, throughput: (event/s) 73.84335774165277
personsByIDSrc_epoch processed: 0, throughput: (event/s) 0
auctionsBySellerIDSrc processed: 58039, throughput: (event/s) 319.85929098946076
auctionsBySellerIDSrc_ctrl processed: 258, throughput: (event/s) 1.4218662808677074
personsByIDSrc_data processed: 24464, throughput: (event/s) 134.82378564010696
auctionsBySellerIDSrc_data processed: 57781, throughput: (event/s) 318.437424708593
auctionsBySellerIDSrc_epoch processed: 0, throughput: (event/s) 0
personsByIDSrc_ctrl processed: 258, throughput: (event/s) 1.4218662808677074
q8JoinStream-13 duration: 181.451662137

eventTimeLatency_sink, p50: 142 ms, p90: 743 ms, p99: 1321 ms
personsByIDSrc_logEntry processed: 16001, throughput: (event/s) 88.51893346088826
sink processed: 1277576, throughput: (event/s) 7067.6623295561385
auctionsBySellerIDSrc processed: 80072, throughput: (event/s) 442.965317172692
auctionsBySellerIDSrc_ctrl processed: 258, throughput: (event/s) 1.4272785971445017
auctionsBySellerIDSrc_logEntry processed: 14046, throughput: (event/s) 77.70370223058787
auctionsBySellerIDSrc_data processed: 79814, throughput: (event/s) 441.5380385755475
auctionsBySellerIDSrc_epoch processed: 0, throughput: (event/s) 0
personsByIDSrc_ctrl processed: 258, throughput: (event/s) 1.4272785971445017
personsByIDSrc processed: 25074, throughput: (event/s) 138.71156412713657
personsByIDSrc_data processed: 24816, throughput: (event/s) 137.28428552999208
personsByIDSrc_epoch processed: 0, throughput: (event/s) 0
q8JoinStream-14 duration: 180.763587793

eventTimeLatency_sink, p50: 135 ms, p90: 522 ms, p99: 955 ms
sink processed: 1175256, throughput: (event/s) 6501.614562059267
personsByIDSrc_data processed: 25312, throughput: (event/s) 140.0281026387818
personsByIDSrc_ctrl processed: 258, throughput: (event/s) 1.4272775948485188
auctionsBySellerIDSrc_ctrl processed: 258, throughput: (event/s) 1.4272775948485188
auctionsBySellerIDSrc_data processed: 73411, throughput: (event/s) 406.1157965714132
auctionsBySellerIDSrc_epoch processed: 0, throughput: (event/s) 0
auctionsBySellerIDSrc_logEntry processed: 14243, throughput: (event/s) 78.79346815281959
auctionsBySellerIDSrc processed: 73669, throughput: (event/s) 407.54307416626176
personsByIDSrc processed: 25570, throughput: (event/s) 141.45538023363034
personsByIDSrc_logEntry processed: 15839, throughput: (event/s) 87.62267373955693
personsByIDSrc_epoch processed: 0, throughput: (event/s) 0
q8JoinStream-15 duration: 180.763714733

sink processed 19303665 events, duration: 181.657404034
personsByIDSrc_epoch processed 0 events, duration: 181.657404034
auctionsBySellerIDSrc processed 1213727 events, duration: 181.657404034
auctionsBySellerIDSrc_ctrl processed 4128 events, duration: 181.657404034
personsByIDSrc_logEntry processed 256906 events, duration: 181.657404034
auctionsBySellerIDSrc_data processed 1209599 events, duration: 181.657404034
auctionsBySellerIDSrc_epoch processed 0 events, duration: 181.657404034
personsByIDSrc processed 407327 events, duration: 181.657404034
personsByIDSrc_data processed 403199 events, duration: 181.657404034
personsByIDSrc_ctrl processed 4128 events, duration: 181.657404034
auctionsBySellerIDSrc_logEntry processed 225900 events, duration: 181.657404034

