wait for last: true, sink max_buf_size: 131072
warmup: 0
encoded json is {"sg":{"aucBids":4,"bids":4,"changelog":4,"nexmark_src":4,"q5_out":4,"q5aucbids":4,"q5bidkeyedbyauction":4,"q5maxbid":4,"source":4},"aid":"q5","fns":["source","q5bidkeyedbyauction","q5aucbids","q5maxbid"],"bufMaxSize":131072,"epoch":1,"serdeFormat":1,"bs":true}, node constraint is 1
config: map[NodeConstraint:"1,2,3,4" NumInstance:4 OutputTopicName:["nexmark_src"] funcName:"source"]
config: map[InputTopicNames:["nexmark_src"] NodeConstraint:"5,6,7,8" NumInstance:4 NumSrcProducer:[1] OutputTopicName:["bids"] funcName:"q5bidkeyedbyauction"]
config: map[InputTopicNames:["bids"] NodeConstraint:"5,6,7,8" NumInstance:4 NumSrcProducer:[4] OutputTopicName:["aucBids"] funcName:"q5aucbids"]
config: map[Final:true InputTopicNames:["aucBids"] NodeConstraint:"5,6,7,8" NumInstance:4 NumSrcProducer:[4] OutputTopicName:["q5_out"] funcName:"q5maxbid"]
srcInvokeConfig: &{FinalTpNames:[q5_out] TopicName:nexmark_src AppId:q5 NodeConstraint:1,2,3,4 AdditionalBytes:0 ScaleEpoch:0 NumOutPartition:4 InstanceID:0 NumSrcInstance:4}
cliNodes: [0xc000026180 0xc0000261c0 0xc000026200]
inParamsMap: map[q5aucbids:[0xc00007ed20 0xc00007edc0 0xc00007ee60 0xc00007ef00] q5bidkeyedbyauction:[0xc00007eaa0 0xc00007eb40 0xc00007ebe0 0xc00007ec80] q5maxbid:[0xc00007efa0 0xc00007f040 0xc00007f0e0 0xc00007f180]]
configScaleInput: &{Config:map[aucBids:4 bids:4 changelog:4 nexmark_src:4 q5_out:4 q5aucbids:4 q5bidkeyedbyauction:4 q5maxbid:4 source:4] AppId:q5 FuncNames:[source q5bidkeyedbyauction q5aucbids q5maxbid] BufMaxSize:131072 ScaleEpoch:0 SerdeFormat:1 Bootstrap:false}
encoded json is {"outTpNames":["q5_out"]}, node constraint is 1
redis_setup url is http://ip-172-31-12-125.us-east-2.compute.internal:8080/function/redisSetup
chkptmngr url is http://ip-172-31-12-125.us-east-2.compute.internal:8080/function/chkptmngr
encoded json is {"srcTpName":"nexmark_src","outTpNames":["q5_out"],"numOutParts":"BA==","chkptEveryMs":100,"bufMaxSize":131072,"srcNumPart":4,"gua":4,"serde_format":1}, node constraint is 1
func source url is http://ip-172-31-12-125.us-east-2.compute.internal:8080/function/source
src instance: 4
func source url is http://ip-172-31-12-125.us-east-2.compute.internal:8080/function/source
func source url is http://ip-172-31-12-125.us-east-2.compute.internal:8080/function/source
func source url is http://ip-172-31-12-125.us-east-2.compute.internal:8080/function/source
encoded json is {"topic_name":"nexmark_src","rate_shape":"square","aid":"q5","events_num":11520000,"rate_period":10000000000,"finOutTpNs":["q5_out"],"first_event_rate":64000,"next_event_rate":64000,"bid_avg_size":100,"person_avg_size":200,"auction_avg_size":500,"duration":180,"person_proportion":1,"auction_proportion":3,"bid_proportion":46,"bid_hot_ratio_auctions":2,"bid_hot_ratio_bidders":4,"auction_hot_ratio_sellers":4,"flushms":100,"bufMaxSize":131072,"commEveryMs":100,"rate_limited":false,"waitEnd":true,"serde_format":1,"numOutPar":4,"parNum":3,"nSrcIns":4,"gua":4}, node constraint is 1,2,3,4
encoded json is {"topic_name":"nexmark_src","rate_shape":"square","aid":"q5","events_num":11520000,"rate_period":10000000000,"finOutTpNs":["q5_out"],"first_event_rate":64000,"next_event_rate":64000,"bid_avg_size":100,"person_avg_size":200,"auction_avg_size":500,"duration":180,"person_proportion":1,"auction_proportion":3,"bid_proportion":46,"bid_hot_ratio_auctions":2,"bid_hot_ratio_bidders":4,"auction_hot_ratio_sellers":4,"flushms":100,"bufMaxSize":131072,"commEveryMs":100,"rate_limited":false,"waitEnd":true,"serde_format":1,"numOutPar":4,"parNum":1,"nSrcIns":4,"gua":4}, node constraint is 1,2,3,4
encoded json is {"topic_name":"nexmark_src","rate_shape":"square","aid":"q5","events_num":11520000,"rate_period":10000000000,"finOutTpNs":["q5_out"],"first_event_rate":64000,"next_event_rate":64000,"bid_avg_size":100,"person_avg_size":200,"auction_avg_size":500,"duration":180,"person_proportion":1,"auction_proportion":3,"bid_proportion":46,"bid_hot_ratio_auctions":2,"bid_hot_ratio_bidders":4,"auction_hot_ratio_sellers":4,"flushms":100,"bufMaxSize":131072,"commEveryMs":100,"rate_limited":false,"waitEnd":true,"serde_format":1,"numOutPar":4,"nSrcIns":4,"gua":4}, node constraint is 1,2,3,4
encoded json is {"topic_name":"nexmark_src","rate_shape":"square","aid":"q5","events_num":11520000,"rate_period":10000000000,"finOutTpNs":["q5_out"],"first_event_rate":64000,"next_event_rate":64000,"bid_avg_size":100,"person_avg_size":200,"auction_avg_size":500,"duration":180,"person_proportion":1,"auction_proportion":3,"bid_proportion":46,"bid_hot_ratio_auctions":2,"bid_hot_ratio_bidders":4,"auction_hot_ratio_sellers":4,"flushms":100,"bufMaxSize":131072,"commEveryMs":100,"rate_limited":false,"waitEnd":true,"serde_format":1,"numOutPar":4,"parNum":2,"nSrcIns":4,"gua":4}, node constraint is 1,2,3,4
Waiting for all client to return
func name is q5bidkeyedbyauction
func name is q5maxbid
func name is q5aucbids
func url is http://ip-172-31-12-125.us-east-2.compute.internal:8080/function/q5aucbids
func url is http://ip-172-31-12-125.us-east-2.compute.internal:8080/function/q5maxbid
func name is q5bidkeyedbyauction
func name is q5bidkeyedbyauction
func url is http://ip-172-31-12-125.us-east-2.compute.internal:8080/function/q5bidkeyedbyauction
func url is http://ip-172-31-12-125.us-east-2.compute.internal:8080/function/q5bidkeyedbyauction
func name is q5aucbids
func url is http://ip-172-31-12-125.us-east-2.compute.internal:8080/function/q5bidkeyedbyauction
func url is http://ip-172-31-12-125.us-east-2.compute.internal:8080/function/q5aucbids
func name is q5aucbids
func name is q5bidkeyedbyauction
func url is http://ip-172-31-12-125.us-east-2.compute.internal:8080/function/q5aucbids
func url is http://ip-172-31-12-125.us-east-2.compute.internal:8080/function/q5bidkeyedbyauction
func name is q5maxbid
func url is http://ip-172-31-12-125.us-east-2.compute.internal:8080/function/q5maxbid
func name is q5maxbid
func url is http://ip-172-31-12-125.us-east-2.compute.internal:8080/function/q5maxbid
func name is q5maxbid
func url is http://ip-172-31-12-125.us-east-2.compute.internal:8080/function/q5maxbid
encoded json is {"aid":"q5","numOutPartition":"BA==","numSubstreamProducer":"BA==","outputTopicName":["aucBids"],"inputTopicName":["bids"],"commEveryMs":100,"flushMs":100,"snapEveryS":10,"duration":180,"bufMaxSize":131072,"epoch":1,"waitEnd":true,"numChangelogPartition":4,"numInPartition":4,"gua":4,"serdeFormat":1}, node constraint is 5,6,7,8
encoded json is {"aid":"q5","numOutPartition":"BA==","numSubstreamProducer":"BA==","outputTopicName":["aucBids"],"inputTopicName":["bids"],"commEveryMs":100,"flushMs":100,"snapEveryS":10,"duration":180,"bufMaxSize":131072,"epoch":1,"waitEnd":true,"numChangelogPartition":4,"numInPartition":4,"ParNum":2,"gua":4,"serdeFormat":1}, node constraint is 5,6,7,8
func name is q5aucbids
func url is http://ip-172-31-12-125.us-east-2.compute.internal:8080/function/q5aucbids
encoded json is {"aid":"q5","numOutPartition":"BA==","numSubstreamProducer":"AQ==","outputTopicName":["bids"],"inputTopicName":["nexmark_src"],"commEveryMs":100,"flushMs":100,"snapEveryS":10,"duration":180,"bufMaxSize":131072,"epoch":1,"waitEnd":true,"numChangelogPartition":4,"numInPartition":4,"ParNum":2,"gua":4,"serdeFormat":1}, node constraint is 5,6,7,8
encoded json is {"aid":"q5","numOutPartition":"BA==","numSubstreamProducer":"BA==","outputTopicName":["q5_out"],"inputTopicName":["aucBids"],"commEveryMs":100,"flushMs":100,"snapEveryS":10,"duration":180,"bufMaxSize":131072,"epoch":1,"waitEnd":true,"numChangelogPartition":4,"numInPartition":4,"ParNum":2,"gua":4,"serdeFormat":1}, node constraint is 5,6,7,8
encoded json is {"aid":"q5","numOutPartition":"BA==","numSubstreamProducer":"AQ==","outputTopicName":["bids"],"inputTopicName":["nexmark_src"],"commEveryMs":100,"flushMs":100,"snapEveryS":10,"duration":180,"bufMaxSize":131072,"epoch":1,"waitEnd":true,"numChangelogPartition":4,"numInPartition":4,"gua":4,"serdeFormat":1}, node constraint is 5,6,7,8
encoded json is {"aid":"q5","numOutPartition":"BA==","numSubstreamProducer":"AQ==","outputTopicName":["bids"],"inputTopicName":["nexmark_src"],"commEveryMs":100,"flushMs":100,"snapEveryS":10,"duration":180,"bufMaxSize":131072,"epoch":1,"waitEnd":true,"numChangelogPartition":4,"numInPartition":4,"ParNum":3,"gua":4,"serdeFormat":1}, node constraint is 5,6,7,8
encoded json is {"aid":"q5","numOutPartition":"BA==","numSubstreamProducer":"BA==","outputTopicName":["aucBids"],"inputTopicName":["bids"],"commEveryMs":100,"flushMs":100,"snapEveryS":10,"duration":180,"bufMaxSize":131072,"epoch":1,"waitEnd":true,"numChangelogPartition":4,"numInPartition":4,"ParNum":3,"gua":4,"serdeFormat":1}, node constraint is 5,6,7,8
encoded json is {"aid":"q5","numOutPartition":"BA==","numSubstreamProducer":"BA==","outputTopicName":["q5_out"],"inputTopicName":["aucBids"],"commEveryMs":100,"flushMs":100,"snapEveryS":10,"duration":180,"bufMaxSize":131072,"epoch":1,"waitEnd":true,"numChangelogPartition":4,"numInPartition":4,"ParNum":3,"gua":4,"serdeFormat":1}, node constraint is 5,6,7,8
encoded json is {"aid":"q5","numOutPartition":"BA==","numSubstreamProducer":"AQ==","outputTopicName":["bids"],"inputTopicName":["nexmark_src"],"commEveryMs":100,"flushMs":100,"snapEveryS":10,"duration":180,"bufMaxSize":131072,"epoch":1,"waitEnd":true,"numChangelogPartition":4,"numInPartition":4,"ParNum":1,"gua":4,"serdeFormat":1}, node constraint is 5,6,7,8
encoded json is {"aid":"q5","numOutPartition":"BA==","numSubstreamProducer":"BA==","outputTopicName":["aucBids"],"inputTopicName":["bids"],"commEveryMs":100,"flushMs":100,"snapEveryS":10,"duration":180,"bufMaxSize":131072,"epoch":1,"waitEnd":true,"numChangelogPartition":4,"numInPartition":4,"ParNum":1,"gua":4,"serdeFormat":1}, node constraint is 5,6,7,8
encoded json is {"aid":"q5","numOutPartition":"BA==","numSubstreamProducer":"BA==","outputTopicName":["q5_out"],"inputTopicName":["aucBids"],"commEveryMs":100,"flushMs":100,"snapEveryS":10,"duration":180,"bufMaxSize":131072,"epoch":1,"waitEnd":true,"numChangelogPartition":4,"numInPartition":4,"gua":4,"serdeFormat":1}, node constraint is 5,6,7,8
encoded json is {"aid":"q5","numOutPartition":"BA==","numSubstreamProducer":"BA==","outputTopicName":["q5_out"],"inputTopicName":["aucBids"],"commEveryMs":100,"flushMs":100,"snapEveryS":10,"duration":180,"bufMaxSize":131072,"epoch":1,"waitEnd":true,"numChangelogPartition":4,"numInPartition":4,"ParNum":1,"gua":4,"serdeFormat":1}, node constraint is 5,6,7,8
source-0 invoke done
source-2 invoke done
source-1 invoke done
source-3 invoke done
q5bidkeyedbyauction-3 call done
q5bidkeyedbyauction-1 call done
q5bidkeyedbyauction-0 call done
q5bidkeyedbyauction-2 call done
q5aucbids-1 call done
q5maxbid-0 call done
q5maxbid-1 call done
q5maxbid-2 call done
q5maxbid-3 call done
q5aucbids-3 call done
q5aucbids-0 call done
q5aucbids-2 call done
sink processed: 2880002, throughput: (event/s) 15999.453699210586
sink_ctrl processed: 2, throughput: (event/s) 0.011110724019782338
source-0 duration: 180.006271098

sink processed: 2880002, throughput: (event/s) 15999.445927839364
sink_ctrl processed: 2, throughput: (event/s) 0.011110718623000514
source-1 duration: 180.006358532

sink_ctrl processed: 2, throughput: (event/s) 0.011110726201729496
sink processed: 2880002, throughput: (event/s) 15999.456841216674
source-2 duration: 180.006235748

sink processed: 2880002, throughput: (event/s) 15999.429614241697
sink_ctrl processed: 2, throughput: (event/s) 0.011110707294121112
source-3 duration: 180.006542073

sink processed 11520008 events, duration: 180.006542073, tp: 63997.718457
sink_ctrl processed 8 events, duration: 180.006542073, tp: 0.044443

sink processed: 2649600, throughput: (event/s) 14718.564996579309
nexmark_src_src processed: 2881283, throughput: (event/s) 16005.567296587795
nexmark_src_src_ctrl processed: 1283, throughput: (event/s) 7.1270829146328705
nexmark_src_src_data processed: 2880000, throughput: (event/s) 15998.440213673162
nexmark_src_src_epoch processed: 0, throughput: (event/s) 0
nexmark_src_src_logEntry processed: 7061, throughput: (event/s) 39.223953593314654
q5bidkeyedbyauction-0 duration: 180.017549307

nexmark_src_src_ctrl processed: 1283, throughput: (event/s) 7.127066124902013
nexmark_src_src_data processed: 2880000, throughput: (event/s) 15998.402525111302
nexmark_src_src_epoch processed: 0, throughput: (event/s) 0
nexmark_src_src_logEntry processed: 7063, throughput: (event/s) 39.23497119266011
sink processed: 2649600, throughput: (event/s) 14718.530323102397
nexmark_src_src processed: 2881283, throughput: (event/s) 16005.529591236203
q5bidkeyedbyauction-1 duration: 180.017973387

nexmark_src_src_logEntry processed: 7051, throughput: (event/s) 39.16634613491313
sink processed: 2649600, throughput: (event/s) 14717.791904561882
nexmark_src_src processed: 2881283, throughput: (event/s) 16004.726604827812
nexmark_src_src_ctrl processed: 1283, throughput: (event/s) 7.1267085648976805
nexmark_src_src_data processed: 2880000, throughput: (event/s) 15997.599896262915
nexmark_src_src_epoch processed: 0, throughput: (event/s) 0
q5bidkeyedbyauction-2 duration: 180.027005218

nexmark_src_src_data processed: 2880000, throughput: (event/s) 15998.433020145814
nexmark_src_src_epoch processed: 0, throughput: (event/s) 0
nexmark_src_src_logEntry processed: 7052, throughput: (event/s) 39.173940853495935
sink processed: 2649600, throughput: (event/s) 14718.55837853415
nexmark_src_src processed: 2881283, throughput: (event/s) 16005.560099855831
nexmark_src_src_ctrl processed: 1283, throughput: (event/s) 7.127079710016347
q5bidkeyedbyauction-3 duration: 180.01763025

nexmark_src_src_data processed 11520000 events, duration: 180.027005218
nexmark_src_src_epoch processed 0 events, duration: 180.027005218
nexmark_src_src_logEntry processed 28227 events, duration: 180.027005218
sink processed 10598400 events, duration: 180.027005218
nexmark_src_src processed 11525132 events, duration: 180.027005218
nexmark_src_src_ctrl processed 5132 events, duration: 180.027005218

bids_src_data processed: 2571805, throughput: (event/s) 14283.953548158042
bids_src_epoch processed: 0, throughput: (event/s) 0
bids_src_logEntry processed: 12410, throughput: (event/s) 68.92585694974592
sink processed: 628728, throughput: (event/s) 3491.991634834799
bids_src processed: 2573091, throughput: (event/s) 14291.096066452754
bids_src_ctrl processed: 1286, throughput: (event/s) 7.142518294711785
q5aucbids-0 duration: 180.048541276

bids_src_logEntry processed: 12517, throughput: (event/s) 69.52269029709943
sink processed: 680906, throughput: (event/s) 3781.9299320473583
bids_src processed: 2653497, throughput: (event/s) 14738.21603701226
bids_src_ctrl processed: 1286, throughput: (event/s) 7.14278019669808
bids_src_data processed: 2652211, throughput: (event/s) 14731.073256815562
bids_src_epoch processed: 0, throughput: (event/s) 0
q5aucbids-1 duration: 180.041939495

bids_src_epoch processed: 0, throughput: (event/s) 0
bids_src_logEntry processed: 12515, throughput: (event/s) 69.50798646450122
sink processed: 682966, throughput: (event/s) 3793.175508087458
bids_src processed: 2686024, throughput: (event/s) 14918.107857397157
bids_src_ctrl processed: 1286, throughput: (event/s) 7.142410754562411
bids_src_data processed: 2684738, throughput: (event/s) 14910.965446642595
q5aucbids-2 duration: 180.051252188

bids_src_data processed: 2689646, throughput: (event/s) 14938.682315808002
bids_src_epoch processed: 0, throughput: (event/s) 0
bids_src_logEntry processed: 12571, throughput: (event/s) 69.82114947172319
sink processed: 681829, throughput: (event/s) 3786.9767340033054
bids_src processed: 2690932, throughput: (event/s) 14945.824945528839
bids_src_ctrl processed: 1286, throughput: (event/s) 7.14262972083653
q5aucbids-3 duration: 180.045732491

bids_src_data processed 10598400 events, duration: 180.051252188
bids_src_epoch processed 0 events, duration: 180.051252188
bids_src_logEntry processed 50013 events, duration: 180.051252188
sink processed 2674429 events, duration: 180.051252188
bids_src processed 10603544 events, duration: 180.051252188
bids_src_ctrl processed 5144 events, duration: 180.051252188

eventTimeLatency_sink, p50: 54 ms, p90: 111 ms, p99: 164 ms
sink processed: 335, throughput: (event/s) 1.8606764396251303
aucBids_src processed: 494589, throughput: (event/s) 2747.074924172399
aucBids_src_ctrl processed: 1286, throughput: (event/s) 7.142775824949008
aucBids_src_data processed: 493303, throughput: (event/s) 2739.9321483474496
aucBids_src_epoch processed: 0, throughput: (event/s) 0
aucBids_src_logEntry processed: 7178, throughput: (event/s) 39.868464130236376
q5maxbid-0 duration: 180.04204969

eventTimeLatency_sink, p50: 55 ms, p90: 122 ms, p99: 167 ms
aucBids_src processed: 786414, throughput: (event/s) 4367.949634632656
aucBids_src_ctrl processed: 1286, throughput: (event/s) 7.142781321463753
aucBids_src_data processed: 785128, throughput: (event/s) 4360.806853311193
aucBids_src_epoch processed: 0, throughput: (event/s) 0
aucBids_src_logEntry processed: 9261, throughput: (event/s) 51.43802318668415
sink processed: 615, throughput: (event/s) 3.415871316252106
q5maxbid-1 duration: 180.041911144

eventTimeLatency_sink, p50: 60 ms, p90: 118 ms, p99: 162 ms
aucBids_src_epoch processed: 0, throughput: (event/s) 0
aucBids_src_logEntry processed: 8665, throughput: (event/s) 48.127317111041755
sink processed: 457, throughput: (event/s) 2.5382785827750816
aucBids_src processed: 656754, throughput: (event/s) 3647.756263352004
aucBids_src_ctrl processed: 1286, throughput: (event/s) 7.142727040369267
aucBids_src_data processed: 655468, throughput: (event/s) 3640.613536311635
q5maxbid-2 duration: 180.043279371

eventTimeLatency_sink, p50: 61 ms, p90: 122 ms, p99: 167 ms
aucBids_src_ctrl processed: 1286, throughput: (event/s) 7.1427202796244025
aucBids_src_data processed: 740530, throughput: (event/s) 4113.062712807356
aucBids_src_epoch processed: 0, throughput: (event/s) 0
aucBids_src_logEntry processed: 8140, throughput: (event/s) 45.21130876838463
sink processed: 527, throughput: (event/s) 2.927071218788538
aucBids_src processed: 741816, throughput: (event/s) 4120.20543308698
q5maxbid-3 duration: 180.043449786

aucBids_src_logEntry processed 33244 events, duration: 180.043449786
sink processed 1934 events, duration: 180.043449786
aucBids_src processed 2679573 events, duration: 180.043449786
aucBids_src_ctrl processed 5144 events, duration: 180.043449786
aucBids_src_data processed 2674429 events, duration: 180.043449786
aucBids_src_epoch processed 0 events, duration: 180.043449786

