wait for last: true, sink max_buf_size: 131072
warmup: 0
config: map[NodeConstraint:"1,2,3,4" NumInstance:8 OutputTopicName:["nexmark_src"] funcName:"source"]
config: map[InputTopicNames:["nexmark_src"] NodeConstraint:"5,6,7,8" NumInstance:8 NumSrcProducer:[1] OutputTopicName:["q8_aucsBySellerID_out","q8_personsByID_out"] funcName:"q8GroupBy"]
config: map[Final:true InputTopicNames:["q8_aucsBySellerID_out","q8_personsByID_out"] NodeConstraint:"5,6,7,8" NumInstance:8 NumSrcProducer:[8,8] OutputTopicName:["q8_out"] funcName:"q8JoinStream"]
srcInvokeConfig: &{FinalTpNames:[q8_out] TopicName:nexmark_src AppId:q8 NodeConstraint:1,2,3,4 AdditionalBytes:0 ScaleEpoch:0 NumOutPartition:8 InstanceID:0 NumSrcInstance:8}
cliNodes: [0xc0000261c0 0xc000026200]
inParamsMap: map[q8GroupBy:[0xc00007eaa0 0xc00007eb40 0xc00007ebe0 0xc00007ec80 0xc00007ed20 0xc00007edc0 0xc00007ee60 0xc00007ef00] q8JoinStream:[0xc00007efa0 0xc00007f040 0xc00007f0e0 0xc00007f180 0xc00007f220 0xc00007f2c0 0xc00007f360 0xc00007f400]]
configScaleInput: &{Config:map[changelog:8 nexmark_src:8 q8GroupBy:8 q8JoinStream:8 q8_aucsBySellerID_out:8 q8_out:8 q8_personsByID_out:8 source:8] AppId:q8 FuncNames:[source q8GroupBy q8JoinStream] BufMaxSize:131072 ScaleEpoch:0 SerdeFormat:1 Bootstrap:false}
encoded json is {"sg":{"changelog":8,"nexmark_src":8,"q8GroupBy":8,"q8JoinStream":8,"q8_aucsBySellerID_out":8,"q8_out":8,"q8_personsByID_out":8,"source":8},"aid":"q8","fns":["source","q8GroupBy","q8JoinStream"],"bufMaxSize":131072,"epoch":1,"serdeFormat":1,"bs":true}, node constraint is 1
func source url is http://ip-172-31-15-62.us-east-2.compute.internal:8080/function/source
func source url is http://ip-172-31-15-62.us-east-2.compute.internal:8080/function/source
func source url is http://ip-172-31-15-62.us-east-2.compute.internal:8080/function/source
func source url is http://ip-172-31-15-62.us-east-2.compute.internal:8080/function/source
func source url is http://ip-172-31-15-62.us-east-2.compute.internal:8080/function/source
func source url is http://ip-172-31-15-62.us-east-2.compute.internal:8080/function/source
src instance: 8
func source url is http://ip-172-31-15-62.us-east-2.compute.internal:8080/function/source
func source url is http://ip-172-31-15-62.us-east-2.compute.internal:8080/function/source
encoded json is {"topic_name":"nexmark_src","rate_shape":"square","aid":"q8","events_num":20160000,"rate_period":10000000000,"finOutTpNs":["q8_out"],"first_event_rate":112000,"next_event_rate":112000,"bid_avg_size":100,"person_avg_size":200,"auction_avg_size":500,"duration":180,"person_proportion":1,"auction_proportion":3,"bid_proportion":46,"bid_hot_ratio_auctions":2,"bid_hot_ratio_bidders":4,"auction_hot_ratio_sellers":4,"flushms":100,"bufMaxSize":131072,"commEveryMs":100,"rate_limited":false,"waitEnd":true,"serde_format":1,"numOutPar":8,"parNum":2,"nSrcIns":8,"gua":2}, node constraint is 1,2,3,4
encoded json is {"topic_name":"nexmark_src","rate_shape":"square","aid":"q8","events_num":20160000,"rate_period":10000000000,"finOutTpNs":["q8_out"],"first_event_rate":112000,"next_event_rate":112000,"bid_avg_size":100,"person_avg_size":200,"auction_avg_size":500,"duration":180,"person_proportion":1,"auction_proportion":3,"bid_proportion":46,"bid_hot_ratio_auctions":2,"bid_hot_ratio_bidders":4,"auction_hot_ratio_sellers":4,"flushms":100,"bufMaxSize":131072,"commEveryMs":100,"rate_limited":false,"waitEnd":true,"serde_format":1,"numOutPar":8,"parNum":6,"nSrcIns":8,"gua":2}, node constraint is 1,2,3,4
encoded json is {"topic_name":"nexmark_src","rate_shape":"square","aid":"q8","events_num":20160000,"rate_period":10000000000,"finOutTpNs":["q8_out"],"first_event_rate":112000,"next_event_rate":112000,"bid_avg_size":100,"person_avg_size":200,"auction_avg_size":500,"duration":180,"person_proportion":1,"auction_proportion":3,"bid_proportion":46,"bid_hot_ratio_auctions":2,"bid_hot_ratio_bidders":4,"auction_hot_ratio_sellers":4,"flushms":100,"bufMaxSize":131072,"commEveryMs":100,"rate_limited":false,"waitEnd":true,"serde_format":1,"numOutPar":8,"parNum":1,"nSrcIns":8,"gua":2}, node constraint is 1,2,3,4
encoded json is {"topic_name":"nexmark_src","rate_shape":"square","aid":"q8","events_num":20160000,"rate_period":10000000000,"finOutTpNs":["q8_out"],"first_event_rate":112000,"next_event_rate":112000,"bid_avg_size":100,"person_avg_size":200,"auction_avg_size":500,"duration":180,"person_proportion":1,"auction_proportion":3,"bid_proportion":46,"bid_hot_ratio_auctions":2,"bid_hot_ratio_bidders":4,"auction_hot_ratio_sellers":4,"flushms":100,"bufMaxSize":131072,"commEveryMs":100,"rate_limited":false,"waitEnd":true,"serde_format":1,"numOutPar":8,"parNum":4,"nSrcIns":8,"gua":2}, node constraint is 1,2,3,4
encoded json is {"topic_name":"nexmark_src","rate_shape":"square","aid":"q8","events_num":20160000,"rate_period":10000000000,"finOutTpNs":["q8_out"],"first_event_rate":112000,"next_event_rate":112000,"bid_avg_size":100,"person_avg_size":200,"auction_avg_size":500,"duration":180,"person_proportion":1,"auction_proportion":3,"bid_proportion":46,"bid_hot_ratio_auctions":2,"bid_hot_ratio_bidders":4,"auction_hot_ratio_sellers":4,"flushms":100,"bufMaxSize":131072,"commEveryMs":100,"rate_limited":false,"waitEnd":true,"serde_format":1,"numOutPar":8,"nSrcIns":8,"gua":2}, node constraint is 1,2,3,4
encoded json is {"topic_name":"nexmark_src","rate_shape":"square","aid":"q8","events_num":20160000,"rate_period":10000000000,"finOutTpNs":["q8_out"],"first_event_rate":112000,"next_event_rate":112000,"bid_avg_size":100,"person_avg_size":200,"auction_avg_size":500,"duration":180,"person_proportion":1,"auction_proportion":3,"bid_proportion":46,"bid_hot_ratio_auctions":2,"bid_hot_ratio_bidders":4,"auction_hot_ratio_sellers":4,"flushms":100,"bufMaxSize":131072,"commEveryMs":100,"rate_limited":false,"waitEnd":true,"serde_format":1,"numOutPar":8,"parNum":7,"nSrcIns":8,"gua":2}, node constraint is 1,2,3,4
encoded json is {"topic_name":"nexmark_src","rate_shape":"square","aid":"q8","events_num":20160000,"rate_period":10000000000,"finOutTpNs":["q8_out"],"first_event_rate":112000,"next_event_rate":112000,"bid_avg_size":100,"person_avg_size":200,"auction_avg_size":500,"duration":180,"person_proportion":1,"auction_proportion":3,"bid_proportion":46,"bid_hot_ratio_auctions":2,"bid_hot_ratio_bidders":4,"auction_hot_ratio_sellers":4,"flushms":100,"bufMaxSize":131072,"commEveryMs":100,"rate_limited":false,"waitEnd":true,"serde_format":1,"numOutPar":8,"parNum":3,"nSrcIns":8,"gua":2}, node constraint is 1,2,3,4
encoded json is {"topic_name":"nexmark_src","rate_shape":"square","aid":"q8","events_num":20160000,"rate_period":10000000000,"finOutTpNs":["q8_out"],"first_event_rate":112000,"next_event_rate":112000,"bid_avg_size":100,"person_avg_size":200,"auction_avg_size":500,"duration":180,"person_proportion":1,"auction_proportion":3,"bid_proportion":46,"bid_hot_ratio_auctions":2,"bid_hot_ratio_bidders":4,"auction_hot_ratio_sellers":4,"flushms":100,"bufMaxSize":131072,"commEveryMs":100,"rate_limited":false,"waitEnd":true,"serde_format":1,"numOutPar":8,"parNum":5,"nSrcIns":8,"gua":2}, node constraint is 1,2,3,4
Waiting for all client to return
func name is q8JoinStream
func url is http://ip-172-31-15-62.us-east-2.compute.internal:8080/function/q8JoinStream
func name is q8GroupBy
func name is q8JoinStream
func url is http://ip-172-31-15-62.us-east-2.compute.internal:8080/function/q8JoinStream
func name is q8JoinStream
func url is http://ip-172-31-15-62.us-east-2.compute.internal:8080/function/q8JoinStream
func name is q8JoinStream
func url is http://ip-172-31-15-62.us-east-2.compute.internal:8080/function/q8JoinStream
func name is q8JoinStream
func url is http://ip-172-31-15-62.us-east-2.compute.internal:8080/function/q8JoinStream
func name is q8GroupBy
func url is http://ip-172-31-15-62.us-east-2.compute.internal:8080/function/q8GroupBy
func name is q8JoinStream
func url is http://ip-172-31-15-62.us-east-2.compute.internal:8080/function/q8JoinStream
func name is q8GroupBy
func name is q8GroupBy
func url is http://ip-172-31-15-62.us-east-2.compute.internal:8080/function/q8GroupBy
func name is q8GroupBy
func url is http://ip-172-31-15-62.us-east-2.compute.internal:8080/function/q8GroupBy
func name is q8GroupBy
func url is http://ip-172-31-15-62.us-east-2.compute.internal:8080/function/q8GroupBy
func name is q8GroupBy
func url is http://ip-172-31-15-62.us-east-2.compute.internal:8080/function/q8GroupBy
encoded json is {"aid":"q8","numOutPartition":"CA==","numSubstreamProducer":"CAg=","outputTopicName":["q8_out"],"inputTopicName":["q8_aucsBySellerID_out","q8_personsByID_out"],"commEveryMs":100,"flushMs":100,"snapEveryS":10,"duration":180,"bufMaxSize":131072,"epoch":1,"waitEnd":true,"numChangelogPartition":8,"numInPartition":8,"ParNum":7,"gua":2,"serdeFormat":1}, node constraint is 5,6,7,8
func name is q8GroupBy
func url is http://ip-172-31-15-62.us-east-2.compute.internal:8080/function/q8GroupBy
func name is q8JoinStream
func url is http://ip-172-31-15-62.us-east-2.compute.internal:8080/function/q8JoinStream
func url is http://ip-172-31-15-62.us-east-2.compute.internal:8080/function/q8GroupBy
func url is http://ip-172-31-15-62.us-east-2.compute.internal:8080/function/q8GroupBy
func name is q8JoinStream
func url is http://ip-172-31-15-62.us-east-2.compute.internal:8080/function/q8JoinStream
encoded json is {"aid":"q8","numOutPartition":"CA==","numSubstreamProducer":"CAg=","outputTopicName":["q8_out"],"inputTopicName":["q8_aucsBySellerID_out","q8_personsByID_out"],"commEveryMs":100,"flushMs":100,"snapEveryS":10,"duration":180,"bufMaxSize":131072,"epoch":1,"waitEnd":true,"numChangelogPartition":8,"numInPartition":8,"ParNum":1,"gua":2,"serdeFormat":1}, node constraint is 5,6,7,8
encoded json is {"aid":"q8","numOutPartition":"CA==","numSubstreamProducer":"CAg=","outputTopicName":["q8_out"],"inputTopicName":["q8_aucsBySellerID_out","q8_personsByID_out"],"commEveryMs":100,"flushMs":100,"snapEveryS":10,"duration":180,"bufMaxSize":131072,"epoch":1,"waitEnd":true,"numChangelogPartition":8,"numInPartition":8,"ParNum":4,"gua":2,"serdeFormat":1}, node constraint is 5,6,7,8
encoded json is {"aid":"q8","numOutPartition":"CA==","numSubstreamProducer":"CAg=","outputTopicName":["q8_out"],"inputTopicName":["q8_aucsBySellerID_out","q8_personsByID_out"],"commEveryMs":100,"flushMs":100,"snapEveryS":10,"duration":180,"bufMaxSize":131072,"epoch":1,"waitEnd":true,"numChangelogPartition":8,"numInPartition":8,"ParNum":5,"gua":2,"serdeFormat":1}, node constraint is 5,6,7,8
encoded json is {"aid":"q8","numOutPartition":"CA==","numSubstreamProducer":"CAg=","outputTopicName":["q8_out"],"inputTopicName":["q8_aucsBySellerID_out","q8_personsByID_out"],"commEveryMs":100,"flushMs":100,"snapEveryS":10,"duration":180,"bufMaxSize":131072,"epoch":1,"waitEnd":true,"numChangelogPartition":8,"numInPartition":8,"gua":2,"serdeFormat":1}, node constraint is 5,6,7,8
encoded json is {"aid":"q8","numOutPartition":"CA==","numSubstreamProducer":"CAg=","outputTopicName":["q8_out"],"inputTopicName":["q8_aucsBySellerID_out","q8_personsByID_out"],"commEveryMs":100,"flushMs":100,"snapEveryS":10,"duration":180,"bufMaxSize":131072,"epoch":1,"waitEnd":true,"numChangelogPartition":8,"numInPartition":8,"ParNum":2,"gua":2,"serdeFormat":1}, node constraint is 5,6,7,8
encoded json is {"aid":"q8","numOutPartition":"CAg=","numSubstreamProducer":"AQ==","outputTopicName":["q8_aucsBySellerID_out","q8_personsByID_out"],"inputTopicName":["nexmark_src"],"commEveryMs":100,"flushMs":100,"snapEveryS":10,"duration":180,"bufMaxSize":131072,"epoch":1,"waitEnd":true,"numChangelogPartition":8,"numInPartition":8,"ParNum":4,"gua":2,"serdeFormat":1}, node constraint is 5,6,7,8
encoded json is {"aid":"q8","numOutPartition":"CAg=","numSubstreamProducer":"AQ==","outputTopicName":["q8_aucsBySellerID_out","q8_personsByID_out"],"inputTopicName":["nexmark_src"],"commEveryMs":100,"flushMs":100,"snapEveryS":10,"duration":180,"bufMaxSize":131072,"epoch":1,"waitEnd":true,"numChangelogPartition":8,"numInPartition":8,"ParNum":1,"gua":2,"serdeFormat":1}, node constraint is 5,6,7,8
encoded json is {"aid":"q8","numOutPartition":"CAg=","numSubstreamProducer":"AQ==","outputTopicName":["q8_aucsBySellerID_out","q8_personsByID_out"],"inputTopicName":["nexmark_src"],"commEveryMs":100,"flushMs":100,"snapEveryS":10,"duration":180,"bufMaxSize":131072,"epoch":1,"waitEnd":true,"numChangelogPartition":8,"numInPartition":8,"ParNum":7,"gua":2,"serdeFormat":1}, node constraint is 5,6,7,8
encoded json is {"aid":"q8","numOutPartition":"CA==","numSubstreamProducer":"CAg=","outputTopicName":["q8_out"],"inputTopicName":["q8_aucsBySellerID_out","q8_personsByID_out"],"commEveryMs":100,"flushMs":100,"snapEveryS":10,"duration":180,"bufMaxSize":131072,"epoch":1,"waitEnd":true,"numChangelogPartition":8,"numInPartition":8,"ParNum":6,"gua":2,"serdeFormat":1}, node constraint is 5,6,7,8
encoded json is {"aid":"q8","numOutPartition":"CAg=","numSubstreamProducer":"AQ==","outputTopicName":["q8_aucsBySellerID_out","q8_personsByID_out"],"inputTopicName":["nexmark_src"],"commEveryMs":100,"flushMs":100,"snapEveryS":10,"duration":180,"bufMaxSize":131072,"epoch":1,"waitEnd":true,"numChangelogPartition":8,"numInPartition":8,"ParNum":3,"gua":2,"serdeFormat":1}, node constraint is 5,6,7,8
encoded json is {"aid":"q8","numOutPartition":"CAg=","numSubstreamProducer":"AQ==","outputTopicName":["q8_aucsBySellerID_out","q8_personsByID_out"],"inputTopicName":["nexmark_src"],"commEveryMs":100,"flushMs":100,"snapEveryS":10,"duration":180,"bufMaxSize":131072,"epoch":1,"waitEnd":true,"numChangelogPartition":8,"numInPartition":8,"ParNum":6,"gua":2,"serdeFormat":1}, node constraint is 5,6,7,8
encoded json is {"aid":"q8","numOutPartition":"CAg=","numSubstreamProducer":"AQ==","outputTopicName":["q8_aucsBySellerID_out","q8_personsByID_out"],"inputTopicName":["nexmark_src"],"commEveryMs":100,"flushMs":100,"snapEveryS":10,"duration":180,"bufMaxSize":131072,"epoch":1,"waitEnd":true,"numChangelogPartition":8,"numInPartition":8,"gua":2,"serdeFormat":1}, node constraint is 5,6,7,8
encoded json is {"aid":"q8","numOutPartition":"CAg=","numSubstreamProducer":"AQ==","outputTopicName":["q8_aucsBySellerID_out","q8_personsByID_out"],"inputTopicName":["nexmark_src"],"commEveryMs":100,"flushMs":100,"snapEveryS":10,"duration":180,"bufMaxSize":131072,"epoch":1,"waitEnd":true,"numChangelogPartition":8,"numInPartition":8,"ParNum":2,"gua":2,"serdeFormat":1}, node constraint is 5,6,7,8
encoded json is {"aid":"q8","numOutPartition":"CAg=","numSubstreamProducer":"AQ==","outputTopicName":["q8_aucsBySellerID_out","q8_personsByID_out"],"inputTopicName":["nexmark_src"],"commEveryMs":100,"flushMs":100,"snapEveryS":10,"duration":180,"bufMaxSize":131072,"epoch":1,"waitEnd":true,"numChangelogPartition":8,"numInPartition":8,"ParNum":5,"gua":2,"serdeFormat":1}, node constraint is 5,6,7,8
encoded json is {"aid":"q8","numOutPartition":"CA==","numSubstreamProducer":"CAg=","outputTopicName":["q8_out"],"inputTopicName":["q8_aucsBySellerID_out","q8_personsByID_out"],"commEveryMs":100,"flushMs":100,"snapEveryS":10,"duration":180,"bufMaxSize":131072,"epoch":1,"waitEnd":true,"numChangelogPartition":8,"numInPartition":8,"ParNum":3,"gua":2,"serdeFormat":1}, node constraint is 5,6,7,8
source-2 invoke done
source-1 invoke done
source-0 invoke done
source-5 invoke done
source-7 invoke done
source-6 invoke done
source-4 invoke done
source-3 invoke done
q8GroupBy-2 call done
q8GroupBy-7 call done
q8GroupBy-6 call done
q8GroupBy-1 call done
q8GroupBy-5 call done
q8GroupBy-4 call done
q8GroupBy-0 call done
q8GroupBy-3 call done
q8JoinStream-0 call done
q8JoinStream-4 call done
q8JoinStream-5 call done
q8JoinStream-2 call done
q8JoinStream-6 call done
q8JoinStream-7 call done
q8JoinStream-1 call done
q8JoinStream-3 call done
sink processed: 2520001, throughput: (event/s) 13999.8467712379
sink_ctrl processed: 1, throughput: (event/s) 0.005555492545930696
source-0 duration: 180.002041535

sink processed: 2520001, throughput: (event/s) 13999.843381058723
sink_ctrl processed: 1, throughput: (event/s) 0.005555491200622032
source-1 duration: 180.002085124

sink processed: 2520001, throughput: (event/s) 13999.809405470402
sink_ctrl processed: 1, throughput: (event/s) 0.005555477718251065
source-2 duration: 180.002521964

sink processed: 2520001, throughput: (event/s) 13999.140039123842
sink_ctrl processed: 1, throughput: (event/s) 0.005555212096790375
source-3 duration: 180.011128752

sink_ctrl processed: 1, throughput: (event/s) 0.00555532704535622
sink processed: 2520001, throughput: (event/s) 13999.429709624721
source-4 duration: 180.007404035

sink processed: 2520001, throughput: (event/s) 13999.74186730643
sink_ctrl processed: 1, throughput: (event/s) 0.005555450917402982
source-5 duration: 180.00339034

sink processed: 2520001, throughput: (event/s) 13999.752078844365
sink_ctrl processed: 1, throughput: (event/s) 0.005555454969598967
source-6 duration: 180.003259044

sink processed: 2520001, throughput: (event/s) 13999.877647384526
sink_ctrl processed: 1, throughput: (event/s) 0.0055555047983649715
source-7 duration: 180.001644548

sink processed 20160008 events, duration: 180.011128752, tp: 111993.120313
sink_ctrl processed 8 events, duration: 180.011128752, tp: 0.044442

nexmark_src_src processed: 2520001, throughput: (event/s) 13994.456384534175
nexmark_src_src_ctrl processed: 1, throughput: (event/s) 0.005553353504436774
nexmark_src_src_data processed: 2520000, throughput: (event/s) 13994.45083118067
nexmark_src_src_epoch processed: 0, throughput: (event/s) 0
nexmark_src_src_logEntry processed: 5269, throughput: (event/s) 29.260619614877363
personsByIDSink processed: 50400, throughput: (event/s) 279.88901662361343
auctionsBySellerIDSink processed: 151200, throughput: (event/s) 839.6670498708402
q8GroupBy-0 duration: 180.071374747

nexmark_src_src_logEntry processed: 5275, throughput: (event/s) 29.295649030021583
personsByIDSink processed: 50400, throughput: (event/s) 279.9053480783105
auctionsBySellerIDSink processed: 151200, throughput: (event/s) 839.7160442349315
nexmark_src_src processed: 2520001, throughput: (event/s) 13995.272957593066
nexmark_src_src_ctrl processed: 1, throughput: (event/s) 0.00555367754123632
nexmark_src_src_data processed: 2520000, throughput: (event/s) 13995.267403915524
nexmark_src_src_epoch processed: 0, throughput: (event/s) 0
q8GroupBy-1 duration: 180.06086824

auctionsBySellerIDSink processed: 151200, throughput: (event/s) 839.7532401618931
nexmark_src_src processed: 2520001, throughput: (event/s) 13995.892889955097
nexmark_src_src_ctrl processed: 1, throughput: (event/s) 0.005553923546044267
nexmark_src_src_data processed: 2520000, throughput: (event/s) 13995.887336031552
nexmark_src_src_epoch processed: 0, throughput: (event/s) 0
nexmark_src_src_logEntry processed: 5281, throughput: (event/s) 29.330270246659772
personsByIDSink processed: 50400, throughput: (event/s) 279.91774672063104
q8GroupBy-2 duration: 180.052892646

nexmark_src_src processed: 2520001, throughput: (event/s) 13993.953540866945
nexmark_src_src_ctrl processed: 1, throughput: (event/s) 0.005553153963378167
nexmark_src_src_data processed: 2520000, throughput: (event/s) 13993.947987712982
nexmark_src_src_epoch processed: 0, throughput: (event/s) 0
nexmark_src_src_logEntry processed: 5277, throughput: (event/s) 29.30399346474659
personsByIDSink processed: 50400, throughput: (event/s) 279.87895975425965
auctionsBySellerIDSink processed: 151200, throughput: (event/s) 839.636879262779
q8GroupBy-3 duration: 180.077845238

personsByIDSink processed: 50400, throughput: (event/s) 279.8913278489822
auctionsBySellerIDSink processed: 151200, throughput: (event/s) 839.6739835469466
nexmark_src_src processed: 2520001, throughput: (event/s) 13994.571945848473
nexmark_src_src_ctrl processed: 1, throughput: (event/s) 0.0055533993620829804
nexmark_src_src_data processed: 2520000, throughput: (event/s) 13994.566392449111
nexmark_src_src_epoch processed: 0, throughput: (event/s) 0
nexmark_src_src_logEntry processed: 5284, throughput: (event/s) 29.344162229246468
q8GroupBy-4 duration: 180.069887793

nexmark_src_src_epoch processed: 0, throughput: (event/s) 0
nexmark_src_src_logEntry processed: 5277, throughput: (event/s) 29.306028247092044
personsByIDSink processed: 50400, throughput: (event/s) 279.8983937186733
auctionsBySellerIDSink processed: 151200, throughput: (event/s) 839.6951811560199
nexmark_src_src processed: 2520001, throughput: (event/s) 13994.925239473223
nexmark_src_src_ctrl processed: 1, throughput: (event/s) 0.005553539557910185
nexmark_src_src_data processed: 2520000, throughput: (event/s) 13994.919685933664
q8GroupBy-5 duration: 180.065342035

nexmark_src_src_logEntry processed: 5283, throughput: (event/s) 29.340565489006003
personsByIDSink processed: 50400, throughput: (event/s) 279.90999444366884
auctionsBySellerIDSink processed: 151200, throughput: (event/s) 839.7299833310066
nexmark_src_src processed: 2520001, throughput: (event/s) 13995.505275953174
nexmark_src_src_ctrl processed: 1, throughput: (event/s) 0.005553769731025175
nexmark_src_src_data processed: 2520000, throughput: (event/s) 13995.499722183442
nexmark_src_src_epoch processed: 0, throughput: (event/s) 0
q8GroupBy-6 duration: 180.05787932

nexmark_src_src_ctrl processed: 1, throughput: (event/s) 0.005553831006054561
nexmark_src_src_data processed: 2520000, throughput: (event/s) 13995.654135257493
nexmark_src_src_epoch processed: 0, throughput: (event/s) 0
nexmark_src_src_logEntry processed: 5268, throughput: (event/s) 29.257581739895425
personsByIDSink processed: 50400, throughput: (event/s) 279.91308270514986
auctionsBySellerIDSink processed: 151200, throughput: (event/s) 839.7392481154496
nexmark_src_src processed: 2520001, throughput: (event/s) 13995.6596890885
q8GroupBy-7 duration: 180.055892754

auctionsBySellerIDSink processed 1209600 events, duration: 180.077845238
nexmark_src_src processed 20160008 events, duration: 180.077845238
nexmark_src_src_ctrl processed 8 events, duration: 180.077845238
nexmark_src_src_data processed 20160000 events, duration: 180.077845238
nexmark_src_src_epoch processed 0 events, duration: 180.077845238
nexmark_src_src_logEntry processed 42214 events, duration: 180.077845238
personsByIDSink processed 403200 events, duration: 180.077845238

eventTimeLatency_sink, p50: 132 ms, p90: 208 ms, p99: 290 ms
personsByIDSrc_data processed: 50440, throughput: (event/s) 280.08703739048104
personsByIDSrc_logEntry processed: 11362, throughput: (event/s) 63.091770793628974
auctionsBySellerIDSrc_ctrl processed: 8, throughput: (event/s) 0.04442300355122618
personsByIDSrc_epoch processed: 11362, throughput: (event/s) 63.091770793628974
auctionsBySellerIDSrc processed: 146143, throughput: (event/s) 811.5138759983558
sink processed: 1080698, throughput: (event/s) 6000.981386475378
personsByIDSrc processed: 61810, throughput: (event/s) 343.2232311876612
personsByIDSrc_ctrl processed: 8, throughput: (event/s) 0.04442300355122618
auctionsBySellerIDSrc_logEntry processed: 11109, throughput: (event/s) 61.68689330632145
auctionsBySellerIDSrc_data processed: 135026, throughput: (event/s) 749.7825596884832
auctionsBySellerIDSrc_epoch processed: 11109, throughput: (event/s) 61.68689330632145
q8JoinStream-0 duration: 180.086877529

eventTimeLatency_sink, p50: 132 ms, p90: 202 ms, p99: 305 ms
sink processed: 1283752, throughput: (event/s) 7128.476273410997
personsByIDSrc processed: 61903, throughput: (event/s) 343.7377832735302
auctionsBySellerIDSrc_ctrl processed: 8, throughput: (event/s) 0.044422762486280826
auctionsBySellerIDSrc_data processed: 160375, throughput: (event/s) 890.5375667171609
auctionsBySellerIDSrc_logEntry processed: 11102, throughput: (event/s) 61.64768864033621
personsByIDSrc_data processed: 50504, throughput: (event/s) 280.44089957589085
personsByIDSrc_logEntry processed: 11391, throughput: (event/s) 63.25246093515311
auctionsBySellerIDSrc processed: 171485, throughput: (event/s) 952.2296781199834
auctionsBySellerIDSrc_epoch processed: 11102, throughput: (event/s) 61.64768864033621
personsByIDSrc_ctrl processed: 8, throughput: (event/s) 0.044422762486280826
personsByIDSrc_epoch processed: 11391, throughput: (event/s) 63.25246093515311
q8JoinStream-1 duration: 180.08785479

eventTimeLatency_sink, p50: 133 ms, p90: 204 ms, p99: 276 ms
auctionsBySellerIDSrc_data processed: 151736, throughput: (event/s) 842.5619462753064
personsByIDSrc_ctrl processed: 8, throughput: (event/s) 0.044422520497459074
sink processed: 1214570, throughput: (event/s) 6744.2825900748585
personsByIDSrc_epoch processed: 11413, throughput: (event/s) 63.37427830468756
personsByIDSrc_logEntry processed: 11413, throughput: (event/s) 63.37427830468756
auctionsBySellerIDSrc processed: 162851, throughput: (event/s) 904.2814856914636
auctionsBySellerIDSrc_logEntry processed: 11107, throughput: (event/s) 61.67511689565975
personsByIDSrc processed: 62301, throughput: (event/s) 345.94593118902475
personsByIDSrc_data processed: 50880, throughput: (event/s) 282.52723036383975
auctionsBySellerIDSrc_ctrl processed: 8, throughput: (event/s) 0.044422520497459074
auctionsBySellerIDSrc_epoch processed: 11107, throughput: (event/s) 61.67511689565975
q8JoinStream-2 duration: 180.088835807

eventTimeLatency_sink, p50: 132 ms, p90: 200 ms, p99: 289 ms
auctionsBySellerIDSrc_data processed: 169063, throughput: (event/s) 938.7675928228908
personsByIDSrc_ctrl processed: 8, throughput: (event/s) 0.04442214288509684
auctionsBySellerIDSrc_epoch processed: 11137, throughput: (event/s) 61.841175663915436
auctionsBySellerIDSrc_logEntry processed: 11137, throughput: (event/s) 61.841175663915436
personsByIDSrc_epoch processed: 11406, throughput: (event/s) 63.334870218426815
personsByIDSrc_logEntry processed: 11406, throughput: (event/s) 63.334870218426815
sink processed: 1353309, throughput: (event/s) 7514.61072071094
auctionsBySellerIDSrc_ctrl processed: 8, throughput: (event/s) 0.04442214288509684
personsByIDSrc processed: 61422, throughput: (event/s) 341.0621075360523
auctionsBySellerIDSrc processed: 180208, throughput: (event/s) 1000.6531906296914
personsByIDSrc_data processed: 50008, throughput: (event/s) 277.6828151747403
q8JoinStream-3 duration: 180.09036666

eventTimeLatency_sink, p50: 135 ms, p90: 209 ms, p99: 299 ms
personsByIDSrc_data processed: 49768, throughput: (event/s) 276.34864169069965
auctionsBySellerIDSrc processed: 159692, throughput: (event/s) 886.7277625958691
auctionsBySellerIDSrc_ctrl processed: 8, throughput: (event/s) 0.04442190028784756
auctionsBySellerIDSrc_logEntry processed: 11107, throughput: (event/s) 61.67425581214036
personsByIDSrc_epoch processed: 11360, throughput: (event/s) 63.07909840874353
auctionsBySellerIDSrc_data processed: 148577, throughput: (event/s) 825.0090848834409
personsByIDSrc_logEntry processed: 11360, throughput: (event/s) 63.07909840874353
sink processed: 1174726, throughput: (event/s) 6522.945154692751
personsByIDSrc processed: 61136, throughput: (event/s) 339.47216199973104
personsByIDSrc_ctrl processed: 8, throughput: (event/s) 0.04442190028784756
auctionsBySellerIDSrc_epoch processed: 11107, throughput: (event/s) 61.67425581214036
q8JoinStream-4 duration: 180.091350171

eventTimeLatency_sink, p50: 129 ms, p90: 191 ms, p99: 271 ms
sink processed: 1108197, throughput: (event/s) 6153.612968828853
auctionsBySellerIDSrc processed: 149511, throughput: (event/s) 830.206929438151
auctionsBySellerIDSrc_ctrl processed: 8, throughput: (event/s) 0.04442252031960998
auctionsBySellerIDSrc_data processed: 138444, throughput: (event/s) 768.7539253910105
personsByIDSrc processed: 61417, throughput: (event/s) 341.03724130868574
auctionsBySellerIDSrc_epoch processed: 11059, throughput: (event/s) 61.408581526820846
personsByIDSrc_ctrl processed: 8, throughput: (event/s) 0.04442252031960998
personsByIDSrc_epoch processed: 11345, throughput: (event/s) 62.996686628246906
personsByIDSrc_data processed: 50064, throughput: (event/s) 277.99613216011926
auctionsBySellerIDSrc_logEntry processed: 11059, throughput: (event/s) 61.408581526820846
personsByIDSrc_logEntry processed: 11345, throughput: (event/s) 62.996686628246906
q8JoinStream-5 duration: 180.088836528

eventTimeLatency_sink, p50: 127 ms, p90: 191 ms, p99: 282 ms
personsByIDSrc processed: 61238, throughput: (event/s) 340.0347816319747
auctionsBySellerIDSrc_logEntry processed: 11095, throughput: (event/s) 61.606941804218934
personsByIDSrc_epoch processed: 11390, throughput: (event/s) 63.24498126634102
personsByIDSrc_ctrl processed: 8, throughput: (event/s) 0.044421409142293956
auctionsBySellerIDSrc_ctrl processed: 8, throughput: (event/s) 0.044421409142293956
personsByIDSrc_logEntry processed: 11390, throughput: (event/s) 63.24498126634102
sink processed: 1146802, throughput: (event/s) 6367.820105900125
auctionsBySellerIDSrc_data processed: 143278, throughput: (event/s) 795.5763323861993
personsByIDSrc_data processed: 49840, throughput: (event/s) 276.7453789564914
auctionsBySellerIDSrc processed: 154381, throughput: (event/s) 857.2276955995604
auctionsBySellerIDSrc_epoch processed: 11095, throughput: (event/s) 61.606941804218934
q8JoinStream-6 duration: 180.093341352

eventTimeLatency_sink, p50: 130 ms, p90: 196 ms, p99: 289 ms
auctionsBySellerIDSrc_data processed: 163101, throughput: (event/s) 905.5564609702216
auctionsBySellerIDSrc_logEntry processed: 11144, throughput: (event/s) 61.87283463039557
auctionsBySellerIDSrc processed: 174253, throughput: (event/s) 967.4737125673295
personsByIDSrc_data processed: 51696, throughput: (event/s) 287.0224388956326
sink processed: 1305664, throughput: (event/s) 7249.204303200001
personsByIDSrc_epoch processed: 11394, throughput: (event/s) 63.260864840158575
personsByIDSrc processed: 63098, throughput: (event/s) 350.3277207025036
personsByIDSrc_ctrl processed: 8, throughput: (event/s) 0.04441696671241606
personsByIDSrc_logEntry processed: 11394, throughput: (event/s) 63.260864840158575
auctionsBySellerIDSrc_ctrl processed: 8, throughput: (event/s) 0.04441696671241606
auctionsBySellerIDSrc_epoch processed: 11144, throughput: (event/s) 61.87283463039557
q8JoinStream-7 duration: 180.111353659

personsByIDSrc_data processed 403200 events, duration: 180.111353659
auctionsBySellerIDSrc processed 1298524 events, duration: 180.111353659
sink processed 9667718 events, duration: 180.111353659
personsByIDSrc_ctrl processed 64 events, duration: 180.111353659
auctionsBySellerIDSrc_data processed 1209600 events, duration: 180.111353659
auctionsBySellerIDSrc_epoch processed 88860 events, duration: 180.111353659
personsByIDSrc_logEntry processed 91061 events, duration: 180.111353659
auctionsBySellerIDSrc_ctrl processed 64 events, duration: 180.111353659
personsByIDSrc_epoch processed 91061 events, duration: 180.111353659
personsByIDSrc processed 494325 events, duration: 180.111353659
auctionsBySellerIDSrc_logEntry processed 88860 events, duration: 180.111353659

