wait for last: true
warmup: 0
config: map[NodeConstraint:"1,2,3,4" NumInstance:4 OutputTopicName:["nexmark_src"] funcName:"source"]
config: map[InputTopicNames:["nexmark_src"] NodeConstraint:"5,6,7,8" NumInstance:4 NumSrcProducer:[1] OutputTopicName:["q3_aucsBySellerID_out","q3_personsByID_out"] funcName:"q3GroupBy"]
config: map[InputTopicNames:["q3_aucsBySellerID_out","q3_personsByID_out"] NodeConstraint:"5,6,7,8" NumInstance:4 NumSrcProducer:[4,4] OutputTopicName:["q3_out"] funcName:"q3JoinTable"]
srcInvokeConfig: {TopicName:nexmark_src AppId:q3 NodeConstraint:1,2,3,4 ScaleEpoch:0 NumOutPartition:4 InstanceID:0 NumSrcInstance:4}
cliNodes: [0xc000026260 0xc0000262c0]
inParamsMap: map[q3GroupBy:[0xc000000be0 0xc000000c80 0xc000000d20 0xc000000dc0] q3JoinTable:[0xc000000e60 0xc000000f00 0xc000000fa0 0xc000001040]]
configScaleInput: {Config:map[changelog:4 nexmark_src:4 q3GroupBy:4 q3JoinTable:4 q3_aucsBySellerID_out:4 q3_out:4 q3_personsByID_out:4 source:4] AppId:q3 FuncNames:[source q3GroupBy q3JoinTable] ScaleEpoch:0 SerdeFormat:1 Bootstrap:false}
encoded json is {"sg":{"changelog":4,"nexmark_src":4,"q3GroupBy":4,"q3JoinTable":4,"q3_aucsBySellerID_out":4,"q3_out":4,"q3_personsByID_out":4,"source":4},"aid":"q3","fns":["source","q3GroupBy","q3JoinTable"],"epoch":1,"serdeFormat":1,"bs":true}, node constraint is 1
func source url is http://ip-172-31-13-128.us-east-2.compute.internal:8080/function/source
func source url is http://ip-172-31-13-128.us-east-2.compute.internal:8080/function/source
func source url is http://ip-172-31-13-128.us-east-2.compute.internal:8080/function/source
src instance: 4
encoded json is {"topic_name":"nexmark_src","rate_shape":"square","aid":"q3","events_num":92160000,"rate_period":10000000000,"bid_avg_size":100,"first_event_rate":512000,"next_event_rate":512000,"person_avg_size":200,"auction_avg_size":500,"duration":180,"person_proportion":1,"auction_proportion":3,"bid_proportion":46,"bid_hot_ratio_auctions":2,"bid_hot_ratio_bidders":4,"auction_hot_ratio_sellers":4,"flushms":100,"rate_limited":false,"waitEnd":true,"serde_format":1,"numOutPar":4,"parNum":3,"nSrcIns":4}, node constraint is 1,2,3,4
func source url is http://ip-172-31-13-128.us-east-2.compute.internal:8080/function/source
encoded json is {"topic_name":"nexmark_src","rate_shape":"square","aid":"q3","events_num":92160000,"rate_period":10000000000,"bid_avg_size":100,"first_event_rate":512000,"next_event_rate":512000,"person_avg_size":200,"auction_avg_size":500,"duration":180,"person_proportion":1,"auction_proportion":3,"bid_proportion":46,"bid_hot_ratio_auctions":2,"bid_hot_ratio_bidders":4,"auction_hot_ratio_sellers":4,"flushms":100,"rate_limited":false,"waitEnd":true,"serde_format":1,"numOutPar":4,"parNum":1,"nSrcIns":4}, node constraint is 1,2,3,4
encoded json is {"topic_name":"nexmark_src","rate_shape":"square","aid":"q3","events_num":92160000,"rate_period":10000000000,"bid_avg_size":100,"first_event_rate":512000,"next_event_rate":512000,"person_avg_size":200,"auction_avg_size":500,"duration":180,"person_proportion":1,"auction_proportion":3,"bid_proportion":46,"bid_hot_ratio_auctions":2,"bid_hot_ratio_bidders":4,"auction_hot_ratio_sellers":4,"flushms":100,"rate_limited":false,"waitEnd":true,"serde_format":1,"numOutPar":4,"nSrcIns":4}, node constraint is 1,2,3,4
encoded json is {"topic_name":"nexmark_src","rate_shape":"square","aid":"q3","events_num":92160000,"rate_period":10000000000,"bid_avg_size":100,"first_event_rate":512000,"next_event_rate":512000,"person_avg_size":200,"auction_avg_size":500,"duration":180,"person_proportion":1,"auction_proportion":3,"bid_proportion":46,"bid_hot_ratio_auctions":2,"bid_hot_ratio_bidders":4,"auction_hot_ratio_sellers":4,"flushms":100,"rate_limited":false,"waitEnd":true,"serde_format":1,"numOutPar":4,"parNum":2,"nSrcIns":4}, node constraint is 1,2,3,4
Waiting for all client to return
func name is q3JoinTable
func name is q3GroupBy
func name is q3JoinTable
func url is http://ip-172-31-13-128.us-east-2.compute.internal:8080/function/q3JoinTable
func url is http://ip-172-31-13-128.us-east-2.compute.internal:8080/function/q3GroupBy
func url is http://ip-172-31-13-128.us-east-2.compute.internal:8080/function/q3JoinTable
func name is q3GroupBy
func url is http://ip-172-31-13-128.us-east-2.compute.internal:8080/function/q3GroupBy
func name is q3JoinTable
func name is q3GroupBy
func url is http://ip-172-31-13-128.us-east-2.compute.internal:8080/function/q3GroupBy
func url is http://ip-172-31-13-128.us-east-2.compute.internal:8080/function/q3JoinTable
func name is q3GroupBy
func url is http://ip-172-31-13-128.us-east-2.compute.internal:8080/function/q3GroupBy
func name is q3JoinTable
func url is http://ip-172-31-13-128.us-east-2.compute.internal:8080/function/q3JoinTable
encoded json is {"aid":"q3","numOutPartition":"BAQ=","numSubstreamProducer":"AQ==","outputTopicName":["q3_aucsBySellerID_out","q3_personsByID_out"],"inputTopicName":["nexmark_src"],"commEveryMs":100,"flushMs":100,"snapEveryS":10,"duration":180,"epoch":1,"waitEnd":true,"numChangelogPartition":4,"numInPartition":4,"ParNum":3,"gua":3,"serdeFormat":1}, node constraint is 5,6,7,8
encoded json is {"aid":"q3","numOutPartition":"BAQ=","numSubstreamProducer":"AQ==","outputTopicName":["q3_aucsBySellerID_out","q3_personsByID_out"],"inputTopicName":["nexmark_src"],"commEveryMs":100,"flushMs":100,"snapEveryS":10,"duration":180,"epoch":1,"waitEnd":true,"numChangelogPartition":4,"numInPartition":4,"ParNum":1,"gua":3,"serdeFormat":1}, node constraint is 5,6,7,8
encoded json is {"aid":"q3","numOutPartition":"BA==","numSubstreamProducer":"BAQ=","outputTopicName":["q3_out"],"inputTopicName":["q3_aucsBySellerID_out","q3_personsByID_out"],"commEveryMs":100,"flushMs":100,"snapEveryS":10,"duration":180,"epoch":1,"waitEnd":true,"numChangelogPartition":4,"numInPartition":4,"gua":3,"serdeFormat":1}, node constraint is 5,6,7,8
encoded json is {"aid":"q3","numOutPartition":"BA==","numSubstreamProducer":"BAQ=","outputTopicName":["q3_out"],"inputTopicName":["q3_aucsBySellerID_out","q3_personsByID_out"],"commEveryMs":100,"flushMs":100,"snapEveryS":10,"duration":180,"epoch":1,"waitEnd":true,"numChangelogPartition":4,"numInPartition":4,"ParNum":1,"gua":3,"serdeFormat":1}, node constraint is 5,6,7,8
encoded json is {"aid":"q3","numOutPartition":"BA==","numSubstreamProducer":"BAQ=","outputTopicName":["q3_out"],"inputTopicName":["q3_aucsBySellerID_out","q3_personsByID_out"],"commEveryMs":100,"flushMs":100,"snapEveryS":10,"duration":180,"epoch":1,"waitEnd":true,"numChangelogPartition":4,"numInPartition":4,"ParNum":3,"gua":3,"serdeFormat":1}, node constraint is 5,6,7,8
encoded json is {"aid":"q3","numOutPartition":"BA==","numSubstreamProducer":"BAQ=","outputTopicName":["q3_out"],"inputTopicName":["q3_aucsBySellerID_out","q3_personsByID_out"],"commEveryMs":100,"flushMs":100,"snapEveryS":10,"duration":180,"epoch":1,"waitEnd":true,"numChangelogPartition":4,"numInPartition":4,"ParNum":2,"gua":3,"serdeFormat":1}, node constraint is 5,6,7,8
encoded json is {"aid":"q3","numOutPartition":"BAQ=","numSubstreamProducer":"AQ==","outputTopicName":["q3_aucsBySellerID_out","q3_personsByID_out"],"inputTopicName":["nexmark_src"],"commEveryMs":100,"flushMs":100,"snapEveryS":10,"duration":180,"epoch":1,"waitEnd":true,"numChangelogPartition":4,"numInPartition":4,"gua":3,"serdeFormat":1}, node constraint is 5,6,7,8
encoded json is {"aid":"q3","numOutPartition":"BAQ=","numSubstreamProducer":"AQ==","outputTopicName":["q3_aucsBySellerID_out","q3_personsByID_out"],"inputTopicName":["nexmark_src"],"commEveryMs":100,"flushMs":100,"snapEveryS":10,"duration":180,"epoch":1,"waitEnd":true,"numChangelogPartition":4,"numInPartition":4,"ParNum":2,"gua":3,"serdeFormat":1}, node constraint is 5,6,7,8
source-3 invoke done
source-1 invoke done
source-0 invoke done
source-2 invoke done
q3GroupBy-1 call done
q3GroupBy-3 call done
q3GroupBy-2 call done
q3GroupBy-0 call done
q3JoinTable-1 call done
q3JoinTable-2 call done
q3JoinTable-3 call done
q3JoinTable-0 call done
sink processed: 23029430, throughput: (event/s) 127939.17214351027
sink_ctrl processed: 1, throughput: (event/s) 0.005555464123233196
source-0 duration: 180.002962456

sink processed: 23008354, throughput: (event/s) 127821.72574932117
sink_ctrl processed: 1, throughput: (event/s) 0.005555448501414798
source-1 duration: 180.003468621

sink processed: 23039916, throughput: (event/s) 127997.17815894468
sink_ctrl processed: 1, throughput: (event/s) 0.005555453334072254
source-2 duration: 180.003312037

sink processed: 23037173, throughput: (event/s) 127982.1399035138
sink_ctrl processed: 1, throughput: (event/s) 0.005555462031018902
source-3 duration: 180.003030246

sink processed 92114873 events, duration: 180.003468621, tp: 511739.433166
sink_ctrl processed 4 events, duration: 180.003468621, tp: 0.022222

aucSink processed: 276727, throughput: (event/s) 1536.9914368034028
nexmark_src_src processed: 23029430, throughput: (event/s) 127909.58852755022
nexmark_src_src_ctrl processed: 1, throughput: (event/s) 0.005554179522791065
nexmark_src_src_data processed: 23029429, throughput: (event/s) 127909.5829733707
nexmark_src_src_epoch processed: 0, throughput: (event/s) 0
nexmark_src_src_logEntry processed: 47174, throughput: (event/s) 262.0128648081457
perSink processed: 230662, throughput: (event/s) 1281.1381570860326
q3GroupBy-0 duration: 180.044594507

nexmark_src_src_logEntry processed: 47054, throughput: (event/s) 261.3676462581635
perSink processed: 229761, throughput: (event/s) 1276.2377645242043
aucSink processed: 275348, throughput: (event/s) 1529.4567658837254
nexmark_src_src processed: 23008354, throughput: (event/s) 127802.93554755392
nexmark_src_src_ctrl processed: 1, throughput: (event/s) 0.005554631832748832
nexmark_src_src_data processed: 23008353, throughput: (event/s) 127802.92999292209
nexmark_src_src_epoch processed: 0, throughput: (event/s) 0
q3GroupBy-1 duration: 180.029933596

nexmark_src_src processed: 23039916, throughput: (event/s) 127976.38960525859
nexmark_src_src_ctrl processed: 1, throughput: (event/s) 0.005554551049806718
nexmark_src_src_data processed: 23039915, throughput: (event/s) 127976.38405070755
nexmark_src_src_epoch processed: 0, throughput: (event/s) 0
nexmark_src_src_logEntry processed: 47114, throughput: (event/s) 261.69711816059373
perSink processed: 230601, throughput: (event/s) 1280.8850266364789
aucSink processed: 275957, throughput: (event/s) 1532.8172440515125
q3GroupBy-2 duration: 180.032551872

nexmark_src_src_epoch processed: 0, throughput: (event/s) 0
nexmark_src_src_logEntry processed: 47106, throughput: (event/s) 261.6489702946127
perSink processed: 230223, throughput: (event/s) 1278.7672671875475
aucSink processed: 276442, throughput: (event/s) 1535.489420587257
nexmark_src_src processed: 23037173, throughput: (event/s) 127959.3383846825
nexmark_src_src_ctrl processed: 1, throughput: (event/s) 0.005554472260319549
nexmark_src_src_data processed: 23037172, throughput: (event/s) 127959.33283021023
q3GroupBy-3 duration: 180.035105611

nexmark_src_src processed 92114873 events, duration: 180.044594507
nexmark_src_src_ctrl processed 4 events, duration: 180.044594507
nexmark_src_src_data processed 92114869 events, duration: 180.044594507
nexmark_src_src_epoch processed 0 events, duration: 180.044594507
nexmark_src_src_logEntry processed 188448 events, duration: 180.044594507
perSink processed 921247 events, duration: 180.044594507
aucSink processed 1104474 events, duration: 180.044594507

eventTimeLatency_sink, p50: 163 ms, p90: 420 ms, p99: 517 ms
personsSrc_data processed: 229863, throughput: (event/s) 1273.5149458712467
sink processed: 237667, throughput: (event/s) 1316.7516157031866
auctionsSrc processed: 281742, throughput: (event/s) 1560.9412905933395
auctionsSrc_ctrl processed: 4, throughput: (event/s) 0.022161286433592997
personsSrc_ctrl processed: 4, throughput: (event/s) 0.022161286433592997
personsSrc_epoch processed: 5988, throughput: (event/s) 33.17544579108871
auctionsSrc_data processed: 275750, throughput: (event/s) 1527.743683515817
auctionsSrc_logEntry processed: 5988, throughput: (event/s) 33.17544579108871
auctionsSrc_epoch processed: 5988, throughput: (event/s) 33.17544579108871
personsSrc_logEntry processed: 5988, throughput: (event/s) 33.17544579108871
personsSrc processed: 235855, throughput: (event/s) 1306.7125529487691
q3JoinTable-0 duration: 180.49493706

eventTimeLatency_sink, p50: 161 ms, p90: 421 ms, p99: 516 ms
sink processed: 244299, throughput: (event/s) 1353.836369622689
auctionsSrc_ctrl processed: 4, throughput: (event/s) 0.022166875339198096
auctionsSrc_logEntry processed: 5989, throughput: (event/s) 33.18935410161435
auctionsSrc_data processed: 280897, throughput: (event/s) 1556.652195538682
personsSrc_ctrl processed: 4, throughput: (event/s) 0.022166875339198096
personsSrc_logEntry processed: 5988, throughput: (event/s) 33.18381238277955
personsSrc_epoch processed: 5988, throughput: (event/s) 33.18381238277955
auctionsSrc processed: 286889, throughput: (event/s) 1589.8581747968008
auctionsSrc_epoch processed: 5988, throughput: (event/s) 33.18381238277955
personsSrc_data processed: 229839, throughput: (event/s) 1273.7031152714878
personsSrc processed: 235831, throughput: (event/s) 1306.9090945296066
q3JoinTable-1 duration: 180.449429105

eventTimeLatency_sink, p50: 159 ms, p90: 418 ms, p99: 515 ms
auctionsSrc_logEntry processed: 5988, throughput: (event/s) 33.18123892913511
personsSrc_epoch processed: 5988, throughput: (event/s) 33.18123892913511
auctionsSrc_ctrl processed: 4, throughput: (event/s) 0.022165156265287318
personsSrc_ctrl processed: 4, throughput: (event/s) 0.022165156265287318
auctionsSrc processed: 281211, throughput: (event/s) 1558.271439629428
auctionsSrc_data processed: 275219, throughput: (event/s) 1525.0680355440277
auctionsSrc_epoch processed: 5988, throughput: (event/s) 33.18123892913511
personsSrc processed: 235839, throughput: (event/s) 1306.8520721122738
personsSrc_data processed: 229847, throughput: (event/s) 1273.6486680268736
personsSrc_logEntry processed: 5988, throughput: (event/s) 33.18123892913511
sink processed: 240805, throughput: (event/s) 1334.370113615628
q3JoinTable-2 duration: 180.46342431

eventTimeLatency_sink, p50: 158 ms, p90: 419 ms, p99: 515 ms
auctionsSrc_epoch processed: 5988, throughput: (event/s) 33.178192793473514
personsSrc processed: 237690, throughput: (event/s) 1316.9880836808147
personsSrc_logEntry processed: 5988, throughput: (event/s) 33.178192793473514
auctionsSrc processed: 278600, throughput: (event/s) 1543.66140819334
auctionsSrc_data processed: 272608, throughput: (event/s) 1510.461052278428
personsSrc_data processed: 231698, throughput: (event/s) 1283.7877277659027
auctionsSrc_ctrl processed: 4, throughput: (event/s) 0.02216312143852606
sink processed: 241093, throughput: (event/s) 1335.8433592446409
auctionsSrc_logEntry processed: 5988, throughput: (event/s) 33.178192793473514
personsSrc_ctrl processed: 4, throughput: (event/s) 0.02216312143852606
personsSrc_epoch processed: 5988, throughput: (event/s) 33.178192793473514
q3JoinTable-3 duration: 180.479992906

auctionsSrc_logEntry processed 23953 events, duration: 180.49493706
personsSrc_logEntry processed 23952 events, duration: 180.49493706
personsSrc processed 945215 events, duration: 180.49493706
personsSrc_data processed 921247 events, duration: 180.49493706
auctionsSrc processed 1128442 events, duration: 180.49493706
auctionsSrc_ctrl processed 16 events, duration: 180.49493706
personsSrc_ctrl processed 16 events, duration: 180.49493706
auctionsSrc_data processed 1104474 events, duration: 180.49493706
sink processed 963864 events, duration: 180.49493706
personsSrc_epoch processed 23952 events, duration: 180.49493706
auctionsSrc_epoch processed 23952 events, duration: 180.49493706

