parallel restore str: , false
env str: , async2ndPhase: false
env str: , create snapshot: false
2023/05/22 22:30:25 [INFO] Load configuration for function scale[40]
2023/05/22 22:30:25 [INFO] Load configuration for function tranDataGen[20]
2023/05/22 22:30:25 [INFO] Load configuration for function tranProcess[30]
2023/05/22 22:30:25 [INFO] Parse FAAS_ENGINE_ID: 2
2023/05/22 22:30:25 [INFO] Start new FuncWorker with client id 3
2023/05/22 22:30:25 [INFO] Handshake with engine done
new buffered sink stream src[0] with bufMaxSize 131072
new buffered sink stream out[0] with bufMaxSize 131072
src notEnded: map[0:{}], notScaleFence: map[0:{}]
new buffered sink stream __control_log_protocol-lat[0] with bufMaxSize 131072
new buffered sink stream __control_log_protocol-lat[0] with bufMaxSize 131072
[0] restore potential mapping done
__epoch_log_tranProcess-src-0-out sync to recent, off: 0x100000003
[0] Init EpochManager took 137.860095ms, task epoch 0x1, task id 0x800300000001
commit every(ms): 10ms, waitEndMark: false, fixed output parNum: 0, snapshot every(s): 0s, sink buf max: 131072
src_src counter: dur=10.025755721s, value=102, rate=10.173796653188974 per second
out_sink counter: dur=10.025735935s, value=102, rate=10.173816731389904 per second
src_src counter: dur=10.000572005s, value=202, rate=9.9994280277171 per second
out_sink counter: dur=10.000572346s, value=202, rate=9.99942768675612 per second
out_sink stats (301 samples): dur=10.099028094s, p50=1362, p90=1577, p99=1685
src_src counter: dur=10.098459606s, value=303, rate=10.001525375215726 per second
out_sink counter: dur=10.098459533s, value=303, rate=10.001525447515005 per second
src_src counter: dur=10.000872664s, value=403, rate=9.999127412147601 per second
out_sink counter: dur=10.000871796s, value=403, rate=9.999128279996201 per second
out_sink stats (200 samples): dur=20.00053426s, p50=1357, p90=1586, p99=1793
src_src counter: dur=10.100326128s, value=504, rate=9.999677111416139 per second
out_sink counter: dur=10.100323131s, value=504, rate=9.999680078552133 per second
src_src counter: dur=10.100550325s, value=605, rate=9.99945515344977 per second
out_sink counter: dur=10.10055219s, value=605, rate=9.999453307116667 per second
out_sink stats (200 samples): dur=19.999557737s, p50=1253, p90=1540, p99=1656
src_src counter: dur=10.098900227s, value=706, rate=10.0010890027382 per second
out_sink counter: dur=10.098900353s, value=706, rate=10.001088877958553 per second
src_src counter: dur=10.000431286s, value=806, rate=9.99956873259996 per second
out_sink counter: dur=10.000431967s, value=806, rate=9.999568051658741 per second
out_sink stats (200 samples): dur=19.999572787s, p50=1152, p90=1353, p99=1542
src_src counter: dur=10.100217975s, value=907, rate=9.999784187825908 per second
out_sink counter: dur=10.100220286s, value=907, rate=9.999781899806377 per second
src_src counter: dur=10.099729039s, value=1008, rate=10.000268285415336 per second
out_sink counter: dur=10.099727754s, value=1008, rate=10.000269557760992 per second
out_sink stats (200 samples): dur=20.000034348s, p50=1192, p90=1363, p99=1455
src_src counter: dur=10.000115074s, value=1108, rate=9.999884927324187 per second
out_sink counter: dur=10.00011401s, value=1108, rate=9.999885991299813 per second
src_src counter: dur=10.099534441s, value=1209, rate=10.000460970753375 per second
out_sink counter: dur=10.099538431s, value=1209, rate=10.000457019895666 per second
out_sink stats (200 samples): dur=20.00052978s, p50=1178, p90=1366, p99=1481
src_src counter: dur=10.099896991s, value=1310, rate=10.0001019901491 per second
out_sink counter: dur=10.099892665s, value=1310, rate=10.000106273406619 per second
src_src counter: dur=10.000078575s, value=1410, rate=9.999921425617398 per second
out_sink counter: dur=10.000076917s, value=1410, rate=9.999923083591618 per second
out_sink stats (200 samples): dur=19.999561106s, p50=1220, p90=1438, p99=1528
src_src counter: dur=10.000311032s, value=1510, rate=9.999688977673788 per second
out_sink counter: dur=10.000314756s, value=1510, rate=9.999685253906822 per second
src_src counter: dur=10.000319282s, value=1610, rate=9.999680728193775 per second
out_sink counter: dur=10.000321328s, value=1610, rate=9.999678682324836 per second
out_sink stats (200 samples): dur=19.999962865s, p50=1216, p90=1452, p99=1554
src_src counter: dur=10.09936064s, value=1711, rate=10.000633069778168 per second
out_sink counter: dur=10.099358022s, value=1711, rate=10.000635662186252 per second
timeout after 3m0.000902511s
src_src msgCnt 1800, ctrlCnt 0, epochCnt 0, logEntry 1800
[0] final mark seqNum: 0x100001c26
[0] {epoch mark time: [3150 4671 1871 2061 1857 1890 1853 1846 1874 1890 1898 1873 1846 1874 1861 1884 1867 1926 1907 1842 1877 1921 1870 1881 1920 1932 1879 1874 1891 1907 1883 1883 1886 1903 1865 1951 1941 1856 1877 1842 1876 1870 1894 1897 1937 1891 1896 1933 1866 1864 1866 1910 1887 1873 1883 1903 1885 1867 1874 1914 1910 1888 1940 1853 1884 1914 1885 1838 1845 1898 1921 1853 1943 1895 1863 1898 1879 1920 1915 1938 1879 1854 1944 1848 1905 1857 1891 1838 1860 1854 1850 1893 1837 1866 1890 1882 1880 1865 1899 1844 1890 1891 1923 1852 1889 1882 1881 1895 1864 1929 1835 1902 1863 1911 1904 1928 1880 1850 1801 1869 1840 1882 1877 1905 1913 1888 1867 1870 1888 1912 1830 1871 1877 1905 1834 1919 1918 1858 1959 1865 1921 1835 1852 1927 1847 1897 1880 1914 1879 1862 1923 1876 1907 1862 1847 1869 1844 1881 1861 1878 1905 1888 1875 1915 1887 1896 1902 1880 1920 1856 1853 1917 1921 1880 1881 1879 1810 1843 1926 1877 1822 1859 1915 1910 1915 1848 1921 1869 1932 1872 1857 1919 1891 1902 1898 1917 1869 1924 1870 1860 1831 1838 1878 1901 1855 1891 1902 1903 1876 1892 2024 1921 1864 1865 1863 1881 1930 1837 1856 1885 1912 1897 1867 1904 1872 1896 1922 1846 1872 1896 1873 1887 1862 1894 1908 1868 1906 2295 1914 1948 1890 1904 1893 1937 1876 1905 1825 1875 1864 1841 1921 1928 1853 1895 1934 1875 1842 1856 1892 1846 1897 1913 1914 1877 1898 1858 1913 1864 1893 1878 1904 1890 2297 1926 1869 1904 1945 1888 1861 1868 1838 1936 1919 1871 1862 1885 1856 2323 1865 1849 1881 1908 1863 1840 1920 1911 1927 1866 1887 1891 1833 1846 1843 1876 1861 1905 1884 1893 1850 1912 1878 1864 1882 1870 1920 1884 1878 1916 1863 1936 1875 1906 1924 1878 1905 1861 1875 1846 1844 1929 1893 1900 1812 1851 1855 1914 1820 1886 1874 1904 2327 1905 1905 1857 1857 1878 1891 1916 1912 1866 1837 1857 1860 1876 1879 1841 1868 1892 1880 1851 1879 1887 1884 1891 1880 1859 1914 1897 1853 2312 1895 1859 1894 1885 1919 1926 1887 2336 1849 1876 2323 1879 2336 1940 1902 1853 1887 1880 1876 1912 1851 1891 1855 1909 1894 1873 1875 1894 2326 1823 1849 1875 1902 1880 2379 1873 1882 1929 1832 1930 1903 1904 1864 1901 1867 1928 1897 1871 1876 1869 1890 1904 1929 1899 1861 1934 1843 1873 1885 1921 1889 1876 1863 1868 2129 1896 1882 1882 1890 1848 2353 1881 1904 1881 1876 1906 1896 1880 1877 1815 1815 1875 1902 1832 1872 1879 1901 1840 1892 2427 1892 1844 1896 1882 1860 1874 1892 1882 1893 1906 1887 1869 1833 1904 1919 1897 1900 1865 1845 1853 1837 1889 1912 1874 1986 1835 1851 1858 1845 1910 1897 1931 1866 1890 1896 1873 1941 1842 1886 1899 1882 1886 2366 1928 1861 1871 1824 1905 1869 1892 1933 1830 1835 1836 1883 1885 1912 1897 1904 2360 1889 1921 1885 1830 1914 1890 1910 1906 1862 1946 1860 1843 1894 1846 1906 1879 1900 1899 1863 1842 1892 1899 1911 1893 1876 1874 1833 1907 1868 1883 1830 1941 1857 1923 1900 1886 1879 1892 1876 1863 1890 1926 1913 1853 1877 1861 1882 1888 1923 1929 1918 1924 1858 1854 1902 1865 1875 1839 1868 1884 1825 1881 1852 1871 1870 2305 1902 1886 1868 1896 1927 1861 1902 1874 1872 1875 1907 1864 1822 1864 1878 1856 1855 1868 1886 1870 1854 1902 1915 1909 1934 1808 1859 1870 1859 1853 1884 1887 1937 1884 1886 1867 1895 1869 1851 1862 2404 1806 1889 1859 1862 1853 2374 1904 1896 1950 1884 1957 1870 1887 1824 1875 1892 1863 1921 1892 1920 1837 1877 1918 1867 1865 1857 1922 1890 1857 1916 1855 1911 1859 1903 1875 1594 1875 1885 1870 1879 1892 1898 1852 1859 1871 1859 1864 1874 1870 1865 1845 1893 1855 1903 1868 1897 1877 1887 1884 1871 1859 1945 1856 1867 1924 1660 1886 1866 1883 1858 1876 1863 1919 1921 1882 1867 1863 1833 1859 1890 1737 1864 1881 1886 1863 1879 1925 1953 1886 1827 1919 1884 1905 1869 1913 1921 1852 1872 1856 1860 1860 1866 1873 1880 1892 1879 1897 1975 1897 1923 1973 1945 1873 1883 1890 1825 1869 1880 1845 1834 1838 1875 1865 1889 1942 1892 1849 1900 1877 1899 1883 1905 1850 1871 1907 1879 1875 1909 1868 1896 1824 1948 1923 1905 1882 1919 1878 1859 1869 1852 1893 1854 1856 1929 1871 1972 1859 1908 1921 1856 1857 1866 1863 1847 1798 1824 1863 1910 1869 1945 1935 1827 1869 1885 1881 1884 1926 1882 1878 1883 1892 1910 1896 1814 1849 1875 1838 1839 1908 1863 1890 1847 1939 1842 1843 1867 1879 1899 1904 1851 1905 1896 1867 1930 1876 1822 1900 1834 1841 1897 1839 1907 1877 1860 1857 1856 1863 1861 1859 1926 1810 1857 1907 1893 1899 1880 1893 1903 1892 1887 1877 1912 1866 1885 1895 1745 1873 1861 1892 1889 1874 1888 1866 1892 1832 1883 1897 1910 1871 1871 1907 1920 1839 1839 1857 1887 1878 1850 1888 1879 1816 1898 1876 1876 1875 1817 1901 1898 1868 1934 1861 1831 1857 1811 1923 1882 1838 1846 1929 1927 1890 1836 1845 1965 1863 1879 1897 1842 1858 1897 1882 1888 1816 1870 1887 1865 1857 1838 1915 1905 1914 1847 1852 1869 1927 1883 1852 1887 1895 1859 1876 1926 1879 1814 1885 1904 1897 1880 1875 1860 1860 1864 1834 1876 1832 1848 1920 1881 1858 1918 1855 1886 1895 1868 1903 1922 1861 1882 1897 1848 1877 1871 1951 1913 1659 1915 1908 1813 1883 1849 1878 1897 1916 1915 1864 1857 1904 1873 1850 1891 1938 1891 1837 1887 1911 1842 1905 1864 1853 1843 1875 1904 1864 1871 1845 1868 1864 1862 1889 1848 1897 1891 1888 1923 1894 1849 1821 1894 1904 1862 1888 1889 1905 1896 1885 2037 1883 1929 1855 1863 1861 1865 1844 1873 1838 1815 1832 1933 1891 1847 1903 1878 1926 1862 1897 1869 1868 1897 1873 1870 1889 1876 1905 1869 1861 1867 1829 1860 1865 1908 1863 1867 1886 1854 1906 1853 1863 1833 1877 1858 1818 1898 1844 1871 1903 1883 1859 1830 1865 1828 1864 1895 1903 1861 1912 1906 1903 1915 1877 1861 1878 1879 1873 1881 1867 1840 1866 1912 1860 1852 1689 1905 1851 1832 1833 1828 1895 1956 1831 1865 1880 1868 1878 1904 1899 1885 1883 1883 1895 1912 1899 1893 1830 1871 1878 1848 1874 1918 1878 1873 1875 1832 1854 1883 1890 1848 1843 1887 1876 1823 1867 1899 1836 1847 1857 1903 1842 1827 1862 1829 1856 1904 1844 1892 1882 1906 1900 1857 1920 1852 1857 1900 1871 1909 1887 1855 1878 1871 1892 1869 1887 1893 1861 1846 1856 1868 1905 1867 1889 1905 1839 1860 1882 1845 1882 1833 1934 1865 1883 1869 1873 1865 1868 1876 1867 1883 1869 1902 1832 1831 1869 1861 1882 1843 1889 1881 1851 1879 1926 1892 1890 1876 1946 1880 1886 1894 1890 1873 1869 1837 1953 1907 1896 1885 1906 1826 1873 1886 1921 1905 1868 1851 1888 1851 1842 1880 1914 1896 1840 1838 1859 1886 1900 1842 1873 1874 1826 1893 1904 1890 1892 1862 1905 1890 1921 1853 1885 1860 1925 1875 1848 1876 1848 1828 1880 1874 1905 1904 1898 1857 1894 1897 1856 1856 1851 1931 1962 1901 1944 1832 1909 1850 1848 1841 1880 1846 1837 1899 1897 1932 1838 1869 1874 1841 1890 1843 1903 1891 1885 1854 1914 1841 1867 1832 1896 1900 1853 1913 1926 1878 1891 1913 1885 1838 1853 1859 1873 1873 1878 1850 1895 1887 1851 1865 1884 1869 1877 1893 1853 1867 1830 1874 1901 1906 1857 1848 1894 1892 1910 1848 1886 1879 1846 1884 1896 1896 1902 1876 1883 1861 1853 1803 1886 1871 1915 1880 1873 1865 1884 1864 1864 1864 1820 1909 1896 1876 1881 1913 1866 1869 1854 1886 1857 1871 1860 1848 1851 1879 1873 1890 1869 1853 1829 1895 1903 1869 1867 1901 1834 1879 1854 1848 1877 1860 1811 1880 1926 1871 1845 1879 1901 1883 1861 1838 1868 1880 1882 1877 1875 1867 1874 1903 1877 1843 1832 1864 1892 1903 1862 1878 1871 1883 1869 1916 1900 1851 1829 1894 1858 1835 1806 1852 2174 1871 1873 1877 1785 1896 1868 1864 1843 1839 1935 1882 1863 1885 1896 1934 1869 1858 1886 1887 1927 1898 1867 1840 1850 1874 1838 1835 1828 1876 1891 1856 1865 1859 1825 1838 1902 1864 1888 1870 2387 1858 1854 1872 1863 1874 1872 1917 1881 1825 1881 1891 1889 1894 1876 1889 1886 1872 1916 1870 1870 1939 1878 1866 1816 1918 1906 1876 1860 1870 1846 1811 1882 1838 1894 1900 1854 1830 1873 1887 1897 1865 1854 1887 1879 1882 1917 1842 1881 1893 1910 1879 1845 1839 1866 1914 1922 1848 1873 1850 1916 1859 1900 1871 1865 1873 1855 1863 1883 1922 1886 1891 1867 1891 1876 1945 1857 1876 1903 1857 1912 1852 1883 1780 1857 1908 1890 1897 1910 1909 1864 1872 1886 1847 1884 1912 1936 1923 1879 1840 1890 1899 1860 1959 1876 1914 1896 1863 1865 1888 1841 1893 1866 1811 1861 1868 1861 1903 1888 1871 1866 1880 1955 1909 1889 1882 1864 1844 1896 1940 1884 1880 1884 1901 1887 1903 1924 1873 1868 1926 1943 1871 1890 1892 1850 1917 1919 1893 1864 1891 1845 1869 1898 1887 1868 1944 1911 1888 1875 1864 1881 1889 1863 1881 1878 1893 1931 1925 1905 1847 1897 1834 1893 1934 1868 1868 1902 1886 1861 1879 1872 1829 1877 1898 1848 1961 1828 1867 1898 1900 1876 1871 1885 1826 1864 1897 1832 1911 1886 1859 1850 1870 1850 1864 1832 1888 1849 1870 1893 1859 1825 1864 1878 1883 1853 1897 1892 1854 1856 1862 1883 1850 1823 1825 1843 1828 1828 1853 1871 1876 1879 1799 1906 1887 1856 1805 1864 1858 1848 1828 1895 1868 1905 1911 1909 1882 1882 1909 1880 1831 1871 1894 1916 1863 1895 1929 1888 1900 1868 1883 1909 1921 1883 1893 1906 1860 1875 1855 1893 1851 1871 1865 1871 1806 1882 1899 1866 1830 1899 1880 1890 1896 1757 1884 1903 1878 1870 1861 1871 1748 1837 1882 1887 1903 1867 1871 1871 1864 1898 1868 1896 1875 1885 1874 1923 1875 1906 1851 1874 1933 1895 1834 1899 1858 1911 1849 1820 1864 1871 1871 1937 1863 1849 1861 1865 1914 1878 1836 1836 1900 1876 2944]}
[0] epoch_mark_times: 1800
[0]duration: 180.004123 s, uts: 1684794881081
epoch ret: &{map[] map[]  [] 180.004122531 true}
src_src msgCnt 1800, ctrlCnt 0, epochCnt 0, logEntry 1800
sink msgCnt 1800, ctrlCnt 0
