wait for last: true, sink max_buf_size: 131072
warmup: 0
config: map[NodeConstraint:"1,2,3,4" NumInstance:4 OutputTopicName:["nexmark_src"] funcName:"source"]
config: map[InputTopicNames:["nexmark_src"] NodeConstraint:"5,6,7,8" NumInstance:4 NumSrcProducer:[1] OutputTopicName:["bid_by_price"] funcName:"q7BidByPrice"]
config: map[InputTopicNames:["nexmark_src"] NodeConstraint:"5,6,7,8" NumInstance:4 NumSrcProducer:[1] OutputTopicName:["bid_by_win"] funcName:"q7BidByWin"]
config: map[InputTopicNames:["bid_by_win"] NodeConstraint:"5,6,7,8" NumInstance:4 NumSrcProducer:[4] OutputTopicName:["max_bids"] funcName:"q7MaxBid"]
config: map[Final:true InputTopicNames:["bid_by_price","max_bids"] NodeConstraint:"5,6,7,8" NumInstance:4 NumSrcProducer:[4,4] OutputTopicName:["q7_out"] funcName:"q7JoinMaxBid"]
srcInvokeConfig: &{FinalTpNames:[q7_out] TopicName:nexmark_src AppId:q7 NodeConstraint:1,2,3,4 AdditionalBytes:0 ScaleEpoch:0 NumOutPartition:4 InstanceID:0 NumSrcInstance:4}
cliNodes: [0xc0000c0160 0xc0000c01a0 0xc0000c01e0 0xc0000c0260]
inParamsMap: map[q7BidByPrice:[0xc0000a2aa0 0xc0000a2b40 0xc0000a2be0 0xc0000a2c80] q7BidByWin:[0xc0000a2d20 0xc0000a2dc0 0xc0000a2e60 0xc0000a2f00] q7JoinMaxBid:[0xc0000a3220 0xc0000a32c0 0xc0000a3360 0xc0000a3400] q7MaxBid:[0xc0000a2fa0 0xc0000a3040 0xc0000a30e0 0xc0000a3180]]
configScaleInput: &{Config:map[bid_by_price:4 bid_by_win:4 changelog:4 max_bids:4 nexmark_src:4 q7BidByPrice:4 q7BidByWin:4 q7JoinMaxBid:4 q7MaxBid:4 q7_out:4 source:4] AppId:q7 FuncNames:[source q7BidByPrice q7BidByWin q7MaxBid q7JoinMaxBid] BufMaxSize:131072 ScaleEpoch:0 SerdeFormat:1 Bootstrap:false}
encoded json is {"sg":{"bid_by_price":4,"bid_by_win":4,"changelog":4,"max_bids":4,"nexmark_src":4,"q7BidByPrice":4,"q7BidByWin":4,"q7JoinMaxBid":4,"q7MaxBid":4,"q7_out":4,"source":4},"aid":"q7","fns":["source","q7BidByPrice","q7BidByWin","q7MaxBid","q7JoinMaxBid"],"bufMaxSize":131072,"epoch":1,"serdeFormat":1,"bs":true}, node constraint is 1
encoded json is {"outTpNames":["q7_out"]}, node constraint is 1
redis_setup url is http://ip-172-31-9-162.us-east-2.compute.internal:8080/function/redisSetup
chkptmngr url is http://ip-172-31-9-162.us-east-2.compute.internal:8080/function/chkptmngr
encoded json is {"srcTpName":"nexmark_src","outTpNames":["q7_out"],"numOutParts":"BA==","chkptEveryMs":100,"bufMaxSize":131072,"srcNumPart":4,"gua":4,"serde_format":1}, node constraint is 1
func source url is http://ip-172-31-9-162.us-east-2.compute.internal:8080/function/source
func source url is http://ip-172-31-9-162.us-east-2.compute.internal:8080/function/source
src instance: 4
func source url is http://ip-172-31-9-162.us-east-2.compute.internal:8080/function/source
func source url is http://ip-172-31-9-162.us-east-2.compute.internal:8080/function/source
encoded json is {"topic_name":"nexmark_src","rate_shape":"square","aid":"q7","events_num":28800000,"rate_period":10000000000,"finOutTpNs":["q7_out"],"first_event_rate":160000,"next_event_rate":160000,"bid_avg_size":100,"person_avg_size":200,"auction_avg_size":500,"duration":180,"person_proportion":1,"auction_proportion":3,"bid_proportion":46,"bid_hot_ratio_auctions":2,"bid_hot_ratio_bidders":4,"auction_hot_ratio_sellers":4,"flushms":100,"bufMaxSize":131072,"commEveryMs":100,"rate_limited":false,"waitEnd":true,"serde_format":1,"numOutPar":4,"parNum":3,"nSrcIns":4,"gua":4}, node constraint is 1,2,3,4
encoded json is {"topic_name":"nexmark_src","rate_shape":"square","aid":"q7","events_num":28800000,"rate_period":10000000000,"finOutTpNs":["q7_out"],"first_event_rate":160000,"next_event_rate":160000,"bid_avg_size":100,"person_avg_size":200,"auction_avg_size":500,"duration":180,"person_proportion":1,"auction_proportion":3,"bid_proportion":46,"bid_hot_ratio_auctions":2,"bid_hot_ratio_bidders":4,"auction_hot_ratio_sellers":4,"flushms":100,"bufMaxSize":131072,"commEveryMs":100,"rate_limited":false,"waitEnd":true,"serde_format":1,"numOutPar":4,"parNum":1,"nSrcIns":4,"gua":4}, node constraint is 1,2,3,4
encoded json is {"topic_name":"nexmark_src","rate_shape":"square","aid":"q7","events_num":28800000,"rate_period":10000000000,"finOutTpNs":["q7_out"],"first_event_rate":160000,"next_event_rate":160000,"bid_avg_size":100,"person_avg_size":200,"auction_avg_size":500,"duration":180,"person_proportion":1,"auction_proportion":3,"bid_proportion":46,"bid_hot_ratio_auctions":2,"bid_hot_ratio_bidders":4,"auction_hot_ratio_sellers":4,"flushms":100,"bufMaxSize":131072,"commEveryMs":100,"rate_limited":false,"waitEnd":true,"serde_format":1,"numOutPar":4,"nSrcIns":4,"gua":4}, node constraint is 1,2,3,4
encoded json is {"topic_name":"nexmark_src","rate_shape":"square","aid":"q7","events_num":28800000,"rate_period":10000000000,"finOutTpNs":["q7_out"],"first_event_rate":160000,"next_event_rate":160000,"bid_avg_size":100,"person_avg_size":200,"auction_avg_size":500,"duration":180,"person_proportion":1,"auction_proportion":3,"bid_proportion":46,"bid_hot_ratio_auctions":2,"bid_hot_ratio_bidders":4,"auction_hot_ratio_sellers":4,"flushms":100,"bufMaxSize":131072,"commEveryMs":100,"rate_limited":false,"waitEnd":true,"serde_format":1,"numOutPar":4,"parNum":2,"nSrcIns":4,"gua":4}, node constraint is 1,2,3,4
encoded json is {"aid":"q7","numOutPartition":"BA==","numSubstreamProducer":"AQ==","outputTopicName":["bid_by_price"],"inputTopicName":["nexmark_src"],"commEveryMs":100,"flushMs":100,"snapEveryS":10,"duration":180,"bufMaxSize":131072,"epoch":1,"waitEnd":true,"numChangelogPartition":4,"numInPartition":4,"gua":4,"serdeFormat":1}, node constraint is 5,6,7,8
encoded json is {"aid":"q7","numOutPartition":"BA==","numSubstreamProducer":"BA==","outputTopicName":["max_bids"],"inputTopicName":["bid_by_win"],"commEveryMs":100,"flushMs":100,"snapEveryS":10,"duration":180,"bufMaxSize":131072,"epoch":1,"waitEnd":true,"numChangelogPartition":4,"numInPartition":4,"ParNum":3,"gua":4,"serdeFormat":1}, node constraint is 5,6,7,8
encoded json is {"aid":"q7","numOutPartition":"BA==","numSubstreamProducer":"AQ==","outputTopicName":["bid_by_price"],"inputTopicName":["nexmark_src"],"commEveryMs":100,"flushMs":100,"snapEveryS":10,"duration":180,"bufMaxSize":131072,"epoch":1,"waitEnd":true,"numChangelogPartition":4,"numInPartition":4,"ParNum":2,"gua":4,"serdeFormat":1}, node constraint is 5,6,7,8
encoded json is {"aid":"q7","numOutPartition":"BA==","numSubstreamProducer":"AQ==","outputTopicName":["bid_by_win"],"inputTopicName":["nexmark_src"],"commEveryMs":100,"flushMs":100,"snapEveryS":10,"duration":180,"bufMaxSize":131072,"epoch":1,"waitEnd":true,"numChangelogPartition":4,"numInPartition":4,"ParNum":2,"gua":4,"serdeFormat":1}, node constraint is 5,6,7,8
encoded json is {"aid":"q7","numOutPartition":"BA==","numSubstreamProducer":"AQ==","outputTopicName":["bid_by_win"],"inputTopicName":["nexmark_src"],"commEveryMs":100,"flushMs":100,"snapEveryS":10,"duration":180,"bufMaxSize":131072,"epoch":1,"waitEnd":true,"numChangelogPartition":4,"numInPartition":4,"ParNum":3,"gua":4,"serdeFormat":1}, node constraint is 5,6,7,8
encoded json is {"aid":"q7","numOutPartition":"BA==","numSubstreamProducer":"AQ==","outputTopicName":["bid_by_price"],"inputTopicName":["nexmark_src"],"commEveryMs":100,"flushMs":100,"snapEveryS":10,"duration":180,"bufMaxSize":131072,"epoch":1,"waitEnd":true,"numChangelogPartition":4,"numInPartition":4,"ParNum":1,"gua":4,"serdeFormat":1}, node constraint is 5,6,7,8
encoded json is {"aid":"q7","numOutPartition":"BA==","numSubstreamProducer":"AQ==","outputTopicName":["bid_by_price"],"inputTopicName":["nexmark_src"],"commEveryMs":100,"flushMs":100,"snapEveryS":10,"duration":180,"bufMaxSize":131072,"epoch":1,"waitEnd":true,"numChangelogPartition":4,"numInPartition":4,"ParNum":3,"gua":4,"serdeFormat":1}, node constraint is 5,6,7,8
encoded json is {"aid":"q7","numOutPartition":"BA==","numSubstreamProducer":"BAQ=","outputTopicName":["q7_out"],"inputTopicName":["bid_by_price","max_bids"],"commEveryMs":100,"flushMs":100,"snapEveryS":10,"duration":180,"bufMaxSize":131072,"epoch":1,"waitEnd":true,"numChangelogPartition":4,"numInPartition":4,"ParNum":3,"gua":4,"serdeFormat":1}, node constraint is 5,6,7,8
encoded json is {"aid":"q7","numOutPartition":"BA==","numSubstreamProducer":"BAQ=","outputTopicName":["q7_out"],"inputTopicName":["bid_by_price","max_bids"],"commEveryMs":100,"flushMs":100,"snapEveryS":10,"duration":180,"bufMaxSize":131072,"epoch":1,"waitEnd":true,"numChangelogPartition":4,"numInPartition":4,"ParNum":2,"gua":4,"serdeFormat":1}, node constraint is 5,6,7,8
encoded json is {"aid":"q7","numOutPartition":"BA==","numSubstreamProducer":"BA==","outputTopicName":["max_bids"],"inputTopicName":["bid_by_win"],"commEveryMs":100,"flushMs":100,"snapEveryS":10,"duration":180,"bufMaxSize":131072,"epoch":1,"waitEnd":true,"numChangelogPartition":4,"numInPartition":4,"gua":4,"serdeFormat":1}, node constraint is 5,6,7,8
encoded json is {"aid":"q7","numOutPartition":"BA==","numSubstreamProducer":"AQ==","outputTopicName":["bid_by_win"],"inputTopicName":["nexmark_src"],"commEveryMs":100,"flushMs":100,"snapEveryS":10,"duration":180,"bufMaxSize":131072,"epoch":1,"waitEnd":true,"numChangelogPartition":4,"numInPartition":4,"gua":4,"serdeFormat":1}, node constraint is 5,6,7,8
encoded json is {"aid":"q7","numOutPartition":"BA==","numSubstreamProducer":"BAQ=","outputTopicName":["q7_out"],"inputTopicName":["bid_by_price","max_bids"],"commEveryMs":100,"flushMs":100,"snapEveryS":10,"duration":180,"bufMaxSize":131072,"epoch":1,"waitEnd":true,"numChangelogPartition":4,"numInPartition":4,"ParNum":1,"gua":4,"serdeFormat":1}, node constraint is 5,6,7,8
encoded json is {"aid":"q7","numOutPartition":"BA==","numSubstreamProducer":"BAQ=","outputTopicName":["q7_out"],"inputTopicName":["bid_by_price","max_bids"],"commEveryMs":100,"flushMs":100,"snapEveryS":10,"duration":180,"bufMaxSize":131072,"epoch":1,"waitEnd":true,"numChangelogPartition":4,"numInPartition":4,"gua":4,"serdeFormat":1}, node constraint is 5,6,7,8
encoded json is {"aid":"q7","numOutPartition":"BA==","numSubstreamProducer":"AQ==","outputTopicName":["bid_by_win"],"inputTopicName":["nexmark_src"],"commEveryMs":100,"flushMs":100,"snapEveryS":10,"duration":180,"bufMaxSize":131072,"epoch":1,"waitEnd":true,"numChangelogPartition":4,"numInPartition":4,"ParNum":1,"gua":4,"serdeFormat":1}, node constraint is 5,6,7,8
encoded json is {"aid":"q7","numOutPartition":"BA==","numSubstreamProducer":"BA==","outputTopicName":["max_bids"],"inputTopicName":["bid_by_win"],"commEveryMs":100,"flushMs":100,"snapEveryS":10,"duration":180,"bufMaxSize":131072,"epoch":1,"waitEnd":true,"numChangelogPartition":4,"numInPartition":4,"ParNum":1,"gua":4,"serdeFormat":1}, node constraint is 5,6,7,8
func name is q7BidByPrice
func url is http://ip-172-31-9-162.us-east-2.compute.internal:8080/function/q7BidByPrice
Waiting for all client to return
func name is q7JoinMaxBid
func url is http://ip-172-31-9-162.us-east-2.compute.internal:8080/function/q7JoinMaxBid
func name is q7MaxBid
func url is http://ip-172-31-9-162.us-east-2.compute.internal:8080/function/q7MaxBid
func name is q7BidByWin
func name is q7MaxBid
func url is http://ip-172-31-9-162.us-east-2.compute.internal:8080/function/q7MaxBid
func name is q7JoinMaxBid
func name is q7JoinMaxBid
func url is http://ip-172-31-9-162.us-east-2.compute.internal:8080/function/q7JoinMaxBid
func url is http://ip-172-31-9-162.us-east-2.compute.internal:8080/function/q7JoinMaxBid
func url is http://ip-172-31-9-162.us-east-2.compute.internal:8080/function/q7BidByWin
func name is q7JoinMaxBid
func url is http://ip-172-31-9-162.us-east-2.compute.internal:8080/function/q7JoinMaxBid
func name is q7BidByWin
func url is http://ip-172-31-9-162.us-east-2.compute.internal:8080/function/q7BidByWin
func name is q7BidByPrice
func url is http://ip-172-31-9-162.us-east-2.compute.internal:8080/function/q7BidByPrice
func name is q7BidByPrice
func name is q7MaxBid
func url is http://ip-172-31-9-162.us-east-2.compute.internal:8080/function/q7MaxBid
func name is q7BidByPrice
func url is http://ip-172-31-9-162.us-east-2.compute.internal:8080/function/q7BidByPrice
func name is q7BidByWin
func url is http://ip-172-31-9-162.us-east-2.compute.internal:8080/function/q7BidByPrice
func name is q7MaxBid
func url is http://ip-172-31-9-162.us-east-2.compute.internal:8080/function/q7MaxBid
func name is q7BidByWin
func url is http://ip-172-31-9-162.us-east-2.compute.internal:8080/function/q7BidByWin
func url is http://ip-172-31-9-162.us-east-2.compute.internal:8080/function/q7BidByWin
encoded json is {"aid":"q7","numOutPartition":"BA==","numSubstreamProducer":"BA==","outputTopicName":["max_bids"],"inputTopicName":["bid_by_win"],"commEveryMs":100,"flushMs":100,"snapEveryS":10,"duration":180,"bufMaxSize":131072,"epoch":1,"waitEnd":true,"numChangelogPartition":4,"numInPartition":4,"ParNum":2,"gua":4,"serdeFormat":1}, node constraint is 5,6,7,8
{"level":"error","time":"2024-03-16T21:25:20-05:00","message":"chkptmngr request failed: redis pipelined get: i/o timeout"}
{"level":"error","time":"2024-03-16T21:31:05-05:00","message":"q7BidByWin request failed: Post \"http://ip-172-31-9-162.us-east-2.compute.internal:8080/function/q7BidByWin\": context deadline exceeded (Client.Timeout exceeded while awaiting headers)"}
q7BidByWin-3 call done
{"level":"error","time":"2024-03-16T21:31:05-05:00","message":"q7MaxBid request failed: Post \"http://ip-172-31-9-162.us-east-2.compute.internal:8080/function/q7MaxBid\": context deadline exceeded (Client.Timeout exceeded while awaiting headers)"}
q7MaxBid-0 call done
{"level":"error","time":"2024-03-16T21:31:05-05:00","message":"q7JoinMaxBid request failed: Post \"http://ip-172-31-9-162.us-east-2.compute.internal:8080/function/q7JoinMaxBid\": context deadline exceeded (Client.Timeout exceeded while awaiting headers)"}
q7JoinMaxBid-0 call done
{"level":"error","time":"2024-03-16T21:31:05-05:00","message":"q7MaxBid request failed: Post \"http://ip-172-31-9-162.us-east-2.compute.internal:8080/function/q7MaxBid\": context deadline exceeded (Client.Timeout exceeded while awaiting headers)"}
q7MaxBid-3 call done
{"level":"error","time":"2024-03-16T21:31:05-05:00","message":"q7BidByWin request failed: Post \"http://ip-172-31-9-162.us-east-2.compute.internal:8080/function/q7BidByWin\": context deadline exceeded (Client.Timeout exceeded while awaiting headers)"}
q7BidByWin-0 call done
{"level":"error","time":"2024-03-16T21:31:05-05:00","message":"q7JoinMaxBid request failed: Post \"http://ip-172-31-9-162.us-east-2.compute.internal:8080/function/q7JoinMaxBid\": context deadline exceeded (Client.Timeout exceeded while awaiting headers)"}
q7JoinMaxBid-2 call done
{"level":"error","time":"2024-03-16T21:31:05-05:00","message":"q7MaxBid request failed: Post \"http://ip-172-31-9-162.us-east-2.compute.internal:8080/function/q7MaxBid\": context deadline exceeded (Client.Timeout exceeded while awaiting headers)"}
q7MaxBid-1 call done
{"level":"error","time":"2024-03-16T21:31:05-05:00","message":"q7MaxBid request failed: Post \"http://ip-172-31-9-162.us-east-2.compute.internal:8080/function/q7MaxBid\": context deadline exceeded (Client.Timeout exceeded while awaiting headers)"}
q7MaxBid-2 call done
{"level":"error","time":"2024-03-16T21:31:05-05:00","message":"source request failed: Post \"http://ip-172-31-9-162.us-east-2.compute.internal:8080/function/source\": context deadline exceeded (Client.Timeout exceeded while awaiting headers)"}
source-3 invoke done
{"level":"error","time":"2024-03-16T21:31:05-05:00","message":"q7BidByWin request failed: Post \"http://ip-172-31-9-162.us-east-2.compute.internal:8080/function/q7BidByWin\": context deadline exceeded (Client.Timeout exceeded while awaiting headers)"}
q7BidByWin-2 call done
{"level":"error","time":"2024-03-16T21:31:05-05:00","message":"q7BidByPrice request failed: Post \"http://ip-172-31-9-162.us-east-2.compute.internal:8080/function/q7BidByPrice\": context deadline exceeded (Client.Timeout exceeded while awaiting headers)"}
q7BidByPrice-3 call done
{"level":"error","time":"2024-03-16T21:31:05-05:00","message":"source request failed: Post \"http://ip-172-31-9-162.us-east-2.compute.internal:8080/function/source\": context deadline exceeded (Client.Timeout exceeded while awaiting headers)"}
{"level":"error","time":"2024-03-16T21:31:05-05:00","message":"q7BidByPrice request failed: Post \"http://ip-172-31-9-162.us-east-2.compute.internal:8080/function/q7BidByPrice\": context deadline exceeded (Client.Timeout exceeded while awaiting headers)"}
q7BidByPrice-0 call done
source-2 invoke done
{"level":"error","time":"2024-03-16T21:31:05-05:00","message":"q7JoinMaxBid request failed: Post \"http://ip-172-31-9-162.us-east-2.compute.internal:8080/function/q7JoinMaxBid\": context deadline exceeded (Client.Timeout exceeded while awaiting headers)"}
q7JoinMaxBid-1 call done
{"level":"error","time":"2024-03-16T21:31:05-05:00","message":"source request failed: Post \"http://ip-172-31-9-162.us-east-2.compute.internal:8080/function/source\": context deadline exceeded (Client.Timeout exceeded while awaiting headers)"}
source-1 invoke done
{"level":"error","time":"2024-03-16T21:31:05-05:00","message":"q7BidByPrice request failed: Post \"http://ip-172-31-9-162.us-east-2.compute.internal:8080/function/q7BidByPrice\": context deadline exceeded (Client.Timeout exceeded while awaiting headers)"}
{"level":"error","time":"2024-03-16T21:31:05-05:00","message":"source request failed: Post \"http://ip-172-31-9-162.us-east-2.compute.internal:8080/function/source\": context deadline exceeded (Client.Timeout exceeded while awaiting headers)"}
source-0 invoke done
q7BidByPrice-2 call done
{"level":"error","time":"2024-03-16T21:31:05-05:00","message":"q7BidByWin request failed: Post \"http://ip-172-31-9-162.us-east-2.compute.internal:8080/function/q7BidByWin\": context deadline exceeded (Client.Timeout exceeded while awaiting headers)"}
q7BidByWin-1 call done
{"level":"error","time":"2024-03-16T21:31:05-05:00","message":"q7JoinMaxBid request failed: Post \"http://ip-172-31-9-162.us-east-2.compute.internal:8080/function/q7JoinMaxBid\": context deadline exceeded (Client.Timeout exceeded while awaiting headers)"}
q7JoinMaxBid-3 call done
{"level":"error","time":"2024-03-16T21:31:05-05:00","message":"q7BidByPrice request failed: Post \"http://ip-172-31-9-162.us-east-2.compute.internal:8080/function/q7BidByPrice\": context deadline exceeded (Client.Timeout exceeded while awaiting headers)"}
q7BidByPrice-1 call done
source-0 failed
source-1 failed
source-2 failed
source-3 failed
q7JoinMaxBid-0 failed, msg 
q7JoinMaxBid-1 failed, msg 
q7JoinMaxBid-2 failed, msg 
q7JoinMaxBid-3 failed, msg 
q7BidByPrice-0 failed, msg 
q7BidByPrice-1 failed, msg 
q7BidByPrice-2 failed, msg 
q7BidByPrice-3 failed, msg 
q7BidByWin-0 failed, msg 
q7BidByWin-1 failed, msg 
q7BidByWin-2 failed, msg 
q7BidByWin-3 failed, msg 
q7MaxBid-0 failed, msg 
q7MaxBid-1 failed, msg 
q7MaxBid-2 failed, msg 
q7MaxBid-3 failed, msg 
