wait for last: true, sink max_buf_size: 131072
warmup: 0
config: map[NodeConstraint:"1,2,3,4" NumInstance:4 OutputTopicName:["nexmark_src"] funcName:"source"]
config: map[InputTopicNames:["nexmark_src"] NodeConstraint:"5,6,7,8" NumInstance:4 NumSrcProducer:[1] OutputTopicName:["q3_aucsBySellerID_out","q3_personsByID_out"] funcName:"q3GroupBy"]
config: map[Final:true InputTopicNames:["q3_aucsBySellerID_out","q3_personsByID_out"] NodeConstraint:"5,6,7,8" NumInstance:4 NumSrcProducer:[4,4] OutputTopicName:["q3_out"] funcName:"q3JoinTable"]
srcInvokeConfig: &{FinalTpNames:[q3_out] TopicName:nexmark_src AppId:q3 NodeConstraint:1,2,3,4 AdditionalBytes:0 ScaleEpoch:0 NumOutPartition:4 InstanceID:0 NumSrcInstance:4}
cliNodes: [0xc0000261e0 0xc000026240]
inParamsMap: map[q3GroupBy:[0xc00007eaa0 0xc00007eb40 0xc00007ebe0 0xc00007ec80] q3JoinTable:[0xc00007ed20 0xc00007edc0 0xc00007ee60 0xc00007ef00]]
encoded json is {"sg":{"changelog":4,"nexmark_src":4,"q3GroupBy":4,"q3JoinTable":4,"q3_aucsBySellerID_out":4,"q3_out":4,"q3_personsByID_out":4,"source":4},"aid":"q3","fns":["source","q3GroupBy","q3JoinTable"],"bufMaxSize":131072,"epoch":1,"serdeFormat":1,"bs":true}, node constraint is 1
configScaleInput: &{Config:map[changelog:4 nexmark_src:4 q3GroupBy:4 q3JoinTable:4 q3_aucsBySellerID_out:4 q3_out:4 q3_personsByID_out:4 source:4] AppId:q3 FuncNames:[source q3GroupBy q3JoinTable] BufMaxSize:131072 ScaleEpoch:0 SerdeFormat:1 Bootstrap:false}
encoded json is {"outTpNames":["q3_out"]}, node constraint is 1
redis_setup url is http://ip-172-31-7-38.us-east-2.compute.internal:8080/function/redisSetup
encoded json is {"srcTpName":"nexmark_src","outTpNames":["q3_out"],"numOutParts":"BA==","chkptEveryMs":100,"bufMaxSize":131072,"srcNumPart":4,"gua":4,"serde_format":1}, node constraint is 1
chkptmngr url is http://ip-172-31-7-38.us-east-2.compute.internal:8080/function/chkptmngr
func source url is http://ip-172-31-7-38.us-east-2.compute.internal:8080/function/source
func source url is http://ip-172-31-7-38.us-east-2.compute.internal:8080/function/source
func source url is http://ip-172-31-7-38.us-east-2.compute.internal:8080/function/source
func source url is http://ip-172-31-7-38.us-east-2.compute.internal:8080/function/source
src instance: 4
encoded json is {"topic_name":"nexmark_src","rate_shape":"square","aid":"q3","events_num":46080000,"rate_period":10000000000,"finOutTpNs":["q3_out"],"first_event_rate":256000,"next_event_rate":256000,"bid_avg_size":100,"person_avg_size":200,"auction_avg_size":500,"duration":180,"person_proportion":1,"auction_proportion":3,"bid_proportion":46,"bid_hot_ratio_auctions":2,"bid_hot_ratio_bidders":4,"auction_hot_ratio_sellers":4,"flushms":100,"bufMaxSize":131072,"commEveryMs":100,"rate_limited":false,"waitEnd":true,"serde_format":1,"numOutPar":4,"parNum":1,"nSrcIns":4,"gua":4}, node constraint is 1,2,3,4
encoded json is {"topic_name":"nexmark_src","rate_shape":"square","aid":"q3","events_num":46080000,"rate_period":10000000000,"finOutTpNs":["q3_out"],"first_event_rate":256000,"next_event_rate":256000,"bid_avg_size":100,"person_avg_size":200,"auction_avg_size":500,"duration":180,"person_proportion":1,"auction_proportion":3,"bid_proportion":46,"bid_hot_ratio_auctions":2,"bid_hot_ratio_bidders":4,"auction_hot_ratio_sellers":4,"flushms":100,"bufMaxSize":131072,"commEveryMs":100,"rate_limited":false,"waitEnd":true,"serde_format":1,"numOutPar":4,"parNum":3,"nSrcIns":4,"gua":4}, node constraint is 1,2,3,4
encoded json is {"topic_name":"nexmark_src","rate_shape":"square","aid":"q3","events_num":46080000,"rate_period":10000000000,"finOutTpNs":["q3_out"],"first_event_rate":256000,"next_event_rate":256000,"bid_avg_size":100,"person_avg_size":200,"auction_avg_size":500,"duration":180,"person_proportion":1,"auction_proportion":3,"bid_proportion":46,"bid_hot_ratio_auctions":2,"bid_hot_ratio_bidders":4,"auction_hot_ratio_sellers":4,"flushms":100,"bufMaxSize":131072,"commEveryMs":100,"rate_limited":false,"waitEnd":true,"serde_format":1,"numOutPar":4,"parNum":2,"nSrcIns":4,"gua":4}, node constraint is 1,2,3,4
encoded json is {"topic_name":"nexmark_src","rate_shape":"square","aid":"q3","events_num":46080000,"rate_period":10000000000,"finOutTpNs":["q3_out"],"first_event_rate":256000,"next_event_rate":256000,"bid_avg_size":100,"person_avg_size":200,"auction_avg_size":500,"duration":180,"person_proportion":1,"auction_proportion":3,"bid_proportion":46,"bid_hot_ratio_auctions":2,"bid_hot_ratio_bidders":4,"auction_hot_ratio_sellers":4,"flushms":100,"bufMaxSize":131072,"commEveryMs":100,"rate_limited":false,"waitEnd":true,"serde_format":1,"numOutPar":4,"nSrcIns":4,"gua":4}, node constraint is 1,2,3,4
Waiting for all client to return
func name is q3JoinTable
func url is http://ip-172-31-7-38.us-east-2.compute.internal:8080/function/q3JoinTable
func name is q3GroupBy
func url is http://ip-172-31-7-38.us-east-2.compute.internal:8080/function/q3GroupBy
func name is q3JoinTable
func url is http://ip-172-31-7-38.us-east-2.compute.internal:8080/function/q3JoinTable
func name is q3GroupBy
func name is q3GroupBy
func name is q3GroupBy
func url is http://ip-172-31-7-38.us-east-2.compute.internal:8080/function/q3GroupBy
func url is http://ip-172-31-7-38.us-east-2.compute.internal:8080/function/q3GroupBy
func url is http://ip-172-31-7-38.us-east-2.compute.internal:8080/function/q3GroupBy
func name is q3JoinTable
func url is http://ip-172-31-7-38.us-east-2.compute.internal:8080/function/q3JoinTable
func name is q3JoinTable
func url is http://ip-172-31-7-38.us-east-2.compute.internal:8080/function/q3JoinTable
encoded json is {"aid":"q3","numOutPartition":"BA==","numSubstreamProducer":"BAQ=","outputTopicName":["q3_out"],"inputTopicName":["q3_aucsBySellerID_out","q3_personsByID_out"],"commEveryMs":100,"flushMs":100,"snapEveryS":10,"duration":180,"bufMaxSize":131072,"epoch":1,"waitEnd":true,"numChangelogPartition":4,"numInPartition":4,"ParNum":3,"gua":4,"serdeFormat":1}, node constraint is 5,6,7,8
encoded json is {"aid":"q3","numOutPartition":"BAQ=","numSubstreamProducer":"AQ==","outputTopicName":["q3_aucsBySellerID_out","q3_personsByID_out"],"inputTopicName":["nexmark_src"],"commEveryMs":100,"flushMs":100,"snapEveryS":10,"duration":180,"bufMaxSize":131072,"epoch":1,"waitEnd":true,"numChangelogPartition":4,"numInPartition":4,"ParNum":2,"gua":4,"serdeFormat":1}, node constraint is 5,6,7,8
encoded json is {"aid":"q3","numOutPartition":"BAQ=","numSubstreamProducer":"AQ==","outputTopicName":["q3_aucsBySellerID_out","q3_personsByID_out"],"inputTopicName":["nexmark_src"],"commEveryMs":100,"flushMs":100,"snapEveryS":10,"duration":180,"bufMaxSize":131072,"epoch":1,"waitEnd":true,"numChangelogPartition":4,"numInPartition":4,"ParNum":3,"gua":4,"serdeFormat":1}, node constraint is 5,6,7,8
encoded json is {"aid":"q3","numOutPartition":"BAQ=","numSubstreamProducer":"AQ==","outputTopicName":["q3_aucsBySellerID_out","q3_personsByID_out"],"inputTopicName":["nexmark_src"],"commEveryMs":100,"flushMs":100,"snapEveryS":10,"duration":180,"bufMaxSize":131072,"epoch":1,"waitEnd":true,"numChangelogPartition":4,"numInPartition":4,"gua":4,"serdeFormat":1}, node constraint is 5,6,7,8
encoded json is {"aid":"q3","numOutPartition":"BA==","numSubstreamProducer":"BAQ=","outputTopicName":["q3_out"],"inputTopicName":["q3_aucsBySellerID_out","q3_personsByID_out"],"commEveryMs":100,"flushMs":100,"snapEveryS":10,"duration":180,"bufMaxSize":131072,"epoch":1,"waitEnd":true,"numChangelogPartition":4,"numInPartition":4,"gua":4,"serdeFormat":1}, node constraint is 5,6,7,8
encoded json is {"aid":"q3","numOutPartition":"BA==","numSubstreamProducer":"BAQ=","outputTopicName":["q3_out"],"inputTopicName":["q3_aucsBySellerID_out","q3_personsByID_out"],"commEveryMs":100,"flushMs":100,"snapEveryS":10,"duration":180,"bufMaxSize":131072,"epoch":1,"waitEnd":true,"numChangelogPartition":4,"numInPartition":4,"ParNum":1,"gua":4,"serdeFormat":1}, node constraint is 5,6,7,8
encoded json is {"aid":"q3","numOutPartition":"BAQ=","numSubstreamProducer":"AQ==","outputTopicName":["q3_aucsBySellerID_out","q3_personsByID_out"],"inputTopicName":["nexmark_src"],"commEveryMs":100,"flushMs":100,"snapEveryS":10,"duration":180,"bufMaxSize":131072,"epoch":1,"waitEnd":true,"numChangelogPartition":4,"numInPartition":4,"ParNum":1,"gua":4,"serdeFormat":1}, node constraint is 5,6,7,8
encoded json is {"aid":"q3","numOutPartition":"BA==","numSubstreamProducer":"BAQ=","outputTopicName":["q3_out"],"inputTopicName":["q3_aucsBySellerID_out","q3_personsByID_out"],"commEveryMs":100,"flushMs":100,"snapEveryS":10,"duration":180,"bufMaxSize":131072,"epoch":1,"waitEnd":true,"numChangelogPartition":4,"numInPartition":4,"ParNum":2,"gua":4,"serdeFormat":1}, node constraint is 5,6,7,8
source-3 invoke done
source-2 invoke done
source-0 invoke done
source-1 invoke done
q3GroupBy-1 call done
q3GroupBy-2 call done
q3GroupBy-3 call done
q3GroupBy-0 call done
q3JoinTable-0 call done
q3JoinTable-2 call done
q3JoinTable-3 call done
q3JoinTable-1 call done
sink_ctrl processed: 2, throughput: (event/s) 0.011102507881562139
sink processed: 11520002, throughput: (event/s) 63950.456500305794
source-0 duration: 180.139480317

sink processed: 11520002, throughput: (event/s) 63946.16863393344
sink_ctrl processed: 2, throughput: (event/s) 0.011101763460446177
source-1 duration: 180.151559446

sink processed: 11520002, throughput: (event/s) 63946.11172540379
sink_ctrl processed: 2, throughput: (event/s) 0.011101753580494828
source-2 duration: 180.151719771

sink processed: 11520002, throughput: (event/s) 63945.81775883231
sink_ctrl processed: 2, throughput: (event/s) 0.011101702544640584
source-3 duration: 180.15254795

sink_ctrl processed 8 events, duration: 180.15254795, tp: 0.044407
sink processed 46080008 events, duration: 180.15254795, tp: 255783.271035

aucSink processed: 138188, throughput: (event/s) 767.017898870378
nexmark_src_src processed: 11520506, throughput: (event/s) 63945.01914814298
nexmark_src_src_ctrl processed: 506, throughput: (event/s) 2.8085727908965414
nexmark_src_src_data processed: 11520000, throughput: (event/s) 63942.21057535209
nexmark_src_src_epoch processed: 0, throughput: (event/s) 0
nexmark_src_src_logEntry processed: 24287, throughput: (event/s) 134.80594342392155
perSink processed: 115511, throughput: (event/s) 641.1483234174908
q3GroupBy-0 duration: 180.16267965

aucSink processed: 138372, throughput: (event/s) 768.0082759287693
nexmark_src_src processed: 11520506, throughput: (event/s) 63942.44464839015
nexmark_src_src_ctrl processed: 506, throughput: (event/s) 2.8084597145373142
nexmark_src_src_data processed: 11520000, throughput: (event/s) 63939.63618867561
nexmark_src_src_epoch processed: 0, throughput: (event/s) 0
nexmark_src_src_logEntry processed: 24262, throughput: (event/s) 134.66175809111525
perSink processed: 115514, throughput: (event/s) 641.1391609981489
q3GroupBy-1 duration: 180.169933498

nexmark_src_src_ctrl processed: 506, throughput: (event/s) 2.8084356376602195
nexmark_src_src_data processed: 11520000, throughput: (event/s) 63939.08803526824
nexmark_src_src_epoch processed: 0, throughput: (event/s) 0
nexmark_src_src_logEntry processed: 24340, throughput: (event/s) 135.09352454673862
perSink processed: 115160, throughput: (event/s) 639.1688696303378
aucSink processed: 137758, throughput: (event/s) 764.5938272189655
nexmark_src_src processed: 11520506, throughput: (event/s) 63941.8964709059
q3GroupBy-2 duration: 180.171478105

nexmark_src_src_ctrl processed: 506, throughput: (event/s) 2.808427868478004
nexmark_src_src_data processed: 11520000, throughput: (event/s) 63938.911155862865
nexmark_src_src_epoch processed: 0, throughput: (event/s) 0
nexmark_src_src_logEntry processed: 24306, throughput: (event/s) 134.90444223562523
perSink processed: 115136, throughput: (event/s) 639.0338953855405
aucSink processed: 138621, throughput: (event/s) 769.3815801507695
nexmark_src_src processed: 11520506, throughput: (event/s) 63941.71958373134
q3GroupBy-3 duration: 180.171976528

nexmark_src_src_logEntry processed 97195 events, duration: 180.171976528
perSink processed 461321 events, duration: 180.171976528
aucSink processed 552939 events, duration: 180.171976528
nexmark_src_src processed 46082024 events, duration: 180.171976528
nexmark_src_src_ctrl processed 2024 events, duration: 180.171976528
nexmark_src_src_data processed 46080000 events, duration: 180.171976528
nexmark_src_src_epoch processed 0 events, duration: 180.171976528

eventTimeLatency_sink, p50: 239 ms, p90: 1390 ms, p99: 4012 ms
personsSrc_ctrl processed: 509, throughput: (event/s) 2.8188265130347525
auctionsSrc processed: 134560, throughput: (event/s) 745.1891858427432
auctionsSrc_data processed: 134051, throughput: (event/s) 742.3703593297084
personsSrc_logEntry processed: 2046, throughput: (event/s) 11.330685747876432
auctionsSrc_ctrl processed: 509, throughput: (event/s) 2.8188265130347525
auctionsSrc_epoch processed: 0, throughput: (event/s) 0
auctionsSrc_logEntry processed: 2208, throughput: (event/s) 12.22783681882266
personsSrc processed: 115836, throughput: (event/s) 641.4962435439952
personsSrc_data processed: 115327, throughput: (event/s) 638.6774170309606
personsSrc_epoch processed: 0, throughput: (event/s) 0
sink processed: 61349, throughput: (event/s) 339.74889537950696
q3JoinTable-0 duration: 180.571595182

eventTimeLatency_sink, p50: 224 ms, p90: 1338 ms, p99: 3913 ms
auctionsSrc_epoch processed: 0, throughput: (event/s) 0
personsSrc_epoch processed: 0, throughput: (event/s) 0
personsSrc_logEntry processed: 2040, throughput: (event/s) 11.242230145018357
auctionsSrc_ctrl processed: 509, throughput: (event/s) 2.805046639124678
auctionsSrc_logEntry processed: 2220, throughput: (event/s) 12.234191628402328
personsSrc_ctrl processed: 509, throughput: (event/s) 2.805046639124678
auctionsSrc_data processed: 140356, throughput: (event/s) 773.4874775657826
sink processed: 62262, throughput: (event/s) 343.11947710251616
auctionsSrc processed: 140865, throughput: (event/s) 776.2925242049073
personsSrc processed: 116125, throughput: (event/s) 639.9529292109102
personsSrc_data processed: 115616, throughput: (event/s) 637.1478825717854
q3JoinTable-1 duration: 181.458658441

eventTimeLatency_sink, p50: 225 ms, p90: 1504 ms, p99: 3859 ms
auctionsSrc_ctrl processed: 509, throughput: (event/s) 2.8188269011137117
auctionsSrc_data processed: 140783, throughput: (event/s) 779.6520778379012
auctionsSrc_logEntry processed: 2217, throughput: (event/s) 12.277680235302748
personsSrc_data processed: 115463, throughput: (event/s) 639.4306689259184
auctionsSrc processed: 141292, throughput: (event/s) 782.4709047390149
auctionsSrc_epoch processed: 0, throughput: (event/s) 0
personsSrc processed: 115972, throughput: (event/s) 642.2494958270322
personsSrc_ctrl processed: 509, throughput: (event/s) 2.8188269011137117
personsSrc_epoch processed: 0, throughput: (event/s) 0
sink processed: 63594, throughput: (event/s) 352.18168555879254
personsSrc_logEntry processed: 2044, throughput: (event/s) 11.319611367144258
q3JoinTable-2 duration: 180.571570322

eventTimeLatency_sink, p50: 223 ms, p90: 1327 ms, p99: 3080 ms
personsSrc_data processed: 114915, throughput: (event/s) 636.3958882874048
personsSrc_logEntry processed: 2043, throughput: (event/s) 11.31407387870311
sink processed: 60465, throughput: (event/s) 334.85339063915006
auctionsSrc processed: 138258, throughput: (event/s) 765.6687353508246
auctionsSrc_data processed: 137749, throughput: (event/s) 762.8499083296499
auctionsSrc_logEntry processed: 2207, throughput: (event/s) 12.22230105251971
auctionsSrc_ctrl processed: 509, throughput: (event/s) 2.818827021174686
personsSrc_ctrl processed: 509, throughput: (event/s) 2.818827021174686
auctionsSrc_epoch processed: 0, throughput: (event/s) 0
personsSrc processed: 115424, throughput: (event/s) 639.2147153085795
personsSrc_epoch processed: 0, throughput: (event/s) 0
q3JoinTable-3 duration: 180.571562631

personsSrc_logEntry processed 8173 events, duration: 181.458658441
auctionsSrc_epoch processed 0 events, duration: 181.458658441
auctionsSrc_logEntry processed 8852 events, duration: 181.458658441
personsSrc_data processed 461321 events, duration: 181.458658441
sink processed 247670 events, duration: 181.458658441
personsSrc_ctrl processed 2036 events, duration: 181.458658441
auctionsSrc processed 554975 events, duration: 181.458658441
auctionsSrc_data processed 552939 events, duration: 181.458658441
auctionsSrc_ctrl processed 2036 events, duration: 181.458658441
personsSrc processed 463357 events, duration: 181.458658441
personsSrc_epoch processed 0 events, duration: 181.458658441

