wait for last: true
warmup: 0
config: map[NodeConstraint:"1,2,3,4" NumInstance:4 OutputTopicName:["nexmark_src"] funcName:"source"]
config: map[InputTopicNames:["nexmark_src"] NodeConstraint:"5,6,7,8" NumInstance:4 NumSrcProducer:[1] OutputTopicName:["bid_by_price"] funcName:"q7BidByPrice"]
config: map[InputTopicNames:["nexmark_src"] NodeConstraint:"5,6,7,8" NumInstance:4 NumSrcProducer:[1] OutputTopicName:["bid_by_win"] funcName:"q7BidByWin"]
config: map[InputTopicNames:["bid_by_win"] NodeConstraint:"5,6,7,8" NumInstance:4 NumSrcProducer:[4] OutputTopicName:["max_bids"] funcName:"q7MaxBid"]
config: map[InputTopicNames:["bid_by_price","max_bids"] NodeConstraint:"5,6,7,8" NumInstance:4 NumSrcProducer:[4,4] OutputTopicName:["q7_out"] funcName:"q7JoinMaxBid"]
srcInvokeConfig: {TopicName:nexmark_src AppId:q7 NodeConstraint:1,2,3,4 ScaleEpoch:0 NumOutPartition:4 InstanceID:0 NumSrcInstance:4}
cliNodes: [0xc000026220 0xc000026260 0xc0000262a0 0xc000026320]
inParamsMap: map[q7BidByPrice:[0xc000000be0 0xc000000c80 0xc000000d20 0xc000000dc0] q7BidByWin:[0xc000000e60 0xc000000f00 0xc000000fa0 0xc000001040] q7JoinMaxBid:[0xc000001360 0xc000001400 0xc0000014a0 0xc000001540] q7MaxBid:[0xc0000010e0 0xc000001180 0xc000001220 0xc0000012c0]]
configScaleInput: {Config:map[bid_by_price:4 bid_by_win:4 changelog:4 max_bids:4 nexmark_src:4 q7BidByPrice:4 q7BidByWin:4 q7JoinMaxBid:4 q7MaxBid:4 q7_out:4 source:4] AppId:q7 FuncNames:[source q7BidByPrice q7BidByWin q7MaxBid q7JoinMaxBid] ScaleEpoch:0 SerdeFormat:1 Bootstrap:false}
encoded json is {"sg":{"bid_by_price":4,"bid_by_win":4,"changelog":4,"max_bids":4,"nexmark_src":4,"q7BidByPrice":4,"q7BidByWin":4,"q7JoinMaxBid":4,"q7MaxBid":4,"q7_out":4,"source":4},"aid":"q7","fns":["source","q7BidByPrice","q7BidByWin","q7MaxBid","q7JoinMaxBid"],"epoch":1,"serdeFormat":1,"bs":true}, node constraint is 1
func source url is http://ip-172-31-1-89.us-east-2.compute.internal:8080/function/source
func source url is http://ip-172-31-1-89.us-east-2.compute.internal:8080/function/source
func source url is http://ip-172-31-1-89.us-east-2.compute.internal:8080/function/source
func source url is http://ip-172-31-1-89.us-east-2.compute.internal:8080/function/source
src instance: 4
encoded json is {"topic_name":"nexmark_src","rate_shape":"square","aid":"q7","events_num":20160000,"rate_period":10000000000,"bid_avg_size":100,"first_event_rate":112000,"next_event_rate":112000,"person_avg_size":200,"auction_avg_size":500,"duration":180,"person_proportion":1,"auction_proportion":3,"bid_proportion":46,"bid_hot_ratio_auctions":2,"bid_hot_ratio_bidders":4,"auction_hot_ratio_sellers":4,"flushms":100,"rate_limited":false,"waitEnd":true,"serde_format":1,"numOutPar":4,"parNum":3,"nSrcIns":4}, node constraint is 1,2,3,4
encoded json is {"topic_name":"nexmark_src","rate_shape":"square","aid":"q7","events_num":20160000,"rate_period":10000000000,"bid_avg_size":100,"first_event_rate":112000,"next_event_rate":112000,"person_avg_size":200,"auction_avg_size":500,"duration":180,"person_proportion":1,"auction_proportion":3,"bid_proportion":46,"bid_hot_ratio_auctions":2,"bid_hot_ratio_bidders":4,"auction_hot_ratio_sellers":4,"flushms":100,"rate_limited":false,"waitEnd":true,"serde_format":1,"numOutPar":4,"parNum":1,"nSrcIns":4}, node constraint is 1,2,3,4
encoded json is {"topic_name":"nexmark_src","rate_shape":"square","aid":"q7","events_num":20160000,"rate_period":10000000000,"bid_avg_size":100,"first_event_rate":112000,"next_event_rate":112000,"person_avg_size":200,"auction_avg_size":500,"duration":180,"person_proportion":1,"auction_proportion":3,"bid_proportion":46,"bid_hot_ratio_auctions":2,"bid_hot_ratio_bidders":4,"auction_hot_ratio_sellers":4,"flushms":100,"rate_limited":false,"waitEnd":true,"serde_format":1,"numOutPar":4,"parNum":2,"nSrcIns":4}, node constraint is 1,2,3,4
encoded json is {"topic_name":"nexmark_src","rate_shape":"square","aid":"q7","events_num":20160000,"rate_period":10000000000,"bid_avg_size":100,"first_event_rate":112000,"next_event_rate":112000,"person_avg_size":200,"auction_avg_size":500,"duration":180,"person_proportion":1,"auction_proportion":3,"bid_proportion":46,"bid_hot_ratio_auctions":2,"bid_hot_ratio_bidders":4,"auction_hot_ratio_sellers":4,"flushms":100,"rate_limited":false,"waitEnd":true,"serde_format":1,"numOutPar":4,"nSrcIns":4}, node constraint is 1,2,3,4
Waiting for all client to return
func name is q7BidByWin
func url is http://ip-172-31-1-89.us-east-2.compute.internal:8080/function/q7BidByWin
func name is q7MaxBid
func url is http://ip-172-31-1-89.us-east-2.compute.internal:8080/function/q7MaxBid
func name is q7BidByPrice
func url is http://ip-172-31-1-89.us-east-2.compute.internal:8080/function/q7BidByPrice
func name is q7MaxBid
func url is http://ip-172-31-1-89.us-east-2.compute.internal:8080/function/q7MaxBid
func name is q7BidByPrice
func url is http://ip-172-31-1-89.us-east-2.compute.internal:8080/function/q7BidByPrice
func name is q7BidByWin
func url is http://ip-172-31-1-89.us-east-2.compute.internal:8080/function/q7BidByWin
func name is q7JoinMaxBid
func url is http://ip-172-31-1-89.us-east-2.compute.internal:8080/function/q7JoinMaxBid
func name is q7MaxBid
func url is http://ip-172-31-1-89.us-east-2.compute.internal:8080/function/q7MaxBid
func name is q7BidByPrice
func url is http://ip-172-31-1-89.us-east-2.compute.internal:8080/function/q7BidByPrice
func name is q7MaxBid
func url is http://ip-172-31-1-89.us-east-2.compute.internal:8080/function/q7MaxBid
func name is q7BidByWin
func url is http://ip-172-31-1-89.us-east-2.compute.internal:8080/function/q7BidByWin
func name is q7JoinMaxBid
func url is http://ip-172-31-1-89.us-east-2.compute.internal:8080/function/q7JoinMaxBid
func name is q7BidByPrice
func url is http://ip-172-31-1-89.us-east-2.compute.internal:8080/function/q7BidByPrice
func name is q7BidByWin
func url is http://ip-172-31-1-89.us-east-2.compute.internal:8080/function/q7BidByWin
func name is q7JoinMaxBid
func url is http://ip-172-31-1-89.us-east-2.compute.internal:8080/function/q7JoinMaxBid
func name is q7JoinMaxBid
func url is http://ip-172-31-1-89.us-east-2.compute.internal:8080/function/q7JoinMaxBid
encoded json is {"aid":"q7","numOutPartition":"BA==","numSubstreamProducer":"AQ==","outputTopicName":["bid_by_win"],"inputTopicName":["nexmark_src"],"commEveryMs":100,"flushMs":100,"snapEveryS":10,"duration":180,"epoch":1,"waitEnd":true,"numChangelogPartition":4,"numInPartition":4,"ParNum":3,"gua":3,"serdeFormat":1}, node constraint is 5,6,7,8
encoded json is {"aid":"q7","numOutPartition":"BA==","numSubstreamProducer":"BAQ=","outputTopicName":["q7_out"],"inputTopicName":["bid_by_price","max_bids"],"commEveryMs":100,"flushMs":100,"snapEveryS":10,"duration":180,"epoch":1,"waitEnd":true,"numChangelogPartition":4,"numInPartition":4,"ParNum":1,"gua":3,"serdeFormat":1}, node constraint is 5,6,7,8
encoded json is {"aid":"q7","numOutPartition":"BA==","numSubstreamProducer":"BA==","outputTopicName":["max_bids"],"inputTopicName":["bid_by_win"],"commEveryMs":100,"flushMs":100,"snapEveryS":10,"duration":180,"epoch":1,"waitEnd":true,"numChangelogPartition":4,"numInPartition":4,"ParNum":3,"gua":3,"serdeFormat":1}, node constraint is 5,6,7,8
encoded json is {"aid":"q7","numOutPartition":"BA==","numSubstreamProducer":"BA==","outputTopicName":["max_bids"],"inputTopicName":["bid_by_win"],"commEveryMs":100,"flushMs":100,"snapEveryS":10,"duration":180,"epoch":1,"waitEnd":true,"numChangelogPartition":4,"numInPartition":4,"ParNum":2,"gua":3,"serdeFormat":1}, node constraint is 5,6,7,8
encoded json is {"aid":"q7","numOutPartition":"BA==","numSubstreamProducer":"AQ==","outputTopicName":["bid_by_price"],"inputTopicName":["nexmark_src"],"commEveryMs":100,"flushMs":100,"snapEveryS":10,"duration":180,"epoch":1,"waitEnd":true,"numChangelogPartition":4,"numInPartition":4,"ParNum":1,"gua":3,"serdeFormat":1}, node constraint is 5,6,7,8
encoded json is {"aid":"q7","numOutPartition":"BA==","numSubstreamProducer":"BA==","outputTopicName":["max_bids"],"inputTopicName":["bid_by_win"],"commEveryMs":100,"flushMs":100,"snapEveryS":10,"duration":180,"epoch":1,"waitEnd":true,"numChangelogPartition":4,"numInPartition":4,"ParNum":1,"gua":3,"serdeFormat":1}, node constraint is 5,6,7,8
encoded json is {"aid":"q7","numOutPartition":"BA==","numSubstreamProducer":"AQ==","outputTopicName":["bid_by_price"],"inputTopicName":["nexmark_src"],"commEveryMs":100,"flushMs":100,"snapEveryS":10,"duration":180,"epoch":1,"waitEnd":true,"numChangelogPartition":4,"numInPartition":4,"ParNum":3,"gua":3,"serdeFormat":1}, node constraint is 5,6,7,8
encoded json is {"aid":"q7","numOutPartition":"BA==","numSubstreamProducer":"AQ==","outputTopicName":["bid_by_price"],"inputTopicName":["nexmark_src"],"commEveryMs":100,"flushMs":100,"snapEveryS":10,"duration":180,"epoch":1,"waitEnd":true,"numChangelogPartition":4,"numInPartition":4,"gua":3,"serdeFormat":1}, node constraint is 5,6,7,8
encoded json is {"aid":"q7","numOutPartition":"BA==","numSubstreamProducer":"AQ==","outputTopicName":["bid_by_win"],"inputTopicName":["nexmark_src"],"commEveryMs":100,"flushMs":100,"snapEveryS":10,"duration":180,"epoch":1,"waitEnd":true,"numChangelogPartition":4,"numInPartition":4,"ParNum":1,"gua":3,"serdeFormat":1}, node constraint is 5,6,7,8
encoded json is {"aid":"q7","numOutPartition":"BA==","numSubstreamProducer":"BA==","outputTopicName":["max_bids"],"inputTopicName":["bid_by_win"],"commEveryMs":100,"flushMs":100,"snapEveryS":10,"duration":180,"epoch":1,"waitEnd":true,"numChangelogPartition":4,"numInPartition":4,"gua":3,"serdeFormat":1}, node constraint is 5,6,7,8
encoded json is {"aid":"q7","numOutPartition":"BA==","numSubstreamProducer":"BAQ=","outputTopicName":["q7_out"],"inputTopicName":["bid_by_price","max_bids"],"commEveryMs":100,"flushMs":100,"snapEveryS":10,"duration":180,"epoch":1,"waitEnd":true,"numChangelogPartition":4,"numInPartition":4,"gua":3,"serdeFormat":1}, node constraint is 5,6,7,8
encoded json is {"aid":"q7","numOutPartition":"BA==","numSubstreamProducer":"AQ==","outputTopicName":["bid_by_win"],"inputTopicName":["nexmark_src"],"commEveryMs":100,"flushMs":100,"snapEveryS":10,"duration":180,"epoch":1,"waitEnd":true,"numChangelogPartition":4,"numInPartition":4,"gua":3,"serdeFormat":1}, node constraint is 5,6,7,8
encoded json is {"aid":"q7","numOutPartition":"BA==","numSubstreamProducer":"AQ==","outputTopicName":["bid_by_price"],"inputTopicName":["nexmark_src"],"commEveryMs":100,"flushMs":100,"snapEveryS":10,"duration":180,"epoch":1,"waitEnd":true,"numChangelogPartition":4,"numInPartition":4,"ParNum":2,"gua":3,"serdeFormat":1}, node constraint is 5,6,7,8
encoded json is {"aid":"q7","numOutPartition":"BA==","numSubstreamProducer":"BAQ=","outputTopicName":["q7_out"],"inputTopicName":["bid_by_price","max_bids"],"commEveryMs":100,"flushMs":100,"snapEveryS":10,"duration":180,"epoch":1,"waitEnd":true,"numChangelogPartition":4,"numInPartition":4,"ParNum":2,"gua":3,"serdeFormat":1}, node constraint is 5,6,7,8
encoded json is {"aid":"q7","numOutPartition":"BA==","numSubstreamProducer":"AQ==","outputTopicName":["bid_by_win"],"inputTopicName":["nexmark_src"],"commEveryMs":100,"flushMs":100,"snapEveryS":10,"duration":180,"epoch":1,"waitEnd":true,"numChangelogPartition":4,"numInPartition":4,"ParNum":2,"gua":3,"serdeFormat":1}, node constraint is 5,6,7,8
encoded json is {"aid":"q7","numOutPartition":"BA==","numSubstreamProducer":"BAQ=","outputTopicName":["q7_out"],"inputTopicName":["bid_by_price","max_bids"],"commEveryMs":100,"flushMs":100,"snapEveryS":10,"duration":180,"epoch":1,"waitEnd":true,"numChangelogPartition":4,"numInPartition":4,"ParNum":3,"gua":3,"serdeFormat":1}, node constraint is 5,6,7,8
source-3 invoke done
source-0 invoke done
source-1 invoke done
source-2 invoke done
q7BidByWin-3 call done
q7BidByWin-0 call done
q7BidByWin-1 call done
q7BidByWin-2 call done
q7MaxBid-1 call done
q7MaxBid-2 call done
q7MaxBid-3 call done
q7BidByPrice-0 call done
q7BidByPrice-3 call done
q7BidByPrice-1 call done
q7MaxBid-0 call done
q7BidByPrice-2 call done
q7JoinMaxBid-3 call done
q7JoinMaxBid-2 call done
q7JoinMaxBid-0 call done
q7JoinMaxBid-1 call done
sink processed: 5040001, throughput: (event/s) 27999.452394796335
sink_ctrl processed: 1, throughput: (event/s) 0.0055554458014584395
source-0 duration: 180.003556103

sink processed: 5039995, throughput: (event/s) 27999.301048176865
sink_ctrl processed: 1, throughput: (event/s) 0.005555422385969999
source-1 duration: 180.004314798

sink processed: 5039974, throughput: (event/s) 27999.038849413653
sink_ctrl processed: 1, throughput: (event/s) 0.005555393509850181
source-2 duration: 180.005250434

sink processed: 5039973, throughput: (event/s) 27999.20316754161
sink_ctrl processed: 1, throughput: (event/s) 0.005555427215094527
source-3 duration: 180.004158327

sink processed 20159943 events, duration: 180.005250434, tp: 111996.416501
sink_ctrl processed 4 events, duration: 180.005250434, tp: 0.022222

nexmark_src_src_data processed: 5040000, throughput: (event/s) 27992.73105194737
nexmark_src_src_epoch processed: 0, throughput: (event/s) 0
nexmark_src_src_logEntry processed: 10495, throughput: (event/s) 58.290419125037225
sink processed: 4636800, throughput: (event/s) 25753.312567791578
nexmark_src_src processed: 5040001, throughput: (event/s) 27992.736606060673
nexmark_src_src_ctrl processed: 1, throughput: (event/s) 0.005554113303957811
q7BidByPrice-0 duration: 180.046741086

nexmark_src_src_ctrl processed: 1, throughput: (event/s) 0.005553970091730163
nexmark_src_src_data processed: 5039994, throughput: (event/s) 27991.975938499472
nexmark_src_src_epoch processed: 0, throughput: (event/s) 0
nexmark_src_src_logEntry processed: 10480, throughput: (event/s) 58.205606561332104
sink processed: 4636796, throughput: (event/s) 25752.62630545405
nexmark_src_src processed: 5039995, throughput: (event/s) 27991.981492469564
q7BidByPrice-1 duration: 180.051383692

nexmark_src_src_data processed: 5039973, throughput: (event/s) 27989.71189621356
nexmark_src_src_epoch processed: 0, throughput: (event/s) 0
nexmark_src_src_logEntry processed: 10488, throughput: (event/s) 58.24556964243416
sink processed: 4636775, throughput: (event/s) 25750.534055949433
nexmark_src_src processed: 5039974, throughput: (event/s) 27989.717449757576
nexmark_src_src_ctrl processed: 1, throughput: (event/s) 0.0055535440162503965
q7BidByPrice-2 duration: 180.06519748

nexmark_src_src_data processed: 5039972, throughput: (event/s) 27991.527708410544
nexmark_src_src_epoch processed: 0, throughput: (event/s) 0
nexmark_src_src_logEntry processed: 10479, throughput: (event/s) 58.19937469026298
sink processed: 4636774, throughput: (event/s) 25752.204158800403
nexmark_src_src processed: 5039973, throughput: (event/s) 27991.533262315945
nexmark_src_src_ctrl processed: 1, throughput: (event/s) 0.005553905400349554
q7BidByPrice-3 duration: 180.053480914

nexmark_src_src_ctrl processed 4 events, duration: 180.06519748
nexmark_src_src_data processed 20159939 events, duration: 180.06519748
nexmark_src_src_epoch processed 0 events, duration: 180.06519748
nexmark_src_src_logEntry processed 41942 events, duration: 180.06519748
sink processed 18547145 events, duration: 180.06519748
nexmark_src_src processed 20159943 events, duration: 180.06519748

nexmark_src_src processed: 5040001, throughput: (event/s) 27995.897785596826
nexmark_src_src_ctrl processed: 1, throughput: (event/s) 0.005554740521995298
nexmark_src_src_data processed: 5040000, throughput: (event/s) 27995.892230856305
nexmark_src_src_epoch processed: 0, throughput: (event/s) 0
nexmark_src_src_logEntry processed: 10495, throughput: (event/s) 58.29700177834066
sink processed: 4636800, throughput: (event/s) 25756.2208523878
q7BidByWin-0 duration: 180.026410962

nexmark_src_src processed: 5039995, throughput: (event/s) 27996.070483446394
nexmark_src_src_ctrl processed: 1, throughput: (event/s) 0.005554781400268531
nexmark_src_src_data processed: 5039994, throughput: (event/s) 27996.064928664993
nexmark_src_src_epoch processed: 0, throughput: (event/s) 0
nexmark_src_src_logEntry processed: 10480, throughput: (event/s) 58.2141090748142
sink processed: 4636796, throughput: (event/s) 25756.388177639525
q7BidByWin-1 duration: 180.025086127

nexmark_src_src processed: 5039974, throughput: (event/s) 27995.235379926005
nexmark_src_src_ctrl processed: 1, throughput: (event/s) 0.005554638849312715
nexmark_src_src_data processed: 5039973, throughput: (event/s) 27995.229825287155
nexmark_src_src_epoch processed: 0, throughput: (event/s) 0
nexmark_src_src_logEntry processed: 10488, throughput: (event/s) 58.25705225159176
sink processed: 4636775, throughput: (event/s) 25755.610550521968
q7BidByWin-2 duration: 180.029706184

nexmark_src_src_epoch processed: 0, throughput: (event/s) 0
nexmark_src_src_logEntry processed: 10479, throughput: (event/s) 58.20872046455995
sink processed: 4636774, throughput: (event/s) 25756.33950027097
nexmark_src_src processed: 5039973, throughput: (event/s) 27996.02819982151
nexmark_src_src_ctrl processed: 1, throughput: (event/s) 0.005554797257807038
nexmark_src_src_data processed: 5039972, throughput: (event/s) 27996.02264502425
q7BidByWin-3 duration: 180.024572201

nexmark_src_src_ctrl processed 4 events, duration: 180.029706184
nexmark_src_src_data processed 20159939 events, duration: 180.029706184
nexmark_src_src_epoch processed 0 events, duration: 180.029706184
nexmark_src_src_logEntry processed 41942 events, duration: 180.029706184
sink processed 18547145 events, duration: 180.029706184
nexmark_src_src processed 20159943 events, duration: 180.029706184

bid_by_win_src_epoch processed: 663, throughput: (event/s) 3.6820973303176605
bid_by_win_src_logEntry processed: 4291, throughput: (event/s) 23.830889358058947
sink processed: 158, throughput: (event/s) 0.8774832250229115
bid_by_win_src processed: 1878237, throughput: (event/s) 10431.148481755432
bid_by_win_src_ctrl processed: 4, throughput: (event/s) 0.022214765190453456
bid_by_win_src_data processed: 1877570, throughput: (event/s) 10427.444169659924
q7MaxBid-0 duration: 180.060422233

bid_by_win_src processed: 6367865, throughput: (event/s) 35369.91058384825
bid_by_win_src_ctrl processed: 4, throughput: (event/s) 0.02221775152824267
bid_by_win_src_data processed: 6365575, throughput: (event/s) 35357.19092109833
bid_by_win_src_epoch processed: 2286, throughput: (event/s) 12.697444998390685
bid_by_win_src_logEntry processed: 14443, throughput: (event/s) 80.22274633060222
sink processed: 570, throughput: (event/s) 3.16602959277458
q7MaxBid-1 duration: 180.036219908

bid_by_win_src_data processed: 6182400, throughput: (event/s) 34339.446552692694
bid_by_win_src_epoch processed: 2228, throughput: (event/s) 12.375175808650253
bid_by_win_src_logEntry processed: 14033, throughput: (event/s) 77.94472267629668
sink processed: 554, throughput: (event/s) 3.0771307890449915
bid_by_win_src processed: 6184632, throughput: (event/s) 34351.84394605217
bid_by_win_src_ctrl processed: 4, throughput: (event/s) 0.02221755082342954
q7MaxBid-2 duration: 180.037846286

bid_by_win_src processed: 4123089, throughput: (event/s) 22900.640216875883
bid_by_win_src_ctrl processed: 4, throughput: (event/s) 0.022216973940534276
bid_by_win_src_data processed: 4121600, throughput: (event/s) 22892.36994832652
bid_by_win_src_epoch processed: 1485, throughput: (event/s) 8.24805157542335
bid_by_win_src_logEntry processed: 9338, throughput: (event/s) 51.86552566417727
sink processed: 370, throughput: (event/s) 2.0550700894994205
q7MaxBid-3 duration: 180.042521124

bid_by_win_src processed 18553823 events, duration: 180.060422233
bid_by_win_src_ctrl processed 16 events, duration: 180.060422233
bid_by_win_src_data processed 18547145 events, duration: 180.060422233
bid_by_win_src_epoch processed 6662 events, duration: 180.060422233
bid_by_win_src_logEntry processed 42105 events, duration: 180.060422233
sink processed 1652 events, duration: 180.060422233

eventTimeLatency_sink, p50: 130 ms, p90: 155 ms, p99: 265 ms
bidByPriceSrc_epoch processed: 6175, throughput: (event/s) 33.744472363892314
bidByPriceSrc_logEntry processed: 12857, throughput: (event/s) 70.25954351134631
maxBidsWithWinSrc_data processed: 512, throughput: (event/s) 2.797922242965646
bidByPriceSrc_data processed: 4551297, throughput: (event/s) 24871.435762974248
maxBidsWithWinSrc processed: 1028, throughput: (event/s) 5.617703253454461
bidByPriceSrc processed: 4557476, throughput: (event/s) 24905.202094105665
maxBidsWithWinSrc_ctrl processed: 4, throughput: (event/s) 0.02185876752316911
maxBidsWithWinSrc_epoch processed: 512, throughput: (event/s) 2.797922242965646
maxBidsWithWinSrc_logEntry processed: 512, throughput: (event/s) 2.797922242965646
bidByPriceSrc_ctrl processed: 4, throughput: (event/s) 0.02185876752316911
sink processed: 2052, throughput: (event/s) 11.213547739385753
q7JoinMaxBid-0 duration: 182.992933877

eventTimeLatency_sink, p50: 132 ms, p90: 150 ms, p99: 661 ms
maxBidsWithWinSrc_epoch processed: 386, throughput: (event/s) 2.109292179365768
sink processed: 1546, throughput: (event/s) 8.448097692485693
bidByPriceSrc_ctrl processed: 4, throughput: (event/s) 0.02185795004524112
bidByPriceSrc_epoch processed: 6175, throughput: (event/s) 33.743210382340976
bidByPriceSrc_data processed: 4612053, throughput: (event/s) 25202.50602000111
bidByPriceSrc_logEntry processed: 12932, throughput: (event/s) 70.66675249626454
maxBidsWithWinSrc_data processed: 386, throughput: (event/s) 2.109292179365768
bidByPriceSrc processed: 4618232, throughput: (event/s) 25236.2710883335
maxBidsWithWinSrc processed: 776, throughput: (event/s) 4.240442308776777
maxBidsWithWinSrc_logEntry processed: 386, throughput: (event/s) 2.109292179365768
maxBidsWithWinSrc_ctrl processed: 4, throughput: (event/s) 0.02185795004524112
q7JoinMaxBid-1 duration: 182.999777734

eventTimeLatency_sink, p50: 132 ms, p90: 155 ms, p99: 246 ms
maxBidsWithWinSrc_ctrl processed: 4, throughput: (event/s) 0.02187884976283432
sink processed: 1583, throughput: (event/s) 8.658554793641681
bidByPriceSrc_ctrl processed: 4, throughput: (event/s) 0.02187884976283432
bidByPriceSrc_data processed: 4705744, throughput: (event/s) 25739.066499589753
maxBidsWithWinSrc processed: 794, throughput: (event/s) 4.3429516779226125
maxBidsWithWinSrc_epoch processed: 395, throughput: (event/s) 2.160536414079889
bidByPriceSrc_epoch processed: 6175, throughput: (event/s) 33.77547432137548
bidByPriceSrc_logEntry processed: 13062, throughput: (event/s) 71.44538390053548
bidByPriceSrc processed: 4711923, throughput: (event/s) 25772.863852760893
maxBidsWithWinSrc_data processed: 395, throughput: (event/s) 2.160536414079889
maxBidsWithWinSrc_logEntry processed: 395, throughput: (event/s) 2.160536414079889
q7JoinMaxBid-2 duration: 182.824967645

eventTimeLatency_sink, p50: 131 ms, p90: 152 ms, p99: 283 ms
bidByPriceSrc_data processed: 4678051, throughput: (event/s) 25599.828360133288
maxBidsWithWinSrc processed: 720, throughput: (event/s) 3.94007598876027
maxBidsWithWinSrc_data processed: 359, throughput: (event/s) 1.9645656666179678
maxBidsWithWinSrc_ctrl processed: 4, throughput: (event/s) 0.021889311048668165
sink processed: 1438, throughput: (event/s) 7.869207321996205
bidByPriceSrc processed: 4684230, throughput: (event/s) 25633.64187337572
bidByPriceSrc_logEntry processed: 13049, throughput: (event/s) 71.40840496851771
maxBidsWithWinSrc_epoch processed: 357, throughput: (event/s) 1.9536210110936336
bidByPriceSrc_ctrl processed: 4, throughput: (event/s) 0.021889311048668165
bidByPriceSrc_epoch processed: 6175, throughput: (event/s) 33.79162393138148
maxBidsWithWinSrc_logEntry processed: 357, throughput: (event/s) 1.9536210110936336
q7JoinMaxBid-3 duration: 182.737592385

bidByPriceSrc processed 18571861 events, duration: 182.999777734
maxBidsWithWinSrc_ctrl processed 16 events, duration: 182.999777734
maxBidsWithWinSrc_epoch processed 1650 events, duration: 182.999777734
maxBidsWithWinSrc_logEntry processed 1650 events, duration: 182.999777734
bidByPriceSrc_ctrl processed 16 events, duration: 182.999777734
sink processed 6619 events, duration: 182.999777734
bidByPriceSrc_epoch processed 24700 events, duration: 182.999777734
maxBidsWithWinSrc_data processed 1652 events, duration: 182.999777734
bidByPriceSrc_data processed 18547145 events, duration: 182.999777734
maxBidsWithWinSrc processed 3318 events, duration: 182.999777734
bidByPriceSrc_logEntry processed 51900 events, duration: 182.999777734

