wait for last: true, sink max_buf_size: 131072
warmup: 0
config: map[NodeConstraint:"1,2,3,4" NumInstance:8 OutputTopicName:["nexmark_src"] funcName:"source"]
config: map[InputTopicNames:["nexmark_src"] NodeConstraint:"5,6,7,8" NumInstance:8 NumSrcProducer:[1] OutputTopicName:["q8_aucsBySellerID_out","q8_personsByID_out"] funcName:"q8GroupBy"]
config: map[Final:true InputTopicNames:["q8_aucsBySellerID_out","q8_personsByID_out"] NodeConstraint:"5,6,7,8" NumInstance:8 NumSrcProducer:[8,8] OutputTopicName:["q8_out"] funcName:"q8JoinStream"]
srcInvokeConfig: &{FinalTpNames:[q8_out] TopicName:nexmark_src AppId:q8 NodeConstraint:1,2,3,4 AdditionalBytes:0 ScaleEpoch:0 NumOutPartition:8 InstanceID:0 NumSrcInstance:8}
cliNodes: [0xc0000261c0 0xc000026200]
inParamsMap: map[q8GroupBy:[0xc00007eaa0 0xc00007eb40 0xc00007ebe0 0xc00007ec80 0xc00007ed20 0xc00007edc0 0xc00007ee60 0xc00007ef00] q8JoinStream:[0xc00007efa0 0xc00007f040 0xc00007f0e0 0xc00007f180 0xc00007f220 0xc00007f2c0 0xc00007f360 0xc00007f400]]
configScaleInput: &{Config:map[changelog:8 nexmark_src:8 q8GroupBy:8 q8JoinStream:8 q8_aucsBySellerID_out:8 q8_out:8 q8_personsByID_out:8 source:8] AppId:q8 FuncNames:[source q8GroupBy q8JoinStream] BufMaxSize:131072 ScaleEpoch:0 SerdeFormat:1 Bootstrap:false}
encoded json is {"sg":{"changelog":8,"nexmark_src":8,"q8GroupBy":8,"q8JoinStream":8,"q8_aucsBySellerID_out":8,"q8_out":8,"q8_personsByID_out":8,"source":8},"aid":"q8","fns":["source","q8GroupBy","q8JoinStream"],"bufMaxSize":131072,"epoch":1,"serdeFormat":1,"bs":true}, node constraint is 1
encoded json is {"outTpNames":["q8_out"]}, node constraint is 1
redis_setup url is http://ip-172-31-15-62.us-east-2.compute.internal:8080/function/redisSetup
encoded json is {"srcTpName":"nexmark_src","outTpNames":["q8_out"],"numOutParts":"CA==","chkptEveryMs":100,"bufMaxSize":131072,"srcNumPart":8,"gua":4,"serde_format":1}, node constraint is 1
chkptmngr url is http://ip-172-31-15-62.us-east-2.compute.internal:8080/function/chkptmngr
func source url is http://ip-172-31-15-62.us-east-2.compute.internal:8080/function/source
func source url is http://ip-172-31-15-62.us-east-2.compute.internal:8080/function/source
src instance: 8
func source url is http://ip-172-31-15-62.us-east-2.compute.internal:8080/function/source
func source url is http://ip-172-31-15-62.us-east-2.compute.internal:8080/function/source
func source url is http://ip-172-31-15-62.us-east-2.compute.internal:8080/function/source
func source url is http://ip-172-31-15-62.us-east-2.compute.internal:8080/function/source
func source url is http://ip-172-31-15-62.us-east-2.compute.internal:8080/function/source
encoded json is {"topic_name":"nexmark_src","rate_shape":"square","aid":"q8","events_num":20160000,"rate_period":10000000000,"finOutTpNs":["q8_out"],"first_event_rate":112000,"next_event_rate":112000,"bid_avg_size":100,"person_avg_size":200,"auction_avg_size":500,"duration":180,"person_proportion":1,"auction_proportion":3,"bid_proportion":46,"bid_hot_ratio_auctions":2,"bid_hot_ratio_bidders":4,"auction_hot_ratio_sellers":4,"flushms":100,"bufMaxSize":131072,"commEveryMs":100,"rate_limited":false,"waitEnd":true,"serde_format":1,"numOutPar":8,"parNum":7,"nSrcIns":8,"gua":4}, node constraint is 1,2,3,4
encoded json is {"topic_name":"nexmark_src","rate_shape":"square","aid":"q8","events_num":20160000,"rate_period":10000000000,"finOutTpNs":["q8_out"],"first_event_rate":112000,"next_event_rate":112000,"bid_avg_size":100,"person_avg_size":200,"auction_avg_size":500,"duration":180,"person_proportion":1,"auction_proportion":3,"bid_proportion":46,"bid_hot_ratio_auctions":2,"bid_hot_ratio_bidders":4,"auction_hot_ratio_sellers":4,"flushms":100,"bufMaxSize":131072,"commEveryMs":100,"rate_limited":false,"waitEnd":true,"serde_format":1,"numOutPar":8,"parNum":6,"nSrcIns":8,"gua":4}, node constraint is 1,2,3,4
encoded json is {"topic_name":"nexmark_src","rate_shape":"square","aid":"q8","events_num":20160000,"rate_period":10000000000,"finOutTpNs":["q8_out"],"first_event_rate":112000,"next_event_rate":112000,"bid_avg_size":100,"person_avg_size":200,"auction_avg_size":500,"duration":180,"person_proportion":1,"auction_proportion":3,"bid_proportion":46,"bid_hot_ratio_auctions":2,"bid_hot_ratio_bidders":4,"auction_hot_ratio_sellers":4,"flushms":100,"bufMaxSize":131072,"commEveryMs":100,"rate_limited":false,"waitEnd":true,"serde_format":1,"numOutPar":8,"parNum":1,"nSrcIns":8,"gua":4}, node constraint is 1,2,3,4
encoded json is {"topic_name":"nexmark_src","rate_shape":"square","aid":"q8","events_num":20160000,"rate_period":10000000000,"finOutTpNs":["q8_out"],"first_event_rate":112000,"next_event_rate":112000,"bid_avg_size":100,"person_avg_size":200,"auction_avg_size":500,"duration":180,"person_proportion":1,"auction_proportion":3,"bid_proportion":46,"bid_hot_ratio_auctions":2,"bid_hot_ratio_bidders":4,"auction_hot_ratio_sellers":4,"flushms":100,"bufMaxSize":131072,"commEveryMs":100,"rate_limited":false,"waitEnd":true,"serde_format":1,"numOutPar":8,"parNum":4,"nSrcIns":8,"gua":4}, node constraint is 1,2,3,4
func source url is http://ip-172-31-15-62.us-east-2.compute.internal:8080/function/source
encoded json is {"topic_name":"nexmark_src","rate_shape":"square","aid":"q8","events_num":20160000,"rate_period":10000000000,"finOutTpNs":["q8_out"],"first_event_rate":112000,"next_event_rate":112000,"bid_avg_size":100,"person_avg_size":200,"auction_avg_size":500,"duration":180,"person_proportion":1,"auction_proportion":3,"bid_proportion":46,"bid_hot_ratio_auctions":2,"bid_hot_ratio_bidders":4,"auction_hot_ratio_sellers":4,"flushms":100,"bufMaxSize":131072,"commEveryMs":100,"rate_limited":false,"waitEnd":true,"serde_format":1,"numOutPar":8,"parNum":5,"nSrcIns":8,"gua":4}, node constraint is 1,2,3,4
encoded json is {"topic_name":"nexmark_src","rate_shape":"square","aid":"q8","events_num":20160000,"rate_period":10000000000,"finOutTpNs":["q8_out"],"first_event_rate":112000,"next_event_rate":112000,"bid_avg_size":100,"person_avg_size":200,"auction_avg_size":500,"duration":180,"person_proportion":1,"auction_proportion":3,"bid_proportion":46,"bid_hot_ratio_auctions":2,"bid_hot_ratio_bidders":4,"auction_hot_ratio_sellers":4,"flushms":100,"bufMaxSize":131072,"commEveryMs":100,"rate_limited":false,"waitEnd":true,"serde_format":1,"numOutPar":8,"nSrcIns":8,"gua":4}, node constraint is 1,2,3,4
encoded json is {"topic_name":"nexmark_src","rate_shape":"square","aid":"q8","events_num":20160000,"rate_period":10000000000,"finOutTpNs":["q8_out"],"first_event_rate":112000,"next_event_rate":112000,"bid_avg_size":100,"person_avg_size":200,"auction_avg_size":500,"duration":180,"person_proportion":1,"auction_proportion":3,"bid_proportion":46,"bid_hot_ratio_auctions":2,"bid_hot_ratio_bidders":4,"auction_hot_ratio_sellers":4,"flushms":100,"bufMaxSize":131072,"commEveryMs":100,"rate_limited":false,"waitEnd":true,"serde_format":1,"numOutPar":8,"parNum":2,"nSrcIns":8,"gua":4}, node constraint is 1,2,3,4
encoded json is {"topic_name":"nexmark_src","rate_shape":"square","aid":"q8","events_num":20160000,"rate_period":10000000000,"finOutTpNs":["q8_out"],"first_event_rate":112000,"next_event_rate":112000,"bid_avg_size":100,"person_avg_size":200,"auction_avg_size":500,"duration":180,"person_proportion":1,"auction_proportion":3,"bid_proportion":46,"bid_hot_ratio_auctions":2,"bid_hot_ratio_bidders":4,"auction_hot_ratio_sellers":4,"flushms":100,"bufMaxSize":131072,"commEveryMs":100,"rate_limited":false,"waitEnd":true,"serde_format":1,"numOutPar":8,"parNum":3,"nSrcIns":8,"gua":4}, node constraint is 1,2,3,4
Waiting for all client to return
func name is q8GroupBy
func url is http://ip-172-31-15-62.us-east-2.compute.internal:8080/function/q8GroupBy
func name is q8GroupBy
func url is http://ip-172-31-15-62.us-east-2.compute.internal:8080/function/q8GroupBy
func name is q8GroupBy
func url is http://ip-172-31-15-62.us-east-2.compute.internal:8080/function/q8GroupBy
func name is q8GroupBy
func url is http://ip-172-31-15-62.us-east-2.compute.internal:8080/function/q8GroupBy
func name is q8JoinStream
func name is q8GroupBy
func url is http://ip-172-31-15-62.us-east-2.compute.internal:8080/function/q8GroupBy
func url is http://ip-172-31-15-62.us-east-2.compute.internal:8080/function/q8JoinStream
func name is q8GroupBy
func url is http://ip-172-31-15-62.us-east-2.compute.internal:8080/function/q8GroupBy
func name is q8JoinStream
func url is http://ip-172-31-15-62.us-east-2.compute.internal:8080/function/q8JoinStream
func name is q8JoinStream
func url is http://ip-172-31-15-62.us-east-2.compute.internal:8080/function/q8JoinStream
func name is q8JoinStream
func url is http://ip-172-31-15-62.us-east-2.compute.internal:8080/function/q8JoinStream
func name is q8JoinStream
func url is http://ip-172-31-15-62.us-east-2.compute.internal:8080/function/q8JoinStream
func name is q8JoinStream
func url is http://ip-172-31-15-62.us-east-2.compute.internal:8080/function/q8JoinStream
func name is q8GroupBy
func url is http://ip-172-31-15-62.us-east-2.compute.internal:8080/function/q8GroupBy
func name is q8JoinStream
func url is http://ip-172-31-15-62.us-east-2.compute.internal:8080/function/q8JoinStream
func name is q8JoinStream
func url is http://ip-172-31-15-62.us-east-2.compute.internal:8080/function/q8JoinStream
encoded json is {"aid":"q8","numOutPartition":"CAg=","numSubstreamProducer":"AQ==","outputTopicName":["q8_aucsBySellerID_out","q8_personsByID_out"],"inputTopicName":["nexmark_src"],"commEveryMs":100,"flushMs":100,"snapEveryS":10,"duration":180,"bufMaxSize":131072,"epoch":1,"waitEnd":true,"numChangelogPartition":8,"numInPartition":8,"ParNum":7,"gua":4,"serdeFormat":1}, node constraint is 5,6,7,8
func name is q8GroupBy
func url is http://ip-172-31-15-62.us-east-2.compute.internal:8080/function/q8GroupBy
encoded json is {"aid":"q8","numOutPartition":"CAg=","numSubstreamProducer":"AQ==","outputTopicName":["q8_aucsBySellerID_out","q8_personsByID_out"],"inputTopicName":["nexmark_src"],"commEveryMs":100,"flushMs":100,"snapEveryS":10,"duration":180,"bufMaxSize":131072,"epoch":1,"waitEnd":true,"numChangelogPartition":8,"numInPartition":8,"ParNum":2,"gua":4,"serdeFormat":1}, node constraint is 5,6,7,8
encoded json is {"aid":"q8","numOutPartition":"CAg=","numSubstreamProducer":"AQ==","outputTopicName":["q8_aucsBySellerID_out","q8_personsByID_out"],"inputTopicName":["nexmark_src"],"commEveryMs":100,"flushMs":100,"snapEveryS":10,"duration":180,"bufMaxSize":131072,"epoch":1,"waitEnd":true,"numChangelogPartition":8,"numInPartition":8,"ParNum":1,"gua":4,"serdeFormat":1}, node constraint is 5,6,7,8
encoded json is {"aid":"q8","numOutPartition":"CA==","numSubstreamProducer":"CAg=","outputTopicName":["q8_out"],"inputTopicName":["q8_aucsBySellerID_out","q8_personsByID_out"],"commEveryMs":100,"flushMs":100,"snapEveryS":10,"duration":180,"bufMaxSize":131072,"epoch":1,"waitEnd":true,"numChangelogPartition":8,"numInPartition":8,"ParNum":2,"gua":4,"serdeFormat":1}, node constraint is 5,6,7,8
encoded json is {"aid":"q8","numOutPartition":"CAg=","numSubstreamProducer":"AQ==","outputTopicName":["q8_aucsBySellerID_out","q8_personsByID_out"],"inputTopicName":["nexmark_src"],"commEveryMs":100,"flushMs":100,"snapEveryS":10,"duration":180,"bufMaxSize":131072,"epoch":1,"waitEnd":true,"numChangelogPartition":8,"numInPartition":8,"ParNum":4,"gua":4,"serdeFormat":1}, node constraint is 5,6,7,8
encoded json is {"aid":"q8","numOutPartition":"CAg=","numSubstreamProducer":"AQ==","outputTopicName":["q8_aucsBySellerID_out","q8_personsByID_out"],"inputTopicName":["nexmark_src"],"commEveryMs":100,"flushMs":100,"snapEveryS":10,"duration":180,"bufMaxSize":131072,"epoch":1,"waitEnd":true,"numChangelogPartition":8,"numInPartition":8,"ParNum":3,"gua":4,"serdeFormat":1}, node constraint is 5,6,7,8
encoded json is {"aid":"q8","numOutPartition":"CA==","numSubstreamProducer":"CAg=","outputTopicName":["q8_out"],"inputTopicName":["q8_aucsBySellerID_out","q8_personsByID_out"],"commEveryMs":100,"flushMs":100,"snapEveryS":10,"duration":180,"bufMaxSize":131072,"epoch":1,"waitEnd":true,"numChangelogPartition":8,"numInPartition":8,"ParNum":3,"gua":4,"serdeFormat":1}, node constraint is 5,6,7,8
encoded json is {"aid":"q8","numOutPartition":"CAg=","numSubstreamProducer":"AQ==","outputTopicName":["q8_aucsBySellerID_out","q8_personsByID_out"],"inputTopicName":["nexmark_src"],"commEveryMs":100,"flushMs":100,"snapEveryS":10,"duration":180,"bufMaxSize":131072,"epoch":1,"waitEnd":true,"numChangelogPartition":8,"numInPartition":8,"ParNum":6,"gua":4,"serdeFormat":1}, node constraint is 5,6,7,8
encoded json is {"aid":"q8","numOutPartition":"CA==","numSubstreamProducer":"CAg=","outputTopicName":["q8_out"],"inputTopicName":["q8_aucsBySellerID_out","q8_personsByID_out"],"commEveryMs":100,"flushMs":100,"snapEveryS":10,"duration":180,"bufMaxSize":131072,"epoch":1,"waitEnd":true,"numChangelogPartition":8,"numInPartition":8,"ParNum":4,"gua":4,"serdeFormat":1}, node constraint is 5,6,7,8
encoded json is {"aid":"q8","numOutPartition":"CA==","numSubstreamProducer":"CAg=","outputTopicName":["q8_out"],"inputTopicName":["q8_aucsBySellerID_out","q8_personsByID_out"],"commEveryMs":100,"flushMs":100,"snapEveryS":10,"duration":180,"bufMaxSize":131072,"epoch":1,"waitEnd":true,"numChangelogPartition":8,"numInPartition":8,"ParNum":6,"gua":4,"serdeFormat":1}, node constraint is 5,6,7,8
encoded json is {"aid":"q8","numOutPartition":"CA==","numSubstreamProducer":"CAg=","outputTopicName":["q8_out"],"inputTopicName":["q8_aucsBySellerID_out","q8_personsByID_out"],"commEveryMs":100,"flushMs":100,"snapEveryS":10,"duration":180,"bufMaxSize":131072,"epoch":1,"waitEnd":true,"numChangelogPartition":8,"numInPartition":8,"gua":4,"serdeFormat":1}, node constraint is 5,6,7,8
encoded json is {"aid":"q8","numOutPartition":"CA==","numSubstreamProducer":"CAg=","outputTopicName":["q8_out"],"inputTopicName":["q8_aucsBySellerID_out","q8_personsByID_out"],"commEveryMs":100,"flushMs":100,"snapEveryS":10,"duration":180,"bufMaxSize":131072,"epoch":1,"waitEnd":true,"numChangelogPartition":8,"numInPartition":8,"ParNum":5,"gua":4,"serdeFormat":1}, node constraint is 5,6,7,8
encoded json is {"aid":"q8","numOutPartition":"CA==","numSubstreamProducer":"CAg=","outputTopicName":["q8_out"],"inputTopicName":["q8_aucsBySellerID_out","q8_personsByID_out"],"commEveryMs":100,"flushMs":100,"snapEveryS":10,"duration":180,"bufMaxSize":131072,"epoch":1,"waitEnd":true,"numChangelogPartition":8,"numInPartition":8,"ParNum":1,"gua":4,"serdeFormat":1}, node constraint is 5,6,7,8
encoded json is {"aid":"q8","numOutPartition":"CAg=","numSubstreamProducer":"AQ==","outputTopicName":["q8_aucsBySellerID_out","q8_personsByID_out"],"inputTopicName":["nexmark_src"],"commEveryMs":100,"flushMs":100,"snapEveryS":10,"duration":180,"bufMaxSize":131072,"epoch":1,"waitEnd":true,"numChangelogPartition":8,"numInPartition":8,"gua":4,"serdeFormat":1}, node constraint is 5,6,7,8
encoded json is {"aid":"q8","numOutPartition":"CA==","numSubstreamProducer":"CAg=","outputTopicName":["q8_out"],"inputTopicName":["q8_aucsBySellerID_out","q8_personsByID_out"],"commEveryMs":100,"flushMs":100,"snapEveryS":10,"duration":180,"bufMaxSize":131072,"epoch":1,"waitEnd":true,"numChangelogPartition":8,"numInPartition":8,"ParNum":7,"gua":4,"serdeFormat":1}, node constraint is 5,6,7,8
encoded json is {"aid":"q8","numOutPartition":"CAg=","numSubstreamProducer":"AQ==","outputTopicName":["q8_aucsBySellerID_out","q8_personsByID_out"],"inputTopicName":["nexmark_src"],"commEveryMs":100,"flushMs":100,"snapEveryS":10,"duration":180,"bufMaxSize":131072,"epoch":1,"waitEnd":true,"numChangelogPartition":8,"numInPartition":8,"ParNum":5,"gua":4,"serdeFormat":1}, node constraint is 5,6,7,8
source-1 invoke done
source-5 invoke done
source-7 invoke done
source-3 invoke done
source-0 invoke done
source-6 invoke done
source-4 invoke done
source-2 invoke done
q8GroupBy-5 call done
q8GroupBy-6 call done
q8GroupBy-3 call done
q8GroupBy-1 call done
q8GroupBy-0 call done
q8GroupBy-7 call done
q8GroupBy-2 call done
q8GroupBy-4 call done
q8JoinStream-0 call done
q8JoinStream-6 call done
q8JoinStream-2 call done
q8JoinStream-4 call done
q8JoinStream-5 call done
q8JoinStream-1 call done
q8JoinStream-7 call done
q8JoinStream-3 call done
sink processed: 2520002, throughput: (event/s) 13999.61753488571
sink_ctrl processed: 2, throughput: (event/s) 0.011110798749275366
source-0 duration: 180.005060404

sink processed: 2520002, throughput: (event/s) 13999.405463076657
sink_ctrl processed: 2, throughput: (event/s) 0.011110630438449379
source-1 duration: 180.007787234

sink processed: 2519995, throughput: (event/s) 13999.29538071156
sink_ctrl processed: 2, throughput: (event/s) 0.01111057393424317
source-2 duration: 180.008702686

sink processed: 2520002, throughput: (event/s) 13999.460481687103
sink_ctrl processed: 2, throughput: (event/s) 0.011110674103978571
source-3 duration: 180.007079794

sink_ctrl processed: 2, throughput: (event/s) 0.011110871513067996
sink processed: 2520002, throughput: (event/s) 13999.709217337188
source-4 duration: 180.003881572

sink processed: 2520002, throughput: (event/s) 13999.616518930992
sink_ctrl processed: 2, throughput: (event/s) 0.011110797942962738
source-5 duration: 180.005073467

sink processed: 2520002, throughput: (event/s) 13999.514348921852
sink_ctrl processed: 2, throughput: (event/s) 0.011110716855718251
source-6 duration: 180.006387164

sink processed: 2520002, throughput: (event/s) 13999.573756416094
sink_ctrl processed: 2, throughput: (event/s) 0.011110764004485785
source-7 duration: 180.005623303

sink processed 20160009 events, duration: 180.008702686, tp: 111994.635255
sink_ctrl processed 16 events, duration: 180.008702686, tp: 0.088885

auctionsBySellerIDSink processed: 151200, throughput: (event/s) 839.814196129329
nexmark_src_src processed: 2520252, throughput: (event/s) 13998.302959149034
nexmark_src_src_ctrl processed: 252, throughput: (event/s) 1.3996903268822152
nexmark_src_src_data processed: 2520000, throughput: (event/s) 13996.90326882215
nexmark_src_src_epoch processed: 0, throughput: (event/s) 0
nexmark_src_src_logEntry processed: 5271, throughput: (event/s) 29.276856003953
personsByIDSink processed: 50400, throughput: (event/s) 279.93806537644303
q8GroupBy-0 duration: 180.039823924

nexmark_src_src_epoch processed: 0, throughput: (event/s) 0
nexmark_src_src_logEntry processed: 5273, throughput: (event/s) 29.287494046022836
personsByIDSink processed: 50400, throughput: (event/s) 279.93356721402444
auctionsBySellerIDSink processed: 151200, throughput: (event/s) 839.8007016420734
nexmark_src_src processed: 2520252, throughput: (event/s) 13998.078028537293
nexmark_src_src_ctrl processed: 252, throughput: (event/s) 1.3996678360701222
nexmark_src_src_data processed: 2520000, throughput: (event/s) 13996.678360701224
q8GroupBy-1 duration: 180.042716926

nexmark_src_src processed: 2520245, throughput: (event/s) 13997.99860714986
nexmark_src_src_ctrl processed: 252, throughput: (event/s) 1.3996637822917075
nexmark_src_src_data processed: 2519993, throughput: (event/s) 13996.598943367568
nexmark_src_src_epoch processed: 0, throughput: (event/s) 0
nexmark_src_src_logEntry processed: 5282, throughput: (event/s) 29.337397214542854
personsByIDSink processed: 50399, throughput: (event/s) 279.92720223698325
auctionsBySellerIDSink processed: 151199, throughput: (event/s) 839.7927151536662
q8GroupBy-2 duration: 180.043238375

nexmark_src_src_data processed: 2520000, throughput: (event/s) 13996.79656359033
nexmark_src_src_epoch processed: 0, throughput: (event/s) 0
nexmark_src_src_logEntry processed: 5270, throughput: (event/s) 29.271078527825807
personsByIDSink processed: 50400, throughput: (event/s) 279.93593127180657
auctionsBySellerIDSink processed: 151200, throughput: (event/s) 839.8077938154197
nexmark_src_src processed: 2520252, throughput: (event/s) 13998.196243246688
nexmark_src_src_ctrl processed: 252, throughput: (event/s) 1.3996796563590328
q8GroupBy-3 duration: 180.041196466

personsByIDSink processed: 50400, throughput: (event/s) 279.9342081687942
auctionsBySellerIDSink processed: 151200, throughput: (event/s) 839.8026245063827
nexmark_src_src processed: 2520252, throughput: (event/s) 13998.110079480555
nexmark_src_src_ctrl processed: 252, throughput: (event/s) 1.3996710408439712
nexmark_src_src_data processed: 2520000, throughput: (event/s) 13996.71040843971
nexmark_src_src_epoch processed: 0, throughput: (event/s) 0
nexmark_src_src_logEntry processed: 5268, throughput: (event/s) 29.259789853833492
q8GroupBy-4 duration: 180.042304689

auctionsBySellerIDSink processed: 151200, throughput: (event/s) 839.8138970397938
nexmark_src_src processed: 2520252, throughput: (event/s) 13998.297973824963
nexmark_src_src_ctrl processed: 252, throughput: (event/s) 1.3996898283996564
nexmark_src_src_data processed: 2520000, throughput: (event/s) 13996.898283996563
nexmark_src_src_epoch processed: 0, throughput: (event/s) 0
nexmark_src_src_logEntry processed: 5285, throughput: (event/s) 29.354606123381682
personsByIDSink processed: 50400, throughput: (event/s) 279.93796567993127
q8GroupBy-5 duration: 180.039888043

personsByIDSink processed: 50400, throughput: (event/s) 279.9377617111557
auctionsBySellerIDSink processed: 151200, throughput: (event/s) 839.813285133467
nexmark_src_src processed: 2520252, throughput: (event/s) 13998.287774366341
nexmark_src_src_ctrl processed: 252, throughput: (event/s) 1.3996888085557784
nexmark_src_src_data processed: 2520000, throughput: (event/s) 13996.888085557785
nexmark_src_src_epoch processed: 0, throughput: (event/s) 0
nexmark_src_src_logEntry processed: 5282, throughput: (event/s) 29.337921772982625
q8GroupBy-6 duration: 180.040019224

auctionsBySellerIDSink processed: 151200, throughput: (event/s) 839.8116235809939
nexmark_src_src processed: 2520252, throughput: (event/s) 13998.260079055868
nexmark_src_src_ctrl processed: 252, throughput: (event/s) 1.3996860393016566
nexmark_src_src_data processed: 2520000, throughput: (event/s) 13996.860393016566
nexmark_src_src_epoch processed: 0, throughput: (event/s) 0
nexmark_src_src_logEntry processed: 5282, throughput: (event/s) 29.337863728537105
personsByIDSink processed: 50400, throughput: (event/s) 279.93720786033134
q8GroupBy-7 duration: 180.04037543

nexmark_src_src_epoch processed 0 events, duration: 180.043238375
nexmark_src_src_logEntry processed 42213 events, duration: 180.043238375
personsByIDSink processed 403199 events, duration: 180.043238375
auctionsBySellerIDSink processed 1209599 events, duration: 180.043238375
nexmark_src_src processed 20162009 events, duration: 180.043238375
nexmark_src_src_ctrl processed 2016 events, duration: 180.043238375
nexmark_src_src_data processed 20159993 events, duration: 180.043238375

eventTimeLatency_sink, p50: 137 ms, p90: 920 ms, p99: 1883 ms
personsByIDSrc_data processed: 50440, throughput: (event/s) 278.05050598940255
sink processed: 1079718, throughput: (event/s) 5951.945603209075
auctionsBySellerIDSrc_logEntry processed: 13103, throughput: (event/s) 72.23028905589099
auctionsBySellerIDSrc_epoch processed: 0, throughput: (event/s) 0
personsByIDSrc_ctrl processed: 259, throughput: (event/s) 1.4277375307544657
personsByIDSrc_logEntry processed: 13681, throughput: (event/s) 75.4165141245245
auctionsBySellerIDSrc processed: 135122, throughput: (event/s) 744.8600410448066
personsByIDSrc processed: 50699, throughput: (event/s) 279.478243520157
auctionsBySellerIDSrc_ctrl processed: 259, throughput: (event/s) 1.4277375307544657
auctionsBySellerIDSrc_data processed: 134863, throughput: (event/s) 743.4323035140523
personsByIDSrc_epoch processed: 0, throughput: (event/s) 0
q8JoinStream-0 duration: 181.405891784

eventTimeLatency_sink, p50: 202 ms, p90: 811 ms, p99: 1492 ms
auctionsBySellerIDSrc_logEntry processed: 13168, throughput: (event/s) 72.5176583263559
auctionsBySellerIDSrc_epoch processed: 0, throughput: (event/s) 0
personsByIDSrc processed: 50763, throughput: (event/s) 279.5575554086273
personsByIDSrc_epoch processed: 0, throughput: (event/s) 0
personsByIDSrc_logEntry processed: 13756, throughput: (event/s) 75.75584051772113
auctionsBySellerIDSrc_ctrl processed: 259, throughput: (event/s) 1.4263421557203961
sink processed: 1281266, throughput: (event/s) 7056.076094560807
auctionsBySellerIDSrc processed: 160250, throughput: (event/s) 882.5147893984305
auctionsBySellerIDSrc_data processed: 159991, throughput: (event/s) 881.0884472427101
personsByIDSrc_ctrl processed: 259, throughput: (event/s) 1.4263421557203961
personsByIDSrc_data processed: 50504, throughput: (event/s) 278.1312132529069
q8JoinStream-1 duration: 181.583359197

eventTimeLatency_sink, p50: 140 ms, p90: 580 ms, p99: 1410 ms
auctionsBySellerIDSrc_data processed: 151645, throughput: (event/s) 835.1140004361881
personsByIDSrc_logEntry processed: 13707, throughput: (event/s) 75.4848996272797
auctionsBySellerIDSrc_ctrl processed: 259, throughput: (event/s) 1.4263215148074302
auctionsBySellerIDSrc_logEntry processed: 13262, throughput: (event/s) 73.03426999759127
sink processed: 1214436, throughput: (event/s) 6687.938977438904
auctionsBySellerIDSrc processed: 151904, throughput: (event/s) 836.5403219509956
auctionsBySellerIDSrc_epoch processed: 0, throughput: (event/s) 0
personsByIDSrc_data processed: 50880, throughput: (event/s) 280.197832715838
personsByIDSrc processed: 51139, throughput: (event/s) 281.62415423064544
personsByIDSrc_ctrl processed: 259, throughput: (event/s) 1.4263215148074302
personsByIDSrc_epoch processed: 0, throughput: (event/s) 0
q8JoinStream-2 duration: 181.585986968

eventTimeLatency_sink, p50: 174 ms, p90: 837 ms, p99: 1608 ms
personsByIDSrc_logEntry processed: 13745, throughput: (event/s) 75.69531355104746
auctionsBySellerIDSrc_data processed: 169020, throughput: (event/s) 930.81279711881
auctionsBySellerIDSrc_logEntry processed: 13177, throughput: (event/s) 72.56727149233558
personsByIDSrc_epoch processed: 0, throughput: (event/s) 0
personsByIDSrc_data processed: 50007, throughput: (event/s) 275.39436484155914
personsByIDSrc_ctrl processed: 259, throughput: (event/s) 1.4263431218422185
sink processed: 1353557, throughput: (event/s) 7454.195818422347
auctionsBySellerIDSrc processed: 169279, throughput: (event/s) 932.2391402406522
auctionsBySellerIDSrc_ctrl processed: 259, throughput: (event/s) 1.4263431218422185
auctionsBySellerIDSrc_epoch processed: 0, throughput: (event/s) 0
personsByIDSrc processed: 50266, throughput: (event/s) 276.8207079634014
q8JoinStream-3 duration: 181.583236203

eventTimeLatency_sink, p50: 175 ms, p90: 813 ms, p99: 1578 ms
auctionsBySellerIDSrc_ctrl processed: 259, throughput: (event/s) 1.426341721526066
personsByIDSrc_epoch processed: 0, throughput: (event/s) 0
auctionsBySellerIDSrc processed: 149224, throughput: (event/s) 821.793116034771
auctionsBySellerIDSrc_data processed: 148965, throughput: (event/s) 820.3667743132448
auctionsBySellerIDSrc_logEntry processed: 13047, throughput: (event/s) 71.85127583301383
personsByIDSrc_logEntry processed: 13659, throughput: (event/s) 75.22162770009473
sink processed: 1178515, throughput: (event/s) 6490.212795151705
personsByIDSrc processed: 50027, throughput: (event/s) 275.50423669028766
personsByIDSrc_ctrl processed: 259, throughput: (event/s) 1.426341721526066
auctionsBySellerIDSrc_epoch processed: 0, throughput: (event/s) 0
personsByIDSrc_data processed: 49768, throughput: (event/s) 274.0778949687616
q8JoinStream-4 duration: 181.583414473

eventTimeLatency_sink, p50: 228 ms, p90: 726 ms, p99: 1375 ms
personsByIDSrc_logEntry processed: 13696, throughput: (event/s) 75.3928973834935
sink processed: 1109102, throughput: (event/s) 6105.316389736231
auctionsBySellerIDSrc_data processed: 138514, throughput: (event/s) 762.4833373377058
personsByIDSrc processed: 50323, throughput: (event/s) 277.0149514478347
personsByIDSrc_data processed: 50064, throughput: (event/s) 275.58922419737286
auctionsBySellerIDSrc processed: 138773, throughput: (event/s) 763.9090645881677
auctionsBySellerIDSrc_logEntry processed: 13077, throughput: (event/s) 71.985464302274
personsByIDSrc_epoch processed: 0, throughput: (event/s) 0
auctionsBySellerIDSrc_ctrl processed: 259, throughput: (event/s) 1.4257272504618004
personsByIDSrc_ctrl processed: 259, throughput: (event/s) 1.4257272504618004
auctionsBySellerIDSrc_epoch processed: 0, throughput: (event/s) 0
q8JoinStream-5 duration: 181.661674711

eventTimeLatency_sink, p50: 166 ms, p90: 874 ms, p99: 1647 ms
sink processed: 1147706, throughput: (event/s) 6322.320920891498
personsByIDSrc processed: 50099, throughput: (event/s) 275.97830438783376
auctionsBySellerIDSrc_ctrl processed: 259, throughput: (event/s) 1.4267426662498044
auctionsBySellerIDSrc_data processed: 143324, throughput: (event/s) 789.5230343536176
auctionsBySellerIDSrc_epoch processed: 0, throughput: (event/s) 0
personsByIDSrc_data processed: 49840, throughput: (event/s) 274.55156172158394
personsByIDSrc_logEntry processed: 13703, throughput: (event/s) 75.48515349660644
auctionsBySellerIDSrc_logEntry processed: 13071, throughput: (event/s) 72.00368104459919
personsByIDSrc_ctrl processed: 259, throughput: (event/s) 1.4267426662498044
personsByIDSrc_epoch processed: 0, throughput: (event/s) 0
auctionsBySellerIDSrc processed: 143583, throughput: (event/s) 790.9497770198674
q8JoinStream-6 duration: 181.532385711

eventTimeLatency_sink, p50: 199 ms, p90: 809 ms, p99: 1564 ms
auctionsBySellerIDSrc_logEntry processed: 13298, throughput: (event/s) 73.21491760811003
auctionsBySellerIDSrc_epoch processed: 0, throughput: (event/s) 0
personsByIDSrc processed: 51955, throughput: (event/s) 286.0491084621264
personsByIDSrc_ctrl processed: 259, throughput: (event/s) 1.4259786178749059
personsByIDSrc_logEntry processed: 13695, throughput: (event/s) 75.40068406099165
auctionsBySellerIDSrc_ctrl processed: 259, throughput: (event/s) 1.4259786178749059
personsByIDSrc_data processed: 51696, throughput: (event/s) 284.6231298442515
auctionsBySellerIDSrc processed: 163536, throughput: (event/s) 900.3816187366433
auctionsBySellerIDSrc_data processed: 163277, throughput: (event/s) 898.9556401187683
personsByIDSrc_epoch processed: 0, throughput: (event/s) 0
sink processed: 1307677, throughput: (event/s) 7199.688961725109
q8JoinStream-7 duration: 181.629651913

auctionsBySellerIDSrc_logEntry processed 105203 events, duration: 181.661674711
personsByIDSrc_logEntry processed 109642 events, duration: 181.661674711
auctionsBySellerIDSrc processed 1211671 events, duration: 181.661674711
personsByIDSrc processed 405271 events, duration: 181.661674711
auctionsBySellerIDSrc_ctrl processed 2072 events, duration: 181.661674711
sink processed 9671977 events, duration: 181.661674711
auctionsBySellerIDSrc_epoch processed 0 events, duration: 181.661674711
personsByIDSrc_ctrl processed 2072 events, duration: 181.661674711
auctionsBySellerIDSrc_data processed 1209599 events, duration: 181.661674711
personsByIDSrc_epoch processed 0 events, duration: 181.661674711
personsByIDSrc_data processed 403199 events, duration: 181.661674711

