wait for last: true
warmup: 0
config: map[NodeConstraint:"1,2,3,4" NumInstance:4 OutputTopicName:["nexmark_src"] funcName:"source"]
config: map[InputTopicNames:["nexmark_src"] NodeConstraint:"5,6,7,8" NumInstance:4 NumSrcProducer:[1] OutputTopicName:["bids"] funcName:"q5bidkeyedbyauction"]
config: map[InputTopicNames:["bids"] NodeConstraint:"5,6,7,8" NumInstance:4 NumSrcProducer:[4] OutputTopicName:["aucBids"] funcName:"q5aucbids"]
config: map[InputTopicNames:["aucBids"] NodeConstraint:"5,6,7,8" NumInstance:4 NumSrcProducer:[4] OutputTopicName:["q5_out"] funcName:"q5maxbid"]
encoded json is {"sg":{"aucBids":4,"bids":4,"changelog":4,"nexmark_src":4,"q5_out":4,"q5aucbids":4,"q5bidkeyedbyauction":4,"q5maxbid":4,"source":4},"aid":"q5","fns":["source","q5bidkeyedbyauction","q5aucbids","q5maxbid"],"epoch":1,"serdeFormat":1,"bs":true}, node constraint is 1
srcInvokeConfig: {TopicName:nexmark_src AppId:q5 NodeConstraint:1,2,3,4 ScaleEpoch:0 NumOutPartition:4 InstanceID:0 NumSrcInstance:4}
cliNodes: [0xc000026200 0xc000026240 0xc000026280]
inParamsMap: map[q5aucbids:[0xc000000e60 0xc000000f00 0xc000000fa0 0xc000001040] q5bidkeyedbyauction:[0xc000000be0 0xc000000c80 0xc000000d20 0xc000000dc0] q5maxbid:[0xc0000010e0 0xc000001180 0xc000001220 0xc0000012c0]]
configScaleInput: {Config:map[aucBids:4 bids:4 changelog:4 nexmark_src:4 q5_out:4 q5aucbids:4 q5bidkeyedbyauction:4 q5maxbid:4 source:4] AppId:q5 FuncNames:[source q5bidkeyedbyauction q5aucbids q5maxbid] ScaleEpoch:0 SerdeFormat:1 Bootstrap:false}
func source url is http://ip-172-31-0-86.us-east-2.compute.internal:8080/function/source
func source url is http://ip-172-31-0-86.us-east-2.compute.internal:8080/function/source
func source url is http://ip-172-31-0-86.us-east-2.compute.internal:8080/function/source
src instance: 4
encoded json is {"topic_name":"nexmark_src","rate_shape":"square","aid":"q5","events_num":28800000,"rate_period":10000000000,"bid_avg_size":100,"first_event_rate":160000,"next_event_rate":160000,"person_avg_size":200,"auction_avg_size":500,"duration":180,"person_proportion":1,"auction_proportion":3,"bid_proportion":46,"bid_hot_ratio_auctions":2,"bid_hot_ratio_bidders":4,"auction_hot_ratio_sellers":4,"flushms":100,"rate_limited":false,"waitEnd":true,"serde_format":1,"numOutPar":4,"nSrcIns":4}, node constraint is 1,2,3,4
func source url is http://ip-172-31-0-86.us-east-2.compute.internal:8080/function/source
encoded json is {"topic_name":"nexmark_src","rate_shape":"square","aid":"q5","events_num":28800000,"rate_period":10000000000,"bid_avg_size":100,"first_event_rate":160000,"next_event_rate":160000,"person_avg_size":200,"auction_avg_size":500,"duration":180,"person_proportion":1,"auction_proportion":3,"bid_proportion":46,"bid_hot_ratio_auctions":2,"bid_hot_ratio_bidders":4,"auction_hot_ratio_sellers":4,"flushms":100,"rate_limited":false,"waitEnd":true,"serde_format":1,"numOutPar":4,"parNum":1,"nSrcIns":4}, node constraint is 1,2,3,4
encoded json is {"topic_name":"nexmark_src","rate_shape":"square","aid":"q5","events_num":28800000,"rate_period":10000000000,"bid_avg_size":100,"first_event_rate":160000,"next_event_rate":160000,"person_avg_size":200,"auction_avg_size":500,"duration":180,"person_proportion":1,"auction_proportion":3,"bid_proportion":46,"bid_hot_ratio_auctions":2,"bid_hot_ratio_bidders":4,"auction_hot_ratio_sellers":4,"flushms":100,"rate_limited":false,"waitEnd":true,"serde_format":1,"numOutPar":4,"parNum":3,"nSrcIns":4}, node constraint is 1,2,3,4
encoded json is {"topic_name":"nexmark_src","rate_shape":"square","aid":"q5","events_num":28800000,"rate_period":10000000000,"bid_avg_size":100,"first_event_rate":160000,"next_event_rate":160000,"person_avg_size":200,"auction_avg_size":500,"duration":180,"person_proportion":1,"auction_proportion":3,"bid_proportion":46,"bid_hot_ratio_auctions":2,"bid_hot_ratio_bidders":4,"auction_hot_ratio_sellers":4,"flushms":100,"rate_limited":false,"waitEnd":true,"serde_format":1,"numOutPar":4,"parNum":2,"nSrcIns":4}, node constraint is 1,2,3,4
Waiting for all client to return
func name is q5maxbid
func name is q5aucbids
func url is http://ip-172-31-0-86.us-east-2.compute.internal:8080/function/q5aucbids
func name is q5aucbids
func url is http://ip-172-31-0-86.us-east-2.compute.internal:8080/function/q5aucbids
func name is q5aucbids
func url is http://ip-172-31-0-86.us-east-2.compute.internal:8080/function/q5aucbids
func name is q5bidkeyedbyauction
func url is http://ip-172-31-0-86.us-east-2.compute.internal:8080/function/q5bidkeyedbyauction
func name is q5maxbid
func url is http://ip-172-31-0-86.us-east-2.compute.internal:8080/function/q5maxbid
func name is q5bidkeyedbyauction
func url is http://ip-172-31-0-86.us-east-2.compute.internal:8080/function/q5bidkeyedbyauction
func name is q5maxbid
func url is http://ip-172-31-0-86.us-east-2.compute.internal:8080/function/q5maxbid
func name is q5maxbid
func url is http://ip-172-31-0-86.us-east-2.compute.internal:8080/function/q5maxbid
func name is q5bidkeyedbyauction
func url is http://ip-172-31-0-86.us-east-2.compute.internal:8080/function/q5bidkeyedbyauction
func name is q5bidkeyedbyauction
func url is http://ip-172-31-0-86.us-east-2.compute.internal:8080/function/q5bidkeyedbyauction
func url is http://ip-172-31-0-86.us-east-2.compute.internal:8080/function/q5maxbid
func name is q5aucbids
func url is http://ip-172-31-0-86.us-east-2.compute.internal:8080/function/q5aucbids
encoded json is {"aid":"q5","numOutPartition":"BA==","numSubstreamProducer":"BA==","outputTopicName":["aucBids"],"inputTopicName":["bids"],"commEveryMs":100,"flushMs":100,"snapEveryS":10,"duration":180,"epoch":1,"waitEnd":true,"numChangelogPartition":4,"numInPartition":4,"ParNum":1,"gua":3,"serdeFormat":1}, node constraint is 5,6,7,8
encoded json is {"aid":"q5","numOutPartition":"BA==","numSubstreamProducer":"BA==","outputTopicName":["aucBids"],"inputTopicName":["bids"],"commEveryMs":100,"flushMs":100,"snapEveryS":10,"duration":180,"epoch":1,"waitEnd":true,"numChangelogPartition":4,"numInPartition":4,"ParNum":3,"gua":3,"serdeFormat":1}, node constraint is 5,6,7,8
encoded json is {"aid":"q5","numOutPartition":"BA==","numSubstreamProducer":"BA==","outputTopicName":["q5_out"],"inputTopicName":["aucBids"],"commEveryMs":100,"flushMs":100,"snapEveryS":10,"duration":180,"epoch":1,"waitEnd":true,"numChangelogPartition":4,"numInPartition":4,"ParNum":1,"gua":3,"serdeFormat":1}, node constraint is 5,6,7,8
encoded json is {"aid":"q5","numOutPartition":"BA==","numSubstreamProducer":"AQ==","outputTopicName":["bids"],"inputTopicName":["nexmark_src"],"commEveryMs":100,"flushMs":100,"snapEveryS":10,"duration":180,"epoch":1,"waitEnd":true,"numChangelogPartition":4,"numInPartition":4,"ParNum":3,"gua":3,"serdeFormat":1}, node constraint is 5,6,7,8
encoded json is {"aid":"q5","numOutPartition":"BA==","numSubstreamProducer":"BA==","outputTopicName":["aucBids"],"inputTopicName":["bids"],"commEveryMs":100,"flushMs":100,"snapEveryS":10,"duration":180,"epoch":1,"waitEnd":true,"numChangelogPartition":4,"numInPartition":4,"ParNum":2,"gua":3,"serdeFormat":1}, node constraint is 5,6,7,8
encoded json is {"aid":"q5","numOutPartition":"BA==","numSubstreamProducer":"BA==","outputTopicName":["q5_out"],"inputTopicName":["aucBids"],"commEveryMs":100,"flushMs":100,"snapEveryS":10,"duration":180,"epoch":1,"waitEnd":true,"numChangelogPartition":4,"numInPartition":4,"gua":3,"serdeFormat":1}, node constraint is 5,6,7,8
encoded json is {"aid":"q5","numOutPartition":"BA==","numSubstreamProducer":"AQ==","outputTopicName":["bids"],"inputTopicName":["nexmark_src"],"commEveryMs":100,"flushMs":100,"snapEveryS":10,"duration":180,"epoch":1,"waitEnd":true,"numChangelogPartition":4,"numInPartition":4,"ParNum":2,"gua":3,"serdeFormat":1}, node constraint is 5,6,7,8
encoded json is {"aid":"q5","numOutPartition":"BA==","numSubstreamProducer":"AQ==","outputTopicName":["bids"],"inputTopicName":["nexmark_src"],"commEveryMs":100,"flushMs":100,"snapEveryS":10,"duration":180,"epoch":1,"waitEnd":true,"numChangelogPartition":4,"numInPartition":4,"gua":3,"serdeFormat":1}, node constraint is 5,6,7,8
encoded json is {"aid":"q5","numOutPartition":"BA==","numSubstreamProducer":"BA==","outputTopicName":["q5_out"],"inputTopicName":["aucBids"],"commEveryMs":100,"flushMs":100,"snapEveryS":10,"duration":180,"epoch":1,"waitEnd":true,"numChangelogPartition":4,"numInPartition":4,"ParNum":3,"gua":3,"serdeFormat":1}, node constraint is 5,6,7,8
encoded json is {"aid":"q5","numOutPartition":"BA==","numSubstreamProducer":"BA==","outputTopicName":["q5_out"],"inputTopicName":["aucBids"],"commEveryMs":100,"flushMs":100,"snapEveryS":10,"duration":180,"epoch":1,"waitEnd":true,"numChangelogPartition":4,"numInPartition":4,"ParNum":2,"gua":3,"serdeFormat":1}, node constraint is 5,6,7,8
encoded json is {"aid":"q5","numOutPartition":"BA==","numSubstreamProducer":"AQ==","outputTopicName":["bids"],"inputTopicName":["nexmark_src"],"commEveryMs":100,"flushMs":100,"snapEveryS":10,"duration":180,"epoch":1,"waitEnd":true,"numChangelogPartition":4,"numInPartition":4,"ParNum":1,"gua":3,"serdeFormat":1}, node constraint is 5,6,7,8
encoded json is {"aid":"q5","numOutPartition":"BA==","numSubstreamProducer":"BA==","outputTopicName":["aucBids"],"inputTopicName":["bids"],"commEveryMs":100,"flushMs":100,"snapEveryS":10,"duration":180,"epoch":1,"waitEnd":true,"numChangelogPartition":4,"numInPartition":4,"gua":3,"serdeFormat":1}, node constraint is 5,6,7,8
source-0 invoke done
source-3 invoke done
source-1 invoke done
source-2 invoke done
q5bidkeyedbyauction-0 call done
q5bidkeyedbyauction-3 call done
q5bidkeyedbyauction-2 call done
q5bidkeyedbyauction-1 call done
q5aucbids-3 call done
q5aucbids-1 call done
q5aucbids-2 call done
q5aucbids-0 call done
q5maxbid-0 call done
q5maxbid-1 call done
q5maxbid-2 call done
q5maxbid-3 call done
sink_ctrl processed: 1, throughput: (event/s) 0.005555459314383304
sink processed: 7200001, throughput: (event/s) 39999.312619019096
source-0 duration: 180.003118268

sink processed: 7200001, throughput: (event/s) 39999.18600956679
sink_ctrl processed: 1, throughput: (event/s) 0.005555441729739592
source-1 duration: 180.003688032

sink processed: 7200001, throughput: (event/s) 39998.9940943254
sink_ctrl processed: 1, throughput: (event/s) 0.005555415074848655
source-2 duration: 180.00455169

sink processed: 7200001, throughput: (event/s) 39999.179242066544
sink_ctrl processed: 1, throughput: (event/s) 0.005555440789809133
source-3 duration: 180.003718487

sink_ctrl processed 4 events, duration: 180.00455169, tp: 0.022222
sink processed 28800004 events, duration: 180.00455169, tp: 159995.976377

bids_src processed: 6575016, throughput: (event/s) 36496.26524503382
bids_src_ctrl processed: 4, throughput: (event/s) 0.02220299706953341
bids_src_data processed: 6568651, throughput: (event/s) 36460.93472594692
bids_src_epoch processed: 6361, throughput: (event/s) 35.3083160898255
bids_src_logEntry processed: 17002, throughput: (event/s) 94.37383904405175
sink processed: 916833, throughput: (event/s) 5089.110103062881
q5aucbids-0 duration: 180.155858575

bids_src_ctrl processed: 4, throughput: (event/s) 0.022205202192198882
bids_src_data processed: 6717627, throughput: (event/s) 37291.5664466936
bids_src_epoch processed: 6361, throughput: (event/s) 35.311822786144276
bids_src_logEntry processed: 17271, throughput: (event/s) 95.87651176536673
sink processed: 910708, throughput: (event/s) 5055.613819513265
bids_src processed: 6723992, throughput: (event/s) 37326.90047468194
q5aucbids-1 duration: 180.137967913

bids_src_ctrl processed: 4, throughput: (event/s) 0.022204104579922675
bids_src_data processed: 6640664, throughput: (event/s) 36862.49948403191
bids_src_epoch processed: 6361, throughput: (event/s) 35.310077308222034
bids_src_logEntry processed: 17082, throughput: (event/s) 94.82262860855978
sink processed: 922714, throughput: (event/s) 5122.009538339693
bids_src processed: 6647029, throughput: (event/s) 36897.83176544471
q5aucbids-2 duration: 180.146872647

bids_src_epoch processed: 6361, throughput: (event/s) 35.312131101536494
bids_src_logEntry processed: 16998, throughput: (event/s) 94.36183060272242
sink processed: 917483, throughput: (event/s) 5093.268350798775
bids_src processed: 6575423, throughput: (event/s) 36502.46801195699
bids_src_ctrl processed: 4, throughput: (event/s) 0.02220539607076654
bids_src_data processed: 6569058, throughput: (event/s) 36467.13367545938
q5aucbids-3 duration: 180.136395102

bids_src_data processed 26496000 events, duration: 180.155858575
bids_src_epoch processed 25444 events, duration: 180.155858575
bids_src_logEntry processed 68353 events, duration: 180.155858575
sink processed 3667738 events, duration: 180.155858575
bids_src processed 26521460 events, duration: 180.155858575
bids_src_ctrl processed 16 events, duration: 180.155858575

eventTimeLatency_sink, p50: 160 ms, p90: 246 ms, p99: 462 ms
aucBids_src_ctrl processed: 4, throughput: (event/s) 0.022202785740517848
aucBids_src_data processed: 578103, throughput: (event/s) 3208.8742612376473
aucBids_src_epoch processed: 2748, throughput: (event/s) 15.253313803735761
aucBids_src_logEntry processed: 2748, throughput: (event/s) 15.253313803735761
sink processed: 317, throughput: (event/s) 1.7595707699360394
aucBids_src processed: 580855, throughput: (event/s) 3224.1497778271237
q5maxbid-0 duration: 180.157573322

eventTimeLatency_sink, p50: 123 ms, p90: 244 ms, p99: 325 ms
aucBids_src_epoch processed: 4880, throughput: (event/s) 27.087253634003833
aucBids_src_logEntry processed: 4880, throughput: (event/s) 27.087253634003833
sink processed: 579, throughput: (event/s) 3.2138360356738156
aucBids_src processed: 1138476, throughput: (event/s) 6319.3008541447025
aucBids_src_ctrl processed: 4, throughput: (event/s) 0.022202666913117897
aucBids_src_data processed: 1133592, throughput: (event/s) 6292.191397843786
q5maxbid-1 duration: 180.158537515

eventTimeLatency_sink, p50: 141 ms, p90: 253 ms, p99: 334 ms
aucBids_src_logEntry processed: 4612, throughput: (event/s) 25.599247233606853
sink processed: 599, throughput: (event/s) 3.3247938189354955
aucBids_src processed: 1088066, throughput: (event/s) 6039.390837051534
aucBids_src_ctrl processed: 4, throughput: (event/s) 0.022202295952824677
aucBids_src_data processed: 1083450, throughput: (event/s) 6013.769387521975
aucBids_src_epoch processed: 4612, throughput: (event/s) 25.599247233606853
q5maxbid-2 duration: 180.161547639

eventTimeLatency_sink, p50: 146 ms, p90: 252 ms, p99: 322 ms
aucBids_src processed: 876286, throughput: (event/s) 4863.808849767286
aucBids_src_ctrl processed: 4, throughput: (event/s) 0.022201924256543118
aucBids_src_data processed: 872593, throughput: (event/s) 4843.310923197432
aucBids_src_epoch processed: 3689, throughput: (event/s) 20.47572464559689
aucBids_src_logEntry processed: 3689, throughput: (event/s) 20.47572464559689
sink processed: 490, throughput: (event/s) 2.7197357214265323
q5maxbid-3 duration: 180.164563836

aucBids_src_epoch processed 15929 events, duration: 180.164563836
aucBids_src_logEntry processed 15929 events, duration: 180.164563836
sink processed 1985 events, duration: 180.164563836
aucBids_src processed 3683683 events, duration: 180.164563836
aucBids_src_ctrl processed 16 events, duration: 180.164563836
aucBids_src_data processed 3667738 events, duration: 180.164563836

nexmark_src_src_data processed: 7200000, throughput: (event/s) 39994.09599444957
nexmark_src_src_epoch processed: 0, throughput: (event/s) 0
nexmark_src_src_logEntry processed: 15865, throughput: (event/s) 88.12587957665866
sink processed: 6624000, throughput: (event/s) 36794.5683148936
nexmark_src_src processed: 7200001, throughput: (event/s) 39994.10154918512
nexmark_src_src_ctrl processed: 1, throughput: (event/s) 0.0055547355547846625
q5bidkeyedbyauction-0 duration: 180.026571947

nexmark_src_src processed: 7200001, throughput: (event/s) 39993.12829855331
nexmark_src_src_ctrl processed: 1, throughput: (event/s) 0.005554600381104574
nexmark_src_src_data processed: 7200000, throughput: (event/s) 39993.12274395293
nexmark_src_src_epoch processed: 0, throughput: (event/s) 0
nexmark_src_src_logEntry processed: 15824, throughput: (event/s) 87.89599643059877
sink processed: 6624000, throughput: (event/s) 36793.672924436694
q5bidkeyedbyauction-1 duration: 180.030952974

nexmark_src_src_ctrl processed: 1, throughput: (event/s) 0.0055547228611851195
nexmark_src_src_data processed: 7200000, throughput: (event/s) 39994.004600532855
nexmark_src_src_epoch processed: 0, throughput: (event/s) 0
nexmark_src_src_logEntry processed: 15834, throughput: (event/s) 87.95348178400518
sink processed: 6624000, throughput: (event/s) 36794.48423249023
nexmark_src_src processed: 7200001, throughput: (event/s) 39994.01015525572
q5bidkeyedbyauction-2 duration: 180.026983342

nexmark_src_src_ctrl processed: 1, throughput: (event/s) 0.005554719463533101
nexmark_src_src_data processed: 7200000, throughput: (event/s) 39993.980137438324
nexmark_src_src_epoch processed: 0, throughput: (event/s) 0
nexmark_src_src_logEntry processed: 15839, throughput: (event/s) 87.98120158290078
sink processed: 6624000, throughput: (event/s) 36794.46172644326
nexmark_src_src processed: 7200001, throughput: (event/s) 39993.98569215779
q5bidkeyedbyauction-3 duration: 180.027093459

sink processed 26496000 events, duration: 180.030952974
nexmark_src_src processed 28800004 events, duration: 180.030952974
nexmark_src_src_ctrl processed 4 events, duration: 180.030952974
nexmark_src_src_data processed 28800000 events, duration: 180.030952974
nexmark_src_src_epoch processed 0 events, duration: 180.030952974
nexmark_src_src_logEntry processed 63362 events, duration: 180.030952974

