wait for last: true, sink max_buf_size: 131072
warmup: 0
config: map[NodeConstraint:"1,2,3,4" NumInstance:4 OutputTopicName:["nexmark_src"] funcName:"source"]
config: map[Final:true InputTopicNames:["nexmark_src"] NodeConstraint:"5,6,7,8" NumInstance:4 NumSrcProducer:[1] OutputTopicName:["q1_out"] funcName:"query1"]
srcInvokeConfig: &{FinalTpNames:[q1_out] TopicName:nexmark_src AppId:q1 NodeConstraint:1,2,3,4 AdditionalBytes:0 ScaleEpoch:0 NumOutPartition:4 InstanceID:0 NumSrcInstance:4}
cliNodes: [0xc000026160]
inParamsMap: map[query1:[0xc00007eaa0 0xc00007eb40 0xc00007ebe0 0xc00007ec80]]
configScaleInput: &{Config:map[nexmark_src:4 q1_out:4 query1:4 source:4] AppId:q1 FuncNames:[source query1] BufMaxSize:131072 ScaleEpoch:0 SerdeFormat:1 Bootstrap:false}
encoded json is {"sg":{"nexmark_src":4,"q1_out":4,"query1":4,"source":4},"aid":"q1","fns":["source","query1"],"bufMaxSize":131072,"epoch":1,"serdeFormat":1,"bs":true}, node constraint is 1
encoded json is {"outTpNames":["q1_out"]}, node constraint is 1
redis_setup url is http://ip-172-31-7-252.us-east-2.compute.internal:8080/function/redisSetup
encoded json is {"srcTpName":"nexmark_src","outTpNames":["q1_out"],"numOutParts":"BA==","chkptEveryMs":100,"bufMaxSize":131072,"srcNumPart":4,"gua":4,"serde_format":1}, node constraint is 1
chkptmngr url is http://ip-172-31-7-252.us-east-2.compute.internal:8080/function/chkptmngr
func source url is http://ip-172-31-7-252.us-east-2.compute.internal:8080/function/source
func source url is http://ip-172-31-7-252.us-east-2.compute.internal:8080/function/source
src instance: 4
func source url is http://ip-172-31-7-252.us-east-2.compute.internal:8080/function/source
func source url is http://ip-172-31-7-252.us-east-2.compute.internal:8080/function/source
encoded json is {"topic_name":"nexmark_src","rate_shape":"square","aid":"q1","events_num":11520000,"rate_period":10000000000,"finOutTpNs":["q1_out"],"first_event_rate":64000,"next_event_rate":64000,"bid_avg_size":100,"person_avg_size":200,"auction_avg_size":500,"duration":180,"person_proportion":1,"auction_proportion":3,"bid_proportion":46,"bid_hot_ratio_auctions":2,"bid_hot_ratio_bidders":4,"auction_hot_ratio_sellers":4,"flushms":10,"bufMaxSize":131072,"commEveryMs":100,"rate_limited":false,"waitEnd":true,"serde_format":1,"numOutPar":4,"parNum":1,"nSrcIns":4,"gua":4}, node constraint is 1,2,3,4
encoded json is {"topic_name":"nexmark_src","rate_shape":"square","aid":"q1","events_num":11520000,"rate_period":10000000000,"finOutTpNs":["q1_out"],"first_event_rate":64000,"next_event_rate":64000,"bid_avg_size":100,"person_avg_size":200,"auction_avg_size":500,"duration":180,"person_proportion":1,"auction_proportion":3,"bid_proportion":46,"bid_hot_ratio_auctions":2,"bid_hot_ratio_bidders":4,"auction_hot_ratio_sellers":4,"flushms":10,"bufMaxSize":131072,"commEveryMs":100,"rate_limited":false,"waitEnd":true,"serde_format":1,"numOutPar":4,"parNum":3,"nSrcIns":4,"gua":4}, node constraint is 1,2,3,4
encoded json is {"topic_name":"nexmark_src","rate_shape":"square","aid":"q1","events_num":11520000,"rate_period":10000000000,"finOutTpNs":["q1_out"],"first_event_rate":64000,"next_event_rate":64000,"bid_avg_size":100,"person_avg_size":200,"auction_avg_size":500,"duration":180,"person_proportion":1,"auction_proportion":3,"bid_proportion":46,"bid_hot_ratio_auctions":2,"bid_hot_ratio_bidders":4,"auction_hot_ratio_sellers":4,"flushms":10,"bufMaxSize":131072,"commEveryMs":100,"rate_limited":false,"waitEnd":true,"serde_format":1,"numOutPar":4,"parNum":2,"nSrcIns":4,"gua":4}, node constraint is 1,2,3,4
encoded json is {"topic_name":"nexmark_src","rate_shape":"square","aid":"q1","events_num":11520000,"rate_period":10000000000,"finOutTpNs":["q1_out"],"first_event_rate":64000,"next_event_rate":64000,"bid_avg_size":100,"person_avg_size":200,"auction_avg_size":500,"duration":180,"person_proportion":1,"auction_proportion":3,"bid_proportion":46,"bid_hot_ratio_auctions":2,"bid_hot_ratio_bidders":4,"auction_hot_ratio_sellers":4,"flushms":10,"bufMaxSize":131072,"commEveryMs":100,"rate_limited":false,"waitEnd":true,"serde_format":1,"numOutPar":4,"nSrcIns":4,"gua":4}, node constraint is 1,2,3,4
encoded json is {"aid":"q1","numOutPartition":"BA==","numSubstreamProducer":"AQ==","outputTopicName":["q1_out"],"inputTopicName":["nexmark_src"],"commEveryMs":100,"flushMs":100,"duration":180,"bufMaxSize":131072,"epoch":1,"waitEnd":true,"numInPartition":4,"ParNum":3,"gua":4,"serdeFormat":1}, node constraint is 5,6,7,8
encoded json is {"aid":"q1","numOutPartition":"BA==","numSubstreamProducer":"AQ==","outputTopicName":["q1_out"],"inputTopicName":["nexmark_src"],"commEveryMs":100,"flushMs":100,"duration":180,"bufMaxSize":131072,"epoch":1,"waitEnd":true,"numInPartition":4,"ParNum":2,"gua":4,"serdeFormat":1}, node constraint is 5,6,7,8
Waiting for all client to return
func name is query1
func url is http://ip-172-31-7-252.us-east-2.compute.internal:8080/function/query1
func name is query1
func url is http://ip-172-31-7-252.us-east-2.compute.internal:8080/function/query1
func name is query1
func name is query1
func url is http://ip-172-31-7-252.us-east-2.compute.internal:8080/function/query1
func url is http://ip-172-31-7-252.us-east-2.compute.internal:8080/function/query1
encoded json is {"aid":"q1","numOutPartition":"BA==","numSubstreamProducer":"AQ==","outputTopicName":["q1_out"],"inputTopicName":["nexmark_src"],"commEveryMs":100,"flushMs":100,"duration":180,"bufMaxSize":131072,"epoch":1,"waitEnd":true,"numInPartition":4,"ParNum":1,"gua":4,"serdeFormat":1}, node constraint is 5,6,7,8
encoded json is {"aid":"q1","numOutPartition":"BA==","numSubstreamProducer":"AQ==","outputTopicName":["q1_out"],"inputTopicName":["nexmark_src"],"commEveryMs":100,"flushMs":100,"duration":180,"bufMaxSize":131072,"epoch":1,"waitEnd":true,"numInPartition":4,"gua":4,"serdeFormat":1}, node constraint is 5,6,7,8
source-1 invoke done
source-0 invoke done
source-2 invoke done
source-3 invoke done
query1-0 call done
query1-2 call done
query1-3 call done
query1-1 call done
sink processed: 2880002, throughput: (event/s) 15996.589329654942
sink_ctrl processed: 2, throughput: (event/s) 0.011108734875638935
source-0 duration: 180.038503249

sink_ctrl processed: 2, throughput: (event/s) 0.011108789235239365
sink processed: 2880002, throughput: (event/s) 15996.667607533922
source-1 duration: 180.037622251

sink processed: 2880002, throughput: (event/s) 15996.766892755777
sink_ctrl processed: 2, throughput: (event/s) 0.011108858183262217
source-2 duration: 180.036504833

sink processed: 2879986, throughput: (event/s) 15996.640450379982
sink_ctrl processed: 2, throughput: (event/s) 0.011108832091808768
source-3 duration: 180.036927687

sink processed 11519992 events, duration: 180.038503249, tp: 63986.268449
sink_ctrl processed 8 events, duration: 180.038503249, tp: 0.044435

eventTimeLatency_sink, p50: 11 ms, p90: 16 ms, p99: 18 ms
nexmark_src_src_logEntry processed: 14556, throughput: (event/s) 80.84761091127493
sink processed: 2649600, throughput: (event/s) 14716.531318392006
nexmark_src_src processed: 2881612, throughput: (event/s) 16005.183139135805
nexmark_src_src_ctrl processed: 1612, throughput: (event/s) 8.953445231449242
nexmark_src_src_data processed: 2880000, throughput: (event/s) 15996.229693904355
nexmark_src_src_epoch processed: 0, throughput: (event/s) 0
query1-0 duration: 180.042425941

eventTimeLatency_sink, p50: 10 ms, p90: 15 ms, p99: 18 ms
nexmark_src_src_ctrl processed: 1612, throughput: (event/s) 8.953469387438949
nexmark_src_src_data processed: 2880000, throughput: (event/s) 15996.27285100755
nexmark_src_src_epoch processed: 0, throughput: (event/s) 0
nexmark_src_src_logEntry processed: 14534, throughput: (event/s) 80.72563528352212
sink processed: 2649600, throughput: (event/s) 14716.571022926946
nexmark_src_src processed: 2881612, throughput: (event/s) 16005.22632039499
query1-1 duration: 180.041940196

eventTimeLatency_sink, p50: 12 ms, p90: 17 ms, p99: 20 ms
nexmark_src_src processed: 2881612, throughput: (event/s) 16005.31483503728
nexmark_src_src_ctrl processed: 1612, throughput: (event/s) 8.953518903336082
nexmark_src_src_data processed: 2880000, throughput: (event/s) 15996.361316133944
nexmark_src_src_epoch processed: 0, throughput: (event/s) 0
nexmark_src_src_logEntry processed: 14637, throughput: (event/s) 81.29817381397658
sink processed: 2649600, throughput: (event/s) 14716.652410843228
query1-2 duration: 180.040944505

eventTimeLatency_sink, p50: 10 ms, p90: 15 ms, p99: 18 ms
nexmark_src_src processed: 2881596, throughput: (event/s) 16005.163386360524
nexmark_src_src_ctrl processed: 1612, throughput: (event/s) 8.953483895318138
nexmark_src_src_data processed: 2879984, throughput: (event/s) 15996.209902465205
nexmark_src_src_epoch processed: 0, throughput: (event/s) 0
nexmark_src_src_logEntry processed: 14605, throughput: (event/s) 81.12011928729615
sink processed: 2649586, throughput: (event/s) 14716.517109342682
query1-3 duration: 180.041648463

nexmark_src_src_logEntry processed 58332 events, duration: 180.042425941
sink processed 10598386 events, duration: 180.042425941
nexmark_src_src processed 11526432 events, duration: 180.042425941
nexmark_src_src_ctrl processed 6448 events, duration: 180.042425941
nexmark_src_src_data processed 11519984 events, duration: 180.042425941
nexmark_src_src_epoch processed 0 events, duration: 180.042425941

