wait for last: true
warmup: 0
config: map[NodeConstraint:"1,2,3,4" NumInstance:4 OutputTopicName:["nexmark_src"] funcName:"source"]
config: map[InputTopicNames:["nexmark_src"] NodeConstraint:"5,6,7,8" NumInstance:4 NumSrcProducer:[1] OutputTopicName:["q8_aucsBySellerID_out","q8_personsByID_out"] funcName:"q8GroupBy"]
config: map[InputTopicNames:["q8_aucsBySellerID_out","q8_personsByID_out"] NodeConstraint:"5,6,7,8" NumInstance:4 NumSrcProducer:[4,4] OutputTopicName:["q8_out"] funcName:"q8JoinStream"]
srcInvokeConfig: {TopicName:nexmark_src AppId:q8 NodeConstraint:1,2,3,4 ScaleEpoch:0 NumOutPartition:4 InstanceID:0 NumSrcInstance:4}
cliNodes: [0xc000026260 0xc0000262c0]
inParamsMap: map[q8GroupBy:[0xc000000be0 0xc000000c80 0xc000000d20 0xc000000dc0] q8JoinStream:[0xc000000e60 0xc000000f00 0xc000000fa0 0xc000001040]]
configScaleInput: {Config:map[changelog:4 nexmark_src:4 q8GroupBy:4 q8JoinStream:4 q8_aucsBySellerID_out:4 q8_out:4 q8_personsByID_out:4 source:4] AppId:q8 FuncNames:[source q8GroupBy q8JoinStream] ScaleEpoch:0 SerdeFormat:1 Bootstrap:false}
encoded json is {"sg":{"changelog":4,"nexmark_src":4,"q8GroupBy":4,"q8JoinStream":4,"q8_aucsBySellerID_out":4,"q8_out":4,"q8_personsByID_out":4,"source":4},"aid":"q8","fns":["source","q8GroupBy","q8JoinStream"],"epoch":1,"serdeFormat":1,"bs":true}, node constraint is 1
src instance: 4
func source url is http://ip-172-31-5-102.us-east-2.compute.internal:8080/function/source
func source url is http://ip-172-31-5-102.us-east-2.compute.internal:8080/function/source
func source url is http://ip-172-31-5-102.us-east-2.compute.internal:8080/function/source
func source url is http://ip-172-31-5-102.us-east-2.compute.internal:8080/function/source
encoded json is {"topic_name":"nexmark_src","rate_shape":"square","aid":"q8","events_num":23040000,"rate_period":10000000000,"bid_avg_size":100,"first_event_rate":128000,"next_event_rate":128000,"person_avg_size":200,"auction_avg_size":500,"duration":180,"person_proportion":1,"auction_proportion":3,"bid_proportion":46,"bid_hot_ratio_auctions":2,"bid_hot_ratio_bidders":4,"auction_hot_ratio_sellers":4,"flushms":50,"rate_limited":false,"waitEnd":true,"serde_format":1,"numOutPar":4,"parNum":3,"nSrcIns":4}, node constraint is 1,2,3,4
encoded json is {"topic_name":"nexmark_src","rate_shape":"square","aid":"q8","events_num":23040000,"rate_period":10000000000,"bid_avg_size":100,"first_event_rate":128000,"next_event_rate":128000,"person_avg_size":200,"auction_avg_size":500,"duration":180,"person_proportion":1,"auction_proportion":3,"bid_proportion":46,"bid_hot_ratio_auctions":2,"bid_hot_ratio_bidders":4,"auction_hot_ratio_sellers":4,"flushms":50,"rate_limited":false,"waitEnd":true,"serde_format":1,"numOutPar":4,"parNum":2,"nSrcIns":4}, node constraint is 1,2,3,4
encoded json is {"topic_name":"nexmark_src","rate_shape":"square","aid":"q8","events_num":23040000,"rate_period":10000000000,"bid_avg_size":100,"first_event_rate":128000,"next_event_rate":128000,"person_avg_size":200,"auction_avg_size":500,"duration":180,"person_proportion":1,"auction_proportion":3,"bid_proportion":46,"bid_hot_ratio_auctions":2,"bid_hot_ratio_bidders":4,"auction_hot_ratio_sellers":4,"flushms":50,"rate_limited":false,"waitEnd":true,"serde_format":1,"numOutPar":4,"parNum":1,"nSrcIns":4}, node constraint is 1,2,3,4
encoded json is {"topic_name":"nexmark_src","rate_shape":"square","aid":"q8","events_num":23040000,"rate_period":10000000000,"bid_avg_size":100,"first_event_rate":128000,"next_event_rate":128000,"person_avg_size":200,"auction_avg_size":500,"duration":180,"person_proportion":1,"auction_proportion":3,"bid_proportion":46,"bid_hot_ratio_auctions":2,"bid_hot_ratio_bidders":4,"auction_hot_ratio_sellers":4,"flushms":50,"rate_limited":false,"waitEnd":true,"serde_format":1,"numOutPar":4,"nSrcIns":4}, node constraint is 1,2,3,4
Waiting for all client to return
func name is q8GroupBy
func name is q8JoinStream
func url is http://ip-172-31-5-102.us-east-2.compute.internal:8080/function/q8GroupBy
func url is http://ip-172-31-5-102.us-east-2.compute.internal:8080/function/q8JoinStream
func name is q8JoinStream
func url is http://ip-172-31-5-102.us-east-2.compute.internal:8080/function/q8JoinStream
func name is q8GroupBy
func url is http://ip-172-31-5-102.us-east-2.compute.internal:8080/function/q8GroupBy
func name is q8GroupBy
func url is http://ip-172-31-5-102.us-east-2.compute.internal:8080/function/q8GroupBy
func name is q8JoinStream
func url is http://ip-172-31-5-102.us-east-2.compute.internal:8080/function/q8JoinStream
func name is q8GroupBy
func url is http://ip-172-31-5-102.us-east-2.compute.internal:8080/function/q8GroupBy
func name is q8JoinStream
func url is http://ip-172-31-5-102.us-east-2.compute.internal:8080/function/q8JoinStream
encoded json is {"aid":"q8","numOutPartition":"BAQ=","numSubstreamProducer":"AQ==","outputTopicName":["q8_aucsBySellerID_out","q8_personsByID_out"],"inputTopicName":["nexmark_src"],"commEveryMs":50,"flushMs":50,"snapEveryS":10,"duration":180,"epoch":1,"waitEnd":true,"numChangelogPartition":4,"numInPartition":4,"ParNum":3,"gua":3,"serdeFormat":1}, node constraint is 5,6,7,8
encoded json is {"aid":"q8","numOutPartition":"BA==","numSubstreamProducer":"BAQ=","outputTopicName":["q8_out"],"inputTopicName":["q8_aucsBySellerID_out","q8_personsByID_out"],"commEveryMs":50,"flushMs":50,"snapEveryS":10,"duration":180,"epoch":1,"waitEnd":true,"numChangelogPartition":4,"numInPartition":4,"ParNum":2,"gua":3,"serdeFormat":1}, node constraint is 5,6,7,8
encoded json is {"aid":"q8","numOutPartition":"BA==","numSubstreamProducer":"BAQ=","outputTopicName":["q8_out"],"inputTopicName":["q8_aucsBySellerID_out","q8_personsByID_out"],"commEveryMs":50,"flushMs":50,"snapEveryS":10,"duration":180,"epoch":1,"waitEnd":true,"numChangelogPartition":4,"numInPartition":4,"ParNum":1,"gua":3,"serdeFormat":1}, node constraint is 5,6,7,8
encoded json is {"aid":"q8","numOutPartition":"BA==","numSubstreamProducer":"BAQ=","outputTopicName":["q8_out"],"inputTopicName":["q8_aucsBySellerID_out","q8_personsByID_out"],"commEveryMs":50,"flushMs":50,"snapEveryS":10,"duration":180,"epoch":1,"waitEnd":true,"numChangelogPartition":4,"numInPartition":4,"gua":3,"serdeFormat":1}, node constraint is 5,6,7,8
encoded json is {"aid":"q8","numOutPartition":"BAQ=","numSubstreamProducer":"AQ==","outputTopicName":["q8_aucsBySellerID_out","q8_personsByID_out"],"inputTopicName":["nexmark_src"],"commEveryMs":50,"flushMs":50,"snapEveryS":10,"duration":180,"epoch":1,"waitEnd":true,"numChangelogPartition":4,"numInPartition":4,"ParNum":1,"gua":3,"serdeFormat":1}, node constraint is 5,6,7,8
encoded json is {"aid":"q8","numOutPartition":"BA==","numSubstreamProducer":"BAQ=","outputTopicName":["q8_out"],"inputTopicName":["q8_aucsBySellerID_out","q8_personsByID_out"],"commEveryMs":50,"flushMs":50,"snapEveryS":10,"duration":180,"epoch":1,"waitEnd":true,"numChangelogPartition":4,"numInPartition":4,"ParNum":3,"gua":3,"serdeFormat":1}, node constraint is 5,6,7,8
encoded json is {"aid":"q8","numOutPartition":"BAQ=","numSubstreamProducer":"AQ==","outputTopicName":["q8_aucsBySellerID_out","q8_personsByID_out"],"inputTopicName":["nexmark_src"],"commEveryMs":50,"flushMs":50,"snapEveryS":10,"duration":180,"epoch":1,"waitEnd":true,"numChangelogPartition":4,"numInPartition":4,"gua":3,"serdeFormat":1}, node constraint is 5,6,7,8
encoded json is {"aid":"q8","numOutPartition":"BAQ=","numSubstreamProducer":"AQ==","outputTopicName":["q8_aucsBySellerID_out","q8_personsByID_out"],"inputTopicName":["nexmark_src"],"commEveryMs":50,"flushMs":50,"snapEveryS":10,"duration":180,"epoch":1,"waitEnd":true,"numChangelogPartition":4,"numInPartition":4,"ParNum":2,"gua":3,"serdeFormat":1}, node constraint is 5,6,7,8
source-3 invoke done
source-0 invoke done
source-2 invoke done
source-1 invoke done
q8GroupBy-3 call done
q8GroupBy-0 call done
q8GroupBy-1 call done
q8GroupBy-2 call done
q8JoinStream-0 call done
q8JoinStream-1 call done
q8JoinStream-2 call done
q8JoinStream-3 call done
sink processed: 5760001, throughput: (event/s) 31999.499987277606
sink_ctrl processed: 1, throughput: (event/s) 0.005555467783300317
source-0 duration: 180.002843866

sink processed: 5760001, throughput: (event/s) 31999.513372462574
sink_ctrl processed: 1, throughput: (event/s) 0.005555470107116748
source-1 duration: 180.002768572

sink_ctrl processed: 1, throughput: (event/s) 0.005555446801974642
sink processed: 5760001, throughput: (event/s) 31999.37913482074
source-2 duration: 180.003523685

sink processed: 5760001, throughput: (event/s) 31999.590163186833
sink_ctrl processed: 1, throughput: (event/s) 0.005555483438837394
source-3 duration: 180.002336612

sink processed 23040004 events, duration: 180.003523685, tp: 127997.516539
sink_ctrl processed 4 events, duration: 180.003523685, tp: 0.022222

nexmark_src_src_ctrl processed: 1, throughput: (event/s) 0.005554473758624353
nexmark_src_src_data processed: 5760000, throughput: (event/s) 31993.768849676275
nexmark_src_src_epoch processed: 0, throughput: (event/s) 0
nexmark_src_src_logEntry processed: 13818, throughput: (event/s) 76.75171839667131
personsByIDSink processed: 115200, throughput: (event/s) 639.8753769935255
auctionsBySellerIDSink processed: 345600, throughput: (event/s) 1919.6261309805766
nexmark_src_src processed: 5760001, throughput: (event/s) 31993.774404150034
q8GroupBy-0 duration: 180.035057047

nexmark_src_src processed: 5760001, throughput: (event/s) 31993.417971446124
nexmark_src_src_ctrl processed: 1, throughput: (event/s) 0.005554411877957335
nexmark_src_src_data processed: 5760000, throughput: (event/s) 31993.412417034247
nexmark_src_src_epoch processed: 0, throughput: (event/s) 0
nexmark_src_src_logEntry processed: 13794, throughput: (event/s) 76.61755744454348
personsByIDSink processed: 115200, throughput: (event/s) 639.868248340685
auctionsBySellerIDSink processed: 345600, throughput: (event/s) 1919.6047450220549
q8GroupBy-1 duration: 180.037062784

auctionsBySellerIDSink processed: 345600, throughput: (event/s) 1919.532785474742
nexmark_src_src processed: 5760001, throughput: (event/s) 31992.21864544936
nexmark_src_src_ctrl processed: 1, throughput: (event/s) 0.0055542036616746
nexmark_src_src_data processed: 5760000, throughput: (event/s) 31992.2130912457
nexmark_src_src_epoch processed: 0, throughput: (event/s) 0
nexmark_src_src_logEntry processed: 13803, throughput: (event/s) 76.66467314209451
personsByIDSink processed: 115200, throughput: (event/s) 639.8442618249139
q8GroupBy-2 duration: 180.043812023

nexmark_src_src_logEntry processed: 13805, throughput: (event/s) 76.67992151694489
personsByIDSink processed: 115200, throughput: (event/s) 639.8788090367295
auctionsBySellerIDSink processed: 345600, throughput: (event/s) 1919.6364271101884
nexmark_src_src processed: 5760001, throughput: (event/s) 31993.946006340026
nexmark_src_src_ctrl processed: 1, throughput: (event/s) 0.005554503550666055
nexmark_src_src_data processed: 5760000, throughput: (event/s) 31993.940451836475
nexmark_src_src_epoch processed: 0, throughput: (event/s) 0
q8GroupBy-3 duration: 180.034091414

nexmark_src_src_data processed 23040000 events, duration: 180.043812023
nexmark_src_src_epoch processed 0 events, duration: 180.043812023
nexmark_src_src_logEntry processed 55220 events, duration: 180.043812023
personsByIDSink processed 460800 events, duration: 180.043812023
auctionsBySellerIDSink processed 1382400 events, duration: 180.043812023
nexmark_src_src processed 23040004 events, duration: 180.043812023
nexmark_src_src_ctrl processed 4 events, duration: 180.043812023

eventTimeLatency_sink, p50: 269 ms, p90: 929 ms, p99: 1607 ms
personsByIDSrc processed: 125004, throughput: (event/s) 693.0727387062744
personsByIDSrc_epoch processed: 10172, throughput: (event/s) 56.3976824591231
auctionsBySellerIDSrc_epoch processed: 10170, throughput: (event/s) 56.386593650145684
personsByIDSrc_data processed: 114828, throughput: (event/s) 636.6528786291965
auctionsBySellerIDSrc processed: 346283, throughput: (event/s) 1919.9330195627726
auctionsBySellerIDSrc_logEntry processed: 10174, throughput: (event/s) 56.40877126810051
auctionsBySellerIDSrc_ctrl processed: 4, throughput: (event/s) 0.022177617954826225
personsByIDSrc_ctrl processed: 4, throughput: (event/s) 0.022177617954826225
personsByIDSrc_logEntry processed: 10172, throughput: (event/s) 56.3976824591231
sink processed: 1341774, throughput: (event/s) 7439.3377884297515
auctionsBySellerIDSrc_data processed: 336109, throughput: (event/s) 1863.5242482946721
q8JoinStream-0 duration: 180.362021212

eventTimeLatency_sink, p50: 312 ms, p90: 1277 ms, p99: 2778 ms
auctionsBySellerIDSrc_epoch processed: 10170, throughput: (event/s) 56.379447613674024
auctionsBySellerIDSrc_logEntry processed: 10170, throughput: (event/s) 56.379447613674024
personsByIDSrc processed: 125740, throughput: (event/s) 697.0650681360247
personsByIDSrc_logEntry processed: 10172, throughput: (event/s) 56.39053501733453
personsByIDSrc_epoch processed: 10172, throughput: (event/s) 56.39053501733453
sink processed: 1370175, throughput: (event/s) 7595.841655267041
auctionsBySellerIDSrc_ctrl processed: 4, throughput: (event/s) 0.0221748073210124
auctionsBySellerIDSrc_data processed: 342318, throughput: (event/s) 1897.7089231285806
personsByIDSrc_ctrl processed: 4, throughput: (event/s) 0.0221748073210124
personsByIDSrc_data processed: 115564, throughput: (event/s) 640.6523583113692
auctionsBySellerIDSrc processed: 352492, throughput: (event/s) 1954.1105455495756
q8JoinStream-1 duration: 180.384881911

eventTimeLatency_sink, p50: 223 ms, p90: 711 ms, p99: 1466 ms
personsByIDSrc_logEntry processed: 10172, throughput: (event/s) 56.3769043452768
sink processed: 1343970, throughput: (event/s) 7448.768003629734
personsByIDSrc_epoch processed: 10172, throughput: (event/s) 56.3769043452768
auctionsBySellerIDSrc processed: 345874, throughput: (event/s) 1916.9588491465067
auctionsBySellerIDSrc_epoch processed: 10170, throughput: (event/s) 56.365819621654055
personsByIDSrc_ctrl processed: 4, throughput: (event/s) 0.02216944724548832
auctionsBySellerIDSrc_data processed: 335700, throughput: (event/s) 1860.5708600776072
auctionsBySellerIDSrc_logEntry processed: 10170, throughput: (event/s) 56.365819621654055
personsByIDSrc processed: 124776, throughput: (event/s) 691.5537373757627
personsByIDSrc_data processed: 114600, throughput: (event/s) 635.1546635832403
auctionsBySellerIDSrc_ctrl processed: 4, throughput: (event/s) 0.02216944724548832
q8JoinStream-2 duration: 180.428494933

eventTimeLatency_sink, p50: 359 ms, p90: 1702 ms, p99: 2501 ms
sink processed: 1473953, throughput: (event/s) 8159.366434891616
auctionsBySellerIDSrc_logEntry processed: 10171, throughput: (event/s) 56.30363791062716
personsByIDSrc_logEntry processed: 10172, throughput: (event/s) 56.30917361389238
auctionsBySellerIDSrc_epoch processed: 10171, throughput: (event/s) 56.30363791062716
personsByIDSrc_ctrl processed: 4, throughput: (event/s) 0.022142813060909313
personsByIDSrc_epoch processed: 10172, throughput: (event/s) 56.30917361389238
auctionsBySellerIDSrc_ctrl processed: 4, throughput: (event/s) 0.022142813060909313
auctionsBySellerIDSrc_data processed: 368273, throughput: (event/s) 2038.650048595064
personsByIDSrc processed: 125984, throughput: (event/s) 697.4100401663998
auctionsBySellerIDSrc processed: 378448, throughput: (event/s) 2094.975829318752
personsByIDSrc_data processed: 115808, throughput: (event/s) 641.0787237394464
q8JoinStream-3 duration: 180.645520919

personsByIDSrc_logEntry processed 40688 events, duration: 180.645520919
auctionsBySellerIDSrc_data processed 1382400 events, duration: 180.645520919
personsByIDSrc_epoch processed 40688 events, duration: 180.645520919
personsByIDSrc_data processed 460800 events, duration: 180.645520919
personsByIDSrc_ctrl processed 16 events, duration: 180.645520919
auctionsBySellerIDSrc_logEntry processed 40685 events, duration: 180.645520919
auctionsBySellerIDSrc_ctrl processed 16 events, duration: 180.645520919
sink processed 5529872 events, duration: 180.645520919
personsByIDSrc processed 501504 events, duration: 180.645520919
auctionsBySellerIDSrc_epoch processed 40681 events, duration: 180.645520919
auctionsBySellerIDSrc processed 1423097 events, duration: 180.645520919

