parallel restore str: , false
env str: , async2ndPhase: false
env str: , create snapshot: false
2024/03/03 07:26:56 [INFO] Load configuration for function scale[40]
2024/03/03 07:26:56 [INFO] Load configuration for function chkptmngr[60]
2024/03/03 07:26:56 [INFO] Load configuration for function redisSetup[70]
2024/03/03 07:26:56 [INFO] Load configuration for function source[20]
2024/03/03 07:26:56 [INFO] Load configuration for function query1[30]
2024/03/03 07:26:56 [INFO] Parse FAAS_ENGINE_ID: 2
2024/03/03 07:26:56 [INFO] Parse FAAS_ENGINE_ID: 2
2024/03/03 07:26:56 [INFO] Current GOMAXPROCS is 2
2024/03/03 07:26:56 [INFO] Parse FAAS_ENGINE_ID: 2
2024/03/03 07:26:56 [INFO] Current GOMAXPROCS is 3
2024/03/03 07:26:56 [INFO] Parse FAAS_ENGINE_ID: 2
2024/03/03 07:26:56 [INFO] Current GOMAXPROCS is 4
2024/03/03 07:26:56 [INFO] Start new FuncWorker with client id 1
2024/03/03 07:26:56 [INFO] Start new FuncWorker with client id 2
2024/03/03 07:26:56 [INFO] Start new FuncWorker with client id 3
2024/03/03 07:26:56 [INFO] Start new FuncWorker with client id 4
Enter nexmark: funcName: source
Enter nexmark: funcName: source
2024/03/03 07:26:56 [INFO] Handshake with engine done
2024/03/03 07:26:56 [INFO] Handshake with engine done
Enter nexmark: funcName: source
2024/03/03 07:26:56 [INFO] Handshake with engine done
Enter nexmark: funcName: source
2024/03/03 07:26:56 [INFO] Handshake with engine done
redis address is [snapcache-1:6666 snapcache-2:6666 snapcache-3:6666 snapcache-4:6666]
new buffered sink stream nexmark_src[0] with bufMaxSize 131072
new buffered sink stream nexmark_src[1] with bufMaxSize 131072
new buffered sink stream nexmark_src[2] with bufMaxSize 131072
new buffered sink stream nexmark_src[3] with bufMaxSize 131072
Generator config: 
	InterEventDelayUs: [250]
	EventPerEpoch    : 0
	MaxEvents        : 2880000
	FirstEventNumber : 1
	EpochPeriodMs    : 0
	StepLengthSec    : 5
	BaseTime         : 1709450942933
	FirstEventId     : 1
	TotalProportion  : 50
	BidProportion    : 46
	AuctionProportion: 3
	PersonProportion : 1
Nexmark config: 
	NumEvents            : 2880000
	NumEventGenerators   : 4
	RateShape            : 0
	FirstEventRate       : 16000
	NextEventRate        : 16000
	RateUnit             : 1000000
	RatePeriodSec        : 10
	PreloadSeconds       : 0
	StreamTimeout        : 240
	IsRateLimited        : false
	UseWallclockEventTime: false
	AvgPersonByteSize    : 200
	AvgAuctionByteSize   : 500
	AvgBidByteSize       : 100
	HotAuctionRatio      : 2
	HotSellersRatio      : 4
	HotBiddersRatio      : 4
	WindowSizeSec        : 10
	WindowPeriodSec      : 5
	WatermarkHoldbackSec : 0
	NumInFlightAuctions  : 100
	NumActivePeople      : 1000
	OccasionalDelaySec   : 3
	ProbDelayedEvent     : 0.1
	OutOfOrderGroupSize  : 1
Input config: 
	SrcTopicName   : nexmark_src
	AppId          : q1
	FinalOutTpNames: [q1_out]
	Duration(s)    : 180
	FlushMs        : 10
	BufMaxSize     : 131072
	CommitEveryMs  : 100
	WaitForEndMark : true
	SerdeFormat    : MSGP
	NumOutPartition: 4
	ParNum         : 3
	NumSrcInstance : 4
	Guarantee      : ALIGN_CHKPT
new buffered sink stream __control_log_q1[0] with bufMaxSize 131072
new buffered sink stream __control_log_q1[0] with bufMaxSize 131072
generate events to [3]
StartTs: 1709450942933
gen first chkpt
srcGen_3 stats (40004 samples): dur=10.00191024s, p50=13, p90=1100, p99=1219
nexmark_src_bufEntry_3 stats (860 samples): dur=10.011134286s, p50=48, p90=48, p99=52
nexmark_src_bufSize_3 stats (860 samples): dur=10.011188486s, p50=12102, p90=12582, p99=13459
srcGen_3 stats (40004 samples): dur=10.001374334s, p50=13, p90=1100, p99=1212
nexmark_src_bufEntry_3 stats (865 samples): dur=10.010544766s, p50=48, p90=48, p99=52
nexmark_src_bufSize_3 stats (865 samples): dur=10.0105425s, p50=12101, p90=12589, p99=13331
srcGen_3 stats (40008 samples): dur=10.001991491s, p50=13, p90=1101, p99=1202
nexmark_src_bufEntry_3 stats (867 samples): dur=10.010020138s, p50=48, p90=48, p99=52
nexmark_src_bufSize_3 stats (867 samples): dur=10.010021253s, p50=12081, p90=12544, p99=13317
srcGen_3 stats (40008 samples): dur=10.002005031s, p50=13, p90=1099, p99=1225
nexmark_src_bufEntry_3 stats (865 samples): dur=10.010179505s, p50=48, p90=48, p99=52
nexmark_src_bufSize_3 stats (865 samples): dur=10.010184381s, p50=12113, p90=12592, p99=13379
srcGen_3 stats (40008 samples): dur=10.001479711s, p50=13, p90=1101, p99=1211
nexmark_src_bufEntry_3 stats (866 samples): dur=10.009676663s, p50=48, p90=48, p99=52
nexmark_src_bufSize_3 stats (866 samples): dur=10.009675762s, p50=12166, p90=12584, p99=13244
srcGen_3 stats (40004 samples): dur=10.001820096s, p50=13, p90=1099, p99=1215
nexmark_src_bufEntry_3 stats (867 samples): dur=10.007918251s, p50=48, p90=48, p99=52
nexmark_src_bufSize_3 stats (867 samples): dur=10.007915269s, p50=11869, p90=12563, p99=13272
srcGen_3 stats (40004 samples): dur=10.001024794s, p50=13, p90=1098, p99=1236
nexmark_src_bufEntry_3 stats (864 samples): dur=10.004037985s, p50=48, p90=48, p99=52
nexmark_src_bufSize_3 stats (864 samples): dur=10.004033542s, p50=12128, p90=12589, p99=13469
srcGen_3 stats (40004 samples): dur=10.001226815s, p50=13, p90=1101, p99=1215
nexmark_src_bufEntry_3 stats (866 samples): dur=10.003284422s, p50=48, p90=48, p99=48
nexmark_src_bufSize_3 stats (866 samples): dur=10.003291737s, p50=12015, p90=12572, p99=12772
srcGen_3 stats (40012 samples): dur=10.001952743s, p50=13, p90=1101, p99=1214
nexmark_src_bufEntry_3 stats (864 samples): dur=10.003026289s, p50=48, p90=48, p99=52
nexmark_src_bufSize_3 stats (864 samples): dur=10.003017877s, p50=12152, p90=12580, p99=13170
srcGen_3 stats (40004 samples): dur=10.002035395s, p50=13, p90=1100, p99=1216
nexmark_src_bufEntry_3 stats (867 samples): dur=10.008991002s, p50=48, p90=48, p99=48
nexmark_src_bufSize_3 stats (867 samples): dur=10.008991683s, p50=12058, p90=12566, p99=12982
srcGen_3 stats (40008 samples): dur=10.001124786s, p50=13, p90=1098, p99=1237
nexmark_src_bufEntry_3 stats (864 samples): dur=10.00804435s, p50=48, p90=48, p99=52
nexmark_src_bufSize_3 stats (864 samples): dur=10.00804691s, p50=12141, p90=12603, p99=13363
srcGen_3 stats (40004 samples): dur=10.001392126s, p50=13, p90=1099, p99=1220
nexmark_src_bufEntry_3 stats (866 samples): dur=10.008380584s, p50=48, p90=48, p99=52
nexmark_src_bufSize_3 stats (866 samples): dur=10.008382207s, p50=12002, p90=12555, p99=13372
srcGen_3 stats (40008 samples): dur=10.001960873s, p50=13, p90=1099, p99=1218
nexmark_src_bufEntry_3 stats (866 samples): dur=10.010233011s, p50=48, p90=48, p99=52
nexmark_src_bufSize_3 stats (866 samples): dur=10.010234437s, p50=12061, p90=12570, p99=13219
srcGen_3 stats (40008 samples): dur=10.002070863s, p50=13, p90=1101, p99=1209
nexmark_src_bufEntry_3 stats (865 samples): dur=10.005373222s, p50=48, p90=48, p99=52
nexmark_src_bufSize_3 stats (865 samples): dur=10.005369253s, p50=12066, p90=12551, p99=13297
srcGen_3 stats (40004 samples): dur=10.0010471s, p50=13, p90=1101, p99=1206
nexmark_src_bufEntry_3 stats (865 samples): dur=10.004434137s, p50=48, p90=48, p99=52
nexmark_src_bufSize_3 stats (865 samples): dur=10.00443978s, p50=12088, p90=12559, p99=13301
srcGen_3 stats (40008 samples): dur=10.002068159s, p50=13, p90=1100, p99=1215
nexmark_src_bufEntry_3 stats (864 samples): dur=10.004449042s, p50=48, p90=48, p99=52
nexmark_src_bufSize_3 stats (864 samples): dur=10.004446924s, p50=12076, p90=12605, p99=13469
srcGen_3 stats (40008 samples): dur=10.001359113s, p50=13, p90=1100, p99=1214
nexmark_src_bufEntry_3 stats (865 samples): dur=10.001421114s, p50=48, p90=48, p99=52
nexmark_src_bufSize_3 stats (865 samples): dur=10.001419372s, p50=12099, p90=12575, p99=13291
[3] chkmngr has terminated
generate stream end mark with tag: 404b3c06f60bdf03
[3] all stopped
