parallel restore str: , false
env str: , async2ndPhase: false
env str: , create snapshot: false
wait for last: true, sink max_buf_size: 131072
warmup: 0
config: map[NodeConstraint:"1,2,3,4" NumInstance:4 OutputTopicName:["nexmark_src"] funcName:"source"]
config: map[Final:true InputTopicNames:["nexmark_src"] NodeConstraint:"5,6,7,8" NumInstance:4 NumSrcProducer:[1] OutputTopicName:["q2_out"] funcName:"query2"]
srcInvokeConfig: &{FinalTpNames:[q2_out] TopicName:nexmark_src AppId:q2 NodeConstraint:1,2,3,4 AdditionalBytes:0 ScaleEpoch:0 NumOutPartition:4 InstanceID:0 NumSrcInstance:4}
cliNodes: [0xc0000d6d40]
inParamsMap: map[query2:[0xc0000ea8f0 0xc0000ea9a0 0xc0000eaa50 0xc0000eab00]]
configScaleInput: &{Config:map[nexmark_src:4 q2_out:4 query2:4 source:4] AppId:q2 FuncNames:[source query2] BufMaxSize:131072 ScaleEpoch:0 SerdeFormat:1 Bootstrap:false}
encoded json is {"sg":{"nexmark_src":4,"q2_out":4,"query2":4,"source":4},"aid":"q2","fns":["source","query2"],"bufMaxSize":131072,"epoch":1,"serdeFormat":1,"bs":true}, node constraint is 1
encoded json is {"outTpNames":["q2_out"]}, node constraint is 1
redis_setup url is http://ip-172-31-8-171.us-east-2.compute.internal:8080/function/redisSetup
encoded json is {"srcTpName":"nexmark_src","outTpNames":["q2_out"],"numOutParts":"BA==","chkptEveryMs":100,"bufMaxSize":131072,"srcNumPart":4,"gua":5,"serde_format":1}, node constraint is 1
chkptmngr url is http://ip-172-31-8-171.us-east-2.compute.internal:8080/function/chkptmngr
func source url is http://ip-172-31-8-171.us-east-2.compute.internal:8080/function/source
src instance: 4
func source url is http://ip-172-31-8-171.us-east-2.compute.internal:8080/function/source
encoded json is {"topic_name":"nexmark_src","rate_shape":"square","aid":"q2","events_num":11520000,"rate_period":10000000000,"finOutTpNs":["q2_out"],"first_event_rate":64000,"next_event_rate":64000,"bid_avg_size":100,"person_avg_size":200,"auction_avg_size":500,"duration":180,"person_proportion":1,"auction_proportion":3,"bid_proportion":46,"bid_hot_ratio_auctions":2,"bid_hot_ratio_bidders":4,"auction_hot_ratio_sellers":4,"flushms":10,"bufMaxSize":131072,"commEveryMs":100,"rate_limited":false,"waitEnd":true,"serde_format":1,"numOutPar":4,"parNum":3,"nSrcIns":4,"gua":5}, node constraint is 1,2,3,4
encoded json is {"topic_name":"nexmark_src","rate_shape":"square","aid":"q2","events_num":11520000,"rate_period":10000000000,"finOutTpNs":["q2_out"],"first_event_rate":64000,"next_event_rate":64000,"bid_avg_size":100,"person_avg_size":200,"auction_avg_size":500,"duration":180,"person_proportion":1,"auction_proportion":3,"bid_proportion":46,"bid_hot_ratio_auctions":2,"bid_hot_ratio_bidders":4,"auction_hot_ratio_sellers":4,"flushms":10,"bufMaxSize":131072,"commEveryMs":100,"rate_limited":false,"waitEnd":true,"serde_format":1,"numOutPar":4,"nSrcIns":4,"gua":5}, node constraint is 1,2,3,4
func source url is http://ip-172-31-8-171.us-east-2.compute.internal:8080/function/source
encoded json is {"topic_name":"nexmark_src","rate_shape":"square","aid":"q2","events_num":11520000,"rate_period":10000000000,"finOutTpNs":["q2_out"],"first_event_rate":64000,"next_event_rate":64000,"bid_avg_size":100,"person_avg_size":200,"auction_avg_size":500,"duration":180,"person_proportion":1,"auction_proportion":3,"bid_proportion":46,"bid_hot_ratio_auctions":2,"bid_hot_ratio_bidders":4,"auction_hot_ratio_sellers":4,"flushms":10,"bufMaxSize":131072,"commEveryMs":100,"rate_limited":false,"waitEnd":true,"serde_format":1,"numOutPar":4,"parNum":1,"nSrcIns":4,"gua":5}, node constraint is 1,2,3,4
func source url is http://ip-172-31-8-171.us-east-2.compute.internal:8080/function/source
encoded json is {"topic_name":"nexmark_src","rate_shape":"square","aid":"q2","events_num":11520000,"rate_period":10000000000,"finOutTpNs":["q2_out"],"first_event_rate":64000,"next_event_rate":64000,"bid_avg_size":100,"person_avg_size":200,"auction_avg_size":500,"duration":180,"person_proportion":1,"auction_proportion":3,"bid_proportion":46,"bid_hot_ratio_auctions":2,"bid_hot_ratio_bidders":4,"auction_hot_ratio_sellers":4,"flushms":10,"bufMaxSize":131072,"commEveryMs":100,"rate_limited":false,"waitEnd":true,"serde_format":1,"numOutPar":4,"parNum":2,"nSrcIns":4,"gua":5}, node constraint is 1,2,3,4
Waiting for all client to return
func name is query2
func url is http://ip-172-31-8-171.us-east-2.compute.internal:8080/function/query2
func name is query2
func url is http://ip-172-31-8-171.us-east-2.compute.internal:8080/function/query2
func name is query2
func name is query2
func url is http://ip-172-31-8-171.us-east-2.compute.internal:8080/function/query2
func url is http://ip-172-31-8-171.us-east-2.compute.internal:8080/function/query2
encoded json is {"aid":"q2","gateway":"ip-172-31-8-171.us-east-2.compute.internal:8080","numOutPartition":"BA==","numSubstreamProducer":"AQ==","outputTopicName":["q2_out"],"inputTopicName":["nexmark_src"],"commEveryMs":100,"flushMs":100,"duration":180,"bufMaxSize":131072,"epoch":1,"waitEnd":true,"numInPartition":4,"ParNum":3,"gua":5,"serdeFormat":1}, node constraint is 5,6,7,8
encoded json is {"aid":"q2","gateway":"ip-172-31-8-171.us-east-2.compute.internal:8080","numOutPartition":"BA==","numSubstreamProducer":"AQ==","outputTopicName":["q2_out"],"inputTopicName":["nexmark_src"],"commEveryMs":100,"flushMs":100,"duration":180,"bufMaxSize":131072,"epoch":1,"waitEnd":true,"numInPartition":4,"ParNum":1,"gua":5,"serdeFormat":1}, node constraint is 5,6,7,8
encoded json is {"aid":"q2","gateway":"ip-172-31-8-171.us-east-2.compute.internal:8080","numOutPartition":"BA==","numSubstreamProducer":"AQ==","outputTopicName":["q2_out"],"inputTopicName":["nexmark_src"],"commEveryMs":100,"flushMs":100,"duration":180,"bufMaxSize":131072,"epoch":1,"waitEnd":true,"numInPartition":4,"gua":5,"serdeFormat":1}, node constraint is 5,6,7,8
encoded json is {"aid":"q2","gateway":"ip-172-31-8-171.us-east-2.compute.internal:8080","numOutPartition":"BA==","numSubstreamProducer":"AQ==","outputTopicName":["q2_out"],"inputTopicName":["nexmark_src"],"commEveryMs":100,"flushMs":100,"duration":180,"bufMaxSize":131072,"epoch":1,"waitEnd":true,"numInPartition":4,"ParNum":2,"gua":5,"serdeFormat":1}, node constraint is 5,6,7,8
source-2 invoke done
source-0 invoke done
source-3 invoke done
source-1 invoke done
query2-3 call done
query2-1 call done
query2-0 call done
query2-2 call done
sink processed: 2879986, throughput: (event/s) 15998.883574700554
sink_ctrl processed: 2, throughput: (event/s) 0.011110389824603698
source-0 duration: 180.0116856

sink processed: 2880002, throughput: (event/s) 15998.833432182517
sink_ctrl processed: 2, throughput: (event/s) 0.011110293279089748
source-1 duration: 180.013249854

sink processed: 2880002, throughput: (event/s) 15998.92143194966
sink_ctrl processed: 2, throughput: (event/s) 0.011110354389996717
source-2 duration: 180.012259717

sink processed: 2880002, throughput: (event/s) 15998.84204025913
sink_ctrl processed: 2, throughput: (event/s) 0.011110299256916579
source-3 duration: 180.013152999

sink processed 11519992 events, duration: 180.013249854, tp: 63995.244846
sink_ctrl processed 8 events, duration: 180.013249854, tp: 0.044441

eventTimeLatency_sink, p50: 11 ms, p90: 16 ms, p99: 18 ms
nexmark_src_src_ctrl processed: 1595, throughput: (event/s) 8.860396826381448
nexmark_src_src_data processed: 2879984, throughput: (event/s) 15998.621375316205
nexmark_src_src_epoch processed: 0, throughput: (event/s) 0
nexmark_src_src_logEntry processed: 14545, throughput: (event/s) 80.7990419057794
sink processed: 21731, throughput: (event/s) 120.7180460401851
nexmark_src_src processed: 2881579, throughput: (event/s) 16007.481772142586
query2-0 duration: 180.014510778

eventTimeLatency_sink, p50: 10 ms, p90: 15 ms, p99: 18 ms
nexmark_src_src processed: 2881595, throughput: (event/s) 16007.433062217877
nexmark_src_src_ctrl processed: 1595, throughput: (event/s) 8.860320667629392
nexmark_src_src_data processed: 2880000, throughput: (event/s) 15998.572741550248
nexmark_src_src_epoch processed: 0, throughput: (event/s) 0
nexmark_src_src_logEntry processed: 14485, throughput: (event/s) 80.46504380602616
sink processed: 21679, throughput: (event/s) 120.42814530002354
query2-1 duration: 180.01605809

eventTimeLatency_sink, p50: 10 ms, p90: 15 ms, p99: 17 ms
nexmark_src_src processed: 2881595, throughput: (event/s) 16007.519030666415
nexmark_src_src_ctrl processed: 1595, throughput: (event/s) 8.860368252274498
nexmark_src_src_data processed: 2880000, throughput: (event/s) 15998.65866241414
nexmark_src_src_epoch processed: 0, throughput: (event/s) 0
nexmark_src_src_logEntry processed: 14510, throughput: (event/s) 80.60435319153791
sink processed: 21819, throughput: (event/s) 121.20650463722713
query2-2 duration: 180.015091313

eventTimeLatency_sink, p50: 10 ms, p90: 15 ms, p99: 17 ms
nexmark_src_src processed: 2881595, throughput: (event/s) 16007.430528023055
nexmark_src_src_ctrl processed: 1595, throughput: (event/s) 8.86031926491987
nexmark_src_src_data processed: 2880000, throughput: (event/s) 15998.570208758134
nexmark_src_src_epoch processed: 0, throughput: (event/s) 0
nexmark_src_src_logEntry processed: 14670, throughput: (event/s) 81.49271700086175
sink processed: 21800, throughput: (event/s) 121.10028838573865
query2-3 duration: 180.016086589

nexmark_src_src_epoch processed 0 events, duration: 180.016086589
nexmark_src_src_logEntry processed 58210 events, duration: 180.016086589
sink processed 87029 events, duration: 180.016086589
nexmark_src_src processed 11526364 events, duration: 180.016086589
nexmark_src_src_ctrl processed 6380 events, duration: 180.016086589
nexmark_src_src_data processed 11519984 events, duration: 180.016086589

