wait for last: true
warmup: 0
config: map[NodeConstraint:"1,2,3,4" NumInstance:4 OutputTopicName:["nexmark_src"] funcName:"source"]
config: map[InputTopicNames:["nexmark_src"] NodeConstraint:"5,6,7,8" NumInstance:4 NumSrcProducer:[1] OutputTopicName:["q8_aucsBySellerID_out","q8_personsByID_out"] funcName:"q8GroupBy"]
config: map[InputTopicNames:["q8_aucsBySellerID_out","q8_personsByID_out"] NodeConstraint:"5,6,7,8" NumInstance:4 NumSrcProducer:[4,4] OutputTopicName:["q8_out"] funcName:"q8JoinStream"]
srcInvokeConfig: {TopicName:nexmark_src AppId:q8 NodeConstraint:1,2,3,4 ScaleEpoch:0 NumOutPartition:4 InstanceID:0 NumSrcInstance:4}
cliNodes: [0xc000026260 0xc0000262c0]
inParamsMap: map[q8GroupBy:[0xc000000be0 0xc000000c80 0xc000000d20 0xc000000dc0] q8JoinStream:[0xc000000e60 0xc000000f00 0xc000000fa0 0xc000001040]]
configScaleInput: {Config:map[changelog:4 nexmark_src:4 q8GroupBy:4 q8JoinStream:4 q8_aucsBySellerID_out:4 q8_out:4 q8_personsByID_out:4 source:4] AppId:q8 FuncNames:[source q8GroupBy q8JoinStream] ScaleEpoch:0 SerdeFormat:1 Bootstrap:false}
encoded json is {"sg":{"changelog":4,"nexmark_src":4,"q8GroupBy":4,"q8JoinStream":4,"q8_aucsBySellerID_out":4,"q8_out":4,"q8_personsByID_out":4,"source":4},"aid":"q8","fns":["source","q8GroupBy","q8JoinStream"],"epoch":1,"serdeFormat":1,"bs":true}, node constraint is 1
src instance: 4
func source url is http://ip-172-31-7-160.us-east-2.compute.internal:8080/function/source
func source url is http://ip-172-31-7-160.us-east-2.compute.internal:8080/function/source
func source url is http://ip-172-31-7-160.us-east-2.compute.internal:8080/function/source
func source url is http://ip-172-31-7-160.us-east-2.compute.internal:8080/function/source
encoded json is {"topic_name":"nexmark_src","rate_shape":"square","aid":"q8","events_num":25920000,"rate_period":10000000000,"bid_avg_size":100,"first_event_rate":144000,"next_event_rate":144000,"person_avg_size":200,"auction_avg_size":500,"duration":180,"person_proportion":1,"auction_proportion":3,"bid_proportion":46,"bid_hot_ratio_auctions":2,"bid_hot_ratio_bidders":4,"auction_hot_ratio_sellers":4,"flushms":100,"rate_limited":false,"waitEnd":true,"serde_format":1,"numOutPar":4,"parNum":3,"nSrcIns":4}, node constraint is 1,2,3,4
encoded json is {"topic_name":"nexmark_src","rate_shape":"square","aid":"q8","events_num":25920000,"rate_period":10000000000,"bid_avg_size":100,"first_event_rate":144000,"next_event_rate":144000,"person_avg_size":200,"auction_avg_size":500,"duration":180,"person_proportion":1,"auction_proportion":3,"bid_proportion":46,"bid_hot_ratio_auctions":2,"bid_hot_ratio_bidders":4,"auction_hot_ratio_sellers":4,"flushms":100,"rate_limited":false,"waitEnd":true,"serde_format":1,"numOutPar":4,"parNum":2,"nSrcIns":4}, node constraint is 1,2,3,4
encoded json is {"topic_name":"nexmark_src","rate_shape":"square","aid":"q8","events_num":25920000,"rate_period":10000000000,"bid_avg_size":100,"first_event_rate":144000,"next_event_rate":144000,"person_avg_size":200,"auction_avg_size":500,"duration":180,"person_proportion":1,"auction_proportion":3,"bid_proportion":46,"bid_hot_ratio_auctions":2,"bid_hot_ratio_bidders":4,"auction_hot_ratio_sellers":4,"flushms":100,"rate_limited":false,"waitEnd":true,"serde_format":1,"numOutPar":4,"parNum":1,"nSrcIns":4}, node constraint is 1,2,3,4
encoded json is {"topic_name":"nexmark_src","rate_shape":"square","aid":"q8","events_num":25920000,"rate_period":10000000000,"bid_avg_size":100,"first_event_rate":144000,"next_event_rate":144000,"person_avg_size":200,"auction_avg_size":500,"duration":180,"person_proportion":1,"auction_proportion":3,"bid_proportion":46,"bid_hot_ratio_auctions":2,"bid_hot_ratio_bidders":4,"auction_hot_ratio_sellers":4,"flushms":100,"rate_limited":false,"waitEnd":true,"serde_format":1,"numOutPar":4,"nSrcIns":4}, node constraint is 1,2,3,4
Waiting for all client to return
func name is q8JoinStream
func name is q8JoinStream
func name is q8GroupBy
func url is http://ip-172-31-7-160.us-east-2.compute.internal:8080/function/q8GroupBy
func name is q8JoinStream
func url is http://ip-172-31-7-160.us-east-2.compute.internal:8080/function/q8JoinStream
func url is http://ip-172-31-7-160.us-east-2.compute.internal:8080/function/q8JoinStream
func name is q8GroupBy
func url is http://ip-172-31-7-160.us-east-2.compute.internal:8080/function/q8GroupBy
func name is q8GroupBy
func url is http://ip-172-31-7-160.us-east-2.compute.internal:8080/function/q8GroupBy
func name is q8GroupBy
func url is http://ip-172-31-7-160.us-east-2.compute.internal:8080/function/q8GroupBy
func name is q8JoinStream
func url is http://ip-172-31-7-160.us-east-2.compute.internal:8080/function/q8JoinStream
func url is http://ip-172-31-7-160.us-east-2.compute.internal:8080/function/q8JoinStream
encoded json is {"aid":"q8","numOutPartition":"BAQ=","numSubstreamProducer":"AQ==","outputTopicName":["q8_aucsBySellerID_out","q8_personsByID_out"],"inputTopicName":["nexmark_src"],"commEveryMs":100,"flushMs":100,"snapEveryS":10,"duration":180,"epoch":1,"waitEnd":true,"numChangelogPartition":4,"numInPartition":4,"ParNum":3,"gua":3,"serdeFormat":1}, node constraint is 5,6,7,8
encoded json is {"aid":"q8","numOutPartition":"BA==","numSubstreamProducer":"BAQ=","outputTopicName":["q8_out"],"inputTopicName":["q8_aucsBySellerID_out","q8_personsByID_out"],"commEveryMs":100,"flushMs":100,"snapEveryS":10,"duration":180,"epoch":1,"waitEnd":true,"numChangelogPartition":4,"numInPartition":4,"gua":3,"serdeFormat":1}, node constraint is 5,6,7,8
encoded json is {"aid":"q8","numOutPartition":"BAQ=","numSubstreamProducer":"AQ==","outputTopicName":["q8_aucsBySellerID_out","q8_personsByID_out"],"inputTopicName":["nexmark_src"],"commEveryMs":100,"flushMs":100,"snapEveryS":10,"duration":180,"epoch":1,"waitEnd":true,"numChangelogPartition":4,"numInPartition":4,"ParNum":2,"gua":3,"serdeFormat":1}, node constraint is 5,6,7,8
encoded json is {"aid":"q8","numOutPartition":"BAQ=","numSubstreamProducer":"AQ==","outputTopicName":["q8_aucsBySellerID_out","q8_personsByID_out"],"inputTopicName":["nexmark_src"],"commEveryMs":100,"flushMs":100,"snapEveryS":10,"duration":180,"epoch":1,"waitEnd":true,"numChangelogPartition":4,"numInPartition":4,"ParNum":1,"gua":3,"serdeFormat":1}, node constraint is 5,6,7,8
encoded json is {"aid":"q8","numOutPartition":"BA==","numSubstreamProducer":"BAQ=","outputTopicName":["q8_out"],"inputTopicName":["q8_aucsBySellerID_out","q8_personsByID_out"],"commEveryMs":100,"flushMs":100,"snapEveryS":10,"duration":180,"epoch":1,"waitEnd":true,"numChangelogPartition":4,"numInPartition":4,"ParNum":1,"gua":3,"serdeFormat":1}, node constraint is 5,6,7,8
encoded json is {"aid":"q8","numOutPartition":"BAQ=","numSubstreamProducer":"AQ==","outputTopicName":["q8_aucsBySellerID_out","q8_personsByID_out"],"inputTopicName":["nexmark_src"],"commEveryMs":100,"flushMs":100,"snapEveryS":10,"duration":180,"epoch":1,"waitEnd":true,"numChangelogPartition":4,"numInPartition":4,"gua":3,"serdeFormat":1}, node constraint is 5,6,7,8
encoded json is {"aid":"q8","numOutPartition":"BA==","numSubstreamProducer":"BAQ=","outputTopicName":["q8_out"],"inputTopicName":["q8_aucsBySellerID_out","q8_personsByID_out"],"commEveryMs":100,"flushMs":100,"snapEveryS":10,"duration":180,"epoch":1,"waitEnd":true,"numChangelogPartition":4,"numInPartition":4,"ParNum":2,"gua":3,"serdeFormat":1}, node constraint is 5,6,7,8
encoded json is {"aid":"q8","numOutPartition":"BA==","numSubstreamProducer":"BAQ=","outputTopicName":["q8_out"],"inputTopicName":["q8_aucsBySellerID_out","q8_personsByID_out"],"commEveryMs":100,"flushMs":100,"snapEveryS":10,"duration":180,"epoch":1,"waitEnd":true,"numChangelogPartition":4,"numInPartition":4,"ParNum":3,"gua":3,"serdeFormat":1}, node constraint is 5,6,7,8
source-3 invoke done
source-0 invoke done
source-2 invoke done
source-1 invoke done
q8GroupBy-3 call done
q8GroupBy-0 call done
q8GroupBy-2 call done
q8GroupBy-1 call done
q8JoinStream-2 call done
q8JoinStream-3 call done
q8JoinStream-0 call done
q8JoinStream-1 call done
sink processed: 6479966, throughput: (event/s) 35999.427493811854
sink_ctrl processed: 1, throughput: (event/s) 0.005555496355044433
source-0 duration: 180.001918117

sink processed: 6480001, throughput: (event/s) 35999.25969049396
sink_ctrl processed: 1, throughput: (event/s) 0.005555440452940355
source-1 duration: 180.003729402

sink processed: 6480001, throughput: (event/s) 35999.5360378067
sink_ctrl processed: 1, throughput: (event/s) 0.005555483099124013
source-2 duration: 180.002347619

sink processed: 6480001, throughput: (event/s) 35999.510158296376
sink_ctrl processed: 1, throughput: (event/s) 0.005555479105373036
source-3 duration: 180.00247702

sink processed 25919969 events, duration: 180.003729402, tp: 143996.844322
sink_ctrl processed 4 events, duration: 180.003729402, tp: 0.022222

personsByIDSink processed: 129599, throughput: (event/s) 719.8442982329543
auctionsBySellerIDSink processed: 388799, throughput: (event/s) 2159.544003492885
nexmark_src_src processed: 6479966, throughput: (event/s) 35992.30378199989
nexmark_src_src_ctrl processed: 1, throughput: (event/s) 0.0055543970110336835
nexmark_src_src_data processed: 6479965, throughput: (event/s) 35992.29822760288
nexmark_src_src_epoch processed: 0, throughput: (event/s) 0
nexmark_src_src_logEntry processed: 14145, throughput: (event/s) 78.56694572107145
q8GroupBy-0 duration: 180.037544672

personsByIDSink processed: 129600, throughput: (event/s) 719.833830531259
auctionsBySellerIDSink processed: 388800, throughput: (event/s) 2159.5014915937772
nexmark_src_src processed: 6480001, throughput: (event/s) 35991.69708083633
nexmark_src_src_ctrl processed: 1, throughput: (event/s) 0.00555427338372885
nexmark_src_src_data processed: 6480000, throughput: (event/s) 35991.69152656295
nexmark_src_src_epoch processed: 0, throughput: (event/s) 0
nexmark_src_src_logEntry processed: 14119, throughput: (event/s) 78.42078590486764
q8GroupBy-1 duration: 180.041551957

personsByIDSink processed: 129600, throughput: (event/s) 719.8466100494036
auctionsBySellerIDSink processed: 388800, throughput: (event/s) 2159.539830148211
nexmark_src_src processed: 6480001, throughput: (event/s) 35992.33605684217
nexmark_src_src_ctrl processed: 1, throughput: (event/s) 0.005554371991121941
nexmark_src_src_data processed: 6480000, throughput: (event/s) 35992.33050247018
nexmark_src_src_epoch processed: 0, throughput: (event/s) 0
nexmark_src_src_logEntry processed: 14131, throughput: (event/s) 78.48883060654416
q8GroupBy-2 duration: 180.038355659

personsByIDSink processed: 129600, throughput: (event/s) 719.9092193434539
auctionsBySellerIDSink processed: 388800, throughput: (event/s) 2159.727658030362
nexmark_src_src processed: 6480001, throughput: (event/s) 35995.46652202778
nexmark_src_src_ctrl processed: 1, throughput: (event/s) 0.005554855087526651
nexmark_src_src_data processed: 6480000, throughput: (event/s) 35995.460967172694
nexmark_src_src_epoch processed: 0, throughput: (event/s) 0
nexmark_src_src_logEntry processed: 14122, throughput: (event/s) 78.44566354605136
q8GroupBy-3 duration: 180.022698026

nexmark_src_src processed 25919969 events, duration: 180.041551957
nexmark_src_src_ctrl processed 4 events, duration: 180.041551957
nexmark_src_src_data processed 25919965 events, duration: 180.041551957
nexmark_src_src_epoch processed 0 events, duration: 180.041551957
nexmark_src_src_logEntry processed 56517 events, duration: 180.041551957
personsByIDSink processed 518399 events, duration: 180.041551957
auctionsBySellerIDSink processed 1555199 events, duration: 180.041551957

eventTimeLatency_sink, p50: 236 ms, p90: 716 ms, p99: 1397 ms
auctionsBySellerIDSrc_data processed: 371399, throughput: (event/s) 2058.5786389163763
auctionsBySellerIDSrc_logEntry processed: 6383, throughput: (event/s) 35.37949066153445
personsByIDSrc_ctrl processed: 4, throughput: (event/s) 0.02217107357764966
personsByIDSrc_data processed: 129372, throughput: (event/s) 717.0790327219229
personsByIDSrc_logEntry processed: 5989, throughput: (event/s) 33.19563991413595
personsByIDSrc processed: 135365, throughput: (event/s) 750.2968437096365
personsByIDSrc_epoch processed: 5989, throughput: (event/s) 33.19563991413595
sink processed: 1483345, throughput: (event/s) 8221.837784009684
auctionsBySellerIDSrc_ctrl processed: 4, throughput: (event/s) 0.02217107357764966
auctionsBySellerIDSrc processed: 377392, throughput: (event/s) 2091.79644990409
auctionsBySellerIDSrc_epoch processed: 5989, throughput: (event/s) 33.19563991413595
q8JoinStream-0 duration: 180.41525982

eventTimeLatency_sink, p50: 296 ms, p90: 1063 ms, p99: 2240 ms
personsByIDSrc processed: 136213, throughput: (event/s) 746.3073197257136
auctionsBySellerIDSrc_logEntry processed: 6454, throughput: (event/s) 35.361290343137256
auctionsBySellerIDSrc_ctrl processed: 4, throughput: (event/s) 0.02191589113302588
auctionsBySellerIDSrc_epoch processed: 5989, throughput: (event/s) 32.813567998923
sink processed: 1580571, throughput: (event/s) 8659.905491004462
auctionsBySellerIDSrc_data processed: 394849, throughput: (event/s) 2163.366924496034
personsByIDSrc_ctrl processed: 4, throughput: (event/s) 0.02191589113302588
personsByIDSrc_data processed: 130220, throughput: (event/s) 713.4718358356575
personsByIDSrc_epoch processed: 5989, throughput: (event/s) 32.813567998923
auctionsBySellerIDSrc processed: 400842, throughput: (event/s) 2196.2024083860897
personsByIDSrc_logEntry processed: 5989, throughput: (event/s) 32.813567998923
q8JoinStream-1 duration: 182.515964134

eventTimeLatency_sink, p50: 249 ms, p90: 815 ms, p99: 1386 ms
auctionsBySellerIDSrc_epoch processed: 5989, throughput: (event/s) 33.2195810170948
personsByIDSrc_epoch processed: 5989, throughput: (event/s) 33.2195810170948
auctionsBySellerIDSrc_ctrl processed: 4, throughput: (event/s) 0.022187063628047954
personsByIDSrc_logEntry processed: 5989, throughput: (event/s) 33.2195810170948
auctionsBySellerIDSrc processed: 390225, throughput: (event/s) 2164.4867260637534
auctionsBySellerIDSrc_data processed: 384232, throughput: (event/s) 2131.2449579830304
sink processed: 1538409, throughput: (event/s) 8533.194592240407
personsByIDSrc processed: 134992, throughput: (event/s) 748.7690233193624
personsByIDSrc_data processed: 128999, throughput: (event/s) 715.5272552386396
auctionsBySellerIDSrc_logEntry processed: 6384, throughput: (event/s) 35.41055355036453
personsByIDSrc_ctrl processed: 4, throughput: (event/s) 0.022187063628047954
q8JoinStream-2 duration: 180.285235895

eventTimeLatency_sink, p50: 357 ms, p90: 2028 ms, p99: 2920 ms
sink processed: 1619913, throughput: (event/s) 8985.819458062435
auctionsBySellerIDSrc_epoch processed: 5989, throughput: (event/s) 33.22158210615997
auctionsBySellerIDSrc_data processed: 404719, throughput: (event/s) 2245.0167788316844
personsByIDSrc_epoch processed: 5989, throughput: (event/s) 33.22158210615997
personsByIDSrc_logEntry processed: 5989, throughput: (event/s) 33.22158210615997
personsByIDSrc processed: 135801, throughput: (event/s) 753.301731774692
personsByIDSrc_data processed: 129808, throughput: (event/s) 720.0579612683944
auctionsBySellerIDSrc_ctrl processed: 4, throughput: (event/s) 0.022188400137692417
auctionsBySellerIDSrc processed: 410712, throughput: (event/s) 2278.260549337982
auctionsBySellerIDSrc_logEntry processed: 6470, throughput: (event/s) 35.889737222717486
personsByIDSrc_ctrl processed: 4, throughput: (event/s) 0.022188400137692417
q8JoinStream-3 duration: 180.274376484

auctionsBySellerIDSrc processed 1579171 events, duration: 182.515964134
personsByIDSrc_data processed 518399 events, duration: 182.515964134
personsByIDSrc_logEntry processed 23956 events, duration: 182.515964134
personsByIDSrc processed 542371 events, duration: 182.515964134
personsByIDSrc_epoch processed 23956 events, duration: 182.515964134
sink processed 6222238 events, duration: 182.515964134
auctionsBySellerIDSrc_ctrl processed 16 events, duration: 182.515964134
auctionsBySellerIDSrc_data processed 1555199 events, duration: 182.515964134
auctionsBySellerIDSrc_logEntry processed 25691 events, duration: 182.515964134
personsByIDSrc_ctrl processed 16 events, duration: 182.515964134
auctionsBySellerIDSrc_epoch processed 23956 events, duration: 182.515964134

