parallel restore str: , false
env str: , async2ndPhase: false
env str: , create snapshot: false
2024/03/03 11:58:31 [INFO] Load configuration for function scale[40]
2024/03/03 11:58:31 [INFO] Load configuration for function chkptmngr[50]
2024/03/03 11:58:31 [INFO] Load configuration for function redisSetup[70]
2024/03/03 11:58:31 [INFO] Load configuration for function source[20]
2024/03/03 11:58:31 [INFO] Load configuration for function query2[30]
2024/03/03 11:58:31 [INFO] Parse FAAS_ENGINE_ID: 4
2024/03/03 11:58:31 [INFO] Parse FAAS_ENGINE_ID: 4
2024/03/03 11:58:31 [INFO] Current GOMAXPROCS is 2
2024/03/03 11:58:31 [INFO] Parse FAAS_ENGINE_ID: 4
2024/03/03 11:58:31 [INFO] Current GOMAXPROCS is 3
2024/03/03 11:58:31 [INFO] Parse FAAS_ENGINE_ID: 4
2024/03/03 11:58:31 [INFO] Current GOMAXPROCS is 4
2024/03/03 11:58:31 [INFO] Start new FuncWorker with client id 3
2024/03/03 11:58:31 [INFO] Start new FuncWorker with client id 4
2024/03/03 11:58:31 [INFO] Start new FuncWorker with client id 6
2024/03/03 11:58:31 [INFO] Start new FuncWorker with client id 5
Enter nexmark: funcName: source
Enter nexmark: funcName: source
2024/03/03 11:58:31 [INFO] Handshake with engine done
2024/03/03 11:58:31 [INFO] Handshake with engine done
Enter nexmark: funcName: source
2024/03/03 11:58:31 [INFO] Handshake with engine done
Enter nexmark: funcName: source
2024/03/03 11:58:31 [INFO] Handshake with engine done
redis address is [snapcache-1:6666 snapcache-2:6666 snapcache-3:6666 snapcache-4:6666]
new buffered sink stream nexmark_src[0] with bufMaxSize 131072
new buffered sink stream nexmark_src[1] with bufMaxSize 131072
new buffered sink stream nexmark_src[2] with bufMaxSize 131072
new buffered sink stream nexmark_src[3] with bufMaxSize 131072
Generator config: 
	InterEventDelayUs: [15.625]
	EventPerEpoch    : 0
	MaxEvents        : 46080000
	FirstEventNumber : 1
	EpochPeriodMs    : 0
	StepLengthSec    : 5
	BaseTime         : 1709467247145
	FirstEventId     : 1
	TotalProportion  : 50
	BidProportion    : 46
	AuctionProportion: 3
	PersonProportion : 1
Nexmark config: 
	NumEvents            : 46080000
	NumEventGenerators   : 4
	RateShape            : 0
	FirstEventRate       : 256000
	NextEventRate        : 256000
	RateUnit             : 1000000
	RatePeriodSec        : 10
	PreloadSeconds       : 0
	StreamTimeout        : 240
	IsRateLimited        : false
	UseWallclockEventTime: false
	AvgPersonByteSize    : 200
	AvgAuctionByteSize   : 500
	AvgBidByteSize       : 100
	HotAuctionRatio      : 2
	HotSellersRatio      : 4
	HotBiddersRatio      : 4
	WindowSizeSec        : 10
	WindowPeriodSec      : 5
	WatermarkHoldbackSec : 0
	NumInFlightAuctions  : 100
	NumActivePeople      : 1000
	OccasionalDelaySec   : 3
	ProbDelayedEvent     : 0.1
	OutOfOrderGroupSize  : 1
Input config: 
	SrcTopicName   : nexmark_src
	AppId          : q2
	FinalOutTpNames: [q2_out]
	Duration(s)    : 180
	FlushMs        : 10
	BufMaxSize     : 131072
	CommitEveryMs  : 100
	WaitForEndMark : true
	SerdeFormat    : MSGP
	NumOutPartition: 4
	ParNum         : 3
	NumSrcInstance : 4
	Guarantee      : ALIGN_CHKPT
new buffered sink stream __control_log_q2[0] with bufMaxSize 131072
new buffered sink stream __control_log_q2[0] with bufMaxSize 131072
generate events to [3]
StartTs: 1709467247145
gen first chkpt
srcGen_3 stats (640020 samples): dur=10.009101906s, p50=4, p90=14, p99=30
nexmark_src_bufEntry_3 stats (1690 samples): dur=10.000704265s, p50=503, p90=510, p99=513
nexmark_src_bufSize_3 stats (1690 samples): dur=10.000791426s, p50=130540, p90=131021, p99=131068
srcGen_3 stats (640492 samples): dur=10.009204838s, p50=4, p90=14, p99=29
nexmark_src_bufEntry_3 stats (1693 samples): dur=10.009201294s, p50=500, p90=510, p99=513
nexmark_src_bufSize_3 stats (1693 samples): dur=10.009199834s, p50=130493, p90=131017, p99=131065
srcGen_3 stats (640640 samples): dur=10.009427228s, p50=4, p90=14, p99=30
nexmark_src_bufEntry_3 stats (1702 samples): dur=10.009417175s, p50=499, p90=506, p99=508
nexmark_src_bufSize_3 stats (1702 samples): dur=10.00942036s, p50=130544, p90=131021, p99=131065
nexmark_src_bufEntry_3 stats (1692 samples): dur=10.00098768s, p50=500, p90=506, p99=509
nexmark_src_bufSize_3 stats (1692 samples): dur=10.000993941s, p50=130522, p90=131021, p99=131068
srcGen_3 stats (640640 samples): dur=10.010044414s, p50=4, p90=14, p99=30
nexmark_src_bufEntry_3 stats (1697 samples): dur=10.001972741s, p50=499, p90=506, p99=509
nexmark_src_bufSize_3 stats (1697 samples): dur=10.001970229s, p50=130519, p90=131026, p99=131066
srcGen_3 stats (640640 samples): dur=10.009034137s, p50=4, p90=14, p99=29
nexmark_src_bufEntry_3 stats (1698 samples): dur=10.00269797s, p50=496, p90=502, p99=504
nexmark_src_bufSize_3 stats (1698 samples): dur=10.002719218s, p50=130513, p90=131018, p99=131066
srcGen_3 stats (640568 samples): dur=10.008888346s, p50=4, p90=14, p99=30
nexmark_src_bufEntry_3 stats (1694 samples): dur=10.002940376s, p50=496, p90=502, p99=505
nexmark_src_bufSize_3 stats (1694 samples): dur=10.002942045s, p50=130513, p90=131027, p99=131067
srcGen_3 stats (640584 samples): dur=10.01510241s, p50=4, p90=14, p99=29
nexmark_src_bufEntry_3 stats (1689 samples): dur=10.001380981s, p50=496, p90=502, p99=505
nexmark_src_bufSize_3 stats (1689 samples): dur=10.001357453s, p50=130546, p90=131015, p99=131068
srcGen_3 stats (641001 samples): dur=10.009408818s, p50=4, p90=14, p99=30
nexmark_src_bufEntry_3 stats (1687 samples): dur=10.005080187s, p50=496, p90=502, p99=505
nexmark_src_bufSize_3 stats (1687 samples): dur=10.005129602s, p50=130503, p90=131018, p99=131064
srcGen_3 stats (640535 samples): dur=10.009251548s, p50=4, p90=14, p99=30
nexmark_src_bufEntry_3 stats (1692 samples): dur=10.004678187s, p50=496, p90=502, p99=505
nexmark_src_bufSize_3 stats (1692 samples): dur=10.00462698s, p50=130537, p90=131027, p99=131065
srcGen_3 stats (640640 samples): dur=10.010114415s, p50=4, p90=14, p99=30
nexmark_src_bufEntry_3 stats (1680 samples): dur=10.002483386s, p50=495, p90=502, p99=505
nexmark_src_bufSize_3 stats (1680 samples): dur=10.00247714s, p50=130551, p90=131024, p99=131067
srcGen_3 stats (640576 samples): dur=10.009213777s, p50=4, p90=14, p99=29
nexmark_src_bufEntry_3 stats (1676 samples): dur=10.003084684s, p50=495, p90=502, p99=505
nexmark_src_bufSize_3 stats (1676 samples): dur=10.00308781s, p50=130507, p90=131020, p99=131067
srcGen_3 stats (640640 samples): dur=10.009963647s, p50=4, p90=14, p99=30
nexmark_src_bufEntry_3 stats (1684 samples): dur=10.00198397s, p50=495, p90=502, p99=505
nexmark_src_bufSize_3 stats (1684 samples): dur=10.001988796s, p50=130587, p90=131027, p99=131066
srcGen_3 stats (640640 samples): dur=10.0097433s, p50=4, p90=14, p99=30
nexmark_src_bufEntry_3 stats (1683 samples): dur=10.006008057s, p50=495, p90=502, p99=504
nexmark_src_bufSize_3 stats (1683 samples): dur=10.00600401s, p50=130574, p90=131022, p99=131067
srcGen_3 stats (640583 samples): dur=10.009317417s, p50=4, p90=14, p99=31
nexmark_src_bufEntry_3 stats (1686 samples): dur=10.001662286s, p50=496, p90=502, p99=505
nexmark_src_bufSize_3 stats (1686 samples): dur=10.001667459s, p50=130562, p90=131022, p99=131068
srcGen_3 stats (640623 samples): dur=10.009444874s, p50=4, p90=14, p99=31
nexmark_src_bufEntry_3 stats (1680 samples): dur=10.001339205s, p50=496, p90=502, p99=505
nexmark_src_bufSize_3 stats (1680 samples): dur=10.001333676s, p50=130514, p90=131019, p99=131065
srcGen_3 stats (640650 samples): dur=10.011061543s, p50=4, p90=14, p99=30
nexmark_src_bufEntry_3 stats (1682 samples): dur=10.004483908s, p50=496, p90=502, p99=505
nexmark_src_bufSize_3 stats (1682 samples): dur=10.004484801s, p50=130570, p90=131027, p99=131067
srcGen_3 stats (640676 samples): dur=10.008917518s, p50=4, p90=14, p99=30
[3] chkmngr has terminated
generate stream end mark with tag: 404b3c06f60bdf03
[3] all stopped
