parallel restore str: , false
env str: , async2ndPhase: false
env str: , create snapshot: false
2024/03/03 12:39:47 [INFO] Load configuration for function scale[40]
2024/03/03 12:39:47 [INFO] Load configuration for function chkptmngr[50]
2024/03/03 12:39:47 [INFO] Load configuration for function redisSetup[70]
2024/03/03 12:39:47 [INFO] Load configuration for function source[20]
2024/03/03 12:39:47 [INFO] Load configuration for function query2[30]
2024/03/03 12:39:47 [INFO] Parse FAAS_ENGINE_ID: 1
2024/03/03 12:39:47 [INFO] Start new FuncWorker with client id 9
Enter nexmark: funcName: chkptmngr
2024/03/03 12:39:47 [INFO] Handshake with engine done
redis address is [snapcache-1:6666 snapcache-2:6666 snapcache-3:6666 snapcache-4:6666]
ChkptMngrInput:
	SrcTopicName         : nexmark_src
	FinalOutputTopicNames: [q2_out]
	FinalNumOutPartitions: [4]
	BufMaxSize           : 131072
	SrcNumPart           : 4
	ChkptEveryMs: 100
	Guarantee            : ALIGN_CHKPT
	SerdeFormat          : MSGP
new buffered sink stream nexmark_src[0] with bufMaxSize 131072
new buffered sink stream nexmark_src[1] with bufMaxSize 131072
new buffered sink stream nexmark_src[2] with bufMaxSize 131072
new buffered sink stream nexmark_src[3] with bufMaxSize 131072
e2eChkptElapsed(ms) stats (200 samples): dur=22.866251828s, p50=10, p90=24, p99=48
e2eChkptElapsed(ms) stats (200 samples): dur=22.954466332s, p50=10, p90=22, p99=47
e2eChkptElapsed(ms) stats (200 samples): dur=23.11018032s, p50=10, p90=26, p99=48
e2eChkptElapsed(ms) stats (200 samples): dur=23.009299888s, p50=10, p90=21, p99=47
e2eChkptElapsed(ms) stats (200 samples): dur=22.932812588s, p50=9, p90=20, p99=47
e2eChkptElapsed(ms) stats (200 samples): dur=23.2936879s, p50=10, p90=26, p99=52
e2eChkptElapsed(ms) stats (200 samples): dur=23.108698889s, p50=10, p90=26, p99=48
e2eChkptElapsed(ms) (162 samples): dur=18.572801177s, data=[10 10 15 9 15 10 9 9 9 9 9 9 9 9 9 48 9 10 10 9 10 9 15 9 9 11 12 10 9 10 9 15 21 9 9 9 9 52 9 9 26 9 9 9 10 10 11 20 10 20 10 12 11 10 9 10 10 9 9 9 10 9 9 9 43 9 10 10 9 9 9 10 9 10 9 10 9 10 12 26 10 38 10 31 10 9 10 9 10 47 11 10 9 10 9 10 10 9 9 9 9 10 9 9 11 21 10 37 10 15 9 9 9 10 10 31 9 10 9 9 9 18 10 26 41 10 10 9 9 10 12 12 63 9 10 21 9 9 9 9 9 9 9 9 10 10 10 9 20 53 10 10 10 10 10 10 10 14 10 15 9 5]
