parallel restore str: , false
env str: , async2ndPhase: false
env str: , create snapshot: false
2024/03/03 12:39:44 [INFO] Load configuration for function scale[40]
2024/03/03 12:39:44 [INFO] Load configuration for function chkptmngr[50]
2024/03/03 12:39:44 [INFO] Load configuration for function redisSetup[70]
2024/03/03 12:39:44 [INFO] Load configuration for function source[20]
2024/03/03 12:39:44 [INFO] Load configuration for function query2[30]
2024/03/03 12:39:44 [INFO] Parse FAAS_ENGINE_ID: 1
2024/03/03 12:39:44 [INFO] Parse FAAS_ENGINE_ID: 1
2024/03/03 12:39:44 [INFO] Current GOMAXPROCS is 2
2024/03/03 12:39:44 [INFO] Parse FAAS_ENGINE_ID: 1
2024/03/03 12:39:44 [INFO] Current GOMAXPROCS is 3
2024/03/03 12:39:44 [INFO] Parse FAAS_ENGINE_ID: 1
2024/03/03 12:39:44 [INFO] Current GOMAXPROCS is 4
2024/03/03 12:39:44 [INFO] Start new FuncWorker with client id 1
2024/03/03 12:39:44 [INFO] Start new FuncWorker with client id 2
2024/03/03 12:39:44 [INFO] Start new FuncWorker with client id 3
2024/03/03 12:39:44 [INFO] Start new FuncWorker with client id 4
Enter nexmark: funcName: source
Enter nexmark: funcName: source
2024/03/03 12:39:44 [INFO] Handshake with engine done
2024/03/03 12:39:44 [INFO] Handshake with engine done
Enter nexmark: funcName: source
Enter nexmark: funcName: source
2024/03/03 12:39:44 [INFO] Handshake with engine done
2024/03/03 12:39:44 [INFO] Handshake with engine done
redis address is [snapcache-1:6666 snapcache-2:6666 snapcache-3:6666 snapcache-4:6666]
new buffered sink stream nexmark_src[0] with bufMaxSize 131072
new buffered sink stream nexmark_src[1] with bufMaxSize 131072
new buffered sink stream nexmark_src[2] with bufMaxSize 131072
new buffered sink stream nexmark_src[3] with bufMaxSize 131072
Generator config: 
	InterEventDelayUs: [12.5]
	EventPerEpoch    : 0
	MaxEvents        : 57600000
	FirstEventNumber : 1
	EpochPeriodMs    : 0
	StepLengthSec    : 5
	BaseTime         : 1709469712565
	FirstEventId     : 1
	TotalProportion  : 50
	BidProportion    : 46
	AuctionProportion: 3
	PersonProportion : 1
Nexmark config: 
	NumEvents            : 57600000
	NumEventGenerators   : 4
	RateShape            : 0
	FirstEventRate       : 320000
	NextEventRate        : 320000
	RateUnit             : 1000000
	RatePeriodSec        : 10
	PreloadSeconds       : 0
	StreamTimeout        : 240
	IsRateLimited        : false
	UseWallclockEventTime: false
	AvgPersonByteSize    : 200
	AvgAuctionByteSize   : 500
	AvgBidByteSize       : 100
	HotAuctionRatio      : 2
	HotSellersRatio      : 4
	HotBiddersRatio      : 4
	WindowSizeSec        : 10
	WindowPeriodSec      : 5
	WatermarkHoldbackSec : 0
	NumInFlightAuctions  : 100
	NumActivePeople      : 1000
	OccasionalDelaySec   : 3
	ProbDelayedEvent     : 0.1
	OutOfOrderGroupSize  : 1
Input config: 
	SrcTopicName   : nexmark_src
	AppId          : q2
	FinalOutTpNames: [q2_out]
	Duration(s)    : 180
	FlushMs        : 10
	BufMaxSize     : 131072
	CommitEveryMs  : 100
	WaitForEndMark : true
	SerdeFormat    : MSGP
	NumOutPartition: 4
	ParNum         : 3
	NumSrcInstance : 4
	Guarantee      : ALIGN_CHKPT
new buffered sink stream __control_log_q2[0] with bufMaxSize 131072
new buffered sink stream __control_log_q2[0] with bufMaxSize 131072
generate events to [3]
StartTs: 1709469712565
gen first chkpt
srcGen_3 stats (800000 samples): dur=10.015329567s, p50=4, p90=14, p99=27
nexmark_src_bufEntry_3 stats (2104 samples): dur=10.009864863s, p50=506, p90=511, p99=514
nexmark_src_bufSize_3 stats (2104 samples): dur=10.009979029s, p50=130864, p90=131032, p99=131066
srcGen_3 stats (801280 samples): dur=10.012454249s, p50=4, p90=14, p99=27
nexmark_src_bufEntry_3 stats (2156 samples): dur=10.012430524s, p50=503, p90=509, p99=512
nexmark_src_bufSize_3 stats (2156 samples): dur=10.012423808s, p50=130866, p90=131032, p99=131067
srcGen_3 stats (800960 samples): dur=10.012584025s, p50=4, p90=14, p99=27
nexmark_src_bufEntry_3 stats (2165 samples): dur=10.013496342s, p50=503, p90=507, p99=510
nexmark_src_bufSize_3 stats (2165 samples): dur=10.013577988s, p50=130866, p90=131030, p99=131069
srcGen_3 stats (800960 samples): dur=10.0115318s, p50=4, p90=14, p99=27
nexmark_src_bufEntry_3 stats (2171 samples): dur=10.010614604s, p50=502, p90=507, p99=509
nexmark_src_bufSize_3 stats (2171 samples): dur=10.010537049s, p50=130867, p90=131029, p99=131067
srcGen_3 stats (800960 samples): dur=10.011992071s, p50=4, p90=14, p99=27
nexmark_src_bufEntry_3 stats (2193 samples): dur=10.011995159s, p50=499, p90=503, p99=505
nexmark_src_bufSize_3 stats (2193 samples): dur=10.011993276s, p50=130866, p90=131027, p99=131068
srcGen_3 stats (800923 samples): dur=10.0114991s, p50=4, p90=14, p99=27
nexmark_src_bufEntry_3 stats (2192 samples): dur=10.011469275s, p50=499, p90=503, p99=505
nexmark_src_bufSize_3 stats (2192 samples): dur=10.011469825s, p50=130865, p90=131033, p99=131066
srcGen_3 stats (800917 samples): dur=10.011304673s, p50=4, p90=14, p99=27
nexmark_src_bufEntry_3 stats (2184 samples): dur=10.011318951s, p50=499, p90=502, p99=505
nexmark_src_bufSize_3 stats (2184 samples): dur=10.011319942s, p50=130871, p90=131031, p99=131068
srcGen_3 stats (800969 samples): dur=10.011879631s, p50=4, p90=14, p99=27
nexmark_src_bufEntry_3 stats (2165 samples): dur=10.011879608s, p50=499, p90=503, p99=505
nexmark_src_bufSize_3 stats (2165 samples): dur=10.011879824s, p50=130869, p90=131032, p99=131069
srcGen_3 stats (800910 samples): dur=10.011236405s, p50=4, p90=14, p99=27
nexmark_src_bufEntry_3 stats (2159 samples): dur=10.011248702s, p50=499, p90=503, p99=505
nexmark_src_bufSize_3 stats (2159 samples): dur=10.011244802s, p50=130867, p90=131030, p99=131066
srcGen_3 stats (800900 samples): dur=10.011810168s, p50=4, p90=14, p99=27
nexmark_src_bufEntry_3 stats (2180 samples): dur=10.011810721s, p50=499, p90=503, p99=505
nexmark_src_bufSize_3 stats (2180 samples): dur=10.011813192s, p50=130870, p90=131026, p99=131067
srcGen_3 stats (800998 samples): dur=10.011427964s, p50=4, p90=14, p99=27
nexmark_src_bufEntry_3 stats (2138 samples): dur=10.011434206s, p50=499, p90=503, p99=505
nexmark_src_bufSize_3 stats (2138 samples): dur=10.01143826s, p50=130868, p90=131028, p99=131066
srcGen_3 stats (800863 samples): dur=10.011618017s, p50=4, p90=14, p99=27
nexmark_src_bufEntry_3 stats (2125 samples): dur=10.011616121s, p50=499, p90=502, p99=505
nexmark_src_bufSize_3 stats (2125 samples): dur=10.011635126s, p50=130861, p90=131032, p99=131066
srcGen_3 stats (800967 samples): dur=10.010993191s, p50=4, p90=14, p99=27
nexmark_src_bufEntry_3 stats (2119 samples): dur=10.010981099s, p50=499, p90=502, p99=505
nexmark_src_bufSize_3 stats (2119 samples): dur=10.010955823s, p50=130864, p90=131031, p99=131065
srcGen_3 stats (800796 samples): dur=10.018554668s, p50=4, p90=14, p99=27
nexmark_src_bufEntry_3 stats (2131 samples): dur=10.018641833s, p50=499, p90=503, p99=505
nexmark_src_bufSize_3 stats (2131 samples): dur=10.018672953s, p50=130873, p90=131033, p99=131068
srcGen_3 stats (801542 samples): dur=10.011002128s, p50=4, p90=14, p99=27
nexmark_src_bufEntry_3 stats (2158 samples): dur=10.010931281s, p50=499, p90=503, p99=505
nexmark_src_bufSize_3 stats (2158 samples): dur=10.01090512s, p50=130868, p90=131029, p99=131067
srcGen_3 stats (800853 samples): dur=10.011767574s, p50=4, p90=14, p99=27
nexmark_src_bufEntry_3 stats (2176 samples): dur=10.011775257s, p50=499, p90=502, p99=505
nexmark_src_bufSize_3 stats (2176 samples): dur=10.011805888s, p50=130865, p90=131027, p99=131066
srcGen_3 stats (801025 samples): dur=10.011259612s, p50=4, p90=14, p99=27
nexmark_src_bufEntry_3 stats (2164 samples): dur=10.011251935s, p50=499, p90=503, p99=505
nexmark_src_bufSize_3 stats (2164 samples): dur=10.011220582s, p50=130873, p90=131035, p99=131068
[3] chkmngr has terminated
generate stream end mark with tag: 404b3c06f60bdf03
[3] all stopped
