parallel restore str: , false
env str: , async2ndPhase: false
env str: , create snapshot: false
2024/03/03 22:08:05 [INFO] Load configuration for function scale[40]
2024/03/03 22:08:05 [INFO] Load configuration for function chkptmngr[50]
2024/03/03 22:08:05 [INFO] Load configuration for function redisSetup[70]
2024/03/03 22:08:05 [INFO] Load configuration for function source[20]
2024/03/03 22:08:05 [INFO] Load configuration for function query2[30]
2024/03/03 22:08:05 [INFO] Parse FAAS_ENGINE_ID: 3
2024/03/03 22:08:05 [INFO] Parse FAAS_ENGINE_ID: 3
2024/03/03 22:08:05 [INFO] Current GOMAXPROCS is 2
2024/03/03 22:08:05 [INFO] Parse FAAS_ENGINE_ID: 3
2024/03/03 22:08:05 [INFO] Current GOMAXPROCS is 3
2024/03/03 22:08:05 [INFO] Parse FAAS_ENGINE_ID: 3
2024/03/03 22:08:05 [INFO] Current GOMAXPROCS is 4
2024/03/03 22:08:05 [INFO] Start new FuncWorker with client id 2
2024/03/03 22:08:05 [INFO] Start new FuncWorker with client id 3
2024/03/03 22:08:05 [INFO] Start new FuncWorker with client id 5
2024/03/03 22:08:05 [INFO] Start new FuncWorker with client id 4
Enter nexmark: funcName: source
2024/03/03 22:08:05 [INFO] Handshake with engine done
Enter nexmark: funcName: source
Enter nexmark: funcName: source
2024/03/03 22:08:05 [INFO] Handshake with engine done
2024/03/03 22:08:05 [INFO] Handshake with engine done
Enter nexmark: funcName: source
2024/03/03 22:08:05 [INFO] Handshake with engine done
redis address is [snapcache-1:6666 snapcache-2:6666 snapcache-3:6666 snapcache-4:6666]
new buffered sink stream nexmark_src[0] with bufMaxSize 131072
new buffered sink stream nexmark_src[1] with bufMaxSize 131072
new buffered sink stream nexmark_src[2] with bufMaxSize 131072
new buffered sink stream nexmark_src[3] with bufMaxSize 131072
Generator config: 
	InterEventDelayUs: [11.363636363636363]
	EventPerEpoch    : 0
	MaxEvents        : 63360000
	FirstEventNumber : 1
	EpochPeriodMs    : 0
	StepLengthSec    : 5
	BaseTime         : 1709503808672
	FirstEventId     : 1
	TotalProportion  : 50
	BidProportion    : 46
	AuctionProportion: 3
	PersonProportion : 1
Nexmark config: 
	NumEvents            : 63360000
	NumEventGenerators   : 4
	RateShape            : 0
	FirstEventRate       : 352000
	NextEventRate        : 352000
	RateUnit             : 1000000
	RatePeriodSec        : 10
	PreloadSeconds       : 0
	StreamTimeout        : 240
	IsRateLimited        : false
	UseWallclockEventTime: false
	AvgPersonByteSize    : 200
	AvgAuctionByteSize   : 500
	AvgBidByteSize       : 100
	HotAuctionRatio      : 2
	HotSellersRatio      : 4
	HotBiddersRatio      : 4
	WindowSizeSec        : 10
	WindowPeriodSec      : 5
	WatermarkHoldbackSec : 0
	NumInFlightAuctions  : 100
	NumActivePeople      : 1000
	OccasionalDelaySec   : 3
	ProbDelayedEvent     : 0.1
	OutOfOrderGroupSize  : 1
Input config: 
	SrcTopicName   : nexmark_src
	AppId          : q2
	FinalOutTpNames: [q2_out]
	Duration(s)    : 180
	FlushMs        : 10
	BufMaxSize     : 131072
	CommitEveryMs  : 100
	WaitForEndMark : true
	SerdeFormat    : MSGP
	NumOutPartition: 4
	ParNum         : 0
	NumSrcInstance : 4
	Guarantee      : ALIGN_CHKPT
new buffered sink stream __control_log_q2[0] with bufMaxSize 131072
new buffered sink stream __control_log_q2[0] with bufMaxSize 131072
generate events to [0]
StartTs: 1709503808672
gen first chkpt
srcGen_0 stats (880009 samples): dur=10.011891989s, p50=4, p90=13, p99=25
nexmark_src_bufEntry_0 stats (2413 samples): dur=10.007061019s, p50=507, p90=511, p99=514
nexmark_src_bufSize_0 stats (2413 samples): dur=10.007178336s, p50=130872, p90=131028, p99=131066
srcGen_0 stats (881068 samples): dur=10.012264259s, p50=4, p90=14, p99=26
nexmark_src_bufEntry_0 stats (2428 samples): dur=10.012259892s, p50=503, p90=509, p99=512
nexmark_src_bufSize_0 stats (2428 samples): dur=10.01226339s, p50=130873, p90=131033, p99=131067
nexmark_src_bufEntry_0 stats (2434 samples): dur=10.000675352s, p50=503, p90=507, p99=509
nexmark_src_bufSize_0 stats (2434 samples): dur=10.000675534s, p50=130873, p90=131030, p99=131067
srcGen_0 stats (881123 samples): dur=10.012313324s, p50=4, p90=13, p99=25
nexmark_src_bufEntry_0 stats (2450 samples): dur=10.005552601s, p50=501, p90=506, p99=509
nexmark_src_bufSize_0 stats (2450 samples): dur=10.005566294s, p50=130878, p90=131035, p99=131068
srcGen_0 stats (881022 samples): dur=10.012226959s, p50=4, p90=13, p99=25
nexmark_src_bufEntry_0 stats (2443 samples): dur=10.00437804s, p50=499, p90=503, p99=505
nexmark_src_bufSize_0 stats (2443 samples): dur=10.004367521s, p50=130886, p90=131031, p99=131069
srcGen_0 stats (881090 samples): dur=10.012295517s, p50=4, p90=13, p99=25
nexmark_src_bufEntry_0 stats (2439 samples): dur=10.000908751s, p50=500, p90=503, p99=505
nexmark_src_bufSize_0 stats (2439 samples): dur=10.000908176s, p50=130873, p90=131032, p99=131067
srcGen_0 stats (881056 samples): dur=10.012888265s, p50=4, p90=14, p99=26
nexmark_src_bufEntry_0 stats (2444 samples): dur=10.005014592s, p50=499, p90=503, p99=505
nexmark_src_bufSize_0 stats (2444 samples): dur=10.005107252s, p50=130877, p90=131034, p99=131068
srcGen_0 stats (881175 samples): dur=10.011950322s, p50=4, p90=13, p99=25
nexmark_src_bufEntry_0 stats (2456 samples): dur=10.004865607s, p50=499, p90=503, p99=505
nexmark_src_bufSize_0 stats (2456 samples): dur=10.004775035s, p50=130880, p90=131033, p99=131068
srcGen_0 stats (881113 samples): dur=10.012887146s, p50=4, p90=13, p99=26
nexmark_src_bufEntry_0 stats (2448 samples): dur=10.000613497s, p50=499, p90=503, p99=505
nexmark_src_bufSize_0 stats (2448 samples): dur=10.000612085s, p50=130876, p90=131032, p99=131068
srcGen_0 stats (881116 samples): dur=10.012290545s, p50=4, p90=13, p99=26
nexmark_src_bufEntry_0 stats (2458 samples): dur=10.00309224s, p50=499, p90=503, p99=505
nexmark_src_bufSize_0 stats (2458 samples): dur=10.003108112s, p50=130875, p90=131032, p99=131068
srcGen_0 stats (881039 samples): dur=10.0110437s, p50=4, p90=13, p99=25
nexmark_src_bufEntry_0 stats (2453 samples): dur=10.004281189s, p50=499, p90=503, p99=505
nexmark_src_bufSize_0 stats (2453 samples): dur=10.004264165s, p50=130879, p90=131029, p99=131068
srcGen_0 stats (880925 samples): dur=10.01282642s, p50=4, p90=13, p99=25
nexmark_src_bufEntry_0 stats (2423 samples): dur=10.0003142s, p50=499, p90=503, p99=505
nexmark_src_bufSize_0 stats (2423 samples): dur=10.000310241s, p50=130884, p90=131039, p99=131068
srcGen_0 stats (881105 samples): dur=10.012241584s, p50=4, p90=13, p99=26
nexmark_src_bufEntry_0 stats (2430 samples): dur=10.001661684s, p50=499, p90=503, p99=505
nexmark_src_bufSize_0 stats (2430 samples): dur=10.001778391s, p50=130877, p90=131034, p99=131068
srcGen_0 stats (881182 samples): dur=10.012196653s, p50=4, p90=13, p99=26
nexmark_src_bufEntry_0 stats (2441 samples): dur=10.003811693s, p50=499, p90=503, p99=505
nexmark_src_bufSize_0 stats (2441 samples): dur=10.003701777s, p50=130880, p90=131036, p99=131067
srcGen_0 stats (881057 samples): dur=10.013461846s, p50=4, p90=13, p99=26
nexmark_src_bufEntry_0 stats (2432 samples): dur=10.002642348s, p50=499, p90=503, p99=506
nexmark_src_bufSize_0 stats (2432 samples): dur=10.002689248s, p50=130879, p90=131032, p99=131066
srcGen_0 stats (880289 samples): dur=10.012084298s, p50=4, p90=13, p99=26
nexmark_src_bufEntry_0 stats (2443 samples): dur=10.001648195s, p50=499, p90=503, p99=505
nexmark_src_bufSize_0 stats (2443 samples): dur=10.001597186s, p50=130876, p90=131032, p99=131066
srcGen_0 stats (881976 samples): dur=10.011382321s, p50=4, p90=13, p99=25
nexmark_src_bufEntry_0 stats (2438 samples): dur=10.00118016s, p50=499, p90=503, p99=506
nexmark_src_bufSize_0 stats (2438 samples): dur=10.001178717s, p50=130875, p90=131033, p99=131069
srcGen_0 stats (880968 samples): dur=10.012028955s, p50=4, p90=13, p99=25
[0] chkmngr has terminated
generate stream end mark with tag: 404b3c06f60bdf00
[0] all stopped
