wait for last: true, sink max_buf_size: 131072
warmup: 0
config: map[NodeConstraint:"1,2,3,4" NumInstance:8 OutputTopicName:["nexmark_src"] funcName:"source"]
config: map[InputTopicNames:["nexmark_src"] NodeConstraint:"5,6,7,8" NumInstance:8 NumSrcProducer:[1] OutputTopicName:["q8_aucsBySellerID_out","q8_personsByID_out"] funcName:"q8GroupBy"]
config: map[Final:true InputTopicNames:["q8_aucsBySellerID_out","q8_personsByID_out"] NodeConstraint:"5,6,7,8" NumInstance:8 NumSrcProducer:[8,8] OutputTopicName:["q8_out"] funcName:"q8JoinStream"]
srcInvokeConfig: &{FinalTpNames:[q8_out] TopicName:nexmark_src AppId:q8 NodeConstraint:1,2,3,4 AdditionalBytes:0 ScaleEpoch:0 NumOutPartition:8 InstanceID:0 NumSrcInstance:8}
cliNodes: [0xc0000261c0 0xc000026200]
inParamsMap: map[q8GroupBy:[0xc00007eaa0 0xc00007eb40 0xc00007ebe0 0xc00007ec80 0xc00007ed20 0xc00007edc0 0xc00007ee60 0xc00007ef00] q8JoinStream:[0xc00007efa0 0xc00007f040 0xc00007f0e0 0xc00007f180 0xc00007f220 0xc00007f2c0 0xc00007f360 0xc00007f400]]
configScaleInput: &{Config:map[changelog:8 nexmark_src:8 q8GroupBy:8 q8JoinStream:8 q8_aucsBySellerID_out:8 q8_out:8 q8_personsByID_out:8 source:8] AppId:q8 FuncNames:[source q8GroupBy q8JoinStream] BufMaxSize:131072 ScaleEpoch:0 SerdeFormat:1 Bootstrap:false}
encoded json is {"sg":{"changelog":8,"nexmark_src":8,"q8GroupBy":8,"q8JoinStream":8,"q8_aucsBySellerID_out":8,"q8_out":8,"q8_personsByID_out":8,"source":8},"aid":"q8","fns":["source","q8GroupBy","q8JoinStream"],"bufMaxSize":131072,"epoch":1,"serdeFormat":1,"bs":true}, node constraint is 1
func source url is http://ip-172-31-15-62.us-east-2.compute.internal:8080/function/source
func source url is http://ip-172-31-15-62.us-east-2.compute.internal:8080/function/source
src instance: 8
func source url is http://ip-172-31-15-62.us-east-2.compute.internal:8080/function/source
func source url is http://ip-172-31-15-62.us-east-2.compute.internal:8080/function/source
func source url is http://ip-172-31-15-62.us-east-2.compute.internal:8080/function/source
encoded json is {"topic_name":"nexmark_src","rate_shape":"square","aid":"q8","events_num":20160000,"rate_period":10000000000,"finOutTpNs":["q8_out"],"first_event_rate":112000,"next_event_rate":112000,"bid_avg_size":100,"person_avg_size":200,"auction_avg_size":500,"duration":180,"person_proportion":1,"auction_proportion":3,"bid_proportion":46,"bid_hot_ratio_auctions":2,"bid_hot_ratio_bidders":4,"auction_hot_ratio_sellers":4,"flushms":100,"bufMaxSize":131072,"commEveryMs":100,"rate_limited":false,"waitEnd":true,"serde_format":1,"numOutPar":8,"parNum":7,"nSrcIns":8,"gua":2}, node constraint is 1,2,3,4
encoded json is {"topic_name":"nexmark_src","rate_shape":"square","aid":"q8","events_num":20160000,"rate_period":10000000000,"finOutTpNs":["q8_out"],"first_event_rate":112000,"next_event_rate":112000,"bid_avg_size":100,"person_avg_size":200,"auction_avg_size":500,"duration":180,"person_proportion":1,"auction_proportion":3,"bid_proportion":46,"bid_hot_ratio_auctions":2,"bid_hot_ratio_bidders":4,"auction_hot_ratio_sellers":4,"flushms":100,"bufMaxSize":131072,"commEveryMs":100,"rate_limited":false,"waitEnd":true,"serde_format":1,"numOutPar":8,"parNum":1,"nSrcIns":8,"gua":2}, node constraint is 1,2,3,4
encoded json is {"topic_name":"nexmark_src","rate_shape":"square","aid":"q8","events_num":20160000,"rate_period":10000000000,"finOutTpNs":["q8_out"],"first_event_rate":112000,"next_event_rate":112000,"bid_avg_size":100,"person_avg_size":200,"auction_avg_size":500,"duration":180,"person_proportion":1,"auction_proportion":3,"bid_proportion":46,"bid_hot_ratio_auctions":2,"bid_hot_ratio_bidders":4,"auction_hot_ratio_sellers":4,"flushms":100,"bufMaxSize":131072,"commEveryMs":100,"rate_limited":false,"waitEnd":true,"serde_format":1,"numOutPar":8,"parNum":3,"nSrcIns":8,"gua":2}, node constraint is 1,2,3,4
func source url is http://ip-172-31-15-62.us-east-2.compute.internal:8080/function/source
encoded json is {"topic_name":"nexmark_src","rate_shape":"square","aid":"q8","events_num":20160000,"rate_period":10000000000,"finOutTpNs":["q8_out"],"first_event_rate":112000,"next_event_rate":112000,"bid_avg_size":100,"person_avg_size":200,"auction_avg_size":500,"duration":180,"person_proportion":1,"auction_proportion":3,"bid_proportion":46,"bid_hot_ratio_auctions":2,"bid_hot_ratio_bidders":4,"auction_hot_ratio_sellers":4,"flushms":100,"bufMaxSize":131072,"commEveryMs":100,"rate_limited":false,"waitEnd":true,"serde_format":1,"numOutPar":8,"parNum":4,"nSrcIns":8,"gua":2}, node constraint is 1,2,3,4
encoded json is {"topic_name":"nexmark_src","rate_shape":"square","aid":"q8","events_num":20160000,"rate_period":10000000000,"finOutTpNs":["q8_out"],"first_event_rate":112000,"next_event_rate":112000,"bid_avg_size":100,"person_avg_size":200,"auction_avg_size":500,"duration":180,"person_proportion":1,"auction_proportion":3,"bid_proportion":46,"bid_hot_ratio_auctions":2,"bid_hot_ratio_bidders":4,"auction_hot_ratio_sellers":4,"flushms":100,"bufMaxSize":131072,"commEveryMs":100,"rate_limited":false,"waitEnd":true,"serde_format":1,"numOutPar":8,"parNum":6,"nSrcIns":8,"gua":2}, node constraint is 1,2,3,4
encoded json is {"topic_name":"nexmark_src","rate_shape":"square","aid":"q8","events_num":20160000,"rate_period":10000000000,"finOutTpNs":["q8_out"],"first_event_rate":112000,"next_event_rate":112000,"bid_avg_size":100,"person_avg_size":200,"auction_avg_size":500,"duration":180,"person_proportion":1,"auction_proportion":3,"bid_proportion":46,"bid_hot_ratio_auctions":2,"bid_hot_ratio_bidders":4,"auction_hot_ratio_sellers":4,"flushms":100,"bufMaxSize":131072,"commEveryMs":100,"rate_limited":false,"waitEnd":true,"serde_format":1,"numOutPar":8,"parNum":2,"nSrcIns":8,"gua":2}, node constraint is 1,2,3,4
func source url is http://ip-172-31-15-62.us-east-2.compute.internal:8080/function/source
encoded json is {"topic_name":"nexmark_src","rate_shape":"square","aid":"q8","events_num":20160000,"rate_period":10000000000,"finOutTpNs":["q8_out"],"first_event_rate":112000,"next_event_rate":112000,"bid_avg_size":100,"person_avg_size":200,"auction_avg_size":500,"duration":180,"person_proportion":1,"auction_proportion":3,"bid_proportion":46,"bid_hot_ratio_auctions":2,"bid_hot_ratio_bidders":4,"auction_hot_ratio_sellers":4,"flushms":100,"bufMaxSize":131072,"commEveryMs":100,"rate_limited":false,"waitEnd":true,"serde_format":1,"numOutPar":8,"nSrcIns":8,"gua":2}, node constraint is 1,2,3,4
func source url is http://ip-172-31-15-62.us-east-2.compute.internal:8080/function/source
encoded json is {"topic_name":"nexmark_src","rate_shape":"square","aid":"q8","events_num":20160000,"rate_period":10000000000,"finOutTpNs":["q8_out"],"first_event_rate":112000,"next_event_rate":112000,"bid_avg_size":100,"person_avg_size":200,"auction_avg_size":500,"duration":180,"person_proportion":1,"auction_proportion":3,"bid_proportion":46,"bid_hot_ratio_auctions":2,"bid_hot_ratio_bidders":4,"auction_hot_ratio_sellers":4,"flushms":100,"bufMaxSize":131072,"commEveryMs":100,"rate_limited":false,"waitEnd":true,"serde_format":1,"numOutPar":8,"parNum":5,"nSrcIns":8,"gua":2}, node constraint is 1,2,3,4
func name is q8GroupBy
Waiting for all client to return
func url is http://ip-172-31-15-62.us-east-2.compute.internal:8080/function/q8GroupBy
func name is q8GroupBy
func url is http://ip-172-31-15-62.us-east-2.compute.internal:8080/function/q8GroupBy
func name is q8GroupBy
func url is http://ip-172-31-15-62.us-east-2.compute.internal:8080/function/q8GroupBy
func name is q8GroupBy
func url is http://ip-172-31-15-62.us-east-2.compute.internal:8080/function/q8GroupBy
func name is q8GroupBy
func url is http://ip-172-31-15-62.us-east-2.compute.internal:8080/function/q8GroupBy
func name is q8GroupBy
func url is http://ip-172-31-15-62.us-east-2.compute.internal:8080/function/q8GroupBy
func name is q8GroupBy
func url is http://ip-172-31-15-62.us-east-2.compute.internal:8080/function/q8GroupBy
func name is q8JoinStream
func url is http://ip-172-31-15-62.us-east-2.compute.internal:8080/function/q8JoinStream
func name is q8JoinStream
encoded json is {"aid":"q8","numOutPartition":"CAg=","numSubstreamProducer":"AQ==","outputTopicName":["q8_aucsBySellerID_out","q8_personsByID_out"],"inputTopicName":["nexmark_src"],"commEveryMs":100,"flushMs":100,"snapEveryS":10,"duration":180,"bufMaxSize":131072,"epoch":1,"waitEnd":true,"numChangelogPartition":8,"numInPartition":8,"ParNum":1,"gua":2,"serdeFormat":1}, node constraint is 5,6,7,8
encoded json is {"aid":"q8","numOutPartition":"CA==","numSubstreamProducer":"CAg=","outputTopicName":["q8_out"],"inputTopicName":["q8_aucsBySellerID_out","q8_personsByID_out"],"commEveryMs":100,"flushMs":100,"snapEveryS":10,"duration":180,"bufMaxSize":131072,"epoch":1,"waitEnd":true,"numChangelogPartition":8,"numInPartition":8,"gua":2,"serdeFormat":1}, node constraint is 5,6,7,8
encoded json is {"aid":"q8","numOutPartition":"CAg=","numSubstreamProducer":"AQ==","outputTopicName":["q8_aucsBySellerID_out","q8_personsByID_out"],"inputTopicName":["nexmark_src"],"commEveryMs":100,"flushMs":100,"snapEveryS":10,"duration":180,"bufMaxSize":131072,"epoch":1,"waitEnd":true,"numChangelogPartition":8,"numInPartition":8,"ParNum":4,"gua":2,"serdeFormat":1}, node constraint is 5,6,7,8
encoded json is {"aid":"q8","numOutPartition":"CAg=","numSubstreamProducer":"AQ==","outputTopicName":["q8_aucsBySellerID_out","q8_personsByID_out"],"inputTopicName":["nexmark_src"],"commEveryMs":100,"flushMs":100,"snapEveryS":10,"duration":180,"bufMaxSize":131072,"epoch":1,"waitEnd":true,"numChangelogPartition":8,"numInPartition":8,"ParNum":5,"gua":2,"serdeFormat":1}, node constraint is 5,6,7,8
encoded json is {"aid":"q8","numOutPartition":"CA==","numSubstreamProducer":"CAg=","outputTopicName":["q8_out"],"inputTopicName":["q8_aucsBySellerID_out","q8_personsByID_out"],"commEveryMs":100,"flushMs":100,"snapEveryS":10,"duration":180,"bufMaxSize":131072,"epoch":1,"waitEnd":true,"numChangelogPartition":8,"numInPartition":8,"ParNum":7,"gua":2,"serdeFormat":1}, node constraint is 5,6,7,8
encoded json is {"aid":"q8","numOutPartition":"CA==","numSubstreamProducer":"CAg=","outputTopicName":["q8_out"],"inputTopicName":["q8_aucsBySellerID_out","q8_personsByID_out"],"commEveryMs":100,"flushMs":100,"snapEveryS":10,"duration":180,"bufMaxSize":131072,"epoch":1,"waitEnd":true,"numChangelogPartition":8,"numInPartition":8,"ParNum":4,"gua":2,"serdeFormat":1}, node constraint is 5,6,7,8
encoded json is {"aid":"q8","numOutPartition":"CAg=","numSubstreamProducer":"AQ==","outputTopicName":["q8_aucsBySellerID_out","q8_personsByID_out"],"inputTopicName":["nexmark_src"],"commEveryMs":100,"flushMs":100,"snapEveryS":10,"duration":180,"bufMaxSize":131072,"epoch":1,"waitEnd":true,"numChangelogPartition":8,"numInPartition":8,"ParNum":6,"gua":2,"serdeFormat":1}, node constraint is 5,6,7,8
encoded json is {"aid":"q8","numOutPartition":"CAg=","numSubstreamProducer":"AQ==","outputTopicName":["q8_aucsBySellerID_out","q8_personsByID_out"],"inputTopicName":["nexmark_src"],"commEveryMs":100,"flushMs":100,"snapEveryS":10,"duration":180,"bufMaxSize":131072,"epoch":1,"waitEnd":true,"numChangelogPartition":8,"numInPartition":8,"ParNum":2,"gua":2,"serdeFormat":1}, node constraint is 5,6,7,8
encoded json is {"aid":"q8","numOutPartition":"CAg=","numSubstreamProducer":"AQ==","outputTopicName":["q8_aucsBySellerID_out","q8_personsByID_out"],"inputTopicName":["nexmark_src"],"commEveryMs":100,"flushMs":100,"snapEveryS":10,"duration":180,"bufMaxSize":131072,"epoch":1,"waitEnd":true,"numChangelogPartition":8,"numInPartition":8,"gua":2,"serdeFormat":1}, node constraint is 5,6,7,8
encoded json is {"aid":"q8","numOutPartition":"CA==","numSubstreamProducer":"CAg=","outputTopicName":["q8_out"],"inputTopicName":["q8_aucsBySellerID_out","q8_personsByID_out"],"commEveryMs":100,"flushMs":100,"snapEveryS":10,"duration":180,"bufMaxSize":131072,"epoch":1,"waitEnd":true,"numChangelogPartition":8,"numInPartition":8,"ParNum":1,"gua":2,"serdeFormat":1}, node constraint is 5,6,7,8
encoded json is {"aid":"q8","numOutPartition":"CAg=","numSubstreamProducer":"AQ==","outputTopicName":["q8_aucsBySellerID_out","q8_personsByID_out"],"inputTopicName":["nexmark_src"],"commEveryMs":100,"flushMs":100,"snapEveryS":10,"duration":180,"bufMaxSize":131072,"epoch":1,"waitEnd":true,"numChangelogPartition":8,"numInPartition":8,"ParNum":3,"gua":2,"serdeFormat":1}, node constraint is 5,6,7,8
encoded json is {"aid":"q8","numOutPartition":"CA==","numSubstreamProducer":"CAg=","outputTopicName":["q8_out"],"inputTopicName":["q8_aucsBySellerID_out","q8_personsByID_out"],"commEveryMs":100,"flushMs":100,"snapEveryS":10,"duration":180,"bufMaxSize":131072,"epoch":1,"waitEnd":true,"numChangelogPartition":8,"numInPartition":8,"ParNum":6,"gua":2,"serdeFormat":1}, node constraint is 5,6,7,8
encoded json is {"aid":"q8","numOutPartition":"CA==","numSubstreamProducer":"CAg=","outputTopicName":["q8_out"],"inputTopicName":["q8_aucsBySellerID_out","q8_personsByID_out"],"commEveryMs":100,"flushMs":100,"snapEveryS":10,"duration":180,"bufMaxSize":131072,"epoch":1,"waitEnd":true,"numChangelogPartition":8,"numInPartition":8,"ParNum":3,"gua":2,"serdeFormat":1}, node constraint is 5,6,7,8
encoded json is {"aid":"q8","numOutPartition":"CA==","numSubstreamProducer":"CAg=","outputTopicName":["q8_out"],"inputTopicName":["q8_aucsBySellerID_out","q8_personsByID_out"],"commEveryMs":100,"flushMs":100,"snapEveryS":10,"duration":180,"bufMaxSize":131072,"epoch":1,"waitEnd":true,"numChangelogPartition":8,"numInPartition":8,"ParNum":5,"gua":2,"serdeFormat":1}, node constraint is 5,6,7,8
encoded json is {"aid":"q8","numOutPartition":"CAg=","numSubstreamProducer":"AQ==","outputTopicName":["q8_aucsBySellerID_out","q8_personsByID_out"],"inputTopicName":["nexmark_src"],"commEveryMs":100,"flushMs":100,"snapEveryS":10,"duration":180,"bufMaxSize":131072,"epoch":1,"waitEnd":true,"numChangelogPartition":8,"numInPartition":8,"ParNum":7,"gua":2,"serdeFormat":1}, node constraint is 5,6,7,8
func name is q8JoinStream
func url is http://ip-172-31-15-62.us-east-2.compute.internal:8080/function/q8JoinStream
func url is http://ip-172-31-15-62.us-east-2.compute.internal:8080/function/q8JoinStream
func name is q8JoinStream
func url is http://ip-172-31-15-62.us-east-2.compute.internal:8080/function/q8JoinStream
func name is q8JoinStream
func url is http://ip-172-31-15-62.us-east-2.compute.internal:8080/function/q8JoinStream
func name is q8JoinStream
func name is q8GroupBy
func url is http://ip-172-31-15-62.us-east-2.compute.internal:8080/function/q8JoinStream
func url is http://ip-172-31-15-62.us-east-2.compute.internal:8080/function/q8GroupBy
func name is q8JoinStream
func url is http://ip-172-31-15-62.us-east-2.compute.internal:8080/function/q8JoinStream
func name is q8JoinStream
func url is http://ip-172-31-15-62.us-east-2.compute.internal:8080/function/q8JoinStream
encoded json is {"aid":"q8","numOutPartition":"CA==","numSubstreamProducer":"CAg=","outputTopicName":["q8_out"],"inputTopicName":["q8_aucsBySellerID_out","q8_personsByID_out"],"commEveryMs":100,"flushMs":100,"snapEveryS":10,"duration":180,"bufMaxSize":131072,"epoch":1,"waitEnd":true,"numChangelogPartition":8,"numInPartition":8,"ParNum":2,"gua":2,"serdeFormat":1}, node constraint is 5,6,7,8
source-7 invoke done
source-0 invoke done
source-4 invoke done
source-3 invoke done
source-5 invoke done
source-6 invoke done
source-1 invoke done
source-2 invoke done
q8GroupBy-4 call done
q8GroupBy-5 call done
q8GroupBy-3 call done
q8GroupBy-7 call done
q8GroupBy-6 call done
q8GroupBy-1 call done
q8GroupBy-2 call done
q8GroupBy-0 call done
q8JoinStream-0 call done
q8JoinStream-5 call done
q8JoinStream-4 call done
q8JoinStream-1 call done
q8JoinStream-2 call done
q8JoinStream-3 call done
q8JoinStream-6 call done
q8JoinStream-7 call done
sink processed: 2520001, throughput: (event/s) 13999.844238072594
sink_ctrl processed: 1, throughput: (event/s) 0.005555491540706767
source-0 duration: 180.002074105

sink processed: 2520000, throughput: (event/s) 13999.796005939108
sink_ctrl processed: 1, throughput: (event/s) 0.005555474605531392
source-1 duration: 180.002622819

sink processed: 2520001, throughput: (event/s) 13999.76751968616
sink_ctrl processed: 1, throughput: (event/s) 0.005555461096914707
source-2 duration: 180.003060512

sink processed: 2520001, throughput: (event/s) 13999.81631980503
sink_ctrl processed: 1, throughput: (event/s) 0.005555480462033559
source-3 duration: 180.002433063

sink processed: 2520001, throughput: (event/s) 13999.754712228325
sink_ctrl processed: 1, throughput: (event/s) 0.005555456014592187
source-4 duration: 180.003225185

sink processed: 2519994, throughput: (event/s) 13999.636400855456
sink_ctrl processed: 1, throughput: (event/s) 0.005555424497381921
source-5 duration: 180.004246385

sink processed: 2520001, throughput: (event/s) 13999.856683024014
sink_ctrl processed: 1, throughput: (event/s) 0.005555496479177593
source-6 duration: 180.001914095

sink processed: 2520001, throughput: (event/s) 13999.813806716867
sink_ctrl processed: 1, throughput: (event/s) 0.005555479464776747
source-7 duration: 180.002465375

sink processed 20160000 events, duration: 180.004246385, tp: 111997.357867
sink_ctrl processed 8 events, duration: 180.004246385, tp: 0.044443

nexmark_src_src processed: 2520001, throughput: (event/s) 13992.943124369025
nexmark_src_src_ctrl processed: 1, throughput: (event/s) 0.005552753004609532
nexmark_src_src_data processed: 2520000, throughput: (event/s) 13992.937571616021
nexmark_src_src_epoch processed: 0, throughput: (event/s) 0
nexmark_src_src_logEntry processed: 5269, throughput: (event/s) 29.257455581287623
personsByIDSink processed: 50400, throughput: (event/s) 279.8587514323204
auctionsBySellerIDSink processed: 151200, throughput: (event/s) 839.5762542969612
q8GroupBy-0 duration: 180.09084848

nexmark_src_src_ctrl processed: 1, throughput: (event/s) 0.005553109029683642
nexmark_src_src_data processed: 2519999, throughput: (event/s) 13993.82920169375
nexmark_src_src_epoch processed: 0, throughput: (event/s) 0
nexmark_src_src_logEntry processed: 5272, throughput: (event/s) 29.275990804492164
personsByIDSink processed: 50400, throughput: (event/s) 279.8766950960556
auctionsBySellerIDSink processed: 151199, throughput: (event/s) 839.6245321791371
nexmark_src_src processed: 2520000, throughput: (event/s) 13993.83475480278
q8GroupBy-1 duration: 180.079302361

nexmark_src_src_data processed: 2520000, throughput: (event/s) 13993.361315081065
nexmark_src_src_epoch processed: 0, throughput: (event/s) 0
nexmark_src_src_logEntry processed: 5279, throughput: (event/s) 29.31387078663212
personsByIDSink processed: 50400, throughput: (event/s) 279.8672263016213
auctionsBySellerIDSink processed: 151200, throughput: (event/s) 839.6016789048639
nexmark_src_src processed: 2520001, throughput: (event/s) 13993.366868002222
nexmark_src_src_ctrl processed: 1, throughput: (event/s) 0.0055529211567782
q8GroupBy-2 duration: 180.085395014

nexmark_src_src_epoch processed: 0, throughput: (event/s) 0
nexmark_src_src_logEntry processed: 5279, throughput: (event/s) 29.317125906940024
personsByIDSink processed: 50400, throughput: (event/s) 279.89830379044844
auctionsBySellerIDSink processed: 151200, throughput: (event/s) 839.6949113713453
nexmark_src_src processed: 2520001, throughput: (event/s) 13994.920743060195
nexmark_src_src_ctrl processed: 1, throughput: (event/s) 0.005553537773620008
nexmark_src_src_data processed: 2520000, throughput: (event/s) 13994.91518952242
q8GroupBy-3 duration: 180.065399888

nexmark_src_src_logEntry processed: 5270, throughput: (event/s) 29.2679690663955
personsByIDSink processed: 50400, throughput: (event/s) 279.906193727957
auctionsBySellerIDSink processed: 151200, throughput: (event/s) 839.7185811838709
nexmark_src_src processed: 2520001, throughput: (event/s) 13995.315240092168
nexmark_src_src_ctrl processed: 1, throughput: (event/s) 0.005553694319999146
nexmark_src_src_data processed: 2520000, throughput: (event/s) 13995.309686397848
nexmark_src_src_epoch processed: 0, throughput: (event/s) 0
q8GroupBy-4 duration: 180.060324242

nexmark_src_src_logEntry processed: 5269, throughput: (event/s) 29.26184199652849
personsByIDSink processed: 50399, throughput: (event/s) 279.89515558607695
auctionsBySellerIDSink processed: 151199, throughput: (event/s) 839.6965739292297
nexmark_src_src processed: 2519994, throughput: (event/s) 13995.002137065821
nexmark_src_src_ctrl processed: 1, throughput: (event/s) 0.005553585499436039
nexmark_src_src_data processed: 2519993, throughput: (event/s) 13994.996583480322
nexmark_src_src_epoch processed: 0, throughput: (event/s) 0
q8GroupBy-5 duration: 180.063852461

nexmark_src_src_ctrl processed: 1, throughput: (event/s) 0.005553135021620119
nexmark_src_src_data processed: 2520000, throughput: (event/s) 13993.900254482698
nexmark_src_src_epoch processed: 0, throughput: (event/s) 0
nexmark_src_src_logEntry processed: 5262, throughput: (event/s) 29.220596483765064
personsByIDSink processed: 50400, throughput: (event/s) 279.878005089654
auctionsBySellerIDSink processed: 151200, throughput: (event/s) 839.6340152689619
nexmark_src_src processed: 2520001, throughput: (event/s) 13993.90580761772
q8GroupBy-6 duration: 180.078459484

nexmark_src_src_data processed: 2520000, throughput: (event/s) 13993.712447898954
nexmark_src_src_epoch processed: 0, throughput: (event/s) 0
nexmark_src_src_logEntry processed: 5263, throughput: (event/s) 29.22575738622706
personsByIDSink processed: 50400, throughput: (event/s) 279.8742489579791
auctionsBySellerIDSink processed: 151200, throughput: (event/s) 839.6227468739372
nexmark_src_src processed: 2520001, throughput: (event/s) 13993.718000959449
nexmark_src_src_ctrl processed: 1, throughput: (event/s) 0.0055530604951979975
q8GroupBy-7 duration: 180.080876278

nexmark_src_src processed 20160000 events, duration: 180.09084848
nexmark_src_src_ctrl processed 8 events, duration: 180.09084848
nexmark_src_src_data processed 20159992 events, duration: 180.09084848
nexmark_src_src_epoch processed 0 events, duration: 180.09084848
nexmark_src_src_logEntry processed 42163 events, duration: 180.09084848
personsByIDSink processed 403199 events, duration: 180.09084848
auctionsBySellerIDSink processed 1209598 events, duration: 180.09084848

eventTimeLatency_sink, p50: 139 ms, p90: 222 ms, p99: 303 ms
personsByIDSrc_epoch processed: 11175, throughput: (event/s) 62.04805929807758
personsByIDSrc_logEntry processed: 11175, throughput: (event/s) 62.04805929807758
sink processed: 1081684, throughput: (event/s) 6005.94120570754
personsByIDSrc_ctrl processed: 8, throughput: (event/s) 0.04441919233866851
auctionsBySellerIDSrc_data processed: 135143, throughput: (event/s) 750.3678637780849
personsByIDSrc processed: 61623, throughput: (event/s) 342.15548618572126
auctionsBySellerIDSrc processed: 146051, throughput: (event/s) 810.9334325318595
auctionsBySellerIDSrc_epoch processed: 10900, throughput: (event/s) 60.521149561435855
personsByIDSrc_data processed: 50440, throughput: (event/s) 280.063007695305
auctionsBySellerIDSrc_ctrl processed: 8, throughput: (event/s) 0.04441919233866851
auctionsBySellerIDSrc_logEntry processed: 10900, throughput: (event/s) 60.521149561435855
q8JoinStream-0 duration: 180.102329169

eventTimeLatency_sink, p50: 135 ms, p90: 219 ms, p99: 313 ms
auctionsBySellerIDSrc_epoch processed: 10919, throughput: (event/s) 60.62782799369867
auctionsBySellerIDSrc_logEntry processed: 10919, throughput: (event/s) 60.62782799369867
personsByIDSrc_epoch processed: 11189, throughput: (event/s) 62.12700498410976
auctionsBySellerIDSrc processed: 171355, throughput: (event/s) 951.4499007107095
auctionsBySellerIDSrc_data processed: 160428, throughput: (event/s) 890.7776526580357
personsByIDSrc processed: 61701, throughput: (event/s) 342.5952573531644
sink processed: 1284154, throughput: (event/s) 7130.274551645767
personsByIDSrc_logEntry processed: 11189, throughput: (event/s) 62.12700498410976
personsByIDSrc_data processed: 50504, throughput: (event/s) 280.4238323100795
auctionsBySellerIDSrc_ctrl processed: 8, throughput: (event/s) 0.04442005897514328
personsByIDSrc_ctrl processed: 8, throughput: (event/s) 0.04442005897514328
q8JoinStream-1 duration: 180.098815368

eventTimeLatency_sink, p50: 140 ms, p90: 226 ms, p99: 318 ms
auctionsBySellerIDSrc_epoch processed: 10962, throughput: (event/s) 60.86606985565947
personsByIDSrc processed: 62051, throughput: (event/s) 344.53571434168265
personsByIDSrc_data processed: 50880, throughput: (event/s) 282.509180282426
personsByIDSrc_epoch processed: 11163, throughput: (event/s) 61.98211437682235
auctionsBySellerIDSrc processed: 162922, throughput: (event/s) 904.6179376960182
auctionsBySellerIDSrc_data processed: 151952, throughput: (event/s) 843.7074481579244
personsByIDSrc_ctrl processed: 8, throughput: (event/s) 0.04441968243434371
auctionsBySellerIDSrc_ctrl processed: 8, throughput: (event/s) 0.04441968243434371
auctionsBySellerIDSrc_logEntry processed: 10962, throughput: (event/s) 60.86606985565947
personsByIDSrc_logEntry processed: 11163, throughput: (event/s) 61.98211437682235
sink processed: 1216361, throughput: (event/s) 6753.796168190093
q8JoinStream-2 duration: 180.100342046

eventTimeLatency_sink, p50: 137 ms, p90: 202 ms, p99: 292 ms
auctionsBySellerIDSrc_ctrl processed: 8, throughput: (event/s) 0.04441818231284723
auctionsBySellerIDSrc_epoch processed: 10936, throughput: (event/s) 60.71965522166216
personsByIDSrc_data processed: 50007, throughput: (event/s) 277.6525053648189
personsByIDSrc_epoch processed: 11210, throughput: (event/s) 62.24097796587718
auctionsBySellerIDSrc_data processed: 168676, throughput: (event/s) 936.5351649752274
personsByIDSrc processed: 61225, throughput: (event/s) 339.9379015130089
personsByIDSrc_ctrl processed: 8, throughput: (event/s) 0.04441818231284723
personsByIDSrc_logEntry processed: 11210, throughput: (event/s) 62.24097796587718
auctionsBySellerIDSrc_logEntry processed: 10936, throughput: (event/s) 60.71965522166216
sink processed: 1350384, throughput: (event/s) 7497.700338043986
auctionsBySellerIDSrc processed: 179620, throughput: (event/s) 997.2992383792024
q8JoinStream-3 duration: 180.106424519

eventTimeLatency_sink, p50: 135 ms, p90: 203 ms, p99: 297 ms
personsByIDSrc_epoch processed: 11138, throughput: (event/s) 61.84125424129168
auctionsBySellerIDSrc_logEntry processed: 10886, throughput: (event/s) 60.44208059532242
personsByIDSrc processed: 60914, throughput: (event/s) 338.21136297845584
personsByIDSrc_ctrl processed: 8, throughput: (event/s) 0.04441821098315078
auctionsBySellerIDSrc processed: 159474, throughput: (event/s) 885.4437222908734
auctionsBySellerIDSrc_ctrl processed: 8, throughput: (event/s) 0.04441821098315078
auctionsBySellerIDSrc_data processed: 148580, throughput: (event/s) 824.9572234845679
personsByIDSrc_logEntry processed: 11138, throughput: (event/s) 61.84125424129168
sink processed: 1174913, throughput: (event/s) 6523.441690105829
personsByIDSrc_data processed: 49768, throughput: (event/s) 276.325690526181
auctionsBySellerIDSrc_epoch processed: 10886, throughput: (event/s) 60.44208059532242
q8JoinStream-4 duration: 180.106308267

eventTimeLatency_sink, p50: 134 ms, p90: 198 ms, p99: 275 ms
personsByIDSrc_ctrl processed: 8, throughput: (event/s) 0.04441808094286029
auctionsBySellerIDSrc_epoch processed: 10860, throughput: (event/s) 60.29754487993284
personsByIDSrc_data processed: 50064, throughput: (event/s) 277.9683505404197
auctionsBySellerIDSrc processed: 148958, throughput: (event/s) 827.0535626358229
auctionsBySellerIDSrc_logEntry processed: 10860, throughput: (event/s) 60.29754487993284
personsByIDSrc_logEntry processed: 11109, throughput: (event/s) 61.68005764927937
sink processed: 1105341, throughput: (event/s) 6137.140750932766
auctionsBySellerIDSrc_ctrl processed: 8, throughput: (event/s) 0.04441808094286029
auctionsBySellerIDSrc_data processed: 138090, throughput: (event/s) 766.7115996749471
personsByIDSrc_epoch processed: 11109, throughput: (event/s) 61.68005764927937
personsByIDSrc processed: 61181, throughput: (event/s) 339.69282627064194
q8JoinStream-5 duration: 180.106835554

eventTimeLatency_sink, p50: 137 ms, p90: 210 ms, p99: 302 ms
personsByIDSrc_logEntry processed: 11186, throughput: (event/s) 62.10724473468347
personsByIDSrc_epoch processed: 11186, throughput: (event/s) 62.10724473468347
auctionsBySellerIDSrc_ctrl processed: 8, throughput: (event/s) 0.044417839967590536
auctionsBySellerIDSrc_logEntry processed: 10924, throughput: (event/s) 60.65256047574488
personsByIDSrc processed: 61034, throughput: (event/s) 338.8748055727401
auctionsBySellerIDSrc_epoch processed: 10924, throughput: (event/s) 60.65256047574488
auctionsBySellerIDSrc processed: 154556, throughput: (event/s) 858.1304592538654
auctionsBySellerIDSrc_data processed: 143624, throughput: (event/s) 797.4334809381529
personsByIDSrc_data processed: 49840, throughput: (event/s) 276.72314299808903
personsByIDSrc_ctrl processed: 8, throughput: (event/s) 0.044417839967590536
sink processed: 1149814, throughput: (event/s) 6384.031780561893
q8JoinStream-6 duration: 180.107812668

eventTimeLatency_sink, p50: 136 ms, p90: 206 ms, p99: 289 ms
auctionsBySellerIDSrc_data processed: 163105, throughput: (event/s) 905.4501838710099
auctionsBySellerIDSrc_logEntry processed: 11003, throughput: (event/s) 61.081318004553644
personsByIDSrc_ctrl processed: 8, throughput: (event/s) 0.04441066473111235
personsByIDSrc processed: 62886, throughput: (event/s) 349.10113278509135
personsByIDSrc_data processed: 51696, throughput: (event/s) 286.98171549244796
personsByIDSrc_epoch processed: 11182, throughput: (event/s) 62.07500662791228
auctionsBySellerIDSrc processed: 174116, throughput: (event/s) 966.5759125402947
auctionsBySellerIDSrc_epoch processed: 11003, throughput: (event/s) 61.081318004553644
personsByIDSrc_logEntry processed: 11182, throughput: (event/s) 62.07500662791228
sink processed: 1305691, throughput: (event/s) 7248.325655428851
auctionsBySellerIDSrc_ctrl processed: 8, throughput: (event/s) 0.04441066473111235
q8JoinStream-7 duration: 180.136911898

personsByIDSrc_epoch processed 89352 events, duration: 180.136911898
sink processed 9668342 events, duration: 180.136911898
auctionsBySellerIDSrc_data processed 1209598 events, duration: 180.136911898
personsByIDSrc processed 492615 events, duration: 180.136911898
personsByIDSrc_data processed 403199 events, duration: 180.136911898
personsByIDSrc_logEntry processed 89352 events, duration: 180.136911898
personsByIDSrc_ctrl processed 64 events, duration: 180.136911898
auctionsBySellerIDSrc processed 1297052 events, duration: 180.136911898
auctionsBySellerIDSrc_epoch processed 87390 events, duration: 180.136911898
auctionsBySellerIDSrc_ctrl processed 64 events, duration: 180.136911898
auctionsBySellerIDSrc_logEntry processed 87390 events, duration: 180.136911898

