wait for last: true
warmup: 0
config: map[NodeConstraint:"1,2,3,4" NumInstance:4 OutputTopicName:["nexmark_src"] funcName:"source"]
config: map[InputTopicNames:["nexmark_src"] NodeConstraint:"5,6,7,8" NumInstance:4 NumSrcProducer:[1] OutputTopicName:["q46_aucsByID","q46_bidsByAucID"] funcName:"q46GroupBy"]
config: map[InputTopicNames:["q46_aucsByID","q46_bidsByAucID"] NodeConstraint:"5,6,7,8" NumInstance:4 NumSrcProducer:[4,4] OutputTopicName:["q4_aucIDCat"] funcName:"q4JoinStream"]
config: map[InputTopicNames:["q4_aucIDCat"] NodeConstraint:"5,6,7,8" NumInstance:4 NumSrcProducer:[1] OutputTopicName:["q4_maxBids"] funcName:"q4MaxBid"]
config: map[InputTopicNames:["q4_maxBids"] NodeConstraint:"5,6,7,8" NumInstance:4 NumSrcProducer:[4] OutputTopicName:["q4_out"] funcName:"q4Avg"]
srcInvokeConfig: {TopicName:nexmark_src AppId:q4 NodeConstraint:1,2,3,4 ScaleEpoch:0 NumOutPartition:4 InstanceID:0 NumSrcInstance:4}
cliNodes: [0xc0000ce220 0xc0000ce280 0xc0000ce2c0 0xc0000ce320]
inParamsMap: map[q46GroupBy:[0xc0000b2b40 0xc0000b2be0 0xc0000b2c80 0xc0000b2d20] q4Avg:[0xc0000b32c0 0xc0000b3360 0xc0000b3400 0xc0000b34a0] q4JoinStream:[0xc0000b2dc0 0xc0000b2e60 0xc0000b2f00 0xc0000b2fa0] q4MaxBid:[0xc0000b3040 0xc0000b30e0 0xc0000b3180 0xc0000b3220]]
configScaleInput: {Config:map[changelog:4 nexmark_src:4 q46GroupBy:4 q46_aucsByID:4 q46_bidsByAucID:4 q4Avg:4 q4JoinStream:4 q4MaxBid:4 q4_aucIDCat:4 q4_maxBids:4 q4_out:4 source:4] AppId:q4 FuncNames:[source q46GroupBy q4JoinStream q4MaxBid q4Avg] ScaleEpoch:0 SerdeFormat:1 Bootstrap:false}
encoded json is {"sg":{"changelog":4,"nexmark_src":4,"q46GroupBy":4,"q46_aucsByID":4,"q46_bidsByAucID":4,"q4Avg":4,"q4JoinStream":4,"q4MaxBid":4,"q4_aucIDCat":4,"q4_maxBids":4,"q4_out":4,"source":4},"aid":"q4","fns":["source","q46GroupBy","q4JoinStream","q4MaxBid","q4Avg"],"epoch":1,"serdeFormat":1,"bs":true}, node constraint is 1
func source url is http://ip-172-31-7-74.us-east-2.compute.internal:8080/function/source
func source url is http://ip-172-31-7-74.us-east-2.compute.internal:8080/function/source
src instance: 4
func source url is http://ip-172-31-7-74.us-east-2.compute.internal:8080/function/source
func source url is http://ip-172-31-7-74.us-east-2.compute.internal:8080/function/source
encoded json is {"topic_name":"nexmark_src","rate_shape":"square","aid":"q4","events_num":900000,"rate_period":10000000000,"bid_avg_size":100,"first_event_rate":5000,"next_event_rate":5000,"person_avg_size":200,"auction_avg_size":500,"duration":180,"person_proportion":1,"auction_proportion":3,"bid_proportion":46,"bid_hot_ratio_auctions":2,"bid_hot_ratio_bidders":4,"auction_hot_ratio_sellers":4,"flushms":100,"rate_limited":false,"waitEnd":true,"serde_format":1,"numOutPar":4,"parNum":1,"nSrcIns":4}, node constraint is 1,2,3,4
encoded json is {"topic_name":"nexmark_src","rate_shape":"square","aid":"q4","events_num":900000,"rate_period":10000000000,"bid_avg_size":100,"first_event_rate":5000,"next_event_rate":5000,"person_avg_size":200,"auction_avg_size":500,"duration":180,"person_proportion":1,"auction_proportion":3,"bid_proportion":46,"bid_hot_ratio_auctions":2,"bid_hot_ratio_bidders":4,"auction_hot_ratio_sellers":4,"flushms":100,"rate_limited":false,"waitEnd":true,"serde_format":1,"numOutPar":4,"nSrcIns":4}, node constraint is 1,2,3,4
encoded json is {"topic_name":"nexmark_src","rate_shape":"square","aid":"q4","events_num":900000,"rate_period":10000000000,"bid_avg_size":100,"first_event_rate":5000,"next_event_rate":5000,"person_avg_size":200,"auction_avg_size":500,"duration":180,"person_proportion":1,"auction_proportion":3,"bid_proportion":46,"bid_hot_ratio_auctions":2,"bid_hot_ratio_bidders":4,"auction_hot_ratio_sellers":4,"flushms":100,"rate_limited":false,"waitEnd":true,"serde_format":1,"numOutPar":4,"parNum":2,"nSrcIns":4}, node constraint is 1,2,3,4
encoded json is {"topic_name":"nexmark_src","rate_shape":"square","aid":"q4","events_num":900000,"rate_period":10000000000,"bid_avg_size":100,"first_event_rate":5000,"next_event_rate":5000,"person_avg_size":200,"auction_avg_size":500,"duration":180,"person_proportion":1,"auction_proportion":3,"bid_proportion":46,"bid_hot_ratio_auctions":2,"bid_hot_ratio_bidders":4,"auction_hot_ratio_sellers":4,"flushms":100,"rate_limited":false,"waitEnd":true,"serde_format":1,"numOutPar":4,"parNum":3,"nSrcIns":4}, node constraint is 1,2,3,4
func name is q46GroupBy
func url is http://ip-172-31-7-74.us-east-2.compute.internal:8080/function/q46GroupBy
Waiting for all client to return
func name is q4JoinStream
func name is q4Avg
func url is http://ip-172-31-7-74.us-east-2.compute.internal:8080/function/q4JoinStream
func name is q4JoinStream
func url is http://ip-172-31-7-74.us-east-2.compute.internal:8080/function/q4JoinStream
func url is http://ip-172-31-7-74.us-east-2.compute.internal:8080/function/q4Avg
func name is q46GroupBy
func url is http://ip-172-31-7-74.us-east-2.compute.internal:8080/function/q46GroupBy
func name is q4MaxBid
func url is http://ip-172-31-7-74.us-east-2.compute.internal:8080/function/q4MaxBid
func name is q4MaxBid
func url is http://ip-172-31-7-74.us-east-2.compute.internal:8080/function/q4MaxBid
func name is q4Avg
func url is http://ip-172-31-7-74.us-east-2.compute.internal:8080/function/q4Avg
func name is q4MaxBid
func url is http://ip-172-31-7-74.us-east-2.compute.internal:8080/function/q4MaxBid
func name is q4Avg
func url is http://ip-172-31-7-74.us-east-2.compute.internal:8080/function/q4Avg
func name is q46GroupBy
func url is http://ip-172-31-7-74.us-east-2.compute.internal:8080/function/q46GroupBy
func name is q4Avg
func url is http://ip-172-31-7-74.us-east-2.compute.internal:8080/function/q4Avg
func name is q46GroupBy
func url is http://ip-172-31-7-74.us-east-2.compute.internal:8080/function/q46GroupBy
func name is q4JoinStream
encoded json is {"aid":"q4","numOutPartition":"BAQ=","numSubstreamProducer":"AQ==","outputTopicName":["q46_aucsByID","q46_bidsByAucID"],"inputTopicName":["nexmark_src"],"commEveryMs":100,"flushMs":100,"snapEveryS":10,"duration":180,"epoch":1,"waitEnd":true,"numChangelogPartition":4,"numInPartition":4,"gua":3,"serdeFormat":1}, node constraint is 5,6,7,8
func url is http://ip-172-31-7-74.us-east-2.compute.internal:8080/function/q4JoinStream
encoded json is {"aid":"q4","numOutPartition":"BA==","numSubstreamProducer":"BAQ=","outputTopicName":["q4_aucIDCat"],"inputTopicName":["q46_aucsByID","q46_bidsByAucID"],"commEveryMs":100,"flushMs":100,"snapEveryS":10,"duration":180,"epoch":1,"waitEnd":true,"numChangelogPartition":4,"numInPartition":4,"gua":3,"serdeFormat":1}, node constraint is 5,6,7,8
func name is q4JoinStream
func url is http://ip-172-31-7-74.us-east-2.compute.internal:8080/function/q4JoinStream
encoded json is {"aid":"q4","numOutPartition":"BA==","numSubstreamProducer":"AQ==","outputTopicName":["q4_maxBids"],"inputTopicName":["q4_aucIDCat"],"commEveryMs":100,"flushMs":100,"snapEveryS":10,"duration":180,"epoch":1,"waitEnd":true,"numChangelogPartition":4,"numInPartition":4,"ParNum":1,"gua":3,"serdeFormat":1}, node constraint is 5,6,7,8
encoded json is {"aid":"q4","numOutPartition":"BA==","numSubstreamProducer":"BAQ=","outputTopicName":["q4_aucIDCat"],"inputTopicName":["q46_aucsByID","q46_bidsByAucID"],"commEveryMs":100,"flushMs":100,"snapEveryS":10,"duration":180,"epoch":1,"waitEnd":true,"numChangelogPartition":4,"numInPartition":4,"ParNum":1,"gua":3,"serdeFormat":1}, node constraint is 5,6,7,8
encoded json is {"aid":"q4","numOutPartition":"BA==","numSubstreamProducer":"BAQ=","outputTopicName":["q4_aucIDCat"],"inputTopicName":["q46_aucsByID","q46_bidsByAucID"],"commEveryMs":100,"flushMs":100,"snapEveryS":10,"duration":180,"epoch":1,"waitEnd":true,"numChangelogPartition":4,"numInPartition":4,"ParNum":2,"gua":3,"serdeFormat":1}, node constraint is 5,6,7,8
func name is q4MaxBid
encoded json is {"aid":"q4","numOutPartition":"BA==","numSubstreamProducer":"BAQ=","outputTopicName":["q4_aucIDCat"],"inputTopicName":["q46_aucsByID","q46_bidsByAucID"],"commEveryMs":100,"flushMs":100,"snapEveryS":10,"duration":180,"epoch":1,"waitEnd":true,"numChangelogPartition":4,"numInPartition":4,"ParNum":3,"gua":3,"serdeFormat":1}, node constraint is 5,6,7,8
encoded json is {"aid":"q4","numOutPartition":"BA==","numSubstreamProducer":"AQ==","outputTopicName":["q4_maxBids"],"inputTopicName":["q4_aucIDCat"],"commEveryMs":100,"flushMs":100,"snapEveryS":10,"duration":180,"epoch":1,"waitEnd":true,"numChangelogPartition":4,"numInPartition":4,"gua":3,"serdeFormat":1}, node constraint is 5,6,7,8
func url is http://ip-172-31-7-74.us-east-2.compute.internal:8080/function/q4MaxBid
encoded json is {"aid":"q4","numOutPartition":"BA==","numSubstreamProducer":"BA==","outputTopicName":["q4_out"],"inputTopicName":["q4_maxBids"],"commEveryMs":100,"flushMs":100,"snapEveryS":10,"duration":180,"epoch":1,"waitEnd":true,"numChangelogPartition":4,"numInPartition":4,"ParNum":3,"gua":3,"serdeFormat":1}, node constraint is 5,6,7,8
encoded json is {"aid":"q4","numOutPartition":"BA==","numSubstreamProducer":"BA==","outputTopicName":["q4_out"],"inputTopicName":["q4_maxBids"],"commEveryMs":100,"flushMs":100,"snapEveryS":10,"duration":180,"epoch":1,"waitEnd":true,"numChangelogPartition":4,"numInPartition":4,"gua":3,"serdeFormat":1}, node constraint is 5,6,7,8
encoded json is {"aid":"q4","numOutPartition":"BA==","numSubstreamProducer":"AQ==","outputTopicName":["q4_maxBids"],"inputTopicName":["q4_aucIDCat"],"commEveryMs":100,"flushMs":100,"snapEveryS":10,"duration":180,"epoch":1,"waitEnd":true,"numChangelogPartition":4,"numInPartition":4,"ParNum":3,"gua":3,"serdeFormat":1}, node constraint is 5,6,7,8
encoded json is {"aid":"q4","numOutPartition":"BA==","numSubstreamProducer":"AQ==","outputTopicName":["q4_maxBids"],"inputTopicName":["q4_aucIDCat"],"commEveryMs":100,"flushMs":100,"snapEveryS":10,"duration":180,"epoch":1,"waitEnd":true,"numChangelogPartition":4,"numInPartition":4,"ParNum":2,"gua":3,"serdeFormat":1}, node constraint is 5,6,7,8
encoded json is {"aid":"q4","numOutPartition":"BAQ=","numSubstreamProducer":"AQ==","outputTopicName":["q46_aucsByID","q46_bidsByAucID"],"inputTopicName":["nexmark_src"],"commEveryMs":100,"flushMs":100,"snapEveryS":10,"duration":180,"epoch":1,"waitEnd":true,"numChangelogPartition":4,"numInPartition":4,"ParNum":1,"gua":3,"serdeFormat":1}, node constraint is 5,6,7,8
encoded json is {"aid":"q4","numOutPartition":"BA==","numSubstreamProducer":"BA==","outputTopicName":["q4_out"],"inputTopicName":["q4_maxBids"],"commEveryMs":100,"flushMs":100,"snapEveryS":10,"duration":180,"epoch":1,"waitEnd":true,"numChangelogPartition":4,"numInPartition":4,"ParNum":1,"gua":3,"serdeFormat":1}, node constraint is 5,6,7,8
encoded json is {"aid":"q4","numOutPartition":"BA==","numSubstreamProducer":"BA==","outputTopicName":["q4_out"],"inputTopicName":["q4_maxBids"],"commEveryMs":100,"flushMs":100,"snapEveryS":10,"duration":180,"epoch":1,"waitEnd":true,"numChangelogPartition":4,"numInPartition":4,"ParNum":2,"gua":3,"serdeFormat":1}, node constraint is 5,6,7,8
encoded json is {"aid":"q4","numOutPartition":"BAQ=","numSubstreamProducer":"AQ==","outputTopicName":["q46_aucsByID","q46_bidsByAucID"],"inputTopicName":["nexmark_src"],"commEveryMs":100,"flushMs":100,"snapEveryS":10,"duration":180,"epoch":1,"waitEnd":true,"numChangelogPartition":4,"numInPartition":4,"ParNum":2,"gua":3,"serdeFormat":1}, node constraint is 5,6,7,8
encoded json is {"aid":"q4","numOutPartition":"BAQ=","numSubstreamProducer":"AQ==","outputTopicName":["q46_aucsByID","q46_bidsByAucID"],"inputTopicName":["nexmark_src"],"commEveryMs":100,"flushMs":100,"snapEveryS":10,"duration":180,"epoch":1,"waitEnd":true,"numChangelogPartition":4,"numInPartition":4,"ParNum":3,"gua":3,"serdeFormat":1}, node constraint is 5,6,7,8
source-1 invoke done
source-0 invoke done
source-2 invoke done
q46GroupBy-1 call done
q46GroupBy-0 call done
source-3 invoke done
q46GroupBy-2 call done
q46GroupBy-3 call done
q4JoinStream-0 call done
q4MaxBid-0 call done
q4JoinStream-1 call done
q4MaxBid-1 call done
q4JoinStream-2 call done
q4MaxBid-2 call done
q4JoinStream-3 call done
q4MaxBid-3 call done
q4Avg-0 call done
q4Avg-2 call done
q4Avg-1 call done
q4Avg-3 call done
sink processed: 225001, throughput: (event/s) 1249.986973346431
sink_ctrl processed: 1, throughput: (event/s) 0.0055554729683265
source-0 duration: 180.002675866

sink processed: 225001, throughput: (event/s) 1249.9879610027915
sink_ctrl processed: 1, throughput: (event/s) 0.0055554773578908164
source-1 duration: 180.00253364

sink processed: 225001, throughput: (event/s) 1249.9853545005753
sink_ctrl processed: 1, throughput: (event/s) 0.005555465773488008
source-2 duration: 180.002908986

sink processed: 225001, throughput: (event/s) 1249.980607171784
sink_ctrl processed: 1, throughput: (event/s) 0.00555544467434271
source-3 duration: 180.003592623

sink processed 900004 events, duration: 180.003592623, tp: 4999.922429
sink_ctrl processed 4 events, duration: 180.003592623, tp: 0.022222

bidsByAucIDSink processed: 207000, throughput: (event/s) 1149.7954474422688
nexmark_src_src processed: 225001, throughput: (event/s) 1249.7832148307148
nexmark_src_src_ctrl processed: 1, throughput: (event/s) 0.005554567378948159
nexmark_src_src_data processed: 225000, throughput: (event/s) 1249.7776602633357
nexmark_src_src_epoch processed: 0, throughput: (event/s) 0
nexmark_src_src_logEntry processed: 1761, throughput: (event/s) 9.781593154327707
aucsByIDSink processed: 13500, throughput: (event/s) 74.98665961580015
q46GroupBy-0 duration: 180.032022618

aucsByIDSink processed: 13500, throughput: (event/s) 74.98599602405622
bidsByAucIDSink processed: 207000, throughput: (event/s) 1149.785272368862
nexmark_src_src processed: 225001, throughput: (event/s) 1249.772154919161
nexmark_src_src_ctrl processed: 1, throughput: (event/s) 0.005554518224004165
nexmark_src_src_data processed: 225000, throughput: (event/s) 1249.766600400937
nexmark_src_src_epoch processed: 0, throughput: (event/s) 0
nexmark_src_src_logEntry processed: 1761, throughput: (event/s) 9.781506592471334
q46GroupBy-1 duration: 180.033615819

nexmark_src_src_epoch processed: 0, throughput: (event/s) 0
nexmark_src_src_logEntry processed: 1764, throughput: (event/s) 9.797552463077338
aucsByIDSink processed: 13500, throughput: (event/s) 74.98126885008166
bidsByAucIDSink processed: 207000, throughput: (event/s) 1149.7127890345855
nexmark_src_src processed: 225001, throughput: (event/s) 1249.6933683360908
nexmark_src_src_ctrl processed: 1, throughput: (event/s) 0.005554168062969012
nexmark_src_src_data processed: 225000, throughput: (event/s) 1249.6878141680277
q46GroupBy-2 duration: 180.04496599

nexmark_src_src_ctrl processed: 1, throughput: (event/s) 0.005554280441775126
nexmark_src_src_data processed: 225000, throughput: (event/s) 1249.7130993994033
nexmark_src_src_epoch processed: 0, throughput: (event/s) 0
nexmark_src_src_logEntry processed: 1765, throughput: (event/s) 9.803304979733097
aucsByIDSink processed: 13500, throughput: (event/s) 74.9827859639642
bidsByAucIDSink processed: 207000, throughput: (event/s) 1149.736051447451
nexmark_src_src processed: 225001, throughput: (event/s) 1249.7186536798451
q46GroupBy-3 duration: 180.041323171

nexmark_src_src_logEntry processed 7051 events, duration: 180.04496599
aucsByIDSink processed 54000 events, duration: 180.04496599
bidsByAucIDSink processed 828000 events, duration: 180.04496599
nexmark_src_src processed 900004 events, duration: 180.04496599
nexmark_src_src_ctrl processed 4 events, duration: 180.04496599
nexmark_src_src_data processed 900000 events, duration: 180.04496599
nexmark_src_src_epoch processed 0 events, duration: 180.04496599

aucsByIDSrc_data processed: 13424, throughput: (event/s) 71.81840757101752
aucsByIDSrc processed: 18835, throughput: (event/s) 100.76726062277376
aucsByIDSrc_ctrl processed: 4, throughput: (event/s) 0.021400002255964695
bidsByAucIDSrc_data processed: 191568, throughput: (event/s) 1024.8889080426613
bidsByAucIDSrc_epoch processed: 6068, throughput: (event/s) 32.46380342229845
aucsByIDSrc_epoch processed: 5407, throughput: (event/s) 28.92745304950028
aucsByIDSrc_logEntry processed: 5407, throughput: (event/s) 28.92745304950028
bidsByAucIDSrc_ctrl processed: 4, throughput: (event/s) 0.021400002255964695
bidsByAucIDSrc_logEntry processed: 6068, throughput: (event/s) 32.46380342229845
bidsByAucIDSrc processed: 197640, throughput: (event/s) 1057.3741114672157
sink processed: 535438, throughput: (event/s) 2864.593601982306
q4JoinStream-0 duration: 186.915868146

bidsByAucIDSrc_ctrl processed: 4, throughput: (event/s) 0.020152674853366692
aucsByIDSrc_ctrl processed: 4, throughput: (event/s) 0.020152674853366692
aucsByIDSrc_logEntry processed: 5475, throughput: (event/s) 27.58397370554566
bidsByAucIDSrc processed: 195251, throughput: (event/s) 983.7074794486749
bidsByAucIDSrc_epoch processed: 6068, throughput: (event/s) 30.57160775255727
sink processed: 544430, throughput: (event/s) 2742.930192604607
aucsByIDSrc_epoch processed: 5475, throughput: (event/s) 27.58397370554566
aucsByIDSrc processed: 18923, throughput: (event/s) 95.33726656256448
aucsByIDSrc_data processed: 13444, throughput: (event/s) 67.73314018216546
bidsByAucIDSrc_logEntry processed: 6068, throughput: (event/s) 30.57160775255727
bidsByAucIDSrc_data processed: 189179, throughput: (event/s) 953.1157190212643
q4JoinStream-1 duration: 198.484817976

bidsByAucIDSrc_epoch processed: 6068, throughput: (event/s) 29.979746984102036
bidsByAucIDSrc_logEntry processed: 6068, throughput: (event/s) 29.979746984102036
bidsByAucIDSrc processed: 211559, throughput: (event/s) 1045.2348866528746
bidsByAucIDSrc_data processed: 205487, throughput: (event/s) 1015.2353771460407
aucsByIDSrc processed: 19049, throughput: (event/s) 94.11407387939349
bidsByAucIDSrc_ctrl processed: 4, throughput: (event/s) 0.01976252273177458
aucsByIDSrc_data processed: 13620, throughput: (event/s) 67.29138990169244
aucsByIDSrc_logEntry processed: 5425, throughput: (event/s) 26.802921454969272
sink processed: 602374, throughput: (event/s) 2976.107467007495
aucsByIDSrc_ctrl processed: 4, throughput: (event/s) 0.01976252273177458
aucsByIDSrc_epoch processed: 5425, throughput: (event/s) 26.802921454969272
q4JoinStream-2 duration: 202.403309248

bidsByAucIDSrc_ctrl processed: 4, throughput: (event/s) 0.019704345774274885
bidsByAucIDSrc processed: 247838, throughput: (event/s) 1220.8714120011848
bidsByAucIDSrc_epoch processed: 6068, throughput: (event/s) 29.891492539575
aucsByIDSrc processed: 18963, throughput: (event/s) 93.41337722939367
bidsByAucIDSrc_data processed: 241766, throughput: (event/s) 1190.9602151158356
bidsByAucIDSrc_logEntry processed: 6068, throughput: (event/s) 29.891492539575
aucsByIDSrc_logEntry processed: 5447, throughput: (event/s) 26.832392858118826
aucsByIDSrc_ctrl processed: 4, throughput: (event/s) 0.019704345774274885
aucsByIDSrc_data processed: 13512, throughput: (event/s) 66.56128002550057
aucsByIDSrc_epoch processed: 5447, throughput: (event/s) 26.832392858118826
sink processed: 698526, throughput: (event/s) 3440.999459080285
q4JoinStream-3 duration: 203.000903751

aucsByIDSrc_ctrl processed 16 events, duration: 203.000903751
bidsByAucIDSrc_epoch processed 24272 events, duration: 203.000903751
aucsByIDSrc_epoch processed 21754 events, duration: 203.000903751
aucsByIDSrc_logEntry processed 21754 events, duration: 203.000903751
bidsByAucIDSrc_logEntry processed 24272 events, duration: 203.000903751
aucsByIDSrc_data processed 54000 events, duration: 203.000903751
aucsByIDSrc processed 75770 events, duration: 203.000903751
bidsByAucIDSrc_data processed 828000 events, duration: 203.000903751
bidsByAucIDSrc_ctrl processed 16 events, duration: 203.000903751
bidsByAucIDSrc processed 852288 events, duration: 203.000903751
sink processed 2380768 events, duration: 203.000903751

q4_aucIDCat_src_logEntry processed: 1340, throughput: (event/s) 7.167980861366826
sink processed: 116667, throughput: (event/s) 624.0797187709578
q4_aucIDCat_src processed: 536587, throughput: (event/s) 2870.3323481031653
q4_aucIDCat_src_ctrl processed: 1, throughput: (event/s) 0.005349239448781214
q4_aucIDCat_src_data processed: 535438, throughput: (event/s) 2864.1860719765154
q4_aucIDCat_src_epoch processed: 1148, throughput: (event/s) 6.140926887200833
q4MaxBid-0 duration: 186.942463424

q4_aucIDCat_src_logEntry processed: 1403, throughput: (event/s) 7.067746555971628
sink processed: 107608, throughput: (event/s) 542.0855818923699
q4_aucIDCat_src processed: 545610, throughput: (event/s) 2748.5625077716895
q4_aucIDCat_src_ctrl processed: 1, throughput: (event/s) 0.005037595549516485
q4_aucIDCat_src_data processed: 544430, throughput: (event/s) 2742.61814502326
q4_aucIDCat_src_epoch processed: 1179, throughput: (event/s) 5.939325152879936
q4MaxBid-1 duration: 198.507401035

q4_aucIDCat_src_epoch processed: 1190, throughput: (event/s) 5.878691854737532
q4_aucIDCat_src_logEntry processed: 1470, throughput: (event/s) 7.261913467616951
sink processed: 100440, throughput: (event/s) 496.1813528486031
q4_aucIDCat_src processed: 603565, throughput: (event/s) 2981.6576884913097
q4_aucIDCat_src_ctrl processed: 1, throughput: (event/s) 0.004940077188855069
q4_aucIDCat_src_data processed: 602374, throughput: (event/s) 2975.774056559383
q4MaxBid-2 duration: 202.425986836

q4_aucIDCat_src_ctrl processed: 1, throughput: (event/s) 0.004925591055861045
q4_aucIDCat_src_data processed: 698526, throughput: (event/s) 3440.653417886392
q4_aucIDCat_src_epoch processed: 1145, throughput: (event/s) 5.639801758960896
q4_aucIDCat_src_logEntry processed: 1513, throughput: (event/s) 7.452419267517761
sink processed: 103398, throughput: (event/s) 509.29626399392026
q4_aucIDCat_src processed: 699672, throughput: (event/s) 3446.298145236409
q4MaxBid-3 duration: 203.021320418

q4_aucIDCat_src_data processed 2380768 events, duration: 203.021320418
q4_aucIDCat_src_epoch processed 4662 events, duration: 203.021320418
q4_aucIDCat_src_logEntry processed 5726 events, duration: 203.021320418
sink processed 428113 events, duration: 203.021320418
q4_aucIDCat_src processed 2385434 events, duration: 203.021320418
q4_aucIDCat_src_ctrl processed 4 events, duration: 203.021320418

eventTimeLatency_sink, p50: 179 ms, p90: 302 ms, p99: 6490 ms
q4_maxBids_src processed: 88939, throughput: (event/s) 438.07183312713215
q4_maxBids_src_ctrl processed: 4, throughput: (event/s) 0.01970212541751682
q4_maxBids_src_data processed: 84000, throughput: (event/s) 413.74463376785326
q4_maxBids_src_epoch processed: 4935, throughput: (event/s) 24.307497233861376
q4_maxBids_src_logEntry processed: 4935, throughput: (event/s) 24.307497233861376
sink processed: 84000, throughput: (event/s) 413.74463376785326
q4Avg-0 duration: 203.023781203

eventTimeLatency_sink, p50: 179 ms, p90: 290 ms, p99: 6370 ms
q4_maxBids_src processed: 90796, throughput: (event/s) 447.2162641930734
q4_maxBids_src_ctrl processed: 4, throughput: (event/s) 0.019702024943524975
q4_maxBids_src_data processed: 85877, throughput: (event/s) 422.9876990187736
q4_maxBids_src_epoch processed: 4915, throughput: (event/s) 24.20886314935631
q4_maxBids_src_logEntry processed: 4915, throughput: (event/s) 24.20886314935631
sink processed: 85877, throughput: (event/s) 422.9876990187736
q4Avg-1 duration: 203.024816559

eventTimeLatency_sink, p50: 179 ms, p90: 289 ms, p99: 6353 ms
sink processed: 85850, throughput: (event/s) 422.85058367904713
q4_maxBids_src processed: 90768, throughput: (event/s) 447.0739869467647
q4_maxBids_src_ctrl processed: 4, throughput: (event/s) 0.01970183266996143
q4_maxBids_src_data processed: 85850, throughput: (event/s) 422.85058367904713
q4_maxBids_src_epoch processed: 4914, throughput: (event/s) 24.203701435047613
q4_maxBids_src_logEntry processed: 4914, throughput: (event/s) 24.203701435047613
q4Avg-2 duration: 203.026797913

eventTimeLatency_sink, p50: 179 ms, p90: 296 ms, p99: 6361 ms
sink processed: 172386, throughput: (event/s) 849.0800872244855
q4_maxBids_src processed: 177409, throughput: (event/s) 873.820665218804
q4_maxBids_src_ctrl processed: 4, throughput: (event/s) 0.01970183395924229
q4_maxBids_src_data processed: 172386, throughput: (event/s) 849.0800872244855
q4_maxBids_src_epoch processed: 5019, throughput: (event/s) 24.720876160359268
q4_maxBids_src_logEntry processed: 5019, throughput: (event/s) 24.720876160359268
q4Avg-3 duration: 203.026784627

q4_maxBids_src_epoch processed 19783 events, duration: 203.026797913
q4_maxBids_src_logEntry processed 19783 events, duration: 203.026797913
sink processed 428113 events, duration: 203.026797913
q4_maxBids_src processed 447912 events, duration: 203.026797913
q4_maxBids_src_ctrl processed 16 events, duration: 203.026797913
q4_maxBids_src_data processed 428113 events, duration: 203.026797913

