parallel restore str: , false
env str: , async2ndPhase: false
env str: , create snapshot: false
2024/03/03 12:47:53 [INFO] Load configuration for function scale[40]
2024/03/03 12:47:53 [INFO] Load configuration for function chkptmngr[50]
2024/03/03 12:47:53 [INFO] Load configuration for function redisSetup[70]
2024/03/03 12:47:53 [INFO] Load configuration for function source[20]
2024/03/03 12:47:53 [INFO] Load configuration for function query2[30]
2024/03/03 12:47:53 [INFO] Parse FAAS_ENGINE_ID: 4
2024/03/03 12:47:53 [INFO] Parse FAAS_ENGINE_ID: 4
2024/03/03 12:47:53 [INFO] Current GOMAXPROCS is 2
2024/03/03 12:47:53 [INFO] Parse FAAS_ENGINE_ID: 4
2024/03/03 12:47:53 [INFO] Current GOMAXPROCS is 3
2024/03/03 12:47:53 [INFO] Parse FAAS_ENGINE_ID: 4
2024/03/03 12:47:53 [INFO] Start new FuncWorker with client id 6
2024/03/03 12:47:53 [INFO] Current GOMAXPROCS is 4
2024/03/03 12:47:53 [INFO] Start new FuncWorker with client id 9
2024/03/03 12:47:53 [INFO] Start new FuncWorker with client id 7
2024/03/03 12:47:53 [INFO] Start new FuncWorker with client id 8
Enter nexmark: funcName: source
2024/03/03 12:47:53 [INFO] Handshake with engine done
Enter nexmark: funcName: source
Enter nexmark: funcName: source
2024/03/03 12:47:53 [INFO] Handshake with engine done
2024/03/03 12:47:53 [INFO] Handshake with engine done
Enter nexmark: funcName: source
2024/03/03 12:47:53 [INFO] Handshake with engine done
redis address is [snapcache-1:6666 snapcache-2:6666 snapcache-3:6666 snapcache-4:6666]
new buffered sink stream nexmark_src[0] with bufMaxSize 131072
new buffered sink stream nexmark_src[1] with bufMaxSize 131072
new buffered sink stream nexmark_src[2] with bufMaxSize 131072
new buffered sink stream nexmark_src[3] with bufMaxSize 131072
Generator config: 
	InterEventDelayUs: [11.363636363636363]
	EventPerEpoch    : 0
	MaxEvents        : 63360000
	FirstEventNumber : 1
	EpochPeriodMs    : 0
	StepLengthSec    : 5
	BaseTime         : 1709470207468
	FirstEventId     : 1
	TotalProportion  : 50
	BidProportion    : 46
	AuctionProportion: 3
	PersonProportion : 1
Nexmark config: 
	NumEvents            : 63360000
	NumEventGenerators   : 4
	RateShape            : 0
	FirstEventRate       : 352000
	NextEventRate        : 352000
	RateUnit             : 1000000
	RatePeriodSec        : 10
	PreloadSeconds       : 0
	StreamTimeout        : 240
	IsRateLimited        : false
	UseWallclockEventTime: false
	AvgPersonByteSize    : 200
	AvgAuctionByteSize   : 500
	AvgBidByteSize       : 100
	HotAuctionRatio      : 2
	HotSellersRatio      : 4
	HotBiddersRatio      : 4
	WindowSizeSec        : 10
	WindowPeriodSec      : 5
	WatermarkHoldbackSec : 0
	NumInFlightAuctions  : 100
	NumActivePeople      : 1000
	OccasionalDelaySec   : 3
	ProbDelayedEvent     : 0.1
	OutOfOrderGroupSize  : 1
Input config: 
	SrcTopicName   : nexmark_src
	AppId          : q2
	FinalOutTpNames: [q2_out]
	Duration(s)    : 180
	FlushMs        : 10
	BufMaxSize     : 131072
	CommitEveryMs  : 100
	WaitForEndMark : true
	SerdeFormat    : MSGP
	NumOutPartition: 4
	ParNum         : 1
	NumSrcInstance : 4
	Guarantee      : ALIGN_CHKPT
new buffered sink stream __control_log_q2[0] with bufMaxSize 131072
new buffered sink stream __control_log_q2[0] with bufMaxSize 131072
generate events to [1]
StartTs: 1709470207468
gen first chkpt
srcGen_1 stats (879973 samples): dur=10.012119268s, p50=4, p90=13, p99=25
nexmark_src_bufEntry_1 stats (2372 samples): dur=10.006595176s, p50=506, p90=511, p99=514
nexmark_src_bufSize_1 stats (2372 samples): dur=10.006711575s, p50=130875, p90=131032, p99=131069
nexmark_src_bufEntry_1 stats (2383 samples): dur=10.004757507s, p50=503, p90=508, p99=512
nexmark_src_bufSize_1 stats (2383 samples): dur=10.004808313s, p50=130873, p90=131030, p99=131068
srcGen_1 stats (880948 samples): dur=10.013473831s, p50=4, p90=14, p99=26
nexmark_src_bufEntry_1 stats (2392 samples): dur=10.002708722s, p50=503, p90=507, p99=509
nexmark_src_bufSize_1 stats (2392 samples): dur=10.002697517s, p50=130871, p90=131033, p99=131068
srcGen_1 stats (881339 samples): dur=10.012507141s, p50=4, p90=13, p99=26
nexmark_src_bufEntry_1 stats (2407 samples): dur=10.004440786s, p50=501, p90=506, p99=509
nexmark_src_bufSize_1 stats (2407 samples): dur=10.004415563s, p50=130876, p90=131039, p99=131066
srcGen_1 stats (881031 samples): dur=10.014884822s, p50=4, p90=13, p99=26
nexmark_src_bufEntry_1 stats (2398 samples): dur=10.000934349s, p50=499, p90=503, p99=505
nexmark_src_bufSize_1 stats (2398 samples): dur=10.000922762s, p50=130872, p90=131032, p99=131069
srcGen_1 stats (881373 samples): dur=10.013809293s, p50=4, p90=13, p99=26
nexmark_src_bufEntry_1 stats (2405 samples): dur=10.000424337s, p50=499, p90=503, p99=505
nexmark_src_bufSize_1 stats (2405 samples): dur=10.000426262s, p50=130877, p90=131033, p99=131067
srcGen_1 stats (881232 samples): dur=10.012512674s, p50=4, p90=14, p99=26
nexmark_src_bufEntry_1 stats (2403 samples): dur=10.005197636s, p50=499, p90=503, p99=505
nexmark_src_bufSize_1 stats (2403 samples): dur=10.00520127s, p50=130874, p90=131030, p99=131068
srcGen_1 stats (881136 samples): dur=10.011614099s, p50=4, p90=13, p99=26
nexmark_src_bufEntry_1 stats (2423 samples): dur=10.003754779s, p50=499, p90=503, p99=505
nexmark_src_bufSize_1 stats (2423 samples): dur=10.003782245s, p50=130884, p90=131035, p99=131068
srcGen_1 stats (880934 samples): dur=10.011461046s, p50=4, p90=13, p99=25
nexmark_src_bufEntry_1 stats (2426 samples): dur=10.002021363s, p50=499, p90=503, p99=505
nexmark_src_bufSize_1 stats (2426 samples): dur=10.002023593s, p50=130882, p90=131030, p99=131067
srcGen_1 stats (881020 samples): dur=10.011879974s, p50=4, p90=13, p99=26
nexmark_src_bufEntry_1 stats (2433 samples): dur=10.000602378s, p50=499, p90=503, p99=505
nexmark_src_bufSize_1 stats (2433 samples): dur=10.00056742s, p50=130880, p90=131035, p99=131069
srcGen_1 stats (881036 samples): dur=10.014351275s, p50=4, p90=13, p99=26
nexmark_src_bufEntry_1 stats (2423 samples): dur=10.004329909s, p50=499, p90=503, p99=505
nexmark_src_bufSize_1 stats (2423 samples): dur=10.004333092s, p50=130878, p90=131031, p99=131068
srcGen_1 stats (881274 samples): dur=10.011513254s, p50=4, p90=13, p99=26
nexmark_src_bufEntry_1 stats (2401 samples): dur=10.003565515s, p50=499, p90=503, p99=505
nexmark_src_bufSize_1 stats (2401 samples): dur=10.003588565s, p50=130875, p90=131032, p99=131067
srcGen_1 stats (881024 samples): dur=10.012180614s, p50=4, p90=14, p99=26
nexmark_src_bufEntry_1 stats (2430 samples): dur=10.006131564s, p50=499, p90=503, p99=505
nexmark_src_bufSize_1 stats (2430 samples): dur=10.006104518s, p50=130882, p90=131029, p99=131066
srcGen_1 stats (881083 samples): dur=10.01234917s, p50=4, p90=13, p99=25
nexmark_src_bufEntry_1 stats (2431 samples): dur=10.004870296s, p50=499, p90=503, p99=505
nexmark_src_bufSize_1 stats (2431 samples): dur=10.00487127s, p50=130882, p90=131034, p99=131068
srcGen_1 stats (881066 samples): dur=10.012035427s, p50=4, p90=14, p99=26
nexmark_src_bufEntry_1 stats (2446 samples): dur=10.003781292s, p50=499, p90=503, p99=505
nexmark_src_bufSize_1 stats (2446 samples): dur=10.003784002s, p50=130877, p90=131034, p99=131068
srcGen_1 stats (881062 samples): dur=10.01623472s, p50=4, p90=14, p99=26
nexmark_src_bufEntry_1 stats (2426 samples): dur=10.000239131s, p50=499, p90=502, p99=505
nexmark_src_bufSize_1 stats (2426 samples): dur=10.000237431s, p50=130873, p90=131033, p99=131069
srcGen_1 stats (881453 samples): dur=10.012980137s, p50=4, p90=14, p99=26
nexmark_src_bufEntry_1 stats (2440 samples): dur=10.00494434s, p50=499, p90=503, p99=505
nexmark_src_bufSize_1 stats (2440 samples): dur=10.004948314s, p50=130877, p90=131032, p99=131069
srcGen_1 stats (881159 samples): dur=10.012215345s, p50=4, p90=14, p99=26
[1] chkmngr has terminated
generate stream end mark with tag: 404b3c06f60bdf01
[1] all stopped
