parallel restore str: , false
env str: , async2ndPhase: false
env str: , create snapshot: false
2024/03/03 21:59:55 [INFO] Load configuration for function scale[40]
2024/03/03 21:59:55 [INFO] Load configuration for function chkptmngr[50]
2024/03/03 21:59:55 [INFO] Load configuration for function redisSetup[70]
2024/03/03 21:59:55 [INFO] Load configuration for function source[20]
2024/03/03 21:59:55 [INFO] Load configuration for function query2[30]
2024/03/03 21:59:55 [INFO] Parse FAAS_ENGINE_ID: 1
2024/03/03 21:59:55 [INFO] Start new FuncWorker with client id 11
Enter nexmark: funcName: chkptmngr
2024/03/03 21:59:55 [INFO] Handshake with engine done
redis address is [snapcache-1:6666 snapcache-2:6666 snapcache-3:6666 snapcache-4:6666]
ChkptMngrInput:
	SrcTopicName         : nexmark_src
	FinalOutputTopicNames: [q2_out]
	FinalNumOutPartitions: [4]
	BufMaxSize           : 131072
	SrcNumPart           : 4
	ChkptEveryMs: 100
	Guarantee            : ALIGN_CHKPT
	SerdeFormat          : MSGP
new buffered sink stream nexmark_src[0] with bufMaxSize 131072
new buffered sink stream nexmark_src[1] with bufMaxSize 131072
new buffered sink stream nexmark_src[2] with bufMaxSize 131072
new buffered sink stream nexmark_src[3] with bufMaxSize 131072
e2eChkptElapsed(ms) stats (200 samples): dur=28.214450203s, p50=10, p90=65, p99=139
e2eChkptElapsed(ms) stats (200 samples): dur=25.585446533s, p50=10, p90=47, p99=129
e2eChkptElapsed(ms) stats (200 samples): dur=25.486053003s, p50=10, p90=57, p99=123
e2eChkptElapsed(ms) stats (200 samples): dur=24.668243979s, p50=10, p90=42, p99=81
e2eChkptElapsed(ms) stats (200 samples): dur=24.268748123s, p50=10, p90=42, p99=67
e2eChkptElapsed(ms) stats (200 samples): dur=24.012984571s, p50=10, p90=39, p99=73
e2eChkptElapsed(ms) stats (200 samples): dur=24.576804855s, p50=10, p90=56, p99=85
e2eChkptElapsed(ms) (24 samples): dur=2.930932346s, data=[9 9 10 9 10 64 9 9 15 15 16 15 90 9 10 10 10 10 10 77 9 9 9 4]
