parallel restore str: , false
env str: , async2ndPhase: false
env str: , create snapshot: false
2024/03/03 09:15:16 [INFO] Load configuration for function scale[40]
2024/03/03 09:15:16 [INFO] Load configuration for function chkptmngr[60]
2024/03/03 09:15:16 [INFO] Load configuration for function redisSetup[70]
2024/03/03 09:15:16 [INFO] Load configuration for function source[20]
2024/03/03 09:15:16 [INFO] Load configuration for function query1[30]
2024/03/03 09:15:16 [INFO] Parse FAAS_ENGINE_ID: 1
2024/03/03 09:15:16 [INFO] Start new FuncWorker with client id 11
Enter nexmark: funcName: chkptmngr
2024/03/03 09:15:16 [INFO] Handshake with engine done
redis address is [snapcache-1:6666 snapcache-2:6666 snapcache-3:6666 snapcache-4:6666]
ChkptMngrInput:
	SrcTopicName         : nexmark_src
	FinalOutputTopicNames: [q1_out]
	FinalNumOutPartitions: [4]
	BufMaxSize           : 131072
	SrcNumPart           : 4
	ChkptEveryMs: 100
	Guarantee            : ALIGN_CHKPT
	SerdeFormat          : MSGP
new buffered sink stream nexmark_src[0] with bufMaxSize 131072
new buffered sink stream nexmark_src[1] with bufMaxSize 131072
new buffered sink stream nexmark_src[2] with bufMaxSize 131072
new buffered sink stream nexmark_src[3] with bufMaxSize 131072
e2eChkptElapsed(ms) stats (200 samples): dur=1m4.632034155s, p50=128, p90=415, p99=533
e2eChkptElapsed(ms) stats (200 samples): dur=1m17.29264223s, p50=166, p90=219, p99=563
e2eChkptElapsed(ms) (97 samples): dur=38.121681692s, data=[166 171 170 117 170 316 368 123 123 123 167 134 263 170 117 166 119 171 117 170 122 170 123 170 120 166 217 171 219 176 165 166 118 166 116 166 122 171 117 165 117 165 214 166 214 169 171 485 318 365 122 170 219 157 213 166 117 166 123 167 118 166 122 173 117 171 221 321 364 169 171 117 169 122 171 122 171 123 485 484 175 215 166 165 165 117 171 121 170 117 218 434 165 166 171 531 147]
