parallel restore str: , false
env str: , async2ndPhase: false
env str: , create snapshot: false
wait for last: true, sink max_buf_size: 131072
warmup: 0
config: map[NodeConstraint:"1,2,3,4" NumInstance:4 OutputTopicName:["nexmark_src"] funcName:"source"]
config: map[InputTopicNames:["nexmark_src"] NodeConstraint:"5,6,7,8" NumInstance:4 NumSrcProducer:[1] OutputTopicName:["q8_aucsBySellerID_out","q8_personsByID_out"] funcName:"q8GroupBy"]
config: map[Final:true InputTopicNames:["q8_aucsBySellerID_out","q8_personsByID_out"] NodeConstraint:"5,6,7,8" NumInstance:4 NumSrcProducer:[4,4] OutputTopicName:["q8_out"] funcName:"q8JoinStream"]
srcInvokeConfig: &{FinalTpNames:[q8_out] TopicName:nexmark_src AppId:q8 NodeConstraint:1,2,3,4 AdditionalBytes:0 ScaleEpoch:0 NumOutPartition:4 InstanceID:0 NumSrcInstance:4}
cliNodes: [0xc0000d6dc0 0xc0000d6e20]
inParamsMap: map[q8GroupBy:[0xc0001e60c0 0xc0001e6180 0xc0001e6240 0xc0001e6300] q8JoinStream:[0xc0001e63c0 0xc0001e6480 0xc0001e6540 0xc0001e6600]]
configScaleInput: &{Config:map[changelog:4 nexmark_src:4 q8GroupBy:4 q8JoinStream:4 q8_aucsBySellerID_out:4 q8_out:4 q8_personsByID_out:4 source:4] AppId:q8 FuncNames:[source q8GroupBy q8JoinStream] BufMaxSize:131072 ScaleEpoch:0 SerdeFormat:1 Bootstrap:false}
encoded json is {"sg":{"changelog":4,"nexmark_src":4,"q8GroupBy":4,"q8JoinStream":4,"q8_aucsBySellerID_out":4,"q8_out":4,"q8_personsByID_out":4,"source":4},"aid":"q8","fns":["source","q8GroupBy","q8JoinStream"],"bufMaxSize":131072,"epoch":1,"serdeFormat":1,"bs":true}, node constraint is 1
chkptmngr url is http://ip-172-31-10-107.us-east-2.compute.internal:8080/function/chkptmngr
encoded json is {"srcTpName":"nexmark_src","outTpNames":["q8_out"],"numOutParts":"BA==","chkptEveryMs":100,"bufMaxSize":131072,"srcNumPart":4,"gua":5,"serde_format":1}, node constraint is 1
func source url is http://ip-172-31-10-107.us-east-2.compute.internal:8080/function/source
func source url is http://ip-172-31-10-107.us-east-2.compute.internal:8080/function/source
func source url is http://ip-172-31-10-107.us-east-2.compute.internal:8080/function/source
func source url is http://ip-172-31-10-107.us-east-2.compute.internal:8080/function/source
src instance: 4
encoded json is {"topic_name":"nexmark_src","rate_shape":"square","aid":"q8","engine1":"ip-172-31-5-87.us-east-2.compute.internal:6060","events_num":23040000,"rate_period":10000000000,"finOutTpNs":["q8_out"],"first_event_rate":128000,"next_event_rate":128000,"bid_avg_size":100,"person_avg_size":200,"auction_avg_size":500,"duration":180,"person_proportion":1,"auction_proportion":3,"bid_proportion":46,"bid_hot_ratio_auctions":2,"bid_hot_ratio_bidders":4,"auction_hot_ratio_sellers":4,"flushms":100,"bufMaxSize":131072,"commEveryMs":100,"rate_limited":false,"waitEnd":true,"serde_format":1,"numOutPar":4,"parNum":3,"nSrcIns":4,"gua":5}, node constraint is 1,2,3,4
encoded json is {"topic_name":"nexmark_src","rate_shape":"square","aid":"q8","engine1":"ip-172-31-5-87.us-east-2.compute.internal:6060","events_num":23040000,"rate_period":10000000000,"finOutTpNs":["q8_out"],"first_event_rate":128000,"next_event_rate":128000,"bid_avg_size":100,"person_avg_size":200,"auction_avg_size":500,"duration":180,"person_proportion":1,"auction_proportion":3,"bid_proportion":46,"bid_hot_ratio_auctions":2,"bid_hot_ratio_bidders":4,"auction_hot_ratio_sellers":4,"flushms":100,"bufMaxSize":131072,"commEveryMs":100,"rate_limited":false,"waitEnd":true,"serde_format":1,"numOutPar":4,"nSrcIns":4,"gua":5}, node constraint is 1,2,3,4
encoded json is {"topic_name":"nexmark_src","rate_shape":"square","aid":"q8","engine1":"ip-172-31-5-87.us-east-2.compute.internal:6060","events_num":23040000,"rate_period":10000000000,"finOutTpNs":["q8_out"],"first_event_rate":128000,"next_event_rate":128000,"bid_avg_size":100,"person_avg_size":200,"auction_avg_size":500,"duration":180,"person_proportion":1,"auction_proportion":3,"bid_proportion":46,"bid_hot_ratio_auctions":2,"bid_hot_ratio_bidders":4,"auction_hot_ratio_sellers":4,"flushms":100,"bufMaxSize":131072,"commEveryMs":100,"rate_limited":false,"waitEnd":true,"serde_format":1,"numOutPar":4,"parNum":2,"nSrcIns":4,"gua":5}, node constraint is 1,2,3,4
encoded json is {"topic_name":"nexmark_src","rate_shape":"square","aid":"q8","engine1":"ip-172-31-5-87.us-east-2.compute.internal:6060","events_num":23040000,"rate_period":10000000000,"finOutTpNs":["q8_out"],"first_event_rate":128000,"next_event_rate":128000,"bid_avg_size":100,"person_avg_size":200,"auction_avg_size":500,"duration":180,"person_proportion":1,"auction_proportion":3,"bid_proportion":46,"bid_hot_ratio_auctions":2,"bid_hot_ratio_bidders":4,"auction_hot_ratio_sellers":4,"flushms":100,"bufMaxSize":131072,"commEveryMs":100,"rate_limited":false,"waitEnd":true,"serde_format":1,"numOutPar":4,"parNum":1,"nSrcIns":4,"gua":5}, node constraint is 1,2,3,4
func name is q8GroupBy
func url is http://ip-172-31-10-107.us-east-2.compute.internal:8080/function/q8GroupBy
func name is q8GroupBy
func url is http://ip-172-31-10-107.us-east-2.compute.internal:8080/function/q8GroupBy
func name is q8GroupBy
func url is http://ip-172-31-10-107.us-east-2.compute.internal:8080/function/q8GroupBy
func name is q8GroupBy
func url is http://ip-172-31-10-107.us-east-2.compute.internal:8080/function/q8GroupBy
Waiting for all client to return
func name is q8JoinStream
func url is http://ip-172-31-10-107.us-east-2.compute.internal:8080/function/q8JoinStream
func name is q8JoinStream
func name is q8JoinStream
func url is http://ip-172-31-10-107.us-east-2.compute.internal:8080/function/q8JoinStream
func url is http://ip-172-31-10-107.us-east-2.compute.internal:8080/function/q8JoinStream
func name is q8JoinStream
func url is http://ip-172-31-10-107.us-east-2.compute.internal:8080/function/q8JoinStream
encoded json is {"aid":"q8","gateway":"ip-172-31-10-107.us-east-2.compute.internal:8080","engine1":"ip-172-31-5-87.us-east-2.compute.internal:6060","numOutPartition":"BAQ=","numSubstreamProducer":"AQ==","outputTopicName":["q8_aucsBySellerID_out","q8_personsByID_out"],"inputTopicName":["nexmark_src"],"commEveryMs":100,"flushMs":100,"snapEveryS":10,"duration":180,"bufMaxSize":131072,"epoch":1,"waitEnd":true,"numChangelogPartition":4,"numInPartition":4,"gua":5,"serdeFormat":1}, node constraint is 5,6,7,8
encoded json is {"aid":"q8","gateway":"ip-172-31-10-107.us-east-2.compute.internal:8080","engine1":"ip-172-31-5-87.us-east-2.compute.internal:6060","numOutPartition":"BA==","numSubstreamProducer":"BAQ=","outputTopicName":["q8_out"],"inputTopicName":["q8_aucsBySellerID_out","q8_personsByID_out"],"commEveryMs":100,"flushMs":100,"snapEveryS":10,"duration":180,"bufMaxSize":131072,"epoch":1,"waitEnd":true,"numChangelogPartition":4,"numInPartition":4,"ParNum":2,"gua":5,"serdeFormat":1}, node constraint is 5,6,7,8
encoded json is {"aid":"q8","gateway":"ip-172-31-10-107.us-east-2.compute.internal:8080","engine1":"ip-172-31-5-87.us-east-2.compute.internal:6060","numOutPartition":"BA==","numSubstreamProducer":"BAQ=","outputTopicName":["q8_out"],"inputTopicName":["q8_aucsBySellerID_out","q8_personsByID_out"],"commEveryMs":100,"flushMs":100,"snapEveryS":10,"duration":180,"bufMaxSize":131072,"epoch":1,"waitEnd":true,"numChangelogPartition":4,"numInPartition":4,"gua":5,"serdeFormat":1}, node constraint is 5,6,7,8
encoded json is {"aid":"q8","gateway":"ip-172-31-10-107.us-east-2.compute.internal:8080","engine1":"ip-172-31-5-87.us-east-2.compute.internal:6060","numOutPartition":"BAQ=","numSubstreamProducer":"AQ==","outputTopicName":["q8_aucsBySellerID_out","q8_personsByID_out"],"inputTopicName":["nexmark_src"],"commEveryMs":100,"flushMs":100,"snapEveryS":10,"duration":180,"bufMaxSize":131072,"epoch":1,"waitEnd":true,"numChangelogPartition":4,"numInPartition":4,"ParNum":2,"gua":5,"serdeFormat":1}, node constraint is 5,6,7,8
encoded json is {"aid":"q8","gateway":"ip-172-31-10-107.us-east-2.compute.internal:8080","engine1":"ip-172-31-5-87.us-east-2.compute.internal:6060","numOutPartition":"BAQ=","numSubstreamProducer":"AQ==","outputTopicName":["q8_aucsBySellerID_out","q8_personsByID_out"],"inputTopicName":["nexmark_src"],"commEveryMs":100,"flushMs":100,"snapEveryS":10,"duration":180,"bufMaxSize":131072,"epoch":1,"waitEnd":true,"numChangelogPartition":4,"numInPartition":4,"ParNum":1,"gua":5,"serdeFormat":1}, node constraint is 5,6,7,8
encoded json is {"aid":"q8","gateway":"ip-172-31-10-107.us-east-2.compute.internal:8080","engine1":"ip-172-31-5-87.us-east-2.compute.internal:6060","numOutPartition":"BA==","numSubstreamProducer":"BAQ=","outputTopicName":["q8_out"],"inputTopicName":["q8_aucsBySellerID_out","q8_personsByID_out"],"commEveryMs":100,"flushMs":100,"snapEveryS":10,"duration":180,"bufMaxSize":131072,"epoch":1,"waitEnd":true,"numChangelogPartition":4,"numInPartition":4,"ParNum":3,"gua":5,"serdeFormat":1}, node constraint is 5,6,7,8
encoded json is {"aid":"q8","gateway":"ip-172-31-10-107.us-east-2.compute.internal:8080","engine1":"ip-172-31-5-87.us-east-2.compute.internal:6060","numOutPartition":"BAQ=","numSubstreamProducer":"AQ==","outputTopicName":["q8_aucsBySellerID_out","q8_personsByID_out"],"inputTopicName":["nexmark_src"],"commEveryMs":100,"flushMs":100,"snapEveryS":10,"duration":180,"bufMaxSize":131072,"epoch":1,"waitEnd":true,"numChangelogPartition":4,"numInPartition":4,"ParNum":3,"gua":5,"serdeFormat":1}, node constraint is 5,6,7,8
encoded json is {"aid":"q8","gateway":"ip-172-31-10-107.us-east-2.compute.internal:8080","engine1":"ip-172-31-5-87.us-east-2.compute.internal:6060","numOutPartition":"BA==","numSubstreamProducer":"BAQ=","outputTopicName":["q8_out"],"inputTopicName":["q8_aucsBySellerID_out","q8_personsByID_out"],"commEveryMs":100,"flushMs":100,"snapEveryS":10,"duration":180,"bufMaxSize":131072,"epoch":1,"waitEnd":true,"numChangelogPartition":4,"numInPartition":4,"ParNum":1,"gua":5,"serdeFormat":1}, node constraint is 5,6,7,8
source-2 invoke done
source-1 invoke done
source-3 invoke done
source-0 invoke done
q8GroupBy-3 call done
q8GroupBy-2 call done
q8GroupBy-1 call done
q8GroupBy-0 call done
q8JoinStream-2 call done
q8JoinStream-3 call done
q8JoinStream-0 call done
q8JoinStream-1 call done
sink processed: 5760002, throughput: (event/s) 31999.145275927185
sink_ctrl processed: 2, throughput: (event/s) 0.011110810473998858
source-0 duration: 180.004870453

sink processed: 5759970, throughput: (event/s) 31999.174839380543
sink_ctrl processed: 2, throughput: (event/s) 0.011110882466186644
source-1 duration: 180.003704124

sink processed: 5760002, throughput: (event/s) 31999.45079539444
sink_ctrl processed: 2, throughput: (event/s) 0.011110916557110375
source-2 duration: 180.00315183

sink_ctrl processed: 2, throughput: (event/s) 0.011110862776723261
sink processed: 5759970, throughput: (event/s) 31999.11813402134
source-3 duration: 180.004023107

sink processed 23039944 events, duration: 180.004870453, tp: 127996.225558
sink_ctrl processed 8 events, duration: 180.004870453, tp: 0.044443

nexmark_src_src processed: 5760151, throughput: (event/s) 31995.538344118544
nexmark_src_src_ctrl processed: 151, throughput: (event/s) 0.8387499372780158
nexmark_src_src_data processed: 5760000, throughput: (event/s) 31994.699594181264
nexmark_src_src_epoch processed: 0, throughput: (event/s) 0
nexmark_src_src_logEntry processed: 12308, throughput: (event/s) 68.36645184117761
personsByIDSink processed: 115200, throughput: (event/s) 639.8939918836253
auctionsBySellerIDSink processed: 345600, throughput: (event/s) 1919.6819756508758
q8GroupBy-0 duration: 180.029819722

nexmark_src_src_data processed: 5759968, throughput: (event/s) 31994.971070586816
nexmark_src_src_epoch processed: 0, throughput: (event/s) 0
nexmark_src_src_logEntry processed: 12317, throughput: (event/s) 68.41740417245683
personsByIDSink processed: 115199, throughput: (event/s) 639.8974217149349
auctionsBySellerIDSink processed: 345599, throughput: (event/s) 1919.7033745714791
nexmark_src_src processed: 5760119, throughput: (event/s) 31995.80983230071
nexmark_src_src_ctrl processed: 151, throughput: (event/s) 0.8387617138946968
q8GroupBy-1 duration: 180.027292017

nexmark_src_src_ctrl processed: 151, throughput: (event/s) 0.8387616748283054
nexmark_src_src_data processed: 5760000, throughput: (event/s) 31995.14733119894
nexmark_src_src_epoch processed: 0, throughput: (event/s) 0
nexmark_src_src_logEntry processed: 12330, throughput: (event/s) 68.48961225584773
personsByIDSink processed: 115200, throughput: (event/s) 639.9029466239788
auctionsBySellerIDSink processed: 345600, throughput: (event/s) 1919.7088398719363
nexmark_src_src processed: 5760151, throughput: (event/s) 31995.986092873765
q8GroupBy-2 duration: 180.027300402

auctionsBySellerIDSink processed: 345599, throughput: (event/s) 1919.7566537865232
nexmark_src_src processed: 5760119, throughput: (event/s) 31996.697840133143
nexmark_src_src_ctrl processed: 151, throughput: (event/s) 0.8387849927857575
nexmark_src_src_data processed: 5759968, throughput: (event/s) 31995.859055140358
nexmark_src_src_epoch processed: 0, throughput: (event/s) 0
nexmark_src_src_logEntry processed: 12296, throughput: (event/s) 68.30265080326936
personsByIDSink processed: 115199, throughput: (event/s) 639.9151813505065
q8GroupBy-3 duration: 180.0222957

nexmark_src_src processed 23040540 events, duration: 180.029819722
nexmark_src_src_ctrl processed 604 events, duration: 180.029819722
nexmark_src_src_data processed 23039936 events, duration: 180.029819722
nexmark_src_src_epoch processed 0 events, duration: 180.029819722
nexmark_src_src_logEntry processed 49251 events, duration: 180.029819722
personsByIDSink processed 460798 events, duration: 180.029819722
auctionsBySellerIDSink processed 1382398 events, duration: 180.029819722

eventTimeLatency_sink, p50: 630 ms, p90: 1680 ms, p99: 2123 ms
auctionsBySellerIDSrc_logEntry processed: 7610, throughput: (event/s) 42.0169945260206
auctionsBySellerIDSrc_ctrl processed: 154, throughput: (event/s) 0.8502782072282751
personsByIDSrc processed: 114982, throughput: (event/s) 634.8486287241657
personsByIDSrc_ctrl processed: 154, throughput: (event/s) 0.8502782072282751
auctionsBySellerIDSrc_epoch processed: 0, throughput: (event/s) 0
auctionsBySellerIDSrc_data processed: 336688, throughput: (event/s) 1858.951097631646
personsByIDSrc_data processed: 114828, throughput: (event/s) 633.9983505169374
personsByIDSrc_logEntry processed: 7617, throughput: (event/s) 42.05564353544007
personsByIDSrc_epoch processed: 0, throughput: (event/s) 0
sink processed: 1344469, throughput: (event/s) 7423.199292168778
auctionsBySellerIDSrc processed: 336842, throughput: (event/s) 1859.8013758388743
q8JoinStream-0 duration: 181.117190457

eventTimeLatency_sink, p50: 571 ms, p90: 1479 ms, p99: 1928 ms
auctionsBySellerIDSrc_data processed: 342460, throughput: (event/s) 1884.8246947709374
auctionsBySellerIDSrc_ctrl processed: 154, throughput: (event/s) 0.8475822081256917
personsByIDSrc processed: 115718, throughput: (event/s) 636.8864802590181
auctionsBySellerIDSrc processed: 342614, throughput: (event/s) 1885.672276979063
sink processed: 1371303, throughput: (event/s) 7547.350810060944
auctionsBySellerIDSrc_logEntry processed: 7607, throughput: (event/s) 41.867258813065824
personsByIDSrc_ctrl processed: 154, throughput: (event/s) 0.8475822081256917
personsByIDSrc_data processed: 115564, throughput: (event/s) 636.0388980508924
auctionsBySellerIDSrc_epoch processed: 0, throughput: (event/s) 0
personsByIDSrc_epoch processed: 0, throughput: (event/s) 0
personsByIDSrc_logEntry processed: 7613, throughput: (event/s) 41.90028149649929
q8JoinStream-1 duration: 181.693290071

eventTimeLatency_sink, p50: 196 ms, p90: 1019 ms, p99: 1541 ms
personsByIDSrc processed: 114752, throughput: (event/s) 635.6420880927309
personsByIDSrc_ctrl processed: 154, throughput: (event/s) 0.8530472807992937
personsByIDSrc_data processed: 114598, throughput: (event/s) 634.7890408119316
sink processed: 1341405, throughput: (event/s) 7430.401868185562
auctionsBySellerIDSrc_logEntry processed: 7605, throughput: (event/s) 42.12613357453655
personsByIDSrc_logEntry processed: 7618, throughput: (event/s) 42.19814405927935
auctionsBySellerIDSrc processed: 335068, throughput: (event/s) 1856.0314693692062
auctionsBySellerIDSrc_ctrl processed: 154, throughput: (event/s) 0.8530472807992937
personsByIDSrc_epoch processed: 0, throughput: (event/s) 0
auctionsBySellerIDSrc_data processed: 334914, throughput: (event/s) 1855.178422088407
auctionsBySellerIDSrc_epoch processed: 0, throughput: (event/s) 0
q8JoinStream-2 duration: 180.529266626

eventTimeLatency_sink, p50: 381 ms, p90: 1500 ms, p99: 2122 ms
personsByIDSrc_ctrl processed: 154, throughput: (event/s) 0.8532316241617837
auctionsBySellerIDSrc processed: 368490, throughput: (event/s) 2041.6059817362054
auctionsBySellerIDSrc_epoch processed: 0, throughput: (event/s) 0
auctionsBySellerIDSrc_logEntry processed: 7607, throughput: (event/s) 42.14631795453693
personsByIDSrc_data processed: 115808, throughput: (event/s) 641.6301813696613
sink processed: 1475037, throughput: (event/s) 8172.3910078488625
auctionsBySellerIDSrc_ctrl processed: 154, throughput: (event/s) 0.8532316241617837
auctionsBySellerIDSrc_data processed: 368336, throughput: (event/s) 2040.7527501120437
personsByIDSrc processed: 115962, throughput: (event/s) 642.4834129938231
personsByIDSrc_epoch processed: 0, throughput: (event/s) 0
personsByIDSrc_logEntry processed: 7612, throughput: (event/s) 42.17402027999673
q8JoinStream-3 duration: 180.490262713

auctionsBySellerIDSrc_ctrl processed 616 events, duration: 181.693290071
personsByIDSrc_logEntry processed 30460 events, duration: 181.693290071
personsByIDSrc_epoch processed 0 events, duration: 181.693290071
auctionsBySellerIDSrc_logEntry processed 30429 events, duration: 181.693290071
personsByIDSrc processed 461414 events, duration: 181.693290071
personsByIDSrc_ctrl processed 616 events, duration: 181.693290071
auctionsBySellerIDSrc_epoch processed 0 events, duration: 181.693290071
auctionsBySellerIDSrc_data processed 1382398 events, duration: 181.693290071
personsByIDSrc_data processed 460798 events, duration: 181.693290071
sink processed 5532214 events, duration: 181.693290071
auctionsBySellerIDSrc processed 1383014 events, duration: 181.693290071

