wait for last: true
warmup: 0
encoded json is {"sg":{"bid_by_price":4,"bid_by_win":4,"changelog":4,"max_bids":4,"nexmark_src":4,"q7BidByPrice":4,"q7BidByWin":4,"q7JoinMaxBid":4,"q7MaxBid":4,"q7_out":4,"source":4},"aid":"q7","fns":["source","q7BidByPrice","q7BidByWin","q7MaxBid","q7JoinMaxBid"],"epoch":1,"serdeFormat":1,"bs":true}, node constraint is 1
config: map[NodeConstraint:"1,2,3,4" NumInstance:4 OutputTopicName:["nexmark_src"] funcName:"source"]
config: map[InputTopicNames:["nexmark_src"] NodeConstraint:"5,6,7,8" NumInstance:4 NumSrcProducer:[1] OutputTopicName:["bid_by_price"] funcName:"q7BidByPrice"]
config: map[InputTopicNames:["nexmark_src"] NodeConstraint:"5,6,7,8" NumInstance:4 NumSrcProducer:[1] OutputTopicName:["bid_by_win"] funcName:"q7BidByWin"]
config: map[InputTopicNames:["bid_by_win"] NodeConstraint:"5,6,7,8" NumInstance:4 NumSrcProducer:[4] OutputTopicName:["max_bids"] funcName:"q7MaxBid"]
config: map[InputTopicNames:["bid_by_price","max_bids"] NodeConstraint:"5,6,7,8" NumInstance:4 NumSrcProducer:[4,4] OutputTopicName:["q7_out"] funcName:"q7JoinMaxBid"]
srcInvokeConfig: {TopicName:nexmark_src AppId:q7 NodeConstraint:1,2,3,4 ScaleEpoch:0 NumOutPartition:4 InstanceID:0 NumSrcInstance:4}
cliNodes: [0xc000026220 0xc000026260 0xc0000262a0 0xc000026320]
inParamsMap: map[q7BidByPrice:[0xc000000c80 0xc000000d20 0xc000000dc0 0xc000000e60] q7BidByWin:[0xc000000f00 0xc000000fa0 0xc000001040 0xc0000010e0] q7JoinMaxBid:[0xc000001400 0xc0000014a0 0xc000001540 0xc0000015e0] q7MaxBid:[0xc000001180 0xc000001220 0xc0000012c0 0xc000001360]]
configScaleInput: {Config:map[bid_by_price:4 bid_by_win:4 changelog:4 max_bids:4 nexmark_src:4 q7BidByPrice:4 q7BidByWin:4 q7JoinMaxBid:4 q7MaxBid:4 q7_out:4 source:4] AppId:q7 FuncNames:[source q7BidByPrice q7BidByWin q7MaxBid q7JoinMaxBid] ScaleEpoch:0 SerdeFormat:1 Bootstrap:false}
func source url is http://ip-172-31-6-114.us-east-2.compute.internal:8080/function/source
func source url is http://ip-172-31-6-114.us-east-2.compute.internal:8080/function/source
func source url is http://ip-172-31-6-114.us-east-2.compute.internal:8080/function/source
func source url is http://ip-172-31-6-114.us-east-2.compute.internal:8080/function/source
encoded json is {"topic_name":"nexmark_src","rate_shape":"square","aid":"q7","events_num":25920000,"rate_period":10000000000,"bid_avg_size":100,"first_event_rate":144000,"next_event_rate":144000,"person_avg_size":200,"auction_avg_size":500,"duration":180,"person_proportion":1,"auction_proportion":3,"bid_proportion":46,"bid_hot_ratio_auctions":2,"bid_hot_ratio_bidders":4,"auction_hot_ratio_sellers":4,"flushms":100,"rate_limited":false,"waitEnd":true,"serde_format":1,"numOutPar":4,"parNum":3,"nSrcIns":4}, node constraint is 1,2,3,4
encoded json is {"topic_name":"nexmark_src","rate_shape":"square","aid":"q7","events_num":25920000,"rate_period":10000000000,"bid_avg_size":100,"first_event_rate":144000,"next_event_rate":144000,"person_avg_size":200,"auction_avg_size":500,"duration":180,"person_proportion":1,"auction_proportion":3,"bid_proportion":46,"bid_hot_ratio_auctions":2,"bid_hot_ratio_bidders":4,"auction_hot_ratio_sellers":4,"flushms":100,"rate_limited":false,"waitEnd":true,"serde_format":1,"numOutPar":4,"parNum":1,"nSrcIns":4}, node constraint is 1,2,3,4
src instance: 4
encoded json is {"topic_name":"nexmark_src","rate_shape":"square","aid":"q7","events_num":25920000,"rate_period":10000000000,"bid_avg_size":100,"first_event_rate":144000,"next_event_rate":144000,"person_avg_size":200,"auction_avg_size":500,"duration":180,"person_proportion":1,"auction_proportion":3,"bid_proportion":46,"bid_hot_ratio_auctions":2,"bid_hot_ratio_bidders":4,"auction_hot_ratio_sellers":4,"flushms":100,"rate_limited":false,"waitEnd":true,"serde_format":1,"numOutPar":4,"nSrcIns":4}, node constraint is 1,2,3,4
encoded json is {"topic_name":"nexmark_src","rate_shape":"square","aid":"q7","events_num":25920000,"rate_period":10000000000,"bid_avg_size":100,"first_event_rate":144000,"next_event_rate":144000,"person_avg_size":200,"auction_avg_size":500,"duration":180,"person_proportion":1,"auction_proportion":3,"bid_proportion":46,"bid_hot_ratio_auctions":2,"bid_hot_ratio_bidders":4,"auction_hot_ratio_sellers":4,"flushms":100,"rate_limited":false,"waitEnd":true,"serde_format":1,"numOutPar":4,"parNum":2,"nSrcIns":4}, node constraint is 1,2,3,4
encoded json is {"aid":"q7","numOutPartition":"BA==","numSubstreamProducer":"AQ==","outputTopicName":["bid_by_price"],"inputTopicName":["nexmark_src"],"commEveryMs":100,"flushMs":100,"duration":180,"epoch":1,"waitEnd":true,"numChangelogPartition":4,"numInPartition":4,"ParNum":3,"gua":2,"serdeFormat":1}, node constraint is 5,6,7,8
encoded json is {"aid":"q7","numOutPartition":"BA==","numSubstreamProducer":"BAQ=","outputTopicName":["q7_out"],"inputTopicName":["bid_by_price","max_bids"],"commEveryMs":100,"flushMs":100,"duration":180,"epoch":1,"waitEnd":true,"numChangelogPartition":4,"numInPartition":4,"ParNum":1,"gua":2,"serdeFormat":1}, node constraint is 5,6,7,8
encoded json is {"aid":"q7","numOutPartition":"BA==","numSubstreamProducer":"BAQ=","outputTopicName":["q7_out"],"inputTopicName":["bid_by_price","max_bids"],"commEveryMs":100,"flushMs":100,"duration":180,"epoch":1,"waitEnd":true,"numChangelogPartition":4,"numInPartition":4,"ParNum":2,"gua":2,"serdeFormat":1}, node constraint is 5,6,7,8
encoded json is {"aid":"q7","numOutPartition":"BA==","numSubstreamProducer":"BAQ=","outputTopicName":["q7_out"],"inputTopicName":["bid_by_price","max_bids"],"commEveryMs":100,"flushMs":100,"duration":180,"epoch":1,"waitEnd":true,"numChangelogPartition":4,"numInPartition":4,"gua":2,"serdeFormat":1}, node constraint is 5,6,7,8
encoded json is {"aid":"q7","numOutPartition":"BA==","numSubstreamProducer":"AQ==","outputTopicName":["bid_by_win"],"inputTopicName":["nexmark_src"],"commEveryMs":100,"flushMs":100,"duration":180,"epoch":1,"waitEnd":true,"numChangelogPartition":4,"numInPartition":4,"gua":2,"serdeFormat":1}, node constraint is 5,6,7,8
encoded json is {"aid":"q7","numOutPartition":"BA==","numSubstreamProducer":"AQ==","outputTopicName":["bid_by_price"],"inputTopicName":["nexmark_src"],"commEveryMs":100,"flushMs":100,"duration":180,"epoch":1,"waitEnd":true,"numChangelogPartition":4,"numInPartition":4,"ParNum":2,"gua":2,"serdeFormat":1}, node constraint is 5,6,7,8
encoded json is {"aid":"q7","numOutPartition":"BA==","numSubstreamProducer":"BA==","outputTopicName":["max_bids"],"inputTopicName":["bid_by_win"],"commEveryMs":100,"flushMs":100,"duration":180,"epoch":1,"waitEnd":true,"numChangelogPartition":4,"numInPartition":4,"gua":2,"serdeFormat":1}, node constraint is 5,6,7,8
func name is q7BidByPrice
func url is http://ip-172-31-6-114.us-east-2.compute.internal:8080/function/q7BidByPrice
Waiting for all client to return
func name is q7JoinMaxBid
func url is http://ip-172-31-6-114.us-east-2.compute.internal:8080/function/q7JoinMaxBid
func name is q7MaxBid
func name is q7MaxBid
func url is http://ip-172-31-6-114.us-east-2.compute.internal:8080/function/q7MaxBid
func name is q7BidByPrice
func url is http://ip-172-31-6-114.us-east-2.compute.internal:8080/function/q7BidByPrice
func name is q7MaxBid
func url is http://ip-172-31-6-114.us-east-2.compute.internal:8080/function/q7MaxBid
func name is q7BidByWin
func url is http://ip-172-31-6-114.us-east-2.compute.internal:8080/function/q7BidByWin
func name is q7MaxBid
func url is http://ip-172-31-6-114.us-east-2.compute.internal:8080/function/q7MaxBid
func name is q7BidByWin
func url is http://ip-172-31-6-114.us-east-2.compute.internal:8080/function/q7BidByWin
func name is q7BidByWin
func url is http://ip-172-31-6-114.us-east-2.compute.internal:8080/function/q7BidByWin
func url is http://ip-172-31-6-114.us-east-2.compute.internal:8080/function/q7MaxBid
func name is q7BidByWin
func url is http://ip-172-31-6-114.us-east-2.compute.internal:8080/function/q7BidByWin
func name is q7BidByPrice
func url is http://ip-172-31-6-114.us-east-2.compute.internal:8080/function/q7BidByPrice
func name is q7JoinMaxBid
func name is q7JoinMaxBid
func url is http://ip-172-31-6-114.us-east-2.compute.internal:8080/function/q7JoinMaxBid
func url is http://ip-172-31-6-114.us-east-2.compute.internal:8080/function/q7JoinMaxBid
func name is q7JoinMaxBid
func url is http://ip-172-31-6-114.us-east-2.compute.internal:8080/function/q7JoinMaxBid
func name is q7BidByPrice
func url is http://ip-172-31-6-114.us-east-2.compute.internal:8080/function/q7BidByPrice
encoded json is {"aid":"q7","numOutPartition":"BA==","numSubstreamProducer":"BAQ=","outputTopicName":["q7_out"],"inputTopicName":["bid_by_price","max_bids"],"commEveryMs":100,"flushMs":100,"duration":180,"epoch":1,"waitEnd":true,"numChangelogPartition":4,"numInPartition":4,"ParNum":3,"gua":2,"serdeFormat":1}, node constraint is 5,6,7,8
encoded json is {"aid":"q7","numOutPartition":"BA==","numSubstreamProducer":"AQ==","outputTopicName":["bid_by_price"],"inputTopicName":["nexmark_src"],"commEveryMs":100,"flushMs":100,"duration":180,"epoch":1,"waitEnd":true,"numChangelogPartition":4,"numInPartition":4,"gua":2,"serdeFormat":1}, node constraint is 5,6,7,8
encoded json is {"aid":"q7","numOutPartition":"BA==","numSubstreamProducer":"BA==","outputTopicName":["max_bids"],"inputTopicName":["bid_by_win"],"commEveryMs":100,"flushMs":100,"duration":180,"epoch":1,"waitEnd":true,"numChangelogPartition":4,"numInPartition":4,"ParNum":1,"gua":2,"serdeFormat":1}, node constraint is 5,6,7,8
encoded json is {"aid":"q7","numOutPartition":"BA==","numSubstreamProducer":"AQ==","outputTopicName":["bid_by_win"],"inputTopicName":["nexmark_src"],"commEveryMs":100,"flushMs":100,"duration":180,"epoch":1,"waitEnd":true,"numChangelogPartition":4,"numInPartition":4,"ParNum":2,"gua":2,"serdeFormat":1}, node constraint is 5,6,7,8
encoded json is {"aid":"q7","numOutPartition":"BA==","numSubstreamProducer":"AQ==","outputTopicName":["bid_by_price"],"inputTopicName":["nexmark_src"],"commEveryMs":100,"flushMs":100,"duration":180,"epoch":1,"waitEnd":true,"numChangelogPartition":4,"numInPartition":4,"ParNum":1,"gua":2,"serdeFormat":1}, node constraint is 5,6,7,8
encoded json is {"aid":"q7","numOutPartition":"BA==","numSubstreamProducer":"BA==","outputTopicName":["max_bids"],"inputTopicName":["bid_by_win"],"commEveryMs":100,"flushMs":100,"duration":180,"epoch":1,"waitEnd":true,"numChangelogPartition":4,"numInPartition":4,"ParNum":3,"gua":2,"serdeFormat":1}, node constraint is 5,6,7,8
encoded json is {"aid":"q7","numOutPartition":"BA==","numSubstreamProducer":"AQ==","outputTopicName":["bid_by_win"],"inputTopicName":["nexmark_src"],"commEveryMs":100,"flushMs":100,"duration":180,"epoch":1,"waitEnd":true,"numChangelogPartition":4,"numInPartition":4,"ParNum":3,"gua":2,"serdeFormat":1}, node constraint is 5,6,7,8
encoded json is {"aid":"q7","numOutPartition":"BA==","numSubstreamProducer":"BA==","outputTopicName":["max_bids"],"inputTopicName":["bid_by_win"],"commEveryMs":100,"flushMs":100,"duration":180,"epoch":1,"waitEnd":true,"numChangelogPartition":4,"numInPartition":4,"ParNum":2,"gua":2,"serdeFormat":1}, node constraint is 5,6,7,8
encoded json is {"aid":"q7","numOutPartition":"BA==","numSubstreamProducer":"AQ==","outputTopicName":["bid_by_win"],"inputTopicName":["nexmark_src"],"commEveryMs":100,"flushMs":100,"duration":180,"epoch":1,"waitEnd":true,"numChangelogPartition":4,"numInPartition":4,"ParNum":1,"gua":2,"serdeFormat":1}, node constraint is 5,6,7,8
source-3 invoke done
source-0 invoke done
q7BidByWin-3 call done
q7BidByWin-0 call done
source-1 invoke done
q7BidByPrice-3 call done
q7BidByPrice-0 call done
source-2 invoke done
q7BidByWin-1 call done
q7BidByPrice-1 call done
q7BidByWin-2 call done
q7MaxBid-2 call done
q7MaxBid-1 call done
q7BidByPrice-2 call done
q7MaxBid-3 call done
q7MaxBid-0 call done
q7JoinMaxBid-0 call done
q7JoinMaxBid-2 call done
q7JoinMaxBid-1 call done
q7JoinMaxBid-3 call done
sink processed: 6479965, throughput: (event/s) 35999.24130784721
sink_ctrl processed: 1, throughput: (event/s) 0.005555468479821605
source-0 duration: 180.002821298

sink processed: 6480001, throughput: (event/s) 35999.470578023145
sink_ctrl processed: 1, throughput: (event/s) 0.005555472997307121
source-1 duration: 180.002674927

sink processed: 6480001, throughput: (event/s) 35999.556892278015
sink_ctrl processed: 1, throughput: (event/s) 0.005555486317406127
source-2 duration: 180.002243344

sink processed: 6480001, throughput: (event/s) 35999.27446848993
sink_ctrl processed: 1, throughput: (event/s) 0.005555442733494937
source-3 duration: 180.003655509

sink processed 25919968 events, duration: 180.003655509, tp: 143996.897878
sink_ctrl processed 4 events, duration: 180.003655509, tp: 0.022222

nexmark_src_src_epoch processed: 0, throughput: (event/s) 0
nexmark_src_src_logEntry processed: 14106, throughput: (event/s) 78.35748836587294
sink processed: 5961566, throughput: (event/s) 33115.93212018883
nexmark_src_src processed: 6479965, throughput: (event/s) 35995.589259801774
nexmark_src_src_ctrl processed: 1, throughput: (event/s) 0.005554904889116187
nexmark_src_src_data processed: 6479964, throughput: (event/s) 35995.58370489689
q7BidByPrice-0 duration: 180.021084062

nexmark_src_src processed: 6480001, throughput: (event/s) 35995.278207080235
nexmark_src_src_ctrl processed: 1, throughput: (event/s) 0.00555482602658244
nexmark_src_src_data processed: 6480000, throughput: (event/s) 35995.272652254214
nexmark_src_src_epoch processed: 0, throughput: (event/s) 0
nexmark_src_src_logEntry processed: 14098, throughput: (event/s) 78.31193732275923
sink processed: 5961600, throughput: (event/s) 33115.650840073875
q7BidByPrice-1 duration: 180.023639843

nexmark_src_src_data processed: 6480000, throughput: (event/s) 35994.87260718617
nexmark_src_src_epoch processed: 0, throughput: (event/s) 0
nexmark_src_src_logEntry processed: 14101, throughput: (event/s) 78.32773127066854
sink processed: 5961600, throughput: (event/s) 33115.282798611275
nexmark_src_src processed: 6480001, throughput: (event/s) 35994.87816195046
nexmark_src_src_ctrl processed: 1, throughput: (event/s) 0.005554764291232433
q7BidByPrice-2 duration: 180.025640616

nexmark_src_src_epoch processed: 0, throughput: (event/s) 0
nexmark_src_src_logEntry processed: 14106, throughput: (event/s) 78.35702268281932
sink processed: 5961600, throughput: (event/s) 33115.9241759461
nexmark_src_src processed: 6480001, throughput: (event/s) 35995.57531133503
nexmark_src_src_ctrl processed: 1, throughput: (event/s) 0.0055548718759974
nexmark_src_src_data processed: 6480000, throughput: (event/s) 35995.569756463155
q7BidByPrice-3 duration: 180.022153944

nexmark_src_src_data processed 25919964 events, duration: 180.025640616
nexmark_src_src_epoch processed 0 events, duration: 180.025640616
nexmark_src_src_logEntry processed 56411 events, duration: 180.025640616
sink processed 23846366 events, duration: 180.025640616
nexmark_src_src processed 25919968 events, duration: 180.025640616
nexmark_src_src_ctrl processed 4 events, duration: 180.025640616

nexmark_src_src_epoch processed: 0, throughput: (event/s) 0
nexmark_src_src_logEntry processed: 14106, throughput: (event/s) 78.36009220007902
sink processed: 5961566, throughput: (event/s) 33117.03256889666
nexmark_src_src processed: 6479965, throughput: (event/s) 35996.78540006274
nexmark_src_src_ctrl processed: 1, throughput: (event/s) 0.00555508947965965
nexmark_src_src_data processed: 6479964, throughput: (event/s) 35996.779844973265
q7BidByWin-0 duration: 180.015102126

nexmark_src_src_ctrl processed: 1, throughput: (event/s) 0.005555012644171795
nexmark_src_src_data processed: 6480000, throughput: (event/s) 35996.48193423323
nexmark_src_src_epoch processed: 0, throughput: (event/s) 0
nexmark_src_src_logEntry processed: 14098, throughput: (event/s) 78.31456825753396
sink processed: 5961600, throughput: (event/s) 33116.76337949457
nexmark_src_src processed: 6480001, throughput: (event/s) 35996.487489245876
q7BidByWin-1 duration: 180.017592048

nexmark_src_src_data processed: 6480000, throughput: (event/s) 35996.86442772972
nexmark_src_src_epoch processed: 0, throughput: (event/s) 0
nexmark_src_src_logEntry processed: 14101, throughput: (event/s) 78.33206563200876
sink processed: 5961600, throughput: (event/s) 33117.11527351134
nexmark_src_src processed: 6480001, throughput: (event/s) 35996.86998280139
nexmark_src_src_ctrl processed: 1, throughput: (event/s) 0.005555071670945945
q7BidByWin-2 duration: 180.015679227

nexmark_src_src_ctrl processed: 1, throughput: (event/s) 0.0055549798126046735
nexmark_src_src_data processed: 6480000, throughput: (event/s) 35996.269185678284
nexmark_src_src_epoch processed: 0, throughput: (event/s) 0
nexmark_src_src_logEntry processed: 14106, throughput: (event/s) 78.35854523660151
sink processed: 5961600, throughput: (event/s) 33116.56765082402
nexmark_src_src processed: 6480001, throughput: (event/s) 35996.2747406581
q7BidByWin-3 duration: 180.018656005

nexmark_src_src_logEntry processed 56411 events, duration: 180.018656005
sink processed 23846366 events, duration: 180.018656005
nexmark_src_src processed 25919968 events, duration: 180.018656005
nexmark_src_src_ctrl processed 4 events, duration: 180.018656005
nexmark_src_src_data processed 25919964 events, duration: 180.018656005
nexmark_src_src_epoch processed 0 events, duration: 180.018656005

bid_by_win_src_epoch processed: 2064, throughput: (event/s) 11.464270798199987
bid_by_win_src_logEntry processed: 16950, throughput: (event/s) 94.14699129335744
sink processed: 517, throughput: (event/s) 2.8716220943165665
bid_by_win_src processed: 7194674, throughput: (event/s) 39962.05961277553
bid_by_win_src_ctrl processed: 4, throughput: (event/s) 0.022217579066279042
bid_by_win_src_data processed: 7192606, throughput: (event/s) 39950.57312439826
q7MaxBid-0 duration: 180.037617423

bid_by_win_src_logEntry processed: 9369, throughput: (event/s) 52.043311591069774
sink processed: 284, throughput: (event/s) 1.577575033820452
bid_by_win_src processed: 3975544, throughput: (event/s) 22083.517465685545
bid_by_win_src_ctrl processed: 4, throughput: (event/s) 0.02221936667352749
bid_by_win_src_data processed: 3974400, throughput: (event/s) 22077.162726816918
bid_by_win_src_epoch processed: 1140, throughput: (event/s) 6.3325195019553355
q7MaxBid-1 duration: 180.023132917

bid_by_win_src processed: 6057088, throughput: (event/s) 33646.170430204955
bid_by_win_src_ctrl processed: 4, throughput: (event/s) 0.022219370384055807
bid_by_win_src_data processed: 6055360, throughput: (event/s) 33636.57166219904
bid_by_win_src_epoch processed: 1724, throughput: (event/s) 9.576548635528052
bid_by_win_src_logEntry processed: 14259, throughput: (event/s) 79.20650057656293
sink processed: 432, throughput: (event/s) 2.399692001478027
q7MaxBid-2 duration: 180.023102854

bid_by_win_src_logEntry processed: 15606, throughput: (event/s) 86.68764010757734
sink processed: 477, throughput: (event/s) 2.6496222178209914
bid_by_win_src processed: 6625899, throughput: (event/s) 36805.30231328698
bid_by_win_src_ctrl processed: 4, throughput: (event/s) 0.02221905423749259
bid_by_win_src_data processed: 6624000, throughput: (event/s) 36794.753817287725
bid_by_win_src_epoch processed: 1895, throughput: (event/s) 10.526276945012114
q7MaxBid-3 duration: 180.025664335

bid_by_win_src_ctrl processed 16 events, duration: 180.037617423
bid_by_win_src_data processed 23846366 events, duration: 180.037617423
bid_by_win_src_epoch processed 6823 events, duration: 180.037617423
bid_by_win_src_logEntry processed 56184 events, duration: 180.037617423
sink processed 1710 events, duration: 180.037617423
bid_by_win_src processed 23853205 events, duration: 180.037617423

eventTimeLatency_sink, p50: 128 ms, p90: 140 ms, p99: 294 ms
sink processed: 1833, throughput: (event/s) 10.180897428568192
maxBidsWithWinSrc_epoch processed: 458, throughput: (event/s) 2.543835800482396
maxBidsWithWinSrc_data processed: 458, throughput: (event/s) 2.543835800482396
maxBidsWithWinSrc_logEntry processed: 458, throughput: (event/s) 2.543835800482396
bidByPriceSrc processed: 5861626, throughput: (event/s) 32556.799274756388
bidByPriceSrc_ctrl processed: 4, throughput: (event/s) 0.022216906554431405
bidByPriceSrc_data processed: 5855250, throughput: (event/s) 32521.38552570862
bidByPriceSrc_epoch processed: 6372, throughput: (event/s) 35.39153214120923
maxBidsWithWinSrc_ctrl processed: 4, throughput: (event/s) 0.022216906554431405
bidByPriceSrc_logEntry processed: 13765, throughput: (event/s) 76.45392968043707
maxBidsWithWinSrc processed: 920, throughput: (event/s) 5.109888507519224
q7JoinMaxBid-0 duration: 180.043067211

eventTimeLatency_sink, p50: 125 ms, p90: 141 ms, p99: 183 ms
bidByPriceSrc_logEntry processed: 14393, throughput: (event/s) 79.9332654242136
maxBidsWithWinSrc processed: 678, throughput: (event/s) 3.7653549612740096
maxBidsWithWinSrc_logEntry processed: 337, throughput: (event/s) 1.871570238863335
maxBidsWithWinSrc_data processed: 337, throughput: (event/s) 1.871570238863335
sink processed: 1340, throughput: (event/s) 7.441851988358661
bidByPriceSrc processed: 5937738, throughput: (event/s) 32975.94577735283
maxBidsWithWinSrc_ctrl processed: 4, throughput: (event/s) 0.02221448354733929
bidByPriceSrc_ctrl processed: 4, throughput: (event/s) 0.02221448354733929
maxBidsWithWinSrc_epoch processed: 337, throughput: (event/s) 1.871570238863335
bidByPriceSrc_data processed: 5931362, throughput: (event/s) 32940.535890578365
bidByPriceSrc_epoch processed: 6372, throughput: (event/s) 35.38767229091149
q7JoinMaxBid-1 duration: 180.062705103

eventTimeLatency_sink, p50: 131 ms, p90: 142 ms, p99: 692 ms
bidByPriceSrc processed: 6052920, throughput: (event/s) 33618.99021368473
bidByPriceSrc_logEntry processed: 15619, throughput: (event/s) 86.75069357393487
maxBidsWithWinSrc_epoch processed: 412, throughput: (event/s) 2.288321003422829
sink processed: 1649, throughput: (event/s) 9.15883819088409
bidByPriceSrc_data processed: 6046544, throughput: (event/s) 33583.576779903604
maxBidsWithWinSrc processed: 828, throughput: (event/s) 4.598858715616753
maxBidsWithWinSrc_ctrl processed: 4, throughput: (event/s) 0.02221670877109543
bidByPriceSrc_epoch processed: 6372, throughput: (event/s) 35.39121707235501
bidByPriceSrc_ctrl processed: 4, throughput: (event/s) 0.02221670877109543
maxBidsWithWinSrc_data processed: 412, throughput: (event/s) 2.288321003422829
maxBidsWithWinSrc_logEntry processed: 412, throughput: (event/s) 2.288321003422829
q7JoinMaxBid-2 duration: 180.044670037

eventTimeLatency_sink, p50: 130 ms, p90: 141 ms, p99: 200 ms
bidByPriceSrc_ctrl processed: 4, throughput: (event/s) 0.0222144355792643
bidByPriceSrc_data processed: 6013210, throughput: (event/s) 33395.016542396974
maxBidsWithWinSrc_ctrl processed: 4, throughput: (event/s) 0.0222144355792643
bidByPriceSrc_epoch processed: 6372, throughput: (event/s) 35.38759587776803
maxBidsWithWinSrc_data processed: 503, throughput: (event/s) 2.793465274092486
maxBidsWithWinSrc_epoch processed: 503, throughput: (event/s) 2.793465274092486
maxBidsWithWinSrc_logEntry processed: 503, throughput: (event/s) 2.793465274092486
bidByPriceSrc_logEntry processed: 15239, throughput: (event/s) 84.63144594810217
sink processed: 1855, throughput: (event/s) 10.30194449988382
maxBidsWithWinSrc processed: 1010, throughput: (event/s) 5.609144983764236
bidByPriceSrc processed: 6019586, throughput: (event/s) 33430.42635271032
q7JoinMaxBid-3 duration: 180.063093916

maxBidsWithWinSrc_ctrl processed 16 events, duration: 180.063093916
bidByPriceSrc_logEntry processed 59016 events, duration: 180.063093916
maxBidsWithWinSrc_epoch processed 1710 events, duration: 180.063093916
maxBidsWithWinSrc_data processed 1710 events, duration: 180.063093916
bidByPriceSrc processed 23871870 events, duration: 180.063093916
bidByPriceSrc_ctrl processed 16 events, duration: 180.063093916
maxBidsWithWinSrc processed 3436 events, duration: 180.063093916
sink processed 6677 events, duration: 180.063093916
maxBidsWithWinSrc_logEntry processed 1710 events, duration: 180.063093916
bidByPriceSrc_data processed 23846366 events, duration: 180.063093916
bidByPriceSrc_epoch processed 25488 events, duration: 180.063093916

