wait for last: true, sink max_buf_size: 131072
warmup: 0
config: map[NodeConstraint:"1,2,3,4" NumInstance:4 OutputTopicName:["nexmark_src"] funcName:"source"]
config: map[InputTopicNames:["nexmark_src"] NodeConstraint:"5,6,7,8" NumInstance:4 NumSrcProducer:[1] OutputTopicName:["bid_by_price"] funcName:"q7BidByPrice"]
config: map[InputTopicNames:["nexmark_src"] NodeConstraint:"5,6,7,8" NumInstance:4 NumSrcProducer:[1] OutputTopicName:["bid_by_win"] funcName:"q7BidByWin"]
config: map[InputTopicNames:["bid_by_win"] NodeConstraint:"5,6,7,8" NumInstance:4 NumSrcProducer:[4] OutputTopicName:["max_bids"] funcName:"q7MaxBid"]
config: map[Final:true InputTopicNames:["bid_by_price","max_bids"] NodeConstraint:"5,6,7,8" NumInstance:4 NumSrcProducer:[4,4] OutputTopicName:["q7_out"] funcName:"q7JoinMaxBid"]
srcInvokeConfig: &{FinalTpNames:[q7_out] TopicName:nexmark_src AppId:q7 NodeConstraint:1,2,3,4 AdditionalBytes:0 ScaleEpoch:0 NumOutPartition:4 InstanceID:0 NumSrcInstance:4}
cliNodes: [0xc0000261a0 0xc0000261e0 0xc000026220 0xc0000262a0]
inParamsMap: map[q7BidByPrice:[0xc00007eb40 0xc00007ebe0 0xc00007ec80 0xc00007ed20] q7BidByWin:[0xc00007edc0 0xc00007ee60 0xc00007ef00 0xc00007efa0] q7JoinMaxBid:[0xc00007f2c0 0xc00007f360 0xc00007f400 0xc00007f4a0] q7MaxBid:[0xc00007f040 0xc00007f0e0 0xc00007f180 0xc00007f220]]
configScaleInput: &{Config:map[bid_by_price:4 bid_by_win:4 changelog:4 max_bids:4 nexmark_src:4 q7BidByPrice:4 q7BidByWin:4 q7JoinMaxBid:4 q7MaxBid:4 q7_out:4 source:4] AppId:q7 FuncNames:[source q7BidByPrice q7BidByWin q7MaxBid q7JoinMaxBid] BufMaxSize:131072 ScaleEpoch:0 SerdeFormat:1 Bootstrap:false}
encoded json is {"sg":{"bid_by_price":4,"bid_by_win":4,"changelog":4,"max_bids":4,"nexmark_src":4,"q7BidByPrice":4,"q7BidByWin":4,"q7JoinMaxBid":4,"q7MaxBid":4,"q7_out":4,"source":4},"aid":"q7","fns":["source","q7BidByPrice","q7BidByWin","q7MaxBid","q7JoinMaxBid"],"bufMaxSize":131072,"epoch":1,"serdeFormat":1,"bs":true}, node constraint is 1
encoded json is {"outTpNames":["q7_out"]}, node constraint is 1
redis_setup url is http://ip-172-31-5-158.us-east-2.compute.internal:8080/function/redisSetup
encoded json is {"srcTpName":"nexmark_src","outTpNames":["q7_out"],"numOutParts":"BA==","chkptEveryMs":100,"bufMaxSize":131072,"srcNumPart":4,"gua":4,"serde_format":1}, node constraint is 1
chkptmngr url is http://ip-172-31-5-158.us-east-2.compute.internal:8080/function/chkptmngr
func source url is http://ip-172-31-5-158.us-east-2.compute.internal:8080/function/source
func source url is http://ip-172-31-5-158.us-east-2.compute.internal:8080/function/source
func source url is http://ip-172-31-5-158.us-east-2.compute.internal:8080/function/source
encoded json is {"topic_name":"nexmark_src","rate_shape":"square","aid":"q7","events_num":23040000,"rate_period":10000000000,"finOutTpNs":["q7_out"],"first_event_rate":128000,"next_event_rate":128000,"bid_avg_size":100,"person_avg_size":200,"auction_avg_size":500,"duration":180,"person_proportion":1,"auction_proportion":3,"bid_proportion":46,"bid_hot_ratio_auctions":2,"bid_hot_ratio_bidders":4,"auction_hot_ratio_sellers":4,"flushms":100,"bufMaxSize":131072,"commEveryMs":100,"rate_limited":false,"waitEnd":true,"serde_format":1,"numOutPar":4,"nSrcIns":4,"gua":4}, node constraint is 1,2,3,4
src instance: 4
func source url is http://ip-172-31-5-158.us-east-2.compute.internal:8080/function/source
encoded json is {"topic_name":"nexmark_src","rate_shape":"square","aid":"q7","events_num":23040000,"rate_period":10000000000,"finOutTpNs":["q7_out"],"first_event_rate":128000,"next_event_rate":128000,"bid_avg_size":100,"person_avg_size":200,"auction_avg_size":500,"duration":180,"person_proportion":1,"auction_proportion":3,"bid_proportion":46,"bid_hot_ratio_auctions":2,"bid_hot_ratio_bidders":4,"auction_hot_ratio_sellers":4,"flushms":100,"bufMaxSize":131072,"commEveryMs":100,"rate_limited":false,"waitEnd":true,"serde_format":1,"numOutPar":4,"parNum":2,"nSrcIns":4,"gua":4}, node constraint is 1,2,3,4
encoded json is {"topic_name":"nexmark_src","rate_shape":"square","aid":"q7","events_num":23040000,"rate_period":10000000000,"finOutTpNs":["q7_out"],"first_event_rate":128000,"next_event_rate":128000,"bid_avg_size":100,"person_avg_size":200,"auction_avg_size":500,"duration":180,"person_proportion":1,"auction_proportion":3,"bid_proportion":46,"bid_hot_ratio_auctions":2,"bid_hot_ratio_bidders":4,"auction_hot_ratio_sellers":4,"flushms":100,"bufMaxSize":131072,"commEveryMs":100,"rate_limited":false,"waitEnd":true,"serde_format":1,"numOutPar":4,"parNum":3,"nSrcIns":4,"gua":4}, node constraint is 1,2,3,4
encoded json is {"topic_name":"nexmark_src","rate_shape":"square","aid":"q7","events_num":23040000,"rate_period":10000000000,"finOutTpNs":["q7_out"],"first_event_rate":128000,"next_event_rate":128000,"bid_avg_size":100,"person_avg_size":200,"auction_avg_size":500,"duration":180,"person_proportion":1,"auction_proportion":3,"bid_proportion":46,"bid_hot_ratio_auctions":2,"bid_hot_ratio_bidders":4,"auction_hot_ratio_sellers":4,"flushms":100,"bufMaxSize":131072,"commEveryMs":100,"rate_limited":false,"waitEnd":true,"serde_format":1,"numOutPar":4,"parNum":1,"nSrcIns":4,"gua":4}, node constraint is 1,2,3,4
Waiting for all client to return
func name is q7BidByPrice
func name is q7MaxBid
func name is q7JoinMaxBid
func url is http://ip-172-31-5-158.us-east-2.compute.internal:8080/function/q7MaxBid
func name is q7MaxBid
func url is http://ip-172-31-5-158.us-east-2.compute.internal:8080/function/q7MaxBid
func name is q7BidByWin
func url is http://ip-172-31-5-158.us-east-2.compute.internal:8080/function/q7BidByWin
func name is q7JoinMaxBid
func url is http://ip-172-31-5-158.us-east-2.compute.internal:8080/function/q7JoinMaxBid
func name is q7BidByWin
func url is http://ip-172-31-5-158.us-east-2.compute.internal:8080/function/q7BidByWin
func name is q7BidByPrice
func url is http://ip-172-31-5-158.us-east-2.compute.internal:8080/function/q7BidByPrice
func name is q7JoinMaxBid
func url is http://ip-172-31-5-158.us-east-2.compute.internal:8080/function/q7JoinMaxBid
func url is http://ip-172-31-5-158.us-east-2.compute.internal:8080/function/q7JoinMaxBid
func name is q7BidByWin
func url is http://ip-172-31-5-158.us-east-2.compute.internal:8080/function/q7BidByWin
func name is q7MaxBid
func url is http://ip-172-31-5-158.us-east-2.compute.internal:8080/function/q7MaxBid
func name is q7BidByPrice
func url is http://ip-172-31-5-158.us-east-2.compute.internal:8080/function/q7BidByPrice
func name is q7BidByPrice
func url is http://ip-172-31-5-158.us-east-2.compute.internal:8080/function/q7BidByPrice
func url is http://ip-172-31-5-158.us-east-2.compute.internal:8080/function/q7BidByPrice
func name is q7JoinMaxBid
func url is http://ip-172-31-5-158.us-east-2.compute.internal:8080/function/q7JoinMaxBid
func name is q7MaxBid
func url is http://ip-172-31-5-158.us-east-2.compute.internal:8080/function/q7MaxBid
encoded json is {"aid":"q7","numOutPartition":"BA==","numSubstreamProducer":"BA==","outputTopicName":["max_bids"],"inputTopicName":["bid_by_win"],"commEveryMs":100,"flushMs":100,"snapEveryS":10,"duration":180,"bufMaxSize":131072,"epoch":1,"waitEnd":true,"numChangelogPartition":4,"numInPartition":4,"ParNum":2,"gua":4,"serdeFormat":1}, node constraint is 5,6,7,8
encoded json is {"aid":"q7","numOutPartition":"BA==","numSubstreamProducer":"BA==","outputTopicName":["max_bids"],"inputTopicName":["bid_by_win"],"commEveryMs":100,"flushMs":100,"snapEveryS":10,"duration":180,"bufMaxSize":131072,"epoch":1,"waitEnd":true,"numChangelogPartition":4,"numInPartition":4,"ParNum":3,"gua":4,"serdeFormat":1}, node constraint is 5,6,7,8
encoded json is {"aid":"q7","numOutPartition":"BA==","numSubstreamProducer":"BAQ=","outputTopicName":["q7_out"],"inputTopicName":["bid_by_price","max_bids"],"commEveryMs":100,"flushMs":100,"snapEveryS":10,"duration":180,"bufMaxSize":131072,"epoch":1,"waitEnd":true,"numChangelogPartition":4,"numInPartition":4,"ParNum":3,"gua":4,"serdeFormat":1}, node constraint is 5,6,7,8
encoded json is {"aid":"q7","numOutPartition":"BA==","numSubstreamProducer":"AQ==","outputTopicName":["bid_by_win"],"inputTopicName":["nexmark_src"],"commEveryMs":100,"flushMs":100,"snapEveryS":10,"duration":180,"bufMaxSize":131072,"epoch":1,"waitEnd":true,"numChangelogPartition":4,"numInPartition":4,"ParNum":1,"gua":4,"serdeFormat":1}, node constraint is 5,6,7,8
encoded json is {"aid":"q7","numOutPartition":"BA==","numSubstreamProducer":"AQ==","outputTopicName":["bid_by_win"],"inputTopicName":["nexmark_src"],"commEveryMs":100,"flushMs":100,"snapEveryS":10,"duration":180,"bufMaxSize":131072,"epoch":1,"waitEnd":true,"numChangelogPartition":4,"numInPartition":4,"ParNum":2,"gua":4,"serdeFormat":1}, node constraint is 5,6,7,8
func name is q7BidByWin
func url is http://ip-172-31-5-158.us-east-2.compute.internal:8080/function/q7BidByWin
encoded json is {"aid":"q7","numOutPartition":"BA==","numSubstreamProducer":"BAQ=","outputTopicName":["q7_out"],"inputTopicName":["bid_by_price","max_bids"],"commEveryMs":100,"flushMs":100,"snapEveryS":10,"duration":180,"bufMaxSize":131072,"epoch":1,"waitEnd":true,"numChangelogPartition":4,"numInPartition":4,"ParNum":2,"gua":4,"serdeFormat":1}, node constraint is 5,6,7,8
encoded json is {"aid":"q7","numOutPartition":"BA==","numSubstreamProducer":"BA==","outputTopicName":["max_bids"],"inputTopicName":["bid_by_win"],"commEveryMs":100,"flushMs":100,"snapEveryS":10,"duration":180,"bufMaxSize":131072,"epoch":1,"waitEnd":true,"numChangelogPartition":4,"numInPartition":4,"ParNum":1,"gua":4,"serdeFormat":1}, node constraint is 5,6,7,8
encoded json is {"aid":"q7","numOutPartition":"BA==","numSubstreamProducer":"BAQ=","outputTopicName":["q7_out"],"inputTopicName":["bid_by_price","max_bids"],"commEveryMs":100,"flushMs":100,"snapEveryS":10,"duration":180,"bufMaxSize":131072,"epoch":1,"waitEnd":true,"numChangelogPartition":4,"numInPartition":4,"gua":4,"serdeFormat":1}, node constraint is 5,6,7,8
encoded json is {"aid":"q7","numOutPartition":"BA==","numSubstreamProducer":"AQ==","outputTopicName":["bid_by_win"],"inputTopicName":["nexmark_src"],"commEveryMs":100,"flushMs":100,"snapEveryS":10,"duration":180,"bufMaxSize":131072,"epoch":1,"waitEnd":true,"numChangelogPartition":4,"numInPartition":4,"ParNum":3,"gua":4,"serdeFormat":1}, node constraint is 5,6,7,8
encoded json is {"aid":"q7","numOutPartition":"BA==","numSubstreamProducer":"AQ==","outputTopicName":["bid_by_price"],"inputTopicName":["nexmark_src"],"commEveryMs":100,"flushMs":100,"snapEveryS":10,"duration":180,"bufMaxSize":131072,"epoch":1,"waitEnd":true,"numChangelogPartition":4,"numInPartition":4,"gua":4,"serdeFormat":1}, node constraint is 5,6,7,8
encoded json is {"aid":"q7","numOutPartition":"BA==","numSubstreamProducer":"BAQ=","outputTopicName":["q7_out"],"inputTopicName":["bid_by_price","max_bids"],"commEveryMs":100,"flushMs":100,"snapEveryS":10,"duration":180,"bufMaxSize":131072,"epoch":1,"waitEnd":true,"numChangelogPartition":4,"numInPartition":4,"ParNum":1,"gua":4,"serdeFormat":1}, node constraint is 5,6,7,8
encoded json is {"aid":"q7","numOutPartition":"BA==","numSubstreamProducer":"BA==","outputTopicName":["max_bids"],"inputTopicName":["bid_by_win"],"commEveryMs":100,"flushMs":100,"snapEveryS":10,"duration":180,"bufMaxSize":131072,"epoch":1,"waitEnd":true,"numChangelogPartition":4,"numInPartition":4,"gua":4,"serdeFormat":1}, node constraint is 5,6,7,8
encoded json is {"aid":"q7","numOutPartition":"BA==","numSubstreamProducer":"AQ==","outputTopicName":["bid_by_price"],"inputTopicName":["nexmark_src"],"commEveryMs":100,"flushMs":100,"snapEveryS":10,"duration":180,"bufMaxSize":131072,"epoch":1,"waitEnd":true,"numChangelogPartition":4,"numInPartition":4,"ParNum":1,"gua":4,"serdeFormat":1}, node constraint is 5,6,7,8
encoded json is {"aid":"q7","numOutPartition":"BA==","numSubstreamProducer":"AQ==","outputTopicName":["bid_by_price"],"inputTopicName":["nexmark_src"],"commEveryMs":100,"flushMs":100,"snapEveryS":10,"duration":180,"bufMaxSize":131072,"epoch":1,"waitEnd":true,"numChangelogPartition":4,"numInPartition":4,"ParNum":2,"gua":4,"serdeFormat":1}, node constraint is 5,6,7,8
encoded json is {"aid":"q7","numOutPartition":"BA==","numSubstreamProducer":"AQ==","outputTopicName":["bid_by_price"],"inputTopicName":["nexmark_src"],"commEveryMs":100,"flushMs":100,"snapEveryS":10,"duration":180,"bufMaxSize":131072,"epoch":1,"waitEnd":true,"numChangelogPartition":4,"numInPartition":4,"ParNum":3,"gua":4,"serdeFormat":1}, node constraint is 5,6,7,8
encoded json is {"aid":"q7","numOutPartition":"BA==","numSubstreamProducer":"AQ==","outputTopicName":["bid_by_win"],"inputTopicName":["nexmark_src"],"commEveryMs":100,"flushMs":100,"snapEveryS":10,"duration":180,"bufMaxSize":131072,"epoch":1,"waitEnd":true,"numChangelogPartition":4,"numInPartition":4,"gua":4,"serdeFormat":1}, node constraint is 5,6,7,8
{"level":"error","time":"2024-03-03T23:52:54-06:00","message":"q7JoinMaxBid request failed with failed message: "}
q7JoinMaxBid-1 call done
{"level":"error","time":"2024-03-03T23:52:55-06:00","message":"q7JoinMaxBid request failed with failed message: "}
q7JoinMaxBid-2 call done
{"level":"error","time":"2024-03-03T23:52:55-06:00","message":"q7JoinMaxBid request failed with failed message: "}
q7JoinMaxBid-0 call done
source-1 invoke done
source-3 invoke done
source-2 invoke done
source-0 invoke done
q7BidByWin-3 call done
q7MaxBid-0 call done
q7BidByWin-1 call done
q7BidByWin-2 call done
q7MaxBid-1 call done
q7BidByWin-0 call done
q7BidByPrice-3 call done
q7MaxBid-2 call done
q7BidByPrice-0 call done
q7BidByPrice-1 call done
q7BidByPrice-2 call done
q7MaxBid-3 call done
q7JoinMaxBid-3 call done
sink processed: 5760002, throughput: (event/s) 31998.310099789658
sink_ctrl processed: 2, throughput: (event/s) 0.01111052048238513
source-0 duration: 180.009568694

sink processed: 5760002, throughput: (event/s) 31998.225093379566
sink_ctrl processed: 2, throughput: (event/s) 0.011110490966280763
source-1 duration: 180.010046907

sink_ctrl processed: 2, throughput: (event/s) 0.011110599081868348
sink processed: 5760002, throughput: (event/s) 31998.536466379923
source-2 duration: 180.008295256

sink processed: 5760002, throughput: (event/s) 31998.195453861106
sink_ctrl processed: 2, throughput: (event/s) 0.011110480674784873
source-3 duration: 180.010213648

sink_ctrl processed 8 events, duration: 180.010213648, tp: 0.044442
sink processed 23040008 events, duration: 180.010213648, tp: 127992.781815

nexmark_src_src_ctrl processed: 18, throughput: (event/s) 0.09998647405309323
nexmark_src_src_data processed: 5760000, throughput: (event/s) 31995.671696989833
nexmark_src_src_epoch processed: 0, throughput: (event/s) 0
nexmark_src_src_logEntry processed: 12320, throughput: (event/s) 68.43518668522826
sink processed: 5299200, throughput: (event/s) 29436.017961230646
nexmark_src_src processed: 5760018, throughput: (event/s) 31995.771683463885
q7BidByPrice-0 duration: 180.024349998

nexmark_src_src_epoch processed: 0, throughput: (event/s) 0
nexmark_src_src_logEntry processed: 12332, throughput: (event/s) 68.5014028552075
sink processed: 5299200, throughput: (event/s) 29435.828252539377
nexmark_src_src processed: 5760018, throughput: (event/s) 31995.56547772029
nexmark_src_src_ctrl processed: 18, throughput: (event/s) 0.09998582966215822
nexmark_src_src_data processed: 5760000, throughput: (event/s) 31995.465491890627
q7BidByPrice-1 duration: 180.025510223

nexmark_src_src_data processed: 5760000, throughput: (event/s) 31995.950203613684
nexmark_src_src_epoch processed: 0, throughput: (event/s) 0
nexmark_src_src_logEntry processed: 12327, throughput: (event/s) 68.47466634721282
sink processed: 5299200, throughput: (event/s) 29436.274187324587
nexmark_src_src processed: 5760018, throughput: (event/s) 31996.050190958067
nexmark_src_src_ctrl processed: 18, throughput: (event/s) 0.09998734438629275
q7BidByPrice-2 duration: 180.022782988

nexmark_src_src_data processed: 5760000, throughput: (event/s) 31995.64912355799
nexmark_src_src_epoch processed: 0, throughput: (event/s) 0
nexmark_src_src_logEntry processed: 12321, throughput: (event/s) 68.44069320336075
sink processed: 5299200, throughput: (event/s) 29435.99719367335
nexmark_src_src processed: 5760018, throughput: (event/s) 31995.7491099615
nexmark_src_src_ctrl processed: 18, throughput: (event/s) 0.0999864035111187
q7BidByPrice-3 duration: 180.024477008

nexmark_src_src_data processed 23040000 events, duration: 180.025510223
nexmark_src_src_epoch processed 0 events, duration: 180.025510223
nexmark_src_src_logEntry processed 49300 events, duration: 180.025510223
sink processed 21196800 events, duration: 180.025510223
nexmark_src_src processed 23040072 events, duration: 180.025510223
nexmark_src_src_ctrl processed 72 events, duration: 180.025510223

sink processed: 5299200, throughput: (event/s) 29436.183382141488
nexmark_src_src processed: 5760018, throughput: (event/s) 31995.95148936365
nexmark_src_src_ctrl processed: 18, throughput: (event/s) 0.09998703594477408
nexmark_src_src_data processed: 5760000, throughput: (event/s) 31995.851502327707
nexmark_src_src_epoch processed: 0, throughput: (event/s) 0
nexmark_src_src_logEntry processed: 12320, throughput: (event/s) 68.43557126886759
q7BidByWin-0 duration: 180.023338325

nexmark_src_src_ctrl processed: 18, throughput: (event/s) 0.09998671541281483
nexmark_src_src_data processed: 5760000, throughput: (event/s) 31995.74893210074
nexmark_src_src_epoch processed: 0, throughput: (event/s) 0
nexmark_src_src_logEntry processed: 12332, throughput: (event/s) 68.50200969282402
sink processed: 5299200, throughput: (event/s) 29436.089017532682
nexmark_src_src processed: 5760018, throughput: (event/s) 31995.848918816155
q7BidByWin-1 duration: 180.023915434

nexmark_src_src_data processed: 5760000, throughput: (event/s) 31996.237507504615
nexmark_src_src_epoch processed: 0, throughput: (event/s) 0
nexmark_src_src_logEntry processed: 12327, throughput: (event/s) 68.4752812074669
sink processed: 5299200, throughput: (event/s) 29436.538506904246
nexmark_src_src processed: 5760018, throughput: (event/s) 31996.337495746826
nexmark_src_src_ctrl processed: 18, throughput: (event/s) 0.09998824221095193
q7BidByWin-2 duration: 180.021166509

nexmark_src_src processed: 5760018, throughput: (event/s) 31995.901082979708
nexmark_src_src_ctrl processed: 18, throughput: (event/s) 0.0999868784253165
nexmark_src_src_data processed: 5760000, throughput: (event/s) 31995.80109610128
nexmark_src_src_epoch processed: 0, throughput: (event/s) 0
nexmark_src_src_logEntry processed: 12321, throughput: (event/s) 68.44101828212915
sink processed: 5299200, throughput: (event/s) 29436.137008413178
q7BidByWin-3 duration: 180.023621934

nexmark_src_src processed 23040072 events, duration: 180.023915434
nexmark_src_src_ctrl processed 72 events, duration: 180.023915434
nexmark_src_src_data processed 23040000 events, duration: 180.023915434
nexmark_src_src_epoch processed 0 events, duration: 180.023915434
nexmark_src_src_logEntry processed 49300 events, duration: 180.023915434
sink processed 21196800 events, duration: 180.023915434

bid_by_win_src_epoch processed: 0, throughput: (event/s) 0
bid_by_win_src_logEntry processed: 13401, throughput: (event/s) 74.44048565855198
sink processed: 502, throughput: (event/s) 2.7885324826948055
bid_by_win_src processed: 5717147, throughput: (event/s) 31757.86876063976
bid_by_win_src_ctrl processed: 21, throughput: (event/s) 0.11665175724420501
bid_by_win_src_data processed: 5717126, throughput: (event/s) 31757.752108882516
q7MaxBid-0 duration: 180.023006049

bid_by_win_src_data processed: 3532800, throughput: (event/s) 19624.135178739984
bid_by_win_src_epoch processed: 0, throughput: (event/s) 0
bid_by_win_src_logEntry processed: 8254, throughput: (event/s) 45.84964101146961
sink processed: 306, throughput: (event/s) 1.6997807304954808
bid_by_win_src processed: 3532821, throughput: (event/s) 19624.251830358742
bid_by_win_src_ctrl processed: 21, throughput: (event/s) 0.11665161875949379
q7MaxBid-1 duration: 180.023219766

sink processed: 812, throughput: (event/s) 4.510515672349177
bid_by_win_src processed: 9420821, throughput: (event/s) 52330.98616612838
bid_by_win_src_ctrl processed: 21, throughput: (event/s) 0.11665126738834078
bid_by_win_src_data processed: 9420800, throughput: (event/s) 52330.86951486099
bid_by_win_src_epoch processed: 0, throughput: (event/s) 0
bid_by_win_src_logEntry processed: 22008, throughput: (event/s) 122.25052822298113
q7MaxBid-2 duration: 180.023762023

bid_by_win_src_logEntry processed: 5901, throughput: (event/s) 32.778586965896764
sink processed: 220, throughput: (event/s) 1.2220452690217403
bid_by_win_src processed: 2526095, throughput: (event/s) 14031.829290224876
bid_by_win_src_ctrl processed: 21, throughput: (event/s) 0.11664977567934792
bid_by_win_src_data processed: 2526074, throughput: (event/s) 14031.712640449197
bid_by_win_src_epoch processed: 0, throughput: (event/s) 0
q7MaxBid-3 duration: 180.026064154

sink processed 1840 events, duration: 180.026064154
bid_by_win_src processed 21196884 events, duration: 180.026064154
bid_by_win_src_ctrl processed 84 events, duration: 180.026064154
bid_by_win_src_data processed 21196800 events, duration: 180.026064154
bid_by_win_src_epoch processed 0 events, duration: 180.026064154
bid_by_win_src_logEntry processed 49564 events, duration: 180.026064154

q7JoinMaxBid-0 failed, msg Win WaitForAllSnapshot failed: read tcp 172.99.0.162:34718->172.99.0.30:6666: i/o timeout
q7JoinMaxBid-1 failed, msg Win WaitForAllSnapshot failed: read tcp 172.99.0.249:41710->172.99.0.30:6666: i/o timeout
q7JoinMaxBid-2 failed, msg Win WaitForAllSnapshot failed: read tcp 172.99.1.3:49858->172.99.0.31:6666: i/o timeout
eventTimeLatency_sink, p50: 35 ms, p90: 6895 ms, p99: 9916 ms
maxBidsWithWinSrc_logEntry processed: 385, throughput: (event/s) 2.109241671206136
sink processed: 387, throughput: (event/s) 2.1201987707968173
bidByPriceSrc_ctrl processed: 21, throughput: (event/s) 0.11504954570215287
bidByPriceSrc_data processed: 5344618, throughput: (event/s) 29280.755850073754
maxBidsWithWinSrc processed: 406, throughput: (event/s) 2.2242912169082887
bidByPriceSrc processed: 5344639, throughput: (event/s) 29280.870899619455
maxBidsWithWinSrc_data processed: 385, throughput: (event/s) 2.109241671206136
bidByPriceSrc_logEntry processed: 14421, throughput: (event/s) 79.00616659860698
maxBidsWithWinSrc_ctrl processed: 21, throughput: (event/s) 0.11504954570215287
maxBidsWithWinSrc_epoch processed: 0, throughput: (event/s) 0
bidByPriceSrc_epoch processed: 0, throughput: (event/s) 0
q7JoinMaxBid-3 duration: 182.530055828

maxBidsWithWinSrc_data processed 385 events, duration: 182.530055828
bidByPriceSrc_logEntry processed 14421 events, duration: 182.530055828
bidByPriceSrc_epoch processed 0 events, duration: 182.530055828
maxBidsWithWinSrc_logEntry processed 385 events, duration: 182.530055828
sink processed 387 events, duration: 182.530055828
maxBidsWithWinSrc processed 406 events, duration: 182.530055828
maxBidsWithWinSrc_ctrl processed 21 events, duration: 182.530055828
maxBidsWithWinSrc_epoch processed 0 events, duration: 182.530055828
bidByPriceSrc_ctrl processed 21 events, duration: 182.530055828
bidByPriceSrc_data processed 5344618 events, duration: 182.530055828
bidByPriceSrc processed 5344639 events, duration: 182.530055828

