wait for last: true, sink max_buf_size: 131072
warmup: 0
config: map[NodeConstraint:"1,2,3,4" NumInstance:4 OutputTopicName:["nexmark_src"] funcName:"source"]
config: map[InputTopicNames:["nexmark_src"] NodeConstraint:"5,6,7,8" NumInstance:4 NumSrcProducer:[1] OutputTopicName:["q3_aucsBySellerID_out","q3_personsByID_out"] funcName:"q3GroupBy"]
config: map[Final:true InputTopicNames:["q3_aucsBySellerID_out","q3_personsByID_out"] NodeConstraint:"5,6,7,8" NumInstance:4 NumSrcProducer:[4,4] OutputTopicName:["q3_out"] funcName:"q3JoinTable"]
srcInvokeConfig: &{FinalTpNames:[q3_out] TopicName:nexmark_src AppId:q3 NodeConstraint:1,2,3,4 AdditionalBytes:0 ScaleEpoch:0 NumOutPartition:4 InstanceID:0 NumSrcInstance:4}
cliNodes: [0xc0000261e0 0xc000026240]
inParamsMap: map[q3GroupBy:[0xc00007eaa0 0xc00007eb40 0xc00007ebe0 0xc00007ec80] q3JoinTable:[0xc00007ed20 0xc00007edc0 0xc00007ee60 0xc00007ef00]]
configScaleInput: &{Config:map[changelog:4 nexmark_src:4 q3GroupBy:4 q3JoinTable:4 q3_aucsBySellerID_out:4 q3_out:4 q3_personsByID_out:4 source:4] AppId:q3 FuncNames:[source q3GroupBy q3JoinTable] BufMaxSize:131072 ScaleEpoch:0 SerdeFormat:1 Bootstrap:false}
encoded json is {"sg":{"changelog":4,"nexmark_src":4,"q3GroupBy":4,"q3JoinTable":4,"q3_aucsBySellerID_out":4,"q3_out":4,"q3_personsByID_out":4,"source":4},"aid":"q3","fns":["source","q3GroupBy","q3JoinTable"],"bufMaxSize":131072,"epoch":1,"serdeFormat":1,"bs":true}, node constraint is 1
encoded json is {"outTpNames":["q3_out"]}, node constraint is 1
redis_setup url is http://ip-172-31-6-184.us-east-2.compute.internal:8080/function/redisSetup
chkptmngr url is http://ip-172-31-6-184.us-east-2.compute.internal:8080/function/chkptmngr
encoded json is {"srcTpName":"nexmark_src","outTpNames":["q3_out"],"numOutParts":"BA==","chkptEveryMs":100,"bufMaxSize":131072,"srcNumPart":4,"gua":4,"serde_format":1}, node constraint is 1
func source url is http://ip-172-31-6-184.us-east-2.compute.internal:8080/function/source
func source url is http://ip-172-31-6-184.us-east-2.compute.internal:8080/function/source
src instance: 4
func source url is http://ip-172-31-6-184.us-east-2.compute.internal:8080/function/source
func source url is http://ip-172-31-6-184.us-east-2.compute.internal:8080/function/source
encoded json is {"topic_name":"nexmark_src","rate_shape":"square","aid":"q3","events_num":5760000,"rate_period":10000000000,"finOutTpNs":["q3_out"],"first_event_rate":32000,"next_event_rate":32000,"bid_avg_size":100,"person_avg_size":200,"auction_avg_size":500,"duration":180,"person_proportion":1,"auction_proportion":3,"bid_proportion":46,"bid_hot_ratio_auctions":2,"bid_hot_ratio_bidders":4,"auction_hot_ratio_sellers":4,"flushms":100,"bufMaxSize":131072,"commEveryMs":100,"rate_limited":false,"waitEnd":true,"serde_format":1,"numOutPar":4,"parNum":3,"nSrcIns":4,"gua":4}, node constraint is 1,2,3,4
encoded json is {"topic_name":"nexmark_src","rate_shape":"square","aid":"q3","events_num":5760000,"rate_period":10000000000,"finOutTpNs":["q3_out"],"first_event_rate":32000,"next_event_rate":32000,"bid_avg_size":100,"person_avg_size":200,"auction_avg_size":500,"duration":180,"person_proportion":1,"auction_proportion":3,"bid_proportion":46,"bid_hot_ratio_auctions":2,"bid_hot_ratio_bidders":4,"auction_hot_ratio_sellers":4,"flushms":100,"bufMaxSize":131072,"commEveryMs":100,"rate_limited":false,"waitEnd":true,"serde_format":1,"numOutPar":4,"nSrcIns":4,"gua":4}, node constraint is 1,2,3,4
encoded json is {"topic_name":"nexmark_src","rate_shape":"square","aid":"q3","events_num":5760000,"rate_period":10000000000,"finOutTpNs":["q3_out"],"first_event_rate":32000,"next_event_rate":32000,"bid_avg_size":100,"person_avg_size":200,"auction_avg_size":500,"duration":180,"person_proportion":1,"auction_proportion":3,"bid_proportion":46,"bid_hot_ratio_auctions":2,"bid_hot_ratio_bidders":4,"auction_hot_ratio_sellers":4,"flushms":100,"bufMaxSize":131072,"commEveryMs":100,"rate_limited":false,"waitEnd":true,"serde_format":1,"numOutPar":4,"parNum":2,"nSrcIns":4,"gua":4}, node constraint is 1,2,3,4
encoded json is {"topic_name":"nexmark_src","rate_shape":"square","aid":"q3","events_num":5760000,"rate_period":10000000000,"finOutTpNs":["q3_out"],"first_event_rate":32000,"next_event_rate":32000,"bid_avg_size":100,"person_avg_size":200,"auction_avg_size":500,"duration":180,"person_proportion":1,"auction_proportion":3,"bid_proportion":46,"bid_hot_ratio_auctions":2,"bid_hot_ratio_bidders":4,"auction_hot_ratio_sellers":4,"flushms":100,"bufMaxSize":131072,"commEveryMs":100,"rate_limited":false,"waitEnd":true,"serde_format":1,"numOutPar":4,"parNum":1,"nSrcIns":4,"gua":4}, node constraint is 1,2,3,4
Waiting for all client to return
func name is q3GroupBy
func name is q3JoinTable
func url is http://ip-172-31-6-184.us-east-2.compute.internal:8080/function/q3JoinTable
func name is q3JoinTable
func url is http://ip-172-31-6-184.us-east-2.compute.internal:8080/function/q3JoinTable
func url is http://ip-172-31-6-184.us-east-2.compute.internal:8080/function/q3GroupBy
func name is q3GroupBy
func url is http://ip-172-31-6-184.us-east-2.compute.internal:8080/function/q3GroupBy
func name is q3JoinTable
func url is http://ip-172-31-6-184.us-east-2.compute.internal:8080/function/q3JoinTable
func name is q3GroupBy
func url is http://ip-172-31-6-184.us-east-2.compute.internal:8080/function/q3GroupBy
func name is q3JoinTable
func url is http://ip-172-31-6-184.us-east-2.compute.internal:8080/function/q3JoinTable
func name is q3GroupBy
func url is http://ip-172-31-6-184.us-east-2.compute.internal:8080/function/q3GroupBy
encoded json is {"aid":"q3","numOutPartition":"BA==","numSubstreamProducer":"BAQ=","outputTopicName":["q3_out"],"inputTopicName":["q3_aucsBySellerID_out","q3_personsByID_out"],"commEveryMs":100,"flushMs":100,"snapEveryS":10,"duration":180,"bufMaxSize":131072,"epoch":1,"waitEnd":true,"numChangelogPartition":4,"numInPartition":4,"ParNum":2,"gua":4,"serdeFormat":1}, node constraint is 5,6,7,8
encoded json is {"aid":"q3","numOutPartition":"BA==","numSubstreamProducer":"BAQ=","outputTopicName":["q3_out"],"inputTopicName":["q3_aucsBySellerID_out","q3_personsByID_out"],"commEveryMs":100,"flushMs":100,"snapEveryS":10,"duration":180,"bufMaxSize":131072,"epoch":1,"waitEnd":true,"numChangelogPartition":4,"numInPartition":4,"gua":4,"serdeFormat":1}, node constraint is 5,6,7,8
encoded json is {"aid":"q3","numOutPartition":"BA==","numSubstreamProducer":"BAQ=","outputTopicName":["q3_out"],"inputTopicName":["q3_aucsBySellerID_out","q3_personsByID_out"],"commEveryMs":100,"flushMs":100,"snapEveryS":10,"duration":180,"bufMaxSize":131072,"epoch":1,"waitEnd":true,"numChangelogPartition":4,"numInPartition":4,"ParNum":3,"gua":4,"serdeFormat":1}, node constraint is 5,6,7,8
encoded json is {"aid":"q3","numOutPartition":"BAQ=","numSubstreamProducer":"AQ==","outputTopicName":["q3_aucsBySellerID_out","q3_personsByID_out"],"inputTopicName":["nexmark_src"],"commEveryMs":100,"flushMs":100,"snapEveryS":10,"duration":180,"bufMaxSize":131072,"epoch":1,"waitEnd":true,"numChangelogPartition":4,"numInPartition":4,"ParNum":1,"gua":4,"serdeFormat":1}, node constraint is 5,6,7,8
encoded json is {"aid":"q3","numOutPartition":"BAQ=","numSubstreamProducer":"AQ==","outputTopicName":["q3_aucsBySellerID_out","q3_personsByID_out"],"inputTopicName":["nexmark_src"],"commEveryMs":100,"flushMs":100,"snapEveryS":10,"duration":180,"bufMaxSize":131072,"epoch":1,"waitEnd":true,"numChangelogPartition":4,"numInPartition":4,"ParNum":3,"gua":4,"serdeFormat":1}, node constraint is 5,6,7,8
encoded json is {"aid":"q3","numOutPartition":"BAQ=","numSubstreamProducer":"AQ==","outputTopicName":["q3_aucsBySellerID_out","q3_personsByID_out"],"inputTopicName":["nexmark_src"],"commEveryMs":100,"flushMs":100,"snapEveryS":10,"duration":180,"bufMaxSize":131072,"epoch":1,"waitEnd":true,"numChangelogPartition":4,"numInPartition":4,"ParNum":2,"gua":4,"serdeFormat":1}, node constraint is 5,6,7,8
encoded json is {"aid":"q3","numOutPartition":"BA==","numSubstreamProducer":"BAQ=","outputTopicName":["q3_out"],"inputTopicName":["q3_aucsBySellerID_out","q3_personsByID_out"],"commEveryMs":100,"flushMs":100,"snapEveryS":10,"duration":180,"bufMaxSize":131072,"epoch":1,"waitEnd":true,"numChangelogPartition":4,"numInPartition":4,"ParNum":1,"gua":4,"serdeFormat":1}, node constraint is 5,6,7,8
encoded json is {"aid":"q3","numOutPartition":"BAQ=","numSubstreamProducer":"AQ==","outputTopicName":["q3_aucsBySellerID_out","q3_personsByID_out"],"inputTopicName":["nexmark_src"],"commEveryMs":100,"flushMs":100,"snapEveryS":10,"duration":180,"bufMaxSize":131072,"epoch":1,"waitEnd":true,"numChangelogPartition":4,"numInPartition":4,"gua":4,"serdeFormat":1}, node constraint is 5,6,7,8
source-3 invoke done
source-2 invoke done
source-1 invoke done
source-0 invoke done
q3GroupBy-1 call done
q3GroupBy-3 call done
q3GroupBy-0 call done
q3GroupBy-2 call done
q3JoinTable-0 call done
q3JoinTable-1 call done
q3JoinTable-2 call done
q3JoinTable-3 call done
sink_ctrl processed: 2, throughput: (event/s) 0.011108876706273077
sink processed: 1440002, throughput: (event/s) 7998.402337393321
source-0 duration: 180.036204639

sink processed: 1440002, throughput: (event/s) 7998.403478491546
sink_ctrl processed: 2, throughput: (event/s) 0.011108878291129519
source-1 duration: 180.036178954

sink processed: 1440002, throughput: (event/s) 7998.395742442841
sink_ctrl processed: 2, throughput: (event/s) 0.011108867546632354
source-2 duration: 180.036353085

sink processed: 1440002, throughput: (event/s) 7998.70245046871
sink_ctrl processed: 2, throughput: (event/s) 0.011109293529409973
source-3 duration: 180.029449641

sink_ctrl processed 8 events, duration: 180.036353085, tp: 0.044435
sink processed 5760008 events, duration: 180.036353085, tp: 31993.582970

nexmark_src_src_epoch processed: 0, throughput: (event/s) 0
nexmark_src_src_logEntry processed: 3525, throughput: (event/s) 19.57622865436669
perSink processed: 14476, throughput: (event/s) 80.39304567393255
aucSink processed: 17355, throughput: (event/s) 96.38168746000963
nexmark_src_src processed: 1441279, throughput: (event/s) 8004.200640776446
nexmark_src_src_ctrl processed: 1279, throughput: (event/s) 7.102977716009929
nexmark_src_src_data processed: 1440000, throughput: (event/s) 7997.0976630604355
q3GroupBy-0 duration: 180.065326281

nexmark_src_src_epoch processed: 0, throughput: (event/s) 0
nexmark_src_src_logEntry processed: 3520, throughput: (event/s) 19.549121423815382
perSink processed: 14386, throughput: (event/s) 79.89592636449095
aucSink processed: 17252, throughput: (event/s) 95.81290988740426
nexmark_src_src processed: 1441279, throughput: (event/s) 8004.471072896367
nexmark_src_src_ctrl processed: 1279, throughput: (event/s) 7.1032176991647376
nexmark_src_src_data processed: 1440000, throughput: (event/s) 7997.3678551972025
q3GroupBy-1 duration: 180.05924275

nexmark_src_src_logEntry processed: 3519, throughput: (event/s) 19.54292360898439
perSink processed: 14316, throughput: (event/s) 79.5045451509578
aucSink processed: 17201, throughput: (event/s) 95.52652145443037
nexmark_src_src processed: 1441279, throughput: (event/s) 8004.207273723618
nexmark_src_src_ctrl processed: 1279, throughput: (event/s) 7.102983602128739
nexmark_src_src_data processed: 1440000, throughput: (event/s) 7997.104290121489
nexmark_src_src_epoch processed: 0, throughput: (event/s) 0
q3GroupBy-2 duration: 180.065177064

aucSink processed: 17484, throughput: (event/s) 97.10375233835495
nexmark_src_src processed: 1441279, throughput: (event/s) 8004.667070834585
nexmark_src_src_ctrl processed: 1279, throughput: (event/s) 7.103391628961106
nexmark_src_src_data processed: 1440000, throughput: (event/s) 7997.563679205624
nexmark_src_src_epoch processed: 0, throughput: (event/s) 0
nexmark_src_src_logEntry processed: 3525, throughput: (event/s) 19.577369423055433
perSink processed: 14445, throughput: (event/s) 80.22556065703141
q3GroupBy-3 duration: 180.054833917

nexmark_src_src_epoch processed 0 events, duration: 180.065326281
nexmark_src_src_logEntry processed 14089 events, duration: 180.065326281
perSink processed 57623 events, duration: 180.065326281
aucSink processed 69292 events, duration: 180.065326281
nexmark_src_src processed 5765116 events, duration: 180.065326281
nexmark_src_src_ctrl processed 5116 events, duration: 180.065326281
nexmark_src_src_data processed 5760000 events, duration: 180.065326281

eventTimeLatency_sink, p50: 70 ms, p90: 118 ms, p99: 159 ms
auctionsSrc_epoch processed: 0, throughput: (event/s) 0
personsSrc_data processed: 14449, throughput: (event/s) 80.22242061414316
personsSrc_logEntry processed: 7158, throughput: (event/s) 39.74199506928069
sink processed: 13921, throughput: (event/s) 77.29090714717191
auctionsSrc_data processed: 15790, throughput: (event/s) 87.66779856718945
auctionsSrc_logEntry processed: 4800, throughput: (event/s) 26.65012242701136
personsSrc processed: 15731, throughput: (event/s) 87.34022414569077
personsSrc_epoch processed: 0, throughput: (event/s) 0
auctionsSrc processed: 17072, throughput: (event/s) 94.78560209873707
auctionsSrc_ctrl processed: 1282, throughput: (event/s) 7.117803531547618
personsSrc_ctrl processed: 1282, throughput: (event/s) 7.117803531547618
q3JoinTable-0 duration: 180.111742944

eventTimeLatency_sink, p50: 70 ms, p90: 116 ms, p99: 150 ms
personsSrc_data processed: 14508, throughput: (event/s) 80.55081794120316
sink processed: 14595, throughput: (event/s) 81.03385634490351
auctionsSrc processed: 17331, throughput: (event/s) 96.22458131644555
auctionsSrc_data processed: 16049, throughput: (event/s) 89.1067050688151
personsSrc_logEntry processed: 7285, throughput: (event/s) 40.447526102954576
personsSrc processed: 15790, throughput: (event/s) 87.6686941888336
personsSrc_epoch processed: 0, throughput: (event/s) 0
auctionsSrc_logEntry processed: 4792, throughput: (event/s) 26.60597736243766
auctionsSrc_ctrl processed: 1282, throughput: (event/s) 7.117876247630442
auctionsSrc_epoch processed: 0, throughput: (event/s) 0
personsSrc_ctrl processed: 1282, throughput: (event/s) 7.117876247630442
q3JoinTable-1 duration: 180.109902926

eventTimeLatency_sink, p50: 71 ms, p90: 118 ms, p99: 155 ms
sink processed: 15735, throughput: (event/s) 87.36144940877367
auctionsSrc_logEntry processed: 4848, throughput: (event/s) 26.91632073299871
auctionsSrc_epoch processed: 0, throughput: (event/s) 0
personsSrc_logEntry processed: 7247, throughput: (event/s) 40.23567994060265
personsSrc_ctrl processed: 1282, throughput: (event/s) 7.117723428156837
personsSrc_data processed: 14218, throughput: (event/s) 78.93899508699992
auctionsSrc_ctrl processed: 1282, throughput: (event/s) 7.117723428156837
personsSrc processed: 15500, throughput: (event/s) 86.05671851515676
personsSrc_epoch processed: 0, throughput: (event/s) 0
auctionsSrc processed: 17832, throughput: (event/s) 99.00409061692099
auctionsSrc_data processed: 16550, throughput: (event/s) 91.88636718876415
q3JoinTable-2 duration: 180.113769935

eventTimeLatency_sink, p50: 70 ms, p90: 118 ms, p99: 151 ms
auctionsSrc_ctrl processed: 1282, throughput: (event/s) 7.117840819725478
sink processed: 19677, throughput: (event/s) 109.24941794831375
auctionsSrc_data processed: 20903, throughput: (event/s) 116.05633904424467
auctionsSrc processed: 22185, throughput: (event/s) 123.17417986397014
personsSrc processed: 15730, throughput: (event/s) 87.33512955872213
personsSrc_data processed: 14448, throughput: (event/s) 80.21728873899664
personsSrc_epoch processed: 0, throughput: (event/s) 0
personsSrc_logEntry processed: 7224, throughput: (event/s) 40.10864436949832
auctionsSrc_epoch processed: 0, throughput: (event/s) 0
auctionsSrc_logEntry processed: 5413, throughput: (event/s) 30.053722587499227
personsSrc_ctrl processed: 1282, throughput: (event/s) 7.117840819725478
q3JoinTable-3 duration: 180.110799394

auctionsSrc_epoch processed 0 events, duration: 180.113769935
auctionsSrc_data processed 69292 events, duration: 180.113769935
auctionsSrc_logEntry processed 19853 events, duration: 180.113769935
personsSrc processed 62751 events, duration: 180.113769935
auctionsSrc_ctrl processed 5128 events, duration: 180.113769935
personsSrc_ctrl processed 5128 events, duration: 180.113769935
personsSrc_data processed 57623 events, duration: 180.113769935
personsSrc_logEntry processed 28914 events, duration: 180.113769935
sink processed 63928 events, duration: 180.113769935
personsSrc_epoch processed 0 events, duration: 180.113769935
auctionsSrc processed 74420 events, duration: 180.113769935

