parallel restore str: , false
env str: , async2ndPhase: false
env str: , create snapshot: false
2024/03/03 21:10:56 [INFO] Load configuration for function scale[40]
2024/03/03 21:10:56 [INFO] Load configuration for function chkptmngr[50]
2024/03/03 21:10:56 [INFO] Load configuration for function redisSetup[70]
2024/03/03 21:10:56 [INFO] Load configuration for function source[20]
2024/03/03 21:10:56 [INFO] Load configuration for function query2[30]
2024/03/03 21:10:56 [INFO] Parse FAAS_ENGINE_ID: 1
2024/03/03 21:10:56 [INFO] Parse FAAS_ENGINE_ID: 1
2024/03/03 21:10:56 [INFO] Current GOMAXPROCS is 2
2024/03/03 21:10:56 [INFO] Parse FAAS_ENGINE_ID: 1
2024/03/03 21:10:56 [INFO] Start new FuncWorker with client id 1
2024/03/03 21:10:56 [INFO] Current GOMAXPROCS is 3
2024/03/03 21:10:56 [INFO] Parse FAAS_ENGINE_ID: 1
2024/03/03 21:10:56 [INFO] Current GOMAXPROCS is 4
2024/03/03 21:10:56 [INFO] Start new FuncWorker with client id 2
2024/03/03 21:10:56 [INFO] Start new FuncWorker with client id 3
2024/03/03 21:10:56 [INFO] Start new FuncWorker with client id 4
Enter nexmark: funcName: source
Enter nexmark: funcName: source
2024/03/03 21:10:56 [INFO] Handshake with engine done
2024/03/03 21:10:56 [INFO] Handshake with engine done
Enter nexmark: funcName: source
2024/03/03 21:10:56 [INFO] Handshake with engine done
Enter nexmark: funcName: source
2024/03/03 21:10:56 [INFO] Handshake with engine done
redis address is [snapcache-1:6666 snapcache-2:6666 snapcache-3:6666 snapcache-4:6666]
new buffered sink stream nexmark_src[0] with bufMaxSize 131072
new buffered sink stream nexmark_src[1] with bufMaxSize 131072
new buffered sink stream nexmark_src[2] with bufMaxSize 131072
new buffered sink stream nexmark_src[3] with bufMaxSize 131072
Generator config: 
	InterEventDelayUs: [20.833333333333332]
	EventPerEpoch    : 0
	MaxEvents        : 34560000
	FirstEventNumber : 1
	EpochPeriodMs    : 0
	StepLengthSec    : 5
	BaseTime         : 1709500383565
	FirstEventId     : 1
	TotalProportion  : 50
	BidProportion    : 46
	AuctionProportion: 3
	PersonProportion : 1
Nexmark config: 
	NumEvents            : 34560000
	NumEventGenerators   : 4
	RateShape            : 0
	FirstEventRate       : 192000
	NextEventRate        : 192000
	RateUnit             : 1000000
	RatePeriodSec        : 10
	PreloadSeconds       : 0
	StreamTimeout        : 240
	IsRateLimited        : false
	UseWallclockEventTime: false
	AvgPersonByteSize    : 200
	AvgAuctionByteSize   : 500
	AvgBidByteSize       : 100
	HotAuctionRatio      : 2
	HotSellersRatio      : 4
	HotBiddersRatio      : 4
	WindowSizeSec        : 10
	WindowPeriodSec      : 5
	WatermarkHoldbackSec : 0
	NumInFlightAuctions  : 100
	NumActivePeople      : 1000
	OccasionalDelaySec   : 3
	ProbDelayedEvent     : 0.1
	OutOfOrderGroupSize  : 1
Input config: 
	SrcTopicName   : nexmark_src
	AppId          : q2
	FinalOutTpNames: [q2_out]
	Duration(s)    : 180
	FlushMs        : 10
	BufMaxSize     : 131072
	CommitEveryMs  : 100
	WaitForEndMark : true
	SerdeFormat    : MSGP
	NumOutPartition: 4
	ParNum         : 0
	NumSrcInstance : 4
	Guarantee      : ALIGN_CHKPT
new buffered sink stream __control_log_q2[0] with bufMaxSize 131072
new buffered sink stream __control_log_q2[0] with bufMaxSize 131072
generate events to [0]
StartTs: 1709500383565
gen first chkpt
srcGen_0 stats (480048 samples): dur=10.008248733s, p50=4, p90=14, p99=54
nexmark_src_bufEntry_0 stats (1656 samples): dur=10.002653519s, p50=502, p90=511, p99=514
nexmark_src_bufSize_0 stats (1656 samples): dur=10.002757612s, p50=129666, p90=131014, p99=131064
srcGen_0 stats (480384 samples): dur=10.007259709s, p50=4, p90=14, p99=50
nexmark_src_bufEntry_0 stats (1650 samples): dur=10.005787565s, p50=494, p90=511, p99=514
nexmark_src_bufSize_0 stats (1650 samples): dur=10.005770249s, p50=126981, p90=131023, p99=131066
srcGen_0 stats (480384 samples): dur=10.00799242s, p50=4, p90=14, p99=50
nexmark_src_bufEntry_0 stats (1659 samples): dur=10.008736405s, p50=499, p90=508, p99=512
nexmark_src_bufSize_0 stats (1659 samples): dur=10.008733471s, p50=129671, p90=131014, p99=131067
srcGen_0 stats (480336 samples): dur=10.007523952s, p50=4, p90=14, p99=49
nexmark_src_bufEntry_0 stats (1659 samples): dur=10.006673916s, p50=490, p90=507, p99=509
nexmark_src_bufSize_0 stats (1659 samples): dur=10.006674526s, p50=127668, p90=131016, p99=131064
srcGen_0 stats (480384 samples): dur=10.008178289s, p50=4, p90=14, p99=52
nexmark_src_bufEntry_0 stats (1656 samples): dur=10.006116619s, p50=491, p90=507, p99=510
nexmark_src_bufSize_0 stats (1656 samples): dur=10.00613208s, p50=127204, p90=131016, p99=131066
srcGen_0 stats (480384 samples): dur=10.007879595s, p50=4, p90=14, p99=49
nexmark_src_bufEntry_0 stats (1643 samples): dur=10.007866153s, p50=473, p90=507, p99=510
nexmark_src_bufSize_0 stats (1643 samples): dur=10.007860772s, p50=123902, p90=131021, p99=131066
srcGen_0 stats (480384 samples): dur=10.009332647s, p50=4, p90=14, p99=49
nexmark_src_bufEntry_0 stats (1636 samples): dur=10.009342016s, p50=495, p90=506, p99=509
nexmark_src_bufSize_0 stats (1636 samples): dur=10.009332908s, p50=129335, p90=131020, p99=131066
srcGen_0 stats (480465 samples): dur=10.00697131s, p50=4, p90=14, p99=51
nexmark_src_bufEntry_0 stats (1632 samples): dur=10.006971443s, p50=493, p90=503, p99=505
nexmark_src_bufSize_0 stats (1632 samples): dur=10.006972867s, p50=128544, p90=131020, p99=131065
srcGen_0 stats (480256 samples): dur=10.006998331s, p50=4, p90=14, p99=49
nexmark_src_bufEntry_0 stats (1654 samples): dur=10.006987444s, p50=473, p90=503, p99=505
nexmark_src_bufSize_0 stats (1654 samples): dur=10.006982755s, p50=123677, p90=131022, p99=131064
nexmark_src_bufEntry_0 stats (1654 samples): dur=10.000538864s, p50=487, p90=503, p99=505
nexmark_src_bufSize_0 stats (1654 samples): dur=10.000542263s, p50=127665, p90=131022, p99=131068
srcGen_0 stats (480335 samples): dur=10.007639131s, p50=4, p90=14, p99=49
nexmark_src_bufEntry_0 stats (1648 samples): dur=10.001669952s, p50=480, p90=503, p99=505
nexmark_src_bufSize_0 stats (1648 samples): dur=10.00169084s, p50=125073, p90=131020, p99=131064
srcGen_0 stats (480406 samples): dur=10.006995939s, p50=4, p90=14, p99=52
nexmark_src_bufEntry_0 stats (1663 samples): dur=10.000569361s, p50=473, p90=503, p99=505
nexmark_src_bufSize_0 stats (1663 samples): dur=10.000547348s, p50=124214, p90=131020, p99=131066
srcGen_0 stats (480362 samples): dur=10.008856028s, p50=4, p90=14, p99=51
nexmark_src_bufEntry_0 stats (1658 samples): dur=10.000105034s, p50=487, p90=503, p99=505
nexmark_src_bufSize_0 stats (1658 samples): dur=10.000107961s, p50=126661, p90=131022, p99=131067
srcGen_0 stats (480432 samples): dur=10.00753059s, p50=4, p90=14, p99=52
nexmark_src_bufEntry_0 stats (1662 samples): dur=10.00171095s, p50=480, p90=503, p99=505
nexmark_src_bufSize_0 stats (1662 samples): dur=10.001708859s, p50=125413, p90=131021, p99=131063
srcGen_0 stats (480310 samples): dur=10.007157658s, p50=4, p90=14, p99=50
nexmark_src_bufEntry_0 stats (1662 samples): dur=10.00188772s, p50=480, p90=503, p99=505
nexmark_src_bufSize_0 stats (1662 samples): dur=10.00191017s, p50=124619, p90=131025, p99=131067
srcGen_0 stats (480386 samples): dur=10.007127667s, p50=4, p90=14, p99=50
nexmark_src_bufEntry_0 stats (1662 samples): dur=10.007008995s, p50=480, p90=503, p99=506
nexmark_src_bufSize_0 stats (1662 samples): dur=10.00700976s, p50=125875, p90=131018, p99=131064
srcGen_0 stats (480360 samples): dur=10.008626541s, p50=4, p90=14, p99=52
nexmark_src_bufEntry_0 stats (1653 samples): dur=10.004780015s, p50=476, p90=503, p99=505
nexmark_src_bufSize_0 stats (1653 samples): dur=10.004757298s, p50=123257, p90=131018, p99=131063
srcGen_0 stats (480372 samples): dur=10.006809242s, p50=4, p90=14, p99=50
[0] chkmngr has terminated
generate stream end mark with tag: 404b3c06f60bdf00
[0] all stopped
