wait for last: true, sink max_buf_size: 131072
warmup: 0
encoded json is {"sg":{"changelog":4,"nexmark_src":4,"q8GroupBy":4,"q8JoinStream":4,"q8_aucsBySellerID_out":4,"q8_out":4,"q8_personsByID_out":4,"source":4},"aid":"q8","fns":["source","q8GroupBy","q8JoinStream"],"bufMaxSize":131072,"epoch":1,"serdeFormat":1,"bs":true}, node constraint is 1
config: map[NodeConstraint:"1,2,3,4" NumInstance:4 OutputTopicName:["nexmark_src"] funcName:"source"]
config: map[InputTopicNames:["nexmark_src"] NodeConstraint:"5,6,7,8" NumInstance:4 NumSrcProducer:[1] OutputTopicName:["q8_aucsBySellerID_out","q8_personsByID_out"] funcName:"q8GroupBy"]
config: map[Final:true InputTopicNames:["q8_aucsBySellerID_out","q8_personsByID_out"] NodeConstraint:"5,6,7,8" NumInstance:4 NumSrcProducer:[4,4] OutputTopicName:["q8_out"] funcName:"q8JoinStream"]
srcInvokeConfig: &{FinalTpNames:[q8_out] TopicName:nexmark_src AppId:q8 NodeConstraint:1,2,3,4 AdditionalBytes:100 ScaleEpoch:0 NumOutPartition:4 InstanceID:0 NumSrcInstance:4}
cliNodes: [0xc0000261e0 0xc000026240]
inParamsMap: map[q8GroupBy:[0xc00007eaa0 0xc00007eb40 0xc00007ebe0 0xc00007ec80] q8JoinStream:[0xc00007ed20 0xc00007edc0 0xc00007ee60 0xc00007ef00]]
configScaleInput: &{Config:map[changelog:4 nexmark_src:4 q8GroupBy:4 q8JoinStream:4 q8_aucsBySellerID_out:4 q8_out:4 q8_personsByID_out:4 source:4] AppId:q8 FuncNames:[source q8GroupBy q8JoinStream] BufMaxSize:131072 ScaleEpoch:0 SerdeFormat:1 Bootstrap:false}
func source url is http://ip-172-31-11-25.us-east-2.compute.internal:8080/function/source
func source url is http://ip-172-31-11-25.us-east-2.compute.internal:8080/function/source
func source url is http://ip-172-31-11-25.us-east-2.compute.internal:8080/function/source
func source url is http://ip-172-31-11-25.us-east-2.compute.internal:8080/function/source
src instance: 4
encoded json is {"topic_name":"nexmark_src","rate_shape":"square","aid":"q8","events_num":20160000,"rate_period":10000000000,"finOutTpNs":["q8_out"],"first_event_rate":112000,"next_event_rate":112000,"bid_avg_size":200,"person_avg_size":300,"auction_avg_size":600,"duration":180,"person_proportion":1,"auction_proportion":3,"bid_proportion":46,"bid_hot_ratio_auctions":2,"bid_hot_ratio_bidders":4,"auction_hot_ratio_sellers":4,"flushms":100,"bufMaxSize":131072,"commEveryMs":100,"rate_limited":false,"waitEnd":true,"serde_format":1,"numOutPar":4,"parNum":3,"nSrcIns":4,"gua":2}, node constraint is 1,2,3,4
encoded json is {"topic_name":"nexmark_src","rate_shape":"square","aid":"q8","events_num":20160000,"rate_period":10000000000,"finOutTpNs":["q8_out"],"first_event_rate":112000,"next_event_rate":112000,"bid_avg_size":200,"person_avg_size":300,"auction_avg_size":600,"duration":180,"person_proportion":1,"auction_proportion":3,"bid_proportion":46,"bid_hot_ratio_auctions":2,"bid_hot_ratio_bidders":4,"auction_hot_ratio_sellers":4,"flushms":100,"bufMaxSize":131072,"commEveryMs":100,"rate_limited":false,"waitEnd":true,"serde_format":1,"numOutPar":4,"parNum":2,"nSrcIns":4,"gua":2}, node constraint is 1,2,3,4
encoded json is {"topic_name":"nexmark_src","rate_shape":"square","aid":"q8","events_num":20160000,"rate_period":10000000000,"finOutTpNs":["q8_out"],"first_event_rate":112000,"next_event_rate":112000,"bid_avg_size":200,"person_avg_size":300,"auction_avg_size":600,"duration":180,"person_proportion":1,"auction_proportion":3,"bid_proportion":46,"bid_hot_ratio_auctions":2,"bid_hot_ratio_bidders":4,"auction_hot_ratio_sellers":4,"flushms":100,"bufMaxSize":131072,"commEveryMs":100,"rate_limited":false,"waitEnd":true,"serde_format":1,"numOutPar":4,"nSrcIns":4,"gua":2}, node constraint is 1,2,3,4
encoded json is {"topic_name":"nexmark_src","rate_shape":"square","aid":"q8","events_num":20160000,"rate_period":10000000000,"finOutTpNs":["q8_out"],"first_event_rate":112000,"next_event_rate":112000,"bid_avg_size":200,"person_avg_size":300,"auction_avg_size":600,"duration":180,"person_proportion":1,"auction_proportion":3,"bid_proportion":46,"bid_hot_ratio_auctions":2,"bid_hot_ratio_bidders":4,"auction_hot_ratio_sellers":4,"flushms":100,"bufMaxSize":131072,"commEveryMs":100,"rate_limited":false,"waitEnd":true,"serde_format":1,"numOutPar":4,"parNum":1,"nSrcIns":4,"gua":2}, node constraint is 1,2,3,4
func name is q8GroupBy
func url is http://ip-172-31-11-25.us-east-2.compute.internal:8080/function/q8GroupBy
Waiting for all client to return
func name is q8JoinStream
func url is http://ip-172-31-11-25.us-east-2.compute.internal:8080/function/q8JoinStream
func name is q8GroupBy
func url is http://ip-172-31-11-25.us-east-2.compute.internal:8080/function/q8GroupBy
func name is q8GroupBy
func url is http://ip-172-31-11-25.us-east-2.compute.internal:8080/function/q8GroupBy
func name is q8JoinStream
func url is http://ip-172-31-11-25.us-east-2.compute.internal:8080/function/q8JoinStream
func name is q8JoinStream
func url is http://ip-172-31-11-25.us-east-2.compute.internal:8080/function/q8JoinStream
func name is q8JoinStream
func url is http://ip-172-31-11-25.us-east-2.compute.internal:8080/function/q8JoinStream
func name is q8GroupBy
func url is http://ip-172-31-11-25.us-east-2.compute.internal:8080/function/q8GroupBy
encoded json is {"aid":"q8","numOutPartition":"BAQ=","numSubstreamProducer":"AQ==","outputTopicName":["q8_aucsBySellerID_out","q8_personsByID_out"],"inputTopicName":["nexmark_src"],"commEveryMs":100,"flushMs":100,"snapEveryS":10,"duration":180,"bufMaxSize":131072,"epoch":1,"waitEnd":true,"numChangelogPartition":4,"numInPartition":4,"ParNum":1,"gua":2,"serdeFormat":1}, node constraint is 5,6,7,8
encoded json is {"aid":"q8","numOutPartition":"BA==","numSubstreamProducer":"BAQ=","outputTopicName":["q8_out"],"inputTopicName":["q8_aucsBySellerID_out","q8_personsByID_out"],"commEveryMs":100,"flushMs":100,"snapEveryS":10,"duration":180,"bufMaxSize":131072,"epoch":1,"waitEnd":true,"numChangelogPartition":4,"numInPartition":4,"gua":2,"serdeFormat":1}, node constraint is 5,6,7,8
encoded json is {"aid":"q8","numOutPartition":"BA==","numSubstreamProducer":"BAQ=","outputTopicName":["q8_out"],"inputTopicName":["q8_aucsBySellerID_out","q8_personsByID_out"],"commEveryMs":100,"flushMs":100,"snapEveryS":10,"duration":180,"bufMaxSize":131072,"epoch":1,"waitEnd":true,"numChangelogPartition":4,"numInPartition":4,"ParNum":2,"gua":2,"serdeFormat":1}, node constraint is 5,6,7,8
encoded json is {"aid":"q8","numOutPartition":"BA==","numSubstreamProducer":"BAQ=","outputTopicName":["q8_out"],"inputTopicName":["q8_aucsBySellerID_out","q8_personsByID_out"],"commEveryMs":100,"flushMs":100,"snapEveryS":10,"duration":180,"bufMaxSize":131072,"epoch":1,"waitEnd":true,"numChangelogPartition":4,"numInPartition":4,"ParNum":3,"gua":2,"serdeFormat":1}, node constraint is 5,6,7,8
encoded json is {"aid":"q8","numOutPartition":"BA==","numSubstreamProducer":"BAQ=","outputTopicName":["q8_out"],"inputTopicName":["q8_aucsBySellerID_out","q8_personsByID_out"],"commEveryMs":100,"flushMs":100,"snapEveryS":10,"duration":180,"bufMaxSize":131072,"epoch":1,"waitEnd":true,"numChangelogPartition":4,"numInPartition":4,"ParNum":1,"gua":2,"serdeFormat":1}, node constraint is 5,6,7,8
encoded json is {"aid":"q8","numOutPartition":"BAQ=","numSubstreamProducer":"AQ==","outputTopicName":["q8_aucsBySellerID_out","q8_personsByID_out"],"inputTopicName":["nexmark_src"],"commEveryMs":100,"flushMs":100,"snapEveryS":10,"duration":180,"bufMaxSize":131072,"epoch":1,"waitEnd":true,"numChangelogPartition":4,"numInPartition":4,"ParNum":2,"gua":2,"serdeFormat":1}, node constraint is 5,6,7,8
encoded json is {"aid":"q8","numOutPartition":"BAQ=","numSubstreamProducer":"AQ==","outputTopicName":["q8_aucsBySellerID_out","q8_personsByID_out"],"inputTopicName":["nexmark_src"],"commEveryMs":100,"flushMs":100,"snapEveryS":10,"duration":180,"bufMaxSize":131072,"epoch":1,"waitEnd":true,"numChangelogPartition":4,"numInPartition":4,"gua":2,"serdeFormat":1}, node constraint is 5,6,7,8
encoded json is {"aid":"q8","numOutPartition":"BAQ=","numSubstreamProducer":"AQ==","outputTopicName":["q8_aucsBySellerID_out","q8_personsByID_out"],"inputTopicName":["nexmark_src"],"commEveryMs":100,"flushMs":100,"snapEveryS":10,"duration":180,"bufMaxSize":131072,"epoch":1,"waitEnd":true,"numChangelogPartition":4,"numInPartition":4,"ParNum":3,"gua":2,"serdeFormat":1}, node constraint is 5,6,7,8
source-3 invoke done
source-1 invoke done
source-0 invoke done
source-2 invoke done
q8GroupBy-3 call done
q8GroupBy-1 call done
q8GroupBy-2 call done
q8GroupBy-0 call done
q8JoinStream-2 call done
q8JoinStream-1 call done
q8JoinStream-0 call done
q8JoinStream-3 call done
sink processed: 5039977, throughput: (event/s) 27999.366702056228
sink_ctrl processed: 1, throughput: (event/s) 0.005555455253477591
source-0 duration: 180.003249846

sink processed: 5040001, throughput: (event/s) 27999.721136877113
sink_ctrl processed: 1, throughput: (event/s) 0.0055554991232892835
source-1 duration: 180.001828424

sink processed: 5040001, throughput: (event/s) 27998.306452352288
sink_ctrl processed: 1, throughput: (event/s) 0.005555218431971003
source-2 duration: 180.010923467

sink_ctrl processed: 1, throughput: (event/s) 0.005555478741525049
sink processed: 5040001, throughput: (event/s) 27999.618412764987
source-3 duration: 180.002488809

sink processed 20159980 events, duration: 180.010923467, tp: 111993.092484
sink_ctrl processed 4 events, duration: 180.010923467, tp: 0.022221

nexmark_src_src_epoch processed: 0, throughput: (event/s) 0
nexmark_src_src_logEntry processed: 14435, throughput: (event/s) 80.17361883606766
personsByIDSink processed: 100799, throughput: (event/s) 559.8490200939926
auctionsBySellerIDSink processed: 302399, throughput: (event/s) 1679.5581685076568
nexmark_src_src processed: 5039977, throughput: (event/s) 27992.600965746296
nexmark_src_src_ctrl processed: 1, throughput: (event/s) 0.005554112839353492
nexmark_src_src_data processed: 5039976, throughput: (event/s) 27992.595411633458
q8GroupBy-0 duration: 180.046756147

nexmark_src_src processed: 5040001, throughput: (event/s) 27994.13431994782
nexmark_src_src_ctrl processed: 1, throughput: (event/s) 0.005554390628086744
nexmark_src_src_data processed: 5040000, throughput: (event/s) 27994.128765557194
nexmark_src_src_epoch processed: 0, throughput: (event/s) 0
nexmark_src_src_logEntry processed: 14303, throughput: (event/s) 79.4444491535247
personsByIDSink processed: 100800, throughput: (event/s) 559.8825753111438
auctionsBySellerIDSink processed: 302400, throughput: (event/s) 1679.6477259334315
q8GroupBy-1 duration: 180.037751566

nexmark_src_src_data processed: 5040000, throughput: (event/s) 27992.81506238575
nexmark_src_src_epoch processed: 0, throughput: (event/s) 0
nexmark_src_src_logEntry processed: 14369, throughput: (event/s) 79.80729357766286
personsByIDSink processed: 100800, throughput: (event/s) 559.856301247715
auctionsBySellerIDSink processed: 302400, throughput: (event/s) 1679.568903743145
nexmark_src_src processed: 5040001, throughput: (event/s) 27992.82061651572
nexmark_src_src_ctrl processed: 1, throughput: (event/s) 0.005554129972695585
q8GroupBy-2 duration: 180.04620074

nexmark_src_src_ctrl processed: 1, throughput: (event/s) 0.005554453663284698
nexmark_src_src_data processed: 5040000, throughput: (event/s) 27994.446462954875
nexmark_src_src_epoch processed: 0, throughput: (event/s) 0
nexmark_src_src_logEntry processed: 14360, throughput: (event/s) 79.76195460476826
personsByIDSink processed: 100800, throughput: (event/s) 559.8889292590975
auctionsBySellerIDSink processed: 302400, throughput: (event/s) 1679.6667877772925
nexmark_src_src processed: 5040001, throughput: (event/s) 27994.45201740854
q8GroupBy-3 duration: 180.035708392

nexmark_src_src_logEntry processed 57467 events, duration: 180.046756147
personsByIDSink processed 403199 events, duration: 180.046756147
auctionsBySellerIDSink processed 1209599 events, duration: 180.046756147
nexmark_src_src processed 20159980 events, duration: 180.046756147
nexmark_src_src_ctrl processed 4 events, duration: 180.046756147
nexmark_src_src_data processed 20159976 events, duration: 180.046756147
nexmark_src_src_epoch processed 0 events, duration: 180.046756147

eventTimeLatency_sink, p50: 142 ms, p90: 256 ms, p99: 433 ms
auctionsBySellerIDSrc_ctrl processed: 4, throughput: (event/s) 0.022213058621884482
auctionsBySellerIDSrc_epoch processed: 6133, throughput: (event/s) 34.05817213200438
auctionsBySellerIDSrc_data processed: 297312, throughput: (event/s) 1651.0522212474298
personsByIDSrc processed: 106421, throughput: (event/s) 590.9839778998921
personsByIDSrc_epoch processed: 6133, throughput: (event/s) 34.05817213200438
personsByIDSrc_ctrl processed: 4, throughput: (event/s) 0.022213058621884482
auctionsBySellerIDSrc processed: 303449, throughput: (event/s) 1685.132606438056
auctionsBySellerIDSrc_logEntry processed: 6197, throughput: (event/s) 34.41358106995453
personsByIDSrc_data processed: 100284, throughput: (event/s) 556.9035927092658
personsByIDSrc_logEntry processed: 6133, throughput: (event/s) 34.05817213200438
sink processed: 1187319, throughput: (event/s) 6593.496637469316
q8JoinStream-0 duration: 180.074255783

eventTimeLatency_sink, p50: 141 ms, p90: 251 ms, p99: 458 ms
auctionsBySellerIDSrc_data processed: 302186, throughput: (event/s) 1677.8675335561522
personsByIDSrc_data processed: 101027, throughput: (event/s) 560.9456537118774
personsByIDSrc_ctrl processed: 4, throughput: (event/s) 0.022209732198793488
personsByIDSrc_epoch processed: 6133, throughput: (event/s) 34.053071893800116
auctionsBySellerIDSrc processed: 308323, throughput: (event/s) 1711.942815182151
auctionsBySellerIDSrc_epoch processed: 6133, throughput: (event/s) 34.053071893800116
sink processed: 1210342, throughput: (event/s) 6720.342922238026
auctionsBySellerIDSrc_logEntry processed: 6189, throughput: (event/s) 34.364008144583224
personsByIDSrc processed: 107164, throughput: (event/s) 595.0209353378763
personsByIDSrc_logEntry processed: 6133, throughput: (event/s) 34.053071893800116
auctionsBySellerIDSrc_ctrl processed: 4, throughput: (event/s) 0.022209732198793488
q8JoinStream-1 duration: 180.101226084

eventTimeLatency_sink, p50: 133 ms, p90: 223 ms, p99: 353 ms
personsByIDSrc_data processed: 100504, throughput: (event/s) 558.1177332579568
personsByIDSrc_epoch processed: 6133, throughput: (event/s) 34.05770972370303
personsByIDSrc_logEntry processed: 6133, throughput: (event/s) 34.05770972370303
auctionsBySellerIDSrc_data processed: 291216, throughput: (event/s) 1617.1775631661344
personsByIDSrc_ctrl processed: 4, throughput: (event/s) 0.022212757034862567
auctionsBySellerIDSrc processed: 297353, throughput: (event/s) 1651.2574856468723
auctionsBySellerIDSrc_ctrl processed: 4, throughput: (event/s) 0.022212757034862567
auctionsBySellerIDSrc_logEntry processed: 6182, throughput: (event/s) 34.329815997380095
auctionsBySellerIDSrc_epoch processed: 6133, throughput: (event/s) 34.05770972370303
personsByIDSrc processed: 106641, throughput: (event/s) 592.1976557386947
sink processed: 1166307, throughput: (event/s) 6476.723504764864
q8JoinStream-2 duration: 180.076700687

eventTimeLatency_sink, p50: 139 ms, p90: 237 ms, p99: 374 ms
personsByIDSrc_logEntry processed: 6133, throughput: (event/s) 34.04286224636606
sink processed: 1277251, throughput: (event/s) 7089.724416604158
personsByIDSrc_data processed: 101384, throughput: (event/s) 562.7590976659999
personsByIDSrc_ctrl processed: 4, throughput: (event/s) 0.022203073371182824
auctionsBySellerIDSrc_ctrl processed: 4, throughput: (event/s) 0.022203073371182824
auctionsBySellerIDSrc_data processed: 318885, throughput: (event/s) 1770.0567629924087
personsByIDSrc processed: 107521, throughput: (event/s) 596.8241629857371
personsByIDSrc_epoch processed: 6133, throughput: (event/s) 34.04286224636606
auctionsBySellerIDSrc processed: 325022, throughput: (event/s) 1804.121828312146
auctionsBySellerIDSrc_logEntry processed: 6197, throughput: (event/s) 34.39811142030499
auctionsBySellerIDSrc_epoch processed: 6133, throughput: (event/s) 34.04286224636606
q8JoinStream-3 duration: 180.155239463

auctionsBySellerIDSrc processed 1234147 events, duration: 180.155239463
personsByIDSrc_data processed 403199 events, duration: 180.155239463
personsByIDSrc_logEntry processed 24532 events, duration: 180.155239463
sink processed 4841219 events, duration: 180.155239463
auctionsBySellerIDSrc_ctrl processed 16 events, duration: 180.155239463
auctionsBySellerIDSrc_epoch processed 24532 events, duration: 180.155239463
auctionsBySellerIDSrc_data processed 1209599 events, duration: 180.155239463
personsByIDSrc processed 427747 events, duration: 180.155239463
personsByIDSrc_epoch processed 24532 events, duration: 180.155239463
personsByIDSrc_ctrl processed 16 events, duration: 180.155239463
auctionsBySellerIDSrc_logEntry processed 24765 events, duration: 180.155239463

