wait for last: true, sink max_buf_size: 131072
warmup: 0
encoded json is {"sg":{"aucBids":4,"bids":4,"changelog":4,"nexmark_src":4,"q5_out":4,"q5aucbids":4,"q5bidkeyedbyauction":4,"q5maxbid":4,"source":4},"aid":"q5","fns":["source","q5bidkeyedbyauction","q5aucbids","q5maxbid"],"bufMaxSize":131072,"epoch":1,"serdeFormat":1,"bs":true}, node constraint is 1
config: map[NodeConstraint:"1,2,3,4" NumInstance:4 OutputTopicName:["nexmark_src"] funcName:"source"]
config: map[InputTopicNames:["nexmark_src"] NodeConstraint:"5,6,7,8" NumInstance:4 NumSrcProducer:[1] OutputTopicName:["bids"] funcName:"q5bidkeyedbyauction"]
config: map[InputTopicNames:["bids"] NodeConstraint:"5,6,7,8" NumInstance:4 NumSrcProducer:[4] OutputTopicName:["aucBids"] funcName:"q5aucbids"]
config: map[Final:true InputTopicNames:["aucBids"] NodeConstraint:"5,6,7,8" NumInstance:4 NumSrcProducer:[4] OutputTopicName:["q5_out"] funcName:"q5maxbid"]
srcInvokeConfig: &{FinalTpNames:[q5_out] TopicName:nexmark_src AppId:q5 NodeConstraint:1,2,3,4 AdditionalBytes:0 ScaleEpoch:0 NumOutPartition:4 InstanceID:0 NumSrcInstance:4}
cliNodes: [0xc0000c0140 0xc0000c0180 0xc0000c01c0]
inParamsMap: map[q5aucbids:[0xc0000a2d20 0xc0000a2dc0 0xc0000a2e60 0xc0000a2f00] q5bidkeyedbyauction:[0xc0000a2aa0 0xc0000a2b40 0xc0000a2be0 0xc0000a2c80] q5maxbid:[0xc0000a2fa0 0xc0000a3040 0xc0000a30e0 0xc0000a3180]]
configScaleInput: &{Config:map[aucBids:4 bids:4 changelog:4 nexmark_src:4 q5_out:4 q5aucbids:4 q5bidkeyedbyauction:4 q5maxbid:4 source:4] AppId:q5 FuncNames:[source q5bidkeyedbyauction q5aucbids q5maxbid] BufMaxSize:131072 ScaleEpoch:0 SerdeFormat:1 Bootstrap:false}
encoded json is {"outTpNames":["q5_out"]}, node constraint is 1
redis_setup url is http://ip-172-31-12-125.us-east-2.compute.internal:8080/function/redisSetup
chkptmngr url is http://ip-172-31-12-125.us-east-2.compute.internal:8080/function/chkptmngr
encoded json is {"srcTpName":"nexmark_src","outTpNames":["q5_out"],"numOutParts":"BA==","chkptEveryMs":100,"bufMaxSize":131072,"srcNumPart":4,"gua":4,"serde_format":1}, node constraint is 1
func source url is http://ip-172-31-12-125.us-east-2.compute.internal:8080/function/source
func source url is http://ip-172-31-12-125.us-east-2.compute.internal:8080/function/source
func source url is http://ip-172-31-12-125.us-east-2.compute.internal:8080/function/source
src instance: 4
func source url is http://ip-172-31-12-125.us-east-2.compute.internal:8080/function/source
encoded json is {"topic_name":"nexmark_src","rate_shape":"square","aid":"q5","events_num":28800000,"rate_period":10000000000,"finOutTpNs":["q5_out"],"first_event_rate":160000,"next_event_rate":160000,"bid_avg_size":100,"person_avg_size":200,"auction_avg_size":500,"duration":180,"person_proportion":1,"auction_proportion":3,"bid_proportion":46,"bid_hot_ratio_auctions":2,"bid_hot_ratio_bidders":4,"auction_hot_ratio_sellers":4,"flushms":100,"bufMaxSize":131072,"commEveryMs":100,"rate_limited":false,"waitEnd":true,"serde_format":1,"numOutPar":4,"parNum":3,"nSrcIns":4,"gua":4}, node constraint is 1,2,3,4
encoded json is {"topic_name":"nexmark_src","rate_shape":"square","aid":"q5","events_num":28800000,"rate_period":10000000000,"finOutTpNs":["q5_out"],"first_event_rate":160000,"next_event_rate":160000,"bid_avg_size":100,"person_avg_size":200,"auction_avg_size":500,"duration":180,"person_proportion":1,"auction_proportion":3,"bid_proportion":46,"bid_hot_ratio_auctions":2,"bid_hot_ratio_bidders":4,"auction_hot_ratio_sellers":4,"flushms":100,"bufMaxSize":131072,"commEveryMs":100,"rate_limited":false,"waitEnd":true,"serde_format":1,"numOutPar":4,"parNum":1,"nSrcIns":4,"gua":4}, node constraint is 1,2,3,4
encoded json is {"topic_name":"nexmark_src","rate_shape":"square","aid":"q5","events_num":28800000,"rate_period":10000000000,"finOutTpNs":["q5_out"],"first_event_rate":160000,"next_event_rate":160000,"bid_avg_size":100,"person_avg_size":200,"auction_avg_size":500,"duration":180,"person_proportion":1,"auction_proportion":3,"bid_proportion":46,"bid_hot_ratio_auctions":2,"bid_hot_ratio_bidders":4,"auction_hot_ratio_sellers":4,"flushms":100,"bufMaxSize":131072,"commEveryMs":100,"rate_limited":false,"waitEnd":true,"serde_format":1,"numOutPar":4,"parNum":2,"nSrcIns":4,"gua":4}, node constraint is 1,2,3,4
encoded json is {"topic_name":"nexmark_src","rate_shape":"square","aid":"q5","events_num":28800000,"rate_period":10000000000,"finOutTpNs":["q5_out"],"first_event_rate":160000,"next_event_rate":160000,"bid_avg_size":100,"person_avg_size":200,"auction_avg_size":500,"duration":180,"person_proportion":1,"auction_proportion":3,"bid_proportion":46,"bid_hot_ratio_auctions":2,"bid_hot_ratio_bidders":4,"auction_hot_ratio_sellers":4,"flushms":100,"bufMaxSize":131072,"commEveryMs":100,"rate_limited":false,"waitEnd":true,"serde_format":1,"numOutPar":4,"nSrcIns":4,"gua":4}, node constraint is 1,2,3,4
Waiting for all client to return
func name is q5bidkeyedbyauction
func url is http://ip-172-31-12-125.us-east-2.compute.internal:8080/function/q5bidkeyedbyauction
func name is q5bidkeyedbyauction
func url is http://ip-172-31-12-125.us-east-2.compute.internal:8080/function/q5bidkeyedbyauction
func name is q5aucbids
func url is http://ip-172-31-12-125.us-east-2.compute.internal:8080/function/q5aucbids
func name is q5maxbid
func url is http://ip-172-31-12-125.us-east-2.compute.internal:8080/function/q5maxbid
func name is q5maxbid
func url is http://ip-172-31-12-125.us-east-2.compute.internal:8080/function/q5maxbid
func name is q5maxbid
func url is http://ip-172-31-12-125.us-east-2.compute.internal:8080/function/q5maxbid
func name is q5bidkeyedbyauction
func url is http://ip-172-31-12-125.us-east-2.compute.internal:8080/function/q5bidkeyedbyauction
func name is q5aucbids
func url is http://ip-172-31-12-125.us-east-2.compute.internal:8080/function/q5aucbids
func name is q5aucbids
func url is http://ip-172-31-12-125.us-east-2.compute.internal:8080/function/q5aucbids
func name is q5maxbid
func url is http://ip-172-31-12-125.us-east-2.compute.internal:8080/function/q5maxbid
encoded json is {"aid":"q5","numOutPartition":"BA==","numSubstreamProducer":"AQ==","outputTopicName":["bids"],"inputTopicName":["nexmark_src"],"commEveryMs":100,"flushMs":100,"snapEveryS":10,"duration":180,"bufMaxSize":131072,"epoch":1,"waitEnd":true,"numChangelogPartition":4,"numInPartition":4,"ParNum":1,"gua":4,"serdeFormat":1}, node constraint is 5,6,7,8
encoded json is {"aid":"q5","numOutPartition":"BA==","numSubstreamProducer":"BA==","outputTopicName":["q5_out"],"inputTopicName":["aucBids"],"commEveryMs":100,"flushMs":100,"snapEveryS":10,"duration":180,"bufMaxSize":131072,"epoch":1,"waitEnd":true,"numChangelogPartition":4,"numInPartition":4,"gua":4,"serdeFormat":1}, node constraint is 5,6,7,8
func name is q5aucbids
func url is http://ip-172-31-12-125.us-east-2.compute.internal:8080/function/q5aucbids
func name is q5bidkeyedbyauction
func url is http://ip-172-31-12-125.us-east-2.compute.internal:8080/function/q5bidkeyedbyauction
encoded json is {"aid":"q5","numOutPartition":"BA==","numSubstreamProducer":"BA==","outputTopicName":["aucBids"],"inputTopicName":["bids"],"commEveryMs":100,"flushMs":100,"snapEveryS":10,"duration":180,"bufMaxSize":131072,"epoch":1,"waitEnd":true,"numChangelogPartition":4,"numInPartition":4,"ParNum":2,"gua":4,"serdeFormat":1}, node constraint is 5,6,7,8
encoded json is {"aid":"q5","numOutPartition":"BA==","numSubstreamProducer":"BA==","outputTopicName":["aucBids"],"inputTopicName":["bids"],"commEveryMs":100,"flushMs":100,"snapEveryS":10,"duration":180,"bufMaxSize":131072,"epoch":1,"waitEnd":true,"numChangelogPartition":4,"numInPartition":4,"ParNum":3,"gua":4,"serdeFormat":1}, node constraint is 5,6,7,8
encoded json is {"aid":"q5","numOutPartition":"BA==","numSubstreamProducer":"BA==","outputTopicName":["q5_out"],"inputTopicName":["aucBids"],"commEveryMs":100,"flushMs":100,"snapEveryS":10,"duration":180,"bufMaxSize":131072,"epoch":1,"waitEnd":true,"numChangelogPartition":4,"numInPartition":4,"ParNum":3,"gua":4,"serdeFormat":1}, node constraint is 5,6,7,8
encoded json is {"aid":"q5","numOutPartition":"BA==","numSubstreamProducer":"BA==","outputTopicName":["aucBids"],"inputTopicName":["bids"],"commEveryMs":100,"flushMs":100,"snapEveryS":10,"duration":180,"bufMaxSize":131072,"epoch":1,"waitEnd":true,"numChangelogPartition":4,"numInPartition":4,"ParNum":1,"gua":4,"serdeFormat":1}, node constraint is 5,6,7,8
encoded json is {"aid":"q5","numOutPartition":"BA==","numSubstreamProducer":"BA==","outputTopicName":["q5_out"],"inputTopicName":["aucBids"],"commEveryMs":100,"flushMs":100,"snapEveryS":10,"duration":180,"bufMaxSize":131072,"epoch":1,"waitEnd":true,"numChangelogPartition":4,"numInPartition":4,"ParNum":1,"gua":4,"serdeFormat":1}, node constraint is 5,6,7,8
encoded json is {"aid":"q5","numOutPartition":"BA==","numSubstreamProducer":"BA==","outputTopicName":["q5_out"],"inputTopicName":["aucBids"],"commEveryMs":100,"flushMs":100,"snapEveryS":10,"duration":180,"bufMaxSize":131072,"epoch":1,"waitEnd":true,"numChangelogPartition":4,"numInPartition":4,"ParNum":2,"gua":4,"serdeFormat":1}, node constraint is 5,6,7,8
encoded json is {"aid":"q5","numOutPartition":"BA==","numSubstreamProducer":"AQ==","outputTopicName":["bids"],"inputTopicName":["nexmark_src"],"commEveryMs":100,"flushMs":100,"snapEveryS":10,"duration":180,"bufMaxSize":131072,"epoch":1,"waitEnd":true,"numChangelogPartition":4,"numInPartition":4,"ParNum":3,"gua":4,"serdeFormat":1}, node constraint is 5,6,7,8
encoded json is {"aid":"q5","numOutPartition":"BA==","numSubstreamProducer":"BA==","outputTopicName":["aucBids"],"inputTopicName":["bids"],"commEveryMs":100,"flushMs":100,"snapEveryS":10,"duration":180,"bufMaxSize":131072,"epoch":1,"waitEnd":true,"numChangelogPartition":4,"numInPartition":4,"gua":4,"serdeFormat":1}, node constraint is 5,6,7,8
encoded json is {"aid":"q5","numOutPartition":"BA==","numSubstreamProducer":"AQ==","outputTopicName":["bids"],"inputTopicName":["nexmark_src"],"commEveryMs":100,"flushMs":100,"snapEveryS":10,"duration":180,"bufMaxSize":131072,"epoch":1,"waitEnd":true,"numChangelogPartition":4,"numInPartition":4,"gua":4,"serdeFormat":1}, node constraint is 5,6,7,8
encoded json is {"aid":"q5","numOutPartition":"BA==","numSubstreamProducer":"AQ==","outputTopicName":["bids"],"inputTopicName":["nexmark_src"],"commEveryMs":100,"flushMs":100,"snapEveryS":10,"duration":180,"bufMaxSize":131072,"epoch":1,"waitEnd":true,"numChangelogPartition":4,"numInPartition":4,"ParNum":2,"gua":4,"serdeFormat":1}, node constraint is 5,6,7,8
source-3 invoke done
source-0 invoke done
source-1 invoke done
source-2 invoke done
q5bidkeyedbyauction-3 call done
q5bidkeyedbyauction-0 call done
q5bidkeyedbyauction-2 call done
q5bidkeyedbyauction-1 call done
q5aucbids-3 call done
q5maxbid-0 call done
q5maxbid-1 call done
q5maxbid-2 call done
q5maxbid-3 call done
q5aucbids-2 call done
q5aucbids-0 call done
q5aucbids-1 call done
sink processed: 7200002, throughput: (event/s) 39965.99608980677
sink_ctrl processed: 2, throughput: (event/s) 0.011101662496706743
source-0 duration: 180.153197829

sink_ctrl processed: 2, throughput: (event/s) 0.011101673364013688
sink processed: 7199962, throughput: (event/s) 39965.813178655364
source-1 duration: 180.153021479

sink processed: 7200002, throughput: (event/s) 39965.99235816079
sink_ctrl processed: 2, throughput: (event/s) 0.011101661460138702
source-2 duration: 180.15321465

sink processed: 7200002, throughput: (event/s) 39966.33196631165
sink_ctrl processed: 2, throughput: (event/s) 0.011101755795709958
source-3 duration: 180.151683824

sink processed 28799968 events, duration: 180.15321465, tp: 159863.747399
sink_ctrl processed 8 events, duration: 180.15321465, tp: 0.044407

nexmark_src_src processed: 7200911, throughput: (event/s) 39968.728426285066
nexmark_src_src_ctrl processed: 911, throughput: (event/s) 5.0565145988258555
nexmark_src_src_data processed: 7200000, throughput: (event/s) 39963.67191168624
nexmark_src_src_epoch processed: 0, throughput: (event/s) 0
nexmark_src_src_logEntry processed: 15809, throughput: (event/s) 87.74801239608996
sink processed: 6624000, throughput: (event/s) 36766.57815875134
q5bidkeyedbyauction-0 duration: 180.163625002

sink processed: 6623962, throughput: (event/s) 36766.517764989105
nexmark_src_src processed: 7200871, throughput: (event/s) 39968.67004141855
nexmark_src_src_ctrl processed: 911, throughput: (event/s) 5.056535300761851
nexmark_src_src_data processed: 7199960, throughput: (event/s) 39963.613506117785
nexmark_src_src_epoch processed: 0, throughput: (event/s) 0
nexmark_src_src_logEntry processed: 15840, throughput: (event/s) 87.9204381603378
q5bidkeyedbyauction-1 duration: 180.162887395

nexmark_src_src processed: 7200911, throughput: (event/s) 39968.76305593912
nexmark_src_src_ctrl processed: 911, throughput: (event/s) 5.056518979884703
nexmark_src_src_data processed: 7200000, throughput: (event/s) 39963.70653695923
nexmark_src_src_epoch processed: 0, throughput: (event/s) 0
nexmark_src_src_logEntry processed: 15840, throughput: (event/s) 87.92015438131031
sink processed: 6624000, throughput: (event/s) 36766.610014002494
q5bidkeyedbyauction-2 duration: 180.163468905

nexmark_src_src processed: 7200911, throughput: (event/s) 39969.285611674306
nexmark_src_src_ctrl processed: 911, throughput: (event/s) 5.056585089335959
nexmark_src_src_data processed: 7200000, throughput: (event/s) 39964.22902658497
nexmark_src_src_epoch processed: 0, throughput: (event/s) 0
nexmark_src_src_logEntry processed: 15806, throughput: (event/s) 87.73258388808361
sink processed: 6624000, throughput: (event/s) 36767.09070445817
q5bidkeyedbyauction-3 duration: 180.16111346

nexmark_src_src processed 28803604 events, duration: 180.163625002
nexmark_src_src_ctrl processed 3644 events, duration: 180.163625002
nexmark_src_src_data processed 28799960 events, duration: 180.163625002
nexmark_src_src_epoch processed 0 events, duration: 180.163625002
nexmark_src_src_logEntry processed 63295 events, duration: 180.163625002
sink processed 26495962 events, duration: 180.163625002

bids_src_epoch processed: 0, throughput: (event/s) 0
bids_src_logEntry processed: 18675, throughput: (event/s) 103.6058623782634
sink processed: 1063920, throughput: (event/s) 5902.4551058357165
bids_src processed: 6565181, throughput: (event/s) 36422.55631455902
bids_src_ctrl processed: 914, throughput: (event/s) 5.070723331391312
bids_src_data processed: 6564267, throughput: (event/s) 36417.485591227625
q5aucbids-0 duration: 180.250417991

sink processed: 1061690, throughput: (event/s) 5890.046685375042
bids_src processed: 6717523, throughput: (event/s) 37267.492469629186
bids_src_ctrl processed: 914, throughput: (event/s) 5.070691699491178
bids_src_data processed: 6716609, throughput: (event/s) 37262.421777929696
bids_src_epoch processed: 0, throughput: (event/s) 0
bids_src_logEntry processed: 18946, throughput: (event/s) 105.10867061111581
q5aucbids-1 duration: 180.251542426

bids_src_data processed: 6644035, throughput: (event/s) 36863.45046044036
bids_src_epoch processed: 0, throughput: (event/s) 0
bids_src_logEntry processed: 18862, throughput: (event/s) 104.65303126561287
sink processed: 1013382, throughput: (event/s) 5622.600897572331
bids_src processed: 6644949, throughput: (event/s) 36868.521654936005
bids_src_ctrl processed: 914, throughput: (event/s) 5.07119449564045
q5aucbids-2 duration: 180.23367094

bids_src_epoch processed: 0, throughput: (event/s) 0
bids_src_logEntry processed: 18707, throughput: (event/s) 103.80677609953241
sink processed: 1076015, throughput: (event/s) 5970.901169868946
bids_src processed: 6571965, throughput: (event/s) 36468.40750996758
bids_src_ctrl processed: 914, throughput: (event/s) 5.0718657911462355
bids_src_data processed: 6571051, throughput: (event/s) 36463.33564417643
q5aucbids-3 duration: 180.209815803

bids_src_ctrl processed 3656 events, duration: 180.251542426
bids_src_data processed 26495962 events, duration: 180.251542426
bids_src_epoch processed 0 events, duration: 180.251542426
bids_src_logEntry processed 75190 events, duration: 180.251542426
sink processed 4215007 events, duration: 180.251542426
bids_src processed 26499618 events, duration: 180.251542426

eventTimeLatency_sink, p50: 56 ms, p90: 165 ms, p99: 359 ms
aucBids_src_epoch processed: 0, throughput: (event/s) 0
aucBids_src_logEntry processed: 6453, throughput: (event/s) 35.80576693206494
sink processed: 373, throughput: (event/s) 2.0696654371083563
aucBids_src processed: 770709, throughput: (event/s) 4276.433724848108
aucBids_src_ctrl processed: 914, throughput: (event/s) 5.07151262605104
aucBids_src_data processed: 769795, throughput: (event/s) 4271.362212222057
q5maxbid-0 duration: 180.22236508

eventTimeLatency_sink, p50: 67 ms, p90: 152 ms, p99: 246 ms
aucBids_src_data processed: 870934, throughput: (event/s) 4832.5255061784055
aucBids_src_epoch processed: 0, throughput: (event/s) 0
aucBids_src_logEntry processed: 5716, throughput: (event/s) 31.71619869394899
sink processed: 470, throughput: (event/s) 2.6078749800832792
aucBids_src processed: 871848, throughput: (event/s) 4837.5969907141425
aucBids_src_ctrl processed: 914, throughput: (event/s) 5.0714845357364196
q5maxbid-1 duration: 180.223363309

eventTimeLatency_sink, p50: 48 ms, p90: 130 ms, p99: 247 ms
aucBids_src_logEntry processed: 7791, throughput: (event/s) 43.22945089736438
sink processed: 680, throughput: (event/s) 3.773074908254111
aucBids_src processed: 1357582, throughput: (event/s) 7532.733206025636
aucBids_src_ctrl processed: 914, throughput: (event/s) 5.071456567859202
aucBids_src_data processed: 1356668, throughput: (event/s) 7527.661749457777
aucBids_src_epoch processed: 0, throughput: (event/s) 0
q5maxbid-2 duration: 180.224357198

eventTimeLatency_sink, p50: 51 ms, p90: 152 ms, p99: 271 ms
aucBids_src_ctrl processed: 914, throughput: (event/s) 5.071416115302934
aucBids_src_data processed: 1217610, throughput: (event/s) 6756.025138024075
aucBids_src_epoch processed: 0, throughput: (event/s) 0
aucBids_src_logEntry processed: 7757, throughput: (event/s) 43.04045383632916
sink processed: 542, throughput: (event/s) 3.007338659184015
aucBids_src processed: 1218524, throughput: (event/s) 6761.096554139378
q5maxbid-3 duration: 180.225794772

aucBids_src_epoch processed 0 events, duration: 180.225794772
aucBids_src_logEntry processed 27717 events, duration: 180.225794772
sink processed 2065 events, duration: 180.225794772
aucBids_src processed 4218663 events, duration: 180.225794772
aucBids_src_ctrl processed 3656 events, duration: 180.225794772
aucBids_src_data processed 4215007 events, duration: 180.225794772

