parallel restore str: , false
env str: , async2ndPhase: false
env str: , create snapshot: false
2024/03/03 08:23:54 [INFO] Load configuration for function scale[40]
2024/03/03 08:23:54 [INFO] Load configuration for function chkptmngr[60]
2024/03/03 08:23:54 [INFO] Load configuration for function redisSetup[70]
2024/03/03 08:23:54 [INFO] Load configuration for function source[20]
2024/03/03 08:23:54 [INFO] Load configuration for function query1[30]
2024/03/03 08:23:54 [INFO] Parse FAAS_ENGINE_ID: 1
2024/03/03 08:23:54 [INFO] Parse FAAS_ENGINE_ID: 1
2024/03/03 08:23:54 [INFO] Current GOMAXPROCS is 2
2024/03/03 08:23:54 [INFO] Parse FAAS_ENGINE_ID: 1
2024/03/03 08:23:54 [INFO] Current GOMAXPROCS is 3
2024/03/03 08:23:54 [INFO] Parse FAAS_ENGINE_ID: 1
2024/03/03 08:23:54 [INFO] Current GOMAXPROCS is 4
2024/03/03 08:23:54 [INFO] Start new FuncWorker with client id 1
2024/03/03 08:23:54 [INFO] Start new FuncWorker with client id 2
2024/03/03 08:23:54 [INFO] Start new FuncWorker with client id 3
2024/03/03 08:23:54 [INFO] Start new FuncWorker with client id 4
Enter nexmark: funcName: source
Enter nexmark: funcName: source
2024/03/03 08:23:54 [INFO] Handshake with engine done
2024/03/03 08:23:54 [INFO] Handshake with engine done
Enter nexmark: funcName: source
Enter nexmark: funcName: source
2024/03/03 08:23:54 [INFO] Handshake with engine done
2024/03/03 08:23:54 [INFO] Handshake with engine done
redis address is [snapcache-1:6666 snapcache-2:6666 snapcache-3:6666 snapcache-4:6666]
new buffered sink stream nexmark_src[0] with bufMaxSize 131072
new buffered sink stream nexmark_src[1] with bufMaxSize 131072
new buffered sink stream nexmark_src[2] with bufMaxSize 131072
new buffered sink stream nexmark_src[3] with bufMaxSize 131072
Generator config: 
	InterEventDelayUs: [31.25]
	EventPerEpoch    : 0
	MaxEvents        : 23040000
	FirstEventNumber : 1
	EpochPeriodMs    : 0
	StepLengthSec    : 5
	BaseTime         : 1709454379642
	FirstEventId     : 1
	TotalProportion  : 50
	BidProportion    : 46
	AuctionProportion: 3
	PersonProportion : 1
Nexmark config: 
	NumEvents            : 23040000
	NumEventGenerators   : 4
	RateShape            : 0
	FirstEventRate       : 128000
	NextEventRate        : 128000
	RateUnit             : 1000000
	RatePeriodSec        : 10
	PreloadSeconds       : 0
	StreamTimeout        : 240
	IsRateLimited        : false
	UseWallclockEventTime: false
	AvgPersonByteSize    : 200
	AvgAuctionByteSize   : 500
	AvgBidByteSize       : 100
	HotAuctionRatio      : 2
	HotSellersRatio      : 4
	HotBiddersRatio      : 4
	WindowSizeSec        : 10
	WindowPeriodSec      : 5
	WatermarkHoldbackSec : 0
	NumInFlightAuctions  : 100
	NumActivePeople      : 1000
	OccasionalDelaySec   : 3
	ProbDelayedEvent     : 0.1
	OutOfOrderGroupSize  : 1
Input config: 
	SrcTopicName   : nexmark_src
	AppId          : q1
	FinalOutTpNames: [q1_out]
	Duration(s)    : 180
	FlushMs        : 10
	BufMaxSize     : 131072
	CommitEveryMs  : 100
	WaitForEndMark : true
	SerdeFormat    : MSGP
	NumOutPartition: 4
	ParNum         : 0
	NumSrcInstance : 4
	Guarantee      : ALIGN_CHKPT
new buffered sink stream __control_log_q1[0] with bufMaxSize 131072
new buffered sink stream __control_log_q1[0] with bufMaxSize 131072
generate events to [0]
StartTs: 1709454379642
gen first chkpt
srcGen_0 stats (320000 samples): dur=10.005467999s, p50=5, p90=15, p99=1532
nexmark_src_bufEntry_0 stats (796 samples): dur=10.005521421s, p50=416, p90=448, p99=507
nexmark_src_bufSize_0 stats (796 samples): dur=10.00557152s, p50=106713, p90=114928, p99=130790
srcGen_0 stats (320192 samples): dur=10.006575266s, p50=5, p90=15, p99=1531
nexmark_src_bufEntry_0 stats (792 samples): dur=10.004244478s, p50=416, p90=448, p99=450
nexmark_src_bufSize_0 stats (792 samples): dur=10.004242069s, p50=106587, p90=115075, p99=116622
srcGen_0 stats (320224 samples): dur=10.006750773s, p50=5, p90=15, p99=1529
nexmark_src_bufEntry_0 stats (798 samples): dur=10.008897564s, p50=416, p90=442, p99=480
nexmark_src_bufSize_0 stats (798 samples): dur=10.008902787s, p50=106614, p90=114178, p99=124897
srcGen_0 stats (320188 samples): dur=10.005301427s, p50=5, p90=16, p99=1507
nexmark_src_bufEntry_0 stats (791 samples): dur=10.004366204s, p50=416, p90=448, p99=448
nexmark_src_bufSize_0 stats (791 samples): dur=10.004365153s, p50=107328, p90=115297, p99=117227
srcGen_0 stats (320164 samples): dur=10.005972008s, p50=5, p90=15, p99=1511
nexmark_src_bufEntry_0 stats (794 samples): dur=10.000371946s, p50=416, p90=440, p99=471
nexmark_src_bufSize_0 stats (794 samples): dur=10.000371477s, p50=107589, p90=114813, p99=121934
srcGen_0 stats (320192 samples): dur=10.00594387s, p50=5, p90=15, p99=1533
nexmark_src_bufEntry_0 stats (795 samples): dur=10.001230838s, p50=416, p90=444, p99=448
nexmark_src_bufSize_0 stats (795 samples): dur=10.001227653s, p50=107528, p90=115518, p99=117563
srcGen_0 stats (320192 samples): dur=10.005523239s, p50=5, p90=15, p99=1521
nexmark_src_bufEntry_0 stats (792 samples): dur=10.005533221s, p50=416, p90=448, p99=448
nexmark_src_bufSize_0 stats (792 samples): dur=10.005535229s, p50=107486, p90=115677, p99=117657
nexmark_src_bufEntry_0 stats (791 samples): dur=10.001678103s, p50=416, p90=448, p99=448
nexmark_src_bufSize_0 stats (791 samples): dur=10.00167948s, p50=107525, p90=115733, p99=117354
srcGen_0 stats (320192 samples): dur=10.007163122s, p50=5, p90=15, p99=1524
nexmark_src_bufEntry_0 stats (795 samples): dur=10.003957664s, p50=416, p90=448, p99=480
nexmark_src_bufSize_0 stats (795 samples): dur=10.003957403s, p50=107584, p90=115850, p99=123357
srcGen_0 stats (320224 samples): dur=10.005747944s, p50=5, p90=15, p99=1521
nexmark_src_bufEntry_0 stats (793 samples): dur=10.006116665s, p50=416, p90=448, p99=460
nexmark_src_bufSize_0 stats (793 samples): dur=10.006115489s, p50=107650, p90=115900, p99=119364
srcGen_0 stats (320192 samples): dur=10.006064538s, p50=5, p90=16, p99=1513
nexmark_src_bufEntry_0 stats (794 samples): dur=10.001258974s, p50=416, p90=448, p99=480
nexmark_src_bufSize_0 stats (794 samples): dur=10.001271627s, p50=108398, p90=116677, p99=125208
srcGen_0 stats (320160 samples): dur=10.005171583s, p50=5, p90=15, p99=1526
nexmark_src_bufEntry_0 stats (792 samples): dur=10.00667671s, p50=416, p90=448, p99=455
nexmark_src_bufSize_0 stats (792 samples): dur=10.006666027s, p50=108343, p90=116862, p99=118731
srcGen_0 stats (320161 samples): dur=10.00546598s, p50=5, p90=15, p99=1538
nexmark_src_bufEntry_0 stats (793 samples): dur=10.009429578s, p50=416, p90=448, p99=463
nexmark_src_bufSize_0 stats (793 samples): dur=10.009428838s, p50=108447, p90=116620, p99=120829
srcGen_0 stats (320223 samples): dur=10.006821126s, p50=5, p90=15, p99=1527
srcGen_0 stats (320220 samples): dur=10.005526137s, p50=5, p90=16, p99=1522
nexmark_src_bufEntry_0 stats (788 samples): dur=10.012844832s, p50=416, p90=448, p99=448
nexmark_src_bufSize_0 stats (788 samples): dur=10.012842065s, p50=108434, p90=116807, p99=118233
srcGen_0 stats (320132 samples): dur=10.005407588s, p50=5, p90=15, p99=1528
nexmark_src_bufEntry_0 stats (788 samples): dur=10.011337328s, p50=416, p90=448, p99=499
nexmark_src_bufSize_0 stats (788 samples): dur=10.011343254s, p50=108480, p90=117093, p99=130919
srcGen_0 stats (320224 samples): dur=10.006865157s, p50=5, p90=15, p99=1522
nexmark_src_bufEntry_0 stats (789 samples): dur=10.004664946s, p50=416, p90=448, p99=498
nexmark_src_bufSize_0 stats (789 samples): dur=10.004656331s, p50=108597, p90=117153, p99=130861
srcGen_0 stats (320192 samples): dur=10.006146355s, p50=5, p90=16, p99=1519
nexmark_src_bufEntry_0 stats (792 samples): dur=10.008155248s, p50=416, p90=448, p99=480
nexmark_src_bufSize_0 stats (792 samples): dur=10.008174075s, p50=108432, p90=116963, p99=125358
[0] chkmngr has terminated
generate stream end mark with tag: 404b3c06f60bdf00
[0] all stopped
