parallel restore str: , false
env str: , async2ndPhase: false
env str: , create snapshot: false
2024/03/03 20:54:54 [INFO] Load configuration for function scale[40]
2024/03/03 20:54:54 [INFO] Load configuration for function chkptmngr[50]
2024/03/03 20:54:54 [INFO] Load configuration for function redisSetup[70]
2024/03/03 20:54:54 [INFO] Load configuration for function source[20]
2024/03/03 20:54:54 [INFO] Load configuration for function query2[30]
2024/03/03 20:54:54 [INFO] Parse FAAS_ENGINE_ID: 2
2024/03/03 20:54:54 [INFO] Parse FAAS_ENGINE_ID: 2
2024/03/03 20:54:54 [INFO] Current GOMAXPROCS is 2
2024/03/03 20:54:54 [INFO] Parse FAAS_ENGINE_ID: 2
2024/03/03 20:54:54 [INFO] Current GOMAXPROCS is 3
2024/03/03 20:54:54 [INFO] Parse FAAS_ENGINE_ID: 2
2024/03/03 20:54:54 [INFO] Current GOMAXPROCS is 4
2024/03/03 20:54:54 [INFO] Start new FuncWorker with client id 7
2024/03/03 20:54:54 [INFO] Start new FuncWorker with client id 10
2024/03/03 20:54:54 [INFO] Start new FuncWorker with client id 8
2024/03/03 20:54:54 [INFO] Start new FuncWorker with client id 9
Enter nexmark: funcName: source
2024/03/03 20:54:54 [INFO] Handshake with engine done
Enter nexmark: funcName: source
2024/03/03 20:54:54 [INFO] Handshake with engine done
Enter nexmark: funcName: source
2024/03/03 20:54:54 [INFO] Handshake with engine done
Enter nexmark: funcName: source
2024/03/03 20:54:54 [INFO] Handshake with engine done
redis address is [snapcache-1:6666 snapcache-2:6666 snapcache-3:6666 snapcache-4:6666]
new buffered sink stream nexmark_src[0] with bufMaxSize 131072
new buffered sink stream nexmark_src[1] with bufMaxSize 131072
new buffered sink stream nexmark_src[2] with bufMaxSize 131072
new buffered sink stream nexmark_src[3] with bufMaxSize 131072
Generator config: 
	InterEventDelayUs: [31.25]
	EventPerEpoch    : 0
	MaxEvents        : 23040000
	FirstEventNumber : 1
	EpochPeriodMs    : 0
	StepLengthSec    : 5
	BaseTime         : 1709499419072
	FirstEventId     : 1
	TotalProportion  : 50
	BidProportion    : 46
	AuctionProportion: 3
	PersonProportion : 1
Nexmark config: 
	NumEvents            : 23040000
	NumEventGenerators   : 4
	RateShape            : 0
	FirstEventRate       : 128000
	NextEventRate        : 128000
	RateUnit             : 1000000
	RatePeriodSec        : 10
	PreloadSeconds       : 0
	StreamTimeout        : 240
	IsRateLimited        : false
	UseWallclockEventTime: false
	AvgPersonByteSize    : 200
	AvgAuctionByteSize   : 500
	AvgBidByteSize       : 100
	HotAuctionRatio      : 2
	HotSellersRatio      : 4
	HotBiddersRatio      : 4
	WindowSizeSec        : 10
	WindowPeriodSec      : 5
	WatermarkHoldbackSec : 0
	NumInFlightAuctions  : 100
	NumActivePeople      : 1000
	OccasionalDelaySec   : 3
	ProbDelayedEvent     : 0.1
	OutOfOrderGroupSize  : 1
Input config: 
	SrcTopicName   : nexmark_src
	AppId          : q2
	FinalOutTpNames: [q2_out]
	Duration(s)    : 180
	FlushMs        : 10
	BufMaxSize     : 131072
	CommitEveryMs  : 100
	WaitForEndMark : true
	SerdeFormat    : MSGP
	NumOutPartition: 4
	ParNum         : 0
	NumSrcInstance : 4
	Guarantee      : ALIGN_CHKPT
new buffered sink stream __control_log_q2[0] with bufMaxSize 131072
new buffered sink stream __control_log_q2[0] with bufMaxSize 131072
generate events to [0]
StartTs: 1709499419072
gen first chkpt
srcGen_0 stats (320000 samples): dur=10.005507753s, p50=5, p90=14, p99=1559
nexmark_src_bufEntry_0 stats (786 samples): dur=10.004877931s, p50=416, p90=448, p99=458
nexmark_src_bufSize_0 stats (786 samples): dur=10.004921387s, p50=106857, p90=115341, p99=118655
srcGen_0 stats (320173 samples): dur=10.006219209s, p50=5, p90=14, p99=1556
nexmark_src_bufEntry_0 stats (784 samples): dur=10.006365908s, p50=416, p90=448, p99=448
nexmark_src_bufSize_0 stats (784 samples): dur=10.006379399s, p50=106997, p90=115262, p99=116525
srcGen_0 stats (320211 samples): dur=10.005510653s, p50=5, p90=14, p99=1555
nexmark_src_bufEntry_0 stats (789 samples): dur=10.011808106s, p50=416, p90=448, p99=449
nexmark_src_bufSize_0 stats (789 samples): dur=10.011795908s, p50=106853, p90=115157, p99=116551
srcGen_0 stats (320160 samples): dur=10.004900243s, p50=5, p90=14, p99=1563
nexmark_src_bufEntry_0 stats (787 samples): dur=10.001099862s, p50=416, p90=448, p99=448
nexmark_src_bufSize_0 stats (787 samples): dur=10.001099271s, p50=107260, p90=115144, p99=117150
srcGen_0 stats (320160 samples): dur=10.005681857s, p50=5, p90=14, p99=1569
nexmark_src_bufEntry_0 stats (783 samples): dur=10.008627891s, p50=416, p90=448, p99=448
nexmark_src_bufSize_0 stats (783 samples): dur=10.008630752s, p50=107786, p90=116058, p99=117120
srcGen_0 stats (320192 samples): dur=10.006227067s, p50=5, p90=14, p99=1551
nexmark_src_bufEntry_0 stats (781 samples): dur=10.005770822s, p50=416, p90=448, p99=452
nexmark_src_bufSize_0 stats (781 samples): dur=10.005771407s, p50=107855, p90=116157, p99=117717
srcGen_0 stats (320178 samples): dur=10.004893803s, p50=5, p90=14, p99=1562
nexmark_src_bufEntry_0 stats (788 samples): dur=10.001697966s, p50=416, p90=448, p99=448
nexmark_src_bufSize_0 stats (788 samples): dur=10.001703873s, p50=107644, p90=115851, p99=117433
srcGen_0 stats (320142 samples): dur=10.004934148s, p50=5, p90=14, p99=1571
nexmark_src_bufEntry_0 stats (783 samples): dur=10.000077163s, p50=416, p90=448, p99=448
nexmark_src_bufSize_0 stats (783 samples): dur=10.00008048s, p50=107725, p90=115986, p99=117284
srcGen_0 stats (320192 samples): dur=10.005318236s, p50=4, p90=14, p99=1576
nexmark_src_bufEntry_0 stats (788 samples): dur=10.008222592s, p50=416, p90=448, p99=448
nexmark_src_bufSize_0 stats (788 samples): dur=10.008214902s, p50=107584, p90=115904, p99=117081
srcGen_0 stats (320192 samples): dur=10.006238534s, p50=4, p90=14, p99=1581
nexmark_src_bufEntry_0 stats (785 samples): dur=10.002579702s, p50=416, p90=448, p99=448
nexmark_src_bufSize_0 stats (785 samples): dur=10.002577752s, p50=107785, p90=115959, p99=117406
srcGen_0 stats (320192 samples): dur=10.006261955s, p50=5, p90=14, p99=1576
nexmark_src_bufEntry_0 stats (786 samples): dur=10.000571887s, p50=416, p90=443, p99=448
nexmark_src_bufSize_0 stats (786 samples): dur=10.000571796s, p50=108500, p90=116042, p99=118483
srcGen_0 stats (320192 samples): dur=10.005398049s, p50=5, p90=14, p99=1556
nexmark_src_bufEntry_0 stats (784 samples): dur=10.003936542s, p50=416, p90=448, p99=448
nexmark_src_bufSize_0 stats (784 samples): dur=10.003935577s, p50=108579, p90=116787, p99=118041
srcGen_0 stats (320160 samples): dur=10.005602049s, p50=5, p90=14, p99=1572
nexmark_src_bufEntry_0 stats (789 samples): dur=10.009693335s, p50=416, p90=442, p99=448
nexmark_src_bufSize_0 stats (789 samples): dur=10.009695443s, p50=108473, p90=115672, p99=118036
srcGen_0 stats (320160 samples): dur=10.004783193s, p50=5, p90=14, p99=1579
nexmark_src_bufEntry_0 stats (787 samples): dur=10.00386731s, p50=416, p90=443, p99=448
nexmark_src_bufSize_0 stats (787 samples): dur=10.00386329s, p50=108523, p90=115637, p99=118120
srcGen_0 stats (320192 samples): dur=10.006138094s, p50=5, p90=14, p99=1573
nexmark_src_bufEntry_0 stats (787 samples): dur=10.010124839s, p50=416, p90=442, p99=448
nexmark_src_bufSize_0 stats (787 samples): dur=10.010131674s, p50=108456, p90=116068, p99=118085
srcGen_0 stats (320192 samples): dur=10.006230865s, p50=5, p90=14, p99=1579
nexmark_src_bufEntry_0 stats (790 samples): dur=10.007236446s, p50=416, p90=448, p99=448
nexmark_src_bufSize_0 stats (790 samples): dur=10.007233267s, p50=108346, p90=116262, p99=118127
srcGen_0 stats (320192 samples): dur=10.005719926s, p50=5, p90=14, p99=1573
nexmark_src_bufEntry_0 stats (788 samples): dur=10.002820186s, p50=416, p90=438, p99=448
nexmark_src_bufSize_0 stats (788 samples): dur=10.00282563s, p50=108413, p90=115012, p99=117927
[0] chkmngr has terminated
generate stream end mark with tag: 404b3c06f60bdf00
[0] all stopped
