parallel restore str: , false
env str: , async2ndPhase: false
env str: , create snapshot: false
2024/03/03 07:59:22 [INFO] Load configuration for function scale[40]
2024/03/03 07:59:22 [INFO] Load configuration for function chkptmngr[60]
2024/03/03 07:59:22 [INFO] Load configuration for function redisSetup[70]
2024/03/03 07:59:22 [INFO] Load configuration for function source[20]
2024/03/03 07:59:22 [INFO] Load configuration for function query1[30]
2024/03/03 07:59:22 [INFO] Parse FAAS_ENGINE_ID: 5
2024/03/03 07:59:22 [INFO] Parse FAAS_ENGINE_ID: 5
2024/03/03 07:59:22 [INFO] Current GOMAXPROCS is 2
2024/03/03 07:59:22 [INFO] Parse FAAS_ENGINE_ID: 5
2024/03/03 07:59:22 [INFO] Current GOMAXPROCS is 3
2024/03/03 07:59:22 [INFO] Parse FAAS_ENGINE_ID: 5
2024/03/03 07:59:22 [INFO] Current GOMAXPROCS is 4
2024/03/03 07:59:22 [INFO] Start new FuncWorker with client id 3
2024/03/03 07:59:22 [INFO] Start new FuncWorker with client id 4
2024/03/03 07:59:22 [INFO] Start new FuncWorker with client id 5
2024/03/03 07:59:22 [INFO] Start new FuncWorker with client id 6
Enter nexmark: funcName: query1
2024/03/03 07:59:22 [INFO] Handshake with engine done
Enter nexmark: funcName: query1
2024/03/03 07:59:22 [INFO] Handshake with engine done
Enter nexmark: funcName: query1
Enter nexmark: funcName: query1
2024/03/03 07:59:22 [INFO] Handshake with engine done
2024/03/03 07:59:22 [INFO] Handshake with engine done
new buffered sink stream nexmark_src[0] with bufMaxSize 131072
new buffered sink stream nexmark_src[1] with bufMaxSize 131072
new buffered sink stream nexmark_src[2] with bufMaxSize 131072
new buffered sink stream nexmark_src[3] with bufMaxSize 131072
new buffered sink stream q1_out[0] with bufMaxSize 131072
new buffered sink stream q1_out[1] with bufMaxSize 131072
new buffered sink stream q1_out[2] with bufMaxSize 131072
new buffered sink stream q1_out[3] with bufMaxSize 131072
nexmark_src notEnded: map[0:{}], notScaleFence: map[0:{}]
redis address is [snapcache-1:6666 snapcache-2:6666 snapcache-3:6666 snapcache-4:6666]
new buffered sink stream __control_log_q1[0] with bufMaxSize 131072
new buffered sink stream __control_log_q1[0] with bufMaxSize 131072
[0] finished prev task source, funcName query1, meta epoch 0, current epoch 1, cmm instance 0, remain instances: map[]
[1] finished prev task source, funcName query1, meta epoch 0, current epoch 1, cmm instance 0, remain instances: map[]
[2] finished prev task source, funcName query1, meta epoch 0, current epoch 1, cmm instance 0, remain instances: map[]
[3] finished prev task source, funcName query1, meta epoch 0, current epoch 1, cmm instance 0, remain instances: map[]
[0] finished prev task query1, funcName query1, meta epoch 0, current epoch 1, cmm instance 0, remain instances: map[]
[0] prodId: ProducerId: {TaskId: 0x1400600000001, TaskEpoch: 0x1}, warmup time: 0s, flush every: 100ms, waitEndMark: true
nexmark_src_src counter: dur=10.000016319s, value=160665, rate=16066.473781121436 per second
q1_out_sink counter: dur=10.000006362s, value=147596, rate=14759.590609948453 per second
q1_out_sink stats (147596 samples): dur=10.000310802s, p50=0, p90=0, p99=0
q1_out_bufEntry_0 stats (382 samples): dur=10.029038722s, p50=512, p90=517, p99=519
q1_out_bufSize_0 stats (382 samples): dur=10.029065217s, p50=130832, p90=131014, p99=131063
nexmark_src_src counter: dur=10.007203777s, value=320866, rate=16008.56778475892 per second
q1_out_sink counter: dur=10.007188158s, value=294842, rate=14714.023327550589 per second
q1_out_sink stats (147246 samples): dur=10.007142329s, p50=0, p90=0, p99=0
q1_out_bufEntry_0 stats (377 samples): dur=10.020479093s, p50=512, p90=517, p99=519
q1_out_bufSize_0 stats (377 samples): dur=10.020477839s, p50=130830, p90=131032, p99=131065
WaitAlignTime_0(ms) stats (200 samples): dur=22.173262131s, p50=0, p90=0, p99=0
createChkpt_0(ms) stats (200 samples): dur=22.17092101s, p50=1, p90=2, p99=3
nexmark_src_src counter: dur=10.007312935s, value=481068, rate=16008.493093056253 per second
q1_out_sink counter: dur=10.007305705s, value=442158, rate=14720.84538462693 per second
q1_out_sink stats (147316 samples): dur=10.0073326s, p50=0, p90=0, p99=0
q1_out_bufEntry_0 stats (379 samples): dur=10.015727228s, p50=512, p90=517, p99=519
q1_out_bufSize_0 stats (379 samples): dur=10.015730459s, p50=130825, p90=131026, p99=131063
nexmark_src_src counter: dur=10.007800872s, value=641237, rate=16004.415160589737 per second
q1_out_sink counter: dur=10.007913851s, value=589434, rate=14715.95401326162 per second
q1_out_sink stats (147276 samples): dur=10.008059089s, p50=0, p90=0, p99=0
q1_out_bufEntry_0 stats (378 samples): dur=10.004415692s, p50=512, p90=517, p99=519
q1_out_bufSize_0 stats (378 samples): dur=10.004416842s, p50=130836, p90=131029, p99=131065
WaitAlignTime_0(ms) stats (200 samples): dur=22.395815194s, p50=0, p90=0, p99=0
createChkpt_0(ms) stats (200 samples): dur=22.395505454s, p50=1, p90=2, p99=13
nexmark_src_src counter: dur=10.007155407s, value=801359, rate=16000.750811563767 per second
q1_out_sink counter: dur=10.01070187s, value=736838, rate=14724.64187968071 per second
q1_out_sink stats (147404 samples): dur=10.010604187s, p50=0, p90=0, p99=0
q1_out_bufEntry_0 stats (380 samples): dur=10.000946938s, p50=512, p90=517, p99=519
q1_out_bufSize_0 stats (380 samples): dur=10.000946077s, p50=130832, p90=131023, p99=131064
nexmark_src_src counter: dur=10.009542854s, value=961736, rate=16022.410048018364 per second
q1_out_sink counter: dur=10.005888077s, value=884126, rate=14720.13267253739 per second
q1_out_sink stats (147288 samples): dur=10.005823214s, p50=0, p90=0, p99=0
q1_out_bufEntry_0 stats (380 samples): dur=10.000467621s, p50=513, p90=517, p99=519
q1_out_bufSize_0 stats (380 samples): dur=10.000466141s, p50=130836, p90=131024, p99=131062
WaitAlignTime_0(ms) stats (200 samples): dur=22.40546081s, p50=0, p90=0, p99=0
createChkpt_0(ms) stats (200 samples): dur=22.406005965s, p50=1, p90=2, p99=19
nexmark_src_src counter: dur=10.009444962s, value=1121953, rate=16006.581844273096 per second
q1_out_sink counter: dur=10.009452646s, value=1031430, rate=14716.48902388943 per second
q1_out_sink stats (147304 samples): dur=10.009457343s, p50=0, p90=0, p99=0
q1_out_bufEntry_0 stats (381 samples): dur=10.030816925s, p50=510, p90=516, p99=519
q1_out_bufSize_0 stats (381 samples): dur=10.030816579s, p50=130832, p90=131019, p99=131069
nexmark_src_src counter: dur=10.008720903s, value=1282218, rate=16012.535623004773 per second
q1_out_sink counter: dur=10.00873231s, value=1178794, rate=14723.542945869836 per second
q1_out_sink stats (147364 samples): dur=10.008721127s, p50=0, p90=0, p99=0
q1_out_bufEntry_0 stats (381 samples): dur=10.034415807s, p50=509, p90=513, p99=515
q1_out_bufSize_0 stats (381 samples): dur=10.034416807s, p50=130838, p90=131022, p99=131064
WaitAlignTime_0(ms) stats (200 samples): dur=22.456642074s, p50=0, p90=0, p99=0
createChkpt_0(ms) stats (200 samples): dur=22.455998045s, p50=1, p90=2, p99=16
nexmark_src_src counter: dur=10.000777872s, value=1442307, rate=16007.654809353813 per second
q1_out_sink counter: dur=10.000762909s, value=1325994, rate=14718.8770836203 per second
q1_out_sink stats (147200 samples): dur=10.000764816s, p50=0, p90=0, p99=0
q1_out_bufEntry_0 stats (377 samples): dur=10.002333819s, p50=508, p90=512, p99=515
q1_out_bufSize_0 stats (377 samples): dur=10.00233475s, p50=130834, p90=131018, p99=131064
nexmark_src_src counter: dur=10.004353044s, value=1602461, rate=16008.431459348647 per second
q1_out_sink counter: dur=10.004350585s, value=1473266, rate=14720.795592750612 per second
q1_out_sink stats (147272 samples): dur=10.004351924s, p50=0, p90=0, p99=0
q1_out_bufEntry_0 stats (381 samples): dur=10.030190582s, p50=508, p90=513, p99=515
q1_out_bufSize_0 stats (381 samples): dur=10.030191779s, p50=130813, p90=131032, p99=131066
nexmark_src_src counter: dur=10.011949589s, value=1762758, rate=16010.568029239404 per second
q1_out_sink counter: dur=10.011956584s, value=1620642, rate=14719.999908461448 per second
q1_out_sink stats (147376 samples): dur=10.01195677s, p50=0, p90=0, p99=0
q1_out_bufEntry_0 stats (376 samples): dur=10.001066863s, p50=508, p90=513, p99=515
q1_out_bufSize_0 stats (376 samples): dur=10.001067182s, p50=130832, p90=131022, p99=131065
WaitAlignTime_0(ms) stats (200 samples): dur=22.359150971s, p50=0, p90=0, p99=0
createChkpt_0(ms) stats (200 samples): dur=22.359403317s, p50=1, p90=2, p99=13
nexmark_src_src counter: dur=10.007647955s, value=1922943, rate=16006.258485538425 per second
q1_out_sink counter: dur=10.007633782s, value=1767962, rate=14720.762490827126 per second
q1_out_sink stats (147320 samples): dur=10.007632958s, p50=0, p90=0, p99=0
q1_out_bufEntry_0 stats (381 samples): dur=10.029483748s, p50=509, p90=513, p99=514
q1_out_bufSize_0 stats (381 samples): dur=10.029479726s, p50=130832, p90=131019, p99=131065
nexmark_src_src counter: dur=10.003167243s, value=2083112, rate=16011.82866477443 per second
q1_out_sink counter: dur=10.003180956s, value=1915206, rate=14719.717722559213 per second
q1_out_sink stats (147244 samples): dur=10.003191188s, p50=0, p90=0, p99=0
q1_out_bufEntry_0 stats (376 samples): dur=10.004173147s, p50=509, p90=513, p99=515
q1_out_bufSize_0 stats (376 samples): dur=10.0041748s, p50=130817, p90=131025, p99=131067
WaitAlignTime_0(ms) stats (200 samples): dur=22.485195581s, p50=0, p90=0, p99=0
createChkpt_0(ms) stats (200 samples): dur=22.485651153s, p50=1, p90=2, p99=17
nexmark_src_src counter: dur=10.010553728s, value=2243361, rate=16008.005586321948 per second
q1_out_sink counter: dur=10.01055056s, value=2062550, rate=14718.870767083963 per second
q1_out_sink stats (147344 samples): dur=10.010585573s, p50=0, p90=0, p99=0
q1_out_bufEntry_0 stats (379 samples): dur=10.024257888s, p50=509, p90=513, p99=515
q1_out_bufSize_0 stats (379 samples): dur=10.024255537s, p50=130828, p90=131026, p99=131064
nexmark_src_src counter: dur=10.009349685s, value=2403578, rate=16006.734207727903 per second
q1_out_sink counter: dur=10.009346523s, value=2209870, rate=14718.243559804869 per second
q1_out_sink stats (147320 samples): dur=10.009313903s, p50=0, p90=0, p99=0
q1_out_bufEntry_0 stats (377 samples): dur=10.008115114s, p50=508, p90=513, p99=515
q1_out_bufSize_0 stats (377 samples): dur=10.008120384s, p50=130814, p90=131027, p99=131068
WaitAlignTime_0(ms) stats (200 samples): dur=22.601175641s, p50=0, p90=0, p99=0
createChkpt_0(ms) stats (200 samples): dur=22.601418793s, p50=2, p90=2, p99=22
nexmark_src_src counter: dur=10.009353254s, value=2563827, rate=16009.925510018371 per second
q1_out_sink counter: dur=10.009352079s, value=2357230, rate=14722.23165265281 per second
q1_out_sink stats (147360 samples): dur=10.009341918s, p50=0, p90=0, p99=0
q1_out_bufEntry_0 stats (378 samples): dur=10.032746365s, p50=509, p90=513, p99=515
q1_out_bufSize_0 stats (378 samples): dur=10.032744757s, p50=130826, p90=131020, p99=131067
nexmark_src_src counter: dur=10.005891302s, value=2724013, rate=16009.168515350717 per second
q1_out_sink counter: dur=10.005934202s, value=2504506, rate=14718.865527874674 per second
q1_out_sink stats (147276 samples): dur=10.005955693s, p50=0, p90=0, p99=0
q1_out_bufEntry_0 stats (382 samples): dur=10.001256606s, p50=508, p90=513, p99=514
q1_out_bufSize_0 stats (382 samples): dur=10.001256674s, p50=130826, p90=131014, p99=131061
WaitAlignTime_0(ms) stats (200 samples): dur=22.441527368s, p50=0, p90=0, p99=0
createChkpt_0(ms) stats (200 samples): dur=22.446384992s, p50=1, p90=2, p99=26
0 producer ended, map[] remain
exit due to ctrlMsg
createChkpt_0(ms) (6 samples): dur=666.952774ms, data=[1 1 1 1 1 2]
[0]duration: 180.100480 s, uts: 1709453065979
WaitAlignTime_0(ms) (6 samples): dur=677.360099ms, data=[0 0 0 0 0 0]
nexmark_src_src msgCnt 2881607, ctrlCnt 1607, epochCnt 0, logEntry 14389
sink msgCnt 2649600, ctrlCnt 1607
