parallel restore str: , false
env str: , async2ndPhase: false
env str: , create snapshot: false
2024/03/03 20:46:57 [INFO] Load configuration for function scale[40]
2024/03/03 20:46:57 [INFO] Load configuration for function chkptmngr[50]
2024/03/03 20:46:57 [INFO] Load configuration for function redisSetup[70]
2024/03/03 20:46:57 [INFO] Load configuration for function source[20]
2024/03/03 20:46:57 [INFO] Load configuration for function query2[30]
2024/03/03 20:46:57 [INFO] Parse FAAS_ENGINE_ID: 3
2024/03/03 20:46:57 [INFO] Parse FAAS_ENGINE_ID: 3
2024/03/03 20:46:57 [INFO] Current GOMAXPROCS is 2
2024/03/03 20:46:57 [INFO] Parse FAAS_ENGINE_ID: 3
2024/03/03 20:46:57 [INFO] Current GOMAXPROCS is 3
2024/03/03 20:46:57 [INFO] Parse FAAS_ENGINE_ID: 3
2024/03/03 20:46:57 [INFO] Current GOMAXPROCS is 4
2024/03/03 20:46:57 [INFO] Start new FuncWorker with client id 7
2024/03/03 20:46:57 [INFO] Start new FuncWorker with client id 8
2024/03/03 20:46:57 [INFO] Start new FuncWorker with client id 10
2024/03/03 20:46:57 [INFO] Start new FuncWorker with client id 9
Enter nexmark: funcName: source
2024/03/03 20:46:57 [INFO] Handshake with engine done
Enter nexmark: funcName: source
Enter nexmark: funcName: source
2024/03/03 20:46:57 [INFO] Handshake with engine done
2024/03/03 20:46:57 [INFO] Handshake with engine done
Enter nexmark: funcName: source
2024/03/03 20:46:57 [INFO] Handshake with engine done
redis address is [snapcache-1:6666 snapcache-2:6666 snapcache-3:6666 snapcache-4:6666]
new buffered sink stream nexmark_src[0] with bufMaxSize 131072
new buffered sink stream nexmark_src[1] with bufMaxSize 131072
new buffered sink stream nexmark_src[2] with bufMaxSize 131072
new buffered sink stream nexmark_src[3] with bufMaxSize 131072
Generator config: 
	InterEventDelayUs: [62.5]
	EventPerEpoch    : 0
	MaxEvents        : 11520000
	FirstEventNumber : 1
	EpochPeriodMs    : 0
	StepLengthSec    : 5
	BaseTime         : 1709498937345
	FirstEventId     : 1
	TotalProportion  : 50
	BidProportion    : 46
	AuctionProportion: 3
	PersonProportion : 1
Nexmark config: 
	NumEvents            : 11520000
	NumEventGenerators   : 4
	RateShape            : 0
	FirstEventRate       : 64000
	NextEventRate        : 64000
	RateUnit             : 1000000
	RatePeriodSec        : 10
	PreloadSeconds       : 0
	StreamTimeout        : 240
	IsRateLimited        : false
	UseWallclockEventTime: false
	AvgPersonByteSize    : 200
	AvgAuctionByteSize   : 500
	AvgBidByteSize       : 100
	HotAuctionRatio      : 2
	HotSellersRatio      : 4
	HotBiddersRatio      : 4
	WindowSizeSec        : 10
	WindowPeriodSec      : 5
	WatermarkHoldbackSec : 0
	NumInFlightAuctions  : 100
	NumActivePeople      : 1000
	OccasionalDelaySec   : 3
	ProbDelayedEvent     : 0.1
	OutOfOrderGroupSize  : 1
Input config: 
	SrcTopicName   : nexmark_src
	AppId          : q2
	FinalOutTpNames: [q2_out]
	Duration(s)    : 180
	FlushMs        : 10
	BufMaxSize     : 131072
	CommitEveryMs  : 100
	WaitForEndMark : true
	SerdeFormat    : MSGP
	NumOutPartition: 4
	ParNum         : 1
	NumSrcInstance : 4
	Guarantee      : ALIGN_CHKPT
new buffered sink stream __control_log_q2[0] with bufMaxSize 131072
new buffered sink stream __control_log_q2[0] with bufMaxSize 131072
generate events to [1]
StartTs: 1709498937345
gen first chkpt
srcGen_1 stats (160016 samples): dur=10.003578411s, p50=6, p90=16, p99=1868
nexmark_src_bufEntry_1 stats (814 samples): dur=10.011172781s, p50=192, p90=208, p99=224
nexmark_src_bufSize_1 stats (814 samples): dur=10.01121913s, p50=49922, p90=53938, p99=57956
srcGen_1 stats (160048 samples): dur=10.003145494s, p50=6, p90=16, p99=1844
nexmark_src_bufEntry_1 stats (814 samples): dur=10.004049272s, p50=192, p90=208, p99=224
nexmark_src_bufSize_1 stats (814 samples): dur=10.004051543s, p50=49874, p90=53885, p99=57988
srcGen_1 stats (160048 samples): dur=10.003567018s, p50=6, p90=16, p99=1821
nexmark_src_bufEntry_1 stats (813 samples): dur=10.010937379s, p50=192, p90=208, p99=224
nexmark_src_bufSize_1 stats (813 samples): dur=10.01093601s, p50=49854, p90=54000, p99=58157
srcGen_1 stats (160064 samples): dur=10.003586017s, p50=6, p90=16, p99=1869
nexmark_src_bufEntry_1 stats (814 samples): dur=10.001938651s, p50=192, p90=208, p99=224
nexmark_src_bufSize_1 stats (814 samples): dur=10.00193649s, p50=49826, p90=53832, p99=58285
srcGen_1 stats (160048 samples): dur=10.003263913s, p50=6, p90=16, p99=1875
nexmark_src_bufEntry_1 stats (816 samples): dur=10.004758025s, p50=192, p90=208, p99=224
nexmark_src_bufSize_1 stats (816 samples): dur=10.004760371s, p50=49803, p90=53880, p99=57216
srcGen_1 stats (160064 samples): dur=10.004528817s, p50=6, p90=16, p99=1685
nexmark_src_bufEntry_1 stats (815 samples): dur=10.007789244s, p50=192, p90=208, p99=224
nexmark_src_bufSize_1 stats (815 samples): dur=10.007788377s, p50=49870, p90=53969, p99=57908
srcGen_1 stats (160064 samples): dur=10.003638302s, p50=6, p90=16, p99=1602
nexmark_src_bufEntry_1 stats (814 samples): dur=10.002521281s, p50=192, p90=208, p99=224
nexmark_src_bufSize_1 stats (814 samples): dur=10.002523545s, p50=49997, p90=54066, p99=57933
srcGen_1 stats (160048 samples): dur=10.003461645s, p50=6, p90=16, p99=1388
nexmark_src_bufEntry_1 stats (816 samples): dur=10.003480051s, p50=192, p90=208, p99=224
nexmark_src_bufSize_1 stats (816 samples): dur=10.003478464s, p50=50216, p90=54209, p99=58183
srcGen_1 stats (160064 samples): dur=10.003993106s, p50=6, p90=16, p99=1450
nexmark_src_bufEntry_1 stats (818 samples): dur=10.006881643s, p50=192, p90=208, p99=224
nexmark_src_bufSize_1 stats (818 samples): dur=10.006888907s, p50=50129, p90=54231, p99=57096
srcGen_1 stats (160064 samples): dur=10.003401261s, p50=6, p90=16, p99=1846
nexmark_src_bufEntry_1 stats (815 samples): dur=10.002811518s, p50=192, p90=208, p99=224
nexmark_src_bufSize_1 stats (815 samples): dur=10.002803485s, p50=50275, p90=54300, p99=57595
srcGen_1 stats (160048 samples): dur=10.002770308s, p50=6, p90=16, p99=1334
nexmark_src_bufEntry_1 stats (818 samples): dur=10.00891s, p50=192, p90=208, p99=224
nexmark_src_bufSize_1 stats (818 samples): dur=10.008912544s, p50=50144, p90=54249, p99=58549
srcGen_1 stats (160049 samples): dur=10.002739573s, p50=6, p90=16, p99=1433
nexmark_src_bufEntry_1 stats (816 samples): dur=10.009805522s, p50=192, p90=208, p99=208
nexmark_src_bufSize_1 stats (816 samples): dur=10.009823975s, p50=50254, p90=54240, p99=55441
srcGen_1 stats (160053 samples): dur=10.002665372s, p50=6, p90=16, p99=1370
nexmark_src_bufEntry_1 stats (815 samples): dur=10.001970572s, p50=192, p90=208, p99=224
nexmark_src_bufSize_1 stats (815 samples): dur=10.001950305s, p50=50192, p90=54219, p99=58068
srcGen_1 stats (160013 samples): dur=10.002852051s, p50=7, p90=16, p99=1537
nexmark_src_bufEntry_1 stats (808 samples): dur=10.009736563s, p50=192, p90=208, p99=224
nexmark_src_bufSize_1 stats (808 samples): dur=10.009742774s, p50=50391, p90=54629, p99=58733
srcGen_1 stats (160077 samples): dur=10.003736376s, p50=7, p90=16, p99=1387
nexmark_src_bufEntry_1 stats (807 samples): dur=10.009356882s, p50=192, p90=208, p99=224
nexmark_src_bufSize_1 stats (807 samples): dur=10.009360162s, p50=50363, p90=54475, p99=58816
srcGen_1 stats (160048 samples): dur=10.003815623s, p50=6, p90=16, p99=1456
nexmark_src_bufEntry_1 stats (815 samples): dur=10.013597146s, p50=192, p90=208, p99=224
nexmark_src_bufSize_1 stats (815 samples): dur=10.013590038s, p50=50234, p90=54304, p99=57707
srcGen_1 stats (160064 samples): dur=10.003056704s, p50=6, p90=16, p99=1474
nexmark_src_bufEntry_1 stats (815 samples): dur=10.004580453s, p50=192, p90=208, p99=224
nexmark_src_bufSize_1 stats (815 samples): dur=10.004576581s, p50=50212, p90=54323, p99=57155
[1] chkmngr has terminated
generate stream end mark with tag: 404b3c06f60bdf01
[1] all stopped
