wait for last: true, sink max_buf_size: 131072
warmup: 0
config: map[NodeConstraint:"1,2,3,4" NumInstance:4 OutputTopicName:["nexmark_src"] funcName:"source"]
config: map[Final:true InputTopicNames:["nexmark_src"] NodeConstraint:"5,6,7,8" NumInstance:4 NumSrcProducer:[1] OutputTopicName:["q2_out"] funcName:"query2"]
srcInvokeConfig: &{FinalTpNames:[q2_out] TopicName:nexmark_src AppId:q2 NodeConstraint:1,2,3,4 AdditionalBytes:0 ScaleEpoch:0 NumOutPartition:4 InstanceID:0 NumSrcInstance:4}
cliNodes: [0xc0000c0120]
inParamsMap: map[query2:[0xc0000a2aa0 0xc0000a2b40 0xc0000a2be0 0xc0000a2c80]]
configScaleInput: &{Config:map[nexmark_src:4 q2_out:4 query2:4 source:4] AppId:q2 FuncNames:[source query2] BufMaxSize:131072 ScaleEpoch:0 SerdeFormat:1 Bootstrap:false}
encoded json is {"sg":{"nexmark_src":4,"q2_out":4,"query2":4,"source":4},"aid":"q2","fns":["source","query2"],"bufMaxSize":131072,"epoch":1,"serdeFormat":1,"bs":true}, node constraint is 1
encoded json is {"outTpNames":["q2_out"]}, node constraint is 1
redis_setup url is http://ip-172-31-4-33.us-east-2.compute.internal:8080/function/redisSetup
chkptmngr url is http://ip-172-31-4-33.us-east-2.compute.internal:8080/function/chkptmngr
encoded json is {"srcTpName":"nexmark_src","outTpNames":["q2_out"],"numOutParts":"BA==","chkptEveryMs":100,"bufMaxSize":131072,"srcNumPart":4,"gua":4,"serde_format":1}, node constraint is 1
func source url is http://ip-172-31-4-33.us-east-2.compute.internal:8080/function/source
func source url is http://ip-172-31-4-33.us-east-2.compute.internal:8080/function/source
src instance: 4
func source url is http://ip-172-31-4-33.us-east-2.compute.internal:8080/function/source
func source url is http://ip-172-31-4-33.us-east-2.compute.internal:8080/function/source
encoded json is {"topic_name":"nexmark_src","rate_shape":"square","aid":"q2","events_num":11520000,"rate_period":10000000000,"finOutTpNs":["q2_out"],"first_event_rate":64000,"next_event_rate":64000,"bid_avg_size":100,"person_avg_size":200,"auction_avg_size":500,"duration":180,"person_proportion":1,"auction_proportion":3,"bid_proportion":46,"bid_hot_ratio_auctions":2,"bid_hot_ratio_bidders":4,"auction_hot_ratio_sellers":4,"flushms":10,"bufMaxSize":131072,"commEveryMs":100,"rate_limited":false,"waitEnd":true,"serde_format":1,"numOutPar":4,"nSrcIns":4,"gua":4}, node constraint is 1,2,3,4
encoded json is {"topic_name":"nexmark_src","rate_shape":"square","aid":"q2","events_num":11520000,"rate_period":10000000000,"finOutTpNs":["q2_out"],"first_event_rate":64000,"next_event_rate":64000,"bid_avg_size":100,"person_avg_size":200,"auction_avg_size":500,"duration":180,"person_proportion":1,"auction_proportion":3,"bid_proportion":46,"bid_hot_ratio_auctions":2,"bid_hot_ratio_bidders":4,"auction_hot_ratio_sellers":4,"flushms":10,"bufMaxSize":131072,"commEveryMs":100,"rate_limited":false,"waitEnd":true,"serde_format":1,"numOutPar":4,"parNum":1,"nSrcIns":4,"gua":4}, node constraint is 1,2,3,4
encoded json is {"topic_name":"nexmark_src","rate_shape":"square","aid":"q2","events_num":11520000,"rate_period":10000000000,"finOutTpNs":["q2_out"],"first_event_rate":64000,"next_event_rate":64000,"bid_avg_size":100,"person_avg_size":200,"auction_avg_size":500,"duration":180,"person_proportion":1,"auction_proportion":3,"bid_proportion":46,"bid_hot_ratio_auctions":2,"bid_hot_ratio_bidders":4,"auction_hot_ratio_sellers":4,"flushms":10,"bufMaxSize":131072,"commEveryMs":100,"rate_limited":false,"waitEnd":true,"serde_format":1,"numOutPar":4,"parNum":2,"nSrcIns":4,"gua":4}, node constraint is 1,2,3,4
encoded json is {"topic_name":"nexmark_src","rate_shape":"square","aid":"q2","events_num":11520000,"rate_period":10000000000,"finOutTpNs":["q2_out"],"first_event_rate":64000,"next_event_rate":64000,"bid_avg_size":100,"person_avg_size":200,"auction_avg_size":500,"duration":180,"person_proportion":1,"auction_proportion":3,"bid_proportion":46,"bid_hot_ratio_auctions":2,"bid_hot_ratio_bidders":4,"auction_hot_ratio_sellers":4,"flushms":10,"bufMaxSize":131072,"commEveryMs":100,"rate_limited":false,"waitEnd":true,"serde_format":1,"numOutPar":4,"parNum":3,"nSrcIns":4,"gua":4}, node constraint is 1,2,3,4
Waiting for all client to return
func name is query2
func url is http://ip-172-31-4-33.us-east-2.compute.internal:8080/function/query2
encoded json is {"aid":"q2","numOutPartition":"BA==","numSubstreamProducer":"AQ==","outputTopicName":["q2_out"],"inputTopicName":["nexmark_src"],"commEveryMs":100,"flushMs":100,"duration":180,"bufMaxSize":131072,"epoch":1,"waitEnd":true,"numInPartition":4,"gua":4,"serdeFormat":1}, node constraint is 5,6,7,8
func name is query2
func url is http://ip-172-31-4-33.us-east-2.compute.internal:8080/function/query2
func name is query2
func url is http://ip-172-31-4-33.us-east-2.compute.internal:8080/function/query2
encoded json is {"aid":"q2","numOutPartition":"BA==","numSubstreamProducer":"AQ==","outputTopicName":["q2_out"],"inputTopicName":["nexmark_src"],"commEveryMs":100,"flushMs":100,"duration":180,"bufMaxSize":131072,"epoch":1,"waitEnd":true,"numInPartition":4,"ParNum":1,"gua":4,"serdeFormat":1}, node constraint is 5,6,7,8
func name is query2
func url is http://ip-172-31-4-33.us-east-2.compute.internal:8080/function/query2
encoded json is {"aid":"q2","numOutPartition":"BA==","numSubstreamProducer":"AQ==","outputTopicName":["q2_out"],"inputTopicName":["nexmark_src"],"commEveryMs":100,"flushMs":100,"duration":180,"bufMaxSize":131072,"epoch":1,"waitEnd":true,"numInPartition":4,"ParNum":2,"gua":4,"serdeFormat":1}, node constraint is 5,6,7,8
encoded json is {"aid":"q2","numOutPartition":"BA==","numSubstreamProducer":"AQ==","outputTopicName":["q2_out"],"inputTopicName":["nexmark_src"],"commEveryMs":100,"flushMs":100,"duration":180,"bufMaxSize":131072,"epoch":1,"waitEnd":true,"numInPartition":4,"ParNum":3,"gua":4,"serdeFormat":1}, node constraint is 5,6,7,8
source-1 invoke done
source-3 invoke done
source-2 invoke done
source-0 invoke done
query2-2 call done
query2-3 call done
query2-1 call done
query2-0 call done
sink processed: 2880002, throughput: (event/s) 15993.528596773944
sink_ctrl processed: 2, throughput: (event/s) 0.011106609368169843
source-0 duration: 180.072957795

sink processed: 2880002, throughput: (event/s) 15993.695775889139
sink_ctrl processed: 2, throughput: (event/s) 0.011106725464696996
source-1 duration: 180.071075526

sink_ctrl processed: 2, throughput: (event/s) 0.011106594869265579
sink processed: 2880002, throughput: (event/s) 15993.507718337303
source-2 duration: 180.073192868

sink processed: 2880002, throughput: (event/s) 15993.600296699597
sink_ctrl processed: 2, throughput: (event/s) 0.011106659159750303
source-3 duration: 180.072150521

sink processed 11520008 events, duration: 180.073192868, tp: 63974.030873
sink_ctrl processed 8 events, duration: 180.073192868, tp: 0.044426

eventTimeLatency_sink, p50: 11 ms, p90: 16 ms, p99: 47 ms
nexmark_src_src_epoch processed: 0, throughput: (event/s) 0
nexmark_src_src_logEntry processed: 14626, throughput: (event/s) 81.2210831452777
sink processed: 21746, throughput: (event/s) 120.75985738255223
nexmark_src_src processed: 2881592, throughput: (event/s) 16002.052743249491
nexmark_src_src_ctrl processed: 1592, throughput: (event/s) 8.840692217098463
nexmark_src_src_data processed: 2880000, throughput: (event/s) 15993.212051032393
query2-0 duration: 180.076396837

eventTimeLatency_sink, p50: 10 ms, p90: 15 ms, p99: 48 ms
nexmark_src_src processed: 2881592, throughput: (event/s) 16002.260485236375
nexmark_src_src_ctrl processed: 1592, throughput: (event/s) 8.84080698880907
nexmark_src_src_data processed: 2880000, throughput: (event/s) 15993.419678247566
nexmark_src_src_epoch processed: 0, throughput: (event/s) 0
nexmark_src_src_logEntry processed: 14551, throughput: (event/s) 80.8056422702015
sink processed: 21519, throughput: (event/s) 119.50083265840603
query2-1 duration: 180.074059078

eventTimeLatency_sink, p50: 10 ms, p90: 15 ms, p99: 46 ms
nexmark_src_src processed: 2881592, throughput: (event/s) 16002.097809055025
nexmark_src_src_ctrl processed: 1592, throughput: (event/s) 8.84071711471145
nexmark_src_src_data processed: 2880000, throughput: (event/s) 15993.257091940313
nexmark_src_src_epoch processed: 0, throughput: (event/s) 0
nexmark_src_src_logEntry processed: 14891, throughput: (event/s) 82.69291366530666
sink processed: 21748, throughput: (event/s) 120.7713039012215
query2-2 duration: 180.075889698

eventTimeLatency_sink, p50: 10 ms, p90: 15 ms, p99: 48 ms
sink processed: 21601, throughput: (event/s) 119.9553212738861
nexmark_src_src processed: 2881592, throughput: (event/s) 16002.143148014444
nexmark_src_src_ctrl processed: 1592, throughput: (event/s) 8.840742163234419
nexmark_src_src_data processed: 2880000, throughput: (event/s) 15993.30240585121
nexmark_src_src_epoch processed: 0, throughput: (event/s) 0
nexmark_src_src_logEntry processed: 14662, throughput: (event/s) 81.42145828978835
query2-3 duration: 180.075379488

nexmark_src_src_epoch processed 0 events, duration: 180.076396837
nexmark_src_src_logEntry processed 58730 events, duration: 180.076396837
sink processed 86614 events, duration: 180.076396837
nexmark_src_src processed 11526368 events, duration: 180.076396837
nexmark_src_src_ctrl processed 6368 events, duration: 180.076396837
nexmark_src_src_data processed 11520000 events, duration: 180.076396837

