wait for last: true, sink max_buf_size: 131072
warmup: 0
config: map[NodeConstraint:"1,2,3,4" NumInstance:4 OutputTopicName:["nexmark_src"] funcName:"source"]
config: map[InputTopicNames:["nexmark_src"] NodeConstraint:"5,6,7,8" NumInstance:4 NumSrcProducer:[1] OutputTopicName:["q8_aucsBySellerID_out","q8_personsByID_out"] funcName:"q8GroupBy"]
config: map[Final:true InputTopicNames:["q8_aucsBySellerID_out","q8_personsByID_out"] NodeConstraint:"5,6,7,8" NumInstance:4 NumSrcProducer:[4,4] OutputTopicName:["q8_out"] funcName:"q8JoinStream"]
srcInvokeConfig: &{FinalTpNames:[q8_out] TopicName:nexmark_src AppId:q8 NodeConstraint:1,2,3,4 AdditionalBytes:100 ScaleEpoch:0 NumOutPartition:4 InstanceID:0 NumSrcInstance:4}
cliNodes: [0xc0000a20e0 0xc0000a2140]
inParamsMap: map[q8GroupBy:[0xc0000b20a0 0xc0000b2140 0xc0000b21e0 0xc0000b2280] q8JoinStream:[0xc0000b2320 0xc0000b23c0 0xc0000b2460 0xc0000b2500]]
configScaleInput: &{Config:map[changelog:4 nexmark_src:4 q8GroupBy:4 q8JoinStream:4 q8_aucsBySellerID_out:4 q8_out:4 q8_personsByID_out:4 source:4] AppId:q8 FuncNames:[source q8GroupBy q8JoinStream] BufMaxSize:131072 ScaleEpoch:0 SerdeFormat:1 Bootstrap:false}
encoded json is {"sg":{"changelog":4,"nexmark_src":4,"q8GroupBy":4,"q8JoinStream":4,"q8_aucsBySellerID_out":4,"q8_out":4,"q8_personsByID_out":4,"source":4},"aid":"q8","fns":["source","q8GroupBy","q8JoinStream"],"bufMaxSize":131072,"epoch":1,"serdeFormat":1,"bs":true}, node constraint is 1
encoded json is {"outTpNames":["q8_out"]}, node constraint is 1
redis_setup url is http://ip-172-31-11-25.us-east-2.compute.internal:8080/function/redisSetup
encoded json is {"srcTpName":"nexmark_src","outTpNames":["q8_out"],"numOutParts":"BA==","chkptEveryMs":100,"bufMaxSize":131072,"srcNumPart":4,"gua":4,"serde_format":1}, node constraint is 1
chkptmngr url is http://ip-172-31-11-25.us-east-2.compute.internal:8080/function/chkptmngr
func source url is http://ip-172-31-11-25.us-east-2.compute.internal:8080/function/source
func source url is http://ip-172-31-11-25.us-east-2.compute.internal:8080/function/source
src instance: 4
func source url is http://ip-172-31-11-25.us-east-2.compute.internal:8080/function/source
func source url is http://ip-172-31-11-25.us-east-2.compute.internal:8080/function/source
encoded json is {"topic_name":"nexmark_src","rate_shape":"square","aid":"q8","events_num":20160000,"rate_period":10000000000,"finOutTpNs":["q8_out"],"first_event_rate":112000,"next_event_rate":112000,"bid_avg_size":200,"person_avg_size":300,"auction_avg_size":600,"duration":180,"person_proportion":1,"auction_proportion":3,"bid_proportion":46,"bid_hot_ratio_auctions":2,"bid_hot_ratio_bidders":4,"auction_hot_ratio_sellers":4,"flushms":100,"bufMaxSize":131072,"commEveryMs":100,"rate_limited":false,"waitEnd":true,"serde_format":1,"numOutPar":4,"nSrcIns":4,"gua":4}, node constraint is 1,2,3,4
encoded json is {"topic_name":"nexmark_src","rate_shape":"square","aid":"q8","events_num":20160000,"rate_period":10000000000,"finOutTpNs":["q8_out"],"first_event_rate":112000,"next_event_rate":112000,"bid_avg_size":200,"person_avg_size":300,"auction_avg_size":600,"duration":180,"person_proportion":1,"auction_proportion":3,"bid_proportion":46,"bid_hot_ratio_auctions":2,"bid_hot_ratio_bidders":4,"auction_hot_ratio_sellers":4,"flushms":100,"bufMaxSize":131072,"commEveryMs":100,"rate_limited":false,"waitEnd":true,"serde_format":1,"numOutPar":4,"parNum":3,"nSrcIns":4,"gua":4}, node constraint is 1,2,3,4
encoded json is {"topic_name":"nexmark_src","rate_shape":"square","aid":"q8","events_num":20160000,"rate_period":10000000000,"finOutTpNs":["q8_out"],"first_event_rate":112000,"next_event_rate":112000,"bid_avg_size":200,"person_avg_size":300,"auction_avg_size":600,"duration":180,"person_proportion":1,"auction_proportion":3,"bid_proportion":46,"bid_hot_ratio_auctions":2,"bid_hot_ratio_bidders":4,"auction_hot_ratio_sellers":4,"flushms":100,"bufMaxSize":131072,"commEveryMs":100,"rate_limited":false,"waitEnd":true,"serde_format":1,"numOutPar":4,"parNum":1,"nSrcIns":4,"gua":4}, node constraint is 1,2,3,4
encoded json is {"topic_name":"nexmark_src","rate_shape":"square","aid":"q8","events_num":20160000,"rate_period":10000000000,"finOutTpNs":["q8_out"],"first_event_rate":112000,"next_event_rate":112000,"bid_avg_size":200,"person_avg_size":300,"auction_avg_size":600,"duration":180,"person_proportion":1,"auction_proportion":3,"bid_proportion":46,"bid_hot_ratio_auctions":2,"bid_hot_ratio_bidders":4,"auction_hot_ratio_sellers":4,"flushms":100,"bufMaxSize":131072,"commEveryMs":100,"rate_limited":false,"waitEnd":true,"serde_format":1,"numOutPar":4,"parNum":2,"nSrcIns":4,"gua":4}, node constraint is 1,2,3,4
Waiting for all client to return
func name is q8JoinStream
func url is http://ip-172-31-11-25.us-east-2.compute.internal:8080/function/q8JoinStream
func name is q8JoinStream
func url is http://ip-172-31-11-25.us-east-2.compute.internal:8080/function/q8JoinStream
func name is q8GroupBy
func url is http://ip-172-31-11-25.us-east-2.compute.internal:8080/function/q8GroupBy
func name is q8GroupBy
func name is q8GroupBy
func name is q8JoinStream
func name is q8JoinStream
func url is http://ip-172-31-11-25.us-east-2.compute.internal:8080/function/q8JoinStream
encoded json is {"aid":"q8","numOutPartition":"BA==","numSubstreamProducer":"BAQ=","outputTopicName":["q8_out"],"inputTopicName":["q8_aucsBySellerID_out","q8_personsByID_out"],"commEveryMs":100,"flushMs":100,"snapEveryS":10,"duration":180,"bufMaxSize":131072,"epoch":1,"waitEnd":true,"numChangelogPartition":4,"numInPartition":4,"ParNum":3,"gua":4,"serdeFormat":1}, node constraint is 5,6,7,8
encoded json is {"aid":"q8","numOutPartition":"BAQ=","numSubstreamProducer":"AQ==","outputTopicName":["q8_aucsBySellerID_out","q8_personsByID_out"],"inputTopicName":["nexmark_src"],"commEveryMs":100,"flushMs":100,"snapEveryS":10,"duration":180,"bufMaxSize":131072,"epoch":1,"waitEnd":true,"numChangelogPartition":4,"numInPartition":4,"ParNum":1,"gua":4,"serdeFormat":1}, node constraint is 5,6,7,8
func url is http://ip-172-31-11-25.us-east-2.compute.internal:8080/function/q8GroupBy
func url is http://ip-172-31-11-25.us-east-2.compute.internal:8080/function/q8JoinStream
func name is q8GroupBy
func url is http://ip-172-31-11-25.us-east-2.compute.internal:8080/function/q8GroupBy
func url is http://ip-172-31-11-25.us-east-2.compute.internal:8080/function/q8GroupBy
encoded json is {"aid":"q8","numOutPartition":"BA==","numSubstreamProducer":"BAQ=","outputTopicName":["q8_out"],"inputTopicName":["q8_aucsBySellerID_out","q8_personsByID_out"],"commEveryMs":100,"flushMs":100,"snapEveryS":10,"duration":180,"bufMaxSize":131072,"epoch":1,"waitEnd":true,"numChangelogPartition":4,"numInPartition":4,"ParNum":2,"gua":4,"serdeFormat":1}, node constraint is 5,6,7,8
encoded json is {"aid":"q8","numOutPartition":"BA==","numSubstreamProducer":"BAQ=","outputTopicName":["q8_out"],"inputTopicName":["q8_aucsBySellerID_out","q8_personsByID_out"],"commEveryMs":100,"flushMs":100,"snapEveryS":10,"duration":180,"bufMaxSize":131072,"epoch":1,"waitEnd":true,"numChangelogPartition":4,"numInPartition":4,"gua":4,"serdeFormat":1}, node constraint is 5,6,7,8
encoded json is {"aid":"q8","numOutPartition":"BAQ=","numSubstreamProducer":"AQ==","outputTopicName":["q8_aucsBySellerID_out","q8_personsByID_out"],"inputTopicName":["nexmark_src"],"commEveryMs":100,"flushMs":100,"snapEveryS":10,"duration":180,"bufMaxSize":131072,"epoch":1,"waitEnd":true,"numChangelogPartition":4,"numInPartition":4,"gua":4,"serdeFormat":1}, node constraint is 5,6,7,8
encoded json is {"aid":"q8","numOutPartition":"BA==","numSubstreamProducer":"BAQ=","outputTopicName":["q8_out"],"inputTopicName":["q8_aucsBySellerID_out","q8_personsByID_out"],"commEveryMs":100,"flushMs":100,"snapEveryS":10,"duration":180,"bufMaxSize":131072,"epoch":1,"waitEnd":true,"numChangelogPartition":4,"numInPartition":4,"ParNum":1,"gua":4,"serdeFormat":1}, node constraint is 5,6,7,8
encoded json is {"aid":"q8","numOutPartition":"BAQ=","numSubstreamProducer":"AQ==","outputTopicName":["q8_aucsBySellerID_out","q8_personsByID_out"],"inputTopicName":["nexmark_src"],"commEveryMs":100,"flushMs":100,"snapEveryS":10,"duration":180,"bufMaxSize":131072,"epoch":1,"waitEnd":true,"numChangelogPartition":4,"numInPartition":4,"ParNum":2,"gua":4,"serdeFormat":1}, node constraint is 5,6,7,8
encoded json is {"aid":"q8","numOutPartition":"BAQ=","numSubstreamProducer":"AQ==","outputTopicName":["q8_aucsBySellerID_out","q8_personsByID_out"],"inputTopicName":["nexmark_src"],"commEveryMs":100,"flushMs":100,"snapEveryS":10,"duration":180,"bufMaxSize":131072,"epoch":1,"waitEnd":true,"numChangelogPartition":4,"numInPartition":4,"ParNum":3,"gua":4,"serdeFormat":1}, node constraint is 5,6,7,8
source-1 invoke done
source-0 invoke done
source-2 invoke done
source-3 invoke done
q8GroupBy-2 call done
q8GroupBy-0 call done
q8GroupBy-3 call done
q8GroupBy-1 call done
q8JoinStream-1 call done
q8JoinStream-0 call done
q8JoinStream-3 call done
q8JoinStream-2 call done
sink processed: 5039985, throughput: (event/s) 27988.68479377557
sink_ctrl processed: 2, throughput: (event/s) 0.011106654005428814
source-0 duration: 180.072234088

sink processed: 5040002, throughput: (event/s) 27988.562931489152
sink_ctrl processed: 2, throughput: (event/s) 0.011106568184492448
source-1 duration: 180.073625514

sink_ctrl processed: 2, throughput: (event/s) 0.011106613195068291
sink processed: 5040002, throughput: (event/s) 27988.676358185287
source-2 duration: 180.072895749

sink processed: 5040002, throughput: (event/s) 27988.401452217728
sink_ctrl processed: 2, throughput: (event/s) 0.011106504105441914
source-3 duration: 180.07466445

sink processed 20159991 events, duration: 180.07466445, tp: 111953.511404
sink_ctrl processed 8 events, duration: 180.07466445, tp: 0.044426

nexmark_src_src_logEntry processed: 14366, throughput: (event/s) 79.76599989301606
personsByIDSink processed: 100799, throughput: (event/s) 559.6779217051459
auctionsBySellerIDSink processed: 302399, throughput: (event/s) 1679.0448699462734
nexmark_src_src processed: 5040180, throughput: (event/s) 27985.173140803403
nexmark_src_src_ctrl processed: 197, throughput: (event/s) 1.0938258373189589
nexmark_src_src_data processed: 5039983, throughput: (event/s) 27984.079314966082
nexmark_src_src_epoch processed: 0, throughput: (event/s) 0
q8GroupBy-0 duration: 180.101798

nexmark_src_src processed: 5040197, throughput: (event/s) 27985.067428977116
nexmark_src_src_ctrl processed: 197, throughput: (event/s) 1.0938180161427205
nexmark_src_src_data processed: 5040000, throughput: (event/s) 27983.973610960973
nexmark_src_src_epoch processed: 0, throughput: (event/s) 0
nexmark_src_src_logEntry processed: 14355, throughput: (event/s) 79.70435340979063
personsByIDSink processed: 100800, throughput: (event/s) 559.6794722192194
auctionsBySellerIDSink processed: 302400, throughput: (event/s) 1679.0384166576584
q8GroupBy-1 duration: 180.10308579

nexmark_src_src processed: 5040197, throughput: (event/s) 27985.370452826053
nexmark_src_src_ctrl processed: 197, throughput: (event/s) 1.0938298600643452
nexmark_src_src_data processed: 5040000, throughput: (event/s) 27984.27662296599
nexmark_src_src_epoch processed: 0, throughput: (event/s) 0
nexmark_src_src_logEntry processed: 14319, throughput: (event/s) 79.50532876274801
personsByIDSink processed: 100800, throughput: (event/s) 559.6855324593198
auctionsBySellerIDSink processed: 302400, throughput: (event/s) 1679.0565973779594
q8GroupBy-2 duration: 180.101135645

nexmark_src_src_data processed: 5040000, throughput: (event/s) 27983.897285839255
nexmark_src_src_epoch processed: 0, throughput: (event/s) 0
nexmark_src_src_logEntry processed: 14384, throughput: (event/s) 79.86515447609362
personsByIDSink processed: 100800, throughput: (event/s) 559.6779457167851
auctionsBySellerIDSink processed: 302400, throughput: (event/s) 1679.0338371503553
nexmark_src_src processed: 5040197, throughput: (event/s) 27984.991100872056
nexmark_src_src_ctrl processed: 197, throughput: (event/s) 1.0938150327996692
q8GroupBy-3 duration: 180.103577015

nexmark_src_src_ctrl processed 788 events, duration: 180.103577015
nexmark_src_src_data processed 20159983 events, duration: 180.103577015
nexmark_src_src_epoch processed 0 events, duration: 180.103577015
nexmark_src_src_logEntry processed 57424 events, duration: 180.103577015
personsByIDSink processed 403199 events, duration: 180.103577015
auctionsBySellerIDSink processed 1209599 events, duration: 180.103577015
nexmark_src_src processed 20160771 events, duration: 180.103577015

eventTimeLatency_sink, p50: 384 ms, p90: 1014 ms, p99: 1776 ms
sink processed: 1188242, throughput: (event/s) 6564.417455926546
auctionsBySellerIDSrc_data processed: 297481, throughput: (event/s) 1643.4274072171197
auctionsBySellerIDSrc processed: 297681, throughput: (event/s) 1644.5323029295969
auctionsBySellerIDSrc_logEntry processed: 7509, throughput: (event/s) 41.48330952495572
personsByIDSrc_logEntry processed: 7495, throughput: (event/s) 41.40596682508232
personsByIDSrc_ctrl processed: 200, throughput: (event/s) 1.1048957124771799
personsByIDSrc processed: 100484, throughput: (event/s) 555.1217038627848
auctionsBySellerIDSrc_ctrl processed: 200, throughput: (event/s) 1.1048957124771799
auctionsBySellerIDSrc_epoch processed: 0, throughput: (event/s) 0
personsByIDSrc_data processed: 100284, throughput: (event/s) 554.0168081503075
personsByIDSrc_epoch processed: 0, throughput: (event/s) 0
q8JoinStream-0 duration: 181.012558689

eventTimeLatency_sink, p50: 387 ms, p90: 1134 ms, p99: 1912 ms
auctionsBySellerIDSrc_logEntry processed: 7527, throughput: (event/s) 41.60425473810858
personsByIDSrc_epoch processed: 0, throughput: (event/s) 0
auctionsBySellerIDSrc processed: 301267, throughput: (event/s) 1665.2038012735163
personsByIDSrc_data processed: 101027, throughput: (event/s) 558.4101293246839
personsByIDSrc_logEntry processed: 7505, throughput: (event/s) 41.48265335585291
sink processed: 1206369, throughput: (event/s) 6668.00626865382
personsByIDSrc processed: 101227, throughput: (event/s) 559.515596436099
auctionsBySellerIDSrc_data processed: 301067, throughput: (event/s) 1664.098334162101
auctionsBySellerIDSrc_ctrl processed: 200, throughput: (event/s) 1.1054671114151342
auctionsBySellerIDSrc_epoch processed: 0, throughput: (event/s) 0
personsByIDSrc_ctrl processed: 200, throughput: (event/s) 1.1054671114151342
q8JoinStream-1 duration: 180.918996083

eventTimeLatency_sink, p50: 403 ms, p90: 1104 ms, p99: 1581 ms
sink processed: 1167198, throughput: (event/s) 6443.585134598208
auctionsBySellerIDSrc_ctrl processed: 200, throughput: (event/s) 1.1041117504653382
auctionsBySellerIDSrc_data processed: 291314, throughput: (event/s) 1608.2160523752975
personsByIDSrc_ctrl processed: 200, throughput: (event/s) 1.1041117504653382
personsByIDSrc_data processed: 100504, throughput: (event/s) 554.8382368438417
auctionsBySellerIDSrc_epoch processed: 0, throughput: (event/s) 0
auctionsBySellerIDSrc_logEntry processed: 7539, throughput: (event/s) 41.61949243379092
personsByIDSrc processed: 100704, throughput: (event/s) 555.9423485943071
personsByIDSrc_epoch processed: 0, throughput: (event/s) 0
personsByIDSrc_logEntry processed: 7506, throughput: (event/s) 41.43731399496414
auctionsBySellerIDSrc processed: 291514, throughput: (event/s) 1609.3201641257629
q8JoinStream-2 duration: 181.141084601

eventTimeLatency_sink, p50: 436 ms, p90: 1151 ms, p99: 1809 ms
auctionsBySellerIDSrc_logEntry processed: 7543, throughput: (event/s) 41.69265979940968
personsByIDSrc_ctrl processed: 200, throughput: (event/s) 1.1054662547901282
personsByIDSrc_logEntry processed: 7505, throughput: (event/s) 41.48262121099956
auctionsBySellerIDSrc_epoch processed: 0, throughput: (event/s) 0
sink processed: 1281041, throughput: (event/s) 7080.737982513003
personsByIDSrc processed: 101584, throughput: (event/s) 561.4884201330019
personsByIDSrc_data processed: 101384, throughput: (event/s) 560.3829538782118
personsByIDSrc_epoch processed: 0, throughput: (event/s) 0
auctionsBySellerIDSrc processed: 319937, throughput: (event/s) 1768.397785793946
auctionsBySellerIDSrc_ctrl processed: 200, throughput: (event/s) 1.1054662547901282
auctionsBySellerIDSrc_data processed: 319737, throughput: (event/s) 1767.2923195391559
q8JoinStream-3 duration: 180.919136277

auctionsBySellerIDSrc_data processed 1209599 events, duration: 181.141084601
personsByIDSrc_logEntry processed 30011 events, duration: 181.141084601
personsByIDSrc processed 403999 events, duration: 181.141084601
auctionsBySellerIDSrc_ctrl processed 800 events, duration: 181.141084601
auctionsBySellerIDSrc_epoch processed 0 events, duration: 181.141084601
personsByIDSrc_data processed 403199 events, duration: 181.141084601
sink processed 4842850 events, duration: 181.141084601
auctionsBySellerIDSrc processed 1210399 events, duration: 181.141084601
auctionsBySellerIDSrc_logEntry processed 30118 events, duration: 181.141084601
personsByIDSrc_ctrl processed 800 events, duration: 181.141084601
personsByIDSrc_epoch processed 0 events, duration: 181.141084601

