wait for last: true, sink max_buf_size: 131072
warmup: 0
config: map[NodeConstraint:"1,2,3,4" NumInstance:4 OutputTopicName:["nexmark_src"] funcName:"source"]
config: map[InputTopicNames:["nexmark_src"] NodeConstraint:"5,6,7,8" NumInstance:4 NumSrcProducer:[1] OutputTopicName:["q8_aucsBySellerID_out","q8_personsByID_out"] funcName:"q8GroupBy"]
config: map[Final:true InputTopicNames:["q8_aucsBySellerID_out","q8_personsByID_out"] NodeConstraint:"5,6,7,8" NumInstance:4 NumSrcProducer:[4,4] OutputTopicName:["q8_out"] funcName:"q8JoinStream"]
srcInvokeConfig: &{FinalTpNames:[q8_out] TopicName:nexmark_src AppId:q8 NodeConstraint:1,2,3,4 AdditionalBytes:0 ScaleEpoch:0 NumOutPartition:4 InstanceID:0 NumSrcInstance:4}
cliNodes: [0xc0000261e0 0xc000026240]
inParamsMap: map[q8GroupBy:[0xc00007eaa0 0xc00007eb40 0xc00007ebe0 0xc00007ec80] q8JoinStream:[0xc00007ed20 0xc00007edc0 0xc00007ee60 0xc00007ef00]]
configScaleInput: &{Config:map[changelog:4 nexmark_src:4 q8GroupBy:4 q8JoinStream:4 q8_aucsBySellerID_out:4 q8_out:4 q8_personsByID_out:4 source:4] AppId:q8 FuncNames:[source q8GroupBy q8JoinStream] BufMaxSize:131072 ScaleEpoch:0 SerdeFormat:1 Bootstrap:false}
encoded json is {"sg":{"changelog":4,"nexmark_src":4,"q8GroupBy":4,"q8JoinStream":4,"q8_aucsBySellerID_out":4,"q8_out":4,"q8_personsByID_out":4,"source":4},"aid":"q8","fns":["source","q8GroupBy","q8JoinStream"],"bufMaxSize":131072,"epoch":1,"serdeFormat":1,"bs":true}, node constraint is 1
encoded json is {"outTpNames":["q8_out"]}, node constraint is 1
redis_setup url is http://ip-172-31-4-184.us-east-2.compute.internal:8080/function/redisSetup
encoded json is {"srcTpName":"nexmark_src","outTpNames":["q8_out"],"numOutParts":"BA==","chkptEveryMs":100,"bufMaxSize":131072,"srcNumPart":4,"gua":4,"serde_format":1}, node constraint is 1
chkptmngr url is http://ip-172-31-4-184.us-east-2.compute.internal:8080/function/chkptmngr
func source url is http://ip-172-31-4-184.us-east-2.compute.internal:8080/function/source
func source url is http://ip-172-31-4-184.us-east-2.compute.internal:8080/function/source
func source url is http://ip-172-31-4-184.us-east-2.compute.internal:8080/function/source
src instance: 4
encoded json is {"topic_name":"nexmark_src","rate_shape":"square","aid":"q8","events_num":17280000,"rate_period":10000000000,"finOutTpNs":["q8_out"],"first_event_rate":96000,"next_event_rate":96000,"bid_avg_size":100,"person_avg_size":200,"auction_avg_size":500,"duration":180,"person_proportion":1,"auction_proportion":3,"bid_proportion":46,"bid_hot_ratio_auctions":2,"bid_hot_ratio_bidders":4,"auction_hot_ratio_sellers":4,"flushms":100,"bufMaxSize":131072,"commEveryMs":100,"rate_limited":false,"waitEnd":true,"serde_format":1,"numOutPar":4,"nSrcIns":4,"gua":4}, node constraint is 1,2,3,4
func source url is http://ip-172-31-4-184.us-east-2.compute.internal:8080/function/source
encoded json is {"topic_name":"nexmark_src","rate_shape":"square","aid":"q8","events_num":17280000,"rate_period":10000000000,"finOutTpNs":["q8_out"],"first_event_rate":96000,"next_event_rate":96000,"bid_avg_size":100,"person_avg_size":200,"auction_avg_size":500,"duration":180,"person_proportion":1,"auction_proportion":3,"bid_proportion":46,"bid_hot_ratio_auctions":2,"bid_hot_ratio_bidders":4,"auction_hot_ratio_sellers":4,"flushms":100,"bufMaxSize":131072,"commEveryMs":100,"rate_limited":false,"waitEnd":true,"serde_format":1,"numOutPar":4,"parNum":1,"nSrcIns":4,"gua":4}, node constraint is 1,2,3,4
encoded json is {"topic_name":"nexmark_src","rate_shape":"square","aid":"q8","events_num":17280000,"rate_period":10000000000,"finOutTpNs":["q8_out"],"first_event_rate":96000,"next_event_rate":96000,"bid_avg_size":100,"person_avg_size":200,"auction_avg_size":500,"duration":180,"person_proportion":1,"auction_proportion":3,"bid_proportion":46,"bid_hot_ratio_auctions":2,"bid_hot_ratio_bidders":4,"auction_hot_ratio_sellers":4,"flushms":100,"bufMaxSize":131072,"commEveryMs":100,"rate_limited":false,"waitEnd":true,"serde_format":1,"numOutPar":4,"parNum":3,"nSrcIns":4,"gua":4}, node constraint is 1,2,3,4
encoded json is {"topic_name":"nexmark_src","rate_shape":"square","aid":"q8","events_num":17280000,"rate_period":10000000000,"finOutTpNs":["q8_out"],"first_event_rate":96000,"next_event_rate":96000,"bid_avg_size":100,"person_avg_size":200,"auction_avg_size":500,"duration":180,"person_proportion":1,"auction_proportion":3,"bid_proportion":46,"bid_hot_ratio_auctions":2,"bid_hot_ratio_bidders":4,"auction_hot_ratio_sellers":4,"flushms":100,"bufMaxSize":131072,"commEveryMs":100,"rate_limited":false,"waitEnd":true,"serde_format":1,"numOutPar":4,"parNum":2,"nSrcIns":4,"gua":4}, node constraint is 1,2,3,4
Waiting for all client to return
func name is q8GroupBy
func name is q8JoinStream
func url is http://ip-172-31-4-184.us-east-2.compute.internal:8080/function/q8JoinStream
func url is http://ip-172-31-4-184.us-east-2.compute.internal:8080/function/q8GroupBy
func name is q8GroupBy
func url is http://ip-172-31-4-184.us-east-2.compute.internal:8080/function/q8GroupBy
func name is q8GroupBy
func url is http://ip-172-31-4-184.us-east-2.compute.internal:8080/function/q8GroupBy
func name is q8GroupBy
func url is http://ip-172-31-4-184.us-east-2.compute.internal:8080/function/q8GroupBy
func name is q8JoinStream
func name is q8JoinStream
func url is http://ip-172-31-4-184.us-east-2.compute.internal:8080/function/q8JoinStream
func url is http://ip-172-31-4-184.us-east-2.compute.internal:8080/function/q8JoinStream
func name is q8JoinStream
func url is http://ip-172-31-4-184.us-east-2.compute.internal:8080/function/q8JoinStream
encoded json is {"aid":"q8","numOutPartition":"BA==","numSubstreamProducer":"BAQ=","outputTopicName":["q8_out"],"inputTopicName":["q8_aucsBySellerID_out","q8_personsByID_out"],"commEveryMs":100,"flushMs":100,"snapEveryS":10,"duration":180,"bufMaxSize":131072,"epoch":1,"waitEnd":true,"numChangelogPartition":4,"numInPartition":4,"ParNum":3,"gua":4,"serdeFormat":1}, node constraint is 5,6,7,8
encoded json is {"aid":"q8","numOutPartition":"BAQ=","numSubstreamProducer":"AQ==","outputTopicName":["q8_aucsBySellerID_out","q8_personsByID_out"],"inputTopicName":["nexmark_src"],"commEveryMs":100,"flushMs":100,"snapEveryS":10,"duration":180,"bufMaxSize":131072,"epoch":1,"waitEnd":true,"numChangelogPartition":4,"numInPartition":4,"ParNum":3,"gua":4,"serdeFormat":1}, node constraint is 5,6,7,8
encoded json is {"aid":"q8","numOutPartition":"BAQ=","numSubstreamProducer":"AQ==","outputTopicName":["q8_aucsBySellerID_out","q8_personsByID_out"],"inputTopicName":["nexmark_src"],"commEveryMs":100,"flushMs":100,"snapEveryS":10,"duration":180,"bufMaxSize":131072,"epoch":1,"waitEnd":true,"numChangelogPartition":4,"numInPartition":4,"gua":4,"serdeFormat":1}, node constraint is 5,6,7,8
encoded json is {"aid":"q8","numOutPartition":"BAQ=","numSubstreamProducer":"AQ==","outputTopicName":["q8_aucsBySellerID_out","q8_personsByID_out"],"inputTopicName":["nexmark_src"],"commEveryMs":100,"flushMs":100,"snapEveryS":10,"duration":180,"bufMaxSize":131072,"epoch":1,"waitEnd":true,"numChangelogPartition":4,"numInPartition":4,"ParNum":1,"gua":4,"serdeFormat":1}, node constraint is 5,6,7,8
encoded json is {"aid":"q8","numOutPartition":"BA==","numSubstreamProducer":"BAQ=","outputTopicName":["q8_out"],"inputTopicName":["q8_aucsBySellerID_out","q8_personsByID_out"],"commEveryMs":100,"flushMs":100,"snapEveryS":10,"duration":180,"bufMaxSize":131072,"epoch":1,"waitEnd":true,"numChangelogPartition":4,"numInPartition":4,"gua":4,"serdeFormat":1}, node constraint is 5,6,7,8
encoded json is {"aid":"q8","numOutPartition":"BA==","numSubstreamProducer":"BAQ=","outputTopicName":["q8_out"],"inputTopicName":["q8_aucsBySellerID_out","q8_personsByID_out"],"commEveryMs":100,"flushMs":100,"snapEveryS":10,"duration":180,"bufMaxSize":131072,"epoch":1,"waitEnd":true,"numChangelogPartition":4,"numInPartition":4,"ParNum":2,"gua":4,"serdeFormat":1}, node constraint is 5,6,7,8
encoded json is {"aid":"q8","numOutPartition":"BA==","numSubstreamProducer":"BAQ=","outputTopicName":["q8_out"],"inputTopicName":["q8_aucsBySellerID_out","q8_personsByID_out"],"commEveryMs":100,"flushMs":100,"snapEveryS":10,"duration":180,"bufMaxSize":131072,"epoch":1,"waitEnd":true,"numChangelogPartition":4,"numInPartition":4,"ParNum":1,"gua":4,"serdeFormat":1}, node constraint is 5,6,7,8
encoded json is {"aid":"q8","numOutPartition":"BAQ=","numSubstreamProducer":"AQ==","outputTopicName":["q8_aucsBySellerID_out","q8_personsByID_out"],"inputTopicName":["nexmark_src"],"commEveryMs":100,"flushMs":100,"snapEveryS":10,"duration":180,"bufMaxSize":131072,"epoch":1,"waitEnd":true,"numChangelogPartition":4,"numInPartition":4,"ParNum":2,"gua":4,"serdeFormat":1}, node constraint is 5,6,7,8
source-1 invoke done
source-3 invoke done
source-2 invoke done
source-0 invoke done
q8GroupBy-3 call done
q8GroupBy-1 call done
q8GroupBy-2 call done
q8GroupBy-0 call done
q8JoinStream-2 call done
q8JoinStream-3 call done
q8JoinStream-0 call done
q8JoinStream-1 call done
sink processed: 4320002, throughput: (event/s) 23999.38928680136
sink_ctrl processed: 2, throughput: (event/s) 0.011110823229619505
source-0 duration: 180.004663801

sink processed: 4320002, throughput: (event/s) 23999.311024809278
sink_ctrl processed: 2, throughput: (event/s) 0.011110786997232537
source-1 duration: 180.005250798

sink processed: 4319978, throughput: (event/s) 23998.76869548145
sink_ctrl processed: 2, throughput: (event/s) 0.011110597644470158
source-2 duration: 180.008318544

sink processed: 4320002, throughput: (event/s) 23998.980834730548
sink_ctrl processed: 2, throughput: (event/s) 0.011110634131526118
source-3 duration: 180.007727401

sink processed 17279984 events, duration: 180.008318544, tp: 95995.474763
sink_ctrl processed 8 events, duration: 180.008318544, tp: 0.044442

nexmark_src_src_data processed: 4320000, throughput: (event/s) 23996.4378389198
nexmark_src_src_epoch processed: 0, throughput: (event/s) 0
nexmark_src_src_logEntry processed: 8798, throughput: (event/s) 48.870523172874165
personsByIDSink processed: 86400, throughput: (event/s) 479.928756778396
auctionsBySellerIDSink processed: 259200, throughput: (event/s) 1439.786270335188
nexmark_src_src processed: 4320334, throughput: (event/s) 23998.293119067534
nexmark_src_src_ctrl processed: 334, throughput: (event/s) 1.8552801477312995
q8GroupBy-0 duration: 180.026720174

auctionsBySellerIDSink processed: 259200, throughput: (event/s) 1439.7817872802277
nexmark_src_src processed: 4320334, throughput: (event/s) 23998.21839570808
nexmark_src_src_ctrl processed: 334, throughput: (event/s) 1.8552743709552315
nexmark_src_src_data processed: 4320000, throughput: (event/s) 23996.363121337126
nexmark_src_src_epoch processed: 0, throughput: (event/s) 0
nexmark_src_src_logEntry processed: 8810, throughput: (event/s) 48.937027569208354
personsByIDSink processed: 86400, throughput: (event/s) 479.9272624267425
q8GroupBy-1 duration: 180.027280724

nexmark_src_src_ctrl processed: 334, throughput: (event/s) 1.8552432378690453
nexmark_src_src_data processed: 4319976, throughput: (event/s) 23995.827131007685
nexmark_src_src_epoch processed: 0, throughput: (event/s) 0
nexmark_src_src_logEntry processed: 8795, throughput: (event/s) 48.85288705706064
personsByIDSink processed: 86399, throughput: (event/s) 479.91365421750794
auctionsBySellerIDSink processed: 259199, throughput: (event/s) 1439.752071893469
nexmark_src_src processed: 4320310, throughput: (event/s) 23997.682374245553
q8GroupBy-2 duration: 180.030301786

nexmark_src_src processed: 4320334, throughput: (event/s) 23998.093934058394
nexmark_src_src_ctrl processed: 334, throughput: (event/s) 1.8552647489697562
nexmark_src_src_data processed: 4320000, throughput: (event/s) 23996.238669309423
nexmark_src_src_epoch processed: 0, throughput: (event/s) 0
nexmark_src_src_logEntry processed: 8798, throughput: (event/s) 48.870117549209326
personsByIDSink processed: 86400, throughput: (event/s) 479.92477338618846
auctionsBySellerIDSink processed: 259200, throughput: (event/s) 1439.7743201585654
q8GroupBy-3 duration: 180.028214402

nexmark_src_src_logEntry processed 35201 events, duration: 180.030301786
personsByIDSink processed 345599 events, duration: 180.030301786
auctionsBySellerIDSink processed 1036799 events, duration: 180.030301786
nexmark_src_src processed 17281312 events, duration: 180.030301786
nexmark_src_src_ctrl processed 1336 events, duration: 180.030301786
nexmark_src_src_data processed 17279976 events, duration: 180.030301786
nexmark_src_src_epoch processed 0 events, duration: 180.030301786

eventTimeLatency_sink, p50: 271 ms, p90: 770 ms, p99: 1968 ms
auctionsBySellerIDSrc processed: 251539, throughput: (event/s) 1395.1911210988098
sink processed: 1002113, throughput: (event/s) 5558.339501777822
auctionsBySellerIDSrc_data processed: 251202, throughput: (event/s) 1393.3219103290671
auctionsBySellerIDSrc_epoch processed: 0, throughput: (event/s) 0
personsByIDSrc_logEntry processed: 1336, throughput: (event/s) 7.410283645033216
auctionsBySellerIDSrc_logEntry processed: 2104, throughput: (event/s) 11.670087417028357
personsByIDSrc processed: 86080, throughput: (event/s) 477.45300611112214
personsByIDSrc_ctrl processed: 337, throughput: (event/s) 1.8692107697426599
personsByIDSrc_data processed: 85743, throughput: (event/s) 475.58379534137947
personsByIDSrc_epoch processed: 0, throughput: (event/s) 0
auctionsBySellerIDSrc_ctrl processed: 337, throughput: (event/s) 1.8692107697426599
q8JoinStream-0 duration: 180.289994823

eventTimeLatency_sink, p50: 285 ms, p90: 692 ms, p99: 1716 ms
auctionsBySellerIDSrc_logEntry processed: 2135, throughput: (event/s) 11.832443027713742
personsByIDSrc processed: 86809, throughput: (event/s) 481.1065792940526
personsByIDSrc_ctrl processed: 337, throughput: (event/s) 1.8676970961777664
personsByIDSrc_epoch processed: 0, throughput: (event/s) 0
sink processed: 1037902, throughput: (event/s) 5752.185612810374
auctionsBySellerIDSrc processed: 259513, throughput: (event/s) 1438.2542329981623
personsByIDSrc_data processed: 86472, throughput: (event/s) 479.23888219787483
auctionsBySellerIDSrc_ctrl processed: 337, throughput: (event/s) 1.8676970961777664
auctionsBySellerIDSrc_data processed: 259176, throughput: (event/s) 1436.3865359019844
auctionsBySellerIDSrc_epoch processed: 0, throughput: (event/s) 0
personsByIDSrc_logEntry processed: 1336, throughput: (event/s) 7.404282850129068
q8JoinStream-1 duration: 180.4361107

eventTimeLatency_sink, p50: 274 ms, p90: 749 ms, p99: 2277 ms
auctionsBySellerIDSrc_data processed: 248195, throughput: (event/s) 1376.0796065035775
auctionsBySellerIDSrc_logEntry processed: 2087, throughput: (event/s) 11.571055576353135
personsByIDSrc_ctrl processed: 337, throughput: (event/s) 1.8684454859755661
personsByIDSrc_logEntry processed: 1336, throughput: (event/s) 7.4072497604253895
auctionsBySellerIDSrc processed: 248532, throughput: (event/s) 1377.948051989553
personsByIDSrc processed: 86713, throughput: (event/s) 480.76710215252007
personsByIDSrc_epoch processed: 0, throughput: (event/s) 0
auctionsBySellerIDSrc_ctrl processed: 337, throughput: (event/s) 1.8684454859755661
sink processed: 993918, throughput: (event/s) 5510.6278947473675
auctionsBySellerIDSrc_epoch processed: 0, throughput: (event/s) 0
personsByIDSrc_data processed: 86376, throughput: (event/s) 478.8986566665445
q8JoinStream-2 duration: 180.363838565

eventTimeLatency_sink, p50: 273 ms, p90: 698 ms, p99: 2102 ms
personsByIDSrc_data processed: 87008, throughput: (event/s) 482.65656900397124
sink processed: 1114255, throughput: (event/s) 6181.06950275285
personsByIDSrc processed: 87345, throughput: (event/s) 484.52599783527796
auctionsBySellerIDSrc processed: 278563, throughput: (event/s) 1545.2632152382912
auctionsBySellerIDSrc_epoch processed: 0, throughput: (event/s) 0
auctionsBySellerIDSrc_data processed: 278226, throughput: (event/s) 1543.3937864069844
auctionsBySellerIDSrc_logEntry processed: 2186, throughput: (event/s) 12.126324703966084
personsByIDSrc_ctrl processed: 337, throughput: (event/s) 1.8694288313067569
personsByIDSrc_logEntry processed: 1336, throughput: (event/s) 7.411148126486134
auctionsBySellerIDSrc_ctrl processed: 337, throughput: (event/s) 1.8694288313067569
personsByIDSrc_epoch processed: 0, throughput: (event/s) 0
q8JoinStream-3 duration: 180.2689647

sink processed 4148188 events, duration: 180.4361107
auctionsBySellerIDSrc_epoch processed 0 events, duration: 180.4361107
personsByIDSrc_logEntry processed 5344 events, duration: 180.4361107
personsByIDSrc_ctrl processed 1348 events, duration: 180.4361107
personsByIDSrc_data processed 345599 events, duration: 180.4361107
personsByIDSrc_epoch processed 0 events, duration: 180.4361107
auctionsBySellerIDSrc_ctrl processed 1348 events, duration: 180.4361107
auctionsBySellerIDSrc processed 1038147 events, duration: 180.4361107
auctionsBySellerIDSrc_data processed 1036799 events, duration: 180.4361107
auctionsBySellerIDSrc_logEntry processed 8512 events, duration: 180.4361107
personsByIDSrc processed 346947 events, duration: 180.4361107

