wait for last: true, sink max_buf_size: 131072
warmup: 0
config: map[NodeConstraint:"1,2,3,4" NumInstance:4 OutputTopicName:["nexmark_src"] funcName:"source"]
config: map[Final:true InputTopicNames:["nexmark_src"] NodeConstraint:"5,6,7,8" NumInstance:4 NumSrcProducer:[1] OutputTopicName:["fanout_out"] funcName:"fanout"]
srcInvokeConfig: &{FinalTpNames:[fanout_out] TopicName:nexmark_src AppId:fanout NodeConstraint:1,2,3,4 AdditionalBytes:0 ScaleEpoch:0 NumOutPartition:4 InstanceID:0 NumSrcInstance:4}
cliNodes: [0xc000026160]
inParamsMap: map[fanout:[0xc00007eaa0 0xc00007eb40 0xc00007ebe0 0xc00007ec80]]
configScaleInput: &{Config:map[fanout:4 fanout_out:16 nexmark_src:4 source:4] AppId:fanout FuncNames:[source fanout] BufMaxSize:131072 ScaleEpoch:0 SerdeFormat:1 Bootstrap:false}
encoded json is {"sg":{"fanout":4,"fanout_out":16,"nexmark_src":4,"source":4},"aid":"fanout","fns":["source","fanout"],"bufMaxSize":131072,"epoch":1,"serdeFormat":1,"bs":true}, node constraint is 1
src instance: 4
func source url is http://ip-172-31-11-232.us-east-2.compute.internal:8080/function/source
func source url is http://ip-172-31-11-232.us-east-2.compute.internal:8080/function/source
func source url is http://ip-172-31-11-232.us-east-2.compute.internal:8080/function/source
func source url is http://ip-172-31-11-232.us-east-2.compute.internal:8080/function/source
encoded json is {"topic_name":"nexmark_src","rate_shape":"square","aid":"fanout","events_num":46080000,"rate_period":10000000000,"finOutTpNs":["fanout_out"],"first_event_rate":256000,"next_event_rate":256000,"bid_avg_size":100,"person_avg_size":200,"auction_avg_size":500,"duration":180,"person_proportion":1,"auction_proportion":3,"bid_proportion":46,"bid_hot_ratio_auctions":2,"bid_hot_ratio_bidders":4,"auction_hot_ratio_sellers":4,"flushms":10,"bufMaxSize":131072,"commEveryMs":100,"rate_limited":false,"waitEnd":true,"serde_format":1,"numOutPar":4,"parNum":3,"nSrcIns":4,"gua":2}, node constraint is 1,2,3,4
encoded json is {"topic_name":"nexmark_src","rate_shape":"square","aid":"fanout","events_num":46080000,"rate_period":10000000000,"finOutTpNs":["fanout_out"],"first_event_rate":256000,"next_event_rate":256000,"bid_avg_size":100,"person_avg_size":200,"auction_avg_size":500,"duration":180,"person_proportion":1,"auction_proportion":3,"bid_proportion":46,"bid_hot_ratio_auctions":2,"bid_hot_ratio_bidders":4,"auction_hot_ratio_sellers":4,"flushms":10,"bufMaxSize":131072,"commEveryMs":100,"rate_limited":false,"waitEnd":true,"serde_format":1,"numOutPar":4,"parNum":1,"nSrcIns":4,"gua":2}, node constraint is 1,2,3,4
encoded json is {"topic_name":"nexmark_src","rate_shape":"square","aid":"fanout","events_num":46080000,"rate_period":10000000000,"finOutTpNs":["fanout_out"],"first_event_rate":256000,"next_event_rate":256000,"bid_avg_size":100,"person_avg_size":200,"auction_avg_size":500,"duration":180,"person_proportion":1,"auction_proportion":3,"bid_proportion":46,"bid_hot_ratio_auctions":2,"bid_hot_ratio_bidders":4,"auction_hot_ratio_sellers":4,"flushms":10,"bufMaxSize":131072,"commEveryMs":100,"rate_limited":false,"waitEnd":true,"serde_format":1,"numOutPar":4,"nSrcIns":4,"gua":2}, node constraint is 1,2,3,4
encoded json is {"topic_name":"nexmark_src","rate_shape":"square","aid":"fanout","events_num":46080000,"rate_period":10000000000,"finOutTpNs":["fanout_out"],"first_event_rate":256000,"next_event_rate":256000,"bid_avg_size":100,"person_avg_size":200,"auction_avg_size":500,"duration":180,"person_proportion":1,"auction_proportion":3,"bid_proportion":46,"bid_hot_ratio_auctions":2,"bid_hot_ratio_bidders":4,"auction_hot_ratio_sellers":4,"flushms":10,"bufMaxSize":131072,"commEveryMs":100,"rate_limited":false,"waitEnd":true,"serde_format":1,"numOutPar":4,"parNum":2,"nSrcIns":4,"gua":2}, node constraint is 1,2,3,4
Waiting for all client to return
encoded json is {"aid":"fanout","numOutPartition":"EA==","numSubstreamProducer":"AQ==","outputTopicName":["fanout_out"],"inputTopicName":["nexmark_src"],"commEveryMs":100,"flushMs":100,"duration":180,"bufMaxSize":131072,"epoch":1,"waitEnd":true,"numInPartition":4,"ParNum":1,"gua":2,"serdeFormat":1}, node constraint is 5,6,7,8
encoded json is {"aid":"fanout","numOutPartition":"EA==","numSubstreamProducer":"AQ==","outputTopicName":["fanout_out"],"inputTopicName":["nexmark_src"],"commEveryMs":100,"flushMs":100,"duration":180,"bufMaxSize":131072,"epoch":1,"waitEnd":true,"numInPartition":4,"ParNum":2,"gua":2,"serdeFormat":1}, node constraint is 5,6,7,8
encoded json is {"aid":"fanout","numOutPartition":"EA==","numSubstreamProducer":"AQ==","outputTopicName":["fanout_out"],"inputTopicName":["nexmark_src"],"commEveryMs":100,"flushMs":100,"duration":180,"bufMaxSize":131072,"epoch":1,"waitEnd":true,"numInPartition":4,"ParNum":3,"gua":2,"serdeFormat":1}, node constraint is 5,6,7,8
func name is fanout
func url is http://ip-172-31-11-232.us-east-2.compute.internal:8080/function/fanout
func name is fanout
func url is http://ip-172-31-11-232.us-east-2.compute.internal:8080/function/fanout
func name is fanout
func url is http://ip-172-31-11-232.us-east-2.compute.internal:8080/function/fanout
func name is fanout
func url is http://ip-172-31-11-232.us-east-2.compute.internal:8080/function/fanout
encoded json is {"aid":"fanout","numOutPartition":"EA==","numSubstreamProducer":"AQ==","outputTopicName":["fanout_out"],"inputTopicName":["nexmark_src"],"commEveryMs":100,"flushMs":100,"duration":180,"bufMaxSize":131072,"epoch":1,"waitEnd":true,"numInPartition":4,"gua":2,"serdeFormat":1}, node constraint is 5,6,7,8
source-3 invoke done
source-0 invoke done
source-2 invoke done
source-1 invoke done
fanout-3 call done
fanout-0 call done
fanout-1 call done
fanout-2 call done
sink processed: 11520001, throughput: (event/s) 63999.00996206808
sink_ctrl processed: 1, throughput: (event/s) 0.005555469132517269
source-0 duration: 180.00280015

sink processed: 11520001, throughput: (event/s) 63998.709728525035
sink_ctrl processed: 1, throughput: (event/s) 0.005555443070580032
source-1 duration: 180.003644587

sink processed: 11520001, throughput: (event/s) 63998.88208362452
sink_ctrl processed: 1, throughput: (event/s) 0.0055554580319588966
source-2 duration: 180.00315982

sink processed: 11520001, throughput: (event/s) 63999.03487579369
sink_ctrl processed: 1, throughput: (event/s) 0.005555471295166875
source-3 duration: 180.002730078

sink processed 46080004 events, duration: 180.003644587, tp: 255994.838914
sink_ctrl processed 4 events, duration: 180.003644587, tp: 0.022222

eventTimeLatency_fanoutSink, p50: 15 ms, p90: 45 ms, p99: 63 ms
nexmark_src_src_logEntry processed: 30031, throughput: (event/s) 166.76285022477563
fanoutSink processed: 11520000, throughput: (event/s) 63970.831293976735
nexmark_src_src processed: 11520001, throughput: (event/s) 63970.83684700028
nexmark_src_src_ctrl processed: 1, throughput: (event/s) 0.005553023549824369
nexmark_src_src_data processed: 11520000, throughput: (event/s) 63970.831293976735
nexmark_src_src_epoch processed: 0, throughput: (event/s) 0
fanout-0 duration: 180.082074392

eventTimeLatency_fanoutSink, p50: 15 ms, p90: 45 ms, p99: 65 ms
nexmark_src_src_epoch processed: 0, throughput: (event/s) 0
nexmark_src_src_logEntry processed: 30098, throughput: (event/s) 167.1056544228547
fanoutSink processed: 11520000, throughput: (event/s) 63959.63648585575
nexmark_src_src processed: 11520001, throughput: (event/s) 63959.64203790753
nexmark_src_src_ctrl processed: 1, throughput: (event/s) 0.00555205177828609
nexmark_src_src_data processed: 11520000, throughput: (event/s) 63959.63648585575
fanout-1 duration: 180.113594025

eventTimeLatency_fanoutSink, p50: 13 ms, p90: 42 ms, p99: 59 ms
fanoutSink processed: 11520000, throughput: (event/s) 63974.55361234757
nexmark_src_src processed: 11520001, throughput: (event/s) 63974.55916569424
nexmark_src_src_ctrl processed: 1, throughput: (event/s) 0.005553346667738504
nexmark_src_src_data processed: 11520000, throughput: (event/s) 63974.55361234757
nexmark_src_src_epoch processed: 0, throughput: (event/s) 0
nexmark_src_src_logEntry processed: 30142, throughput: (event/s) 167.388975258974
fanout-2 duration: 180.071596432

eventTimeLatency_fanoutSink, p50: 12 ms, p90: 41 ms, p99: 59 ms
nexmark_src_src_logEntry processed: 30130, throughput: (event/s) 167.326558952737
fanoutSink processed: 11520000, throughput: (event/s) 63976.16857403021
nexmark_src_src processed: 11520001, throughput: (event/s) 63976.17412751707
nexmark_src_src_ctrl processed: 1, throughput: (event/s) 0.005553486855384568
nexmark_src_src_data processed: 11520000, throughput: (event/s) 63976.16857403021
nexmark_src_src_epoch processed: 0, throughput: (event/s) 0
fanout-3 duration: 180.067050853

fanoutSink processed 46080000 events, duration: 180.113594025
nexmark_src_src processed 46080004 events, duration: 180.113594025
nexmark_src_src_ctrl processed 4 events, duration: 180.113594025
nexmark_src_src_data processed 46080000 events, duration: 180.113594025
nexmark_src_src_epoch processed 0 events, duration: 180.113594025
nexmark_src_src_logEntry processed 120401 events, duration: 180.113594025

