wait for last: true
warmup: 0
config: map[NodeConstraint:"1,2,3,4" NumInstance:4 OutputTopicName:["nexmark_src"] funcName:"source"]
config: map[InputTopicNames:["nexmark_src"] NodeConstraint:"5,6,7,8" NumInstance:4 NumSrcProducer:[1] OutputTopicName:["q8_aucsBySellerID_out","q8_personsByID_out"] funcName:"q8GroupBy"]
config: map[InputTopicNames:["q8_aucsBySellerID_out","q8_personsByID_out"] NodeConstraint:"5,6,7,8" NumInstance:4 NumSrcProducer:[4,4] OutputTopicName:["q8_out"] funcName:"q8JoinStream"]
srcInvokeConfig: {TopicName:nexmark_src AppId:q8 NodeConstraint:1,2,3,4 ScaleEpoch:0 NumOutPartition:4 InstanceID:0 NumSrcInstance:4}
cliNodes: [0xc000026260 0xc0000262c0]
inParamsMap: map[q8GroupBy:[0xc000000c80 0xc000000d20 0xc000000dc0 0xc000000e60] q8JoinStream:[0xc000000f00 0xc000000fa0 0xc000001040 0xc0000010e0]]
configScaleInput: {Config:map[changelog:4 nexmark_src:4 q8GroupBy:4 q8JoinStream:4 q8_aucsBySellerID_out:4 q8_out:4 q8_personsByID_out:4 source:4] AppId:q8 FuncNames:[source q8GroupBy q8JoinStream] ScaleEpoch:0 SerdeFormat:1 Bootstrap:false}
encoded json is {"sg":{"changelog":4,"nexmark_src":4,"q8GroupBy":4,"q8JoinStream":4,"q8_aucsBySellerID_out":4,"q8_out":4,"q8_personsByID_out":4,"source":4},"aid":"q8","fns":["source","q8GroupBy","q8JoinStream"],"epoch":1,"serdeFormat":1,"bs":true}, node constraint is 1
func source url is http://ip-172-31-5-102.us-east-2.compute.internal:8080/function/source
func source url is http://ip-172-31-5-102.us-east-2.compute.internal:8080/function/source
func source url is http://ip-172-31-5-102.us-east-2.compute.internal:8080/function/source
func source url is http://ip-172-31-5-102.us-east-2.compute.internal:8080/function/source
encoded json is {"topic_name":"nexmark_src","rate_shape":"square","aid":"q8","events_num":20160000,"rate_period":10000000000,"bid_avg_size":100,"first_event_rate":112000,"next_event_rate":112000,"person_avg_size":200,"auction_avg_size":500,"duration":180,"person_proportion":1,"auction_proportion":3,"bid_proportion":46,"bid_hot_ratio_auctions":2,"bid_hot_ratio_bidders":4,"auction_hot_ratio_sellers":4,"flushms":10,"rate_limited":false,"waitEnd":true,"serde_format":1,"numOutPar":4,"parNum":3,"nSrcIns":4}, node constraint is 1,2,3,4
src instance: 4
encoded json is {"topic_name":"nexmark_src","rate_shape":"square","aid":"q8","events_num":20160000,"rate_period":10000000000,"bid_avg_size":100,"first_event_rate":112000,"next_event_rate":112000,"person_avg_size":200,"auction_avg_size":500,"duration":180,"person_proportion":1,"auction_proportion":3,"bid_proportion":46,"bid_hot_ratio_auctions":2,"bid_hot_ratio_bidders":4,"auction_hot_ratio_sellers":4,"flushms":10,"rate_limited":false,"waitEnd":true,"serde_format":1,"numOutPar":4,"parNum":2,"nSrcIns":4}, node constraint is 1,2,3,4
encoded json is {"topic_name":"nexmark_src","rate_shape":"square","aid":"q8","events_num":20160000,"rate_period":10000000000,"bid_avg_size":100,"first_event_rate":112000,"next_event_rate":112000,"person_avg_size":200,"auction_avg_size":500,"duration":180,"person_proportion":1,"auction_proportion":3,"bid_proportion":46,"bid_hot_ratio_auctions":2,"bid_hot_ratio_bidders":4,"auction_hot_ratio_sellers":4,"flushms":10,"rate_limited":false,"waitEnd":true,"serde_format":1,"numOutPar":4,"parNum":1,"nSrcIns":4}, node constraint is 1,2,3,4
encoded json is {"topic_name":"nexmark_src","rate_shape":"square","aid":"q8","events_num":20160000,"rate_period":10000000000,"bid_avg_size":100,"first_event_rate":112000,"next_event_rate":112000,"person_avg_size":200,"auction_avg_size":500,"duration":180,"person_proportion":1,"auction_proportion":3,"bid_proportion":46,"bid_hot_ratio_auctions":2,"bid_hot_ratio_bidders":4,"auction_hot_ratio_sellers":4,"flushms":10,"rate_limited":false,"waitEnd":true,"serde_format":1,"numOutPar":4,"nSrcIns":4}, node constraint is 1,2,3,4
encoded json is {"aid":"q8","numOutPartition":"BA==","numSubstreamProducer":"BAQ=","outputTopicName":["q8_out"],"inputTopicName":["q8_aucsBySellerID_out","q8_personsByID_out"],"commEveryMs":10,"flushMs":10,"snapEveryS":10,"duration":180,"epoch":1,"waitEnd":true,"numChangelogPartition":4,"numInPartition":4,"ParNum":3,"gua":3,"serdeFormat":1}, node constraint is 5,6,7,8
encoded json is {"aid":"q8","numOutPartition":"BAQ=","numSubstreamProducer":"AQ==","outputTopicName":["q8_aucsBySellerID_out","q8_personsByID_out"],"inputTopicName":["nexmark_src"],"commEveryMs":10,"flushMs":10,"snapEveryS":10,"duration":180,"epoch":1,"waitEnd":true,"numChangelogPartition":4,"numInPartition":4,"ParNum":2,"gua":3,"serdeFormat":1}, node constraint is 5,6,7,8
encoded json is {"aid":"q8","numOutPartition":"BA==","numSubstreamProducer":"BAQ=","outputTopicName":["q8_out"],"inputTopicName":["q8_aucsBySellerID_out","q8_personsByID_out"],"commEveryMs":10,"flushMs":10,"snapEveryS":10,"duration":180,"epoch":1,"waitEnd":true,"numChangelogPartition":4,"numInPartition":4,"ParNum":2,"gua":3,"serdeFormat":1}, node constraint is 5,6,7,8
encoded json is {"aid":"q8","numOutPartition":"BA==","numSubstreamProducer":"BAQ=","outputTopicName":["q8_out"],"inputTopicName":["q8_aucsBySellerID_out","q8_personsByID_out"],"commEveryMs":10,"flushMs":10,"snapEveryS":10,"duration":180,"epoch":1,"waitEnd":true,"numChangelogPartition":4,"numInPartition":4,"ParNum":1,"gua":3,"serdeFormat":1}, node constraint is 5,6,7,8
encoded json is {"aid":"q8","numOutPartition":"BA==","numSubstreamProducer":"BAQ=","outputTopicName":["q8_out"],"inputTopicName":["q8_aucsBySellerID_out","q8_personsByID_out"],"commEveryMs":10,"flushMs":10,"snapEveryS":10,"duration":180,"epoch":1,"waitEnd":true,"numChangelogPartition":4,"numInPartition":4,"gua":3,"serdeFormat":1}, node constraint is 5,6,7,8
encoded json is {"aid":"q8","numOutPartition":"BAQ=","numSubstreamProducer":"AQ==","outputTopicName":["q8_aucsBySellerID_out","q8_personsByID_out"],"inputTopicName":["nexmark_src"],"commEveryMs":10,"flushMs":10,"snapEveryS":10,"duration":180,"epoch":1,"waitEnd":true,"numChangelogPartition":4,"numInPartition":4,"ParNum":3,"gua":3,"serdeFormat":1}, node constraint is 5,6,7,8
encoded json is {"aid":"q8","numOutPartition":"BAQ=","numSubstreamProducer":"AQ==","outputTopicName":["q8_aucsBySellerID_out","q8_personsByID_out"],"inputTopicName":["nexmark_src"],"commEveryMs":10,"flushMs":10,"snapEveryS":10,"duration":180,"epoch":1,"waitEnd":true,"numChangelogPartition":4,"numInPartition":4,"gua":3,"serdeFormat":1}, node constraint is 5,6,7,8
Waiting for all client to return
func name is q8JoinStream
func url is http://ip-172-31-5-102.us-east-2.compute.internal:8080/function/q8JoinStream
func name is q8JoinStream
func name is q8GroupBy
func url is http://ip-172-31-5-102.us-east-2.compute.internal:8080/function/q8JoinStream
func url is http://ip-172-31-5-102.us-east-2.compute.internal:8080/function/q8GroupBy
func name is q8JoinStream
func name is q8JoinStream
func url is http://ip-172-31-5-102.us-east-2.compute.internal:8080/function/q8JoinStream
func url is http://ip-172-31-5-102.us-east-2.compute.internal:8080/function/q8JoinStream
func name is q8GroupBy
func url is http://ip-172-31-5-102.us-east-2.compute.internal:8080/function/q8GroupBy
func name is q8GroupBy
func url is http://ip-172-31-5-102.us-east-2.compute.internal:8080/function/q8GroupBy
func name is q8GroupBy
func url is http://ip-172-31-5-102.us-east-2.compute.internal:8080/function/q8GroupBy
encoded json is {"aid":"q8","numOutPartition":"BAQ=","numSubstreamProducer":"AQ==","outputTopicName":["q8_aucsBySellerID_out","q8_personsByID_out"],"inputTopicName":["nexmark_src"],"commEveryMs":10,"flushMs":10,"snapEveryS":10,"duration":180,"epoch":1,"waitEnd":true,"numChangelogPartition":4,"numInPartition":4,"ParNum":1,"gua":3,"serdeFormat":1}, node constraint is 5,6,7,8
source-3 invoke done
source-1 invoke done
source-2 invoke done
source-0 invoke done
q8GroupBy-0 call done
q8GroupBy-1 call done
q8GroupBy-3 call done
q8GroupBy-2 call done
q8JoinStream-2 call done
q8JoinStream-3 call done
q8JoinStream-1 call done
q8JoinStream-0 call done
sink processed: 5039973, throughput: (event/s) 27999.414432398164
sink_ctrl processed: 1, throughput: (event/s) 0.005555469132949356
source-0 duration: 180.002800136

sink_ctrl processed: 1, throughput: (event/s) 0.005555456295754964
sink processed: 5040001, throughput: (event/s) 27999.505286061314
source-1 duration: 180.003216075

sink processed: 5039981, throughput: (event/s) 27999.478052384326
sink_ctrl processed: 1, throughput: (event/s) 0.005555472937771854
source-2 duration: 180.002676856

sink processed: 5040001, throughput: (event/s) 27999.623062971423
sink_ctrl processed: 1, throughput: (event/s) 0.005555479664184872
source-3 duration: 180.002458914

sink processed 20159956 events, duration: 180.003216075, tp: 111997.754482
sink_ctrl processed 4 events, duration: 180.003216075, tp: 0.022222

personsByIDSink processed: 100799, throughput: (event/s) 559.8939951287609
auctionsBySellerIDSink processed: 302399, throughput: (event/s) 1679.693094504332
nexmark_src_src processed: 5039973, throughput: (event/s) 27994.827511295614
nexmark_src_src_ctrl processed: 1, throughput: (event/s) 0.005554559024680413
nexmark_src_src_data processed: 5039972, throughput: (event/s) 27994.82195673659
nexmark_src_src_epoch processed: 0, throughput: (event/s) 0
nexmark_src_src_logEntry processed: 13975, throughput: (event/s) 77.62496236990877
q8GroupBy-0 duration: 180.032293393

nexmark_src_src_data processed: 5040000, throughput: (event/s) 27994.446123045313
nexmark_src_src_epoch processed: 0, throughput: (event/s) 0
nexmark_src_src_logEntry processed: 13929, throughput: (event/s) 77.36798413648773
personsByIDSink processed: 100800, throughput: (event/s) 559.8889224609063
auctionsBySellerIDSink processed: 302400, throughput: (event/s) 1679.6667673827187
nexmark_src_src processed: 5040001, throughput: (event/s) 27994.45167749891
nexmark_src_src_ctrl processed: 1, throughput: (event/s) 0.005554453595842324
q8GroupBy-1 duration: 180.035710578

nexmark_src_src_epoch processed: 0, throughput: (event/s) 0
nexmark_src_src_logEntry processed: 14031, throughput: (event/s) 77.93190571817576
personsByIDSink processed: 100799, throughput: (event/s) 559.8644547420995
auctionsBySellerIDSink processed: 302399, throughput: (event/s) 1679.6044727582232
nexmark_src_src processed: 5039981, throughput: (event/s) 27993.394919349805
nexmark_src_src_ctrl processed: 1, throughput: (event/s) 0.005554265962381566
nexmark_src_src_data processed: 5039980, throughput: (event/s) 27993.389365083844
q8GroupBy-2 duration: 180.04179252

nexmark_src_src_epoch processed: 0, throughput: (event/s) 0
nexmark_src_src_logEntry processed: 13972, throughput: (event/s) 77.60352455921638
personsByIDSink processed: 100800, throughput: (event/s) 559.8651070404388
auctionsBySellerIDSink processed: 302400, throughput: (event/s) 1679.5953211213166
nexmark_src_src processed: 5040001, throughput: (event/s) 27993.260906239277
nexmark_src_src_ctrl processed: 1, throughput: (event/s) 0.005554217331750386
nexmark_src_src_data processed: 5040000, throughput: (event/s) 27993.255352021944
q8GroupBy-3 duration: 180.043368898

nexmark_src_src_ctrl processed 4 events, duration: 180.043368898
nexmark_src_src_data processed 20159952 events, duration: 180.043368898
nexmark_src_src_epoch processed 0 events, duration: 180.043368898
nexmark_src_src_logEntry processed 55907 events, duration: 180.043368898
personsByIDSink processed 403198 events, duration: 180.043368898
auctionsBySellerIDSink processed 1209598 events, duration: 180.043368898
nexmark_src_src processed 20159956 events, duration: 180.043368898

eventTimeLatency_sink, p50: 12776 ms, p90: 26404 ms, p99: 31651 ms
sink processed: 1050337, throughput: (event/s) 4999.6135683325165
auctionsBySellerIDSrc_epoch processed: 25182, throughput: (event/s) 119.86654652530514
personsByIDSrc_ctrl processed: 4, throughput: (event/s) 0.019040035982099142
personsByIDSrc_epoch processed: 25864, throughput: (event/s) 123.11287266025305
personsByIDSrc_logEntry processed: 25864, throughput: (event/s) 123.11287266025305
personsByIDSrc_data processed: 100284, throughput: (event/s) 477.3527421072076
auctionsBySellerIDSrc processed: 322642, throughput: (event/s) 1535.7788223341076
auctionsBySellerIDSrc_data processed: 297456, throughput: (event/s) 1415.8932357728204
auctionsBySellerIDSrc_ctrl processed: 4, throughput: (event/s) 0.019040035982099142
auctionsBySellerIDSrc_logEntry processed: 25182, throughput: (event/s) 119.86654652530514
personsByIDSrc processed: 126152, throughput: (event/s) 600.4846548034427
q8JoinStream-0 duration: 210.083636594

eventTimeLatency_sink, p50: 22011 ms, p90: 24996 ms, p99: 27731 ms
personsByIDSrc_epoch processed: 26016, throughput: (event/s) 125.32418875755955
auctionsBySellerIDSrc processed: 326629, throughput: (event/s) 1573.4361335214069
auctionsBySellerIDSrc_ctrl processed: 4, throughput: (event/s) 0.019268786709341873
auctionsBySellerIDSrc_epoch processed: 25195, throughput: (event/s) 121.36927028546714
personsByIDSrc processed: 127046, throughput: (event/s) 612.0055690687619
personsByIDSrc_logEntry processed: 26016, throughput: (event/s) 125.32418875755955
sink processed: 981497, throughput: (event/s) 4728.0640872147305
auctionsBySellerIDSrc_data processed: 301430, throughput: (event/s) 1452.0475944492302
auctionsBySellerIDSrc_logEntry processed: 25195, throughput: (event/s) 121.36927028546714
personsByIDSrc_ctrl processed: 4, throughput: (event/s) 0.019268786709341873
personsByIDSrc_data processed: 101026, throughput: (event/s) 486.66211152449307
q8JoinStream-1 duration: 207.589614247

eventTimeLatency_sink, p50: 1345 ms, p90: 20467 ms, p99: 22877 ms
personsByIDSrc processed: 126411, throughput: (event/s) 623.3466734016971
personsByIDSrc_epoch processed: 25903, throughput: (event/s) 127.7305683929734
sink processed: 1168174, throughput: (event/s) 5760.395668528483
auctionsBySellerIDSrc processed: 317181, throughput: (event/s) 1564.0547200498665
auctionsBySellerIDSrc_data processed: 291971, throughput: (event/s) 1439.7414115841732
auctionsBySellerIDSrc_logEntry processed: 25206, throughput: (event/s) 124.29358402166882
personsByIDSrc_logEntry processed: 25903, throughput: (event/s) 127.7305683929734
auctionsBySellerIDSrc_epoch processed: 25206, throughput: (event/s) 124.29358402166882
personsByIDSrc_data processed: 100504, throughput: (event/s) 495.596380564699
personsByIDSrc_ctrl processed: 4, throughput: (event/s) 0.019724444024703455
auctionsBySellerIDSrc_ctrl processed: 4, throughput: (event/s) 0.019724444024703455
q8JoinStream-2 duration: 202.79405569

eventTimeLatency_sink, p50: 21799 ms, p90: 24964 ms, p99: 27751 ms
personsByIDSrc_data processed: 101384, throughput: (event/s) 492.052562818819
personsByIDSrc_logEntry processed: 25951, throughput: (event/s) 125.94942059606221
auctionsBySellerIDSrc_ctrl processed: 4, throughput: (event/s) 0.01941342076930557
personsByIDSrc_epoch processed: 25951, throughput: (event/s) 125.94942059606221
sink processed: 1023338, throughput: (event/s) 4966.622795804906
auctionsBySellerIDSrc processed: 344006, throughput: (event/s) 1669.583306291433
auctionsBySellerIDSrc_logEntry processed: 25261, throughput: (event/s) 122.60060551335701
personsByIDSrc_ctrl processed: 4, throughput: (event/s) 0.01941342076930557
auctionsBySellerIDSrc_data processed: 318741, throughput: (event/s) 1546.9632873573069
auctionsBySellerIDSrc_epoch processed: 25261, throughput: (event/s) 122.60060551335701
personsByIDSrc processed: 127339, throughput: (event/s) 618.0213968356505
q8JoinStream-3 duration: 206.043028044

personsByIDSrc_ctrl processed 16 events, duration: 210.083636594
personsByIDSrc_data processed 403198 events, duration: 210.083636594
auctionsBySellerIDSrc_ctrl processed 16 events, duration: 210.083636594
auctionsBySellerIDSrc processed 1310458 events, duration: 210.083636594
auctionsBySellerIDSrc_data processed 1209598 events, duration: 210.083636594
auctionsBySellerIDSrc_logEntry processed 100844 events, duration: 210.083636594
personsByIDSrc processed 506948 events, duration: 210.083636594
sink processed 4223346 events, duration: 210.083636594
auctionsBySellerIDSrc_epoch processed 100844 events, duration: 210.083636594
personsByIDSrc_epoch processed 103734 events, duration: 210.083636594
personsByIDSrc_logEntry processed 103734 events, duration: 210.083636594

