parallel restore str: , false
env str: , async2ndPhase: false
env str: , create snapshot: false
2024/03/03 12:47:57 [INFO] Load configuration for function scale[40]
2024/03/03 12:47:57 [INFO] Load configuration for function chkptmngr[50]
2024/03/03 12:47:57 [INFO] Load configuration for function redisSetup[70]
2024/03/03 12:47:57 [INFO] Load configuration for function source[20]
2024/03/03 12:47:57 [INFO] Load configuration for function query2[30]
2024/03/03 12:47:57 [INFO] Parse FAAS_ENGINE_ID: 2
2024/03/03 12:47:57 [INFO] Parse FAAS_ENGINE_ID: 2
2024/03/03 12:47:57 [INFO] Current GOMAXPROCS is 2
2024/03/03 12:47:57 [INFO] Parse FAAS_ENGINE_ID: 2
2024/03/03 12:47:57 [INFO] Current GOMAXPROCS is 3
2024/03/03 12:47:57 [INFO] Start new FuncWorker with client id 6
2024/03/03 12:47:57 [INFO] Parse FAAS_ENGINE_ID: 2
2024/03/03 12:47:57 [INFO] Current GOMAXPROCS is 4
2024/03/03 12:47:57 [INFO] Start new FuncWorker with client id 7
2024/03/03 12:47:57 [INFO] Start new FuncWorker with client id 8
2024/03/03 12:47:57 [INFO] Start new FuncWorker with client id 9
Enter nexmark: funcName: source
2024/03/03 12:47:57 [INFO] Handshake with engine done
Enter nexmark: funcName: source
2024/03/03 12:47:57 [INFO] Handshake with engine done
Enter nexmark: funcName: source
2024/03/03 12:47:57 [INFO] Handshake with engine done
Enter nexmark: funcName: source
2024/03/03 12:47:57 [INFO] Handshake with engine done
redis address is [snapcache-1:6666 snapcache-2:6666 snapcache-3:6666 snapcache-4:6666]
new buffered sink stream nexmark_src[0] with bufMaxSize 131072
new buffered sink stream nexmark_src[1] with bufMaxSize 131072
new buffered sink stream nexmark_src[2] with bufMaxSize 131072
new buffered sink stream nexmark_src[3] with bufMaxSize 131072
Generator config: 
	InterEventDelayUs: [11.363636363636363]
	EventPerEpoch    : 0
	MaxEvents        : 63360000
	FirstEventNumber : 1
	EpochPeriodMs    : 0
	StepLengthSec    : 5
	BaseTime         : 1709470207468
	FirstEventId     : 1
	TotalProportion  : 50
	BidProportion    : 46
	AuctionProportion: 3
	PersonProportion : 1
Nexmark config: 
	NumEvents            : 63360000
	NumEventGenerators   : 4
	RateShape            : 0
	FirstEventRate       : 352000
	NextEventRate        : 352000
	RateUnit             : 1000000
	RatePeriodSec        : 10
	PreloadSeconds       : 0
	StreamTimeout        : 240
	IsRateLimited        : false
	UseWallclockEventTime: false
	AvgPersonByteSize    : 200
	AvgAuctionByteSize   : 500
	AvgBidByteSize       : 100
	HotAuctionRatio      : 2
	HotSellersRatio      : 4
	HotBiddersRatio      : 4
	WindowSizeSec        : 10
	WindowPeriodSec      : 5
	WatermarkHoldbackSec : 0
	NumInFlightAuctions  : 100
	NumActivePeople      : 1000
	OccasionalDelaySec   : 3
	ProbDelayedEvent     : 0.1
	OutOfOrderGroupSize  : 1
Input config: 
	SrcTopicName   : nexmark_src
	AppId          : q2
	FinalOutTpNames: [q2_out]
	Duration(s)    : 180
	FlushMs        : 10
	BufMaxSize     : 131072
	CommitEveryMs  : 100
	WaitForEndMark : true
	SerdeFormat    : MSGP
	NumOutPartition: 4
	ParNum         : 0
	NumSrcInstance : 4
	Guarantee      : ALIGN_CHKPT
new buffered sink stream __control_log_q2[0] with bufMaxSize 131072
new buffered sink stream __control_log_q2[0] with bufMaxSize 131072
generate events to [0]
StartTs: 1709470207468
gen first chkpt
srcGen_0 stats (880036 samples): dur=10.01164098s, p50=4, p90=13, p99=25
nexmark_src_bufEntry_0 stats (2388 samples): dur=10.007673112s, p50=506, p90=511, p99=513
nexmark_src_bufSize_0 stats (2388 samples): dur=10.007790868s, p50=130870, p90=131034, p99=131066
srcGen_0 stats (880956 samples): dur=10.011585898s, p50=4, p90=13, p99=25
nexmark_src_bufEntry_0 stats (2397 samples): dur=10.010816984s, p50=503, p90=508, p99=512
nexmark_src_bufSize_0 stats (2397 samples): dur=10.010816721s, p50=130872, p90=131028, p99=131068
srcGen_0 stats (881041 samples): dur=10.011950742s, p50=4, p90=13, p99=25
nexmark_src_bufEntry_0 stats (2385 samples): dur=10.011936057s, p50=503, p90=507, p99=509
nexmark_src_bufSize_0 stats (2385 samples): dur=10.011940725s, p50=130875, p90=131035, p99=131068
srcGen_0 stats (880876 samples): dur=10.012582719s, p50=4, p90=13, p99=25
nexmark_src_bufEntry_0 stats (2401 samples): dur=10.012604178s, p50=501, p90=506, p99=509
nexmark_src_bufSize_0 stats (2401 samples): dur=10.012601828s, p50=130875, p90=131034, p99=131068
srcGen_0 stats (881319 samples): dur=10.011882838s, p50=4, p90=13, p99=25
nexmark_src_bufEntry_0 stats (2408 samples): dur=10.011872516s, p50=499, p90=503, p99=505
nexmark_src_bufSize_0 stats (2408 samples): dur=10.011873725s, p50=130879, p90=131031, p99=131068
srcGen_0 stats (881052 samples): dur=10.012895741s, p50=4, p90=13, p99=25
nexmark_src_bufEntry_0 stats (2412 samples): dur=10.012887659s, p50=499, p90=503, p99=505
nexmark_src_bufSize_0 stats (2412 samples): dur=10.012884247s, p50=130880, p90=131036, p99=131068
srcGen_0 stats (881118 samples): dur=10.011759371s, p50=4, p90=13, p99=26
nexmark_src_bufEntry_0 stats (2435 samples): dur=10.011756239s, p50=499, p90=503, p99=505
nexmark_src_bufSize_0 stats (2435 samples): dur=10.011755478s, p50=130878, p90=131035, p99=131067
srcGen_0 stats (880949 samples): dur=10.011772936s, p50=4, p90=13, p99=25
nexmark_src_bufEntry_0 stats (2422 samples): dur=10.01179883s, p50=499, p90=503, p99=505
nexmark_src_bufSize_0 stats (2422 samples): dur=10.011829105s, p50=130877, p90=131030, p99=131068
nexmark_src_bufEntry_0 stats (2423 samples): dur=10.000234761s, p50=499, p90=503, p99=505
nexmark_src_bufSize_0 stats (2423 samples): dur=10.000549232s, p50=130873, p90=131030, p99=131067
srcGen_0 stats (880919 samples): dur=10.016984181s, p50=4, p90=13, p99=25
nexmark_src_bufEntry_0 stats (2433 samples): dur=10.000091234s, p50=499, p90=503, p99=505
nexmark_src_bufSize_0 stats (2434 samples): dur=10.003238451s, p50=130876, p90=131031, p99=131068
srcGen_0 stats (881731 samples): dur=10.011782252s, p50=4, p90=13, p99=25
nexmark_src_bufEntry_0 stats (2433 samples): dur=10.000305869s, p50=499, p90=503, p99=505
nexmark_src_bufSize_0 stats (2434 samples): dur=10.006682667s, p50=130881, p90=131035, p99=131068
srcGen_0 stats (881084 samples): dur=10.011888027s, p50=4, p90=13, p99=25
nexmark_src_bufEntry_0 stats (2440 samples): dur=10.000474792s, p50=499, p90=503, p99=505
nexmark_src_bufSize_0 stats (2440 samples): dur=10.000937974s, p50=130881, p90=131030, p99=131066
srcGen_0 stats (880916 samples): dur=10.012736852s, p50=4, p90=13, p99=25
nexmark_src_bufEntry_0 stats (2419 samples): dur=10.004193075s, p50=499, p90=503, p99=505
nexmark_src_bufSize_0 stats (2419 samples): dur=10.003078323s, p50=130878, p90=131035, p99=131067
srcGen_0 stats (881217 samples): dur=10.011740754s, p50=4, p90=13, p99=25
nexmark_src_bufEntry_0 stats (2432 samples): dur=10.000509446s, p50=499, p90=503, p99=505
nexmark_src_bufSize_0 stats (2432 samples): dur=10.001969689s, p50=130878, p90=131033, p99=131068
srcGen_0 stats (881042 samples): dur=10.012234396s, p50=4, p90=13, p99=25
nexmark_src_bufEntry_0 stats (2440 samples): dur=10.004826209s, p50=499, p90=503, p99=505
nexmark_src_bufSize_0 stats (2440 samples): dur=10.000518979s, p50=130873, p90=131033, p99=131066
srcGen_0 stats (881072 samples): dur=10.011296773s, p50=4, p90=13, p99=25
nexmark_src_bufEntry_0 stats (2435 samples): dur=10.00400265s, p50=499, p90=502, p99=505
nexmark_src_bufSize_0 stats (2435 samples): dur=10.002778535s, p50=130882, p90=131030, p99=131066
srcGen_0 stats (880952 samples): dur=10.012361588s, p50=4, p90=13, p99=25
nexmark_src_bufEntry_0 stats (2426 samples): dur=10.000908726s, p50=499, p90=503, p99=505
nexmark_src_bufSize_0 stats (2425 samples): dur=10.000179471s, p50=130880, p90=131029, p99=131068
srcGen_0 stats (881063 samples): dur=10.012095307s, p50=4, p90=13, p99=26
[0] chkmngr has terminated
generate stream end mark with tag: 404b3c06f60bdf00
[0] all stopped
