wait for last: true, sink max_buf_size: 131072
warmup: 0
config: map[NodeConstraint:"1,2,3,4" NumInstance:4 OutputTopicName:["nexmark_src"] funcName:"source"]
config: map[Final:true InputTopicNames:["nexmark_src"] NodeConstraint:"5,6,7,8" NumInstance:4 NumSrcProducer:[1] OutputTopicName:["q2_out"] funcName:"query2"]
srcInvokeConfig: &{FinalTpNames:[q2_out] TopicName:nexmark_src AppId:q2 NodeConstraint:1,2,3,4 AdditionalBytes:0 ScaleEpoch:0 NumOutPartition:4 InstanceID:0 NumSrcInstance:4}
cliNodes: [0xc000026160]
inParamsMap: map[query2:[0xc00007eaa0 0xc00007eb40 0xc00007ebe0 0xc00007ec80]]
configScaleInput: &{Config:map[nexmark_src:4 q2_out:4 query2:4 source:4] AppId:q2 FuncNames:[source query2] BufMaxSize:131072 ScaleEpoch:0 SerdeFormat:1 Bootstrap:false}
encoded json is {"sg":{"nexmark_src":4,"q2_out":4,"query2":4,"source":4},"aid":"q2","fns":["source","query2"],"bufMaxSize":131072,"epoch":1,"serdeFormat":1,"bs":true}, node constraint is 1
encoded json is {"outTpNames":["q2_out"]}, node constraint is 1
redis_setup url is http://ip-172-31-9-241.us-east-2.compute.internal:8080/function/redisSetup
encoded json is {"srcTpName":"nexmark_src","outTpNames":["q2_out"],"numOutParts":"BA==","chkptEveryMs":100,"bufMaxSize":131072,"srcNumPart":4,"gua":4,"serde_format":1}, node constraint is 1
chkptmngr url is http://ip-172-31-9-241.us-east-2.compute.internal:8080/function/chkptmngr
func source url is http://ip-172-31-9-241.us-east-2.compute.internal:8080/function/source
func source url is http://ip-172-31-9-241.us-east-2.compute.internal:8080/function/source
func source url is http://ip-172-31-9-241.us-east-2.compute.internal:8080/function/source
func source url is http://ip-172-31-9-241.us-east-2.compute.internal:8080/function/source
src instance: 4
encoded json is {"topic_name":"nexmark_src","rate_shape":"square","aid":"q2","events_num":2880000,"rate_period":10000000000,"finOutTpNs":["q2_out"],"first_event_rate":16000,"next_event_rate":16000,"bid_avg_size":100,"person_avg_size":200,"auction_avg_size":500,"duration":180,"person_proportion":1,"auction_proportion":3,"bid_proportion":46,"bid_hot_ratio_auctions":2,"bid_hot_ratio_bidders":4,"auction_hot_ratio_sellers":4,"flushms":10,"bufMaxSize":131072,"commEveryMs":100,"rate_limited":false,"waitEnd":true,"serde_format":1,"numOutPar":4,"nSrcIns":4,"gua":4}, node constraint is 1,2,3,4
encoded json is {"topic_name":"nexmark_src","rate_shape":"square","aid":"q2","events_num":2880000,"rate_period":10000000000,"finOutTpNs":["q2_out"],"first_event_rate":16000,"next_event_rate":16000,"bid_avg_size":100,"person_avg_size":200,"auction_avg_size":500,"duration":180,"person_proportion":1,"auction_proportion":3,"bid_proportion":46,"bid_hot_ratio_auctions":2,"bid_hot_ratio_bidders":4,"auction_hot_ratio_sellers":4,"flushms":10,"bufMaxSize":131072,"commEveryMs":100,"rate_limited":false,"waitEnd":true,"serde_format":1,"numOutPar":4,"parNum":1,"nSrcIns":4,"gua":4}, node constraint is 1,2,3,4
encoded json is {"topic_name":"nexmark_src","rate_shape":"square","aid":"q2","events_num":2880000,"rate_period":10000000000,"finOutTpNs":["q2_out"],"first_event_rate":16000,"next_event_rate":16000,"bid_avg_size":100,"person_avg_size":200,"auction_avg_size":500,"duration":180,"person_proportion":1,"auction_proportion":3,"bid_proportion":46,"bid_hot_ratio_auctions":2,"bid_hot_ratio_bidders":4,"auction_hot_ratio_sellers":4,"flushms":10,"bufMaxSize":131072,"commEveryMs":100,"rate_limited":false,"waitEnd":true,"serde_format":1,"numOutPar":4,"parNum":2,"nSrcIns":4,"gua":4}, node constraint is 1,2,3,4
encoded json is {"topic_name":"nexmark_src","rate_shape":"square","aid":"q2","events_num":2880000,"rate_period":10000000000,"finOutTpNs":["q2_out"],"first_event_rate":16000,"next_event_rate":16000,"bid_avg_size":100,"person_avg_size":200,"auction_avg_size":500,"duration":180,"person_proportion":1,"auction_proportion":3,"bid_proportion":46,"bid_hot_ratio_auctions":2,"bid_hot_ratio_bidders":4,"auction_hot_ratio_sellers":4,"flushms":10,"bufMaxSize":131072,"commEveryMs":100,"rate_limited":false,"waitEnd":true,"serde_format":1,"numOutPar":4,"parNum":3,"nSrcIns":4,"gua":4}, node constraint is 1,2,3,4
Waiting for all client to return
func name is query2
func url is http://ip-172-31-9-241.us-east-2.compute.internal:8080/function/query2
func name is query2
func url is http://ip-172-31-9-241.us-east-2.compute.internal:8080/function/query2
func name is query2
func name is query2
func url is http://ip-172-31-9-241.us-east-2.compute.internal:8080/function/query2
func url is http://ip-172-31-9-241.us-east-2.compute.internal:8080/function/query2
encoded json is {"aid":"q2","numOutPartition":"BA==","numSubstreamProducer":"AQ==","outputTopicName":["q2_out"],"inputTopicName":["nexmark_src"],"commEveryMs":100,"flushMs":100,"duration":180,"bufMaxSize":131072,"epoch":1,"waitEnd":true,"numInPartition":4,"ParNum":3,"gua":4,"serdeFormat":1}, node constraint is 5,6,7,8
encoded json is {"aid":"q2","numOutPartition":"BA==","numSubstreamProducer":"AQ==","outputTopicName":["q2_out"],"inputTopicName":["nexmark_src"],"commEveryMs":100,"flushMs":100,"duration":180,"bufMaxSize":131072,"epoch":1,"waitEnd":true,"numInPartition":4,"ParNum":1,"gua":4,"serdeFormat":1}, node constraint is 5,6,7,8
encoded json is {"aid":"q2","numOutPartition":"BA==","numSubstreamProducer":"AQ==","outputTopicName":["q2_out"],"inputTopicName":["nexmark_src"],"commEveryMs":100,"flushMs":100,"duration":180,"bufMaxSize":131072,"epoch":1,"waitEnd":true,"numInPartition":4,"gua":4,"serdeFormat":1}, node constraint is 5,6,7,8
encoded json is {"aid":"q2","numOutPartition":"BA==","numSubstreamProducer":"AQ==","outputTopicName":["q2_out"],"inputTopicName":["nexmark_src"],"commEveryMs":100,"flushMs":100,"duration":180,"bufMaxSize":131072,"epoch":1,"waitEnd":true,"numInPartition":4,"ParNum":2,"gua":4,"serdeFormat":1}, node constraint is 5,6,7,8
source-1 invoke done
source-0 invoke done
source-2 invoke done
query2-0 call done
query2-2 call done
query2-1 call done
source-3 invoke done
query2-3 call done
sink processed: 720002, throughput: (event/s) 3999.837272139065
sink_ctrl processed: 2, throughput: (event/s) 0.011110628226418997
source-0 duration: 180.007823072

sink processed: 720002, throughput: (event/s) 3999.8792578468488
sink_ctrl processed: 2, throughput: (event/s) 0.0111107448530611
source-1 duration: 180.005933576

sink processed: 720002, throughput: (event/s) 3999.87995006992
sink_ctrl processed: 2, throughput: (event/s) 0.011110746775897622
source-2 duration: 180.005902424

sink processed: 720002, throughput: (event/s) 3999.9438321002995
sink_ctrl processed: 2, throughput: (event/s) 0.011110924225489094
source-3 duration: 180.003027598

sink processed 2880008 events, duration: 180.007823072, tp: 15999.349089
sink_ctrl processed 8 events, duration: 180.007823072, tp: 0.044443

eventTimeLatency_sink, p50: 20 ms, p90: 24 ms, p99: 26 ms
nexmark_src_src processed: 721616, throughput: (event/s) 4008.744030429964
nexmark_src_src_ctrl processed: 1616, throughput: (event/s) 8.977254319714115
nexmark_src_src_data processed: 720000, throughput: (event/s) 3999.76677611025
nexmark_src_src_epoch processed: 0, throughput: (event/s) 0
nexmark_src_src_logEntry processed: 15644, throughput: (event/s) 86.90604367426215
sink processed: 5123, throughput: (event/s) 28.459451658351124
query2-0 duration: 180.010495687

eventTimeLatency_sink, p50: 21 ms, p90: 25 ms, p99: 27 ms
sink processed: 5134, throughput: (event/s) 28.520647637511956
nexmark_src_src processed: 721616, throughput: (event/s) 4008.7564599904226
nexmark_src_src_ctrl processed: 1616, throughput: (event/s) 8.97728215469796
nexmark_src_src_data processed: 720000, throughput: (event/s) 3999.7791778357246
nexmark_src_src_epoch processed: 0, throughput: (event/s) 0
nexmark_src_src_logEntry processed: 15632, throughput: (event/s) 86.83965014990007
query2-1 duration: 180.009937546

eventTimeLatency_sink, p50: 21 ms, p90: 25 ms, p99: 27 ms
nexmark_src_src_data processed: 720000, throughput: (event/s) 3999.790695374902
nexmark_src_src_epoch processed: 0, throughput: (event/s) 0
nexmark_src_src_logEntry processed: 15543, throughput: (event/s) 86.3454816364057
sink processed: 5051, throughput: (event/s) 28.059642781025875
nexmark_src_src processed: 721616, throughput: (event/s) 4008.768003380077
nexmark_src_src_ctrl processed: 1616, throughput: (event/s) 8.97730800517478
query2-2 duration: 180.009419201

eventTimeLatency_sink, p50: 43 ms, p90: 47 ms, p99: 49 ms
nexmark_src_src_logEntry processed: 15535, throughput: (event/s) 86.30295471389009
sink processed: 4910, throughput: (event/s) 27.276955754438386
nexmark_src_src processed: 721616, throughput: (event/s) 4008.856966129289
nexmark_src_src_ctrl processed: 1616, throughput: (event/s) 8.977507229974018
nexmark_src_src_data processed: 720000, throughput: (event/s) 3999.879458899315
nexmark_src_src_epoch processed: 0, throughput: (event/s) 0
query2-3 duration: 180.005424513

sink processed 20218 events, duration: 180.010495687
nexmark_src_src processed 2886464 events, duration: 180.010495687
nexmark_src_src_ctrl processed 6464 events, duration: 180.010495687
nexmark_src_src_data processed 2880000 events, duration: 180.010495687
nexmark_src_src_epoch processed 0 events, duration: 180.010495687
nexmark_src_src_logEntry processed 62354 events, duration: 180.010495687

