wait for last: true
warmup: 0
config: map[NodeConstraint:"1,2,3,4" NumInstance:4 OutputTopicName:["nexmark_src"] funcName:"source"]
config: map[InputTopicNames:["nexmark_src"] NodeConstraint:"5,6,7,8" NumInstance:4 NumSrcProducer:[1] OutputTopicName:["q8_aucsBySellerID_out","q8_personsByID_out"] funcName:"q8GroupBy"]
config: map[InputTopicNames:["q8_aucsBySellerID_out","q8_personsByID_out"] NodeConstraint:"5,6,7,8" NumInstance:4 NumSrcProducer:[4,4] OutputTopicName:["q8_out"] funcName:"q8JoinStream"]
srcInvokeConfig: {TopicName:nexmark_src AppId:q8 NodeConstraint:1,2,3,4 ScaleEpoch:0 NumOutPartition:4 InstanceID:0 NumSrcInstance:4}
cliNodes: [0xc0000ce220 0xc0000ce280]
inParamsMap: map[q8GroupBy:[0xc0000b2b40 0xc0000b2be0 0xc0000b2c80 0xc0000b2d20] q8JoinStream:[0xc0000b2dc0 0xc0000b2e60 0xc0000b2f00 0xc0000b2fa0]]
configScaleInput: {Config:map[changelog:4 nexmark_src:4 q8GroupBy:4 q8JoinStream:4 q8_aucsBySellerID_out:4 q8_out:4 q8_personsByID_out:4 source:4] AppId:q8 FuncNames:[source q8GroupBy q8JoinStream] ScaleEpoch:0 SerdeFormat:1 Bootstrap:false}
encoded json is {"sg":{"changelog":4,"nexmark_src":4,"q8GroupBy":4,"q8JoinStream":4,"q8_aucsBySellerID_out":4,"q8_out":4,"q8_personsByID_out":4,"source":4},"aid":"q8","fns":["source","q8GroupBy","q8JoinStream"],"epoch":1,"serdeFormat":1,"bs":true}, node constraint is 1
func source url is http://ip-172-31-6-98.us-east-2.compute.internal:8080/function/source
func source url is http://ip-172-31-6-98.us-east-2.compute.internal:8080/function/source
func source url is http://ip-172-31-6-98.us-east-2.compute.internal:8080/function/source
func source url is http://ip-172-31-6-98.us-east-2.compute.internal:8080/function/source
src instance: 4
encoded json is {"topic_name":"nexmark_src","rate_shape":"square","aid":"q8","events_num":20160000,"rate_period":10000000000,"bid_avg_size":100,"first_event_rate":112000,"next_event_rate":112000,"person_avg_size":200,"auction_avg_size":500,"duration":180,"person_proportion":1,"auction_proportion":3,"bid_proportion":46,"bid_hot_ratio_auctions":2,"bid_hot_ratio_bidders":4,"auction_hot_ratio_sellers":4,"flushms":50,"rate_limited":false,"waitEnd":true,"serde_format":1,"numOutPar":4,"parNum":2,"nSrcIns":4}, node constraint is 1,2,3,4
encoded json is {"topic_name":"nexmark_src","rate_shape":"square","aid":"q8","events_num":20160000,"rate_period":10000000000,"bid_avg_size":100,"first_event_rate":112000,"next_event_rate":112000,"person_avg_size":200,"auction_avg_size":500,"duration":180,"person_proportion":1,"auction_proportion":3,"bid_proportion":46,"bid_hot_ratio_auctions":2,"bid_hot_ratio_bidders":4,"auction_hot_ratio_sellers":4,"flushms":50,"rate_limited":false,"waitEnd":true,"serde_format":1,"numOutPar":4,"parNum":1,"nSrcIns":4}, node constraint is 1,2,3,4
encoded json is {"topic_name":"nexmark_src","rate_shape":"square","aid":"q8","events_num":20160000,"rate_period":10000000000,"bid_avg_size":100,"first_event_rate":112000,"next_event_rate":112000,"person_avg_size":200,"auction_avg_size":500,"duration":180,"person_proportion":1,"auction_proportion":3,"bid_proportion":46,"bid_hot_ratio_auctions":2,"bid_hot_ratio_bidders":4,"auction_hot_ratio_sellers":4,"flushms":50,"rate_limited":false,"waitEnd":true,"serde_format":1,"numOutPar":4,"nSrcIns":4}, node constraint is 1,2,3,4
encoded json is {"topic_name":"nexmark_src","rate_shape":"square","aid":"q8","events_num":20160000,"rate_period":10000000000,"bid_avg_size":100,"first_event_rate":112000,"next_event_rate":112000,"person_avg_size":200,"auction_avg_size":500,"duration":180,"person_proportion":1,"auction_proportion":3,"bid_proportion":46,"bid_hot_ratio_auctions":2,"bid_hot_ratio_bidders":4,"auction_hot_ratio_sellers":4,"flushms":50,"rate_limited":false,"waitEnd":true,"serde_format":1,"numOutPar":4,"parNum":3,"nSrcIns":4}, node constraint is 1,2,3,4
encoded json is {"aid":"q8","numOutPartition":"BA==","numSubstreamProducer":"BAQ=","outputTopicName":["q8_out"],"inputTopicName":["q8_aucsBySellerID_out","q8_personsByID_out"],"commEveryMs":50,"flushMs":50,"snapEveryS":10,"duration":180,"epoch":1,"waitEnd":true,"numChangelogPartition":4,"numInPartition":4,"ParNum":3,"gua":3,"serdeFormat":1}, node constraint is 5,6,7,8
encoded json is {"aid":"q8","numOutPartition":"BAQ=","numSubstreamProducer":"AQ==","outputTopicName":["q8_aucsBySellerID_out","q8_personsByID_out"],"inputTopicName":["nexmark_src"],"commEveryMs":50,"flushMs":50,"snapEveryS":10,"duration":180,"epoch":1,"waitEnd":true,"numChangelogPartition":4,"numInPartition":4,"ParNum":3,"gua":3,"serdeFormat":1}, node constraint is 5,6,7,8
encoded json is {"aid":"q8","numOutPartition":"BAQ=","numSubstreamProducer":"AQ==","outputTopicName":["q8_aucsBySellerID_out","q8_personsByID_out"],"inputTopicName":["nexmark_src"],"commEveryMs":50,"flushMs":50,"snapEveryS":10,"duration":180,"epoch":1,"waitEnd":true,"numChangelogPartition":4,"numInPartition":4,"gua":3,"serdeFormat":1}, node constraint is 5,6,7,8
encoded json is {"aid":"q8","numOutPartition":"BAQ=","numSubstreamProducer":"AQ==","outputTopicName":["q8_aucsBySellerID_out","q8_personsByID_out"],"inputTopicName":["nexmark_src"],"commEveryMs":50,"flushMs":50,"snapEveryS":10,"duration":180,"epoch":1,"waitEnd":true,"numChangelogPartition":4,"numInPartition":4,"ParNum":2,"gua":3,"serdeFormat":1}, node constraint is 5,6,7,8
encoded json is {"aid":"q8","numOutPartition":"BA==","numSubstreamProducer":"BAQ=","outputTopicName":["q8_out"],"inputTopicName":["q8_aucsBySellerID_out","q8_personsByID_out"],"commEveryMs":50,"flushMs":50,"snapEveryS":10,"duration":180,"epoch":1,"waitEnd":true,"numChangelogPartition":4,"numInPartition":4,"ParNum":1,"gua":3,"serdeFormat":1}, node constraint is 5,6,7,8
encoded json is {"aid":"q8","numOutPartition":"BA==","numSubstreamProducer":"BAQ=","outputTopicName":["q8_out"],"inputTopicName":["q8_aucsBySellerID_out","q8_personsByID_out"],"commEveryMs":50,"flushMs":50,"snapEveryS":10,"duration":180,"epoch":1,"waitEnd":true,"numChangelogPartition":4,"numInPartition":4,"gua":3,"serdeFormat":1}, node constraint is 5,6,7,8
encoded json is {"aid":"q8","numOutPartition":"BA==","numSubstreamProducer":"BAQ=","outputTopicName":["q8_out"],"inputTopicName":["q8_aucsBySellerID_out","q8_personsByID_out"],"commEveryMs":50,"flushMs":50,"snapEveryS":10,"duration":180,"epoch":1,"waitEnd":true,"numChangelogPartition":4,"numInPartition":4,"ParNum":2,"gua":3,"serdeFormat":1}, node constraint is 5,6,7,8
encoded json is {"aid":"q8","numOutPartition":"BAQ=","numSubstreamProducer":"AQ==","outputTopicName":["q8_aucsBySellerID_out","q8_personsByID_out"],"inputTopicName":["nexmark_src"],"commEveryMs":50,"flushMs":50,"snapEveryS":10,"duration":180,"epoch":1,"waitEnd":true,"numChangelogPartition":4,"numInPartition":4,"ParNum":1,"gua":3,"serdeFormat":1}, node constraint is 5,6,7,8
Waiting for all client to return
func name is q8JoinStream
func url is http://ip-172-31-6-98.us-east-2.compute.internal:8080/function/q8JoinStream
func name is q8GroupBy
func url is http://ip-172-31-6-98.us-east-2.compute.internal:8080/function/q8GroupBy
func name is q8JoinStream
func url is http://ip-172-31-6-98.us-east-2.compute.internal:8080/function/q8JoinStream
func name is q8GroupBy
func url is http://ip-172-31-6-98.us-east-2.compute.internal:8080/function/q8GroupBy
func name is q8JoinStream
func url is http://ip-172-31-6-98.us-east-2.compute.internal:8080/function/q8JoinStream
func name is q8GroupBy
func url is http://ip-172-31-6-98.us-east-2.compute.internal:8080/function/q8GroupBy
func name is q8GroupBy
func name is q8JoinStream
func url is http://ip-172-31-6-98.us-east-2.compute.internal:8080/function/q8JoinStream
func url is http://ip-172-31-6-98.us-east-2.compute.internal:8080/function/q8GroupBy
source-1 invoke done
source-0 invoke done
source-3 invoke done
source-2 invoke done
q8GroupBy-3 call done
q8GroupBy-1 call done
q8GroupBy-2 call done
q8GroupBy-0 call done
q8JoinStream-2 call done
q8JoinStream-0 call done
q8JoinStream-1 call done
q8JoinStream-3 call done
sink processed: 5040001, throughput: (event/s) 27999.586043202235
sink_ctrl processed: 1, throughput: (event/s) 0.005555472318994031
source-0 duration: 180.002696905

sink processed: 5040001, throughput: (event/s) 27999.533534752638
sink_ctrl processed: 1, throughput: (event/s) 0.005555461900652924
source-1 duration: 180.00303447

sink processed: 5040001, throughput: (event/s) 27999.376037339847
sink_ctrl processed: 1, throughput: (event/s) 0.00555543065117246
source-2 duration: 180.004046993

sink processed: 5039973, throughput: (event/s) 27999.378570263103
sink_ctrl processed: 1, throughput: (event/s) 0.005555462017408249
source-3 duration: 180.003030687

sink processed 20159976 events, duration: 180.004046993, tp: 111997.348597
sink_ctrl processed 4 events, duration: 180.004046993, tp: 0.022222

nexmark_src_src_logEntry processed: 10638, throughput: (event/s) 59.08572311278521
personsByIDSink processed: 100800, throughput: (event/s) 559.8647198504182
auctionsBySellerIDSink processed: 302400, throughput: (event/s) 1679.5941595512547
nexmark_src_src processed: 5040001, throughput: (event/s) 27993.2415467344
nexmark_src_src_ctrl processed: 1, throughput: (event/s) 0.005554213490579545
nexmark_src_src_data processed: 5040000, throughput: (event/s) 27993.23599252091
nexmark_src_src_epoch processed: 0, throughput: (event/s) 0
q8GroupBy-0 duration: 180.043493412

nexmark_src_src_ctrl processed: 1, throughput: (event/s) 0.005554375408309548
nexmark_src_src_data processed: 5040000, throughput: (event/s) 27994.052057880122
nexmark_src_src_epoch processed: 0, throughput: (event/s) 0
nexmark_src_src_logEntry processed: 10535, throughput: (event/s) 58.51534492654109
personsByIDSink processed: 100800, throughput: (event/s) 559.8810411576025
auctionsBySellerIDSink processed: 302400, throughput: (event/s) 1679.6431234728075
nexmark_src_src processed: 5040001, throughput: (event/s) 27994.057612255532
q8GroupBy-1 duration: 180.038244895

personsByIDSink processed: 100800, throughput: (event/s) 559.8831225878711
auctionsBySellerIDSink processed: 302400, throughput: (event/s) 1679.649367763613
nexmark_src_src processed: 5040001, throughput: (event/s) 27994.16168378961
nexmark_src_src_ctrl processed: 1, throughput: (event/s) 0.005554396057419355
nexmark_src_src_data processed: 5040000, throughput: (event/s) 27994.156129393552
nexmark_src_src_epoch processed: 0, throughput: (event/s) 0
nexmark_src_src_logEntry processed: 10483, throughput: (event/s) 58.22673386992711
q8GroupBy-2 duration: 180.037575582

nexmark_src_src_logEntry processed: 10447, throughput: (event/s) 58.02910291062116
personsByIDSink processed: 100799, throughput: (event/s) 559.9000233835266
auctionsBySellerIDSink processed: 302399, throughput: (event/s) 1679.7111793882386
nexmark_src_src processed: 5039973, throughput: (event/s) 27995.128925409404
nexmark_src_src_ctrl processed: 1, throughput: (event/s) 0.005554618829388452
nexmark_src_src_data processed: 5039972, throughput: (event/s) 27995.123370790578
nexmark_src_src_epoch processed: 0, throughput: (event/s) 0
q8GroupBy-3 duration: 180.030355046

nexmark_src_src_logEntry processed 42103 events, duration: 180.043493412
personsByIDSink processed 403199 events, duration: 180.043493412
auctionsBySellerIDSink processed 1209599 events, duration: 180.043493412
nexmark_src_src processed 20159976 events, duration: 180.043493412
nexmark_src_src_ctrl processed 4 events, duration: 180.043493412
nexmark_src_src_data processed 20159972 events, duration: 180.043493412
nexmark_src_src_epoch processed 0 events, duration: 180.043493412

eventTimeLatency_sink, p50: 153 ms, p90: 367 ms, p99: 749 ms
personsByIDSrc_data processed: 100284, throughput: (event/s) 556.4970324499084
auctionsBySellerIDSrc_epoch processed: 10223, throughput: (event/s) 56.72957962122984
personsByIDSrc_ctrl processed: 4, throughput: (event/s) 0.022196842265961005
auctionsBySellerIDSrc_data processed: 297456, throughput: (event/s) 1650.6459782659242
auctionsBySellerIDSrc_logEntry processed: 10227, throughput: (event/s) 56.7517764634958
personsByIDSrc processed: 110514, throughput: (event/s) 613.2654565451036
sink processed: 1187597, throughput: (event/s) 6590.225821132123
personsByIDSrc_epoch processed: 10226, throughput: (event/s) 56.74622725292931
personsByIDSrc_logEntry processed: 10226, throughput: (event/s) 56.74622725292931
auctionsBySellerIDSrc processed: 307683, throughput: (event/s) 1707.39775472942
auctionsBySellerIDSrc_ctrl processed: 4, throughput: (event/s) 0.022196842265961005
q8JoinStream-0 duration: 180.205812704

eventTimeLatency_sink, p50: 176 ms, p90: 485 ms, p99: 949 ms
auctionsBySellerIDSrc_epoch processed: 10225, throughput: (event/s) 56.674919148406445
personsByIDSrc_ctrl processed: 4, throughput: (event/s) 0.022171117515269026
personsByIDSrc_epoch processed: 10229, throughput: (event/s) 56.697090265921716
auctionsBySellerIDSrc_ctrl processed: 4, throughput: (event/s) 0.022171117515269026
sink processed: 1207121, throughput: (event/s) 6690.805386537265
auctionsBySellerIDSrc processed: 311660, throughput: (event/s) 1727.462621202186
auctionsBySellerIDSrc_data processed: 301431, throughput: (event/s) 1670.7655309362642
auctionsBySellerIDSrc_logEntry processed: 10225, throughput: (event/s) 56.674919148406445
personsByIDSrc processed: 111260, throughput: (event/s) 616.6896336872079
personsByIDSrc_data processed: 101027, throughput: (event/s) 559.9703723037709
personsByIDSrc_logEntry processed: 10229, throughput: (event/s) 56.697090265921716
q8JoinStream-1 duration: 180.414902282

eventTimeLatency_sink, p50: 145 ms, p90: 339 ms, p99: 646 ms
personsByIDSrc_logEntry processed: 10229, throughput: (event/s) 56.76368571890412
auctionsBySellerIDSrc_data processed: 291971, throughput: (event/s) 1620.231702320281
auctionsBySellerIDSrc_epoch processed: 10227, throughput: (event/s) 56.75258713923477
personsByIDSrc_ctrl processed: 4, throughput: (event/s) 0.022197159338705297
personsByIDSrc_epoch processed: 10229, throughput: (event/s) 56.76368571890412
auctionsBySellerIDSrc_logEntry processed: 10227, throughput: (event/s) 56.75258713923477
personsByIDSrc processed: 110737, throughput: (event/s) 614.5117084225521
auctionsBySellerIDSrc_ctrl processed: 4, throughput: (event/s) 0.022197159338705297
personsByIDSrc_data processed: 100504, throughput: (event/s) 557.7258255443093
auctionsBySellerIDSrc processed: 302202, throughput: (event/s) 1677.0064866188545
sink processed: 1169309, throughput: (event/s) 6488.834547295538
q8JoinStream-2 duration: 180.203238575

eventTimeLatency_sink, p50: 192 ms, p90: 692 ms, p99: 1451 ms
auctionsBySellerIDSrc_logEntry processed: 10225, throughput: (event/s) 56.694895770966696
personsByIDSrc processed: 111617, throughput: (event/s) 618.8864724956469
sink processed: 1276238, throughput: (event/s) 7076.3990600437155
auctionsBySellerIDSrc processed: 328970, throughput: (event/s) 1824.0508422273754
personsByIDSrc_epoch processed: 10229, throughput: (event/s) 56.717074703297634
personsByIDSrc_ctrl processed: 4, throughput: (event/s) 0.022178932330940516
auctionsBySellerIDSrc_ctrl processed: 4, throughput: (event/s) 0.022178932330940516
auctionsBySellerIDSrc_data processed: 318741, throughput: (event/s) 1767.3337675240778
auctionsBySellerIDSrc_epoch processed: 10225, throughput: (event/s) 56.694895770966696
personsByIDSrc_data processed: 101384, throughput: (event/s) 562.1472188600184
personsByIDSrc_logEntry processed: 10229, throughput: (event/s) 56.717074703297634
q8JoinStream-3 duration: 180.351332531

personsByIDSrc_epoch processed 40913 events, duration: 180.414902282
auctionsBySellerIDSrc processed 1250515 events, duration: 180.414902282
personsByIDSrc_data processed 403199 events, duration: 180.414902282
auctionsBySellerIDSrc_data processed 1209599 events, duration: 180.414902282
personsByIDSrc processed 444128 events, duration: 180.414902282
sink processed 4840265 events, duration: 180.414902282
auctionsBySellerIDSrc_ctrl processed 16 events, duration: 180.414902282
auctionsBySellerIDSrc_epoch processed 40900 events, duration: 180.414902282
personsByIDSrc_ctrl processed 16 events, duration: 180.414902282
auctionsBySellerIDSrc_logEntry processed 40904 events, duration: 180.414902282
personsByIDSrc_logEntry processed 40913 events, duration: 180.414902282

