wait for last: true, sink max_buf_size: 131072
warmup: 0
config: map[NodeConstraint:"1,2,3,4" NumInstance:4 OutputTopicName:["nexmark_src"] funcName:"source"]
config: map[InputTopicNames:["nexmark_src"] NodeConstraint:"5,6,7,8" NumInstance:4 NumSrcProducer:[1] OutputTopicName:["q8_aucsBySellerID_out","q8_personsByID_out"] funcName:"q8GroupBy"]
config: map[Final:true InputTopicNames:["q8_aucsBySellerID_out","q8_personsByID_out"] NodeConstraint:"5,6,7,8" NumInstance:4 NumSrcProducer:[4,4] OutputTopicName:["q8_out"] funcName:"q8JoinStream"]
srcInvokeConfig: &{FinalTpNames:[q8_out] TopicName:nexmark_src AppId:q8 NodeConstraint:1,2,3,4 AdditionalBytes:0 ScaleEpoch:0 NumOutPartition:4 InstanceID:0 NumSrcInstance:4}
cliNodes: [0xc0000261e0 0xc000026240]
inParamsMap: map[q8GroupBy:[0xc00007eb40 0xc00007ebe0 0xc00007ec80 0xc00007ed20] q8JoinStream:[0xc00007edc0 0xc00007ee60 0xc00007ef00 0xc00007efa0]]
configScaleInput: &{Config:map[changelog:4 nexmark_src:4 q8GroupBy:4 q8JoinStream:4 q8_aucsBySellerID_out:4 q8_out:4 q8_personsByID_out:4 source:4] AppId:q8 FuncNames:[source q8GroupBy q8JoinStream] BufMaxSize:131072 ScaleEpoch:0 SerdeFormat:1 Bootstrap:false}
encoded json is {"sg":{"changelog":4,"nexmark_src":4,"q8GroupBy":4,"q8JoinStream":4,"q8_aucsBySellerID_out":4,"q8_out":4,"q8_personsByID_out":4,"source":4},"aid":"q8","fns":["source","q8GroupBy","q8JoinStream"],"bufMaxSize":131072,"epoch":1,"serdeFormat":1,"bs":true}, node constraint is 1
encoded json is {"outTpNames":["q8_out"]}, node constraint is 1
redis_setup url is http://ip-172-31-4-184.us-east-2.compute.internal:8080/function/redisSetup
encoded json is {"srcTpName":"nexmark_src","outTpNames":["q8_out"],"numOutParts":"BA==","chkptEveryMs":100,"bufMaxSize":131072,"srcNumPart":4,"gua":4,"serde_format":1}, node constraint is 1
chkptmngr url is http://ip-172-31-4-184.us-east-2.compute.internal:8080/function/chkptmngr
func source url is http://ip-172-31-4-184.us-east-2.compute.internal:8080/function/source
src instance: 4
func source url is http://ip-172-31-4-184.us-east-2.compute.internal:8080/function/source
func source url is http://ip-172-31-4-184.us-east-2.compute.internal:8080/function/source
func source url is http://ip-172-31-4-184.us-east-2.compute.internal:8080/function/source
encoded json is {"topic_name":"nexmark_src","rate_shape":"square","aid":"q8","events_num":23040000,"rate_period":10000000000,"finOutTpNs":["q8_out"],"first_event_rate":128000,"next_event_rate":128000,"bid_avg_size":100,"person_avg_size":200,"auction_avg_size":500,"duration":180,"person_proportion":1,"auction_proportion":3,"bid_proportion":46,"bid_hot_ratio_auctions":2,"bid_hot_ratio_bidders":4,"auction_hot_ratio_sellers":4,"flushms":100,"bufMaxSize":131072,"commEveryMs":100,"rate_limited":false,"waitEnd":true,"serde_format":1,"numOutPar":4,"parNum":3,"nSrcIns":4,"gua":4}, node constraint is 1,2,3,4
encoded json is {"topic_name":"nexmark_src","rate_shape":"square","aid":"q8","events_num":23040000,"rate_period":10000000000,"finOutTpNs":["q8_out"],"first_event_rate":128000,"next_event_rate":128000,"bid_avg_size":100,"person_avg_size":200,"auction_avg_size":500,"duration":180,"person_proportion":1,"auction_proportion":3,"bid_proportion":46,"bid_hot_ratio_auctions":2,"bid_hot_ratio_bidders":4,"auction_hot_ratio_sellers":4,"flushms":100,"bufMaxSize":131072,"commEveryMs":100,"rate_limited":false,"waitEnd":true,"serde_format":1,"numOutPar":4,"nSrcIns":4,"gua":4}, node constraint is 1,2,3,4
encoded json is {"topic_name":"nexmark_src","rate_shape":"square","aid":"q8","events_num":23040000,"rate_period":10000000000,"finOutTpNs":["q8_out"],"first_event_rate":128000,"next_event_rate":128000,"bid_avg_size":100,"person_avg_size":200,"auction_avg_size":500,"duration":180,"person_proportion":1,"auction_proportion":3,"bid_proportion":46,"bid_hot_ratio_auctions":2,"bid_hot_ratio_bidders":4,"auction_hot_ratio_sellers":4,"flushms":100,"bufMaxSize":131072,"commEveryMs":100,"rate_limited":false,"waitEnd":true,"serde_format":1,"numOutPar":4,"parNum":1,"nSrcIns":4,"gua":4}, node constraint is 1,2,3,4
encoded json is {"topic_name":"nexmark_src","rate_shape":"square","aid":"q8","events_num":23040000,"rate_period":10000000000,"finOutTpNs":["q8_out"],"first_event_rate":128000,"next_event_rate":128000,"bid_avg_size":100,"person_avg_size":200,"auction_avg_size":500,"duration":180,"person_proportion":1,"auction_proportion":3,"bid_proportion":46,"bid_hot_ratio_auctions":2,"bid_hot_ratio_bidders":4,"auction_hot_ratio_sellers":4,"flushms":100,"bufMaxSize":131072,"commEveryMs":100,"rate_limited":false,"waitEnd":true,"serde_format":1,"numOutPar":4,"parNum":2,"nSrcIns":4,"gua":4}, node constraint is 1,2,3,4
Waiting for all client to return
func name is q8JoinStream
func url is http://ip-172-31-4-184.us-east-2.compute.internal:8080/function/q8JoinStream
func name is q8JoinStream
func url is http://ip-172-31-4-184.us-east-2.compute.internal:8080/function/q8JoinStream
func name is q8JoinStream
func url is http://ip-172-31-4-184.us-east-2.compute.internal:8080/function/q8JoinStream
func name is q8GroupBy
func url is http://ip-172-31-4-184.us-east-2.compute.internal:8080/function/q8GroupBy
func name is q8GroupBy
func url is http://ip-172-31-4-184.us-east-2.compute.internal:8080/function/q8GroupBy
func name is q8GroupBy
func url is http://ip-172-31-4-184.us-east-2.compute.internal:8080/function/q8GroupBy
func name is q8GroupBy
func url is http://ip-172-31-4-184.us-east-2.compute.internal:8080/function/q8GroupBy
encoded json is {"aid":"q8","numOutPartition":"BA==","numSubstreamProducer":"BAQ=","outputTopicName":["q8_out"],"inputTopicName":["q8_aucsBySellerID_out","q8_personsByID_out"],"commEveryMs":100,"flushMs":100,"snapEveryS":10,"duration":180,"bufMaxSize":131072,"epoch":1,"waitEnd":true,"numChangelogPartition":4,"numInPartition":4,"ParNum":3,"gua":4,"serdeFormat":1}, node constraint is 5,6,7,8
func name is q8JoinStream
func url is http://ip-172-31-4-184.us-east-2.compute.internal:8080/function/q8JoinStream
encoded json is {"aid":"q8","numOutPartition":"BA==","numSubstreamProducer":"BAQ=","outputTopicName":["q8_out"],"inputTopicName":["q8_aucsBySellerID_out","q8_personsByID_out"],"commEveryMs":100,"flushMs":100,"snapEveryS":10,"duration":180,"bufMaxSize":131072,"epoch":1,"waitEnd":true,"numChangelogPartition":4,"numInPartition":4,"ParNum":1,"gua":4,"serdeFormat":1}, node constraint is 5,6,7,8
encoded json is {"aid":"q8","numOutPartition":"BAQ=","numSubstreamProducer":"AQ==","outputTopicName":["q8_aucsBySellerID_out","q8_personsByID_out"],"inputTopicName":["nexmark_src"],"commEveryMs":100,"flushMs":100,"snapEveryS":10,"duration":180,"bufMaxSize":131072,"epoch":1,"waitEnd":true,"numChangelogPartition":4,"numInPartition":4,"ParNum":1,"gua":4,"serdeFormat":1}, node constraint is 5,6,7,8
encoded json is {"aid":"q8","numOutPartition":"BAQ=","numSubstreamProducer":"AQ==","outputTopicName":["q8_aucsBySellerID_out","q8_personsByID_out"],"inputTopicName":["nexmark_src"],"commEveryMs":100,"flushMs":100,"snapEveryS":10,"duration":180,"bufMaxSize":131072,"epoch":1,"waitEnd":true,"numChangelogPartition":4,"numInPartition":4,"ParNum":3,"gua":4,"serdeFormat":1}, node constraint is 5,6,7,8
encoded json is {"aid":"q8","numOutPartition":"BAQ=","numSubstreamProducer":"AQ==","outputTopicName":["q8_aucsBySellerID_out","q8_personsByID_out"],"inputTopicName":["nexmark_src"],"commEveryMs":100,"flushMs":100,"snapEveryS":10,"duration":180,"bufMaxSize":131072,"epoch":1,"waitEnd":true,"numChangelogPartition":4,"numInPartition":4,"ParNum":2,"gua":4,"serdeFormat":1}, node constraint is 5,6,7,8
encoded json is {"aid":"q8","numOutPartition":"BA==","numSubstreamProducer":"BAQ=","outputTopicName":["q8_out"],"inputTopicName":["q8_aucsBySellerID_out","q8_personsByID_out"],"commEveryMs":100,"flushMs":100,"snapEveryS":10,"duration":180,"bufMaxSize":131072,"epoch":1,"waitEnd":true,"numChangelogPartition":4,"numInPartition":4,"gua":4,"serdeFormat":1}, node constraint is 5,6,7,8
encoded json is {"aid":"q8","numOutPartition":"BAQ=","numSubstreamProducer":"AQ==","outputTopicName":["q8_aucsBySellerID_out","q8_personsByID_out"],"inputTopicName":["nexmark_src"],"commEveryMs":100,"flushMs":100,"snapEveryS":10,"duration":180,"bufMaxSize":131072,"epoch":1,"waitEnd":true,"numChangelogPartition":4,"numInPartition":4,"gua":4,"serdeFormat":1}, node constraint is 5,6,7,8
encoded json is {"aid":"q8","numOutPartition":"BA==","numSubstreamProducer":"BAQ=","outputTopicName":["q8_out"],"inputTopicName":["q8_aucsBySellerID_out","q8_personsByID_out"],"commEveryMs":100,"flushMs":100,"snapEveryS":10,"duration":180,"bufMaxSize":131072,"epoch":1,"waitEnd":true,"numChangelogPartition":4,"numInPartition":4,"ParNum":2,"gua":4,"serdeFormat":1}, node constraint is 5,6,7,8
source-0 invoke done
source-3 invoke done
source-1 invoke done
source-2 invoke done
q8GroupBy-0 call done
q8GroupBy-3 call done
q8GroupBy-2 call done
q8GroupBy-1 call done
q8JoinStream-0 call done
q8JoinStream-2 call done
q8JoinStream-1 call done
q8JoinStream-3 call done
sink processed: 5760002, throughput: (event/s) 31998.988458461095
sink_ctrl processed: 2, throughput: (event/s) 0.011110756023508705
source-0 duration: 180.005752603

sink processed: 5760002, throughput: (event/s) 31998.703029552456
sink_ctrl processed: 2, throughput: (event/s) 0.011110656916283174
source-1 duration: 180.007358257

sink_ctrl processed: 2, throughput: (event/s) 0.011110952880463234
sink processed: 5760002, throughput: (event/s) 31999.555406686995
source-2 duration: 180.002563373

sink processed: 5760002, throughput: (event/s) 31999.46299782044
sink_ctrl processed: 2, throughput: (event/s) 0.011110920794062378
source-3 duration: 180.003083189

sink processed 23040008 events, duration: 180.007358257, tp: 127994.812118
sink_ctrl processed 8 events, duration: 180.007358257, tp: 0.044443

personsByIDSink processed: 115200, throughput: (event/s) 639.8916404794248
auctionsBySellerIDSink processed: 345600, throughput: (event/s) 1919.6749214382744
nexmark_src_src processed: 5760228, throughput: (event/s) 31995.848476176354
nexmark_src_src_ctrl processed: 228, throughput: (event/s) 1.2664522051155283
nexmark_src_src_data processed: 5760000, throughput: (event/s) 31994.582023971238
nexmark_src_src_epoch processed: 0, throughput: (event/s) 0
nexmark_src_src_logEntry processed: 12305, throughput: (event/s) 68.3495367716955
q8GroupBy-0 duration: 180.030481276

personsByIDSink processed: 115200, throughput: (event/s) 639.7230823194587
auctionsBySellerIDSink processed: 345600, throughput: (event/s) 1919.1692469583763
nexmark_src_src processed: 5760228, throughput: (event/s) 31987.420234573365
nexmark_src_src_ctrl processed: 228, throughput: (event/s) 1.2661186004239289
nexmark_src_src_data processed: 5760000, throughput: (event/s) 31986.15411597294
nexmark_src_src_epoch processed: 0, throughput: (event/s) 0
nexmark_src_src_logEntry processed: 12301, throughput: (event/s) 68.30931975357346
q8GroupBy-1 duration: 180.077916811

nexmark_src_src processed: 5760228, throughput: (event/s) 31996.502224125576
nexmark_src_src_ctrl processed: 228, throughput: (event/s) 1.26647808161424
nexmark_src_src_data processed: 5760000, throughput: (event/s) 31995.23574604396
nexmark_src_src_epoch processed: 0, throughput: (event/s) 0
nexmark_src_src_logEntry processed: 12312, throughput: (event/s) 68.38981640716896
personsByIDSink processed: 115200, throughput: (event/s) 639.9047149208792
auctionsBySellerIDSink processed: 345600, throughput: (event/s) 1919.7141447626375
q8GroupBy-2 duration: 180.026802919

personsByIDSink processed: 115200, throughput: (event/s) 639.9058683465424
auctionsBySellerIDSink processed: 345600, throughput: (event/s) 1919.7176050396274
nexmark_src_src processed: 5760228, throughput: (event/s) 31996.55989769156
nexmark_src_src_ctrl processed: 228, throughput: (event/s) 1.2664803644358653
nexmark_src_src_data processed: 5760000, throughput: (event/s) 31995.293417327124
nexmark_src_src_epoch processed: 0, throughput: (event/s) 0
nexmark_src_src_logEntry processed: 12282, throughput: (event/s) 68.22329752632149
q8GroupBy-3 duration: 180.026478422

auctionsBySellerIDSink processed 1382400 events, duration: 180.077916811
nexmark_src_src processed 23040912 events, duration: 180.077916811
nexmark_src_src_ctrl processed 912 events, duration: 180.077916811
nexmark_src_src_data processed 23040000 events, duration: 180.077916811
nexmark_src_src_epoch processed 0 events, duration: 180.077916811
nexmark_src_src_logEntry processed 49200 events, duration: 180.077916811
personsByIDSink processed 460800 events, duration: 180.077916811

eventTimeLatency_sink, p50: 502 ms, p90: 1163 ms, p99: 2264 ms
auctionsBySellerIDSrc_data processed: 336052, throughput: (event/s) 1860.9612341566408
auctionsBySellerIDSrc_logEntry processed: 2136, throughput: (event/s) 11.828565805763944
personsByIDSrc_ctrl processed: 231, throughput: (event/s) 1.27921287506155
personsByIDSrc_epoch processed: 0, throughput: (event/s) 0
personsByIDSrc_logEntry processed: 932, throughput: (event/s) 5.1611532448370765
sink processed: 1341648, throughput: (event/s) 7429.668378357483
auctionsBySellerIDSrc processed: 336283, throughput: (event/s) 1862.2404470317022
auctionsBySellerIDSrc_ctrl processed: 231, throughput: (event/s) 1.27921287506155
personsByIDSrc processed: 115059, throughput: (event/s) 637.164303860203
personsByIDSrc_data processed: 114828, throughput: (event/s) 635.8850909851415
auctionsBySellerIDSrc_epoch processed: 0, throughput: (event/s) 0
q8JoinStream-0 duration: 180.579795985

eventTimeLatency_sink, p50: 526 ms, p90: 1376 ms, p99: 2769 ms
auctionsBySellerIDSrc_logEntry processed: 2163, throughput: (event/s) 11.984460307953455
auctionsBySellerIDSrc processed: 342921, throughput: (event/s) 1900.0106857437386
auctionsBySellerIDSrc_data processed: 342690, throughput: (event/s) 1898.7307919244427
personsByIDSrc_data processed: 115564, throughput: (event/s) 640.3015122646015
sink processed: 1371980, throughput: (event/s) 7601.682780076736
auctionsBySellerIDSrc_ctrl processed: 231, throughput: (event/s) 1.2798938192959999
personsByIDSrc_ctrl processed: 231, throughput: (event/s) 1.2798938192959999
auctionsBySellerIDSrc_epoch processed: 0, throughput: (event/s) 0
personsByIDSrc processed: 115795, throughput: (event/s) 641.5814060838975
personsByIDSrc_epoch processed: 0, throughput: (event/s) 0
personsByIDSrc_logEntry processed: 936, throughput: (event/s) 5.186063267796779
q8JoinStream-1 duration: 180.483721788

eventTimeLatency_sink, p50: 510 ms, p90: 1250 ms, p99: 2682 ms
sink processed: 1341825, throughput: (event/s) 7428.212970001418
auctionsBySellerIDSrc_logEntry processed: 2093, throughput: (event/s) 11.586644865174645
personsByIDSrc_data processed: 114600, throughput: (event/s) 634.4144775676132
personsByIDSrc processed: 114831, throughput: (event/s) 635.6932711480505
personsByIDSrc_ctrl processed: 231, throughput: (event/s) 1.2787935804373354
personsByIDSrc_epoch processed: 0, throughput: (event/s) 0
auctionsBySellerIDSrc processed: 335390, throughput: (event/s) 1856.6864889302074
personsByIDSrc_logEntry processed: 932, throughput: (event/s) 5.159461545314271
auctionsBySellerIDSrc_ctrl processed: 231, throughput: (event/s) 1.2787935804373354
auctionsBySellerIDSrc_data processed: 335159, throughput: (event/s) 1855.4076953497702
auctionsBySellerIDSrc_epoch processed: 0, throughput: (event/s) 0
q8JoinStream-2 duration: 180.639005023

eventTimeLatency_sink, p50: 498 ms, p90: 1232 ms, p99: 2667 ms
auctionsBySellerIDSrc processed: 368730, throughput: (event/s) 2038.457025383752
personsByIDSrc_epoch processed: 0, throughput: (event/s) 0
auctionsBySellerIDSrc_ctrl processed: 231, throughput: (event/s) 1.2770416642628664
auctionsBySellerIDSrc_data processed: 368499, throughput: (event/s) 2037.179983719489
sink processed: 1475232, throughput: (event/s) 8155.552937029596
personsByIDSrc_logEntry processed: 932, throughput: (event/s) 5.152393208194768
personsByIDSrc processed: 116039, throughput: (event/s) 641.5005960147132
auctionsBySellerIDSrc_epoch processed: 0, throughput: (event/s) 0
auctionsBySellerIDSrc_logEntry processed: 2277, throughput: (event/s) 12.58798211916254
personsByIDSrc_ctrl processed: 231, throughput: (event/s) 1.2770416642628664
personsByIDSrc_data processed: 115808, throughput: (event/s) 640.2235543504503
q8JoinStream-3 duration: 180.886815571

personsByIDSrc_epoch processed 0 events, duration: 180.886815571
auctionsBySellerIDSrc_ctrl processed 924 events, duration: 180.886815571
auctionsBySellerIDSrc_epoch processed 0 events, duration: 180.886815571
personsByIDSrc_logEntry processed 3732 events, duration: 180.886815571
sink processed 5530685 events, duration: 180.886815571
auctionsBySellerIDSrc processed 1383324 events, duration: 180.886815571
personsByIDSrc processed 461724 events, duration: 180.886815571
personsByIDSrc_data processed 460800 events, duration: 180.886815571
auctionsBySellerIDSrc_data processed 1382400 events, duration: 180.886815571
auctionsBySellerIDSrc_logEntry processed 8669 events, duration: 180.886815571
personsByIDSrc_ctrl processed 924 events, duration: 180.886815571

