wait for last: true, sink max_buf_size: 131072
warmup: 0
config: map[NodeConstraint:"1,2,3,4" NumInstance:4 OutputTopicName:["nexmark_src"] funcName:"source"]
config: map[InputTopicNames:["nexmark_src"] NodeConstraint:"5,6,7,8" NumInstance:4 NumSrcProducer:[1] OutputTopicName:["q8_aucsBySellerID_out","q8_personsByID_out"] funcName:"q8GroupBy"]
config: map[Final:true InputTopicNames:["q8_aucsBySellerID_out","q8_personsByID_out"] NodeConstraint:"5,6,7,8" NumInstance:4 NumSrcProducer:[4,4] OutputTopicName:["q8_out"] funcName:"q8JoinStream"]
srcInvokeConfig: &{FinalTpNames:[q8_out] TopicName:nexmark_src AppId:q8 NodeConstraint:1,2,3,4 AdditionalBytes:0 ScaleEpoch:0 NumOutPartition:4 InstanceID:0 NumSrcInstance:4}
cliNodes: [0xc0000261e0 0xc000026240]
inParamsMap: map[q8GroupBy:[0xc00007eaa0 0xc00007eb40 0xc00007ebe0 0xc00007ec80] q8JoinStream:[0xc00007ed20 0xc00007edc0 0xc00007ee60 0xc00007ef00]]
configScaleInput: &{Config:map[changelog:4 nexmark_src:4 q8GroupBy:4 q8JoinStream:4 q8_aucsBySellerID_out:4 q8_out:4 q8_personsByID_out:4 source:4] AppId:q8 FuncNames:[source q8GroupBy q8JoinStream] BufMaxSize:131072 ScaleEpoch:0 SerdeFormat:1 Bootstrap:false}
encoded json is {"sg":{"changelog":4,"nexmark_src":4,"q8GroupBy":4,"q8JoinStream":4,"q8_aucsBySellerID_out":4,"q8_out":4,"q8_personsByID_out":4,"source":4},"aid":"q8","fns":["source","q8GroupBy","q8JoinStream"],"bufMaxSize":131072,"epoch":1,"serdeFormat":1,"bs":true}, node constraint is 1
encoded json is {"outTpNames":["q8_out"]}, node constraint is 1
redis_setup url is http://ip-172-31-9-165.us-east-2.compute.internal:8080/function/redisSetup
encoded json is {"srcTpName":"nexmark_src","outTpNames":["q8_out"],"numOutParts":"BA==","chkptEveryMs":100,"bufMaxSize":131072,"srcNumPart":4,"gua":4,"serde_format":1}, node constraint is 1
chkptmngr url is http://ip-172-31-9-165.us-east-2.compute.internal:8080/function/chkptmngr
func source url is http://ip-172-31-9-165.us-east-2.compute.internal:8080/function/source
src instance: 4
func source url is http://ip-172-31-9-165.us-east-2.compute.internal:8080/function/source
func source url is http://ip-172-31-9-165.us-east-2.compute.internal:8080/function/source
func source url is http://ip-172-31-9-165.us-east-2.compute.internal:8080/function/source
encoded json is {"topic_name":"nexmark_src","rate_shape":"square","aid":"q8","events_num":2880000,"rate_period":10000000000,"finOutTpNs":["q8_out"],"first_event_rate":16000,"next_event_rate":16000,"bid_avg_size":100,"person_avg_size":200,"auction_avg_size":500,"duration":180,"person_proportion":1,"auction_proportion":3,"bid_proportion":46,"bid_hot_ratio_auctions":2,"bid_hot_ratio_bidders":4,"auction_hot_ratio_sellers":4,"flushms":100,"bufMaxSize":131072,"commEveryMs":100,"rate_limited":false,"waitEnd":true,"serde_format":1,"numOutPar":4,"parNum":1,"nSrcIns":4,"gua":4}, node constraint is 1,2,3,4
encoded json is {"topic_name":"nexmark_src","rate_shape":"square","aid":"q8","events_num":2880000,"rate_period":10000000000,"finOutTpNs":["q8_out"],"first_event_rate":16000,"next_event_rate":16000,"bid_avg_size":100,"person_avg_size":200,"auction_avg_size":500,"duration":180,"person_proportion":1,"auction_proportion":3,"bid_proportion":46,"bid_hot_ratio_auctions":2,"bid_hot_ratio_bidders":4,"auction_hot_ratio_sellers":4,"flushms":100,"bufMaxSize":131072,"commEveryMs":100,"rate_limited":false,"waitEnd":true,"serde_format":1,"numOutPar":4,"parNum":3,"nSrcIns":4,"gua":4}, node constraint is 1,2,3,4
encoded json is {"topic_name":"nexmark_src","rate_shape":"square","aid":"q8","events_num":2880000,"rate_period":10000000000,"finOutTpNs":["q8_out"],"first_event_rate":16000,"next_event_rate":16000,"bid_avg_size":100,"person_avg_size":200,"auction_avg_size":500,"duration":180,"person_proportion":1,"auction_proportion":3,"bid_proportion":46,"bid_hot_ratio_auctions":2,"bid_hot_ratio_bidders":4,"auction_hot_ratio_sellers":4,"flushms":100,"bufMaxSize":131072,"commEveryMs":100,"rate_limited":false,"waitEnd":true,"serde_format":1,"numOutPar":4,"nSrcIns":4,"gua":4}, node constraint is 1,2,3,4
encoded json is {"topic_name":"nexmark_src","rate_shape":"square","aid":"q8","events_num":2880000,"rate_period":10000000000,"finOutTpNs":["q8_out"],"first_event_rate":16000,"next_event_rate":16000,"bid_avg_size":100,"person_avg_size":200,"auction_avg_size":500,"duration":180,"person_proportion":1,"auction_proportion":3,"bid_proportion":46,"bid_hot_ratio_auctions":2,"bid_hot_ratio_bidders":4,"auction_hot_ratio_sellers":4,"flushms":100,"bufMaxSize":131072,"commEveryMs":100,"rate_limited":false,"waitEnd":true,"serde_format":1,"numOutPar":4,"parNum":2,"nSrcIns":4,"gua":4}, node constraint is 1,2,3,4
func name is q8GroupBy
func url is http://ip-172-31-9-165.us-east-2.compute.internal:8080/function/q8GroupBy
Waiting for all client to return
func name is q8JoinStream
func url is http://ip-172-31-9-165.us-east-2.compute.internal:8080/function/q8JoinStream
func name is q8GroupBy
func url is http://ip-172-31-9-165.us-east-2.compute.internal:8080/function/q8GroupBy
func name is q8GroupBy
func url is http://ip-172-31-9-165.us-east-2.compute.internal:8080/function/q8GroupBy
func name is q8JoinStream
func name is q8GroupBy
func url is http://ip-172-31-9-165.us-east-2.compute.internal:8080/function/q8GroupBy
func name is q8JoinStream
func url is http://ip-172-31-9-165.us-east-2.compute.internal:8080/function/q8JoinStream
func url is http://ip-172-31-9-165.us-east-2.compute.internal:8080/function/q8JoinStream
func name is q8JoinStream
func url is http://ip-172-31-9-165.us-east-2.compute.internal:8080/function/q8JoinStream
encoded json is {"aid":"q8","numOutPartition":"BAQ=","numSubstreamProducer":"AQ==","outputTopicName":["q8_aucsBySellerID_out","q8_personsByID_out"],"inputTopicName":["nexmark_src"],"commEveryMs":100,"flushMs":100,"snapEveryS":10,"duration":180,"bufMaxSize":131072,"epoch":1,"waitEnd":true,"numChangelogPartition":4,"numInPartition":4,"gua":4,"serdeFormat":1}, node constraint is 5,6,7,8
encoded json is {"aid":"q8","numOutPartition":"BAQ=","numSubstreamProducer":"AQ==","outputTopicName":["q8_aucsBySellerID_out","q8_personsByID_out"],"inputTopicName":["nexmark_src"],"commEveryMs":100,"flushMs":100,"snapEveryS":10,"duration":180,"bufMaxSize":131072,"epoch":1,"waitEnd":true,"numChangelogPartition":4,"numInPartition":4,"ParNum":3,"gua":4,"serdeFormat":1}, node constraint is 5,6,7,8
encoded json is {"aid":"q8","numOutPartition":"BA==","numSubstreamProducer":"BAQ=","outputTopicName":["q8_out"],"inputTopicName":["q8_aucsBySellerID_out","q8_personsByID_out"],"commEveryMs":100,"flushMs":100,"snapEveryS":10,"duration":180,"bufMaxSize":131072,"epoch":1,"waitEnd":true,"numChangelogPartition":4,"numInPartition":4,"gua":4,"serdeFormat":1}, node constraint is 5,6,7,8
encoded json is {"aid":"q8","numOutPartition":"BA==","numSubstreamProducer":"BAQ=","outputTopicName":["q8_out"],"inputTopicName":["q8_aucsBySellerID_out","q8_personsByID_out"],"commEveryMs":100,"flushMs":100,"snapEveryS":10,"duration":180,"bufMaxSize":131072,"epoch":1,"waitEnd":true,"numChangelogPartition":4,"numInPartition":4,"ParNum":1,"gua":4,"serdeFormat":1}, node constraint is 5,6,7,8
encoded json is {"aid":"q8","numOutPartition":"BAQ=","numSubstreamProducer":"AQ==","outputTopicName":["q8_aucsBySellerID_out","q8_personsByID_out"],"inputTopicName":["nexmark_src"],"commEveryMs":100,"flushMs":100,"snapEveryS":10,"duration":180,"bufMaxSize":131072,"epoch":1,"waitEnd":true,"numChangelogPartition":4,"numInPartition":4,"ParNum":1,"gua":4,"serdeFormat":1}, node constraint is 5,6,7,8
encoded json is {"aid":"q8","numOutPartition":"BA==","numSubstreamProducer":"BAQ=","outputTopicName":["q8_out"],"inputTopicName":["q8_aucsBySellerID_out","q8_personsByID_out"],"commEveryMs":100,"flushMs":100,"snapEveryS":10,"duration":180,"bufMaxSize":131072,"epoch":1,"waitEnd":true,"numChangelogPartition":4,"numInPartition":4,"ParNum":2,"gua":4,"serdeFormat":1}, node constraint is 5,6,7,8
encoded json is {"aid":"q8","numOutPartition":"BAQ=","numSubstreamProducer":"AQ==","outputTopicName":["q8_aucsBySellerID_out","q8_personsByID_out"],"inputTopicName":["nexmark_src"],"commEveryMs":100,"flushMs":100,"snapEveryS":10,"duration":180,"bufMaxSize":131072,"epoch":1,"waitEnd":true,"numChangelogPartition":4,"numInPartition":4,"ParNum":2,"gua":4,"serdeFormat":1}, node constraint is 5,6,7,8
encoded json is {"aid":"q8","numOutPartition":"BA==","numSubstreamProducer":"BAQ=","outputTopicName":["q8_out"],"inputTopicName":["q8_aucsBySellerID_out","q8_personsByID_out"],"commEveryMs":100,"flushMs":100,"snapEveryS":10,"duration":180,"bufMaxSize":131072,"epoch":1,"waitEnd":true,"numChangelogPartition":4,"numInPartition":4,"ParNum":3,"gua":4,"serdeFormat":1}, node constraint is 5,6,7,8
source-1 invoke done
source-0 invoke done
source-3 invoke done
source-2 invoke done
q8GroupBy-1 call done
q8GroupBy-0 call done
q8GroupBy-2 call done
q8GroupBy-3 call done
q8JoinStream-1 call done
q8JoinStream-2 call done
q8JoinStream-0 call done
q8JoinStream-3 call done
sink_ctrl processed: 2, throughput: (event/s) 0.011110543040834954
sink processed: 720002, throughput: (event/s) 3999.8066052436243
source-0 duration: 180.009203209

sink_ctrl processed: 2, throughput: (event/s) 0.011110461326643985
sink processed: 720002, throughput: (event/s) 3999.7771880531614
source-1 duration: 180.010527124

sink processed: 720002, throughput: (event/s) 3999.919765098988
sink_ctrl processed: 2, throughput: (event/s) 0.011110857372893376
source-2 duration: 180.004110653

sink processed: 720002, throughput: (event/s) 3999.803743797002
sink_ctrl processed: 2, throughput: (event/s) 0.011110535092394192
source-3 duration: 180.009331987

sink_ctrl processed 8 events, duration: 180.010527124, tp: 0.044442
sink processed 2880008 events, duration: 180.010527124, tp: 15999.108752

eventTimeLatency_sink, p50: 100 ms, p90: 152 ms, p99: 191 ms
personsByIDSrc_data processed: 14372, throughput: (event/s) 79.79035975214776
auctionsBySellerIDSrc_data processed: 40481, throughput: (event/s) 224.7421063962353
personsByIDSrc_logEntry processed: 6318, throughput: (event/s) 35.076224110358304
sink processed: 150647, throughput: (event/s) 836.3608631771364
auctionsBySellerIDSrc processed: 41523, throughput: (event/s) 230.5270740320367
auctionsBySellerIDSrc_ctrl processed: 1042, throughput: (event/s) 5.784967635801417
personsByIDSrc processed: 15414, throughput: (event/s) 85.57532738794917
auctionsBySellerIDSrc_epoch processed: 0, throughput: (event/s) 0
personsByIDSrc_ctrl processed: 1042, throughput: (event/s) 5.784967635801417
auctionsBySellerIDSrc_logEntry processed: 5905, throughput: (event/s) 32.78333386699364
personsByIDSrc_epoch processed: 0, throughput: (event/s) 0
q8JoinStream-0 duration: 180.122010286

eventTimeLatency_sink, p50: 101 ms, p90: 153 ms, p99: 198 ms
auctionsBySellerIDSrc_logEntry processed: 5880, throughput: (event/s) 32.6463900621751
personsByIDSrc_logEntry processed: 6342, throughput: (event/s) 35.211463567060285
auctionsBySellerIDSrc_ctrl processed: 1042, throughput: (event/s) 5.785295653875247
personsByIDSrc_ctrl processed: 1042, throughput: (event/s) 5.785295653875247
personsByIDSrc_data processed: 14296, throughput: (event/s) 79.37292386545157
personsByIDSrc_epoch processed: 0, throughput: (event/s) 0
auctionsBySellerIDSrc processed: 38844, throughput: (event/s) 215.66605026787917
auctionsBySellerIDSrc_data processed: 37802, throughput: (event/s) 209.88075461400393
personsByIDSrc processed: 15338, throughput: (event/s) 85.15821951932682
sink processed: 143548, throughput: (event/s) 796.9938776607332
auctionsBySellerIDSrc_epoch processed: 0, throughput: (event/s) 0
q8JoinStream-1 duration: 180.111797623

eventTimeLatency_sink, p50: 102 ms, p90: 154 ms, p99: 191 ms
auctionsBySellerIDSrc_logEntry processed: 5930, throughput: (event/s) 32.9239648095113
personsByIDSrc_ctrl processed: 1042, throughput: (event/s) 5.785290275128292
personsByIDSrc processed: 15514, throughput: (event/s) 86.13531029591202
personsByIDSrc_data processed: 14472, throughput: (event/s) 80.35002002078373
auctionsBySellerIDSrc processed: 43337, throughput: (event/s) 240.6114440050238
auctionsBySellerIDSrc_data processed: 42295, throughput: (event/s) 234.8261537298955
sink processed: 161256, throughput: (event/s) 895.3097587390479
personsByIDSrc_epoch processed: 0, throughput: (event/s) 0
personsByIDSrc_logEntry processed: 6293, throughput: (event/s) 34.939377832420675
auctionsBySellerIDSrc_epoch processed: 0, throughput: (event/s) 0
auctionsBySellerIDSrc_ctrl processed: 1042, throughput: (event/s) 5.785290275128292
q8JoinStream-2 duration: 180.111965078

eventTimeLatency_sink, p50: 104 ms, p90: 157 ms, p99: 204 ms
auctionsBySellerIDSrc_data processed: 52222, throughput: (event/s) 289.9415501145444
auctionsBySellerIDSrc_epoch processed: 0, throughput: (event/s) 0
auctionsBySellerIDSrc_logEntry processed: 6053, throughput: (event/s) 33.60683625375009
personsByIDSrc_ctrl processed: 1042, throughput: (event/s) 5.785283888387179
personsByIDSrc_epoch processed: 0, throughput: (event/s) 0
personsByIDSrc processed: 15502, throughput: (event/s) 86.06859005544918
personsByIDSrc_logEntry processed: 6306, throughput: (event/s) 35.01151650688056
sink processed: 201067, throughput: (event/s) 1116.3432587201005
auctionsBySellerIDSrc_ctrl processed: 1042, throughput: (event/s) 5.785283888387179
personsByIDSrc_data processed: 14460, throughput: (event/s) 80.283306167062
auctionsBySellerIDSrc processed: 53264, throughput: (event/s) 295.7268340029315
q8JoinStream-3 duration: 180.112163915

sink processed 656518 events, duration: 180.122010286
auctionsBySellerIDSrc processed 176968 events, duration: 180.122010286
auctionsBySellerIDSrc_epoch processed 0 events, duration: 180.122010286
personsByIDSrc_epoch processed 0 events, duration: 180.122010286
auctionsBySellerIDSrc_data processed 172800 events, duration: 180.122010286
personsByIDSrc_logEntry processed 25259 events, duration: 180.122010286
personsByIDSrc processed 61768 events, duration: 180.122010286
personsByIDSrc_ctrl processed 4168 events, duration: 180.122010286
auctionsBySellerIDSrc_logEntry processed 23768 events, duration: 180.122010286
personsByIDSrc_data processed 57600 events, duration: 180.122010286
auctionsBySellerIDSrc_ctrl processed 4168 events, duration: 180.122010286

nexmark_src_src processed: 721039, throughput: (event/s) 4005.0470443518393
nexmark_src_src_ctrl processed: 1039, throughput: (event/s) 5.771177258208725
nexmark_src_src_data processed: 720000, throughput: (event/s) 3999.2758670936305
nexmark_src_src_epoch processed: 0, throughput: (event/s) 0
nexmark_src_src_logEntry processed: 1751, throughput: (event/s) 9.726016726779093
personsByIDSink processed: 14400, throughput: (event/s) 79.98551734187261
auctionsBySellerIDSink processed: 43200, throughput: (event/s) 239.95655202561784
q8GroupBy-0 duration: 180.032591881

nexmark_src_src_ctrl processed: 1039, throughput: (event/s) 5.771150086301949
nexmark_src_src_data processed: 720000, throughput: (event/s) 3999.257037668338
nexmark_src_src_epoch processed: 0, throughput: (event/s) 0
nexmark_src_src_logEntry processed: 1757, throughput: (event/s) 9.75929807664343
personsByIDSink processed: 14400, throughput: (event/s) 79.98514075336676
auctionsBySellerIDSink processed: 43200, throughput: (event/s) 239.95542226010028
nexmark_src_src processed: 721039, throughput: (event/s) 4005.02818775464
q8GroupBy-1 duration: 180.033439516

nexmark_src_src_epoch processed: 0, throughput: (event/s) 0
nexmark_src_src_logEntry processed: 1753, throughput: (event/s) 9.73697359053549
personsByIDSink processed: 14400, throughput: (event/s) 79.98426680188878
auctionsBySellerIDSink processed: 43200, throughput: (event/s) 239.95280040566635
nexmark_src_src processed: 721039, throughput: (event/s) 4004.9844271227144
nexmark_src_src_ctrl processed: 1039, throughput: (event/s) 5.77108702827517
nexmark_src_src_data processed: 720000, throughput: (event/s) 3999.2133400944394
q8GroupBy-2 duration: 180.035406659

nexmark_src_src_ctrl processed: 1039, throughput: (event/s) 5.770849224820379
nexmark_src_src_data processed: 720000, throughput: (event/s) 3999.0485484799547
nexmark_src_src_epoch processed: 0, throughput: (event/s) 0
nexmark_src_src_logEntry processed: 1753, throughput: (event/s) 9.736572368729668
personsByIDSink processed: 14400, throughput: (event/s) 79.9809709695991
auctionsBySellerIDSink processed: 43200, throughput: (event/s) 239.94291290879727
nexmark_src_src processed: 721039, throughput: (event/s) 4004.819397704775
q8GroupBy-3 duration: 180.042825505

nexmark_src_src processed 2884156 events, duration: 180.042825505
nexmark_src_src_ctrl processed 4156 events, duration: 180.042825505
nexmark_src_src_data processed 2880000 events, duration: 180.042825505
nexmark_src_src_epoch processed 0 events, duration: 180.042825505
nexmark_src_src_logEntry processed 7014 events, duration: 180.042825505
personsByIDSink processed 57600 events, duration: 180.042825505
auctionsBySellerIDSink processed 172800 events, duration: 180.042825505

