wait for last: true
warmup: 0
encoded json is {"sg":{"nexmark_src":4,"q1_out":4,"query1":4,"source":4},"aid":"q1","fns":["source","query1"],"epoch":1,"serdeFormat":1,"bs":true}, node constraint is 1
config: map[NodeConstraint:"1,2,3,4" NumInstance:4 OutputTopicName:["nexmark_src"] funcName:"source"]
config: map[InputTopicNames:["nexmark_src"] NodeConstraint:"5,6,7,8" NumInstance:4 NumSrcProducer:[1] OutputTopicName:["q1_out"] funcName:"query1"]
srcInvokeConfig: {TopicName:nexmark_src AppId:q1 NodeConstraint:1,2,3,4 ScaleEpoch:0 NumOutPartition:4 InstanceID:0 NumSrcInstance:4}
cliNodes: [0xc0000261e0]
inParamsMap: map[query1:[0xc000000be0 0xc000000c80 0xc000000d20 0xc000000dc0]]
configScaleInput: {Config:map[nexmark_src:4 q1_out:4 query1:4 source:4] AppId:q1 FuncNames:[source query1] ScaleEpoch:0 SerdeFormat:1 Bootstrap:false}
src instance: 4
func source url is http://ip-172-31-6-120.us-east-2.compute.internal:8080/function/source
func source url is http://ip-172-31-6-120.us-east-2.compute.internal:8080/function/source
func source url is http://ip-172-31-6-120.us-east-2.compute.internal:8080/function/source
func source url is http://ip-172-31-6-120.us-east-2.compute.internal:8080/function/source
encoded json is {"topic_name":"nexmark_src","rate_shape":"square","aid":"q1","events_num":46080000,"rate_period":10000000000,"bid_avg_size":100,"first_event_rate":256000,"next_event_rate":256000,"person_avg_size":200,"auction_avg_size":500,"duration":180,"person_proportion":1,"auction_proportion":3,"bid_proportion":46,"bid_hot_ratio_auctions":2,"bid_hot_ratio_bidders":4,"auction_hot_ratio_sellers":4,"flushms":10,"rate_limited":false,"waitEnd":true,"serde_format":1,"numOutPar":4,"parNum":1,"nSrcIns":4}, node constraint is 1,2,3,4
encoded json is {"topic_name":"nexmark_src","rate_shape":"square","aid":"q1","events_num":46080000,"rate_period":10000000000,"bid_avg_size":100,"first_event_rate":256000,"next_event_rate":256000,"person_avg_size":200,"auction_avg_size":500,"duration":180,"person_proportion":1,"auction_proportion":3,"bid_proportion":46,"bid_hot_ratio_auctions":2,"bid_hot_ratio_bidders":4,"auction_hot_ratio_sellers":4,"flushms":10,"rate_limited":false,"waitEnd":true,"serde_format":1,"numOutPar":4,"parNum":3,"nSrcIns":4}, node constraint is 1,2,3,4
encoded json is {"topic_name":"nexmark_src","rate_shape":"square","aid":"q1","events_num":46080000,"rate_period":10000000000,"bid_avg_size":100,"first_event_rate":256000,"next_event_rate":256000,"person_avg_size":200,"auction_avg_size":500,"duration":180,"person_proportion":1,"auction_proportion":3,"bid_proportion":46,"bid_hot_ratio_auctions":2,"bid_hot_ratio_bidders":4,"auction_hot_ratio_sellers":4,"flushms":10,"rate_limited":false,"waitEnd":true,"serde_format":1,"numOutPar":4,"nSrcIns":4}, node constraint is 1,2,3,4
encoded json is {"topic_name":"nexmark_src","rate_shape":"square","aid":"q1","events_num":46080000,"rate_period":10000000000,"bid_avg_size":100,"first_event_rate":256000,"next_event_rate":256000,"person_avg_size":200,"auction_avg_size":500,"duration":180,"person_proportion":1,"auction_proportion":3,"bid_proportion":46,"bid_hot_ratio_auctions":2,"bid_hot_ratio_bidders":4,"auction_hot_ratio_sellers":4,"flushms":10,"rate_limited":false,"waitEnd":true,"serde_format":1,"numOutPar":4,"parNum":2,"nSrcIns":4}, node constraint is 1,2,3,4
Waiting for all client to return
func name is query1
func url is http://ip-172-31-6-120.us-east-2.compute.internal:8080/function/query1
func name is query1
func url is http://ip-172-31-6-120.us-east-2.compute.internal:8080/function/query1
encoded json is {"aid":"q1","numOutPartition":"BA==","numSubstreamProducer":"AQ==","outputTopicName":["q1_out"],"inputTopicName":["nexmark_src"],"commEveryMs":10,"flushMs":10,"duration":180,"epoch":1,"waitEnd":true,"numInPartition":4,"ParNum":3,"gua":3,"serdeFormat":1}, node constraint is 5,6,7,8
func name is query1
func url is http://ip-172-31-6-120.us-east-2.compute.internal:8080/function/query1
func name is query1
func url is http://ip-172-31-6-120.us-east-2.compute.internal:8080/function/query1
encoded json is {"aid":"q1","numOutPartition":"BA==","numSubstreamProducer":"AQ==","outputTopicName":["q1_out"],"inputTopicName":["nexmark_src"],"commEveryMs":10,"flushMs":10,"duration":180,"epoch":1,"waitEnd":true,"numInPartition":4,"ParNum":1,"gua":3,"serdeFormat":1}, node constraint is 5,6,7,8
encoded json is {"aid":"q1","numOutPartition":"BA==","numSubstreamProducer":"AQ==","outputTopicName":["q1_out"],"inputTopicName":["nexmark_src"],"commEveryMs":10,"flushMs":10,"duration":180,"epoch":1,"waitEnd":true,"numInPartition":4,"ParNum":2,"gua":3,"serdeFormat":1}, node constraint is 5,6,7,8
encoded json is {"aid":"q1","numOutPartition":"BA==","numSubstreamProducer":"AQ==","outputTopicName":["q1_out"],"inputTopicName":["nexmark_src"],"commEveryMs":10,"flushMs":10,"duration":180,"epoch":1,"waitEnd":true,"numInPartition":4,"gua":3,"serdeFormat":1}, node constraint is 5,6,7,8
source-1 invoke done
source-0 invoke done
source-3 invoke done
source-2 invoke done
query1-0 call done
query1-1 call done
query1-3 call done
query1-2 call done
sink processed: 11520001, throughput: (event/s) 63999.244249345626
sink_ctrl processed: 1, throughput: (event/s) 0.005555489469952791
source-0 duration: 180.002141199

sink processed: 11519974, throughput: (event/s) 63998.68287355663
sink_ctrl processed: 1, throughput: (event/s) 0.005555453760013402
source-1 duration: 180.003298236

sink processed: 11520001, throughput: (event/s) 63999.17082965912
sink_ctrl processed: 1, throughput: (event/s) 0.0055554830967166685
source-2 duration: 180.002347697

sink processed: 11520001, throughput: (event/s) 63999.110367288195
sink_ctrl processed: 1, throughput: (event/s) 0.005555477848247426
source-3 duration: 180.002517752

sink_ctrl processed 4 events, duration: 180.003298236, tp: 0.022222
sink processed 46079977 events, duration: 180.003298236, tp: 255995.181486

eventTimeLatency_sink, p50: 8 ms, p90: 12 ms, p99: 19 ms
nexmark_src_src_epoch processed: 0, throughput: (event/s) 0
nexmark_src_src_logEntry processed: 30565, throughput: (event/s) 169.66382566380577
sink processed: 10598400, throughput: (event/s) 58830.85522379451
nexmark_src_src processed: 11520001, throughput: (event/s) 63946.58731591259
nexmark_src_src_ctrl processed: 1, throughput: (event/s) 0.005550918555989065
nexmark_src_src_data processed: 11520000, throughput: (event/s) 63946.58176499403
query1-0 duration: 180.150364289

eventTimeLatency_sink, p50: 9 ms, p90: 13 ms, p99: 19 ms
nexmark_src_src processed: 11519974, throughput: (event/s) 63946.094931398424
nexmark_src_src_ctrl processed: 1, throughput: (event/s) 0.005550888824176029
nexmark_src_src_data processed: 11519973, throughput: (event/s) 63946.0893805096
nexmark_src_src_epoch processed: 0, throughput: (event/s) 0
nexmark_src_src_logEntry processed: 30397, throughput: (event/s) 168.73036758847874
sink processed: 10598375, throughput: (event/s) 58830.40134192662
query1-1 duration: 180.151329215

eventTimeLatency_sink, p50: 9 ms, p90: 12 ms, p99: 22 ms
nexmark_src_src_epoch processed: 0, throughput: (event/s) 0
nexmark_src_src_logEntry processed: 30459, throughput: (event/s) 169.07259539107775
sink processed: 10598400, throughput: (event/s) 58829.86949646405
nexmark_src_src processed: 11520001, throughput: (event/s) 63945.51587306908
nexmark_src_src_ctrl processed: 1, throughput: (event/s) 0.005550825548805862
nexmark_src_src_data processed: 11520000, throughput: (event/s) 63945.510322243535
query1-2 duration: 180.153382809

eventTimeLatency_sink, p50: 9 ms, p90: 12 ms, p99: 24 ms
nexmark_src_src_ctrl processed: 1, throughput: (event/s) 0.005550733107988546
nexmark_src_src_data processed: 11520000, throughput: (event/s) 63944.44540402805
nexmark_src_src_epoch processed: 0, throughput: (event/s) 0
nexmark_src_src_logEntry processed: 30401, throughput: (event/s) 168.74783721595978
sink processed: 10598400, throughput: (event/s) 58828.8897717058
nexmark_src_src processed: 11520001, throughput: (event/s) 63944.45095476115
query1-3 duration: 180.156383048

nexmark_src_src_epoch processed 0 events, duration: 180.156383048
nexmark_src_src_logEntry processed 121822 events, duration: 180.156383048
sink processed 42393575 events, duration: 180.156383048
nexmark_src_src processed 46079977 events, duration: 180.156383048
nexmark_src_src_ctrl processed 4 events, duration: 180.156383048
nexmark_src_src_data processed 46079973 events, duration: 180.156383048

