wait for last: true, sink max_buf_size: 131072
warmup: 0
config: map[NodeConstraint:"1,2,3,4" NumInstance:4 OutputTopicName:["nexmark_src"] funcName:"source"]
config: map[InputTopicNames:["nexmark_src"] NodeConstraint:"5,6,7,8" NumInstance:4 NumSrcProducer:[1] OutputTopicName:["bid_by_price"] funcName:"q7BidByPrice"]
config: map[InputTopicNames:["nexmark_src"] NodeConstraint:"5,6,7,8" NumInstance:4 NumSrcProducer:[1] OutputTopicName:["bid_by_win"] funcName:"q7BidByWin"]
config: map[InputTopicNames:["bid_by_win"] NodeConstraint:"5,6,7,8" NumInstance:4 NumSrcProducer:[4] OutputTopicName:["max_bids"] funcName:"q7MaxBid"]
config: map[Final:true InputTopicNames:["bid_by_price","max_bids"] NodeConstraint:"5,6,7,8" NumInstance:4 NumSrcProducer:[4,4] OutputTopicName:["q7_out"] funcName:"q7JoinMaxBid"]
srcInvokeConfig: &{FinalTpNames:[q7_out] TopicName:nexmark_src AppId:q7 NodeConstraint:1,2,3,4 AdditionalBytes:0 ScaleEpoch:0 NumOutPartition:4 InstanceID:0 NumSrcInstance:4}
cliNodes: [0xc0000261a0 0xc0000261e0 0xc000026220 0xc0000262a0]
inParamsMap: map[q7BidByPrice:[0xc00007eaa0 0xc00007eb40 0xc00007ebe0 0xc00007ec80] q7BidByWin:[0xc00007ed20 0xc00007edc0 0xc00007ee60 0xc00007ef00] q7JoinMaxBid:[0xc00007f220 0xc00007f2c0 0xc00007f360 0xc00007f400] q7MaxBid:[0xc00007efa0 0xc00007f040 0xc00007f0e0 0xc00007f180]]
configScaleInput: &{Config:map[bid_by_price:4 bid_by_win:4 changelog:4 max_bids:4 nexmark_src:4 q7BidByPrice:4 q7BidByWin:4 q7JoinMaxBid:4 q7MaxBid:4 q7_out:4 source:4] AppId:q7 FuncNames:[source q7BidByPrice q7BidByWin q7MaxBid q7JoinMaxBid] BufMaxSize:131072 ScaleEpoch:0 SerdeFormat:1 Bootstrap:false}
encoded json is {"sg":{"bid_by_price":4,"bid_by_win":4,"changelog":4,"max_bids":4,"nexmark_src":4,"q7BidByPrice":4,"q7BidByWin":4,"q7JoinMaxBid":4,"q7MaxBid":4,"q7_out":4,"source":4},"aid":"q7","fns":["source","q7BidByPrice","q7BidByWin","q7MaxBid","q7JoinMaxBid"],"bufMaxSize":131072,"epoch":1,"serdeFormat":1,"bs":true}, node constraint is 1
encoded json is {"outTpNames":["q7_out"]}, node constraint is 1
redis_setup url is http://ip-172-31-3-106.us-east-2.compute.internal:8080/function/redisSetup
encoded json is {"srcTpName":"nexmark_src","outTpNames":["q7_out"],"numOutParts":"BA==","chkptEveryMs":100,"bufMaxSize":131072,"srcNumPart":4,"gua":4,"serde_format":1}, node constraint is 1
chkptmngr url is http://ip-172-31-3-106.us-east-2.compute.internal:8080/function/chkptmngr
func source url is http://ip-172-31-3-106.us-east-2.compute.internal:8080/function/source
func source url is http://ip-172-31-3-106.us-east-2.compute.internal:8080/function/source
func source url is http://ip-172-31-3-106.us-east-2.compute.internal:8080/function/source
func source url is http://ip-172-31-3-106.us-east-2.compute.internal:8080/function/source
src instance: 4
encoded json is {"topic_name":"nexmark_src","rate_shape":"square","aid":"q7","events_num":28800000,"rate_period":10000000000,"finOutTpNs":["q7_out"],"first_event_rate":160000,"next_event_rate":160000,"bid_avg_size":100,"person_avg_size":200,"auction_avg_size":500,"duration":180,"person_proportion":1,"auction_proportion":3,"bid_proportion":46,"bid_hot_ratio_auctions":2,"bid_hot_ratio_bidders":4,"auction_hot_ratio_sellers":4,"flushms":100,"bufMaxSize":131072,"commEveryMs":100,"rate_limited":false,"waitEnd":true,"serde_format":1,"numOutPar":4,"parNum":1,"nSrcIns":4,"gua":4}, node constraint is 1,2,3,4
encoded json is {"topic_name":"nexmark_src","rate_shape":"square","aid":"q7","events_num":28800000,"rate_period":10000000000,"finOutTpNs":["q7_out"],"first_event_rate":160000,"next_event_rate":160000,"bid_avg_size":100,"person_avg_size":200,"auction_avg_size":500,"duration":180,"person_proportion":1,"auction_proportion":3,"bid_proportion":46,"bid_hot_ratio_auctions":2,"bid_hot_ratio_bidders":4,"auction_hot_ratio_sellers":4,"flushms":100,"bufMaxSize":131072,"commEveryMs":100,"rate_limited":false,"waitEnd":true,"serde_format":1,"numOutPar":4,"parNum":3,"nSrcIns":4,"gua":4}, node constraint is 1,2,3,4
encoded json is {"topic_name":"nexmark_src","rate_shape":"square","aid":"q7","events_num":28800000,"rate_period":10000000000,"finOutTpNs":["q7_out"],"first_event_rate":160000,"next_event_rate":160000,"bid_avg_size":100,"person_avg_size":200,"auction_avg_size":500,"duration":180,"person_proportion":1,"auction_proportion":3,"bid_proportion":46,"bid_hot_ratio_auctions":2,"bid_hot_ratio_bidders":4,"auction_hot_ratio_sellers":4,"flushms":100,"bufMaxSize":131072,"commEveryMs":100,"rate_limited":false,"waitEnd":true,"serde_format":1,"numOutPar":4,"parNum":2,"nSrcIns":4,"gua":4}, node constraint is 1,2,3,4
encoded json is {"topic_name":"nexmark_src","rate_shape":"square","aid":"q7","events_num":28800000,"rate_period":10000000000,"finOutTpNs":["q7_out"],"first_event_rate":160000,"next_event_rate":160000,"bid_avg_size":100,"person_avg_size":200,"auction_avg_size":500,"duration":180,"person_proportion":1,"auction_proportion":3,"bid_proportion":46,"bid_hot_ratio_auctions":2,"bid_hot_ratio_bidders":4,"auction_hot_ratio_sellers":4,"flushms":100,"bufMaxSize":131072,"commEveryMs":100,"rate_limited":false,"waitEnd":true,"serde_format":1,"numOutPar":4,"nSrcIns":4,"gua":4}, node constraint is 1,2,3,4
func name is q7BidByPrice
func url is http://ip-172-31-3-106.us-east-2.compute.internal:8080/function/q7BidByPrice
func name is q7BidByPrice
func url is http://ip-172-31-3-106.us-east-2.compute.internal:8080/function/q7BidByPrice
func name is q7BidByPrice
func url is http://ip-172-31-3-106.us-east-2.compute.internal:8080/function/q7BidByPrice
encoded json is {"aid":"q7","numOutPartition":"BA==","numSubstreamProducer":"AQ==","outputTopicName":["bid_by_price"],"inputTopicName":["nexmark_src"],"commEveryMs":100,"flushMs":100,"snapEveryS":10,"duration":180,"bufMaxSize":131072,"epoch":1,"waitEnd":true,"numChangelogPartition":4,"numInPartition":4,"gua":4,"serdeFormat":1}, node constraint is 5,6,7,8
encoded json is {"aid":"q7","numOutPartition":"BA==","numSubstreamProducer":"AQ==","outputTopicName":["bid_by_price"],"inputTopicName":["nexmark_src"],"commEveryMs":100,"flushMs":100,"snapEveryS":10,"duration":180,"bufMaxSize":131072,"epoch":1,"waitEnd":true,"numChangelogPartition":4,"numInPartition":4,"ParNum":1,"gua":4,"serdeFormat":1}, node constraint is 5,6,7,8
encoded json is {"aid":"q7","numOutPartition":"BA==","numSubstreamProducer":"AQ==","outputTopicName":["bid_by_price"],"inputTopicName":["nexmark_src"],"commEveryMs":100,"flushMs":100,"snapEveryS":10,"duration":180,"bufMaxSize":131072,"epoch":1,"waitEnd":true,"numChangelogPartition":4,"numInPartition":4,"ParNum":2,"gua":4,"serdeFormat":1}, node constraint is 5,6,7,8
Waiting for all client to return
func name is q7JoinMaxBid
func url is http://ip-172-31-3-106.us-east-2.compute.internal:8080/function/q7JoinMaxBid
encoded json is {"aid":"q7","numOutPartition":"BA==","numSubstreamProducer":"BAQ=","outputTopicName":["q7_out"],"inputTopicName":["bid_by_price","max_bids"],"commEveryMs":100,"flushMs":100,"snapEveryS":10,"duration":180,"bufMaxSize":131072,"epoch":1,"waitEnd":true,"numChangelogPartition":4,"numInPartition":4,"ParNum":3,"gua":4,"serdeFormat":1}, node constraint is 5,6,7,8
encoded json is {"aid":"q7","numOutPartition":"BA==","numSubstreamProducer":"AQ==","outputTopicName":["bid_by_price"],"inputTopicName":["nexmark_src"],"commEveryMs":100,"flushMs":100,"snapEveryS":10,"duration":180,"bufMaxSize":131072,"epoch":1,"waitEnd":true,"numChangelogPartition":4,"numInPartition":4,"ParNum":3,"gua":4,"serdeFormat":1}, node constraint is 5,6,7,8
func name is q7BidByWin
func name is q7MaxBid
func name is q7BidByPrice
func url is http://ip-172-31-3-106.us-east-2.compute.internal:8080/function/q7BidByPrice
func name is q7BidByWin
func url is http://ip-172-31-3-106.us-east-2.compute.internal:8080/function/q7BidByWin
encoded json is {"aid":"q7","numOutPartition":"BA==","numSubstreamProducer":"AQ==","outputTopicName":["bid_by_win"],"inputTopicName":["nexmark_src"],"commEveryMs":100,"flushMs":100,"snapEveryS":10,"duration":180,"bufMaxSize":131072,"epoch":1,"waitEnd":true,"numChangelogPartition":4,"numInPartition":4,"gua":4,"serdeFormat":1}, node constraint is 5,6,7,8
encoded json is {"aid":"q7","numOutPartition":"BA==","numSubstreamProducer":"AQ==","outputTopicName":["bid_by_win"],"inputTopicName":["nexmark_src"],"commEveryMs":100,"flushMs":100,"snapEveryS":10,"duration":180,"bufMaxSize":131072,"epoch":1,"waitEnd":true,"numChangelogPartition":4,"numInPartition":4,"ParNum":1,"gua":4,"serdeFormat":1}, node constraint is 5,6,7,8
func url is http://ip-172-31-3-106.us-east-2.compute.internal:8080/function/q7BidByWin
encoded json is {"aid":"q7","numOutPartition":"BA==","numSubstreamProducer":"AQ==","outputTopicName":["bid_by_win"],"inputTopicName":["nexmark_src"],"commEveryMs":100,"flushMs":100,"snapEveryS":10,"duration":180,"bufMaxSize":131072,"epoch":1,"waitEnd":true,"numChangelogPartition":4,"numInPartition":4,"ParNum":2,"gua":4,"serdeFormat":1}, node constraint is 5,6,7,8
func name is q7BidByWin
func url is http://ip-172-31-3-106.us-east-2.compute.internal:8080/function/q7BidByWin
encoded json is {"aid":"q7","numOutPartition":"BA==","numSubstreamProducer":"BAQ=","outputTopicName":["q7_out"],"inputTopicName":["bid_by_price","max_bids"],"commEveryMs":100,"flushMs":100,"snapEveryS":10,"duration":180,"bufMaxSize":131072,"epoch":1,"waitEnd":true,"numChangelogPartition":4,"numInPartition":4,"gua":4,"serdeFormat":1}, node constraint is 5,6,7,8
func name is q7JoinMaxBid
func url is http://ip-172-31-3-106.us-east-2.compute.internal:8080/function/q7JoinMaxBid
func name is q7BidByWin
func url is http://ip-172-31-3-106.us-east-2.compute.internal:8080/function/q7BidByWin
encoded json is {"aid":"q7","numOutPartition":"BA==","numSubstreamProducer":"AQ==","outputTopicName":["bid_by_win"],"inputTopicName":["nexmark_src"],"commEveryMs":100,"flushMs":100,"snapEveryS":10,"duration":180,"bufMaxSize":131072,"epoch":1,"waitEnd":true,"numChangelogPartition":4,"numInPartition":4,"ParNum":3,"gua":4,"serdeFormat":1}, node constraint is 5,6,7,8
encoded json is {"aid":"q7","numOutPartition":"BA==","numSubstreamProducer":"BA==","outputTopicName":["max_bids"],"inputTopicName":["bid_by_win"],"commEveryMs":100,"flushMs":100,"snapEveryS":10,"duration":180,"bufMaxSize":131072,"epoch":1,"waitEnd":true,"numChangelogPartition":4,"numInPartition":4,"ParNum":2,"gua":4,"serdeFormat":1}, node constraint is 5,6,7,8
func name is q7MaxBid
func url is http://ip-172-31-3-106.us-east-2.compute.internal:8080/function/q7MaxBid
encoded json is {"aid":"q7","numOutPartition":"BA==","numSubstreamProducer":"BA==","outputTopicName":["max_bids"],"inputTopicName":["bid_by_win"],"commEveryMs":100,"flushMs":100,"snapEveryS":10,"duration":180,"bufMaxSize":131072,"epoch":1,"waitEnd":true,"numChangelogPartition":4,"numInPartition":4,"ParNum":3,"gua":4,"serdeFormat":1}, node constraint is 5,6,7,8
func name is q7MaxBid
func url is http://ip-172-31-3-106.us-east-2.compute.internal:8080/function/q7MaxBid
func name is q7JoinMaxBid
func url is http://ip-172-31-3-106.us-east-2.compute.internal:8080/function/q7JoinMaxBid
encoded json is {"aid":"q7","numOutPartition":"BA==","numSubstreamProducer":"BAQ=","outputTopicName":["q7_out"],"inputTopicName":["bid_by_price","max_bids"],"commEveryMs":100,"flushMs":100,"snapEveryS":10,"duration":180,"bufMaxSize":131072,"epoch":1,"waitEnd":true,"numChangelogPartition":4,"numInPartition":4,"ParNum":1,"gua":4,"serdeFormat":1}, node constraint is 5,6,7,8
encoded json is {"aid":"q7","numOutPartition":"BA==","numSubstreamProducer":"BAQ=","outputTopicName":["q7_out"],"inputTopicName":["bid_by_price","max_bids"],"commEveryMs":100,"flushMs":100,"snapEveryS":10,"duration":180,"bufMaxSize":131072,"epoch":1,"waitEnd":true,"numChangelogPartition":4,"numInPartition":4,"ParNum":2,"gua":4,"serdeFormat":1}, node constraint is 5,6,7,8
func name is q7JoinMaxBid
func url is http://ip-172-31-3-106.us-east-2.compute.internal:8080/function/q7JoinMaxBid
func url is http://ip-172-31-3-106.us-east-2.compute.internal:8080/function/q7MaxBid
encoded json is {"aid":"q7","numOutPartition":"BA==","numSubstreamProducer":"BA==","outputTopicName":["max_bids"],"inputTopicName":["bid_by_win"],"commEveryMs":100,"flushMs":100,"snapEveryS":10,"duration":180,"bufMaxSize":131072,"epoch":1,"waitEnd":true,"numChangelogPartition":4,"numInPartition":4,"gua":4,"serdeFormat":1}, node constraint is 5,6,7,8
func name is q7MaxBid
func url is http://ip-172-31-3-106.us-east-2.compute.internal:8080/function/q7MaxBid
encoded json is {"aid":"q7","numOutPartition":"BA==","numSubstreamProducer":"BA==","outputTopicName":["max_bids"],"inputTopicName":["bid_by_win"],"commEveryMs":100,"flushMs":100,"snapEveryS":10,"duration":180,"bufMaxSize":131072,"epoch":1,"waitEnd":true,"numChangelogPartition":4,"numInPartition":4,"ParNum":1,"gua":4,"serdeFormat":1}, node constraint is 5,6,7,8
source-0 invoke done
source-3 invoke done
source-2 invoke done
source-1 invoke done
q7BidByWin-3 call done
q7BidByWin-0 call done
q7MaxBid-1 call done
q7BidByWin-2 call done
q7BidByPrice-3 call done
q7BidByWin-1 call done
q7BidByPrice-2 call done
q7BidByPrice-1 call done
q7BidByPrice-0 call done
q7MaxBid-2 call done
q7MaxBid-3 call done
q7MaxBid-0 call done
{"level":"error","time":"2024-03-03T07:54:18-06:00","message":"q7JoinMaxBid request failed: Post \"http://ip-172-31-3-106.us-east-2.compute.internal:8080/function/q7JoinMaxBid\": context deadline exceeded (Client.Timeout exceeded while awaiting headers)"}
q7JoinMaxBid-1 call done
{"level":"error","time":"2024-03-03T07:54:18-06:00","message":"q7JoinMaxBid request failed: Post \"http://ip-172-31-3-106.us-east-2.compute.internal:8080/function/q7JoinMaxBid\": context deadline exceeded (Client.Timeout exceeded while awaiting headers)"}
q7JoinMaxBid-0 call done
{"level":"error","time":"2024-03-03T07:54:18-06:00","message":"q7JoinMaxBid request failed: Post \"http://ip-172-31-3-106.us-east-2.compute.internal:8080/function/q7JoinMaxBid\": context deadline exceeded (Client.Timeout exceeded while awaiting headers)"}
q7JoinMaxBid-2 call done
{"level":"error","time":"2024-03-03T07:54:18-06:00","message":"q7JoinMaxBid request failed: Post \"http://ip-172-31-3-106.us-east-2.compute.internal:8080/function/q7JoinMaxBid\": context deadline exceeded (Client.Timeout exceeded while awaiting headers)"}
q7JoinMaxBid-3 call done
sink processed: 7200002, throughput: (event/s) 39939.100175815445
sink_ctrl processed: 2, throughput: (event/s) 0.011094191411562232
source-0 duration: 180.27451716

sink processed: 7199882, throughput: (event/s) 39939.74972370615
sink_ctrl processed: 2, throughput: (event/s) 0.011094556750709566
source-1 duration: 180.268580795

sink processed: 7200002, throughput: (event/s) 39940.95546790991
sink_ctrl processed: 2, throughput: (event/s) 0.011094706770334204
source-2 duration: 180.266143252

sink processed: 7200002, throughput: (event/s) 39937.68925405945
sink_ctrl processed: 2, throughput: (event/s) 0.0110937994889611
source-3 duration: 180.280885912

sink processed 28799888 events, duration: 180.280885912, tp: 159750.091388
sink_ctrl processed 8 events, duration: 180.280885912, tp: 0.044375

nexmark_src_src processed: 7200004, throughput: (event/s) 39889.62514587797
nexmark_src_src_ctrl processed: 4, throughput: (event/s) 0.022160890547215237
nexmark_src_src_data processed: 7200000, throughput: (event/s) 39889.602984987425
nexmark_src_src_epoch processed: 0, throughput: (event/s) 0
nexmark_src_src_logEntry processed: 15762, throughput: (event/s) 87.32498920130165
sink processed: 6624000, throughput: (event/s) 36698.43474618843
q7BidByPrice-0 duration: 180.498161456

nexmark_src_src_data processed: 7199880, throughput: (event/s) 39890.27949285802
nexmark_src_src_epoch processed: 0, throughput: (event/s) 0
nexmark_src_src_logEntry processed: 15771, throughput: (event/s) 87.37778933563668
sink processed: 6623890, throughput: (event/s) 36699.05934959295
nexmark_src_src processed: 7199884, throughput: (event/s) 39890.30165449376
nexmark_src_src_ctrl processed: 4, throughput: (event/s) 0.02216163574551688
q7BidByPrice-1 duration: 180.492092097

sink processed: 6624000, throughput: (event/s) 36700.10221269618
nexmark_src_src processed: 7200004, throughput: (event/s) 39891.43761048028
nexmark_src_src_ctrl processed: 4, throughput: (event/s) 0.022161897471434894
nexmark_src_src_data processed: 7200000, throughput: (event/s) 39891.415448582804
nexmark_src_src_epoch processed: 0, throughput: (event/s) 0
nexmark_src_src_logEntry processed: 15770, throughput: (event/s) 87.37328078113207
q7BidByPrice-2 duration: 180.489960535

nexmark_src_src processed: 7200004, throughput: (event/s) 39888.17472922806
nexmark_src_src_ctrl processed: 4, throughput: (event/s) 0.02216008476063517
nexmark_src_src_data processed: 7200000, throughput: (event/s) 39888.152569143305
nexmark_src_src_epoch processed: 0, throughput: (event/s) 0
nexmark_src_src_logEntry processed: 15752, throughput: (event/s) 87.2664137873813
sink processed: 6624000, throughput: (event/s) 36697.10036361184
q7BidByPrice-3 duration: 180.504724743

nexmark_src_src_data processed 28799880 events, duration: 180.504724743
nexmark_src_src_epoch processed 0 events, duration: 180.504724743
nexmark_src_src_logEntry processed 63055 events, duration: 180.504724743
sink processed 26495890 events, duration: 180.504724743
nexmark_src_src processed 28799896 events, duration: 180.504724743
nexmark_src_src_ctrl processed 16 events, duration: 180.504724743

nexmark_src_src_epoch processed: 0, throughput: (event/s) 0
nexmark_src_src_logEntry processed: 15762, throughput: (event/s) 87.36094135751168
sink processed: 6624000, throughput: (event/s) 36713.543684314005
nexmark_src_src processed: 7200004, throughput: (event/s) 39906.04791383387
nexmark_src_src_ctrl processed: 4, throughput: (event/s) 0.022170014302121982
nexmark_src_src_data processed: 7200000, throughput: (event/s) 39906.02574381957
q7BidByWin-0 duration: 180.423879998

nexmark_src_src processed: 7199884, throughput: (event/s) 39890.40663539439
nexmark_src_src_ctrl processed: 4, throughput: (event/s) 0.02216169406917911
nexmark_src_src_data processed: 7199880, throughput: (event/s) 39890.384473700324
nexmark_src_src_epoch processed: 0, throughput: (event/s) 0
nexmark_src_src_logEntry processed: 15771, throughput: (event/s) 87.37801929125594
sink processed: 6623890, throughput: (event/s) 36699.155931973706
q7BidByWin-1 duration: 180.49161709

nexmark_src_src_ctrl processed: 4, throughput: (event/s) 0.02216316883563355
nexmark_src_src_data processed: 7200000, throughput: (event/s) 39893.703904140384
nexmark_src_src_epoch processed: 0, throughput: (event/s) 0
nexmark_src_src_logEntry processed: 15770, throughput: (event/s) 87.37829313448526
sink processed: 6624000, throughput: (event/s) 36702.20759180916
nexmark_src_src processed: 7200004, throughput: (event/s) 39893.726067309224
q7BidByWin-2 duration: 180.47960694

nexmark_src_src processed: 7200004, throughput: (event/s) 39925.0507906135
nexmark_src_src_ctrl processed: 4, throughput: (event/s) 0.022180571450023362
nexmark_src_src_data processed: 7200000, throughput: (event/s) 39925.02861004205
nexmark_src_src_epoch processed: 0, throughput: (event/s) 0
nexmark_src_src_logEntry processed: 15752, throughput: (event/s) 87.34709037019199
sink processed: 6624000, throughput: (event/s) 36731.026321238685
q7BidByWin-3 duration: 180.338004772

nexmark_src_src_data processed 28799880 events, duration: 180.49161709
nexmark_src_src_epoch processed 0 events, duration: 180.49161709
nexmark_src_src_logEntry processed 63055 events, duration: 180.49161709
sink processed 26495890 events, duration: 180.49161709
nexmark_src_src processed 28799896 events, duration: 180.49161709
nexmark_src_src_ctrl processed 16 events, duration: 180.49161709

bid_by_win_src processed: 10303897, throughput: (event/s) 54919.96151116322
bid_by_win_src_ctrl processed: 7, throughput: (event/s) 0.03731012941784478
bid_by_win_src_data processed: 10303890, throughput: (event/s) 54919.9242010338
bid_by_win_src_epoch processed: 0, throughput: (event/s) 0
bid_by_win_src_logEntry processed: 24717, throughput: (event/s) 131.7420669744099
sink processed: 10303890, throughput: (event/s) 54919.9242010338
q7MaxBid-0 duration: 187.616609999

bid_by_win_src_logEntry processed: 21192, throughput: (event/s) 117.43144078564744
sink processed: 8832000, throughput: (event/s) 48940.849613950464
bid_by_win_src processed: 8832007, throughput: (event/s) 48940.88840312022
bid_by_win_src_ctrl processed: 7, throughput: (event/s) 0.038789169757433566
bid_by_win_src_data processed: 8832000, throughput: (event/s) 48940.849613950464
bid_by_win_src_epoch processed: 0, throughput: (event/s) 0
q7MaxBid-1 duration: 180.462743693

bid_by_win_src_epoch processed: 0, throughput: (event/s) 0
bid_by_win_src_logEntry processed: 10596, throughput: (event/s) 58.683766130655215
sink processed: 4416000, throughput: (event/s) 24457.107515380656
bid_by_win_src processed: 4416007, throughput: (event/s) 24457.146283440576
bid_by_win_src_ctrl processed: 7, throughput: (event/s) 0.0387680599202139
bid_by_win_src_data processed: 4416000, throughput: (event/s) 24457.107515380656
q7MaxBid-2 duration: 180.561008583

sink processed: 2944000, throughput: (event/s) 16300.296420084796
bid_by_win_src processed: 2944007, throughput: (event/s) 16300.335177583078
bid_by_win_src_ctrl processed: 7, throughput: (event/s) 0.03875749828145162
bid_by_win_src_data processed: 2944000, throughput: (event/s) 16300.296420084796
bid_by_win_src_epoch processed: 0, throughput: (event/s) 0
bid_by_win_src_logEntry processed: 7061, throughput: (event/s) 39.09524219504713
q7MaxBid-3 duration: 180.610212485

bid_by_win_src processed 26495918 events, duration: 187.616609999
bid_by_win_src_ctrl processed 28 events, duration: 187.616609999
bid_by_win_src_data processed 26495890 events, duration: 187.616609999
bid_by_win_src_epoch processed 0 events, duration: 187.616609999
bid_by_win_src_logEntry processed 63566 events, duration: 187.616609999
sink processed 26495890 events, duration: 187.616609999

q7JoinMaxBid-0 failed, msg 
q7JoinMaxBid-1 failed, msg 
q7JoinMaxBid-2 failed, msg 
q7JoinMaxBid-3 failed, msg 
