encoded json is {"sg":{"changelog":4,"nexmark_src":4,"q46GroupBy":4,"q46_aucsByID":4,"q46_bidsByAucID":4,"q6Avg":4,"q6JoinStream":4,"q6MaxBid":4,"q6_aucIDSeller":4,"q6_maxBids":4,"q6_out":4,"source":4},"aid":"q6","fns":["source","q46GroupBy","q6JoinStream","q6MaxBid","q6Avg"],"epoch":1,"serdeFormat":1,"bs":true}, node constraint is 1
wait for last: true
warmup: 0
config: map[NodeConstraint:"1,2,3,4" NumInstance:4 OutputTopicName:["nexmark_src"] funcName:"source"]
config: map[InputTopicNames:["nexmark_src"] NodeConstraint:"5,6,7,8" NumInstance:4 NumSrcProducer:[1] OutputTopicName:["q46_aucsByID","q46_bidsByAucID"] funcName:"q46GroupBy"]
config: map[InputTopicNames:["q46_aucsByID","q46_bidsByAucID"] NodeConstraint:"5,6,7,8" NumInstance:4 NumSrcProducer:[4,4] OutputTopicName:["q6_aucIDSeller"] funcName:"q6JoinStream"]
config: map[InputTopicNames:["q6_aucIDSeller"] NodeConstraint:"5,6,7,8" NumInstance:4 NumSrcProducer:[1] OutputTopicName:["q6_maxBids"] funcName:"q6MaxBid"]
config: map[InputTopicNames:["q6_maxBids"] NodeConstraint:"5,6,7,8" NumInstance:4 NumSrcProducer:[4] OutputTopicName:["q6_out"] funcName:"q6Avg"]
srcInvokeConfig: {TopicName:nexmark_src AppId:q6 NodeConstraint:1,2,3,4 ScaleEpoch:0 NumOutPartition:4 InstanceID:0 NumSrcInstance:4}
cliNodes: [0xc000026260 0xc0000262c0 0xc000026300 0xc000026360]
inParamsMap: map[q46GroupBy:[0xc000000c80 0xc000000d20 0xc000000dc0 0xc000000e60] q6Avg:[0xc000001400 0xc0000014a0 0xc000001540 0xc0000015e0] q6JoinStream:[0xc000000f00 0xc000000fa0 0xc000001040 0xc0000010e0] q6MaxBid:[0xc000001180 0xc000001220 0xc0000012c0 0xc000001360]]
configScaleInput: {Config:map[changelog:4 nexmark_src:4 q46GroupBy:4 q46_aucsByID:4 q46_bidsByAucID:4 q6Avg:4 q6JoinStream:4 q6MaxBid:4 q6_aucIDSeller:4 q6_maxBids:4 q6_out:4 source:4] AppId:q6 FuncNames:[source q46GroupBy q6JoinStream q6MaxBid q6Avg] ScaleEpoch:0 SerdeFormat:1 Bootstrap:false}
func source url is http://ip-172-31-4-103.us-east-2.compute.internal:8080/function/source
func source url is http://ip-172-31-4-103.us-east-2.compute.internal:8080/function/source
func source url is http://ip-172-31-4-103.us-east-2.compute.internal:8080/function/source
func source url is http://ip-172-31-4-103.us-east-2.compute.internal:8080/function/source
src instance: 4
encoded json is {"topic_name":"nexmark_src","rate_shape":"square","aid":"q6","events_num":1080000,"rate_period":10000000000,"bid_avg_size":100,"first_event_rate":6000,"next_event_rate":6000,"person_avg_size":200,"auction_avg_size":500,"duration":180,"person_proportion":1,"auction_proportion":3,"bid_proportion":46,"bid_hot_ratio_auctions":2,"bid_hot_ratio_bidders":4,"auction_hot_ratio_sellers":4,"flushms":100,"rate_limited":false,"waitEnd":true,"serde_format":1,"numOutPar":4,"parNum":1,"nSrcIns":4}, node constraint is 1,2,3,4
encoded json is {"topic_name":"nexmark_src","rate_shape":"square","aid":"q6","events_num":1080000,"rate_period":10000000000,"bid_avg_size":100,"first_event_rate":6000,"next_event_rate":6000,"person_avg_size":200,"auction_avg_size":500,"duration":180,"person_proportion":1,"auction_proportion":3,"bid_proportion":46,"bid_hot_ratio_auctions":2,"bid_hot_ratio_bidders":4,"auction_hot_ratio_sellers":4,"flushms":100,"rate_limited":false,"waitEnd":true,"serde_format":1,"numOutPar":4,"nSrcIns":4}, node constraint is 1,2,3,4
encoded json is {"topic_name":"nexmark_src","rate_shape":"square","aid":"q6","events_num":1080000,"rate_period":10000000000,"bid_avg_size":100,"first_event_rate":6000,"next_event_rate":6000,"person_avg_size":200,"auction_avg_size":500,"duration":180,"person_proportion":1,"auction_proportion":3,"bid_proportion":46,"bid_hot_ratio_auctions":2,"bid_hot_ratio_bidders":4,"auction_hot_ratio_sellers":4,"flushms":100,"rate_limited":false,"waitEnd":true,"serde_format":1,"numOutPar":4,"parNum":3,"nSrcIns":4}, node constraint is 1,2,3,4
encoded json is {"topic_name":"nexmark_src","rate_shape":"square","aid":"q6","events_num":1080000,"rate_period":10000000000,"bid_avg_size":100,"first_event_rate":6000,"next_event_rate":6000,"person_avg_size":200,"auction_avg_size":500,"duration":180,"person_proportion":1,"auction_proportion":3,"bid_proportion":46,"bid_hot_ratio_auctions":2,"bid_hot_ratio_bidders":4,"auction_hot_ratio_sellers":4,"flushms":100,"rate_limited":false,"waitEnd":true,"serde_format":1,"numOutPar":4,"parNum":2,"nSrcIns":4}, node constraint is 1,2,3,4
func name is q46GroupBy
func url is http://ip-172-31-4-103.us-east-2.compute.internal:8080/function/q46GroupBy
Waiting for all client to return
func name is q6MaxBid
func url is http://ip-172-31-4-103.us-east-2.compute.internal:8080/function/q6MaxBid
func name is q6JoinStream
func name is q6MaxBid
func url is http://ip-172-31-4-103.us-east-2.compute.internal:8080/function/q6JoinStream
func url is http://ip-172-31-4-103.us-east-2.compute.internal:8080/function/q6MaxBid
func name is q6MaxBid
func name is q6JoinStream
func url is http://ip-172-31-4-103.us-east-2.compute.internal:8080/function/q6JoinStream
func name is q6JoinStream
func url is http://ip-172-31-4-103.us-east-2.compute.internal:8080/function/q6JoinStream
func url is http://ip-172-31-4-103.us-east-2.compute.internal:8080/function/q6MaxBid
func name is q46GroupBy
func name is q6MaxBid
func url is http://ip-172-31-4-103.us-east-2.compute.internal:8080/function/q6MaxBid
func name is q6Avg
func url is http://ip-172-31-4-103.us-east-2.compute.internal:8080/function/q6Avg
func url is http://ip-172-31-4-103.us-east-2.compute.internal:8080/function/q46GroupBy
func name is q6Avg
func url is http://ip-172-31-4-103.us-east-2.compute.internal:8080/function/q6Avg
func name is q6JoinStream
func url is http://ip-172-31-4-103.us-east-2.compute.internal:8080/function/q6JoinStream
func name is q6Avg
func url is http://ip-172-31-4-103.us-east-2.compute.internal:8080/function/q6Avg
func name is q6Avg
func url is http://ip-172-31-4-103.us-east-2.compute.internal:8080/function/q6Avg
encoded json is {"aid":"q6","numOutPartition":"BAQ=","numSubstreamProducer":"AQ==","outputTopicName":["q46_aucsByID","q46_bidsByAucID"],"inputTopicName":["nexmark_src"],"commEveryMs":100,"flushMs":100,"snapEveryS":10,"duration":180,"epoch":1,"waitEnd":true,"numChangelogPartition":4,"numInPartition":4,"gua":3,"serdeFormat":1}, node constraint is 5,6,7,8
func name is q46GroupBy
func url is http://ip-172-31-4-103.us-east-2.compute.internal:8080/function/q46GroupBy
func name is q46GroupBy
func url is http://ip-172-31-4-103.us-east-2.compute.internal:8080/function/q46GroupBy
encoded json is {"aid":"q6","numOutPartition":"BA==","numSubstreamProducer":"AQ==","outputTopicName":["q6_maxBids"],"inputTopicName":["q6_aucIDSeller"],"commEveryMs":100,"flushMs":100,"snapEveryS":10,"duration":180,"epoch":1,"waitEnd":true,"numChangelogPartition":4,"numInPartition":4,"ParNum":3,"gua":3,"serdeFormat":1}, node constraint is 5,6,7,8
encoded json is {"aid":"q6","numOutPartition":"BA==","numSubstreamProducer":"BAQ=","outputTopicName":["q6_aucIDSeller"],"inputTopicName":["q46_aucsByID","q46_bidsByAucID"],"commEveryMs":100,"flushMs":100,"snapEveryS":10,"duration":180,"epoch":1,"waitEnd":true,"numChangelogPartition":4,"numInPartition":4,"ParNum":3,"gua":3,"serdeFormat":1}, node constraint is 5,6,7,8
encoded json is {"aid":"q6","numOutPartition":"BA==","numSubstreamProducer":"BA==","outputTopicName":["q6_out"],"inputTopicName":["q6_maxBids"],"commEveryMs":100,"flushMs":100,"snapEveryS":10,"duration":180,"epoch":1,"waitEnd":true,"numChangelogPartition":4,"numInPartition":4,"ParNum":3,"gua":3,"serdeFormat":1}, node constraint is 5,6,7,8
encoded json is {"aid":"q6","numOutPartition":"BA==","numSubstreamProducer":"BA==","outputTopicName":["q6_out"],"inputTopicName":["q6_maxBids"],"commEveryMs":100,"flushMs":100,"snapEveryS":10,"duration":180,"epoch":1,"waitEnd":true,"numChangelogPartition":4,"numInPartition":4,"ParNum":2,"gua":3,"serdeFormat":1}, node constraint is 5,6,7,8
encoded json is {"aid":"q6","numOutPartition":"BA==","numSubstreamProducer":"BAQ=","outputTopicName":["q6_aucIDSeller"],"inputTopicName":["q46_aucsByID","q46_bidsByAucID"],"commEveryMs":100,"flushMs":100,"snapEveryS":10,"duration":180,"epoch":1,"waitEnd":true,"numChangelogPartition":4,"numInPartition":4,"ParNum":1,"gua":3,"serdeFormat":1}, node constraint is 5,6,7,8
encoded json is {"aid":"q6","numOutPartition":"BAQ=","numSubstreamProducer":"AQ==","outputTopicName":["q46_aucsByID","q46_bidsByAucID"],"inputTopicName":["nexmark_src"],"commEveryMs":100,"flushMs":100,"snapEveryS":10,"duration":180,"epoch":1,"waitEnd":true,"numChangelogPartition":4,"numInPartition":4,"ParNum":3,"gua":3,"serdeFormat":1}, node constraint is 5,6,7,8
encoded json is {"aid":"q6","numOutPartition":"BA==","numSubstreamProducer":"BA==","outputTopicName":["q6_out"],"inputTopicName":["q6_maxBids"],"commEveryMs":100,"flushMs":100,"snapEveryS":10,"duration":180,"epoch":1,"waitEnd":true,"numChangelogPartition":4,"numInPartition":4,"ParNum":1,"gua":3,"serdeFormat":1}, node constraint is 5,6,7,8
encoded json is {"aid":"q6","numOutPartition":"BAQ=","numSubstreamProducer":"AQ==","outputTopicName":["q46_aucsByID","q46_bidsByAucID"],"inputTopicName":["nexmark_src"],"commEveryMs":100,"flushMs":100,"snapEveryS":10,"duration":180,"epoch":1,"waitEnd":true,"numChangelogPartition":4,"numInPartition":4,"ParNum":2,"gua":3,"serdeFormat":1}, node constraint is 5,6,7,8
encoded json is {"aid":"q6","numOutPartition":"BA==","numSubstreamProducer":"BAQ=","outputTopicName":["q6_aucIDSeller"],"inputTopicName":["q46_aucsByID","q46_bidsByAucID"],"commEveryMs":100,"flushMs":100,"snapEveryS":10,"duration":180,"epoch":1,"waitEnd":true,"numChangelogPartition":4,"numInPartition":4,"gua":3,"serdeFormat":1}, node constraint is 5,6,7,8
encoded json is {"aid":"q6","numOutPartition":"BA==","numSubstreamProducer":"AQ==","outputTopicName":["q6_maxBids"],"inputTopicName":["q6_aucIDSeller"],"commEveryMs":100,"flushMs":100,"snapEveryS":10,"duration":180,"epoch":1,"waitEnd":true,"numChangelogPartition":4,"numInPartition":4,"ParNum":2,"gua":3,"serdeFormat":1}, node constraint is 5,6,7,8
encoded json is {"aid":"q6","numOutPartition":"BA==","numSubstreamProducer":"BAQ=","outputTopicName":["q6_aucIDSeller"],"inputTopicName":["q46_aucsByID","q46_bidsByAucID"],"commEveryMs":100,"flushMs":100,"snapEveryS":10,"duration":180,"epoch":1,"waitEnd":true,"numChangelogPartition":4,"numInPartition":4,"ParNum":2,"gua":3,"serdeFormat":1}, node constraint is 5,6,7,8
encoded json is {"aid":"q6","numOutPartition":"BA==","numSubstreamProducer":"BA==","outputTopicName":["q6_out"],"inputTopicName":["q6_maxBids"],"commEveryMs":100,"flushMs":100,"snapEveryS":10,"duration":180,"epoch":1,"waitEnd":true,"numChangelogPartition":4,"numInPartition":4,"gua":3,"serdeFormat":1}, node constraint is 5,6,7,8
encoded json is {"aid":"q6","numOutPartition":"BA==","numSubstreamProducer":"AQ==","outputTopicName":["q6_maxBids"],"inputTopicName":["q6_aucIDSeller"],"commEveryMs":100,"flushMs":100,"snapEveryS":10,"duration":180,"epoch":1,"waitEnd":true,"numChangelogPartition":4,"numInPartition":4,"gua":3,"serdeFormat":1}, node constraint is 5,6,7,8
encoded json is {"aid":"q6","numOutPartition":"BAQ=","numSubstreamProducer":"AQ==","outputTopicName":["q46_aucsByID","q46_bidsByAucID"],"inputTopicName":["nexmark_src"],"commEveryMs":100,"flushMs":100,"snapEveryS":10,"duration":180,"epoch":1,"waitEnd":true,"numChangelogPartition":4,"numInPartition":4,"ParNum":1,"gua":3,"serdeFormat":1}, node constraint is 5,6,7,8
encoded json is {"aid":"q6","numOutPartition":"BA==","numSubstreamProducer":"AQ==","outputTopicName":["q6_maxBids"],"inputTopicName":["q6_aucIDSeller"],"commEveryMs":100,"flushMs":100,"snapEveryS":10,"duration":180,"epoch":1,"waitEnd":true,"numChangelogPartition":4,"numInPartition":4,"ParNum":1,"gua":3,"serdeFormat":1}, node constraint is 5,6,7,8
source-1 invoke done
source-3 invoke done
source-0 invoke done
source-2 invoke done
q46GroupBy-1 call done
q46GroupBy-3 call done
q46GroupBy-0 call done
q46GroupBy-2 call done
q6JoinStream-0 call done
q6MaxBid-0 call done
q6JoinStream-1 call done
q6MaxBid-1 call done
q6JoinStream-2 call done
q6MaxBid-2 call done
q6JoinStream-3 call done
q6MaxBid-3 call done
q6Avg-1 call done
q6Avg-0 call done
q6Avg-3 call done
q6Avg-2 call done
sink processed: 270001, throughput: (event/s) 1499.987300651774
sink_ctrl processed: 1, throughput: (event/s) 0.005555487945051218
source-0 duration: 180.002190607

sink processed: 270001, throughput: (event/s) 1499.9777827252526
sink_ctrl processed: 1, throughput: (event/s) 0.0055554526936020705
source-1 duration: 180.003332789

sink processed: 270001, throughput: (event/s) 1499.980066469285
sink_ctrl processed: 1, throughput: (event/s) 0.005555461151881974
source-2 duration: 180.003058731

sink processed: 270001, throughput: (event/s) 1499.981201660768
sink_ctrl processed: 1, throughput: (event/s) 0.005555465356279302
source-3 duration: 180.002922504

sink_ctrl processed 4 events, duration: 180.003332789, tp: 0.022222
sink processed 1080004 events, duration: 180.003332789, tp: 5999.911131

nexmark_src_src_ctrl processed: 1, throughput: (event/s) 0.005554447808669534
nexmark_src_src_data processed: 270000, throughput: (event/s) 1499.7009083407743
nexmark_src_src_epoch processed: 0, throughput: (event/s) 0
nexmark_src_src_logEntry processed: 1760, throughput: (event/s) 9.77582814325838
aucsByIDSink processed: 16200, throughput: (event/s) 89.98205450044645
bidsByAucIDSink processed: 248400, throughput: (event/s) 1379.7248356735122
nexmark_src_src processed: 270001, throughput: (event/s) 1499.706462788583
q46GroupBy-0 duration: 180.035898157

bidsByAucIDSink processed: 248400, throughput: (event/s) 1379.725234043381
nexmark_src_src processed: 270001, throughput: (event/s) 1499.7068958009136
nexmark_src_src_ctrl processed: 1, throughput: (event/s) 0.005554449412412967
nexmark_src_src_data processed: 270000, throughput: (event/s) 1499.701341351501
nexmark_src_src_epoch processed: 0, throughput: (event/s) 0
nexmark_src_src_logEntry processed: 1763, throughput: (event/s) 9.792494314084061
aucsByIDSink processed: 16200, throughput: (event/s) 89.98208048109007
q46GroupBy-1 duration: 180.035846175

nexmark_src_src_logEntry processed: 1764, throughput: (event/s) 9.798102754497839
aucsByIDSink processed: 16200, throughput: (event/s) 89.98257631681689
bidsByAucIDSink processed: 248400, throughput: (event/s) 1379.732836857859
nexmark_src_src processed: 270001, throughput: (event/s) 1499.7151597603008
nexmark_src_src_ctrl processed: 1, throughput: (event/s) 0.005554480019556597
nexmark_src_src_data processed: 270000, throughput: (event/s) 1499.7096052802813
nexmark_src_src_epoch processed: 0, throughput: (event/s) 0
q46GroupBy-2 duration: 180.034854114

nexmark_src_src processed: 270001, throughput: (event/s) 1499.698581578028
nexmark_src_src_ctrl processed: 1, throughput: (event/s) 0.005554418619108922
nexmark_src_src_data processed: 270000, throughput: (event/s) 1499.693027159409
nexmark_src_src_epoch processed: 0, throughput: (event/s) 0
nexmark_src_src_logEntry processed: 1763, throughput: (event/s) 9.79244002548903
aucsByIDSink processed: 16200, throughput: (event/s) 89.98158162956454
bidsByAucIDSink processed: 248400, throughput: (event/s) 1379.7175849866562
q46GroupBy-3 duration: 180.036844281

nexmark_src_src_logEntry processed 7050 events, duration: 180.036844281
aucsByIDSink processed 64800 events, duration: 180.036844281
bidsByAucIDSink processed 993600 events, duration: 180.036844281
nexmark_src_src processed 1080004 events, duration: 180.036844281
nexmark_src_src_ctrl processed 4 events, duration: 180.036844281
nexmark_src_src_data processed 1080000 events, duration: 180.036844281
nexmark_src_src_epoch processed 0 events, duration: 180.036844281

bidsByAucIDSrc_logEntry processed: 6019, throughput: (event/s) 28.742467007213094
sink processed: 694445, throughput: (event/s) 3316.1758599142877
aucsByIDSrc_epoch processed: 5617, throughput: (event/s) 26.822800661158986
bidsByAucIDSrc_data processed: 240391, throughput: (event/s) 1147.9365984932651
bidsByAucIDSrc_epoch processed: 6019, throughput: (event/s) 28.742467007213094
aucsByIDSrc processed: 21829, throughput: (event/s) 104.23979270650517
aucsByIDSrc_data processed: 16208, throughput: (event/s) 77.39789088767401
aucsByIDSrc_ctrl processed: 4, throughput: (event/s) 0.01910115767218016
bidsByAucIDSrc processed: 246414, throughput: (event/s) 1176.6981666581505
aucsByIDSrc_logEntry processed: 5617, throughput: (event/s) 26.822800661158986
bidsByAucIDSrc_ctrl processed: 4, throughput: (event/s) 0.01910115767218016
q6JoinStream-0 duration: 209.411391113

aucsByIDSrc processed: 21830, throughput: (event/s) 101.96154566861787
bidsByAucIDSrc_ctrl processed: 4, throughput: (event/s) 0.018682830172902953
bidsByAucIDSrc_epoch processed: 6019, throughput: (event/s) 28.11298870267572
aucsByIDSrc_logEntry processed: 5666, throughput: (event/s) 26.464228939917035
sink processed: 663929, throughput: (event/s) 3101.018188466321
aucsByIDSrc_data processed: 16160, throughput: (event/s) 75.47863389852793
aucsByIDSrc_epoch processed: 5666, throughput: (event/s) 26.464228939917035
bidsByAucIDSrc_data processed: 228400, throughput: (event/s) 1066.7896028727587
bidsByAucIDSrc_logEntry processed: 6019, throughput: (event/s) 28.11298870267572
bidsByAucIDSrc processed: 234423, throughput: (event/s) 1094.9212744056074
aucsByIDSrc_ctrl processed: 4, throughput: (event/s) 0.018682830172902953
q6JoinStream-1 duration: 214.100324361

aucsByIDSrc processed: 21933, throughput: (event/s) 100.89273315162231
bidsByAucIDSrc_data processed: 244302, throughput: (event/s) 1123.7995939637822
aucsByIDSrc_data processed: 16276, throughput: (event/s) 74.87029247142684
aucsByIDSrc_logEntry processed: 5653, throughput: (event/s) 26.004040510013265
bidsByAucIDSrc_logEntry processed: 6019, throughput: (event/s) 27.6876560816858
bidsByAucIDSrc_epoch processed: 6019, throughput: (event/s) 27.6876560816858
bidsByAucIDSrc processed: 250325, throughput: (event/s) 1151.5056502156501
bidsByAucIDSrc_ctrl processed: 4, throughput: (event/s) 0.018400170182213526
sink processed: 708363, throughput: (event/s) 3258.49993769583
aucsByIDSrc_ctrl processed: 4, throughput: (event/s) 0.018400170182213526
aucsByIDSrc_epoch processed: 5653, throughput: (event/s) 26.004040510013265
q6JoinStream-2 duration: 217.389293707

aucsByIDSrc_logEntry processed: 5629, throughput: (event/s) 21.27218034654331
aucsByIDSrc processed: 21789, throughput: (event/s) 82.34136393157436
aucsByIDSrc_epoch processed: 5629, throughput: (event/s) 21.27218034654331
bidsByAucIDSrc processed: 286530, throughput: (event/s) 1082.8065082066182
bidsByAucIDSrc_ctrl processed: 4, throughput: (event/s) 0.015116134550750263
bidsByAucIDSrc_data processed: 280507, throughput: (event/s) 1060.045388606826
aucsByIDSrc_ctrl processed: 4, throughput: (event/s) 0.015116134550750263
bidsByAucIDSrc_epoch processed: 6019, throughput: (event/s) 22.746003465241458
bidsByAucIDSrc_logEntry processed: 6019, throughput: (event/s) 22.746003465241458
aucsByIDSrc_data processed: 16156, throughput: (event/s) 61.05406745048031
sink processed: 806521, throughput: (event/s) 3047.869988501413
q6JoinStream-3 duration: 264.617914492

aucsByIDSrc_epoch processed 22565 events, duration: 264.617914492
bidsByAucIDSrc_epoch processed 24076 events, duration: 264.617914492
aucsByIDSrc_data processed 64800 events, duration: 264.617914492
bidsByAucIDSrc processed 1017692 events, duration: 264.617914492
bidsByAucIDSrc_ctrl processed 16 events, duration: 264.617914492
bidsByAucIDSrc_logEntry processed 24076 events, duration: 264.617914492
sink processed 2873258 events, duration: 264.617914492
bidsByAucIDSrc_data processed 993600 events, duration: 264.617914492
aucsByIDSrc processed 87381 events, duration: 264.617914492
aucsByIDSrc_ctrl processed 16 events, duration: 264.617914492
aucsByIDSrc_logEntry processed 22565 events, duration: 264.617914492

q6_aucIDSeller_src_epoch processed: 1179, throughput: (event/s) 5.629284560258786
q6_aucIDSeller_src_logEntry processed: 1555, throughput: (event/s) 7.42454409771197
sink processed: 84951, throughput: (event/s) 405.6092898036846
q6_aucIDSeller_src processed: 695625, throughput: (event/s) 3321.3495099491247
q6_aucIDSeller_src_ctrl processed: 1, throughput: (event/s) 0.004774626429396765
q6_aucIDSeller_src_data processed: 694445, throughput: (event/s) 3315.7154507624364
q6MaxBid-0 duration: 209.440469278

sink processed: 79372, throughput: (event/s) 370.6794218917311
q6_aucIDSeller_src processed: 665139, throughput: (event/s) 3106.3012145044113
q6_aucIDSeller_src_ctrl processed: 1, throughput: (event/s) 0.004670153478452491
q6_aucIDSeller_src_data processed: 663929, throughput: (event/s) 3100.650328795484
q6_aucIDSeller_src_epoch processed: 1209, throughput: (event/s) 5.646215555449062
q6_aucIDSeller_src_logEntry processed: 1569, throughput: (event/s) 7.327470807691959
q6MaxBid-1 duration: 214.125725121

q6_aucIDSeller_src_ctrl processed: 1, throughput: (event/s) 0.004599564863649676
q6_aucIDSeller_src_data processed: 708363, throughput: (event/s) 3258.161565509475
q6_aucIDSeller_src_epoch processed: 1215, throughput: (event/s) 5.5884713093343565
q6_aucIDSeller_src_logEntry processed: 1615, throughput: (event/s) 7.428297254794226
sink processed: 75037, throughput: (event/s) 345.1375486736807
q6_aucIDSeller_src processed: 709579, throughput: (event/s) 3263.754636383673
q6MaxBid-2 duration: 217.411870393

q6_aucIDSeller_src_data processed: 806521, throughput: (event/s) 3047.6466785563966
q6_aucIDSeller_src_epoch processed: 1317, throughput: (event/s) 4.976622649204143
q6_aucIDSeller_src_logEntry processed: 1865, throughput: (event/s) 7.047381352137985
sink processed: 57530, throughput: (event/s) 217.39187624048165
q6_aucIDSeller_src processed: 807839, throughput: (event/s) 3052.627079962358
q6_aucIDSeller_src_ctrl processed: 1, throughput: (event/s) 0.003778756757178544
q6MaxBid-3 duration: 264.637303817

q6_aucIDSeller_src_logEntry processed 6604 events, duration: 264.637303817
sink processed 296890 events, duration: 264.637303817
q6_aucIDSeller_src processed 2878182 events, duration: 264.637303817
q6_aucIDSeller_src_ctrl processed 4 events, duration: 264.637303817
q6_aucIDSeller_src_data processed 2873258 events, duration: 264.637303817
q6_aucIDSeller_src_epoch processed 4920 events, duration: 264.637303817

eventTimeLatency_sink, p50: 205 ms, p90: 1211 ms, p99: 32392 ms
q6_maxBids_src_epoch processed: 4477, throughput: (event/s) 16.91720397295582
q6_maxBids_src_logEntry processed: 4477, throughput: (event/s) 16.91720397295582
sink processed: 72223, throughput: (event/s) 272.9084705246344
q6_maxBids_src processed: 76704, throughput: (event/s) 289.840789265491
q6_maxBids_src_ctrl processed: 4, throughput: (event/s) 0.015114767900786976
q6_maxBids_src_data processed: 72223, throughput: (event/s) 272.9084705246344
q6Avg-0 duration: 264.641840765

eventTimeLatency_sink, p50: 216 ms, p90: 2513 ms, p99: 36465 ms
q6_maxBids_src_logEntry processed: 4574, throughput: (event/s) 17.283642271011445
sink processed: 60017, throughput: (event/s) 226.78451206368473
q6_maxBids_src processed: 64595, throughput: (event/s) 244.083269019673
q6_maxBids_src_ctrl processed: 4, throughput: (event/s) 0.015114684976835545
q6_maxBids_src_data processed: 60017, throughput: (event/s) 226.78451206368473
q6_maxBids_src_epoch processed: 4574, throughput: (event/s) 17.283642271011445
q6Avg-1 duration: 264.643292674

eventTimeLatency_sink, p50: 207 ms, p90: 2418 ms, p99: 33915 ms
q6_maxBids_src processed: 98505, throughput: (event/s) 372.21661893866604
q6_maxBids_src_ctrl processed: 4, throughput: (event/s) 0.015114628452917762
q6_maxBids_src_data processed: 93853, throughput: (event/s) 354.6383060479227
q6_maxBids_src_epoch processed: 4648, throughput: (event/s) 17.563198262290438
q6_maxBids_src_logEntry processed: 4648, throughput: (event/s) 17.563198262290438
sink processed: 93853, throughput: (event/s) 354.6383060479227
q6Avg-2 duration: 264.644282356

eventTimeLatency_sink, p50: 239 ms, p90: 5492 ms, p99: 64397 ms
q6_maxBids_src processed: 75620, throughput: (event/s) 285.74148812042034
q6_maxBids_src_ctrl processed: 4, throughput: (event/s) 0.015114598683968281
q6_maxBids_src_data processed: 70797, throughput: (event/s) 267.5170607572256
q6_maxBids_src_epoch processed: 4819, throughput: (event/s) 18.209312764510784
q6_maxBids_src_logEntry processed: 4819, throughput: (event/s) 18.209312764510784
sink processed: 70797, throughput: (event/s) 267.5170607572256
q6Avg-3 duration: 264.644803586

q6_maxBids_src_epoch processed 18518 events, duration: 264.644803586
q6_maxBids_src_logEntry processed 18518 events, duration: 264.644803586
sink processed 296890 events, duration: 264.644803586
q6_maxBids_src processed 315424 events, duration: 264.644803586
q6_maxBids_src_ctrl processed 16 events, duration: 264.644803586
q6_maxBids_src_data processed 296890 events, duration: 264.644803586

