parallel restore str: , false
env str: , async2ndPhase: false
env str: , create snapshot: false
2023/05/22 22:24:36 [INFO] Load configuration for function scale[40]
2023/05/22 22:24:36 [INFO] Load configuration for function tranDataGen[20]
2023/05/22 22:24:36 [INFO] Load configuration for function tranProcess[30]
2023/05/22 22:24:36 [INFO] Parse FAAS_ENGINE_ID: 2
2023/05/22 22:24:36 [INFO] Start new FuncWorker with client id 2
2023/05/22 22:24:36 [INFO] Handshake with engine done
new buffered sink stream src[0] with bufMaxSize 131072
new buffered sink stream out[0] with bufMaxSize 131072
src notEnded: map[0:{}], notScaleFence: map[0:{}]
new buffered sink stream __control_log_protocol-lat[0] with bufMaxSize 131072
new buffered sink stream __control_log_protocol-lat[0] with bufMaxSize 131072
[0] restore potential mapping done
__epoch_log_tranProcess-src-0-out sync to recent, off: 0x100000003
[0] Init EpochManager took 137.104035ms, task epoch 0x1, task id 0x800200000001
commit every(ms): 10ms, waitEndMark: false, fixed output parNum: 0, snapshot every(s): 0s, sink buf max: 131072
src_src counter: dur=10.079049303s, value=102, rate=10.120002088851773 per second
out_sink counter: dur=10.079038341s, value=102, rate=10.120013095404099 per second
src_src counter: dur=10.099237944s, value=203, rate=10.000754567824053 per second
out_sink counter: dur=10.099234879s, value=203, rate=10.000757602936426 per second
out_sink stats (301 samples): dur=10.100011646s, p50=1291, p90=1547, p99=1717
src_src counter: dur=10.000038269s, value=303, rate=9.999961731146453 per second
out_sink counter: dur=10.000036526s, value=303, rate=9.999963474133414 per second
src_src counter: dur=10.099969175s, value=404, rate=10.000030519895127 per second
out_sink counter: dur=10.099971921s, value=404, rate=10.00002780106739 per second
out_sink stats (200 samples): dur=20.000896939s, p50=1360, p90=1590, p99=1672
src_src counter: dur=10.000690536s, value=504, rate=9.999309511680703 per second
out_sink counter: dur=10.000689012s, value=504, rate=9.999311035470482 per second
src_src counter: dur=10.099272776s, value=605, rate=10.000720075609532 per second
out_sink counter: dur=10.099272374s, value=605, rate=10.000720473686671 per second
out_sink stats (200 samples): dur=19.998491172s, p50=1084, p90=1283, p99=1519
src_src counter: dur=10.000078629s, value=705, rate=9.999921371618246 per second
out_sink counter: dur=10.000082443s, value=705, rate=9.999917557679678 per second
src_src counter: dur=10.000296463s, value=805, rate=9.99970354578877 per second
out_sink counter: dur=10.000292563s, value=805, rate=9.99970744555906 per second
out_sink stats (200 samples): dur=19.999962378s, p50=1093, p90=1273, p99=1365
src_src counter: dur=10.100107019s, value=906, rate=9.999894041716788 per second
out_sink counter: dur=10.100110637s, value=906, rate=9.999890459615765 per second
src_src counter: dur=10.099234996s, value=1007, rate=10.000757487077292 per second
out_sink counter: dur=10.099248666s, value=1007, rate=10.000743950391607 per second
out_sink stats (200 samples): dur=20.001011434s, p50=1146, p90=1335, p99=1555
src_src counter: dur=10.000719439s, value=1107, rate=9.999280612755525 per second
out_sink counter: dur=10.00070485s, value=1107, rate=9.999295199677851 per second
src_src counter: dur=10.099096763s, value=1208, rate=10.000894374042744 per second
out_sink counter: dur=10.099096726s, value=1208, rate=10.00089441068296 per second
out_sink stats (200 samples): dur=19.999555428s, p50=1376, p90=1565, p99=1706
src_src counter: dur=10.000558013s, value=1308, rate=9.999442018136115 per second
out_sink counter: dur=10.000573545s, value=1308, rate=9.9994264878935 per second
src_src counter: dur=10.10014303s, value=1409, rate=9.999858388144034 per second
out_sink counter: dur=10.10012575s, value=1409, rate=9.999875496599634 per second
out_sink stats (200 samples): dur=19.999489312s, p50=1258, p90=1489, p99=1590
src_src counter: dur=10.00025762s, value=1509, rate=9.999742386636637 per second
out_sink counter: dur=10.000258255s, value=1509, rate=9.999741751669392 per second
src_src counter: dur=10.000006884s, value=1609, rate=9.99999311600474 per second
out_sink counter: dur=10.000008821s, value=1609, rate=9.99999117900778 per second
out_sink stats (200 samples): dur=19.999960066s, p50=1206, p90=1412, p99=1526
src_src counter: dur=10.09970849s, value=1710, rate=10.000288632092985 per second
out_sink counter: dur=10.099706972s, value=1710, rate=10.00029013515027 per second
timeout after 3m0.000217969s
src_src msgCnt 1800, ctrlCnt 0, epochCnt 0, logEntry 1800
[0] final mark seqNum: 0x100001c26
[0] {epoch mark time: [4228 2257 1891 1868 1857 1841 1816 1870 1915 1881 1860 1893 1879 1860 1886 1850 1860 1882 1889 1892 1875 1871 1901 1897 1900 1901 1917 1886 1902 1909 1881 1877 1880 1897 1892 1905 1903 1882 1842 1823 1885 1908 1930 1907 1902 1914 1926 1891 1840 1895 1891 1875 1908 1892 1830 1851 1857 1865 1847 1897 1862 1905 1895 1846 1804 1861 1871 1880 1846 1867 1839 1860 1946 1906 1824 1805 1900 1880 1883 1857 1884 1887 1892 1932 1866 1813 1875 1847 1863 1899 1949 1903 1872 1927 1880 1879 1897 1901 1875 1908 1849 1879 1877 1935 1913 1889 1866 1849 1883 1888 1837 1875 1897 1884 1926 1889 1907 1880 1893 1860 1853 1854 1902 1870 1871 1856 1867 1903 1829 1887 1886 1876 1887 1859 1930 1882 1926 1836 1944 1904 1866 1883 1861 1898 1841 1870 1895 1903 1868 1862 1945 1899 1891 1899 1876 1885 1852 1924 1844 1909 1874 1855 1813 1848 1825 1867 1876 1869 1882 1857 1904 1846 1891 1845 1882 1846 1882 1885 1860 1919 1873 1913 1851 1893 1878 1905 1868 1868 1866 1912 1919 1883 1840 1865 1903 1900 1876 1831 1919 1891 1914 1869 1875 1918 1886 1839 1856 1917 1875 1807 1831 1897 1891 1890 1905 1844 1880 1913 1847 1850 1922 1911 1912 1842 2124 1859 1897 1899 1882 1863 1886 1879 1872 1915 1886 1897 1883 1962 1904 1915 1902 1878 1867 1897 1857 1851 1904 1860 1913 1891 1845 1845 1893 1895 1919 1857 1880 1899 1838 1897 1905 1910 1905 1851 1903 1920 1884 1870 1878 1911 1857 1894 1891 1867 1841 1899 1860 1920 1880 1887 1913 1896 1898 1860 1873 1887 1853 1886 1898 1910 1909 1891 1895 1930 1867 1854 1881 1864 1841 1842 1873 1920 1854 2165 1858 1908 1900 1940 1908 1932 1899 1877 1876 1854 1909 1901 1875 1861 1847 1879 1884 1892 1919 1870 1926 1904 1888 1884 1859 1872 1837 1904 1844 1877 1824 1860 1872 1882 1891 1834 1889 1893 1864 1828 1901 1871 1865 1905 1878 1899 1859 1912 1953 1853 2341 1859 1891 1872 1860 1900 1854 1912 1845 1876 1941 1892 1893 1898 1928 1886 1862 1908 1877 1854 1857 1913 1881 1893 1873 1844 1898 1909 1881 1893 1958 1886 1889 1868 1905 1870 1836 1859 1899 2313 1915 1855 1865 1915 1843 1893 1852 1906 1921 1847 1900 1866 2345 1878 1895 1856 1860 1914 1875 1927 1890 1848 1889 1884 1887 1902 1906 1929 1869 1871 1897 1869 2344 2342 1840 1877 1882 1859 1881 1925 1886 1932 1890 2339 1900 1882 1892 1885 1862 1898 1858 1920 1856 1883 1842 1894 1876 1910 1929 2366 1886 1879 1928 1817 1874 1745 1892 1899 1830 1868 1882 1866 1882 1889 1854 1910 1871 1909 1912 1907 1907 1922 1915 1878 1951 1880 1911 1878 1877 1870 1868 1835 1863 1858 1884 1909 1909 1891 2357 1889 1773 1865 1896 2356 1919 1904 1884 1885 1932 1930 1899 1861 1886 1847 1869 1917 1983 1868 1892 2382 2349 1879 1891 1859 1926 1861 1881 1908 2365 1896 1884 1850 2366 1905 1884 1867 1889 1911 1853 1855 1872 1874 1899 1728 1882 1879 1896 1869 1890 1898 1896 1892 1859 1888 1861 1870 1869 1855 1873 1837 1859 1868 1907 1893 1956 1860 1856 1924 1958 1926 1917 1853 1862 1855 1879 1913 1855 1919 1908 1872 1896 1904 1880 1871 1936 1874 1941 1874 1874 1938 1849 1879 1920 1884 1903 1932 1899 1859 1845 1880 1906 1856 1840 1899 1867 1888 1897 1879 1831 1920 1852 1906 1884 1916 1765 1871 1876 1856 1854 1864 1851 1896 1837 1912 1853 1855 1917 1904 1895 1865 1914 1863 1846 1921 1880 1898 1835 1913 1898 1898 1885 1858 1875 1854 1852 1882 1885 1870 1895 1873 1857 1890 1856 1880 1906 1833 1895 1870 1881 1897 1896 1866 1882 1836 1894 1916 1862 1933 1871 1894 1916 1875 1844 1875 1868 1857 1879 1880 1876 1898 1865 1865 1872 1870 1868 1867 1883 1871 1865 1883 1924 1789 1888 1882 1888 1861 1921 1861 1897 1870 1866 1859 1893 1888 1890 1880 1869 1880 1879 1896 1837 1868 1884 1842 1851 1897 1906 1856 1859 1805 1895 1931 1854 1940 1909 1877 1873 1924 1830 1879 1847 1913 1872 1888 1886 1944 1893 1840 1855 1920 1893 1849 1866 1882 1905 1866 1912 1869 1923 1890 1901 1978 1856 1924 1911 1905 1889 1896 1919 1908 1857 1877 1857 1890 1875 1871 1880 1867 1855 1914 1870 1894 1870 1849 1876 1897 1932 1875 1921 1875 1894 1907 1917 1884 1836 1862 1886 1863 1895 1859 1880 1832 1863 1890 1883 1915 1876 1903 1901 1827 1905 1883 1888 1842 1871 1875 1846 1909 1851 1854 1896 1646 1920 1885 1876 1860 1836 1863 1874 1853 1910 1881 1809 1897 1889 1907 1903 1922 1898 1865 1899 1895 1883 1918 1888 1899 1876 1848 1854 1888 1869 1941 1944 1847 1936 1878 1845 1915 1831 1909 1846 1890 1834 1871 1897 1878 1845 1899 1826 1858 1852 1865 1867 1908 1817 1856 1901 1891 1902 1825 1850 1854 1880 1937 1775 1913 1806 1905 1845 1922 1878 1861 1883 1892 1881 1866 1944 1841 1919 1883 1906 1871 1882 1883 1876 1885 1872 1875 1890 1896 1825 1873 1908 1906 1861 1897 1877 1857 1854 1835 1867 1873 1867 1899 1891 1880 1925 1897 1834 1857 1875 1892 1880 1901 1859 1866 1861 1927 1898 1931 1886 1884 1883 1864 1865 1885 1828 1879 1847 1967 1908 1886 1865 1877 1931 1894 1940 1859 1893 1838 2352 1825 1876 1858 1909 1857 1830 1889 1917 1874 1861 1874 1890 1857 1881 1889 1837 1884 1873 1891 1883 2346 1909 1861 1849 1910 1864 1896 1853 1892 1900 1848 1914 1839 1888 1887 1841 1897 1868 1833 1893 1842 1893 1869 1853 1855 1874 1867 1902 1876 1896 1848 1896 1857 1871 1861 1892 1897 1911 1861 1875 1941 1865 1829 1851 1843 1872 1911 1917 1876 1868 1897 1884 1883 1868 1894 1885 1916 2015 1889 1898 1910 1903 1898 1903 1907 1868 1888 1851 1917 1836 1890 1859 1894 1899 1869 1910 1863 1868 1880 1877 1849 1864 1865 1833 1873 1865 1917 1867 1830 1876 1878 1933 1870 1867 1889 1885 1746 1869 1935 1925 1879 1873 1903 1881 1873 1871 1919 1841 1874 1828 1881 1895 1875 1850 1836 2356 1836 1929 1912 2340 1875 1942 1843 1932 1889 1894 1905 1878 1917 1875 1852 1913 1916 1849 1843 1867 2336 1861 1856 1884 1883 1889 1943 1893 1897 1851 2359 2266 1910 1876 1878 1917 1893 1893 1872 1888 1913 1901 1943 1859 2413 1822 1881 1853 1857 1879 1895 1866 1863 1907 1900 2386 1869 1882 2351 1865 1879 1885 1875 2337 1878 1945 1875 1824 1858 2328 1913 1852 2365 1867 1917 1845 1927 1856 2343 1834 2319 1933 1889 1857 1895 1909 1855 2347 1890 1894 1903 1890 2317 1828 1883 1874 1940 2337 1883 2313 1906 1915 1859 2415 1870 1869 1903 1869 1885 1909 1868 1881 1921 2352 1889 1863 1907 1903 1850 1853 1904 1867 1872 1857 1877 1864 1921 1922 1876 1895 1936 1865 1879 1897 1926 1886 1920 1969 1909 1880 1912 1874 1866 1891 1866 1877 1898 1888 1841 1883 1905 1839 1899 1907 1871 1884 1910 1861 1842 1842 1873 1867 1882 1896 1838 1901 1868 1891 1904 1896 1928 1901 1896 1885 1885 1906 1910 1861 1896 1875 1932 1898 1893 1906 1847 1909 1877 1895 1857 1913 1870 1884 1895 1866 1867 1858 1900 1871 1908 1851 1848 1877 1910 1838 1917 1911 1889 1897 1906 1897 1849 1900 1894 1911 1903 1830 1873 1881 1873 1822 1909 1935 1896 1847 1867 1866 1875 1955 1874 1929 1870 1868 1839 1828 1854 1869 1851 1857 1915 1893 1880 1858 1808 1883 1838 1844 1858 1897 1875 1920 1829 1784 1876 1900 1875 1919 1895 1854 1892 1860 1908 1879 1836 1780 1865 1894 1852 1872 1896 1884 1913 1896 1931 1903 1859 1891 1826 1936 1871 1896 1848 1903 1916 1870 1914 1849 1883 1903 1871 1871 1853 1857 1934 1893 1900 1876 1897 1880 1881 1869 1900 1914 1829 1856 1867 1877 1896 1928 1879 1871 1875 1860 1900 1875 1841 1884 1892 1854 1896 1844 1912 1871 1864 1876 1862 1898 1876 1894 1912 1891 1900 1869 1864 1911 1900 1911 1892 1929 1875 1884 1860 1905 1896 1851 1901 1892 1859 1858 1897 1893 1906 1870 1901 1911 1911 1915 1872 1920 1917 1885 1900 1915 1903 1881 1896 1871 1907 1901 1941 1913 1889 1917 1879 1858 1848 1891 1922 1865 1896 1904 1877 1903 1857 1882 1966 1905 1888 1870 1934 1962 1920 1869 1900 1884 1882 1895 1912 1870 1898 1881 1871 1866 1896 1896 1857 1922 1845 1883 1862 1868 1866 1881 1884 1864 1886 1911 1881 1943 1864 1821 1869 1867 1886 1871 1842 1876 1883 1855 1902 1913 1865 1861 1870 1907 1945 1884 1924 1945 1900 1827 1869 1913 1895 1880 1874 1906 1841 1841 1832 1841 1892 1901 1804 1913 1855 1913 1871 1868 1843 1869 1886 1880 1909 1878 1896 1903 1858 1861 1872 1830 1889 1854 1898 1855 1891 1920 1842 1873 1857 1830 1852 1881 1850 1879 1849 1873 1895 1958 1885 1864 1889 1872 1854 1868 1906 1860 1843 1948 1889 1910 1864 1899 1884 1907 1898 1909 1872 1844 1869 1736 1907 1883 1915 1876 1917 1850 1833 1807 1858 1831 1870 1912 1898 1869 1864 1851 1953 1841 1910 1879 1905 1868 1863 1918 1900 1875 1867 1861 1853 1915 1866 1815 1824 1882 1887 1891 1848 1883 1878 1912 1906 1940 1933 1940 1879 1867 1872 1910 1926 1839 1880 1899 1861 1912 1857 1844 1905 1868 1854 1877 1856 1872 1875 1887 1867 1871 1878 1851 1883 1855 1892 1891 1882 1867 1874 1860 1900 1856 1858 1916 1805 1892 1875 1888 1879 1884 1860 1861 1887 1896 1882 1844 1887 1855 1872 1884 1893 1824 1872 1898 1847 1912 1896 1864 1838 1879 1880 1863 1867 1853 1891 1904 1916 1900 1828 1902 1902 1900 1880 1868 1849 1869 1852 1916 1922 1886 1856 1897 1907 1867 1933 1866 1837 1912 1823 1837 1848 1909 1835 1839 1919 1854 1906 1841 1920 1906 1896 1903 1900 1906 1863 1922 1934 1904 1878 1854 1849 1903 1865 1914 1817 1835 1865 1872 1922 1890 1851 1839 1851 1832 1923 1915 1884 1908 1896 1885 1909 1897 1874 1873 2116 1899 1913 1953 1886 1855 1892 1870 1930 1883 1892 1863 1902 1859 1860 1904 1866 1866 1850 1874 1876 1597 1887 1859 1908 1861 1918 1855 1889 2907]}
[0] epoch_mark_times: 1800
[0]duration: 180.003405 s, uts: 1684794523229
epoch ret: &{map[] map[]  [] 180.003405229 true}
src_src msgCnt 1800, ctrlCnt 0, epochCnt 0, logEntry 1800
sink msgCnt 1800, ctrlCnt 0
