wait for last: true
warmup: 0
encoded json is {"sg":{"changelog":4,"nexmark_src":4,"q46GroupBy":4,"q46_aucsByID":4,"q46_bidsByAucID":4,"q4Avg":4,"q4JoinStream":4,"q4MaxBid":4,"q4_aucIDCat":4,"q4_maxBids":4,"q4_out":4,"source":4},"aid":"q4","fns":["source","q46GroupBy","q4JoinStream","q4MaxBid","q4Avg"],"epoch":1,"serdeFormat":1,"bs":true}, node constraint is 1
config: map[NodeConstraint:"1,2,3,4" NumInstance:4 OutputTopicName:["nexmark_src"] funcName:"source"]
config: map[InputTopicNames:["nexmark_src"] NodeConstraint:"5,6,7,8" NumInstance:4 NumSrcProducer:[1] OutputTopicName:["q46_aucsByID","q46_bidsByAucID"] funcName:"q46GroupBy"]
config: map[InputTopicNames:["q46_aucsByID","q46_bidsByAucID"] NodeConstraint:"5,6,7,8" NumInstance:4 NumSrcProducer:[4,4] OutputTopicName:["q4_aucIDCat"] funcName:"q4JoinStream"]
config: map[InputTopicNames:["q4_aucIDCat"] NodeConstraint:"5,6,7,8" NumInstance:4 NumSrcProducer:[1] OutputTopicName:["q4_maxBids"] funcName:"q4MaxBid"]
config: map[InputTopicNames:["q4_maxBids"] NodeConstraint:"5,6,7,8" NumInstance:4 NumSrcProducer:[4] OutputTopicName:["q4_out"] funcName:"q4Avg"]
srcInvokeConfig: {TopicName:nexmark_src AppId:q4 NodeConstraint:1,2,3,4 ScaleEpoch:0 NumOutPartition:4 InstanceID:0 NumSrcInstance:4}
cliNodes: [0xc000026260 0xc0000262c0 0xc000026300 0xc000026360]
inParamsMap: map[q46GroupBy:[0xc000000be0 0xc000000c80 0xc000000d20 0xc000000dc0] q4Avg:[0xc000001360 0xc000001400 0xc0000014a0 0xc000001540] q4JoinStream:[0xc000000e60 0xc000000f00 0xc000000fa0 0xc000001040] q4MaxBid:[0xc0000010e0 0xc000001180 0xc000001220 0xc0000012c0]]
configScaleInput: {Config:map[changelog:4 nexmark_src:4 q46GroupBy:4 q46_aucsByID:4 q46_bidsByAucID:4 q4Avg:4 q4JoinStream:4 q4MaxBid:4 q4_aucIDCat:4 q4_maxBids:4 q4_out:4 source:4] AppId:q4 FuncNames:[source q46GroupBy q4JoinStream q4MaxBid q4Avg] ScaleEpoch:0 SerdeFormat:1 Bootstrap:false}
func source url is http://ip-172-31-0-177.us-east-2.compute.internal:8080/function/source
func source url is http://ip-172-31-0-177.us-east-2.compute.internal:8080/function/source
func source url is http://ip-172-31-0-177.us-east-2.compute.internal:8080/function/source
src instance: 4
encoded json is {"topic_name":"nexmark_src","rate_shape":"square","aid":"q4","events_num":1080000,"rate_period":10000000000,"bid_avg_size":100,"first_event_rate":6000,"next_event_rate":6000,"person_avg_size":200,"auction_avg_size":500,"duration":180,"person_proportion":1,"auction_proportion":3,"bid_proportion":46,"bid_hot_ratio_auctions":2,"bid_hot_ratio_bidders":4,"auction_hot_ratio_sellers":4,"flushms":100,"rate_limited":false,"waitEnd":true,"serde_format":1,"numOutPar":4,"nSrcIns":4}, node constraint is 1,2,3,4
func source url is http://ip-172-31-0-177.us-east-2.compute.internal:8080/function/source
encoded json is {"topic_name":"nexmark_src","rate_shape":"square","aid":"q4","events_num":1080000,"rate_period":10000000000,"bid_avg_size":100,"first_event_rate":6000,"next_event_rate":6000,"person_avg_size":200,"auction_avg_size":500,"duration":180,"person_proportion":1,"auction_proportion":3,"bid_proportion":46,"bid_hot_ratio_auctions":2,"bid_hot_ratio_bidders":4,"auction_hot_ratio_sellers":4,"flushms":100,"rate_limited":false,"waitEnd":true,"serde_format":1,"numOutPar":4,"parNum":1,"nSrcIns":4}, node constraint is 1,2,3,4
encoded json is {"topic_name":"nexmark_src","rate_shape":"square","aid":"q4","events_num":1080000,"rate_period":10000000000,"bid_avg_size":100,"first_event_rate":6000,"next_event_rate":6000,"person_avg_size":200,"auction_avg_size":500,"duration":180,"person_proportion":1,"auction_proportion":3,"bid_proportion":46,"bid_hot_ratio_auctions":2,"bid_hot_ratio_bidders":4,"auction_hot_ratio_sellers":4,"flushms":100,"rate_limited":false,"waitEnd":true,"serde_format":1,"numOutPar":4,"parNum":3,"nSrcIns":4}, node constraint is 1,2,3,4
encoded json is {"topic_name":"nexmark_src","rate_shape":"square","aid":"q4","events_num":1080000,"rate_period":10000000000,"bid_avg_size":100,"first_event_rate":6000,"next_event_rate":6000,"person_avg_size":200,"auction_avg_size":500,"duration":180,"person_proportion":1,"auction_proportion":3,"bid_proportion":46,"bid_hot_ratio_auctions":2,"bid_hot_ratio_bidders":4,"auction_hot_ratio_sellers":4,"flushms":100,"rate_limited":false,"waitEnd":true,"serde_format":1,"numOutPar":4,"parNum":2,"nSrcIns":4}, node constraint is 1,2,3,4
Waiting for all client to return
func name is q4JoinStream
func url is http://ip-172-31-0-177.us-east-2.compute.internal:8080/function/q4JoinStream
func name is q4MaxBid
func name is q4Avg
func url is http://ip-172-31-0-177.us-east-2.compute.internal:8080/function/q4Avg
func name is q46GroupBy
func url is http://ip-172-31-0-177.us-east-2.compute.internal:8080/function/q46GroupBy
func name is q4Avg
func url is http://ip-172-31-0-177.us-east-2.compute.internal:8080/function/q4MaxBid
func url is http://ip-172-31-0-177.us-east-2.compute.internal:8080/function/q4Avg
func name is q4Avg
func url is http://ip-172-31-0-177.us-east-2.compute.internal:8080/function/q4Avg
func name is q4MaxBid
func url is http://ip-172-31-0-177.us-east-2.compute.internal:8080/function/q4MaxBid
func name is q4MaxBid
func name is q46GroupBy
func url is http://ip-172-31-0-177.us-east-2.compute.internal:8080/function/q46GroupBy
func url is http://ip-172-31-0-177.us-east-2.compute.internal:8080/function/q4MaxBid
func name is q46GroupBy
func name is q4JoinStream
func url is http://ip-172-31-0-177.us-east-2.compute.internal:8080/function/q4JoinStream
func name is q4JoinStream
func url is http://ip-172-31-0-177.us-east-2.compute.internal:8080/function/q46GroupBy
func url is http://ip-172-31-0-177.us-east-2.compute.internal:8080/function/q4JoinStream
func name is q4MaxBid
func url is http://ip-172-31-0-177.us-east-2.compute.internal:8080/function/q4MaxBid
func name is q4JoinStream
func url is http://ip-172-31-0-177.us-east-2.compute.internal:8080/function/q4JoinStream
func name is q46GroupBy
encoded json is {"aid":"q4","numOutPartition":"BA==","numSubstreamProducer":"BAQ=","outputTopicName":["q4_aucIDCat"],"inputTopicName":["q46_aucsByID","q46_bidsByAucID"],"commEveryMs":100,"flushMs":100,"snapEveryS":10,"duration":180,"epoch":1,"waitEnd":true,"numChangelogPartition":4,"numInPartition":4,"ParNum":3,"gua":3,"serdeFormat":1}, node constraint is 5,6,7,8
func url is http://ip-172-31-0-177.us-east-2.compute.internal:8080/function/q46GroupBy
encoded json is {"aid":"q4","numOutPartition":"BA==","numSubstreamProducer":"BA==","outputTopicName":["q4_out"],"inputTopicName":["q4_maxBids"],"commEveryMs":100,"flushMs":100,"snapEveryS":10,"duration":180,"epoch":1,"waitEnd":true,"numChangelogPartition":4,"numInPartition":4,"gua":3,"serdeFormat":1}, node constraint is 5,6,7,8
func name is q4Avg
func url is http://ip-172-31-0-177.us-east-2.compute.internal:8080/function/q4Avg
encoded json is {"aid":"q4","numOutPartition":"BA==","numSubstreamProducer":"BA==","outputTopicName":["q4_out"],"inputTopicName":["q4_maxBids"],"commEveryMs":100,"flushMs":100,"snapEveryS":10,"duration":180,"epoch":1,"waitEnd":true,"numChangelogPartition":4,"numInPartition":4,"ParNum":2,"gua":3,"serdeFormat":1}, node constraint is 5,6,7,8
encoded json is {"aid":"q4","numOutPartition":"BA==","numSubstreamProducer":"AQ==","outputTopicName":["q4_maxBids"],"inputTopicName":["q4_aucIDCat"],"commEveryMs":100,"flushMs":100,"snapEveryS":10,"duration":180,"epoch":1,"waitEnd":true,"numChangelogPartition":4,"numInPartition":4,"gua":3,"serdeFormat":1}, node constraint is 5,6,7,8
encoded json is {"aid":"q4","numOutPartition":"BA==","numSubstreamProducer":"AQ==","outputTopicName":["q4_maxBids"],"inputTopicName":["q4_aucIDCat"],"commEveryMs":100,"flushMs":100,"snapEveryS":10,"duration":180,"epoch":1,"waitEnd":true,"numChangelogPartition":4,"numInPartition":4,"ParNum":2,"gua":3,"serdeFormat":1}, node constraint is 5,6,7,8
encoded json is {"aid":"q4","numOutPartition":"BAQ=","numSubstreamProducer":"AQ==","outputTopicName":["q46_aucsByID","q46_bidsByAucID"],"inputTopicName":["nexmark_src"],"commEveryMs":100,"flushMs":100,"snapEveryS":10,"duration":180,"epoch":1,"waitEnd":true,"numChangelogPartition":4,"numInPartition":4,"gua":3,"serdeFormat":1}, node constraint is 5,6,7,8
encoded json is {"aid":"q4","numOutPartition":"BAQ=","numSubstreamProducer":"AQ==","outputTopicName":["q46_aucsByID","q46_bidsByAucID"],"inputTopicName":["nexmark_src"],"commEveryMs":100,"flushMs":100,"snapEveryS":10,"duration":180,"epoch":1,"waitEnd":true,"numChangelogPartition":4,"numInPartition":4,"ParNum":3,"gua":3,"serdeFormat":1}, node constraint is 5,6,7,8
encoded json is {"aid":"q4","numOutPartition":"BA==","numSubstreamProducer":"BA==","outputTopicName":["q4_out"],"inputTopicName":["q4_maxBids"],"commEveryMs":100,"flushMs":100,"snapEveryS":10,"duration":180,"epoch":1,"waitEnd":true,"numChangelogPartition":4,"numInPartition":4,"ParNum":1,"gua":3,"serdeFormat":1}, node constraint is 5,6,7,8
encoded json is {"aid":"q4","numOutPartition":"BA==","numSubstreamProducer":"AQ==","outputTopicName":["q4_maxBids"],"inputTopicName":["q4_aucIDCat"],"commEveryMs":100,"flushMs":100,"snapEveryS":10,"duration":180,"epoch":1,"waitEnd":true,"numChangelogPartition":4,"numInPartition":4,"ParNum":3,"gua":3,"serdeFormat":1}, node constraint is 5,6,7,8
encoded json is {"aid":"q4","numOutPartition":"BA==","numSubstreamProducer":"BA==","outputTopicName":["q4_out"],"inputTopicName":["q4_maxBids"],"commEveryMs":100,"flushMs":100,"snapEveryS":10,"duration":180,"epoch":1,"waitEnd":true,"numChangelogPartition":4,"numInPartition":4,"ParNum":3,"gua":3,"serdeFormat":1}, node constraint is 5,6,7,8
encoded json is {"aid":"q4","numOutPartition":"BA==","numSubstreamProducer":"BAQ=","outputTopicName":["q4_aucIDCat"],"inputTopicName":["q46_aucsByID","q46_bidsByAucID"],"commEveryMs":100,"flushMs":100,"snapEveryS":10,"duration":180,"epoch":1,"waitEnd":true,"numChangelogPartition":4,"numInPartition":4,"gua":3,"serdeFormat":1}, node constraint is 5,6,7,8
encoded json is {"aid":"q4","numOutPartition":"BA==","numSubstreamProducer":"BAQ=","outputTopicName":["q4_aucIDCat"],"inputTopicName":["q46_aucsByID","q46_bidsByAucID"],"commEveryMs":100,"flushMs":100,"snapEveryS":10,"duration":180,"epoch":1,"waitEnd":true,"numChangelogPartition":4,"numInPartition":4,"ParNum":1,"gua":3,"serdeFormat":1}, node constraint is 5,6,7,8
encoded json is {"aid":"q4","numOutPartition":"BA==","numSubstreamProducer":"AQ==","outputTopicName":["q4_maxBids"],"inputTopicName":["q4_aucIDCat"],"commEveryMs":100,"flushMs":100,"snapEveryS":10,"duration":180,"epoch":1,"waitEnd":true,"numChangelogPartition":4,"numInPartition":4,"ParNum":1,"gua":3,"serdeFormat":1}, node constraint is 5,6,7,8
encoded json is {"aid":"q4","numOutPartition":"BA==","numSubstreamProducer":"BAQ=","outputTopicName":["q4_aucIDCat"],"inputTopicName":["q46_aucsByID","q46_bidsByAucID"],"commEveryMs":100,"flushMs":100,"snapEveryS":10,"duration":180,"epoch":1,"waitEnd":true,"numChangelogPartition":4,"numInPartition":4,"ParNum":2,"gua":3,"serdeFormat":1}, node constraint is 5,6,7,8
encoded json is {"aid":"q4","numOutPartition":"BAQ=","numSubstreamProducer":"AQ==","outputTopicName":["q46_aucsByID","q46_bidsByAucID"],"inputTopicName":["nexmark_src"],"commEveryMs":100,"flushMs":100,"snapEveryS":10,"duration":180,"epoch":1,"waitEnd":true,"numChangelogPartition":4,"numInPartition":4,"ParNum":1,"gua":3,"serdeFormat":1}, node constraint is 5,6,7,8
encoded json is {"aid":"q4","numOutPartition":"BAQ=","numSubstreamProducer":"AQ==","outputTopicName":["q46_aucsByID","q46_bidsByAucID"],"inputTopicName":["nexmark_src"],"commEveryMs":100,"flushMs":100,"snapEveryS":10,"duration":180,"epoch":1,"waitEnd":true,"numChangelogPartition":4,"numInPartition":4,"ParNum":2,"gua":3,"serdeFormat":1}, node constraint is 5,6,7,8
source-0 invoke done
source-2 invoke done
source-3 invoke done
source-1 invoke done
q46GroupBy-2 call done
q46GroupBy-0 call done
q46GroupBy-1 call done
q46GroupBy-3 call done
q4JoinStream-2 call done
q4MaxBid-2 call done
q4JoinStream-0 call done
q4MaxBid-0 call done
q4JoinStream-1 call done
q4MaxBid-1 call done
q4JoinStream-3 call done
q4MaxBid-3 call done
q4Avg-0 call done
q4Avg-1 call done
q4Avg-2 call done
q4Avg-3 call done
sink_ctrl processed: 1, throughput: (event/s) 0.005555469779997201
sink processed: 270001, throughput: (event/s) 1499.9823960690242
source-0 duration: 180.002779171

sink processed: 270001, throughput: (event/s) 1499.9842937031879
sink_ctrl processed: 1, throughput: (event/s) 0.00555547680824585
source-1 duration: 180.002551449

sink_ctrl processed: 1, throughput: (event/s) 0.005555474357174443
sink processed: 270001, throughput: (event/s) 1499.983631911457
source-2 duration: 180.002630866

sink processed: 270001, throughput: (event/s) 1499.98614512651
sink_ctrl processed: 1, throughput: (event/s) 0.005555483665343869
source-3 duration: 180.002329273

sink_ctrl processed 4 events, duration: 180.002779171, tp: 0.022222
sink processed 1080004 events, duration: 180.002779171, tp: 5999.929584

aucsByIDSrc_ctrl processed: 4, throughput: (event/s) 0.018088250871791785
bidsByAucIDSrc_ctrl processed: 4, throughput: (event/s) 0.018088250871791785
aucsByIDSrc processed: 21861, throughput: (event/s) 98.85681307706005
bidsByAucIDSrc_data processed: 240391, throughput: (event/s) 1087.0631788302246
bidsByAucIDSrc_epoch processed: 6009, throughput: (event/s) 27.173074872149208
sink processed: 697205, throughput: (event/s) 3152.804737266898
aucsByIDSrc_data processed: 16208, throughput: (event/s) 73.29359253250031
aucsByIDSrc_epoch processed: 5649, throughput: (event/s) 25.54513229368795
aucsByIDSrc_logEntry processed: 5649, throughput: (event/s) 25.54513229368795
bidsByAucIDSrc processed: 246404, throughput: (event/s) 1114.2543419532458
bidsByAucIDSrc_logEntry processed: 6009, throughput: (event/s) 27.173074872149208
q4JoinStream-0 duration: 221.138020937

aucsByIDSrc processed: 21843, throughput: (event/s) 92.7358562872452
bidsByAucIDSrc_data processed: 228400, throughput: (event/s) 969.6868367901297
bidsByAucIDSrc_logEntry processed: 6009, throughput: (event/s) 25.511594580875173
bidsByAucIDSrc_ctrl processed: 4, throughput: (event/s) 0.01698225633607933
bidsByAucIDSrc_epoch processed: 6009, throughput: (event/s) 25.511594580875173
aucsByIDSrc_ctrl processed: 4, throughput: (event/s) 0.01698225633607933
bidsByAucIDSrc processed: 234413, throughput: (event/s) 995.2154136273409
aucsByIDSrc_data processed: 16160, throughput: (event/s) 68.6083155977605
aucsByIDSrc_epoch processed: 5679, throughput: (event/s) 24.11055843314863
aucsByIDSrc_logEntry processed: 5679, throughput: (event/s) 24.11055843314863
sink processed: 666602, throughput: (event/s) 2830.1015095357884
q4JoinStream-1 duration: 235.539961289

bidsByAucIDSrc_epoch processed: 6009, throughput: (event/s) 28.11241536726032
aucsByIDSrc_epoch processed: 5615, throughput: (event/s) 26.269131683668945
bidsByAucIDSrc_ctrl processed: 4, throughput: (event/s) 0.018713539934937806
bidsByAucIDSrc_data processed: 244302, throughput: (event/s) 1142.938808296294
aucsByIDSrc_ctrl processed: 4, throughput: (event/s) 0.018713539934937806
aucsByIDSrc_data processed: 16276, throughput: (event/s) 76.14539399526194
aucsByIDSrc_logEntry processed: 5615, throughput: (event/s) 26.269131683668945
bidsByAucIDSrc processed: 250315, throughput: (event/s) 1171.0699372034892
sink processed: 711380, throughput: (event/s) 3328.109509729014
aucsByIDSrc processed: 21895, throughput: (event/s) 102.43323921886582
bidsByAucIDSrc_logEntry processed: 6009, throughput: (event/s) 28.11241536726032
q4JoinStream-2 duration: 213.748976084

bidsByAucIDSrc_data processed: 280507, throughput: (event/s) 1068.2602001253897
bidsByAucIDSrc_logEntry processed: 6009, throughput: (event/s) 22.88419020756511
sink processed: 810818, throughput: (event/s) 3087.853775289986
aucsByIDSrc_data processed: 16156, throughput: (event/s) 61.52720535753402
aucsByIDSrc_ctrl processed: 4, throughput: (event/s) 0.015233276889708844
bidsByAucIDSrc processed: 286520, throughput: (event/s) 1091.1596236098444
bidsByAucIDSrc_ctrl processed: 4, throughput: (event/s) 0.015233276889708844
aucsByIDSrc_logEntry processed: 5635, throughput: (event/s) 21.459878818377334
bidsByAucIDSrc_epoch processed: 6009, throughput: (event/s) 22.88419020756511
aucsByIDSrc processed: 21795, throughput: (event/s) 83.00231745280107
aucsByIDSrc_epoch processed: 5635, throughput: (event/s) 21.459878818377334
q4JoinStream-3 duration: 262.583029834

bidsByAucIDSrc_ctrl processed 16 events, duration: 262.583029834
aucsByIDSrc processed 87394 events, duration: 262.583029834
aucsByIDSrc_epoch processed 22578 events, duration: 262.583029834
aucsByIDSrc_logEntry processed 22578 events, duration: 262.583029834
aucsByIDSrc_ctrl processed 16 events, duration: 262.583029834
bidsByAucIDSrc_epoch processed 24036 events, duration: 262.583029834
sink processed 2886005 events, duration: 262.583029834
aucsByIDSrc_data processed 64800 events, duration: 262.583029834
bidsByAucIDSrc processed 1017652 events, duration: 262.583029834
bidsByAucIDSrc_logEntry processed 24036 events, duration: 262.583029834
bidsByAucIDSrc_data processed 993600 events, duration: 262.583029834

q4_aucIDCat_src_ctrl processed: 1, throughput: (event/s) 0.004521456117777656
q4_aucIDCat_src_data processed: 697205, throughput: (event/s) 3152.3818125951702
q4_aucIDCat_src_epoch processed: 1234, throughput: (event/s) 5.5794768493376266
q4_aucIDCat_src_logEntry processed: 1582, throughput: (event/s) 7.15294357832425
sink processed: 88803, throughput: (event/s) 401.5188676270091
q4_aucIDCat_src processed: 698440, throughput: (event/s) 3157.9658109006255
q4MaxBid-0 duration: 221.167688893

q4_aucIDCat_src processed: 667887, throughput: (event/s) 2835.2482241483312
q4_aucIDCat_src_ctrl processed: 1, throughput: (event/s) 0.004245101677601647
q4_aucIDCat_src_data processed: 666602, throughput: (event/s) 2829.793268492613
q4_aucIDCat_src_epoch processed: 1284, throughput: (event/s) 5.450710554040515
q4_aucIDCat_src_logEntry processed: 1607, throughput: (event/s) 6.821878395905847
sink processed: 83125, throughput: (event/s) 352.87407695063695
q4MaxBid-1 duration: 235.565617963

sink processed: 101754, throughput: (event/s) 475.96655503064244
q4_aucIDCat_src processed: 712606, throughput: (event/s) 3333.300144605283
q4_aucIDCat_src_ctrl processed: 1, throughput: (event/s) 0.004677620093860118
q4_aucIDCat_src_data processed: 711380, throughput: (event/s) 3327.5653823702105
q4_aucIDCat_src_epoch processed: 1225, throughput: (event/s) 5.730084614978645
q4_aucIDCat_src_logEntry processed: 1572, throughput: (event/s) 7.353218787548105
q4MaxBid-2 duration: 213.783928565

q4_aucIDCat_src_data processed: 810818, throughput: (event/s) 3087.5444508349383
q4_aucIDCat_src_epoch processed: 1331, throughput: (event/s) 5.068365112838273
q4_aucIDCat_src_logEntry processed: 1813, throughput: (event/s) 6.9037910966008935
sink processed: 72834, throughput: (event/s) 277.3473363098894
q4_aucIDCat_src processed: 812150, throughput: (event/s) 3092.616623885502
q4_aucIDCat_src_ctrl processed: 1, throughput: (event/s) 0.0038079377256485898
q4MaxBid-3 duration: 262.609336614

q4_aucIDCat_src_ctrl processed 4 events, duration: 262.609336614
q4_aucIDCat_src_data processed 2886005 events, duration: 262.609336614
q4_aucIDCat_src_epoch processed 5074 events, duration: 262.609336614
q4_aucIDCat_src_logEntry processed 6574 events, duration: 262.609336614
sink processed 346516 events, duration: 262.609336614
q4_aucIDCat_src processed 2891083 events, duration: 262.609336614

eventTimeLatency_sink, p50: 179 ms, p90: 418 ms, p99: 36305 ms
q4_maxBids_src processed: 72736, throughput: (event/s) 276.9709645332412
q4_maxBids_src_ctrl processed: 4, throughput: (event/s) 0.015231575260297033
q4_maxBids_src_data processed: 67571, throughput: (event/s) 257.3031929783827
q4_maxBids_src_epoch processed: 5161, throughput: (event/s) 19.652539979598245
q4_maxBids_src_logEntry processed: 5161, throughput: (event/s) 19.652539979598245
sink processed: 67571, throughput: (event/s) 257.3031929783827
q4Avg-0 duration: 262.612364883

eventTimeLatency_sink, p50: 180 ms, p90: 376 ms, p99: 38152 ms
q4_maxBids_src processed: 74679, throughput: (event/s) 284.36859646075027
q4_maxBids_src_ctrl processed: 4, throughput: (event/s) 0.015231516033195424
q4_maxBids_src_data processed: 69544, throughput: (event/s) 264.8151377531357
q4_maxBids_src_epoch processed: 5131, throughput: (event/s) 19.53822719158143
q4_maxBids_src_logEntry processed: 5131, throughput: (event/s) 19.53822719158143
sink processed: 69544, throughput: (event/s) 264.8151377531357
q4Avg-1 duration: 262.61338604

eventTimeLatency_sink, p50: 180 ms, p90: 420 ms, p99: 35888 ms
q4_maxBids_src_data processed: 70056, throughput: (event/s) 266.76426926377854
q4_maxBids_src_epoch processed: 5154, throughput: (event/s) 19.625771436929238
q4_maxBids_src_logEntry processed: 5154, throughput: (event/s) 19.625771436929238
sink processed: 70056, throughput: (event/s) 266.76426926377854
q4_maxBids_src processed: 75214, throughput: (event/s) 286.40527218804726
q4_maxBids_src_ctrl processed: 4, throughput: (event/s) 0.015231487339487183
q4Avg-2 duration: 262.613880762

eventTimeLatency_sink, p50: 179 ms, p90: 386 ms, p99: 37718 ms
q4_maxBids_src_data processed: 139345, throughput: (event/s) 530.6070058307898
q4_maxBids_src_epoch processed: 5376, throughput: (event/s) 20.471084454744165
q4_maxBids_src_logEntry processed: 5376, throughput: (event/s) 20.471084454744165
sink processed: 139345, throughput: (event/s) 530.6070058307898
q4_maxBids_src processed: 144725, throughput: (event/s) 551.0933217471818
q4_maxBids_src_ctrl processed: 4, throughput: (event/s) 0.015231461647875123
q4Avg-3 duration: 262.614323725

q4_maxBids_src_epoch processed 20822 events, duration: 262.614323725
q4_maxBids_src_logEntry processed 20822 events, duration: 262.614323725
sink processed 346516 events, duration: 262.614323725
q4_maxBids_src processed 367354 events, duration: 262.614323725
q4_maxBids_src_ctrl processed 16 events, duration: 262.614323725
q4_maxBids_src_data processed 346516 events, duration: 262.614323725

nexmark_src_src_epoch processed: 0, throughput: (event/s) 0
nexmark_src_src_logEntry processed: 1764, throughput: (event/s) 9.797966238216393
aucsByIDSink processed: 16200, throughput: (event/s) 89.98132259586484
bidsByAucIDSink processed: 248400, throughput: (event/s) 1379.7136131365942
nexmark_src_src processed: 270001, throughput: (event/s) 1499.69426433371
nexmark_src_src_ctrl processed: 1, throughput: (event/s) 0.005554402629374373
nexmark_src_src_data processed: 270000, throughput: (event/s) 1499.6887099310807
q46GroupBy-0 duration: 180.037362562

aucsByIDSink processed: 16200, throughput: (event/s) 89.98170324793564
bidsByAucIDSink processed: 248400, throughput: (event/s) 1379.71944980168
nexmark_src_src processed: 270001, throughput: (event/s) 1499.700608558387
nexmark_src_src_ctrl processed: 1, throughput: (event/s) 0.00555442612641578
nexmark_src_src_data processed: 270000, throughput: (event/s) 1499.6950541322608
nexmark_src_src_epoch processed: 0, throughput: (event/s) 0
nexmark_src_src_logEntry processed: 1764, throughput: (event/s) 9.798007686997437
q46GroupBy-1 duration: 180.036600945

nexmark_src_src_data processed: 270000, throughput: (event/s) 1499.710121388901
nexmark_src_src_epoch processed: 0, throughput: (event/s) 0
nexmark_src_src_logEntry processed: 1764, throughput: (event/s) 9.798106126407486
aucsByIDSink processed: 16200, throughput: (event/s) 89.98260728333405
bidsByAucIDSink processed: 248400, throughput: (event/s) 1379.7333116777888
nexmark_src_src processed: 270001, throughput: (event/s) 1499.715675870832
nexmark_src_src_ctrl processed: 1, throughput: (event/s) 0.005554481931070003
q46GroupBy-2 duration: 180.034792157

nexmark_src_src_data processed: 270000, throughput: (event/s) 1499.65840040291
nexmark_src_src_epoch processed: 0, throughput: (event/s) 0
nexmark_src_src_logEntry processed: 1763, throughput: (event/s) 9.792213925593815
aucsByIDSink processed: 16200, throughput: (event/s) 89.9795040241746
bidsByAucIDSink processed: 248400, throughput: (event/s) 1379.6857283706772
nexmark_src_src processed: 270001, throughput: (event/s) 1499.6639546932818
nexmark_src_src_ctrl processed: 1, throughput: (event/s) 0.005554290371862629
q46GroupBy-3 duration: 180.041001289

nexmark_src_src_data processed 1080000 events, duration: 180.041001289
nexmark_src_src_epoch processed 0 events, duration: 180.041001289
nexmark_src_src_logEntry processed 7055 events, duration: 180.041001289
aucsByIDSink processed 64800 events, duration: 180.041001289
bidsByAucIDSink processed 993600 events, duration: 180.041001289
nexmark_src_src processed 1080004 events, duration: 180.041001289
nexmark_src_src_ctrl processed 4 events, duration: 180.041001289

