parallel restore str: , false
env str: , async2ndPhase: false
env str: , create snapshot: false
2024/03/03 07:51:09 [INFO] Load configuration for function scale[40]
2024/03/03 07:51:09 [INFO] Load configuration for function chkptmngr[60]
2024/03/03 07:51:09 [INFO] Load configuration for function redisSetup[70]
2024/03/03 07:51:09 [INFO] Load configuration for function source[20]
2024/03/03 07:51:09 [INFO] Load configuration for function query1[30]
2024/03/03 07:51:09 [INFO] Parse FAAS_ENGINE_ID: 3
2024/03/03 07:51:09 [INFO] Parse FAAS_ENGINE_ID: 3
2024/03/03 07:51:09 [INFO] Current GOMAXPROCS is 2
2024/03/03 07:51:09 [INFO] Parse FAAS_ENGINE_ID: 3
2024/03/03 07:51:09 [INFO] Current GOMAXPROCS is 3
2024/03/03 07:51:09 [INFO] Parse FAAS_ENGINE_ID: 3
2024/03/03 07:51:09 [INFO] Current GOMAXPROCS is 4
2024/03/03 07:51:09 [INFO] Start new FuncWorker with client id 2
2024/03/03 07:51:09 [INFO] Start new FuncWorker with client id 3
2024/03/03 07:51:09 [INFO] Start new FuncWorker with client id 4
2024/03/03 07:51:09 [INFO] Start new FuncWorker with client id 5
Enter nexmark: funcName: source
2024/03/03 07:51:09 [INFO] Handshake with engine done
Enter nexmark: funcName: source
Enter nexmark: funcName: source
2024/03/03 07:51:09 [INFO] Handshake with engine done
2024/03/03 07:51:09 [INFO] Handshake with engine done
Enter nexmark: funcName: source
2024/03/03 07:51:09 [INFO] Handshake with engine done
redis address is [snapcache-1:6666 snapcache-2:6666 snapcache-3:6666 snapcache-4:6666]
new buffered sink stream nexmark_src[0] with bufMaxSize 131072
new buffered sink stream nexmark_src[1] with bufMaxSize 131072
new buffered sink stream nexmark_src[2] with bufMaxSize 131072
new buffered sink stream nexmark_src[3] with bufMaxSize 131072
Generator config: 
	InterEventDelayUs: [62.5]
	EventPerEpoch    : 0
	MaxEvents        : 11520000
	FirstEventNumber : 1
	EpochPeriodMs    : 0
	StepLengthSec    : 5
	BaseTime         : 1709452392947
	FirstEventId     : 1
	TotalProportion  : 50
	BidProportion    : 46
	AuctionProportion: 3
	PersonProportion : 1
Nexmark config: 
	NumEvents            : 11520000
	NumEventGenerators   : 4
	RateShape            : 0
	FirstEventRate       : 64000
	NextEventRate        : 64000
	RateUnit             : 1000000
	RatePeriodSec        : 10
	PreloadSeconds       : 0
	StreamTimeout        : 240
	IsRateLimited        : false
	UseWallclockEventTime: false
	AvgPersonByteSize    : 200
	AvgAuctionByteSize   : 500
	AvgBidByteSize       : 100
	HotAuctionRatio      : 2
	HotSellersRatio      : 4
	HotBiddersRatio      : 4
	WindowSizeSec        : 10
	WindowPeriodSec      : 5
	WatermarkHoldbackSec : 0
	NumInFlightAuctions  : 100
	NumActivePeople      : 1000
	OccasionalDelaySec   : 3
	ProbDelayedEvent     : 0.1
	OutOfOrderGroupSize  : 1
Input config: 
	SrcTopicName   : nexmark_src
	AppId          : q1
	FinalOutTpNames: [q1_out]
	Duration(s)    : 180
	FlushMs        : 10
	BufMaxSize     : 131072
	CommitEveryMs  : 100
	WaitForEndMark : true
	SerdeFormat    : MSGP
	NumOutPartition: 4
	ParNum         : 3
	NumSrcInstance : 4
	Guarantee      : ALIGN_CHKPT
new buffered sink stream __control_log_q1[0] with bufMaxSize 131072
new buffered sink stream __control_log_q1[0] with bufMaxSize 131072
generate events to [3]
StartTs: 1709452392947
gen first chkpt
srcGen_3 stats (160012 samples): dur=10.002613808s, p50=6, p90=16, p99=1919
nexmark_src_bufEntry_3 stats (818 samples): dur=10.00332167s, p50=192, p90=208, p99=224
nexmark_src_bufSize_3 stats (818 samples): dur=10.003366955s, p50=49735, p90=53908, p99=57776
srcGen_3 stats (160036 samples): dur=10.004295169s, p50=6, p90=16, p99=1905
nexmark_src_bufEntry_3 stats (823 samples): dur=10.004380542s, p50=192, p90=208, p99=224
nexmark_src_bufSize_3 stats (823 samples): dur=10.004382223s, p50=49761, p90=53833, p99=56868
srcGen_3 stats (160064 samples): dur=10.003557113s, p50=6, p90=16, p99=1897
nexmark_src_bufEntry_3 stats (821 samples): dur=10.009213104s, p50=192, p90=208, p99=224
nexmark_src_bufSize_3 stats (821 samples): dur=10.009214028s, p50=49741, p90=53835, p99=57448
srcGen_3 stats (160048 samples): dur=10.002824367s, p50=6, p90=16, p99=1883
nexmark_src_bufEntry_3 stats (823 samples): dur=10.002551225s, p50=192, p90=208, p99=208
nexmark_src_bufSize_3 stats (823 samples): dur=10.002551674s, p50=49721, p90=53774, p99=55246
srcGen_3 stats (160048 samples): dur=10.002978729s, p50=6, p90=16, p99=1886
nexmark_src_bufEntry_3 stats (820 samples): dur=10.003713684s, p50=192, p90=208, p99=224
nexmark_src_bufSize_3 stats (820 samples): dur=10.003711927s, p50=49787, p90=53803, p99=58237
srcGen_3 stats (160033 samples): dur=10.00258152s, p50=6, p90=16, p99=1661
nexmark_src_bufEntry_3 stats (819 samples): dur=10.009703592s, p50=192, p90=208, p99=224
nexmark_src_bufSize_3 stats (819 samples): dur=10.009705097s, p50=49786, p90=53821, p99=58089
srcGen_3 stats (160063 samples): dur=10.004645838s, p50=6, p90=16, p99=1880
nexmark_src_bufEntry_3 stats (821 samples): dur=10.000664783s, p50=192, p90=208, p99=209
nexmark_src_bufSize_3 stats (821 samples): dur=10.000667165s, p50=49874, p90=53949, p99=55632
srcGen_3 stats (160080 samples): dur=10.00435596s, p50=6, p90=16, p99=1862
nexmark_src_bufEntry_3 stats (819 samples): dur=10.004237086s, p50=192, p90=208, p99=223
nexmark_src_bufSize_3 stats (819 samples): dur=10.004234718s, p50=50201, p90=54407, p99=57203
srcGen_3 stats (160060 samples): dur=10.002697095s, p50=6, p90=16, p99=1899
nexmark_src_bufEntry_3 stats (824 samples): dur=10.011230594s, p50=192, p90=208, p99=208
nexmark_src_bufSize_3 stats (824 samples): dur=10.011239434s, p50=50121, p90=54176, p99=55396
srcGen_3 stats (160036 samples): dur=10.003896746s, p50=6, p90=16, p99=1843
nexmark_src_bufEntry_3 stats (819 samples): dur=10.007360668s, p50=192, p90=208, p99=224
nexmark_src_bufSize_3 stats (819 samples): dur=10.007350337s, p50=50157, p90=54295, p99=57605
srcGen_3 stats (160064 samples): dur=10.002910503s, p50=6, p90=16, p99=1876
nexmark_src_bufEntry_3 stats (820 samples): dur=10.00805247s, p50=192, p90=208, p99=224
nexmark_src_bufSize_3 stats (820 samples): dur=10.008054234s, p50=50150, p90=54391, p99=58066
srcGen_3 stats (160048 samples): dur=10.003454989s, p50=6, p90=16, p99=1889
nexmark_src_bufEntry_3 stats (820 samples): dur=10.009272002s, p50=192, p90=208, p99=218
nexmark_src_bufSize_3 stats (820 samples): dur=10.009276597s, p50=50151, p90=54243, p99=56561
srcGen_3 stats (160064 samples): dur=10.003867865s, p50=6, p90=16, p99=1870
nexmark_src_bufEntry_3 stats (818 samples): dur=10.007400033s, p50=192, p90=208, p99=224
nexmark_src_bufSize_3 stats (818 samples): dur=10.007394361s, p50=50198, p90=54184, p99=57951
srcGen_3 stats (160032 samples): dur=10.002903637s, p50=6, p90=16, p99=1866
nexmark_src_bufEntry_3 stats (818 samples): dur=10.002246719s, p50=192, p90=208, p99=224
nexmark_src_bufSize_3 stats (818 samples): dur=10.002247411s, p50=50179, p90=54285, p99=58089
srcGen_3 stats (160064 samples): dur=10.003033733s, p50=6, p90=16, p99=1900
nexmark_src_bufEntry_3 stats (820 samples): dur=10.003905279s, p50=192, p90=208, p99=224
nexmark_src_bufSize_3 stats (820 samples): dur=10.003904618s, p50=50164, p90=54141, p99=58912
srcGen_3 stats (160048 samples): dur=10.003598051s, p50=6, p90=16, p99=1729
nexmark_src_bufEntry_3 stats (815 samples): dur=10.002136807s, p50=192, p90=208, p99=224
nexmark_src_bufSize_3 stats (815 samples): dur=10.00213451s, p50=50173, p90=54422, p99=58265
srcGen_3 stats (160064 samples): dur=10.0027679s, p50=6, p90=16, p99=1841
nexmark_src_bufEntry_3 stats (820 samples): dur=10.005992608s, p50=192, p90=208, p99=224
nexmark_src_bufSize_3 stats (820 samples): dur=10.005996945s, p50=50217, p90=54217, p99=57762
[3] chkmngr has terminated
generate stream end mark with tag: 404b3c06f60bdf03
[3] all stopped
