wait for last: true
warmup: 0
config: map[NodeConstraint:"1,2,3,4" NumInstance:4 OutputTopicName:["nexmark_src"] funcName:"source"]
config: map[InputTopicNames:["nexmark_src"] NodeConstraint:"5,6,7,8" NumInstance:4 NumSrcProducer:[1] OutputTopicName:["q8_aucsBySellerID_out","q8_personsByID_out"] funcName:"q8GroupBy"]
config: map[InputTopicNames:["q8_aucsBySellerID_out","q8_personsByID_out"] NodeConstraint:"5,6,7,8" NumInstance:4 NumSrcProducer:[4,4] OutputTopicName:["q8_out"] funcName:"q8JoinStream"]
srcInvokeConfig: {TopicName:nexmark_src AppId:q8 NodeConstraint:1,2,3,4 ScaleEpoch:0 NumOutPartition:4 InstanceID:0 NumSrcInstance:4}
encoded json is {"sg":{"changelog":4,"nexmark_src":4,"q8GroupBy":4,"q8JoinStream":4,"q8_aucsBySellerID_out":4,"q8_out":4,"q8_personsByID_out":4,"source":4},"aid":"q8","fns":["source","q8GroupBy","q8JoinStream"],"epoch":1,"serdeFormat":1,"bs":true}, node constraint is 1
cliNodes: [0xc0000ce220 0xc0000ce280]
inParamsMap: map[q8GroupBy:[0xc0000b2be0 0xc0000b2c80 0xc0000b2d20 0xc0000b2dc0] q8JoinStream:[0xc0000b2e60 0xc0000b2f00 0xc0000b2fa0 0xc0000b3040]]
configScaleInput: {Config:map[changelog:4 nexmark_src:4 q8GroupBy:4 q8JoinStream:4 q8_aucsBySellerID_out:4 q8_out:4 q8_personsByID_out:4 source:4] AppId:q8 FuncNames:[source q8GroupBy q8JoinStream] ScaleEpoch:0 SerdeFormat:1 Bootstrap:false}
func source url is http://ip-172-31-5-102.us-east-2.compute.internal:8080/function/source
src instance: 4
func source url is http://ip-172-31-5-102.us-east-2.compute.internal:8080/function/source
func source url is http://ip-172-31-5-102.us-east-2.compute.internal:8080/function/source
func source url is http://ip-172-31-5-102.us-east-2.compute.internal:8080/function/source
encoded json is {"topic_name":"nexmark_src","rate_shape":"square","aid":"q8","events_num":23040000,"rate_period":10000000000,"bid_avg_size":100,"first_event_rate":128000,"next_event_rate":128000,"person_avg_size":200,"auction_avg_size":500,"duration":180,"person_proportion":1,"auction_proportion":3,"bid_proportion":46,"bid_hot_ratio_auctions":2,"bid_hot_ratio_bidders":4,"auction_hot_ratio_sellers":4,"flushms":100,"rate_limited":false,"waitEnd":true,"serde_format":1,"numOutPar":4,"parNum":3,"nSrcIns":4}, node constraint is 1,2,3,4
encoded json is {"topic_name":"nexmark_src","rate_shape":"square","aid":"q8","events_num":23040000,"rate_period":10000000000,"bid_avg_size":100,"first_event_rate":128000,"next_event_rate":128000,"person_avg_size":200,"auction_avg_size":500,"duration":180,"person_proportion":1,"auction_proportion":3,"bid_proportion":46,"bid_hot_ratio_auctions":2,"bid_hot_ratio_bidders":4,"auction_hot_ratio_sellers":4,"flushms":100,"rate_limited":false,"waitEnd":true,"serde_format":1,"numOutPar":4,"parNum":2,"nSrcIns":4}, node constraint is 1,2,3,4
encoded json is {"topic_name":"nexmark_src","rate_shape":"square","aid":"q8","events_num":23040000,"rate_period":10000000000,"bid_avg_size":100,"first_event_rate":128000,"next_event_rate":128000,"person_avg_size":200,"auction_avg_size":500,"duration":180,"person_proportion":1,"auction_proportion":3,"bid_proportion":46,"bid_hot_ratio_auctions":2,"bid_hot_ratio_bidders":4,"auction_hot_ratio_sellers":4,"flushms":100,"rate_limited":false,"waitEnd":true,"serde_format":1,"numOutPar":4,"parNum":1,"nSrcIns":4}, node constraint is 1,2,3,4
encoded json is {"topic_name":"nexmark_src","rate_shape":"square","aid":"q8","events_num":23040000,"rate_period":10000000000,"bid_avg_size":100,"first_event_rate":128000,"next_event_rate":128000,"person_avg_size":200,"auction_avg_size":500,"duration":180,"person_proportion":1,"auction_proportion":3,"bid_proportion":46,"bid_hot_ratio_auctions":2,"bid_hot_ratio_bidders":4,"auction_hot_ratio_sellers":4,"flushms":100,"rate_limited":false,"waitEnd":true,"serde_format":1,"numOutPar":4,"nSrcIns":4}, node constraint is 1,2,3,4
Waiting for all client to return
func name is q8GroupBy
func url is http://ip-172-31-5-102.us-east-2.compute.internal:8080/function/q8GroupBy
func name is q8GroupBy
func url is http://ip-172-31-5-102.us-east-2.compute.internal:8080/function/q8GroupBy
func name is q8GroupBy
func url is http://ip-172-31-5-102.us-east-2.compute.internal:8080/function/q8GroupBy
func name is q8GroupBy
func url is http://ip-172-31-5-102.us-east-2.compute.internal:8080/function/q8GroupBy
func name is q8JoinStream
func url is http://ip-172-31-5-102.us-east-2.compute.internal:8080/function/q8JoinStream
func name is q8JoinStream
func url is http://ip-172-31-5-102.us-east-2.compute.internal:8080/function/q8JoinStream
func name is q8JoinStream
func url is http://ip-172-31-5-102.us-east-2.compute.internal:8080/function/q8JoinStream
func name is q8JoinStream
func url is http://ip-172-31-5-102.us-east-2.compute.internal:8080/function/q8JoinStream
encoded json is {"aid":"q8","numOutPartition":"BAQ=","numSubstreamProducer":"AQ==","outputTopicName":["q8_aucsBySellerID_out","q8_personsByID_out"],"inputTopicName":["nexmark_src"],"commEveryMs":100,"flushMs":100,"snapEveryS":10,"duration":180,"epoch":1,"waitEnd":true,"numChangelogPartition":4,"numInPartition":4,"gua":3,"serdeFormat":1}, node constraint is 5,6,7,8
encoded json is {"aid":"q8","numOutPartition":"BA==","numSubstreamProducer":"BAQ=","outputTopicName":["q8_out"],"inputTopicName":["q8_aucsBySellerID_out","q8_personsByID_out"],"commEveryMs":100,"flushMs":100,"snapEveryS":10,"duration":180,"epoch":1,"waitEnd":true,"numChangelogPartition":4,"numInPartition":4,"gua":3,"serdeFormat":1}, node constraint is 5,6,7,8
encoded json is {"aid":"q8","numOutPartition":"BA==","numSubstreamProducer":"BAQ=","outputTopicName":["q8_out"],"inputTopicName":["q8_aucsBySellerID_out","q8_personsByID_out"],"commEveryMs":100,"flushMs":100,"snapEveryS":10,"duration":180,"epoch":1,"waitEnd":true,"numChangelogPartition":4,"numInPartition":4,"ParNum":2,"gua":3,"serdeFormat":1}, node constraint is 5,6,7,8
encoded json is {"aid":"q8","numOutPartition":"BA==","numSubstreamProducer":"BAQ=","outputTopicName":["q8_out"],"inputTopicName":["q8_aucsBySellerID_out","q8_personsByID_out"],"commEveryMs":100,"flushMs":100,"snapEveryS":10,"duration":180,"epoch":1,"waitEnd":true,"numChangelogPartition":4,"numInPartition":4,"ParNum":1,"gua":3,"serdeFormat":1}, node constraint is 5,6,7,8
encoded json is {"aid":"q8","numOutPartition":"BA==","numSubstreamProducer":"BAQ=","outputTopicName":["q8_out"],"inputTopicName":["q8_aucsBySellerID_out","q8_personsByID_out"],"commEveryMs":100,"flushMs":100,"snapEveryS":10,"duration":180,"epoch":1,"waitEnd":true,"numChangelogPartition":4,"numInPartition":4,"ParNum":3,"gua":3,"serdeFormat":1}, node constraint is 5,6,7,8
encoded json is {"aid":"q8","numOutPartition":"BAQ=","numSubstreamProducer":"AQ==","outputTopicName":["q8_aucsBySellerID_out","q8_personsByID_out"],"inputTopicName":["nexmark_src"],"commEveryMs":100,"flushMs":100,"snapEveryS":10,"duration":180,"epoch":1,"waitEnd":true,"numChangelogPartition":4,"numInPartition":4,"ParNum":1,"gua":3,"serdeFormat":1}, node constraint is 5,6,7,8
encoded json is {"aid":"q8","numOutPartition":"BAQ=","numSubstreamProducer":"AQ==","outputTopicName":["q8_aucsBySellerID_out","q8_personsByID_out"],"inputTopicName":["nexmark_src"],"commEveryMs":100,"flushMs":100,"snapEveryS":10,"duration":180,"epoch":1,"waitEnd":true,"numChangelogPartition":4,"numInPartition":4,"ParNum":3,"gua":3,"serdeFormat":1}, node constraint is 5,6,7,8
encoded json is {"aid":"q8","numOutPartition":"BAQ=","numSubstreamProducer":"AQ==","outputTopicName":["q8_aucsBySellerID_out","q8_personsByID_out"],"inputTopicName":["nexmark_src"],"commEveryMs":100,"flushMs":100,"snapEveryS":10,"duration":180,"epoch":1,"waitEnd":true,"numChangelogPartition":4,"numInPartition":4,"ParNum":2,"gua":3,"serdeFormat":1}, node constraint is 5,6,7,8
source-3 invoke done
source-1 invoke done
source-0 invoke done
source-2 invoke done
q8GroupBy-3 call done
q8GroupBy-2 call done
q8GroupBy-1 call done
q8GroupBy-0 call done
q8JoinStream-0 call done
q8JoinStream-1 call done
q8JoinStream-2 call done
q8JoinStream-3 call done
sink processed: 5760001, throughput: (event/s) 31999.29320293437
sink_ctrl processed: 1, throughput: (event/s) 0.0055554318832469595
source-0 duration: 180.004007072

sink processed: 5760001, throughput: (event/s) 31999.680527333847
sink_ctrl processed: 1, throughput: (event/s) 0.005555499127054639
source-1 duration: 180.001828302

sink processed: 5760001, throughput: (event/s) 31999.279197517197
sink_ctrl processed: 1, throughput: (event/s) 0.005555429451751344
source-2 duration: 180.004085856

sink processed: 5759969, throughput: (event/s) 31999.300806892228
sink_ctrl processed: 1, throughput: (event/s) 0.005555464067062206
source-3 duration: 180.002964276

sink processed 23039972 events, duration: 180.004085856, tp: 127996.939016
sink_ctrl processed 4 events, duration: 180.004085856, tp: 0.022222

nexmark_src_src_epoch processed: 0, throughput: (event/s) 0
nexmark_src_src_logEntry processed: 12295, throughput: (event/s) 68.28696769878657
personsByIDSink processed: 115200, throughput: (event/s) 639.8258380561376
auctionsBySellerIDSink processed: 345600, throughput: (event/s) 1919.4775141684129
nexmark_src_src processed: 5760001, throughput: (event/s) 31991.297456850618
nexmark_src_src_ctrl processed: 1, throughput: (event/s) 0.005554043733126195
nexmark_src_src_data processed: 5760000, throughput: (event/s) 31991.291902806883
q8GroupBy-0 duration: 180.04899638

personsByIDSink processed: 115200, throughput: (event/s) 639.8479676617213
auctionsBySellerIDSink processed: 345600, throughput: (event/s) 1919.543902985164
nexmark_src_src processed: 5760001, throughput: (event/s) 31992.4039373219
nexmark_src_src_ctrl processed: 1, throughput: (event/s) 0.005554235830396887
nexmark_src_src_data processed: 5760000, throughput: (event/s) 31992.398383086067
nexmark_src_src_epoch processed: 0, throughput: (event/s) 0
nexmark_src_src_logEntry processed: 12306, throughput: (event/s) 68.35042612886409
q8GroupBy-1 duration: 180.042769255

nexmark_src_src processed: 5760001, throughput: (event/s) 31993.076160437602
nexmark_src_src_ctrl processed: 1, throughput: (event/s) 0.005554352535778657
nexmark_src_src_data processed: 5760000, throughput: (event/s) 31993.070606085064
nexmark_src_src_epoch processed: 0, throughput: (event/s) 0
nexmark_src_src_logEntry processed: 12274, throughput: (event/s) 68.17412302414724
personsByIDSink processed: 115200, throughput: (event/s) 639.8614121217013
auctionsBySellerIDSink processed: 345600, throughput: (event/s) 1919.5842363651038
q8GroupBy-2 duration: 180.038986283

nexmark_src_src_ctrl processed: 1, throughput: (event/s) 0.005554582905781346
nexmark_src_src_data processed: 5759968, throughput: (event/s) 31994.21979064757
nexmark_src_src_epoch processed: 0, throughput: (event/s) 0
nexmark_src_src_logEntry processed: 12304, throughput: (event/s) 68.3435880727337
personsByIDSink processed: 115199, throughput: (event/s) 639.8823961631053
auctionsBySellerIDSink processed: 345599, throughput: (event/s) 1919.6582976551276
nexmark_src_src processed: 5759969, throughput: (event/s) 31994.22534523048
q8GroupBy-3 duration: 180.031519371

nexmark_src_src_epoch processed 0 events, duration: 180.04899638
nexmark_src_src_logEntry processed 49179 events, duration: 180.04899638
personsByIDSink processed 460799 events, duration: 180.04899638
auctionsBySellerIDSink processed 1382399 events, duration: 180.04899638
nexmark_src_src processed 23039972 events, duration: 180.04899638
nexmark_src_src_ctrl processed 4 events, duration: 180.04899638
nexmark_src_src_data processed 23039968 events, duration: 180.04899638

eventTimeLatency_sink, p50: 198 ms, p90: 476 ms, p99: 954 ms
auctionsBySellerIDSrc_ctrl processed: 4, throughput: (event/s) 0.022193613250256816
personsByIDSrc_logEntry processed: 5770, throughput: (event/s) 32.014287113495456
auctionsBySellerIDSrc_logEntry processed: 5921, throughput: (event/s) 32.85209601369265
personsByIDSrc_ctrl processed: 4, throughput: (event/s) 0.022193613250256816
personsByIDSrc_epoch processed: 5770, throughput: (event/s) 32.014287113495456
sink processed: 1342363, throughput: (event/s) 7447.971315863623
auctionsBySellerIDSrc processed: 341883, throughput: (event/s) 1896.904769709388
auctionsBySellerIDSrc_data processed: 336109, throughput: (event/s) 1864.868288982642
auctionsBySellerIDSrc_epoch processed: 5770, throughput: (event/s) 32.014287113495456
personsByIDSrc_data processed: 114828, throughput: (event/s) 637.1120555751224
personsByIDSrc processed: 120602, throughput: (event/s) 669.1485363018681
q8JoinStream-0 duration: 180.232031391

eventTimeLatency_sink, p50: 192 ms, p90: 439 ms, p99: 859 ms
auctionsBySellerIDSrc_ctrl processed: 4, throughput: (event/s) 0.02218669693313621
personsByIDSrc_data processed: 115564, throughput: (event/s) 640.9958610952383
personsByIDSrc_logEntry processed: 5770, throughput: (event/s) 32.00431032604899
auctionsBySellerIDSrc processed: 348092, throughput: (event/s) 1930.7529272123124
auctionsBySellerIDSrc_epoch processed: 5770, throughput: (event/s) 32.00431032604899
auctionsBySellerIDSrc_logEntry processed: 5957, throughput: (event/s) 33.0415384076731
auctionsBySellerIDSrc_data processed: 342318, throughput: (event/s) 1898.7264301893304
personsByIDSrc processed: 121338, throughput: (event/s) 673.0223581182204
sink processed: 1370922, throughput: (event/s) 7604.05773324224
personsByIDSrc_ctrl processed: 4, throughput: (event/s) 0.02218669693313621
personsByIDSrc_epoch processed: 5770, throughput: (event/s) 32.00431032604899
q8JoinStream-1 duration: 180.288215594

eventTimeLatency_sink, p50: 172 ms, p90: 362 ms, p99: 626 ms
auctionsBySellerIDSrc_logEntry processed: 5902, throughput: (event/s) 32.711615371536865
personsByIDSrc processed: 120373, throughput: (event/s) 667.1628731138609
sink processed: 1344759, throughput: (event/s) 7453.276715590062
personsByIDSrc_ctrl processed: 4, throughput: (event/s) 0.02216985114980472
personsByIDSrc_data processed: 114599, throughput: (event/s) 635.1606929791178
personsByIDSrc_epoch processed: 5770, throughput: (event/s) 31.98001028359331
auctionsBySellerIDSrc processed: 341473, throughput: (event/s) 1892.601395419317
auctionsBySellerIDSrc_data processed: 335699, throughput: (event/s) 1860.5992152845738
auctionsBySellerIDSrc_epoch processed: 5770, throughput: (event/s) 31.98001028359331
auctionsBySellerIDSrc_ctrl processed: 4, throughput: (event/s) 0.02216985114980472
personsByIDSrc_logEntry processed: 5770, throughput: (event/s) 31.98001028359331
q8JoinStream-2 duration: 180.425207773

eventTimeLatency_sink, p50: 202 ms, p90: 573 ms, p99: 1112 ms
auctionsBySellerIDSrc_epoch processed: 5770, throughput: (event/s) 31.998919005219975
auctionsBySellerIDSrc_logEntry processed: 5977, throughput: (event/s) 33.146887156707066
personsByIDSrc_ctrl processed: 4, throughput: (event/s) 0.022182959449025978
personsByIDSrc_data processed: 115808, throughput: (event/s) 642.2410419682001
auctionsBySellerIDSrc processed: 374047, throughput: (event/s) 2074.367358257455
auctionsBySellerIDSrc_ctrl processed: 4, throughput: (event/s) 0.022182959449025978
personsByIDSrc processed: 121582, throughput: (event/s) 674.2621439328691
personsByIDSrc_epoch processed: 5770, throughput: (event/s) 31.998919005219975
auctionsBySellerIDSrc_data processed: 368273, throughput: (event/s) 2042.346256292786
personsByIDSrc_logEntry processed: 5770, throughput: (event/s) 31.998919005219975
sink processed: 1474646, throughput: (event/s) 8178.00310491709
q8JoinStream-3 duration: 180.318591358

auctionsBySellerIDSrc_data processed 1382399 events, duration: 180.425207773
personsByIDSrc_data processed 460799 events, duration: 180.425207773
personsByIDSrc processed 483895 events, duration: 180.425207773
auctionsBySellerIDSrc_logEntry processed 23757 events, duration: 180.425207773
personsByIDSrc_epoch processed 23080 events, duration: 180.425207773
sink processed 5532690 events, duration: 180.425207773
auctionsBySellerIDSrc processed 1405495 events, duration: 180.425207773
auctionsBySellerIDSrc_ctrl processed 16 events, duration: 180.425207773
personsByIDSrc_logEntry processed 23080 events, duration: 180.425207773
personsByIDSrc_ctrl processed 16 events, duration: 180.425207773
auctionsBySellerIDSrc_epoch processed 23080 events, duration: 180.425207773

