wait for last: true, sink max_buf_size: 131072
warmup: 0
config: map[NodeConstraint:"1,2,3,4" NumInstance:4 OutputTopicName:["nexmark_src"] funcName:"source"]
config: map[Final:true InputTopicNames:["nexmark_src"] NodeConstraint:"5,6,7,8" NumInstance:4 NumSrcProducer:[1] OutputTopicName:["fanout_out"] funcName:"fanout"]
srcInvokeConfig: &{FinalTpNames:[fanout_out] TopicName:nexmark_src AppId:fanout NodeConstraint:1,2,3,4 AdditionalBytes:0 ScaleEpoch:0 NumOutPartition:4 InstanceID:0 NumSrcInstance:4}
cliNodes: [0xc000026160]
inParamsMap: map[fanout:[0xc00007eaa0 0xc00007eb40 0xc00007ebe0 0xc00007ec80]]
configScaleInput: &{Config:map[fanout:4 fanout_out:64 nexmark_src:4 source:4] AppId:fanout FuncNames:[source fanout] BufMaxSize:131072 ScaleEpoch:0 SerdeFormat:1 Bootstrap:false}
encoded json is {"sg":{"fanout":4,"fanout_out":64,"nexmark_src":4,"source":4},"aid":"fanout","fns":["source","fanout"],"bufMaxSize":131072,"epoch":1,"serdeFormat":1,"bs":true}, node constraint is 1
src instance: 4
func source url is http://ip-172-31-7-113.us-east-2.compute.internal:8080/function/source
func source url is http://ip-172-31-7-113.us-east-2.compute.internal:8080/function/source
func source url is http://ip-172-31-7-113.us-east-2.compute.internal:8080/function/source
func source url is http://ip-172-31-7-113.us-east-2.compute.internal:8080/function/source
encoded json is {"topic_name":"nexmark_src","rate_shape":"square","aid":"fanout","events_num":46080000,"rate_period":10000000000,"finOutTpNs":["fanout_out"],"first_event_rate":256000,"next_event_rate":256000,"bid_avg_size":100,"person_avg_size":200,"auction_avg_size":500,"duration":180,"person_proportion":1,"auction_proportion":3,"bid_proportion":46,"bid_hot_ratio_auctions":2,"bid_hot_ratio_bidders":4,"auction_hot_ratio_sellers":4,"flushms":10,"bufMaxSize":131072,"commEveryMs":100,"rate_limited":false,"waitEnd":true,"serde_format":1,"numOutPar":4,"parNum":3,"nSrcIns":4,"gua":3}, node constraint is 1,2,3,4
encoded json is {"topic_name":"nexmark_src","rate_shape":"square","aid":"fanout","events_num":46080000,"rate_period":10000000000,"finOutTpNs":["fanout_out"],"first_event_rate":256000,"next_event_rate":256000,"bid_avg_size":100,"person_avg_size":200,"auction_avg_size":500,"duration":180,"person_proportion":1,"auction_proportion":3,"bid_proportion":46,"bid_hot_ratio_auctions":2,"bid_hot_ratio_bidders":4,"auction_hot_ratio_sellers":4,"flushms":10,"bufMaxSize":131072,"commEveryMs":100,"rate_limited":false,"waitEnd":true,"serde_format":1,"numOutPar":4,"parNum":1,"nSrcIns":4,"gua":3}, node constraint is 1,2,3,4
encoded json is {"topic_name":"nexmark_src","rate_shape":"square","aid":"fanout","events_num":46080000,"rate_period":10000000000,"finOutTpNs":["fanout_out"],"first_event_rate":256000,"next_event_rate":256000,"bid_avg_size":100,"person_avg_size":200,"auction_avg_size":500,"duration":180,"person_proportion":1,"auction_proportion":3,"bid_proportion":46,"bid_hot_ratio_auctions":2,"bid_hot_ratio_bidders":4,"auction_hot_ratio_sellers":4,"flushms":10,"bufMaxSize":131072,"commEveryMs":100,"rate_limited":false,"waitEnd":true,"serde_format":1,"numOutPar":4,"parNum":2,"nSrcIns":4,"gua":3}, node constraint is 1,2,3,4
encoded json is {"topic_name":"nexmark_src","rate_shape":"square","aid":"fanout","events_num":46080000,"rate_period":10000000000,"finOutTpNs":["fanout_out"],"first_event_rate":256000,"next_event_rate":256000,"bid_avg_size":100,"person_avg_size":200,"auction_avg_size":500,"duration":180,"person_proportion":1,"auction_proportion":3,"bid_proportion":46,"bid_hot_ratio_auctions":2,"bid_hot_ratio_bidders":4,"auction_hot_ratio_sellers":4,"flushms":10,"bufMaxSize":131072,"commEveryMs":100,"rate_limited":false,"waitEnd":true,"serde_format":1,"numOutPar":4,"nSrcIns":4,"gua":3}, node constraint is 1,2,3,4
Waiting for all client to return
func name is fanout
func url is http://ip-172-31-7-113.us-east-2.compute.internal:8080/function/fanout
func name is fanout
func url is http://ip-172-31-7-113.us-east-2.compute.internal:8080/function/fanout
func name is fanout
func url is http://ip-172-31-7-113.us-east-2.compute.internal:8080/function/fanout
func name is fanout
func url is http://ip-172-31-7-113.us-east-2.compute.internal:8080/function/fanout
encoded json is {"aid":"fanout","numOutPartition":"QA==","numSubstreamProducer":"AQ==","outputTopicName":["fanout_out"],"inputTopicName":["nexmark_src"],"commEveryMs":100,"flushMs":100,"duration":180,"bufMaxSize":131072,"epoch":1,"waitEnd":true,"numInPartition":4,"ParNum":3,"gua":3,"serdeFormat":1}, node constraint is 5,6,7,8
encoded json is {"aid":"fanout","numOutPartition":"QA==","numSubstreamProducer":"AQ==","outputTopicName":["fanout_out"],"inputTopicName":["nexmark_src"],"commEveryMs":100,"flushMs":100,"duration":180,"bufMaxSize":131072,"epoch":1,"waitEnd":true,"numInPartition":4,"ParNum":1,"gua":3,"serdeFormat":1}, node constraint is 5,6,7,8
encoded json is {"aid":"fanout","numOutPartition":"QA==","numSubstreamProducer":"AQ==","outputTopicName":["fanout_out"],"inputTopicName":["nexmark_src"],"commEveryMs":100,"flushMs":100,"duration":180,"bufMaxSize":131072,"epoch":1,"waitEnd":true,"numInPartition":4,"ParNum":2,"gua":3,"serdeFormat":1}, node constraint is 5,6,7,8
encoded json is {"aid":"fanout","numOutPartition":"QA==","numSubstreamProducer":"AQ==","outputTopicName":["fanout_out"],"inputTopicName":["nexmark_src"],"commEveryMs":100,"flushMs":100,"duration":180,"bufMaxSize":131072,"epoch":1,"waitEnd":true,"numInPartition":4,"gua":3,"serdeFormat":1}, node constraint is 5,6,7,8
source-3 invoke done
source-1 invoke done
source-0 invoke done
source-2 invoke done
fanout-1 call done
fanout-0 call done
fanout-2 call done
fanout-3 call done
sink processed: 11519960, throughput: (event/s) 63998.91469445855
sink_ctrl processed: 1, throughput: (event/s) 0.005555480634868398
source-0 duration: 180.002427463

sink processed: 11520001, throughput: (event/s) 63999.066907551955
sink_ctrl processed: 1, throughput: (event/s) 0.005555474075701204
source-1 duration: 180.002639986

sink processed: 11519745, throughput: (event/s) 63983.300009297694
sink_ctrl processed: 1, throughput: (event/s) 0.005554228848754699
source-2 duration: 180.042995568

sink processed: 11519937, throughput: (event/s) 63998.50380244097
sink_ctrl processed: 1, throughput: (event/s) 0.005555456058695544
source-3 duration: 180.003223756

sink processed 46079643 events, duration: 180.042995568, tp: 255936.882491
sink_ctrl processed 4 events, duration: 180.042995568, tp: 0.022217

eventTimeLatency_fanoutSink, p50: 37 ms, p90: 98 ms, p99: 156 ms
nexmark_src_src_data processed: 11519959, throughput: (event/s) 63905.27596071792
nexmark_src_src_epoch processed: 0, throughput: (event/s) 0
nexmark_src_src_logEntry processed: 30355, throughput: (event/s) 168.38989199419828
fanoutSink processed: 11519959, throughput: (event/s) 63905.27596071792
nexmark_src_src processed: 11519960, throughput: (event/s) 63905.28150807065
nexmark_src_src_ctrl processed: 1, throughput: (event/s) 0.005547352725883653
fanout-0 duration: 180.266164676

eventTimeLatency_fanoutSink, p50: 37 ms, p90: 99 ms, p99: 152 ms
nexmark_src_src_data processed: 11520000, throughput: (event/s) 63916.009392413194
nexmark_src_src_epoch processed: 0, throughput: (event/s) 0
nexmark_src_src_logEntry processed: 30356, throughput: (event/s) 168.4231233607721
fanoutSink processed: 11520000, throughput: (event/s) 63916.009392413194
nexmark_src_src processed: 11520001, throughput: (event/s) 63916.014940677895
nexmark_src_src_ctrl processed: 1, throughput: (event/s) 0.005548264704202534
fanout-1 duration: 180.236534

eventTimeLatency_fanoutSink, p50: 38 ms, p90: 99 ms, p99: 159 ms
nexmark_src_src_data processed: 11519744, throughput: (event/s) 63873.640376532654
nexmark_src_src_epoch processed: 0, throughput: (event/s) 0
nexmark_src_src_logEntry processed: 30451, throughput: (event/s) 168.84196585495266
fanoutSink processed: 11519744, throughput: (event/s) 63873.640376532654
nexmark_src_src processed: 11519745, throughput: (event/s) 63873.645921242714
nexmark_src_src_ctrl processed: 1, throughput: (event/s) 0.005544710054019661
fanout-2 duration: 180.35208158

eventTimeLatency_fanoutSink, p50: 36 ms, p90: 98 ms, p99: 155 ms
fanoutSink processed: 11519936, throughput: (event/s) 63904.554912646214
nexmark_src_src processed: 11519937, throughput: (event/s) 63904.560459947425
nexmark_src_src_ctrl processed: 1, throughput: (event/s) 0.005547301210062818
nexmark_src_src_data processed: 11519936, throughput: (event/s) 63904.554912646214
nexmark_src_src_epoch processed: 0, throughput: (event/s) 0
nexmark_src_src_logEntry processed: 29939, throughput: (event/s) 166.0806509280707
fanout-3 duration: 180.267838744

nexmark_src_src_data processed 46079639 events, duration: 180.35208158
nexmark_src_src_epoch processed 0 events, duration: 180.35208158
nexmark_src_src_logEntry processed 121101 events, duration: 180.35208158
fanoutSink processed 46079639 events, duration: 180.35208158
nexmark_src_src processed 46079643 events, duration: 180.35208158
nexmark_src_src_ctrl processed 4 events, duration: 180.35208158

