parallel restore str: , false
env str: , async2ndPhase: false
env str: , create snapshot: false
2024/03/03 07:43:01 [INFO] Load configuration for function scale[40]
2024/03/03 07:43:01 [INFO] Load configuration for function chkptmngr[60]
2024/03/03 07:43:01 [INFO] Load configuration for function redisSetup[70]
2024/03/03 07:43:01 [INFO] Load configuration for function source[20]
2024/03/03 07:43:01 [INFO] Load configuration for function query1[30]
2024/03/03 07:43:01 [INFO] Parse FAAS_ENGINE_ID: 4
2024/03/03 07:43:01 [INFO] Parse FAAS_ENGINE_ID: 4
2024/03/03 07:43:01 [INFO] Current GOMAXPROCS is 2
2024/03/03 07:43:01 [INFO] Parse FAAS_ENGINE_ID: 4
2024/03/03 07:43:01 [INFO] Current GOMAXPROCS is 3
2024/03/03 07:43:01 [INFO] Parse FAAS_ENGINE_ID: 4
2024/03/03 07:43:01 [INFO] Current GOMAXPROCS is 4
2024/03/03 07:43:01 [INFO] Start new FuncWorker with client id 8
2024/03/03 07:43:01 [INFO] Start new FuncWorker with client id 9
2024/03/03 07:43:01 [INFO] Start new FuncWorker with client id 10
2024/03/03 07:43:01 [INFO] Start new FuncWorker with client id 11
Enter nexmark: funcName: source
2024/03/03 07:43:01 [INFO] Handshake with engine done
Enter nexmark: funcName: source
2024/03/03 07:43:01 [INFO] Handshake with engine done
Enter nexmark: funcName: source
2024/03/03 07:43:01 [INFO] Handshake with engine done
Enter nexmark: funcName: source
2024/03/03 07:43:01 [INFO] Handshake with engine done
redis address is [snapcache-1:6666 snapcache-2:6666 snapcache-3:6666 snapcache-4:6666]
new buffered sink stream nexmark_src[0] with bufMaxSize 131072
new buffered sink stream nexmark_src[1] with bufMaxSize 131072
new buffered sink stream nexmark_src[2] with bufMaxSize 131072
new buffered sink stream nexmark_src[3] with bufMaxSize 131072
Generator config: 
	InterEventDelayUs: [62.5]
	EventPerEpoch    : 0
	MaxEvents        : 11520000
	FirstEventNumber : 1
	EpochPeriodMs    : 0
	StepLengthSec    : 5
	BaseTime         : 1709451905597
	FirstEventId     : 1
	TotalProportion  : 50
	BidProportion    : 46
	AuctionProportion: 3
	PersonProportion : 1
Nexmark config: 
	NumEvents            : 11520000
	NumEventGenerators   : 4
	RateShape            : 0
	FirstEventRate       : 64000
	NextEventRate        : 64000
	RateUnit             : 1000000
	RatePeriodSec        : 10
	PreloadSeconds       : 0
	StreamTimeout        : 240
	IsRateLimited        : false
	UseWallclockEventTime: false
	AvgPersonByteSize    : 200
	AvgAuctionByteSize   : 500
	AvgBidByteSize       : 100
	HotAuctionRatio      : 2
	HotSellersRatio      : 4
	HotBiddersRatio      : 4
	WindowSizeSec        : 10
	WindowPeriodSec      : 5
	WatermarkHoldbackSec : 0
	NumInFlightAuctions  : 100
	NumActivePeople      : 1000
	OccasionalDelaySec   : 3
	ProbDelayedEvent     : 0.1
	OutOfOrderGroupSize  : 1
Input config: 
	SrcTopicName   : nexmark_src
	AppId          : q1
	FinalOutTpNames: [q1_out]
	Duration(s)    : 180
	FlushMs        : 10
	BufMaxSize     : 131072
	CommitEveryMs  : 100
	WaitForEndMark : true
	SerdeFormat    : MSGP
	NumOutPartition: 4
	ParNum         : 2
	NumSrcInstance : 4
	Guarantee      : ALIGN_CHKPT
new buffered sink stream __control_log_q1[0] with bufMaxSize 131072
new buffered sink stream __control_log_q1[0] with bufMaxSize 131072
generate events to [2]
StartTs: 1709451905599
gen first chkpt
srcGen_2 stats (160000 samples): dur=10.00495147s, p50=7, p90=16, p99=1585
nexmark_src_bufEntry_2 stats (811 samples): dur=10.007881189s, p50=192, p90=208, p99=224
nexmark_src_bufSize_2 stats (811 samples): dur=10.007931506s, p50=49878, p90=53955, p99=58068
srcGen_2 stats (160080 samples): dur=10.003798229s, p50=6, p90=16, p99=1841
nexmark_src_bufEntry_2 stats (814 samples): dur=10.002985145s, p50=192, p90=208, p99=224
nexmark_src_bufSize_2 stats (814 samples): dur=10.003010527s, p50=49850, p90=53945, p99=58223
srcGen_2 stats (160064 samples): dur=10.00458256s, p50=6, p90=16, p99=1820
nexmark_src_bufEntry_2 stats (812 samples): dur=10.004270358s, p50=192, p90=208, p99=224
nexmark_src_bufSize_2 stats (812 samples): dur=10.004239329s, p50=49865, p90=53945, p99=57661
srcGen_2 stats (160070 samples): dur=10.002858885s, p50=6, p90=16, p99=1435
nexmark_src_bufEntry_2 stats (813 samples): dur=10.005380739s, p50=192, p90=208, p99=224
nexmark_src_bufSize_2 stats (813 samples): dur=10.005384277s, p50=49869, p90=53875, p99=57237
srcGen_2 stats (160042 samples): dur=10.003875149s, p50=7, p90=16, p99=1371
nexmark_src_bufEntry_2 stats (814 samples): dur=10.00670115s, p50=192, p90=208, p99=224
nexmark_src_bufSize_2 stats (814 samples): dur=10.006701637s, p50=49856, p90=53914, p99=57414
srcGen_2 stats (160070 samples): dur=10.002785113s, p50=7, p90=16, p99=1629
nexmark_src_bufEntry_2 stats (813 samples): dur=10.002675373s, p50=192, p90=208, p99=224
nexmark_src_bufSize_2 stats (813 samples): dur=10.00267275s, p50=49879, p90=53852, p99=57622
srcGen_2 stats (160042 samples): dur=10.003355414s, p50=7, p90=16, p99=1827
nexmark_src_bufEntry_2 stats (813 samples): dur=10.011308626s, p50=192, p90=208, p99=224
nexmark_src_bufSize_2 stats (813 samples): dur=10.011324869s, p50=50014, p90=54086, p99=57829
srcGen_2 stats (160048 samples): dur=10.003877617s, p50=7, p90=16, p99=1864
nexmark_src_bufEntry_2 stats (814 samples): dur=10.000768245s, p50=192, p90=208, p99=224
nexmark_src_bufSize_2 stats (814 samples): dur=10.000753907s, p50=50223, p90=54387, p99=58090
srcGen_2 stats (160064 samples): dur=10.002947486s, p50=6, p90=16, p99=1474
nexmark_src_bufEntry_2 stats (814 samples): dur=10.001684427s, p50=192, p90=208, p99=224
nexmark_src_bufSize_2 stats (814 samples): dur=10.001690468s, p50=50282, p90=54261, p99=58536
srcGen_2 stats (160048 samples): dur=10.003009218s, p50=6, p90=16, p99=1486
nexmark_src_bufEntry_2 stats (815 samples): dur=10.011609519s, p50=192, p90=208, p99=224
nexmark_src_bufSize_2 stats (815 samples): dur=10.011611026s, p50=50246, p90=54280, p99=58100
srcGen_2 stats (160048 samples): dur=10.003794075s, p50=7, p90=16, p99=1468
nexmark_src_bufEntry_2 stats (815 samples): dur=10.006371635s, p50=192, p90=208, p99=224
nexmark_src_bufSize_2 stats (815 samples): dur=10.006369774s, p50=50219, p90=54206, p99=57918
srcGen_2 stats (160064 samples): dur=10.004848025s, p50=7, p90=16, p99=1681
nexmark_src_bufEntry_2 stats (812 samples): dur=10.00892443s, p50=192, p90=208, p99=224
nexmark_src_bufSize_2 stats (812 samples): dur=10.008926272s, p50=50293, p90=54333, p99=58765
srcGen_2 stats (160080 samples): dur=10.005426339s, p50=6, p90=16, p99=1691
nexmark_src_bufEntry_2 stats (814 samples): dur=10.003003173s, p50=192, p90=208, p99=224
nexmark_src_bufSize_2 stats (814 samples): dur=10.002995704s, p50=50241, p90=54360, p99=58325
srcGen_2 stats (160080 samples): dur=10.004069447s, p50=7, p90=16, p99=1754
nexmark_src_bufEntry_2 stats (814 samples): dur=10.008086037s, p50=192, p90=208, p99=224
nexmark_src_bufSize_2 stats (814 samples): dur=10.008095496s, p50=50234, p90=54374, p99=57983
srcGen_2 stats (160064 samples): dur=10.003047663s, p50=7, p90=16, p99=1884
nexmark_src_bufEntry_2 stats (812 samples): dur=10.00239141s, p50=192, p90=208, p99=224
nexmark_src_bufSize_2 stats (812 samples): dur=10.002380881s, p50=50286, p90=54458, p99=58381
srcGen_2 stats (160048 samples): dur=10.003037489s, p50=6, p90=16, p99=1653
nexmark_src_bufEntry_2 stats (815 samples): dur=10.009612431s, p50=192, p90=208, p99=224
nexmark_src_bufSize_2 stats (815 samples): dur=10.009614989s, p50=50151, p90=54378, p99=57860
srcGen_2 stats (160048 samples): dur=10.004495595s, p50=7, p90=16, p99=1407
nexmark_src_bufEntry_2 stats (816 samples): dur=10.010290553s, p50=192, p90=208, p99=224
nexmark_src_bufSize_2 stats (816 samples): dur=10.010292417s, p50=50203, p90=54185, p99=57873
[2] chkmngr has terminated
generate stream end mark with tag: 404b3c06f60bdf02
[2] all stopped
