parallel restore str: , false
env str: , async2ndPhase: false
env str: , create snapshot: false
2024/03/03 11:41:50 [INFO] Load configuration for function scale[40]
2024/03/03 11:41:50 [INFO] Load configuration for function chkptmngr[50]
2024/03/03 11:41:50 [INFO] Load configuration for function redisSetup[70]
2024/03/03 11:41:50 [INFO] Load configuration for function source[20]
2024/03/03 11:41:50 [INFO] Load configuration for function query2[30]
2024/03/03 11:41:50 [INFO] Parse FAAS_ENGINE_ID: 5
2024/03/03 11:41:50 [INFO] Parse FAAS_ENGINE_ID: 5
2024/03/03 11:41:50 [INFO] Current GOMAXPROCS is 2
2024/03/03 11:41:50 [INFO] Parse FAAS_ENGINE_ID: 5
2024/03/03 11:41:50 [INFO] Current GOMAXPROCS is 3
2024/03/03 11:41:50 [INFO] Parse FAAS_ENGINE_ID: 5
2024/03/03 11:41:50 [INFO] Current GOMAXPROCS is 4
2024/03/03 11:41:50 [INFO] Start new FuncWorker with client id 7
2024/03/03 11:41:50 [INFO] Start new FuncWorker with client id 8
2024/03/03 11:41:50 [INFO] Start new FuncWorker with client id 10
2024/03/03 11:41:50 [INFO] Start new FuncWorker with client id 9
Enter nexmark: funcName: query2
2024/03/03 11:41:50 [INFO] Handshake with engine done
Enter nexmark: funcName: query2
2024/03/03 11:41:50 [INFO] Handshake with engine done
Enter nexmark: funcName: query2
Enter nexmark: funcName: query2
2024/03/03 11:41:50 [INFO] Handshake with engine done
2024/03/03 11:41:50 [INFO] Handshake with engine done
new buffered sink stream nexmark_src[0] with bufMaxSize 131072
new buffered sink stream nexmark_src[1] with bufMaxSize 131072
new buffered sink stream nexmark_src[2] with bufMaxSize 131072
new buffered sink stream nexmark_src[3] with bufMaxSize 131072
new buffered sink stream q2_out[0] with bufMaxSize 131072
new buffered sink stream q2_out[1] with bufMaxSize 131072
new buffered sink stream q2_out[2] with bufMaxSize 131072
new buffered sink stream q2_out[3] with bufMaxSize 131072
nexmark_src notEnded: map[2:{}], notScaleFence: map[2:{}]
redis address is [snapcache-1:6666 snapcache-2:6666 snapcache-3:6666 snapcache-4:6666]
new buffered sink stream __control_log_q2[0] with bufMaxSize 131072
new buffered sink stream __control_log_q2[0] with bufMaxSize 131072
[0] finished prev task source, funcName query2, meta epoch 0, current epoch 1, cmm instance 2, remain instances: map[]
[1] finished prev task source, funcName query2, meta epoch 0, current epoch 1, cmm instance 2, remain instances: map[]
[2] finished prev task source, funcName query2, meta epoch 0, current epoch 1, cmm instance 2, remain instances: map[]
[3] finished prev task source, funcName query2, meta epoch 0, current epoch 1, cmm instance 2, remain instances: map[]
[0] finished prev task query2, funcName query2, meta epoch 0, current epoch 1, cmm instance 2, remain instances: map[]
[2] prodId: ProducerId: {TaskId: 0x1400800000001, TaskEpoch: 0x1}, warmup time: 0s, flush every: 100ms, waitEndMark: true
nexmark_src_src counter: dur=10.006293325s, value=482896, rate=48259.22889882903 per second
q2_out_sink counter: dur=10.006246511s, value=3340, rate=333.79149677436925 per second
q2_out_sink stats (3340 samples): dur=10.006260908s, p50=0, p90=1, p99=2
q2_out_bufEntry_2 stats (200 samples): dur=11.661711551s, p50=10, p90=19, p99=273
q2_out_bufSize_2 stats (200 samples): dur=11.66175769s, p50=2580, p90=4916, p99=69540
nexmark_src_src counter: dur=10.002123337s, value=963066, rate=48006.80653714278 per second
q2_out_sink counter: dur=10.002161896s, value=6717, rate=337.6270085520719 per second
q2_out_sink stats (3377 samples): dur=10.002162003s, p50=0, p90=0, p99=1
q2_out_bufEntry_2 stats (200 samples): dur=11.540768788s, p50=10, p90=19, p99=513
q2_out_bufSize_2 stats (200 samples): dur=11.54075025s, p50=2624, p90=4851, p99=130893
WaitAlignTime_0(ms) stats (200 samples): dur=23.299311623s, p50=0, p90=0, p99=0
createChkpt_2(ms) stats (200 samples): dur=23.296803955s, p50=1, p90=6, p99=39
nexmark_src_src counter: dur=10.004898281s, value=1443393, rate=48009.183752739846 per second
q2_out_sink counter: dur=10.00484954s, value=10863, rate=414.3990355301235 per second
q2_out_sink stats (4146 samples): dur=10.004850626s, p50=0, p90=0, p99=1
q2_out_bufEntry_2 stats (200 samples): dur=11.548549118s, p50=10, p90=19, p99=478
q2_out_bufSize_2 stats (200 samples): dur=11.54854434s, p50=2630, p90=4934, p99=121683
nexmark_src_src counter: dur=10.000556519s, value=1923462, rate=48004.228473477415 per second
q2_out_sink counter: dur=10.010353413s, value=14257, rate=339.0489686000859 per second
q2_out_sink stats (3394 samples): dur=10.010356477s, p50=0, p90=1, p99=1
q2_out_bufEntry_2 stats (200 samples): dur=11.390584407s, p50=10, p90=20, p99=244
q2_out_bufSize_2 stats (200 samples): dur=11.390584268s, p50=2542, p90=5135, p99=63053
WaitAlignTime_0(ms) stats (200 samples): dur=23.271307391s, p50=0, p90=0, p99=0
createChkpt_2(ms) stats (200 samples): dur=23.271697928s, p50=1, p90=11, p99=57
nexmark_src_src counter: dur=10.010045097s, value=2404055, rate=48011.07241205469 per second
q2_out_sink counter: dur=10.000254696s, value=17581, rate=332.39153412058255 per second
q2_out_sink stats (3324 samples): dur=10.000251295s, p50=0, p90=1, p99=1
q2_out_bufEntry_2 stats (200 samples): dur=11.54739804s, p50=10, p90=21, p99=504
q2_out_bufSize_2 stats (200 samples): dur=11.547401547s, p50=2630, p90=5208, p99=128923
nexmark_src_src counter: dur=10.001556151s, value=2884256, rate=48012.62851001315 per second
q2_out_sink counter: dur=10.001579015s, value=21757, rate=417.5340707439284 per second
q2_out_sink stats (4176 samples): dur=10.001580408s, p50=0, p90=1, p99=1
q2_out_bufEntry_2 stats (200 samples): dur=11.643333906s, p50=10, p90=20, p99=487
q2_out_bufSize_2 stats (200 samples): dur=11.643330624s, p50=2592, p90=5137, p99=126438
WaitAlignTime_0(ms) stats (200 samples): dur=23.302818542s, p50=0, p90=0, p99=0
createChkpt_2(ms) stats (200 samples): dur=23.302539999s, p50=1, p90=7, p99=46
nexmark_src_src counter: dur=10.004675124s, value=3364526, rate=48004.55727421779 per second
q2_out_sink counter: dur=10.004635038s, value=25107, rate=334.8447981636409 per second
q2_out_sink stats (3350 samples): dur=10.004631317s, p50=0, p90=1, p99=1
nexmark_src_src counter: dur=10.034923934s, value=3844644, rate=47844.70745944371 per second
q2_out_sink counter: dur=10.034943044s, value=28500, rate=338.11851099929373 per second
q2_out_sink stats (3393 samples): dur=10.034945745s, p50=0, p90=1, p99=1
q2_out_bufEntry_2 stats (200 samples): dur=11.5601784s, p50=10, p90=19, p99=505
q2_out_bufSize_2 stats (200 samples): dur=11.560179141s, p50=2690, p90=4836, p99=130928
nexmark_src_src counter: dur=10.002914012s, value=4326557, rate=48177.26108830616 per second
q2_out_sink counter: dur=10.002980454s, value=32622, rate=412.0771822913731 per second
q2_out_sink stats (4122 samples): dur=10.002986123s, p50=0, p90=0, p99=1
q2_out_bufEntry_2 stats (200 samples): dur=11.401332832s, p50=10, p90=20, p99=286
q2_out_bufSize_2 stats (200 samples): dur=11.401331249s, p50=2563, p90=5055, p99=74005
WaitAlignTime_0(ms) stats (200 samples): dur=22.962305626s, p50=0, p90=0, p99=0
createChkpt_2(ms) stats (200 samples): dur=22.962158683s, p50=1, p90=8, p99=36
nexmark_src_src counter: dur=10.00904251s, value=4807044, rate=48005.29116745653 per second
q2_out_sink counter: dur=10.009452134s, value=36058, rate=343.275531367859 per second
q2_out_sink stats (3436 samples): dur=10.009450441s, p50=0, p90=0, p99=1
q2_out_bufEntry_2 stats (200 samples): dur=11.598684436s, p50=10, p90=21, p99=427
q2_out_bufSize_2 stats (200 samples): dur=11.598685457s, p50=2661, p90=5400, p99=110192
nexmark_src_src counter: dur=10.007581029s, value=5287520, rate=48011.202568100634 per second
q2_out_sink counter: dur=10.007091402s, value=39503, rate=344.25587432043324 per second
q2_out_sink stats (3445 samples): dur=10.007083726s, p50=0, p90=0, p99=1
q2_out_bufEntry_2 stats (200 samples): dur=11.483474166s, p50=10, p90=20, p99=480
q2_out_bufSize_2 stats (200 samples): dur=11.48347146s, p50=2643, p90=5154, p99=123458
WaitAlignTime_0(ms) stats (200 samples): dur=23.109956624s, p50=0, p90=0, p99=0
createChkpt_2(ms) stats (200 samples): dur=23.109596842s, p50=1, p90=11, p99=39
nexmark_src_src counter: dur=10.00785702s, value=5767914, rate=48001.68498010776 per second
q2_out_sink counter: dur=10.007906438s, value=43710, rate=420.3676389325574 per second
q2_out_sink stats (4207 samples): dur=10.007910095s, p50=0, p90=0, p99=1
q2_out_bufEntry_2 stats (200 samples): dur=11.730364781s, p50=10, p90=20, p99=325
q2_out_bufSize_2 stats (200 samples): dur=11.730368247s, p50=2643, p90=5281, p99=84538
nexmark_src_src counter: dur=10.00624438s, value=6248291, rate=48007.72215399361 per second
q2_out_sink counter: dur=10.006224269s, value=47141, rate=342.88657817009795 per second
q2_out_sink stats (3431 samples): dur=10.006223293s, p50=0, p90=0, p99=1
q2_out_bufEntry_2 stats (200 samples): dur=11.78771818s, p50=11, p90=20, p99=415
q2_out_bufSize_2 stats (200 samples): dur=11.78771625s, p50=2845, p90=5250, p99=107062
WaitAlignTime_0(ms) stats (200 samples): dur=23.051827147s, p50=0, p90=0, p99=0
createChkpt_2(ms) stats (200 samples): dur=23.052649937s, p50=1, p90=8, p99=42
nexmark_src_src counter: dur=10.002089247s, value=6728591, rate=48019.96744270802 per second
q2_out_sink counter: dur=10.002061337s, value=50543, rate=340.1298877677538 per second
q2_out_sink stats (3402 samples): dur=10.002058096s, p50=0, p90=0, p99=1
nexmark_src_src counter: dur=10.000643288s, value=7208637, rate=48001.51212032712 per second
q2_out_sink counter: dur=10.010859213s, value=54707, rate=415.94831286735825 per second
q2_out_sink stats (4164 samples): dur=10.01086913s, p50=0, p90=0, p99=1
q2_out_bufEntry_2 stats (200 samples): dur=11.331154288s, p50=11, p90=20, p99=508
q2_out_bufSize_2 stats (200 samples): dur=11.331153766s, p50=2775, p90=5227, p99=130827
nexmark_src_src counter: dur=10.006234579s, value=7689080, rate=48014.36506478688 per second
q2_out_sink counter: dur=10.006228145s, value=58091, rate=338.1893707561472 per second
q2_out_sink stats (3384 samples): dur=10.00622687s, p50=0, p90=0, p99=1
q2_out_bufEntry_2 stats (200 samples): dur=11.725389094s, p50=11, p90=20, p99=426
q2_out_bufSize_2 stats (200 samples): dur=11.725389682s, p50=2772, p90=5176, p99=110425
WaitAlignTime_0(ms) stats (200 samples): dur=23.160645323s, p50=0, p90=0, p99=0
createChkpt_2(ms) stats (200 samples): dur=23.159997257s, p50=1, p90=9, p99=39
nexmark_src_src counter: dur=10.007128267s, value=8169527, rate=48010.47685022143 per second
q2_out_sink counter: dur=10.011165728s, value=61488, rate=339.3211232632988 per second
q2_out_sink stats (3397 samples): dur=10.011165792s, p50=0, p90=0, p99=1
q2_out_bufEntry_2 stats (200 samples): dur=11.744904862s, p50=11, p90=19, p99=302
q2_out_bufSize_2 stats (200 samples): dur=11.744905301s, p50=2713, p90=5001, p99=77766
2 producer ended, map[] remain
exit due to ctrlMsg
createChkpt_2(ms) (153 samples): dur=17.749340338s, data=[1 1 27 17 1 1 1 1 3 1 1 1 1 1 12 1 8 28 1 1 1 1 1 1 1 1 6 24 1 1 19 1 1 1 1 1 1 1 1 2 1 24 1 1 17 1 1 1 1 1 1 1 5 1 1 1 22 1 26 17 1 1 1 1 1 1 1 1 1 9 1 1 13 11 1 1 1 1 1 1 1 1 1 2 1 7 5 1 2 1 1 1 1 1 1 1 1 23 1 1 1 2 1 1 1 2 1 1 1 1 1 1 37 1 1 17 1 1 1 1 1 1 1 1 1 1 1 1 22 17 1 1 1 1 1 1 1 1 1 1 1 1 14 18 1 1 1 1 1 1 2 1 1]
[2]duration: 180.031214 s, uts: 1709466414681
WaitAlignTime_0(ms) (153 samples): dur=17.753488163s, data=[0 0 0 0 0 0 0 0 0 0 0 0 0 0 0 0 0 0 0 0 0 0 0 0 0 0 0 0 0 0 0 0 0 0 0 0 0 0 0 0 0 0 0 0 0 0 0 0 0 0 0 0 0 0 0 0 0 0 0 0 0 0 0 0 0 0 0 0 0 0 0 0 0 0 0 0 0 0 0 0 0 0 0 0 0 0 0 0 0 0 0 0 0 0 0 0 0 0 0 0 0 0 0 0 0 0 0 0 0 0 0 0 0 0 0 0 0 0 0 0 0 0 0 0 0 0 0 0 0 0 0 0 0 0 0 0 0 0 0 0 0 0 0 0 0 0 0 0 0 0 0 0 0]
nexmark_src_src msgCnt 8641524, ctrlCnt 1554, epochCnt 0, logEntry 29840
sink msgCnt 65492, ctrlCnt 1554
