wait for last: true, sink max_buf_size: 131072
warmup: 0
config: map[NodeConstraint:"1,2,3,4" NumInstance:4 OutputTopicName:["nexmark_src"] funcName:"source"]
config: map[Final:true InputTopicNames:["nexmark_src"] NodeConstraint:"5,6,7,8" NumInstance:4 NumSrcProducer:[1] OutputTopicName:["q2_out"] funcName:"query2"]
srcInvokeConfig: &{FinalTpNames:[q2_out] TopicName:nexmark_src AppId:q2 NodeConstraint:1,2,3,4 AdditionalBytes:0 ScaleEpoch:0 NumOutPartition:4 InstanceID:0 NumSrcInstance:4}
cliNodes: [0xc000026160]
inParamsMap: map[query2:[0xc00007eaa0 0xc00007eb40 0xc00007ebe0 0xc00007ec80]]
configScaleInput: &{Config:map[nexmark_src:4 q2_out:4 query2:4 source:4] AppId:q2 FuncNames:[source query2] BufMaxSize:131072 ScaleEpoch:0 SerdeFormat:1 Bootstrap:false}
encoded json is {"sg":{"nexmark_src":4,"q2_out":4,"query2":4,"source":4},"aid":"q2","fns":["source","query2"],"bufMaxSize":131072,"epoch":1,"serdeFormat":1,"bs":true}, node constraint is 1
encoded json is {"outTpNames":["q2_out"]}, node constraint is 1
redis_setup url is http://ip-172-31-9-241.us-east-2.compute.internal:8080/function/redisSetup
encoded json is {"srcTpName":"nexmark_src","outTpNames":["q2_out"],"numOutParts":"BA==","chkptEveryMs":100,"bufMaxSize":131072,"srcNumPart":4,"gua":4,"serde_format":1}, node constraint is 1
chkptmngr url is http://ip-172-31-9-241.us-east-2.compute.internal:8080/function/chkptmngr
func source url is http://ip-172-31-9-241.us-east-2.compute.internal:8080/function/source
func source url is http://ip-172-31-9-241.us-east-2.compute.internal:8080/function/source
func source url is http://ip-172-31-9-241.us-east-2.compute.internal:8080/function/source
encoded json is {"topic_name":"nexmark_src","rate_shape":"square","aid":"q2","events_num":11520000,"rate_period":10000000000,"finOutTpNs":["q2_out"],"first_event_rate":64000,"next_event_rate":64000,"bid_avg_size":100,"person_avg_size":200,"auction_avg_size":500,"duration":180,"person_proportion":1,"auction_proportion":3,"bid_proportion":46,"bid_hot_ratio_auctions":2,"bid_hot_ratio_bidders":4,"auction_hot_ratio_sellers":4,"flushms":10,"bufMaxSize":131072,"commEveryMs":100,"rate_limited":false,"waitEnd":true,"serde_format":1,"numOutPar":4,"parNum":1,"nSrcIns":4,"gua":4}, node constraint is 1,2,3,4
func source url is http://ip-172-31-9-241.us-east-2.compute.internal:8080/function/source
encoded json is {"topic_name":"nexmark_src","rate_shape":"square","aid":"q2","events_num":11520000,"rate_period":10000000000,"finOutTpNs":["q2_out"],"first_event_rate":64000,"next_event_rate":64000,"bid_avg_size":100,"person_avg_size":200,"auction_avg_size":500,"duration":180,"person_proportion":1,"auction_proportion":3,"bid_proportion":46,"bid_hot_ratio_auctions":2,"bid_hot_ratio_bidders":4,"auction_hot_ratio_sellers":4,"flushms":10,"bufMaxSize":131072,"commEveryMs":100,"rate_limited":false,"waitEnd":true,"serde_format":1,"numOutPar":4,"parNum":2,"nSrcIns":4,"gua":4}, node constraint is 1,2,3,4
src instance: 4
encoded json is {"topic_name":"nexmark_src","rate_shape":"square","aid":"q2","events_num":11520000,"rate_period":10000000000,"finOutTpNs":["q2_out"],"first_event_rate":64000,"next_event_rate":64000,"bid_avg_size":100,"person_avg_size":200,"auction_avg_size":500,"duration":180,"person_proportion":1,"auction_proportion":3,"bid_proportion":46,"bid_hot_ratio_auctions":2,"bid_hot_ratio_bidders":4,"auction_hot_ratio_sellers":4,"flushms":10,"bufMaxSize":131072,"commEveryMs":100,"rate_limited":false,"waitEnd":true,"serde_format":1,"numOutPar":4,"nSrcIns":4,"gua":4}, node constraint is 1,2,3,4
encoded json is {"topic_name":"nexmark_src","rate_shape":"square","aid":"q2","events_num":11520000,"rate_period":10000000000,"finOutTpNs":["q2_out"],"first_event_rate":64000,"next_event_rate":64000,"bid_avg_size":100,"person_avg_size":200,"auction_avg_size":500,"duration":180,"person_proportion":1,"auction_proportion":3,"bid_proportion":46,"bid_hot_ratio_auctions":2,"bid_hot_ratio_bidders":4,"auction_hot_ratio_sellers":4,"flushms":10,"bufMaxSize":131072,"commEveryMs":100,"rate_limited":false,"waitEnd":true,"serde_format":1,"numOutPar":4,"parNum":3,"nSrcIns":4,"gua":4}, node constraint is 1,2,3,4
Waiting for all client to return
func name is query2
func url is http://ip-172-31-9-241.us-east-2.compute.internal:8080/function/query2
func name is query2
func url is http://ip-172-31-9-241.us-east-2.compute.internal:8080/function/query2
func name is query2
func url is http://ip-172-31-9-241.us-east-2.compute.internal:8080/function/query2
func name is query2
func url is http://ip-172-31-9-241.us-east-2.compute.internal:8080/function/query2
encoded json is {"aid":"q2","numOutPartition":"BA==","numSubstreamProducer":"AQ==","outputTopicName":["q2_out"],"inputTopicName":["nexmark_src"],"commEveryMs":100,"flushMs":100,"duration":180,"bufMaxSize":131072,"epoch":1,"waitEnd":true,"numInPartition":4,"ParNum":1,"gua":4,"serdeFormat":1}, node constraint is 5,6,7,8
encoded json is {"aid":"q2","numOutPartition":"BA==","numSubstreamProducer":"AQ==","outputTopicName":["q2_out"],"inputTopicName":["nexmark_src"],"commEveryMs":100,"flushMs":100,"duration":180,"bufMaxSize":131072,"epoch":1,"waitEnd":true,"numInPartition":4,"ParNum":3,"gua":4,"serdeFormat":1}, node constraint is 5,6,7,8
encoded json is {"aid":"q2","numOutPartition":"BA==","numSubstreamProducer":"AQ==","outputTopicName":["q2_out"],"inputTopicName":["nexmark_src"],"commEveryMs":100,"flushMs":100,"duration":180,"bufMaxSize":131072,"epoch":1,"waitEnd":true,"numInPartition":4,"ParNum":2,"gua":4,"serdeFormat":1}, node constraint is 5,6,7,8
encoded json is {"aid":"q2","numOutPartition":"BA==","numSubstreamProducer":"AQ==","outputTopicName":["q2_out"],"inputTopicName":["nexmark_src"],"commEveryMs":100,"flushMs":100,"duration":180,"bufMaxSize":131072,"epoch":1,"waitEnd":true,"numInPartition":4,"gua":4,"serdeFormat":1}, node constraint is 5,6,7,8
source-2 invoke done
source-3 invoke done
source-1 invoke done
source-0 invoke done
query2-3 call done
query2-1 call done
query2-2 call done
query2-0 call done
sink processed: 2880002, throughput: (event/s) 15996.527035085468
sink_ctrl processed: 2, throughput: (event/s) 0.011108691615551287
source-0 duration: 180.039204365

sink processed: 2880002, throughput: (event/s) 15996.541741146937
sink_ctrl processed: 2, throughput: (event/s) 0.01110870182808688
source-1 duration: 180.03903885

sink processed: 2880002, throughput: (event/s) 15996.542908819061
sink_ctrl processed: 2, throughput: (event/s) 0.011108702638969738
source-2 duration: 180.039025708

sink processed: 2880002, throughput: (event/s) 15996.552344117194
sink_ctrl processed: 2, throughput: (event/s) 0.011108709191255556
source-3 duration: 180.038919515

sink_ctrl processed 8 events, duration: 180.039204365, tp: 0.044435
sink processed 11520008 events, duration: 180.039204365, tp: 63986.108140

eventTimeLatency_sink, p50: 10 ms, p90: 15 ms, p99: 19 ms
nexmark_src_src_epoch processed: 0, throughput: (event/s) 0
nexmark_src_src_logEntry processed: 14635, throughput: (event/s) 81.28599381786698
sink processed: 21862, throughput: (event/s) 121.4263339150125
nexmark_src_src processed: 2881583, throughput: (event/s) 16004.942803120643
nexmark_src_src_ctrl processed: 1583, throughput: (event/s) 8.792328542103412
nexmark_src_src_data processed: 2880000, throughput: (event/s) 15996.150474578539
query2-0 duration: 180.043317583

eventTimeLatency_sink, p50: 11 ms, p90: 16 ms, p99: 28 ms
nexmark_src_src processed: 2881583, throughput: (event/s) 16005.170287213012
nexmark_src_src_ctrl processed: 1583, throughput: (event/s) 8.792453510677358
nexmark_src_src_data processed: 2880000, throughput: (event/s) 15996.377833702334
nexmark_src_src_epoch processed: 0, throughput: (event/s) 0
nexmark_src_src_logEntry processed: 14624, throughput: (event/s) 81.22605188891075
sink processed: 21690, throughput: (event/s) 120.4727205600707
query2-1 duration: 180.040758598

eventTimeLatency_sink, p50: 10 ms, p90: 15 ms, p99: 39 ms
nexmark_src_src_data processed: 2880000, throughput: (event/s) 15996.235100157377
nexmark_src_src_epoch processed: 0, throughput: (event/s) 0
nexmark_src_src_logEntry processed: 14672, throughput: (event/s) 81.49193103802398
sink processed: 21832, throughput: (event/s) 121.26034885647078
nexmark_src_src processed: 2881583, throughput: (event/s) 16005.027475214165
nexmark_src_src_ctrl processed: 1583, throughput: (event/s) 8.792375056787892
query2-2 duration: 180.042365092

eventTimeLatency_sink, p50: 10 ms, p90: 15 ms, p99: 32 ms
nexmark_src_src processed: 2881583, throughput: (event/s) 16005.11593325402
nexmark_src_src_ctrl processed: 1583, throughput: (event/s) 8.792423651285114
nexmark_src_src_data processed: 2880000, throughput: (event/s) 15996.323509602735
nexmark_src_src_epoch processed: 0, throughput: (event/s) 0
nexmark_src_src_logEntry processed: 14648, throughput: (event/s) 81.35907873911835
sink processed: 21800, throughput: (event/s) 121.08328212129847
query2-3 duration: 180.041370023

nexmark_src_src_epoch processed 0 events, duration: 180.043317583
nexmark_src_src_logEntry processed 58579 events, duration: 180.043317583
sink processed 87184 events, duration: 180.043317583
nexmark_src_src processed 11526332 events, duration: 180.043317583
nexmark_src_src_ctrl processed 6332 events, duration: 180.043317583
nexmark_src_src_data processed 11520000 events, duration: 180.043317583

