parallel restore str: , false
env str: , async2ndPhase: false
env str: , create snapshot: false
2024/03/03 11:09:14 [INFO] Load configuration for function scale[40]
2024/03/03 11:09:14 [INFO] Load configuration for function chkptmngr[50]
2024/03/03 11:09:14 [INFO] Load configuration for function redisSetup[70]
2024/03/03 11:09:14 [INFO] Load configuration for function source[20]
2024/03/03 11:09:14 [INFO] Load configuration for function query2[30]
2024/03/03 11:09:14 [INFO] Parse FAAS_ENGINE_ID: 3
2024/03/03 11:09:14 [INFO] Parse FAAS_ENGINE_ID: 3
2024/03/03 11:09:14 [INFO] Current GOMAXPROCS is 2
2024/03/03 11:09:14 [INFO] Parse FAAS_ENGINE_ID: 3
2024/03/03 11:09:14 [INFO] Start new FuncWorker with client id 3
2024/03/03 11:09:14 [INFO] Current GOMAXPROCS is 3
2024/03/03 11:09:14 [INFO] Parse FAAS_ENGINE_ID: 3
2024/03/03 11:09:14 [INFO] Start new FuncWorker with client id 4
2024/03/03 11:09:14 [INFO] Current GOMAXPROCS is 4
2024/03/03 11:09:14 [INFO] Start new FuncWorker with client id 5
Enter nexmark: funcName: query2
2024/03/03 11:09:14 [INFO] Handshake with engine done
2024/03/03 11:09:14 [INFO] Start new FuncWorker with client id 6
Enter nexmark: funcName: query2
2024/03/03 11:09:14 [INFO] Handshake with engine done
Enter nexmark: funcName: query2
2024/03/03 11:09:14 [INFO] Handshake with engine done
Enter nexmark: funcName: query2
2024/03/03 11:09:14 [INFO] Handshake with engine done
