parallel restore str: , false
env str: , async2ndPhase: false
env str: , create snapshot: false
2024/03/03 10:52:54 [INFO] Load configuration for function scale[40]
2024/03/03 10:52:54 [INFO] Load configuration for function chkptmngr[50]
2024/03/03 10:52:54 [INFO] Load configuration for function redisSetup[70]
2024/03/03 10:52:54 [INFO] Load configuration for function source[20]
2024/03/03 10:52:54 [INFO] Load configuration for function query2[30]
2024/03/03 10:52:54 [INFO] Parse FAAS_ENGINE_ID: 6
2024/03/03 10:52:54 [INFO] Parse FAAS_ENGINE_ID: 6
2024/03/03 10:52:54 [INFO] Current GOMAXPROCS is 2
2024/03/03 10:52:54 [INFO] Parse FAAS_ENGINE_ID: 6
2024/03/03 10:52:54 [INFO] Current GOMAXPROCS is 3
2024/03/03 10:52:54 [INFO] Parse FAAS_ENGINE_ID: 6
2024/03/03 10:52:54 [INFO] Current GOMAXPROCS is 4
2024/03/03 10:52:54 [INFO] Start new FuncWorker with client id 1
2024/03/03 10:52:54 [INFO] Start new FuncWorker with client id 4
2024/03/03 10:52:54 [INFO] Start new FuncWorker with client id 2
2024/03/03 10:52:54 [INFO] Start new FuncWorker with client id 3
Enter nexmark: funcName: query2
2024/03/03 10:52:54 [INFO] Handshake with engine done
Enter nexmark: funcName: query2
Enter nexmark: funcName: query2
2024/03/03 10:52:54 [INFO] Handshake with engine done
Enter nexmark: funcName: query2
2024/03/03 10:52:54 [INFO] Handshake with engine done
2024/03/03 10:52:54 [INFO] Handshake with engine done
new buffered sink stream nexmark_src[0] with bufMaxSize 131072
new buffered sink stream nexmark_src[1] with bufMaxSize 131072
new buffered sink stream nexmark_src[2] with bufMaxSize 131072
new buffered sink stream nexmark_src[3] with bufMaxSize 131072
new buffered sink stream q2_out[0] with bufMaxSize 131072
new buffered sink stream q2_out[1] with bufMaxSize 131072
new buffered sink stream q2_out[2] with bufMaxSize 131072
new buffered sink stream q2_out[3] with bufMaxSize 131072
nexmark_src notEnded: map[3:{}], notScaleFence: map[3:{}]
redis address is [snapcache-1:6666 snapcache-2:6666 snapcache-3:6666 snapcache-4:6666]
new buffered sink stream __control_log_q2[0] with bufMaxSize 131072
new buffered sink stream __control_log_q2[0] with bufMaxSize 131072
[0] finished prev task source, funcName query2, meta epoch 0, current epoch 1, cmm instance 3, remain instances: map[]
[1] finished prev task source, funcName query2, meta epoch 0, current epoch 1, cmm instance 3, remain instances: map[]
[2] finished prev task source, funcName query2, meta epoch 0, current epoch 1, cmm instance 3, remain instances: map[]
[3] finished prev task source, funcName query2, meta epoch 0, current epoch 1, cmm instance 3, remain instances: map[]
[0] finished prev task query2, funcName query2, meta epoch 0, current epoch 1, cmm instance 3, remain instances: map[]
[3] prodId: ProducerId: {TaskId: 0x1800400000001, TaskEpoch: 0x1}, warmup time: 0s, flush every: 100ms, waitEndMark: true
nexmark_src_src counter: dur=10.008674069s, value=161895, rate=16175.469286330299 per second
q2_out_sink counter: dur=10.020479781s, value=587, rate=58.58002938272681 per second
q2_out_sink stats (587 samples): dur=10.020488608s, p50=0, p90=1, p99=1
q2_out_bufEntry_3 stats (200 samples): dur=12.810266688s, p50=3, p90=7, p99=15
q2_out_bufSize_3 stats (200 samples): dur=12.810289763s, p50=789, p90=1805, p99=3808
nexmark_src_src counter: dur=10.004644222s, value=321953, rate=15998.370001807347 per second
q2_out_sink counter: dur=10.011751788s, value=2002, rate=141.33390738831608 per second
q2_out_sink stats (1415 samples): dur=10.011753233s, p50=0, p90=0, p99=1
WaitAlignTime_0(ms) stats (200 samples): dur=22.446383281s, p50=0, p90=0, p99=0
createChkpt_3(ms) stats (200 samples): dur=22.437120555s, p50=1, p90=2, p99=52
q2_out_bufEntry_3 stats (200 samples): dur=12.622926321s, p50=4, p90=7, p99=97
q2_out_bufSize_3 stats (200 samples): dur=12.622924087s, p50=906, p90=1783, p99=24760
nexmark_src_src counter: dur=10.010089462s, value=482298, rate=16018.338358382996 per second
q2_out_sink counter: dur=10.004303149s, value=3391, rate=138.8402549695668 per second
q2_out_sink stats (1389 samples): dur=10.004302164s, p50=0, p90=0, p99=1
q2_out_bufEntry_3 stats (200 samples): dur=12.669866956s, p50=3, p90=8, p99=172
q2_out_bufSize_3 stats (200 samples): dur=12.66986824s, p50=829, p90=2056, p99=43672
nexmark_src_src counter: dur=10.004965728s, value=642467, rate=16008.95039067944 per second
q2_out_sink counter: dur=10.038489515s, value=4793, rate=139.66244601890187 per second
q2_out_sink stats (1402 samples): dur=10.038492703s, p50=0, p90=0, p99=1
WaitAlignTime_0(ms) stats (200 samples): dur=22.417454781s, p50=0, p90=0, p99=0
createChkpt_3(ms) stats (200 samples): dur=22.417436771s, p50=1, p90=2, p99=26
nexmark_src_src counter: dur=10.000306141s, value=802572, rate=16010.009867956902 per second
q2_out_sink counter: dur=10.002913691s, value=5391, rate=59.78258120311917 per second
q2_out_sink stats (598 samples): dur=10.002912594s, p50=0, p90=1, p99=1
q2_out_bufEntry_3 stats (200 samples): dur=12.601103916s, p50=3, p90=7, p99=191
q2_out_bufSize_3 stats (200 samples): dur=12.601101313s, p50=790, p90=1833, p99=48786
nexmark_src_src counter: dur=10.011627222s, value=962838, rate=16007.987157954132 per second
q2_out_sink counter: dur=10.00191912s, value=6749, rate=135.77394335098361 per second
q2_out_sink stats (1358 samples): dur=10.001922416s, p50=0, p90=0, p99=1
q2_out_bufEntry_3 stats (200 samples): dur=12.753818565s, p50=3, p90=7, p99=70
q2_out_bufSize_3 stats (200 samples): dur=12.753818552s, p50=815, p90=1839, p99=17904
WaitAlignTime_0(ms) stats (200 samples): dur=22.508449069s, p50=0, p90=0, p99=0
createChkpt_3(ms) stats (200 samples): dur=22.508578651s, p50=1, p90=2, p99=39
nexmark_src_src counter: dur=10.007346074s, value=1123069, rate=16011.337952656077 per second
q2_out_sink counter: dur=10.028691595s, value=8149, rate=139.59946686345378 per second
q2_out_sink stats (1400 samples): dur=10.028689451s, p50=0, p90=0, p99=1
q2_out_bufEntry_3 stats (200 samples): dur=12.946071925s, p50=4, p90=8, p99=50
q2_out_bufSize_3 stats (200 samples): dur=12.94607434s, p50=998, p90=2029, p99=12746
nexmark_src_src counter: dur=10.005510431s, value=1283240, rate=16008.278748452789 per second
q2_out_sink counter: dur=10.007309096s, value=9575, rate=142.4958484164323 per second
q2_out_sink stats (1426 samples): dur=10.007313307s, p50=0, p90=0, p99=1
q2_out_bufEntry_3 stats (200 samples): dur=12.098789626s, p50=3, p90=7, p99=10
q2_out_bufSize_3 stats (200 samples): dur=12.098793635s, p50=790, p90=1809, p99=2568
WaitAlignTime_0(ms) stats (200 samples): dur=22.372334576s, p50=0, p90=0, p99=0
createChkpt_3(ms) stats (200 samples): dur=22.372472128s, p50=1, p90=2, p99=28
nexmark_src_src counter: dur=10.005756168s, value=1443409, rate=16007.685707177829 per second
q2_out_sink counter: dur=10.005726953s, value=10938, rate=136.22198630868436 per second
q2_out_sink stats (1363 samples): dur=10.00573013s, p50=0, p90=1, p99=1
nexmark_src_src counter: dur=10.010150995s, value=1603673, rate=16010.148106662002 per second
q2_out_sink counter: dur=10.032824666s, value=11561, rate=62.09617139141979 per second
q2_out_sink stats (623 samples): dur=10.032819124s, p50=0, p90=1, p99=1
q2_out_bufEntry_3 stats (200 samples): dur=12.661886911s, p50=4, p90=8, p99=42
q2_out_bufSize_3 stats (200 samples): dur=12.661880786s, p50=932, p90=2073, p99=10837
nexmark_src_src counter: dur=10.007185573s, value=1763874, rate=16008.59690583056 per second
q2_out_sink counter: dur=10.008422308s, value=12963, rate=140.082018609401 per second
q2_out_sink stats (1402 samples): dur=10.008423307s, p50=0, p90=0, p99=1
WaitAlignTime_0(ms) stats (200 samples): dur=22.642223611s, p50=0, p90=0, p99=0
createChkpt_3(ms) stats (200 samples): dur=22.641967629s, p50=1, p90=2, p99=58
q2_out_bufEntry_3 stats (200 samples): dur=12.877342374s, p50=3, p90=8, p99=69
q2_out_bufSize_3 stats (200 samples): dur=12.877349642s, p50=802, p90=1926, p99=17551
nexmark_src_src counter: dur=10.011107252s, value=1924123, rate=16007.12048789466 per second
q2_out_sink counter: dur=10.070002895s, value=14384, rate=141.11217393051206 per second
q2_out_sink stats (1421 samples): dur=10.070003424s, p50=0, p90=0, p99=1
q2_out_bufEntry_3 stats (200 samples): dur=13.323813269s, p50=3, p90=9, p99=330
q2_out_bufSize_3 stats (200 samples): dur=13.323823623s, p50=812, p90=2236, p99=84908
nexmark_src_src counter: dur=10.007214793s, value=2084324, rate=16008.550162434793 per second
q2_out_sink counter: dur=10.011678663s, value=15743, rate=135.74147210921126 per second
q2_out_sink stats (1359 samples): dur=10.011679433s, p50=0, p90=0, p99=1
WaitAlignTime_0(ms) stats (200 samples): dur=22.387697262s, p50=0, p90=0, p99=0
createChkpt_3(ms) stats (200 samples): dur=22.387549521s, p50=1, p90=2, p99=38
nexmark_src_src counter: dur=10.000277301s, value=2244430, rate=16010.156036772083 per second
q2_out_sink counter: dur=10.010529448s, value=17134, rate=138.95368943526833 per second
q2_out_sink stats (1391 samples): dur=10.010531999s, p50=0, p90=1, p99=1
q2_out_bufEntry_3 stats (200 samples): dur=12.937350897s, p50=3, p90=7, p99=186
q2_out_bufSize_3 stats (200 samples): dur=12.937336365s, p50=811, p90=1822, p99=47649
nexmark_src_src counter: dur=10.001288553s, value=2404534, rate=16008.337240902321 per second
q2_out_sink counter: dur=10.022962238s, value=17735, rate=59.96231310953483 per second
q2_out_sink stats (601 samples): dur=10.022960904s, p50=0, p90=1, p99=1
q2_out_bufEntry_3 stats (200 samples): dur=12.999933762s, p50=3, p90=8, p99=194
q2_out_bufSize_3 stats (200 samples): dur=12.99993401s, p50=779, p90=2126, p99=49741
WaitAlignTime_0(ms) stats (200 samples): dur=22.494950662s, p50=0, p90=0, p99=0
createChkpt_3(ms) stats (200 samples): dur=22.495024579s, p50=1, p90=2, p99=43
nexmark_src_src counter: dur=10.003186734s, value=2564671, rate=16008.598485491393 per second
q2_out_sink counter: dur=10.004084172s, value=19094, rate=135.84451876201186 per second
q2_out_sink stats (1359 samples): dur=10.00408275s, p50=0, p90=0, p99=1
q2_out_bufEntry_3 stats (200 samples): dur=13.000522254s, p50=3, p90=7, p99=39
q2_out_bufSize_3 stats (200 samples): dur=13.000520689s, p50=810, p90=1833, p99=9730
nexmark_src_src counter: dur=10.007831795s, value=2724888, rate=16009.161952546587 per second
q2_out_sink counter: dur=10.007442739s, value=20523, rate=142.79372235936407 per second
q2_out_sink stats (1429 samples): dur=10.007443355s, p50=0, p90=0, p99=1
q2_out_bufEntry_3 stats (200 samples): dur=12.133327523s, p50=3, p90=7, p99=105
q2_out_bufSize_3 stats (200 samples): dur=12.133326318s, p50=796, p90=1855, p99=26756
WaitAlignTime_0(ms) stats (200 samples): dur=22.38230675s, p50=0, p90=0, p99=0
createChkpt_3(ms) stats (200 samples): dur=22.382444395s, p50=1, p90=2, p99=48
3 producer ended, map[] remain
exit due to ctrlMsg
createChkpt_3(ms) (2 samples): dur=222.659931ms, data=[1 1]
[3]duration: 180.012385 s, uts: 1709463489545
WaitAlignTime_0(ms) (2 samples): dur=226.985267ms, data=[0 0]
nexmark_src_src msgCnt 2881603, ctrlCnt 1603, epochCnt 0, logEntry 14628
sink msgCnt 21876, ctrlCnt 1603
