wait for last: true, sink max_buf_size: 131072
warmup: 0
encoded json is {"sg":{"changelog":4,"nexmark_src":4,"q3GroupBy":4,"q3JoinTable":4,"q3_aucsBySellerID_out":4,"q3_out":4,"q3_personsByID_out":4,"source":4},"aid":"q3","fns":["source","q3GroupBy","q3JoinTable"],"bufMaxSize":131072,"epoch":1,"serdeFormat":1,"bs":true}, node constraint is 1
config: map[NodeConstraint:"1,2,3,4" NumInstance:4 OutputTopicName:["nexmark_src"] funcName:"source"]
config: map[InputTopicNames:["nexmark_src"] NodeConstraint:"5,6,7,8" NumInstance:4 NumSrcProducer:[1] OutputTopicName:["q3_aucsBySellerID_out","q3_personsByID_out"] funcName:"q3GroupBy"]
config: map[Final:true InputTopicNames:["q3_aucsBySellerID_out","q3_personsByID_out"] NodeConstraint:"5,6,7,8" NumInstance:4 NumSrcProducer:[4,4] OutputTopicName:["q3_out"] funcName:"q3JoinTable"]
srcInvokeConfig: &{FinalTpNames:[q3_out] TopicName:nexmark_src AppId:q3 NodeConstraint:1,2,3,4 AdditionalBytes:0 ScaleEpoch:0 NumOutPartition:4 InstanceID:0 NumSrcInstance:4}
cliNodes: [0xc0000261e0 0xc000026240]
inParamsMap: map[q3GroupBy:[0xc00007eaa0 0xc00007eb40 0xc00007ebe0 0xc00007ec80] q3JoinTable:[0xc00007ed20 0xc00007edc0 0xc00007ee60 0xc00007ef00]]
configScaleInput: &{Config:map[changelog:4 nexmark_src:4 q3GroupBy:4 q3JoinTable:4 q3_aucsBySellerID_out:4 q3_out:4 q3_personsByID_out:4 source:4] AppId:q3 FuncNames:[source q3GroupBy q3JoinTable] BufMaxSize:131072 ScaleEpoch:0 SerdeFormat:1 Bootstrap:false}
encoded json is {"outTpNames":["q3_out"]}, node constraint is 1
redis_setup url is http://ip-172-31-6-184.us-east-2.compute.internal:8080/function/redisSetup
encoded json is {"srcTpName":"nexmark_src","outTpNames":["q3_out"],"numOutParts":"BA==","chkptEveryMs":100,"bufMaxSize":131072,"srcNumPart":4,"gua":4,"serde_format":1}, node constraint is 1
chkptmngr url is http://ip-172-31-6-184.us-east-2.compute.internal:8080/function/chkptmngr
func source url is http://ip-172-31-6-184.us-east-2.compute.internal:8080/function/source
func source url is http://ip-172-31-6-184.us-east-2.compute.internal:8080/function/source
func source url is http://ip-172-31-6-184.us-east-2.compute.internal:8080/function/source
func source url is http://ip-172-31-6-184.us-east-2.compute.internal:8080/function/source
src instance: 4
encoded json is {"topic_name":"nexmark_src","rate_shape":"square","aid":"q3","events_num":57600000,"rate_period":10000000000,"finOutTpNs":["q3_out"],"first_event_rate":320000,"next_event_rate":320000,"bid_avg_size":100,"person_avg_size":200,"auction_avg_size":500,"duration":180,"person_proportion":1,"auction_proportion":3,"bid_proportion":46,"bid_hot_ratio_auctions":2,"bid_hot_ratio_bidders":4,"auction_hot_ratio_sellers":4,"flushms":100,"bufMaxSize":131072,"commEveryMs":100,"rate_limited":false,"waitEnd":true,"serde_format":1,"numOutPar":4,"parNum":1,"nSrcIns":4,"gua":4}, node constraint is 1,2,3,4
encoded json is {"topic_name":"nexmark_src","rate_shape":"square","aid":"q3","events_num":57600000,"rate_period":10000000000,"finOutTpNs":["q3_out"],"first_event_rate":320000,"next_event_rate":320000,"bid_avg_size":100,"person_avg_size":200,"auction_avg_size":500,"duration":180,"person_proportion":1,"auction_proportion":3,"bid_proportion":46,"bid_hot_ratio_auctions":2,"bid_hot_ratio_bidders":4,"auction_hot_ratio_sellers":4,"flushms":100,"bufMaxSize":131072,"commEveryMs":100,"rate_limited":false,"waitEnd":true,"serde_format":1,"numOutPar":4,"parNum":3,"nSrcIns":4,"gua":4}, node constraint is 1,2,3,4
encoded json is {"topic_name":"nexmark_src","rate_shape":"square","aid":"q3","events_num":57600000,"rate_period":10000000000,"finOutTpNs":["q3_out"],"first_event_rate":320000,"next_event_rate":320000,"bid_avg_size":100,"person_avg_size":200,"auction_avg_size":500,"duration":180,"person_proportion":1,"auction_proportion":3,"bid_proportion":46,"bid_hot_ratio_auctions":2,"bid_hot_ratio_bidders":4,"auction_hot_ratio_sellers":4,"flushms":100,"bufMaxSize":131072,"commEveryMs":100,"rate_limited":false,"waitEnd":true,"serde_format":1,"numOutPar":4,"parNum":2,"nSrcIns":4,"gua":4}, node constraint is 1,2,3,4
encoded json is {"topic_name":"nexmark_src","rate_shape":"square","aid":"q3","events_num":57600000,"rate_period":10000000000,"finOutTpNs":["q3_out"],"first_event_rate":320000,"next_event_rate":320000,"bid_avg_size":100,"person_avg_size":200,"auction_avg_size":500,"duration":180,"person_proportion":1,"auction_proportion":3,"bid_proportion":46,"bid_hot_ratio_auctions":2,"bid_hot_ratio_bidders":4,"auction_hot_ratio_sellers":4,"flushms":100,"bufMaxSize":131072,"commEveryMs":100,"rate_limited":false,"waitEnd":true,"serde_format":1,"numOutPar":4,"nSrcIns":4,"gua":4}, node constraint is 1,2,3,4
encoded json is {"aid":"q3","numOutPartition":"BA==","numSubstreamProducer":"BAQ=","outputTopicName":["q3_out"],"inputTopicName":["q3_aucsBySellerID_out","q3_personsByID_out"],"commEveryMs":100,"flushMs":100,"snapEveryS":10,"duration":180,"bufMaxSize":131072,"epoch":1,"waitEnd":true,"numChangelogPartition":4,"numInPartition":4,"ParNum":3,"gua":4,"serdeFormat":1}, node constraint is 5,6,7,8
Waiting for all client to return
func name is q3JoinTable
func url is http://ip-172-31-6-184.us-east-2.compute.internal:8080/function/q3JoinTable
func name is q3GroupBy
func url is http://ip-172-31-6-184.us-east-2.compute.internal:8080/function/q3GroupBy
func name is q3JoinTable
func url is http://ip-172-31-6-184.us-east-2.compute.internal:8080/function/q3JoinTable
func name is q3JoinTable
func url is http://ip-172-31-6-184.us-east-2.compute.internal:8080/function/q3JoinTable
func name is q3GroupBy
func url is http://ip-172-31-6-184.us-east-2.compute.internal:8080/function/q3GroupBy
func name is q3JoinTable
func name is q3GroupBy
func url is http://ip-172-31-6-184.us-east-2.compute.internal:8080/function/q3GroupBy
func name is q3GroupBy
func url is http://ip-172-31-6-184.us-east-2.compute.internal:8080/function/q3GroupBy
func url is http://ip-172-31-6-184.us-east-2.compute.internal:8080/function/q3JoinTable
encoded json is {"aid":"q3","numOutPartition":"BA==","numSubstreamProducer":"BAQ=","outputTopicName":["q3_out"],"inputTopicName":["q3_aucsBySellerID_out","q3_personsByID_out"],"commEveryMs":100,"flushMs":100,"snapEveryS":10,"duration":180,"bufMaxSize":131072,"epoch":1,"waitEnd":true,"numChangelogPartition":4,"numInPartition":4,"ParNum":1,"gua":4,"serdeFormat":1}, node constraint is 5,6,7,8
encoded json is {"aid":"q3","numOutPartition":"BA==","numSubstreamProducer":"BAQ=","outputTopicName":["q3_out"],"inputTopicName":["q3_aucsBySellerID_out","q3_personsByID_out"],"commEveryMs":100,"flushMs":100,"snapEveryS":10,"duration":180,"bufMaxSize":131072,"epoch":1,"waitEnd":true,"numChangelogPartition":4,"numInPartition":4,"gua":4,"serdeFormat":1}, node constraint is 5,6,7,8
encoded json is {"aid":"q3","numOutPartition":"BAQ=","numSubstreamProducer":"AQ==","outputTopicName":["q3_aucsBySellerID_out","q3_personsByID_out"],"inputTopicName":["nexmark_src"],"commEveryMs":100,"flushMs":100,"snapEveryS":10,"duration":180,"bufMaxSize":131072,"epoch":1,"waitEnd":true,"numChangelogPartition":4,"numInPartition":4,"gua":4,"serdeFormat":1}, node constraint is 5,6,7,8
encoded json is {"aid":"q3","numOutPartition":"BA==","numSubstreamProducer":"BAQ=","outputTopicName":["q3_out"],"inputTopicName":["q3_aucsBySellerID_out","q3_personsByID_out"],"commEveryMs":100,"flushMs":100,"snapEveryS":10,"duration":180,"bufMaxSize":131072,"epoch":1,"waitEnd":true,"numChangelogPartition":4,"numInPartition":4,"ParNum":2,"gua":4,"serdeFormat":1}, node constraint is 5,6,7,8
encoded json is {"aid":"q3","numOutPartition":"BAQ=","numSubstreamProducer":"AQ==","outputTopicName":["q3_aucsBySellerID_out","q3_personsByID_out"],"inputTopicName":["nexmark_src"],"commEveryMs":100,"flushMs":100,"snapEveryS":10,"duration":180,"bufMaxSize":131072,"epoch":1,"waitEnd":true,"numChangelogPartition":4,"numInPartition":4,"ParNum":3,"gua":4,"serdeFormat":1}, node constraint is 5,6,7,8
encoded json is {"aid":"q3","numOutPartition":"BAQ=","numSubstreamProducer":"AQ==","outputTopicName":["q3_aucsBySellerID_out","q3_personsByID_out"],"inputTopicName":["nexmark_src"],"commEveryMs":100,"flushMs":100,"snapEveryS":10,"duration":180,"bufMaxSize":131072,"epoch":1,"waitEnd":true,"numChangelogPartition":4,"numInPartition":4,"ParNum":2,"gua":4,"serdeFormat":1}, node constraint is 5,6,7,8
encoded json is {"aid":"q3","numOutPartition":"BAQ=","numSubstreamProducer":"AQ==","outputTopicName":["q3_aucsBySellerID_out","q3_personsByID_out"],"inputTopicName":["nexmark_src"],"commEveryMs":100,"flushMs":100,"snapEveryS":10,"duration":180,"bufMaxSize":131072,"epoch":1,"waitEnd":true,"numChangelogPartition":4,"numInPartition":4,"ParNum":1,"gua":4,"serdeFormat":1}, node constraint is 5,6,7,8
source-2 invoke done
source-0 invoke done
source-3 invoke done
source-1 invoke done
q3GroupBy-3 call done
q3GroupBy-0 call done
q3GroupBy-2 call done
q3GroupBy-1 call done
q3JoinTable-2 call done
q3JoinTable-0 call done
q3JoinTable-1 call done
q3JoinTable-3 call done
sink processed: 14399963, throughput: (event/s) 79969.07173409559
sink_ctrl processed: 2, throughput: (event/s) 0.011106844057043146
source-0 duration: 180.069152833

sink_ctrl processed: 2, throughput: (event/s) 0.011081178377088692
sink processed: 14400001, throughput: (event/s) 79784.48985562778
source-1 duration: 180.486220142

sink processed: 14399934, throughput: (event/s) 79968.98321018665
sink_ctrl processed: 2, throughput: (event/s) 0.011106854130051797
source-2 duration: 180.068989525

sink processed: 14400002, throughput: (event/s) 79969.40584697665
sink_ctrl processed: 2, throughput: (event/s) 0.011106860380571702
source-3 duration: 180.068888189

sink processed 57599900 events, duration: 180.486220142, tp: 319137.383201
sink_ctrl processed 8 events, duration: 180.486220142, tp: 0.044325

perSink processed: 143910, throughput: (event/s) 797.2245096660283
aucSink processed: 172638, throughput: (event/s) 956.3702654417608
nexmark_src_src processed: 14400232, throughput: (event/s) 79773.59388004344
nexmark_src_src_ctrl processed: 271, throughput: (event/s) 1.5012705310228176
nexmark_src_src_data processed: 14399961, throughput: (event/s) 79772.09260951242
nexmark_src_src_epoch processed: 0, throughput: (event/s) 0
nexmark_src_src_logEntry processed: 30037, throughput: (event/s) 166.39728022262867
q3GroupBy-0 duration: 180.513767772

nexmark_src_src_data processed: 14399999, throughput: (event/s) 79772.23149772563
nexmark_src_src_epoch processed: 0, throughput: (event/s) 0
nexmark_src_src_logEntry processed: 29998, throughput: (event/s) 166.181081017351
perSink processed: 144230, throughput: (event/s) 798.9965102717694
aucSink processed: 172354, throughput: (event/s) 954.7961209968837
nexmark_src_src processed: 14400270, throughput: (event/s) 79773.73276690877
nexmark_src_src_ctrl processed: 271, throughput: (event/s) 1.5012691831356133
q3GroupBy-1 duration: 180.513929843

nexmark_src_src_data processed: 14399932, throughput: (event/s) 79771.66960948257
nexmark_src_src_epoch processed: 0, throughput: (event/s) 0
nexmark_src_src_logEntry processed: 30004, throughput: (event/s) 166.21392204927878
perSink processed: 144078, throughput: (event/s) 798.1525616923074
aucSink processed: 172407, throughput: (event/s) 955.0874436325159
nexmark_src_src processed: 14400203, throughput: (event/s) 79773.17087507634
nexmark_src_src_ctrl processed: 271, throughput: (event/s) 1.501265593765983
q3GroupBy-2 duration: 180.514361433

nexmark_src_src_data processed: 14400000, throughput: (event/s) 79772.17784046999
nexmark_src_src_epoch processed: 0, throughput: (event/s) 0
nexmark_src_src_logEntry processed: 30020, throughput: (event/s) 166.3028318590909
perSink processed: 144081, throughput: (event/s) 798.1704969050525
aucSink processed: 172251, throughput: (event/s) 954.2248198054718
nexmark_src_src processed: 14400271, throughput: (event/s) 79773.67910853906
nexmark_src_src_ctrl processed: 271, throughput: (event/s) 1.5012680690810671
q3GroupBy-3 duration: 180.514063798

perSink processed 576299 events, duration: 180.514361433
aucSink processed 689650 events, duration: 180.514361433
nexmark_src_src processed 57600976 events, duration: 180.514361433
nexmark_src_src_ctrl processed 1084 events, duration: 180.514361433
nexmark_src_src_data processed 57599892 events, duration: 180.514361433
nexmark_src_src_epoch processed 0 events, duration: 180.514361433
nexmark_src_src_logEntry processed 120059 events, duration: 180.514361433

eventTimeLatency_sink, p50: 183 ms, p90: 984 ms, p99: 1809 ms
sink processed: 133266, throughput: (event/s) 730.4321469636133
auctionsSrc processed: 166959, throughput: (event/s) 915.1037835974511
auctionsSrc_data processed: 166685, throughput: (event/s) 913.6019871282239
auctionsSrc_logEntry processed: 6944, throughput: (event/s) 38.06012657778676
personsSrc processed: 144244, throughput: (event/s) 790.6026638949127
personsSrc_epoch processed: 0, throughput: (event/s) 0
auctionsSrc_epoch processed: 0, throughput: (event/s) 0
auctionsSrc_ctrl processed: 274, throughput: (event/s) 1.501796469227185
personsSrc_data processed: 143970, throughput: (event/s) 789.1008674256855
personsSrc_ctrl processed: 274, throughput: (event/s) 1.501796469227185
personsSrc_logEntry processed: 7068, throughput: (event/s) 38.73977169524724
q3JoinTable-0 duration: 182.448158332

eventTimeLatency_sink, p50: 259 ms, p90: 1083 ms, p99: 2110 ms
auctionsSrc_logEntry processed: 6965, throughput: (event/s) 38.175549908737054
personsSrc_ctrl processed: 274, throughput: (event/s) 1.5018091421383997
auctionsSrc_data processed: 178281, throughput: (event/s) 977.1680133926133
personsSrc_epoch processed: 0, throughput: (event/s) 0
sink processed: 147542, throughput: (event/s) 808.6858556546853
auctionsSrc_epoch processed: 0, throughput: (event/s) 0
personsSrc_data processed: 144176, throughput: (event/s) 790.2366236384887
auctionsSrc_ctrl processed: 274, throughput: (event/s) 1.5018091421383997
personsSrc processed: 144450, throughput: (event/s) 791.7384327806271
personsSrc_logEntry processed: 7065, throughput: (event/s) 38.72365543506494
auctionsSrc processed: 178555, throughput: (event/s) 978.6698225347516
q3JoinTable-1 duration: 182.446618756

eventTimeLatency_sink, p50: 241 ms, p90: 1103 ms, p99: 1952 ms
personsSrc_logEntry processed: 7079, throughput: (event/s) 38.80036815199687
sink processed: 139555, throughput: (event/s) 764.9082324412944
personsSrc_ctrl processed: 274, throughput: (event/s) 1.5018082884089763
auctionsSrc_ctrl processed: 274, throughput: (event/s) 1.5018082884089763
auctionsSrc_data processed: 174629, throughput: (event/s) 957.1506554619384
auctionsSrc_epoch processed: 0, throughput: (event/s) 0
personsSrc_epoch processed: 0, throughput: (event/s) 0
auctionsSrc_logEntry processed: 6956, throughput: (event/s) 38.126198737857074
personsSrc processed: 144226, throughput: (event/s) 790.5102270221643
auctionsSrc processed: 174903, throughput: (event/s) 958.6524637503474
personsSrc_data processed: 143952, throughput: (event/s) 789.0084187337553
q3JoinTable-2 duration: 182.446722471

eventTimeLatency_sink, p50: 239 ms, p90: 1033 ms, p99: 1698 ms
personsSrc processed: 144475, throughput: (event/s) 788.2827018532686
personsSrc_data processed: 144201, throughput: (event/s) 786.7877064540106
personsSrc_ctrl processed: 274, throughput: (event/s) 1.4949953992579725
personsSrc_epoch processed: 0, throughput: (event/s) 0
auctionsSrc_data processed: 170055, throughput: (event/s) 927.8519803679362
auctionsSrc_logEntry processed: 6946, throughput: (event/s) 37.89867898994846
auctionsSrc_epoch processed: 0, throughput: (event/s) 0
auctionsSrc_ctrl processed: 274, throughput: (event/s) 1.4949953992579725
personsSrc_logEntry processed: 7071, throughput: (event/s) 38.580702438515054
sink processed: 137689, throughput: (event/s) 751.2570128774854
auctionsSrc processed: 170329, throughput: (event/s) 929.3469757671942
q3JoinTable-3 duration: 183.278155997

personsSrc_data processed 576299 events, duration: 183.278155997
personsSrc_ctrl processed 1096 events, duration: 183.278155997
auctionsSrc processed 690746 events, duration: 183.278155997
auctionsSrc_logEntry processed 27811 events, duration: 183.278155997
auctionsSrc_epoch processed 0 events, duration: 183.278155997
personsSrc_epoch processed 0 events, duration: 183.278155997
auctionsSrc_ctrl processed 1096 events, duration: 183.278155997
personsSrc_logEntry processed 28283 events, duration: 183.278155997
sink processed 558052 events, duration: 183.278155997
auctionsSrc_data processed 689650 events, duration: 183.278155997
personsSrc processed 577395 events, duration: 183.278155997

