wait for last: true, sink max_buf_size: 131072
warmup: 0
config: map[NodeConstraint:"1,2,3,4" NumInstance:4 OutputTopicName:["nexmark_src"] funcName:"source"]
config: map[InputTopicNames:["nexmark_src"] NodeConstraint:"5,6,7,8" NumInstance:4 NumSrcProducer:[1] OutputTopicName:["q3_aucsBySellerID_out","q3_personsByID_out"] funcName:"q3GroupBy"]
config: map[Final:true InputTopicNames:["q3_aucsBySellerID_out","q3_personsByID_out"] NodeConstraint:"5,6,7,8" NumInstance:4 NumSrcProducer:[4,4] OutputTopicName:["q3_out"] funcName:"q3JoinTable"]
srcInvokeConfig: &{FinalTpNames:[q3_out] TopicName:nexmark_src AppId:q3 NodeConstraint:1,2,3,4 AdditionalBytes:0 ScaleEpoch:0 NumOutPartition:4 InstanceID:0 NumSrcInstance:4}
cliNodes: [0xc0000261e0 0xc000026240]
inParamsMap: map[q3GroupBy:[0xc00007eaa0 0xc00007eb40 0xc00007ebe0 0xc00007ec80] q3JoinTable:[0xc00007ed20 0xc00007edc0 0xc00007ee60 0xc00007ef00]]
configScaleInput: &{Config:map[changelog:4 nexmark_src:4 q3GroupBy:4 q3JoinTable:4 q3_aucsBySellerID_out:4 q3_out:4 q3_personsByID_out:4 source:4] AppId:q3 FuncNames:[source q3GroupBy q3JoinTable] BufMaxSize:131072 ScaleEpoch:0 SerdeFormat:1 Bootstrap:false}
encoded json is {"sg":{"changelog":4,"nexmark_src":4,"q3GroupBy":4,"q3JoinTable":4,"q3_aucsBySellerID_out":4,"q3_out":4,"q3_personsByID_out":4,"source":4},"aid":"q3","fns":["source","q3GroupBy","q3JoinTable"],"bufMaxSize":131072,"epoch":1,"serdeFormat":1,"bs":true}, node constraint is 1
encoded json is {"outTpNames":["q3_out"]}, node constraint is 1
redis_setup url is http://ip-172-31-7-38.us-east-2.compute.internal:8080/function/redisSetup
encoded json is {"srcTpName":"nexmark_src","outTpNames":["q3_out"],"numOutParts":"BA==","chkptEveryMs":100,"bufMaxSize":131072,"srcNumPart":4,"gua":4,"serde_format":1}, node constraint is 1
chkptmngr url is http://ip-172-31-7-38.us-east-2.compute.internal:8080/function/chkptmngr
func source url is http://ip-172-31-7-38.us-east-2.compute.internal:8080/function/source
func source url is http://ip-172-31-7-38.us-east-2.compute.internal:8080/function/source
func source url is http://ip-172-31-7-38.us-east-2.compute.internal:8080/function/source
src instance: 4
func source url is http://ip-172-31-7-38.us-east-2.compute.internal:8080/function/source
encoded json is {"topic_name":"nexmark_src","rate_shape":"square","aid":"q3","events_num":23040000,"rate_period":10000000000,"finOutTpNs":["q3_out"],"first_event_rate":128000,"next_event_rate":128000,"bid_avg_size":100,"person_avg_size":200,"auction_avg_size":500,"duration":180,"person_proportion":1,"auction_proportion":3,"bid_proportion":46,"bid_hot_ratio_auctions":2,"bid_hot_ratio_bidders":4,"auction_hot_ratio_sellers":4,"flushms":100,"bufMaxSize":131072,"commEveryMs":100,"rate_limited":false,"waitEnd":true,"serde_format":1,"numOutPar":4,"parNum":1,"nSrcIns":4,"gua":4}, node constraint is 1,2,3,4
encoded json is {"topic_name":"nexmark_src","rate_shape":"square","aid":"q3","events_num":23040000,"rate_period":10000000000,"finOutTpNs":["q3_out"],"first_event_rate":128000,"next_event_rate":128000,"bid_avg_size":100,"person_avg_size":200,"auction_avg_size":500,"duration":180,"person_proportion":1,"auction_proportion":3,"bid_proportion":46,"bid_hot_ratio_auctions":2,"bid_hot_ratio_bidders":4,"auction_hot_ratio_sellers":4,"flushms":100,"bufMaxSize":131072,"commEveryMs":100,"rate_limited":false,"waitEnd":true,"serde_format":1,"numOutPar":4,"nSrcIns":4,"gua":4}, node constraint is 1,2,3,4
encoded json is {"topic_name":"nexmark_src","rate_shape":"square","aid":"q3","events_num":23040000,"rate_period":10000000000,"finOutTpNs":["q3_out"],"first_event_rate":128000,"next_event_rate":128000,"bid_avg_size":100,"person_avg_size":200,"auction_avg_size":500,"duration":180,"person_proportion":1,"auction_proportion":3,"bid_proportion":46,"bid_hot_ratio_auctions":2,"bid_hot_ratio_bidders":4,"auction_hot_ratio_sellers":4,"flushms":100,"bufMaxSize":131072,"commEveryMs":100,"rate_limited":false,"waitEnd":true,"serde_format":1,"numOutPar":4,"parNum":2,"nSrcIns":4,"gua":4}, node constraint is 1,2,3,4
encoded json is {"topic_name":"nexmark_src","rate_shape":"square","aid":"q3","events_num":23040000,"rate_period":10000000000,"finOutTpNs":["q3_out"],"first_event_rate":128000,"next_event_rate":128000,"bid_avg_size":100,"person_avg_size":200,"auction_avg_size":500,"duration":180,"person_proportion":1,"auction_proportion":3,"bid_proportion":46,"bid_hot_ratio_auctions":2,"bid_hot_ratio_bidders":4,"auction_hot_ratio_sellers":4,"flushms":100,"bufMaxSize":131072,"commEveryMs":100,"rate_limited":false,"waitEnd":true,"serde_format":1,"numOutPar":4,"parNum":3,"nSrcIns":4,"gua":4}, node constraint is 1,2,3,4
Waiting for all client to return
func name is q3JoinTable
func url is http://ip-172-31-7-38.us-east-2.compute.internal:8080/function/q3JoinTable
func name is q3JoinTable
func url is http://ip-172-31-7-38.us-east-2.compute.internal:8080/function/q3JoinTable
func name is q3GroupBy
func url is http://ip-172-31-7-38.us-east-2.compute.internal:8080/function/q3GroupBy
func name is q3GroupBy
func url is http://ip-172-31-7-38.us-east-2.compute.internal:8080/function/q3GroupBy
func name is q3GroupBy
func url is http://ip-172-31-7-38.us-east-2.compute.internal:8080/function/q3GroupBy
func name is q3JoinTable
func url is http://ip-172-31-7-38.us-east-2.compute.internal:8080/function/q3JoinTable
encoded json is {"aid":"q3","numOutPartition":"BA==","numSubstreamProducer":"BAQ=","outputTopicName":["q3_out"],"inputTopicName":["q3_aucsBySellerID_out","q3_personsByID_out"],"commEveryMs":100,"flushMs":100,"snapEveryS":10,"duration":180,"bufMaxSize":131072,"epoch":1,"waitEnd":true,"numChangelogPartition":4,"numInPartition":4,"ParNum":3,"gua":4,"serdeFormat":1}, node constraint is 5,6,7,8
encoded json is {"aid":"q3","numOutPartition":"BA==","numSubstreamProducer":"BAQ=","outputTopicName":["q3_out"],"inputTopicName":["q3_aucsBySellerID_out","q3_personsByID_out"],"commEveryMs":100,"flushMs":100,"snapEveryS":10,"duration":180,"bufMaxSize":131072,"epoch":1,"waitEnd":true,"numChangelogPartition":4,"numInPartition":4,"gua":4,"serdeFormat":1}, node constraint is 5,6,7,8
encoded json is {"aid":"q3","numOutPartition":"BA==","numSubstreamProducer":"BAQ=","outputTopicName":["q3_out"],"inputTopicName":["q3_aucsBySellerID_out","q3_personsByID_out"],"commEveryMs":100,"flushMs":100,"snapEveryS":10,"duration":180,"bufMaxSize":131072,"epoch":1,"waitEnd":true,"numChangelogPartition":4,"numInPartition":4,"ParNum":1,"gua":4,"serdeFormat":1}, node constraint is 5,6,7,8
func name is q3JoinTable
func url is http://ip-172-31-7-38.us-east-2.compute.internal:8080/function/q3JoinTable
encoded json is {"aid":"q3","numOutPartition":"BAQ=","numSubstreamProducer":"AQ==","outputTopicName":["q3_aucsBySellerID_out","q3_personsByID_out"],"inputTopicName":["nexmark_src"],"commEveryMs":100,"flushMs":100,"snapEveryS":10,"duration":180,"bufMaxSize":131072,"epoch":1,"waitEnd":true,"numChangelogPartition":4,"numInPartition":4,"ParNum":2,"gua":4,"serdeFormat":1}, node constraint is 5,6,7,8
encoded json is {"aid":"q3","numOutPartition":"BAQ=","numSubstreamProducer":"AQ==","outputTopicName":["q3_aucsBySellerID_out","q3_personsByID_out"],"inputTopicName":["nexmark_src"],"commEveryMs":100,"flushMs":100,"snapEveryS":10,"duration":180,"bufMaxSize":131072,"epoch":1,"waitEnd":true,"numChangelogPartition":4,"numInPartition":4,"gua":4,"serdeFormat":1}, node constraint is 5,6,7,8
encoded json is {"aid":"q3","numOutPartition":"BAQ=","numSubstreamProducer":"AQ==","outputTopicName":["q3_aucsBySellerID_out","q3_personsByID_out"],"inputTopicName":["nexmark_src"],"commEveryMs":100,"flushMs":100,"snapEveryS":10,"duration":180,"bufMaxSize":131072,"epoch":1,"waitEnd":true,"numChangelogPartition":4,"numInPartition":4,"ParNum":3,"gua":4,"serdeFormat":1}, node constraint is 5,6,7,8
encoded json is {"aid":"q3","numOutPartition":"BAQ=","numSubstreamProducer":"AQ==","outputTopicName":["q3_aucsBySellerID_out","q3_personsByID_out"],"inputTopicName":["nexmark_src"],"commEveryMs":100,"flushMs":100,"snapEveryS":10,"duration":180,"bufMaxSize":131072,"epoch":1,"waitEnd":true,"numChangelogPartition":4,"numInPartition":4,"ParNum":1,"gua":4,"serdeFormat":1}, node constraint is 5,6,7,8
encoded json is {"aid":"q3","numOutPartition":"BA==","numSubstreamProducer":"BAQ=","outputTopicName":["q3_out"],"inputTopicName":["q3_aucsBySellerID_out","q3_personsByID_out"],"commEveryMs":100,"flushMs":100,"snapEveryS":10,"duration":180,"bufMaxSize":131072,"epoch":1,"waitEnd":true,"numChangelogPartition":4,"numInPartition":4,"ParNum":2,"gua":4,"serdeFormat":1}, node constraint is 5,6,7,8
func name is q3GroupBy
func url is http://ip-172-31-7-38.us-east-2.compute.internal:8080/function/q3GroupBy
source-1 invoke done
source-2 invoke done
source-3 invoke done
source-0 invoke done
q3GroupBy-2 call done
q3GroupBy-1 call done
q3GroupBy-0 call done
q3GroupBy-3 call done
q3JoinTable-2 call done
q3JoinTable-0 call done
q3JoinTable-1 call done
q3JoinTable-3 call done
sink processed: 5759979, throughput: (event/s) 31999.17918712876
sink_ctrl processed: 2, throughput: (event/s) 0.011110866615009799
source-0 duration: 180.003960924

sink_ctrl processed: 2, throughput: (event/s) 0.011110895029510938
sink processed: 5760002, throughput: (event/s) 31999.38879588653
source-1 duration: 180.00350059

sink processed: 5760002, throughput: (event/s) 31999.30750571555
sink_ctrl processed: 2, throughput: (event/s) 0.011110866803766927
source-2 duration: 180.003957866

sink_ctrl processed: 2, throughput: (event/s) 0.01111078177661365
sink processed: 5760002, throughput: (event/s) 31999.06262742909
source-3 duration: 180.005335377

sink processed 23039985 events, duration: 180.005335377, tp: 127996.122736
sink_ctrl processed 8 events, duration: 180.005335377, tp: 0.044443

nexmark_src_src processed: 5760881, throughput: (event/s) 32000.978590830862
nexmark_src_src_ctrl processed: 904, throughput: (event/s) 5.021607744737498
nexmark_src_src_data processed: 5759977, throughput: (event/s) 31995.956983086126
nexmark_src_src_epoch processed: 0, throughput: (event/s) 0
nexmark_src_src_logEntry processed: 12306, throughput: (event/s) 68.35830188798633
perSink processed: 57691, throughput: (event/s) 320.4663411522688
aucSink processed: 69291, throughput: (event/s) 384.9029007086349
q3GroupBy-0 duration: 180.022026003

aucSink processed: 69097, throughput: (event/s) 383.8156452458712
nexmark_src_src processed: 5760904, throughput: (event/s) 32000.305164616708
nexmark_src_src_ctrl processed: 904, throughput: (event/s) 5.021482022407161
nexmark_src_src_data processed: 5760000, throughput: (event/s) 31995.2836825943
nexmark_src_src_epoch processed: 0, throughput: (event/s) 0
nexmark_src_src_logEntry processed: 12317, throughput: (event/s) 68.41769255529756
perSink processed: 57498, throughput: (event/s) 319.38625367739706
q3GroupBy-1 duration: 180.026533196

nexmark_src_src_epoch processed: 0, throughput: (event/s) 0
nexmark_src_src_logEntry processed: 12344, throughput: (event/s) 68.56858682002049
perSink processed: 57523, throughput: (event/s) 319.52939238885597
aucSink processed: 69014, throughput: (event/s) 383.3597254372079
nexmark_src_src processed: 5760904, throughput: (event/s) 32000.732832615304
nexmark_src_src_ctrl processed: 904, throughput: (event/s) 5.021549131991131
nexmark_src_src_data processed: 5760000, throughput: (event/s) 31995.71128348331
q3GroupBy-2 duration: 180.024127264

nexmark_src_src_data processed: 5760000, throughput: (event/s) 31995.28502868637
nexmark_src_src_epoch processed: 0, throughput: (event/s) 0
nexmark_src_src_logEntry processed: 12315, throughput: (event/s) 68.40658595976956
perSink processed: 57640, throughput: (event/s) 320.1750397662296
aucSink processed: 69630, throughput: (event/s) 386.77633620615137
nexmark_src_src processed: 5760904, throughput: (event/s) 32000.30651092004
nexmark_src_src_ctrl processed: 904, throughput: (event/s) 5.021482233668833
q3GroupBy-3 duration: 180.026525622

nexmark_src_src_data processed 23039977 events, duration: 180.026533196
nexmark_src_src_epoch processed 0 events, duration: 180.026533196
nexmark_src_src_logEntry processed 49282 events, duration: 180.026533196
perSink processed 230352 events, duration: 180.026533196
aucSink processed 277032 events, duration: 180.026533196
nexmark_src_src processed 23043593 events, duration: 180.026533196
nexmark_src_src_ctrl processed 3616 events, duration: 180.026533196

eventTimeLatency_sink, p50: 129 ms, p90: 235 ms, p99: 936 ms
auctionsSrc_epoch processed: 0, throughput: (event/s) 0
auctionsSrc_logEntry processed: 3576, throughput: (event/s) 19.843510693505486
auctionsSrc processed: 68321, throughput: (event/s) 379.1187064012831
personsSrc processed: 58430, throughput: (event/s) 324.232754424364
personsSrc_data processed: 57523, throughput: (event/s) 319.19973870875725
auctionsSrc_data processed: 67414, throughput: (event/s) 374.0856906856764
personsSrc_ctrl processed: 907, throughput: (event/s) 5.033015715606677
personsSrc_epoch processed: 0, throughput: (event/s) 0
personsSrc_logEntry processed: 3616, throughput: (event/s) 20.065473900367962
auctionsSrc_ctrl processed: 907, throughput: (event/s) 5.033015715606677
sink processed: 39712, throughput: (event/s) 220.36507177306763
q3JoinTable-0 duration: 180.210047266

eventTimeLatency_sink, p50: 130 ms, p90: 238 ms, p99: 1167 ms
personsSrc_data processed: 57670, throughput: (event/s) 319.97788617171
auctionsSrc processed: 69838, throughput: (event/s) 387.49116723530227
auctionsSrc_ctrl processed: 907, throughput: (event/s) 5.032424878753962
auctionsSrc_logEntry processed: 3589, throughput: (event/s) 19.91331079365818
auctionsSrc_data processed: 68931, throughput: (event/s) 382.4587423565483
sink processed: 40988, throughput: (event/s) 227.41899771815588
personsSrc_logEntry processed: 3616, throughput: (event/s) 20.063118369982718
auctionsSrc_epoch processed: 0, throughput: (event/s) 0
personsSrc_ctrl processed: 907, throughput: (event/s) 5.032424878753962
personsSrc processed: 58577, throughput: (event/s) 325.01031105046394
personsSrc_epoch processed: 0, throughput: (event/s) 0
q3JoinTable-1 duration: 180.231205006

eventTimeLatency_sink, p50: 126 ms, p90: 251 ms, p99: 1081 ms
auctionsSrc_ctrl processed: 907, throughput: (event/s) 5.033488436299139
auctionsSrc_logEntry processed: 3587, throughput: (event/s) 19.906420089310927
personsSrc processed: 58073, throughput: (event/s) 322.2819999572215
personsSrc_data processed: 57166, throughput: (event/s) 317.24851152092236
auctionsSrc_epoch processed: 0, throughput: (event/s) 0
personsSrc_epoch processed: 0, throughput: (event/s) 0
personsSrc_logEntry processed: 3616, throughput: (event/s) 20.067358528839787
sink processed: 40742, throughput: (event/s) 226.10185873395758
auctionsSrc_data processed: 66966, throughput: (event/s) 371.63460487895054
personsSrc_ctrl processed: 907, throughput: (event/s) 5.033488436299139
auctionsSrc processed: 67873, throughput: (event/s) 376.6680933152497
q3JoinTable-2 duration: 180.193122817

eventTimeLatency_sink, p50: 128 ms, p90: 239 ms, p99: 863 ms
auctionsSrc_data processed: 73721, throughput: (event/s) 409.01420452535365
personsSrc processed: 58900, throughput: (event/s) 326.7852667020704
personsSrc_ctrl processed: 907, throughput: (event/s) 5.03216021899453
personsSrc_logEntry processed: 3616, throughput: (event/s) 20.06206323250741
personsSrc_epoch processed: 0, throughput: (event/s) 0
sink processed: 45809, throughput: (event/s) 254.15460581248118
auctionsSrc processed: 74628, throughput: (event/s) 414.0463647443481
auctionsSrc_logEntry processed: 3594, throughput: (event/s) 19.940004219477775
auctionsSrc_ctrl processed: 907, throughput: (event/s) 5.03216021899453
auctionsSrc_epoch processed: 0, throughput: (event/s) 0
personsSrc_data processed: 57993, throughput: (event/s) 321.75310648307584
q3JoinTable-3 duration: 180.240684026

sink processed 167251 events, duration: 180.240684026
auctionsSrc_epoch processed 0 events, duration: 180.240684026
personsSrc_data processed 230352 events, duration: 180.240684026
personsSrc_ctrl processed 3628 events, duration: 180.240684026
personsSrc_epoch processed 0 events, duration: 180.240684026
personsSrc_logEntry processed 14464 events, duration: 180.240684026
auctionsSrc_logEntry processed 14346 events, duration: 180.240684026
auctionsSrc processed 280660 events, duration: 180.240684026
personsSrc processed 233980 events, duration: 180.240684026
auctionsSrc_data processed 277032 events, duration: 180.240684026
auctionsSrc_ctrl processed 3628 events, duration: 180.240684026

