parallel restore str: , false
env str: , async2ndPhase: false
env str: , create snapshot: false
2024/03/03 07:35:00 [INFO] Load configuration for function scale[40]
2024/03/03 07:35:00 [INFO] Load configuration for function chkptmngr[60]
2024/03/03 07:35:00 [INFO] Load configuration for function redisSetup[70]
2024/03/03 07:35:00 [INFO] Load configuration for function source[20]
2024/03/03 07:35:00 [INFO] Load configuration for function query1[30]
2024/03/03 07:35:00 [INFO] Parse FAAS_ENGINE_ID: 8
2024/03/03 07:35:00 [INFO] Parse FAAS_ENGINE_ID: 8
2024/03/03 07:35:00 [INFO] Current GOMAXPROCS is 2
2024/03/03 07:35:00 [INFO] Parse FAAS_ENGINE_ID: 8
2024/03/03 07:35:00 [INFO] Current GOMAXPROCS is 3
2024/03/03 07:35:00 [INFO] Parse FAAS_ENGINE_ID: 8
2024/03/03 07:35:00 [INFO] Current GOMAXPROCS is 4
2024/03/03 07:35:00 [INFO] Start new FuncWorker with client id 1
2024/03/03 07:35:00 [INFO] Start new FuncWorker with client id 2
2024/03/03 07:35:00 [INFO] Start new FuncWorker with client id 4
2024/03/03 07:35:00 [INFO] Start new FuncWorker with client id 3
Enter nexmark: funcName: query1
2024/03/03 07:35:00 [INFO] Handshake with engine done
Enter nexmark: funcName: query1
Enter nexmark: funcName: query1
2024/03/03 07:35:00 [INFO] Handshake with engine done
2024/03/03 07:35:00 [INFO] Handshake with engine done
Enter nexmark: funcName: query1
2024/03/03 07:35:00 [INFO] Handshake with engine done
new buffered sink stream nexmark_src[0] with bufMaxSize 131072
new buffered sink stream nexmark_src[1] with bufMaxSize 131072
new buffered sink stream nexmark_src[2] with bufMaxSize 131072
new buffered sink stream nexmark_src[3] with bufMaxSize 131072
new buffered sink stream q1_out[0] with bufMaxSize 131072
new buffered sink stream q1_out[1] with bufMaxSize 131072
new buffered sink stream q1_out[2] with bufMaxSize 131072
new buffered sink stream q1_out[3] with bufMaxSize 131072
nexmark_src notEnded: map[1:{}], notScaleFence: map[1:{}]
redis address is [snapcache-1:6666 snapcache-2:6666 snapcache-3:6666 snapcache-4:6666]
new buffered sink stream __control_log_q1[0] with bufMaxSize 131072
new buffered sink stream __control_log_q1[0] with bufMaxSize 131072
[0] finished prev task source, funcName query1, meta epoch 0, current epoch 1, cmm instance 1, remain instances: map[]
[1] finished prev task source, funcName query1, meta epoch 0, current epoch 1, cmm instance 1, remain instances: map[]
[2] finished prev task source, funcName query1, meta epoch 0, current epoch 1, cmm instance 1, remain instances: map[]
[3] finished prev task source, funcName query1, meta epoch 0, current epoch 1, cmm instance 1, remain instances: map[]
[0] finished prev task query1, funcName query1, meta epoch 0, current epoch 1, cmm instance 1, remain instances: map[]
[1] prodId: ProducerId: {TaskId: 0x2000100000001, TaskEpoch: 0x1}, warmup time: 0s, flush every: 100ms, waitEndMark: true
nexmark_src_src counter: dur=10.00231725s, value=40257, rate=4024.767360783322 per second
q1_out_sink counter: dur=10.000058095s, value=36914, rate=3691.378554936285 per second
q1_out_sink stats (36914 samples): dur=10.000131872s, p50=0, p90=0, p99=1
q1_out_bufEntry_1 stats (200 samples): dur=11.186787814s, p50=212, p90=340, p99=384
q1_out_bufSize_1 stats (200 samples): dur=11.1868101s, p50=53955, p90=87267, p99=97762
nexmark_src_src counter: dur=10.007189453s, value=80380, rate=4009.4174481699 per second
q1_out_sink counter: dur=10.00718962s, value=73738, rate=3679.754396419641 per second
q1_out_sink stats (36824 samples): dur=10.007202135s, p50=0, p90=0, p99=1
WaitAlignTime_0(ms) stats (200 samples): dur=22.060700754s, p50=0, p90=0, p99=0
createChkpt_1(ms) stats (200 samples): dur=22.057556999s, p50=1, p90=1, p99=2
q1_out_bufEntry_1 stats (200 samples): dur=11.205957609s, p50=208, p90=340, p99=384
q1_out_bufSize_1 stats (200 samples): dur=11.205956109s, p50=52960, p90=86791, p99=97727
nexmark_src_src counter: dur=10.008102103s, value=120502, rate=4008.9519058736564 per second
q1_out_sink counter: dur=10.008109562s, value=110570, rate=3680.2155064177346 per second
q1_out_sink stats (36832 samples): dur=10.008095097s, p50=0, p90=0, p99=1
q1_out_bufEntry_1 stats (200 samples): dur=11.208505515s, p50=208, p90=340, p99=384
q1_out_bufSize_1 stats (200 samples): dur=11.208513234s, p50=53205, p90=86540, p99=97708
nexmark_src_src counter: dur=10.00079707s, value=160596, rate=4009.080448224713 per second
q1_out_sink counter: dur=10.000784784s, value=147378, rate=3680.5111593730303 per second
q1_out_sink stats (36808 samples): dur=10.000782734s, p50=0, p90=0, p99=1
WaitAlignTime_0(ms) stats (200 samples): dur=22.147931215s, p50=0, p90=0, p99=0
createChkpt_1(ms) stats (200 samples): dur=22.147447437s, p50=1, p90=1, p99=2
q1_out_bufEntry_1 stats (200 samples): dur=11.268685057s, p50=212, p90=340, p99=387
q1_out_bufSize_1 stats (200 samples): dur=11.268676796s, p50=53828, p90=86558, p99=98224
nexmark_src_src counter: dur=10.008867255s, value=200723, rate=4009.1449889051405 per second
q1_out_sink counter: dur=10.008870999s, value=184206, rate=3679.5358840851814 per second
q1_out_sink stats (36828 samples): dur=10.008879332s, p50=0, p90=0, p99=1
q1_out_bufEntry_1 stats (200 samples): dur=11.319977523s, p50=212, p90=344, p99=384
q1_out_bufSize_1 stats (200 samples): dur=11.31998115s, p50=53562, p90=87577, p99=98137
nexmark_src_src counter: dur=10.002792662s, value=240821, rate=4008.680511026672 per second
q1_out_sink counter: dur=10.002788905s, value=221018, rate=3680.173634534978 per second
q1_out_sink stats (36812 samples): dur=10.002785227s, p50=0, p90=0, p99=1
WaitAlignTime_0(ms) stats (200 samples): dur=22.18258468s, p50=0, p90=0, p99=0
createChkpt_1(ms) stats (200 samples): dur=22.183287995s, p50=1, p90=1, p99=2
q1_out_bufEntry_1 stats (200 samples): dur=11.306161327s, p50=212, p90=344, p99=384
q1_out_bufSize_1 stats (200 samples): dur=11.306171882s, p50=53951, p90=86860, p99=97866
nexmark_src_src counter: dur=10.003780721s, value=280927, rate=4009.084277088284 per second
q1_out_sink counter: dur=10.003817031s, value=257831, rate=3679.89537252863 per second
q1_out_sink stats (36813 samples): dur=10.003853613s, p50=0, p90=0, p99=1
q1_out_bufEntry_1 stats (200 samples): dur=11.268382984s, p50=212, p90=340, p99=384
q1_out_bufSize_1 stats (200 samples): dur=11.268372401s, p50=53762, p90=86858, p99=98642
nexmark_src_src counter: dur=10.00769434s, value=321006, rate=4004.818556438845 per second
q1_out_sink counter: dur=10.010940253s, value=294662, rate=3679.0749988706384 per second
q1_out_sink stats (36831 samples): dur=10.010917258s, p50=0, p90=0, p99=1
WaitAlignTime_0(ms) stats (200 samples): dur=22.127187284s, p50=0, p90=0, p99=0
createChkpt_1(ms) stats (200 samples): dur=22.126690987s, p50=1, p90=1, p99=2
nexmark_src_src counter: dur=10.008694251s, value=361172, rate=4013.110900653888 per second
q1_out_sink counter: dur=10.005412073s, value=331486, rate=3680.4081362496822 per second
q1_out_sink stats (36824 samples): dur=10.00539876s, p50=0, p90=0, p99=1
q1_out_bufEntry_1 stats (200 samples): dur=11.310628581s, p50=212, p90=344, p99=384
q1_out_bufSize_1 stats (200 samples): dur=11.310628612s, p50=53965, p90=87108, p99=97860
nexmark_src_src counter: dur=10.001898311s, value=401270, rate=4009.038959724333 per second
q1_out_sink counter: dur=10.001900715s, value=368294, rate=3680.100517774436 per second
q1_out_sink stats (36808 samples): dur=10.001899867s, p50=0, p90=0, p99=1
q1_out_bufEntry_1 stats (200 samples): dur=11.196466118s, p50=212, p90=344, p99=387
q1_out_bufSize_1 stats (200 samples): dur=11.196464746s, p50=53753, p90=87503, p99=98172
nexmark_src_src counter: dur=10.005949872s, value=441388, rate=4009.4144497229195 per second
q1_out_sink counter: dur=10.005942878s, value=405122, rate=3680.612656801537 per second
q1_out_sink stats (36828 samples): dur=10.005940122s, p50=0, p90=0, p99=1
WaitAlignTime_0(ms) stats (200 samples): dur=22.176884531s, p50=0, p90=0, p99=0
createChkpt_1(ms) stats (200 samples): dur=22.177066982s, p50=1, p90=1, p99=2
q1_out_bufEntry_1 stats (200 samples): dur=11.13080786s, p50=212, p90=340, p99=384
q1_out_bufSize_1 stats (200 samples): dur=11.130808795s, p50=53673, p90=86625, p99=98032
nexmark_src_src counter: dur=10.006855698s, value=481507, rate=4009.151446844417 per second
q1_out_sink counter: dur=10.006858596s, value=441950, rate=3680.2758474793577 per second
q1_out_sink stats (36828 samples): dur=10.006855319s, p50=0, p90=0, p99=1
q1_out_bufEntry_1 stats (200 samples): dur=11.299402041s, p50=212, p90=344, p99=388
q1_out_bufSize_1 stats (200 samples): dur=11.299418193s, p50=53789, p90=87333, p99=98272
nexmark_src_src counter: dur=10.009000153s, value=521633, rate=4008.9918460010235 per second
q1_out_sink counter: dur=10.009008949s, value=478782, rate=3679.8848105415955 per second
q1_out_sink stats (36832 samples): dur=10.009012525s, p50=0, p90=0, p99=1
WaitAlignTime_0(ms) stats (200 samples): dur=22.159790382s, p50=0, p90=0, p99=0
createChkpt_1(ms) stats (200 samples): dur=22.160591431s, p50=1, p90=2, p99=2
q1_out_bufEntry_1 stats (200 samples): dur=11.032189902s, p50=212, p90=343, p99=384
q1_out_bufSize_1 stats (200 samples): dur=11.032173345s, p50=53659, p90=87240, p99=97627
nexmark_src_src counter: dur=10.00471949s, value=561739, rate=4008.7080942236394 per second
q1_out_sink counter: dur=10.00471546s, value=515594, rate=3679.4649630145504 per second
q1_out_sink stats (36812 samples): dur=10.004715449s, p50=0, p90=0, p99=1
q1_out_bufEntry_1 stats (200 samples): dur=11.104689827s, p50=212, p90=341, p99=384
q1_out_bufSize_1 stats (200 samples): dur=11.10469025s, p50=53775, p90=86773, p99=98303
nexmark_src_src counter: dur=10.008008057s, value=601857, rate=4008.5898983604307 per second
q1_out_sink counter: dur=10.008035477s, value=552422, rate=3679.8430705642872 per second
q1_out_sink stats (36828 samples): dur=10.008067885s, p50=0, p90=0, p99=1
WaitAlignTime_0(ms) stats (200 samples): dur=22.229227607s, p50=0, p90=0, p99=0
createChkpt_1(ms) stats (200 samples): dur=22.228830445s, p50=1, p90=1, p99=19
q1_out_bufEntry_1 stats (200 samples): dur=11.162743498s, p50=212, p90=344, p99=384
q1_out_bufSize_1 stats (200 samples): dur=11.162742616s, p50=53429, p90=86950, p99=97144
nexmark_src_src counter: dur=10.000732136s, value=641955, rate=4009.5064495986016 per second
q1_out_sink counter: dur=10.000699565s, value=589226, rate=3680.1425501076933 per second
q1_out_sink stats (36804 samples): dur=10.000677822s, p50=0, p90=0, p99=1
q1_out_bufEntry_1 stats (200 samples): dur=11.302311178s, p50=212, p90=340, p99=384
q1_out_bufSize_1 stats (200 samples): dur=11.302312012s, p50=53819, p90=86479, p99=97984
nexmark_src_src counter: dur=10.003417901s, value=682061, rate=4009.229684985046 per second
q1_out_sink counter: dur=10.003422929s, value=626042, rate=3680.3402456643253 per second
q1_out_sink stats (36816 samples): dur=10.003407199s, p50=0, p90=0, p99=1
WaitAlignTime_0(ms) stats (200 samples): dur=22.178303409s, p50=0, p90=0, p99=0
createChkpt_1(ms) stats (200 samples): dur=22.178793522s, p50=1, p90=1, p99=2
q1_out_bufEntry_1 stats (200 samples): dur=11.062737454s, p50=209, p90=340, p99=384
q1_out_bufSize_1 stats (200 samples): dur=11.062736548s, p50=53289, p90=86752, p99=97396
1 producer ended, map[] remain
exit due to ctrlMsg
createChkpt_1(ms) (24 samples): dur=2.65856298s, data=[1 1 1 1 1 1 1 1 1 1 1 2 1 1 1 1 1 1 1 1 1 1 1 1]
[1]duration: 180.030660 s, uts: 1709451606966
WaitAlignTime_0(ms) (24 samples): dur=2.664021177s, data=[0 0 0 0 0 0 0 0 0 0 0 0 0 0 0 0 0 0 0 0 0 0 0 0]
nexmark_src_src msgCnt 721625, ctrlCnt 1625, epochCnt 0, logEntry 15584
sink msgCnt 662400, ctrlCnt 1625
