wait for last: true
warmup: 0
config: map[NodeConstraint:"1,2,3,4" NumInstance:4 OutputTopicName:["nexmark_src"] funcName:"source"]
config: map[InputTopicNames:["nexmark_src"] NodeConstraint:"5,6,7,8" NumInstance:4 NumSrcProducer:[1] OutputTopicName:["bids"] funcName:"q5bidkeyedbyauction"]
config: map[InputTopicNames:["bids"] NodeConstraint:"5,6,7,8" NumInstance:4 NumSrcProducer:[4] OutputTopicName:["aucBids"] funcName:"q5aucbids"]
config: map[InputTopicNames:["aucBids"] NodeConstraint:"5,6,7,8" NumInstance:4 NumSrcProducer:[4] OutputTopicName:["q5_out"] funcName:"q5maxbid"]
srcInvokeConfig: {TopicName:nexmark_src AppId:q5 NodeConstraint:1,2,3,4 ScaleEpoch:0 NumOutPartition:4 InstanceID:0 NumSrcInstance:4}
cliNodes: [0xc000026200 0xc000026240 0xc000026280]
inParamsMap: map[q5aucbids:[0xc000000fa0 0xc000001040 0xc0000010e0 0xc000001180] q5bidkeyedbyauction:[0xc000000d20 0xc000000dc0 0xc000000e60 0xc000000f00] q5maxbid:[0xc000001220 0xc0000012c0 0xc000001360 0xc000001400]]
configScaleInput: {Config:map[aucBids:4 bids:4 changelog:4 nexmark_src:4 q5_out:4 q5aucbids:4 q5bidkeyedbyauction:4 q5maxbid:4 source:4] AppId:q5 FuncNames:[source q5bidkeyedbyauction q5aucbids q5maxbid] ScaleEpoch:0 SerdeFormat:1 Bootstrap:false}
encoded json is {"sg":{"aucBids":4,"bids":4,"changelog":4,"nexmark_src":4,"q5_out":4,"q5aucbids":4,"q5bidkeyedbyauction":4,"q5maxbid":4,"source":4},"aid":"q5","fns":["source","q5bidkeyedbyauction","q5aucbids","q5maxbid"],"epoch":1,"serdeFormat":1,"bs":true}, node constraint is 1
func source url is http://ip-172-31-4-253.us-east-2.compute.internal:8080/function/source
func source url is http://ip-172-31-4-253.us-east-2.compute.internal:8080/function/source
func source url is http://ip-172-31-4-253.us-east-2.compute.internal:8080/function/source
src instance: 4
encoded json is {"topic_name":"nexmark_src","rate_shape":"square","aid":"q5","events_num":23040000,"rate_period":10000000000,"bid_avg_size":100,"first_event_rate":128000,"next_event_rate":128000,"person_avg_size":200,"auction_avg_size":500,"duration":180,"person_proportion":1,"auction_proportion":3,"bid_proportion":46,"bid_hot_ratio_auctions":2,"bid_hot_ratio_bidders":4,"auction_hot_ratio_sellers":4,"flushms":100,"rate_limited":false,"waitEnd":true,"serde_format":1,"numOutPar":4,"parNum":3,"nSrcIns":4}, node constraint is 1,2,3,4
func source url is http://ip-172-31-4-253.us-east-2.compute.internal:8080/function/source
encoded json is {"topic_name":"nexmark_src","rate_shape":"square","aid":"q5","events_num":23040000,"rate_period":10000000000,"bid_avg_size":100,"first_event_rate":128000,"next_event_rate":128000,"person_avg_size":200,"auction_avg_size":500,"duration":180,"person_proportion":1,"auction_proportion":3,"bid_proportion":46,"bid_hot_ratio_auctions":2,"bid_hot_ratio_bidders":4,"auction_hot_ratio_sellers":4,"flushms":100,"rate_limited":false,"waitEnd":true,"serde_format":1,"numOutPar":4,"parNum":1,"nSrcIns":4}, node constraint is 1,2,3,4
encoded json is {"topic_name":"nexmark_src","rate_shape":"square","aid":"q5","events_num":23040000,"rate_period":10000000000,"bid_avg_size":100,"first_event_rate":128000,"next_event_rate":128000,"person_avg_size":200,"auction_avg_size":500,"duration":180,"person_proportion":1,"auction_proportion":3,"bid_proportion":46,"bid_hot_ratio_auctions":2,"bid_hot_ratio_bidders":4,"auction_hot_ratio_sellers":4,"flushms":100,"rate_limited":false,"waitEnd":true,"serde_format":1,"numOutPar":4,"nSrcIns":4}, node constraint is 1,2,3,4
encoded json is {"topic_name":"nexmark_src","rate_shape":"square","aid":"q5","events_num":23040000,"rate_period":10000000000,"bid_avg_size":100,"first_event_rate":128000,"next_event_rate":128000,"person_avg_size":200,"auction_avg_size":500,"duration":180,"person_proportion":1,"auction_proportion":3,"bid_proportion":46,"bid_hot_ratio_auctions":2,"bid_hot_ratio_bidders":4,"auction_hot_ratio_sellers":4,"flushms":100,"rate_limited":false,"waitEnd":true,"serde_format":1,"numOutPar":4,"parNum":2,"nSrcIns":4}, node constraint is 1,2,3,4
encoded json is {"aid":"q5","numOutPartition":"BA==","numSubstreamProducer":"BA==","outputTopicName":["q5_out"],"inputTopicName":["aucBids"],"commEveryMs":100,"flushMs":100,"duration":180,"epoch":1,"waitEnd":true,"numChangelogPartition":4,"numInPartition":4,"ParNum":3,"gua":2,"serdeFormat":1}, node constraint is 5,6,7,8
encoded json is {"aid":"q5","numOutPartition":"BA==","numSubstreamProducer":"AQ==","outputTopicName":["bids"],"inputTopicName":["nexmark_src"],"commEveryMs":100,"flushMs":100,"duration":180,"epoch":1,"waitEnd":true,"numChangelogPartition":4,"numInPartition":4,"ParNum":3,"gua":2,"serdeFormat":1}, node constraint is 5,6,7,8
encoded json is {"aid":"q5","numOutPartition":"BA==","numSubstreamProducer":"AQ==","outputTopicName":["bids"],"inputTopicName":["nexmark_src"],"commEveryMs":100,"flushMs":100,"duration":180,"epoch":1,"waitEnd":true,"numChangelogPartition":4,"numInPartition":4,"ParNum":2,"gua":2,"serdeFormat":1}, node constraint is 5,6,7,8
encoded json is {"aid":"q5","numOutPartition":"BA==","numSubstreamProducer":"AQ==","outputTopicName":["bids"],"inputTopicName":["nexmark_src"],"commEveryMs":100,"flushMs":100,"duration":180,"epoch":1,"waitEnd":true,"numChangelogPartition":4,"numInPartition":4,"gua":2,"serdeFormat":1}, node constraint is 5,6,7,8
encoded json is {"aid":"q5","numOutPartition":"BA==","numSubstreamProducer":"BA==","outputTopicName":["q5_out"],"inputTopicName":["aucBids"],"commEveryMs":100,"flushMs":100,"duration":180,"epoch":1,"waitEnd":true,"numChangelogPartition":4,"numInPartition":4,"gua":2,"serdeFormat":1}, node constraint is 5,6,7,8
encoded json is {"aid":"q5","numOutPartition":"BA==","numSubstreamProducer":"AQ==","outputTopicName":["bids"],"inputTopicName":["nexmark_src"],"commEveryMs":100,"flushMs":100,"duration":180,"epoch":1,"waitEnd":true,"numChangelogPartition":4,"numInPartition":4,"ParNum":1,"gua":2,"serdeFormat":1}, node constraint is 5,6,7,8
encoded json is {"aid":"q5","numOutPartition":"BA==","numSubstreamProducer":"BA==","outputTopicName":["q5_out"],"inputTopicName":["aucBids"],"commEveryMs":100,"flushMs":100,"duration":180,"epoch":1,"waitEnd":true,"numChangelogPartition":4,"numInPartition":4,"ParNum":2,"gua":2,"serdeFormat":1}, node constraint is 5,6,7,8
encoded json is {"aid":"q5","numOutPartition":"BA==","numSubstreamProducer":"BA==","outputTopicName":["aucBids"],"inputTopicName":["bids"],"commEveryMs":100,"flushMs":100,"duration":180,"epoch":1,"waitEnd":true,"numChangelogPartition":4,"numInPartition":4,"ParNum":2,"gua":2,"serdeFormat":1}, node constraint is 5,6,7,8
encoded json is {"aid":"q5","numOutPartition":"BA==","numSubstreamProducer":"BA==","outputTopicName":["aucBids"],"inputTopicName":["bids"],"commEveryMs":100,"flushMs":100,"duration":180,"epoch":1,"waitEnd":true,"numChangelogPartition":4,"numInPartition":4,"ParNum":1,"gua":2,"serdeFormat":1}, node constraint is 5,6,7,8
Waiting for all client to return
func name is q5maxbid
func url is http://ip-172-31-4-253.us-east-2.compute.internal:8080/function/q5maxbid
func name is q5aucbids
func url is http://ip-172-31-4-253.us-east-2.compute.internal:8080/function/q5aucbids
func name is q5maxbid
func url is http://ip-172-31-4-253.us-east-2.compute.internal:8080/function/q5maxbid
func name is q5aucbids
func url is http://ip-172-31-4-253.us-east-2.compute.internal:8080/function/q5aucbids
func name is q5aucbids
func url is http://ip-172-31-4-253.us-east-2.compute.internal:8080/function/q5aucbids
func name is q5bidkeyedbyauction
func url is http://ip-172-31-4-253.us-east-2.compute.internal:8080/function/q5bidkeyedbyauction
func name is q5bidkeyedbyauction
func url is http://ip-172-31-4-253.us-east-2.compute.internal:8080/function/q5bidkeyedbyauction
func name is q5bidkeyedbyauction
func url is http://ip-172-31-4-253.us-east-2.compute.internal:8080/function/q5bidkeyedbyauction
func name is q5bidkeyedbyauction
func url is http://ip-172-31-4-253.us-east-2.compute.internal:8080/function/q5bidkeyedbyauction
func name is q5aucbids
func url is http://ip-172-31-4-253.us-east-2.compute.internal:8080/function/q5aucbids
func name is q5maxbid
func url is http://ip-172-31-4-253.us-east-2.compute.internal:8080/function/q5maxbid
func name is q5maxbid
func url is http://ip-172-31-4-253.us-east-2.compute.internal:8080/function/q5maxbid
encoded json is {"aid":"q5","numOutPartition":"BA==","numSubstreamProducer":"BA==","outputTopicName":["aucBids"],"inputTopicName":["bids"],"commEveryMs":100,"flushMs":100,"duration":180,"epoch":1,"waitEnd":true,"numChangelogPartition":4,"numInPartition":4,"ParNum":3,"gua":2,"serdeFormat":1}, node constraint is 5,6,7,8
encoded json is {"aid":"q5","numOutPartition":"BA==","numSubstreamProducer":"BA==","outputTopicName":["aucBids"],"inputTopicName":["bids"],"commEveryMs":100,"flushMs":100,"duration":180,"epoch":1,"waitEnd":true,"numChangelogPartition":4,"numInPartition":4,"gua":2,"serdeFormat":1}, node constraint is 5,6,7,8
encoded json is {"aid":"q5","numOutPartition":"BA==","numSubstreamProducer":"BA==","outputTopicName":["q5_out"],"inputTopicName":["aucBids"],"commEveryMs":100,"flushMs":100,"duration":180,"epoch":1,"waitEnd":true,"numChangelogPartition":4,"numInPartition":4,"ParNum":1,"gua":2,"serdeFormat":1}, node constraint is 5,6,7,8
source-3 invoke done
source-2 invoke done
source-0 invoke done
source-1 invoke done
q5bidkeyedbyauction-3 call done
q5bidkeyedbyauction-0 call done
q5bidkeyedbyauction-2 call done
q5bidkeyedbyauction-1 call done
q5aucbids-0 call done
q5aucbids-3 call done
q5aucbids-2 call done
q5aucbids-1 call done
q5maxbid-1 call done
q5maxbid-0 call done
q5maxbid-2 call done
q5maxbid-3 call done
sink processed: 5759969, throughput: (event/s) 31999.251800667367
sink_ctrl processed: 1, throughput: (event/s) 0.005555455558991266
source-0 duration: 180.003239947

sink processed: 5759974, throughput: (event/s) 31999.290614301844
sink_ctrl processed: 1, throughput: (event/s) 0.005555457475034061
source-1 duration: 180.003177865

sink_ctrl processed: 1, throughput: (event/s) 0.005555432927151295
sink processed: 5760001, throughput: (event/s) 31999.299215824387
source-2 duration: 180.003973248

sink processed: 5760001, throughput: (event/s) 31999.52811424066
sink_ctrl processed: 1, throughput: (event/s) 0.005555472666452776
source-3 duration: 180.002685647

sink processed 23039945 events, duration: 180.003973248, tp: 127996.869093
sink_ctrl processed 4 events, duration: 180.003973248, tp: 0.022222

nexmark_src_src_epoch processed: 0, throughput: (event/s) 0
nexmark_src_src_logEntry processed: 12302, throughput: (event/s) 68.33683558768591
sink processed: 5299170, throughput: (event/s) 29436.555766639376
nexmark_src_src processed: 5759969, throughput: (event/s) 31996.265204289357
nexmark_src_src_ctrl processed: 1, throughput: (event/s) 0.005554937049885053
nexmark_src_src_data processed: 5759968, throughput: (event/s) 31996.25964935231
q5bidkeyedbyauction-0 duration: 180.020041815

sink processed: 5299175, throughput: (event/s) 29436.079196035695
nexmark_src_src processed: 5759974, throughput: (event/s) 31995.74477746187
nexmark_src_src_ctrl processed: 1, throughput: (event/s) 0.005554841875581707
nexmark_src_src_data processed: 5759973, throughput: (event/s) 31995.73922261999
nexmark_src_src_epoch processed: 0, throughput: (event/s) 0
nexmark_src_src_logEntry processed: 12301, throughput: (event/s) 68.33010991153058
q5bidkeyedbyauction-1 duration: 180.023126202

sink processed: 5299200, throughput: (event/s) 29436.22264627989
nexmark_src_src processed: 5760001, throughput: (event/s) 31995.899735581752
nexmark_src_src_ctrl processed: 1, throughput: (event/s) 0.005554842739711634
nexmark_src_src_data processed: 5760000, throughput: (event/s) 31995.89418073901
nexmark_src_src_epoch processed: 0, throughput: (event/s) 0
nexmark_src_src_logEntry processed: 12308, throughput: (event/s) 68.36900444037079
q5bidkeyedbyauction-2 duration: 180.023098197

nexmark_src_src processed: 5760001, throughput: (event/s) 31996.24792473161
nexmark_src_src_ctrl processed: 1, throughput: (event/s) 0.005554903189206323
nexmark_src_src_data processed: 5760000, throughput: (event/s) 31996.242369828422
nexmark_src_src_epoch processed: 0, throughput: (event/s) 0
nexmark_src_src_logEntry processed: 12319, throughput: (event/s) 68.43085238783269
sink processed: 5299200, throughput: (event/s) 29436.542980242146
q5bidkeyedbyauction-3 duration: 180.021139152

nexmark_src_src_logEntry processed 49230 events, duration: 180.023126202
sink processed 21196745 events, duration: 180.023126202
nexmark_src_src processed 23039945 events, duration: 180.023126202
nexmark_src_src_ctrl processed 4 events, duration: 180.023126202
nexmark_src_src_data processed 23039941 events, duration: 180.023126202
nexmark_src_src_epoch processed 0 events, duration: 180.023126202

bids_src_ctrl processed: 4, throughput: (event/s) 0.022216537900439544
bids_src_data processed: 5217650, throughput: (event/s) 28979.529744057094
bids_src_epoch processed: 6505, throughput: (event/s) 36.129644760589805
bids_src_logEntry processed: 13361, throughput: (event/s) 74.20879072194319
sink processed: 781113, throughput: (event/s) 4338.406642256508
bids_src processed: 5224159, throughput: (event/s) 29015.681605355585
q5aucbids-0 duration: 180.046054787

bids_src_epoch processed: 6505, throughput: (event/s) 36.11980364717588
bids_src_logEntry processed: 13744, throughput: (event/s) 76.31523156445584
sink processed: 785886, throughput: (event/s) 4363.7275955518
bids_src processed: 5379793, throughput: (event/s) 29871.95493043063
bids_src_ctrl processed: 4, throughput: (event/s) 0.022210486485580862
bids_src_data processed: 5373284, throughput: (event/s) 29835.812916296967
q5aucbids-1 duration: 180.095109695

bids_src_epoch processed: 6505, throughput: (event/s) 36.12070825160059
bids_src_logEntry processed: 13660, throughput: (event/s) 75.85071094801907
sink processed: 787022, throughput: (event/s) 4370.144819306871
bids_src processed: 5329810, throughput: (event/s) 29595.159422976685
bids_src_ctrl processed: 4, throughput: (event/s) 0.02221104273734087
bids_src_data processed: 5323301, throughput: (event/s) 29559.016503682346
q5aucbids-2 duration: 180.090599406

bids_src processed: 5289019, throughput: (event/s) 29375.501110827132
bids_src_ctrl processed: 4, throughput: (event/s) 0.022216219008347016
bids_src_data processed: 5282510, throughput: (event/s) 29339.3497684458
bids_src_epoch processed: 6505, throughput: (event/s) 36.12912616232434
bids_src_logEntry processed: 13501, throughput: (event/s) 74.98529320792328
sink processed: 789531, throughput: (event/s) 4385.098402469807
q5aucbids-3 duration: 180.048639172

bids_src_ctrl processed 16 events, duration: 180.095109695
bids_src_data processed 21196745 events, duration: 180.095109695
bids_src_epoch processed 26020 events, duration: 180.095109695
bids_src_logEntry processed 54266 events, duration: 180.095109695
sink processed 3143552 events, duration: 180.095109695
bids_src processed 21222781 events, duration: 180.095109695

eventTimeLatency_sink, p50: 118 ms, p90: 239 ms, p99: 301 ms
aucBids_src processed: 998229, throughput: (event/s) 5542.621447978154
aucBids_src_ctrl processed: 4, throughput: (event/s) 0.022209819382038205
aucBids_src_data processed: 993057, throughput: (event/s) 5513.904151517178
aucBids_src_epoch processed: 5168, throughput: (event/s) 28.69508664159336
aucBids_src_logEntry processed: 5168, throughput: (event/s) 28.69508664159336
sink processed: 643, throughput: (event/s) 3.570228465662641
q5maxbid-0 duration: 180.100519108

eventTimeLatency_sink, p50: 109 ms, p90: 248 ms, p99: 307 ms
aucBids_src processed: 640370, throughput: (event/s) 3555.613417466046
aucBids_src_ctrl processed: 4, throughput: (event/s) 0.022209743850998928
aucBids_src_data processed: 636624, throughput: (event/s) 3534.8139923495855
aucBids_src_epoch processed: 3742, throughput: (event/s) 20.777215372609497
aucBids_src_logEntry processed: 3742, throughput: (event/s) 20.777215372609497
sink processed: 379, throughput: (event/s) 2.1043732298821483
q5maxbid-1 duration: 180.101131595

eventTimeLatency_sink, p50: 116 ms, p90: 247 ms, p99: 306 ms
aucBids_src_logEntry processed: 4543, throughput: (event/s) 25.224651575071274
sink processed: 505, throughput: (event/s) 2.8039729353755214
aucBids_src processed: 813374, throughput: (event/s) 4516.195410570553
aucBids_src_ctrl processed: 4, throughput: (event/s) 0.02220968661683581
aucBids_src_data processed: 808827, throughput: (event/s) 4490.948549308865
aucBids_src_epoch processed: 4543, throughput: (event/s) 25.224651575071274
q5maxbid-2 duration: 180.101595714

eventTimeLatency_sink, p50: 111 ms, p90: 239 ms, p99: 313 ms
aucBids_src processed: 708977, throughput: (event/s) 3936.4862479657295
aucBids_src_ctrl processed: 4, throughput: (event/s) 0.02220938759912228
aucBids_src_data processed: 705044, throughput: (event/s) 3914.6488676088925
aucBids_src_epoch processed: 3929, throughput: (event/s) 21.81517096923786
aucBids_src_logEntry processed: 3929, throughput: (event/s) 21.81517096923786
sink processed: 446, throughput: (event/s) 2.4763467173021345
q5maxbid-3 duration: 180.104020525

aucBids_src_logEntry processed 17382 events, duration: 180.104020525
sink processed 1973 events, duration: 180.104020525
aucBids_src processed 3160950 events, duration: 180.104020525
aucBids_src_ctrl processed 16 events, duration: 180.104020525
aucBids_src_data processed 3143552 events, duration: 180.104020525
aucBids_src_epoch processed 17382 events, duration: 180.104020525

