wait for last: true, sink max_buf_size: 131072
warmup: 0
config: map[NodeConstraint:"1,2,3,4" NumInstance:4 OutputTopicName:["nexmark_src"] funcName:"source"]
config: map[InputTopicNames:["nexmark_src"] NodeConstraint:"5,6,7,8" NumInstance:4 NumSrcProducer:[1] OutputTopicName:["q3_aucsBySellerID_out","q3_personsByID_out"] funcName:"q3GroupBy"]
config: map[Final:true InputTopicNames:["q3_aucsBySellerID_out","q3_personsByID_out"] NodeConstraint:"5,6,7,8" NumInstance:4 NumSrcProducer:[4,4] OutputTopicName:["q3_out"] funcName:"q3JoinTable"]
srcInvokeConfig: &{FinalTpNames:[q3_out] TopicName:nexmark_src AppId:q3 NodeConstraint:1,2,3,4 AdditionalBytes:0 ScaleEpoch:0 NumOutPartition:4 InstanceID:0 NumSrcInstance:4}
cliNodes: [0xc0000261e0 0xc000026240]
inParamsMap: map[q3GroupBy:[0xc00007eaa0 0xc00007eb40 0xc00007ebe0 0xc00007ec80] q3JoinTable:[0xc00007ed20 0xc00007edc0 0xc00007ee60 0xc00007ef00]]
configScaleInput: &{Config:map[changelog:4 nexmark_src:4 q3GroupBy:4 q3JoinTable:4 q3_aucsBySellerID_out:4 q3_out:4 q3_personsByID_out:4 source:4] AppId:q3 FuncNames:[source q3GroupBy q3JoinTable] BufMaxSize:131072 ScaleEpoch:0 SerdeFormat:1 Bootstrap:false}
encoded json is {"sg":{"changelog":4,"nexmark_src":4,"q3GroupBy":4,"q3JoinTable":4,"q3_aucsBySellerID_out":4,"q3_out":4,"q3_personsByID_out":4,"source":4},"aid":"q3","fns":["source","q3GroupBy","q3JoinTable"],"bufMaxSize":131072,"epoch":1,"serdeFormat":1,"bs":true}, node constraint is 1
encoded json is {"outTpNames":["q3_out"]}, node constraint is 1
redis_setup url is http://ip-172-31-6-184.us-east-2.compute.internal:8080/function/redisSetup
chkptmngr url is http://ip-172-31-6-184.us-east-2.compute.internal:8080/function/chkptmngr
encoded json is {"srcTpName":"nexmark_src","outTpNames":["q3_out"],"numOutParts":"BA==","chkptEveryMs":100,"bufMaxSize":131072,"srcNumPart":4,"gua":4,"serde_format":1}, node constraint is 1
func source url is http://ip-172-31-6-184.us-east-2.compute.internal:8080/function/source
func source url is http://ip-172-31-6-184.us-east-2.compute.internal:8080/function/source
src instance: 4
func source url is http://ip-172-31-6-184.us-east-2.compute.internal:8080/function/source
func source url is http://ip-172-31-6-184.us-east-2.compute.internal:8080/function/source
encoded json is {"topic_name":"nexmark_src","rate_shape":"square","aid":"q3","events_num":23040000,"rate_period":10000000000,"finOutTpNs":["q3_out"],"first_event_rate":128000,"next_event_rate":128000,"bid_avg_size":100,"person_avg_size":200,"auction_avg_size":500,"duration":180,"person_proportion":1,"auction_proportion":3,"bid_proportion":46,"bid_hot_ratio_auctions":2,"bid_hot_ratio_bidders":4,"auction_hot_ratio_sellers":4,"flushms":100,"bufMaxSize":131072,"commEveryMs":100,"rate_limited":false,"waitEnd":true,"serde_format":1,"numOutPar":4,"nSrcIns":4,"gua":4}, node constraint is 1,2,3,4
encoded json is {"topic_name":"nexmark_src","rate_shape":"square","aid":"q3","events_num":23040000,"rate_period":10000000000,"finOutTpNs":["q3_out"],"first_event_rate":128000,"next_event_rate":128000,"bid_avg_size":100,"person_avg_size":200,"auction_avg_size":500,"duration":180,"person_proportion":1,"auction_proportion":3,"bid_proportion":46,"bid_hot_ratio_auctions":2,"bid_hot_ratio_bidders":4,"auction_hot_ratio_sellers":4,"flushms":100,"bufMaxSize":131072,"commEveryMs":100,"rate_limited":false,"waitEnd":true,"serde_format":1,"numOutPar":4,"parNum":2,"nSrcIns":4,"gua":4}, node constraint is 1,2,3,4
encoded json is {"topic_name":"nexmark_src","rate_shape":"square","aid":"q3","events_num":23040000,"rate_period":10000000000,"finOutTpNs":["q3_out"],"first_event_rate":128000,"next_event_rate":128000,"bid_avg_size":100,"person_avg_size":200,"auction_avg_size":500,"duration":180,"person_proportion":1,"auction_proportion":3,"bid_proportion":46,"bid_hot_ratio_auctions":2,"bid_hot_ratio_bidders":4,"auction_hot_ratio_sellers":4,"flushms":100,"bufMaxSize":131072,"commEveryMs":100,"rate_limited":false,"waitEnd":true,"serde_format":1,"numOutPar":4,"parNum":3,"nSrcIns":4,"gua":4}, node constraint is 1,2,3,4
encoded json is {"topic_name":"nexmark_src","rate_shape":"square","aid":"q3","events_num":23040000,"rate_period":10000000000,"finOutTpNs":["q3_out"],"first_event_rate":128000,"next_event_rate":128000,"bid_avg_size":100,"person_avg_size":200,"auction_avg_size":500,"duration":180,"person_proportion":1,"auction_proportion":3,"bid_proportion":46,"bid_hot_ratio_auctions":2,"bid_hot_ratio_bidders":4,"auction_hot_ratio_sellers":4,"flushms":100,"bufMaxSize":131072,"commEveryMs":100,"rate_limited":false,"waitEnd":true,"serde_format":1,"numOutPar":4,"parNum":1,"nSrcIns":4,"gua":4}, node constraint is 1,2,3,4
Waiting for all client to return
func name is q3GroupBy
func url is http://ip-172-31-6-184.us-east-2.compute.internal:8080/function/q3GroupBy
func name is q3JoinTable
func url is http://ip-172-31-6-184.us-east-2.compute.internal:8080/function/q3JoinTable
func name is q3GroupBy
func url is http://ip-172-31-6-184.us-east-2.compute.internal:8080/function/q3GroupBy
func name is q3GroupBy
func url is http://ip-172-31-6-184.us-east-2.compute.internal:8080/function/q3GroupBy
func name is q3JoinTable
func name is q3JoinTable
func url is http://ip-172-31-6-184.us-east-2.compute.internal:8080/function/q3JoinTable
func name is q3JoinTable
func url is http://ip-172-31-6-184.us-east-2.compute.internal:8080/function/q3JoinTable
func url is http://ip-172-31-6-184.us-east-2.compute.internal:8080/function/q3JoinTable
encoded json is {"aid":"q3","numOutPartition":"BAQ=","numSubstreamProducer":"AQ==","outputTopicName":["q3_aucsBySellerID_out","q3_personsByID_out"],"inputTopicName":["nexmark_src"],"commEveryMs":100,"flushMs":100,"snapEveryS":10,"duration":180,"bufMaxSize":131072,"epoch":1,"waitEnd":true,"numChangelogPartition":4,"numInPartition":4,"ParNum":2,"gua":4,"serdeFormat":1}, node constraint is 5,6,7,8
encoded json is {"aid":"q3","numOutPartition":"BAQ=","numSubstreamProducer":"AQ==","outputTopicName":["q3_aucsBySellerID_out","q3_personsByID_out"],"inputTopicName":["nexmark_src"],"commEveryMs":100,"flushMs":100,"snapEveryS":10,"duration":180,"bufMaxSize":131072,"epoch":1,"waitEnd":true,"numChangelogPartition":4,"numInPartition":4,"ParNum":1,"gua":4,"serdeFormat":1}, node constraint is 5,6,7,8
encoded json is {"aid":"q3","numOutPartition":"BA==","numSubstreamProducer":"BAQ=","outputTopicName":["q3_out"],"inputTopicName":["q3_aucsBySellerID_out","q3_personsByID_out"],"commEveryMs":100,"flushMs":100,"snapEveryS":10,"duration":180,"bufMaxSize":131072,"epoch":1,"waitEnd":true,"numChangelogPartition":4,"numInPartition":4,"gua":4,"serdeFormat":1}, node constraint is 5,6,7,8
encoded json is {"aid":"q3","numOutPartition":"BAQ=","numSubstreamProducer":"AQ==","outputTopicName":["q3_aucsBySellerID_out","q3_personsByID_out"],"inputTopicName":["nexmark_src"],"commEveryMs":100,"flushMs":100,"snapEveryS":10,"duration":180,"bufMaxSize":131072,"epoch":1,"waitEnd":true,"numChangelogPartition":4,"numInPartition":4,"gua":4,"serdeFormat":1}, node constraint is 5,6,7,8
encoded json is {"aid":"q3","numOutPartition":"BA==","numSubstreamProducer":"BAQ=","outputTopicName":["q3_out"],"inputTopicName":["q3_aucsBySellerID_out","q3_personsByID_out"],"commEveryMs":100,"flushMs":100,"snapEveryS":10,"duration":180,"bufMaxSize":131072,"epoch":1,"waitEnd":true,"numChangelogPartition":4,"numInPartition":4,"ParNum":3,"gua":4,"serdeFormat":1}, node constraint is 5,6,7,8
encoded json is {"aid":"q3","numOutPartition":"BA==","numSubstreamProducer":"BAQ=","outputTopicName":["q3_out"],"inputTopicName":["q3_aucsBySellerID_out","q3_personsByID_out"],"commEveryMs":100,"flushMs":100,"snapEveryS":10,"duration":180,"bufMaxSize":131072,"epoch":1,"waitEnd":true,"numChangelogPartition":4,"numInPartition":4,"ParNum":1,"gua":4,"serdeFormat":1}, node constraint is 5,6,7,8
encoded json is {"aid":"q3","numOutPartition":"BAQ=","numSubstreamProducer":"AQ==","outputTopicName":["q3_aucsBySellerID_out","q3_personsByID_out"],"inputTopicName":["nexmark_src"],"commEveryMs":100,"flushMs":100,"snapEveryS":10,"duration":180,"bufMaxSize":131072,"epoch":1,"waitEnd":true,"numChangelogPartition":4,"numInPartition":4,"ParNum":3,"gua":4,"serdeFormat":1}, node constraint is 5,6,7,8
encoded json is {"aid":"q3","numOutPartition":"BA==","numSubstreamProducer":"BAQ=","outputTopicName":["q3_out"],"inputTopicName":["q3_aucsBySellerID_out","q3_personsByID_out"],"commEveryMs":100,"flushMs":100,"snapEveryS":10,"duration":180,"bufMaxSize":131072,"epoch":1,"waitEnd":true,"numChangelogPartition":4,"numInPartition":4,"ParNum":2,"gua":4,"serdeFormat":1}, node constraint is 5,6,7,8
func name is q3GroupBy
func url is http://ip-172-31-6-184.us-east-2.compute.internal:8080/function/q3GroupBy
source-1 invoke done
q3GroupBy-1 call done
source-2 invoke done
q3GroupBy-2 call done
source-0 invoke done
source-3 invoke done
q3GroupBy-0 call done
q3GroupBy-3 call done
q3JoinTable-2 call done
q3JoinTable-0 call done
q3JoinTable-1 call done
q3JoinTable-3 call done
sink processed: 5760002, throughput: (event/s) 31788.47226798057
sink_ctrl processed: 2, throughput: (event/s) 0.011037660149416813
source-0 duration: 181.197823898

sink_ctrl processed: 2, throughput: (event/s) 0.011070114668681042
sink processed: 5759976, throughput: (event/s) 31881.79740442538
source-1 duration: 180.666601915

sink processed: 5760002, throughput: (event/s) 31791.961126006758
sink_ctrl processed: 2, throughput: (event/s) 0.011038871558033056
source-2 duration: 181.177939202

sink processed: 5760002, throughput: (event/s) 31792.26400367164
sink_ctrl processed: 2, throughput: (event/s) 0.0110389767238524
source-3 duration: 181.176213161

sink_ctrl processed 8 events, duration: 181.197823898, tp: 0.044151
sink processed 23039982 events, duration: 181.197823898, tp: 127153.745582

nexmark_src_src processed: 5760787, throughput: (event/s) 31790.631850659433
nexmark_src_src_ctrl processed: 787, throughput: (event/s) 4.343022449271076
nexmark_src_src_data processed: 5760000, throughput: (event/s) 31786.288828210163
nexmark_src_src_epoch processed: 0, throughput: (event/s) 0
nexmark_src_src_logEntry processed: 12327, throughput: (event/s) 68.02596916412269
perSink processed: 58099, throughput: (event/s) 320.61659628996216
aucSink processed: 69281, throughput: (event/s) 382.3239368588938
q3GroupBy-0 duration: 181.210207682

nexmark_src_src_logEntry processed: 12335, throughput: (event/s) 68.26916856576537
perSink processed: 57993, throughput: (event/s) 320.9674821754707
aucSink processed: 69055, throughput: (event/s) 382.19111757672704
nexmark_src_src processed: 5760761, throughput: (event/s) 31883.450650675888
nexmark_src_src_ctrl processed: 787, throughput: (event/s) 4.355722388427836
nexmark_src_src_data processed: 5759974, throughput: (event/s) 31879.09492828746
nexmark_src_src_epoch processed: 0, throughput: (event/s) 0
q3GroupBy-1 duration: 180.681854769

nexmark_src_src_epoch processed: 0, throughput: (event/s) 0
nexmark_src_src_logEntry processed: 12318, throughput: (event/s) 67.98264344892056
perSink processed: 57912, throughput: (event/s) 319.61445424694654
aucSink processed: 69249, throughput: (event/s) 382.18299043629645
nexmark_src_src processed: 5760787, throughput: (event/s) 31793.597061712673
nexmark_src_src_ctrl processed: 787, throughput: (event/s) 4.343427536475116
nexmark_src_src_data processed: 5760000, throughput: (event/s) 31789.2536341762
q3GroupBy-2 duration: 181.193307219

perSink processed: 57543, throughput: (event/s) 317.5859936036907
aucSink processed: 69154, throughput: (event/s) 381.66834891593464
nexmark_src_src processed: 5760787, throughput: (event/s) 31794.40180967667
nexmark_src_src_ctrl processed: 787, throughput: (event/s) 4.34353747573301
nexmark_src_src_data processed: 5760000, throughput: (event/s) 31790.05827220094
nexmark_src_src_epoch processed: 0, throughput: (event/s) 0
nexmark_src_src_logEntry processed: 12323, throughput: (event/s) 68.01195973755766
q3GroupBy-3 duration: 181.188721036

nexmark_src_src processed 23043122 events, duration: 181.210207682
nexmark_src_src_ctrl processed 3148 events, duration: 181.210207682
nexmark_src_src_data processed 23039974 events, duration: 181.210207682
nexmark_src_src_epoch processed 0 events, duration: 181.210207682
nexmark_src_src_logEntry processed 49303 events, duration: 181.210207682
perSink processed 231547 events, duration: 181.210207682
aucSink processed 276739 events, duration: 181.210207682

eventTimeLatency_sink, p50: 69 ms, p90: 194 ms, p99: 582 ms
auctionsSrc_ctrl processed: 790, throughput: (event/s) 4.356295931168919
auctionsSrc_data processed: 67648, throughput: (event/s) 373.0312748755886
personsSrc_epoch processed: 0, throughput: (event/s) 0
sink processed: 58371, throughput: (event/s) 321.8751263269126
auctionsSrc processed: 68438, throughput: (event/s) 377.38757080675754
auctionsSrc_epoch processed: 0, throughput: (event/s) 0
personsSrc_logEntry processed: 9049, throughput: (event/s) 49.89888845714879
auctionsSrc_logEntry processed: 7865, throughput: (event/s) 43.36995885904246
personsSrc processed: 58283, throughput: (event/s) 321.38986804597226
personsSrc_ctrl processed: 790, throughput: (event/s) 4.356295931168919
personsSrc_data processed: 57493, throughput: (event/s) 317.03357211480335
q3JoinTable-0 duration: 181.346724943

eventTimeLatency_sink, p50: 69 ms, p90: 180 ms, p99: 516 ms
personsSrc_data processed: 58246, throughput: (event/s) 321.1853566974443
auctionsSrc_data processed: 68355, throughput: (event/s) 376.9293180141779
auctionsSrc_ctrl processed: 790, throughput: (event/s) 4.356289389674501
personsSrc_logEntry processed: 9054, throughput: (event/s) 49.92638497988979
sink processed: 59578, throughput: (event/s) 328.5303914658575
auctionsSrc processed: 69145, throughput: (event/s) 381.2856074038524
personsSrc_ctrl processed: 790, throughput: (event/s) 4.356289389674501
personsSrc processed: 59036, throughput: (event/s) 325.5416460871188
personsSrc_epoch processed: 0, throughput: (event/s) 0
auctionsSrc_epoch processed: 0, throughput: (event/s) 0
auctionsSrc_logEntry processed: 7917, throughput: (event/s) 43.65663683297851
q3JoinTable-1 duration: 181.346997257

eventTimeLatency_sink, p50: 69 ms, p90: 197 ms, p99: 668 ms
personsSrc processed: 58403, throughput: (event/s) 322.0511251491563
personsSrc_data processed: 57613, throughput: (event/s) 317.6948354231519
personsSrc_logEntry processed: 9050, throughput: (event/s) 49.90433167131593
sink processed: 57841, throughput: (event/s) 318.9520937238215
auctionsSrc processed: 67296, throughput: (event/s) 371.08971316606375
auctionsSrc_ctrl processed: 790, throughput: (event/s) 4.356289726004374
auctionsSrc_epoch processed: 0, throughput: (event/s) 0
auctionsSrc_logEntry processed: 7933, throughput: (event/s) 43.74486885619329
personsSrc_ctrl processed: 790, throughput: (event/s) 4.356289726004374
auctionsSrc_data processed: 66506, throughput: (event/s) 366.73342344005937
personsSrc_epoch processed: 0, throughput: (event/s) 0
q3JoinTable-2 duration: 181.346983256

eventTimeLatency_sink, p50: 70 ms, p90: 157 ms, p99: 530 ms
auctionsSrc_logEntry processed: 8005, throughput: (event/s) 44.1421750309208
personsSrc_ctrl processed: 790, throughput: (event/s) 4.356317086124601
personsSrc_epoch processed: 0, throughput: (event/s) 0
sink processed: 62816, throughput: (event/s) 346.38786592658596
auctionsSrc_ctrl processed: 790, throughput: (event/s) 4.356317086124601
auctionsSrc_data processed: 74230, throughput: (event/s) 409.32837633294827
personsSrc_logEntry processed: 9057, throughput: (event/s) 49.943245378519634
personsSrc_data processed: 58195, throughput: (event/s) 320.9061681354698
auctionsSrc processed: 75020, throughput: (event/s) 413.68469341907286
auctionsSrc_epoch processed: 0, throughput: (event/s) 0
personsSrc processed: 58985, throughput: (event/s) 325.26248522159443
q3JoinTable-3 duration: 181.345844295

auctionsSrc_epoch processed 0 events, duration: 181.346997257
auctionsSrc_logEntry processed 31720 events, duration: 181.346997257
auctionsSrc_ctrl processed 3160 events, duration: 181.346997257
auctionsSrc_data processed 276739 events, duration: 181.346997257
auctionsSrc processed 279899 events, duration: 181.346997257
personsSrc_logEntry processed 36210 events, duration: 181.346997257
personsSrc processed 234707 events, duration: 181.346997257
personsSrc_ctrl processed 3160 events, duration: 181.346997257
personsSrc_data processed 231547 events, duration: 181.346997257
personsSrc_epoch processed 0 events, duration: 181.346997257
sink processed 238606 events, duration: 181.346997257

