parallel restore str: , false
env str: , async2ndPhase: false
env str: , create snapshot: false
2024/03/03 10:20:50 [INFO] Load configuration for function scale[40]
2024/03/03 10:20:50 [INFO] Load configuration for function chkptmngr[50]
2024/03/03 10:20:50 [INFO] Load configuration for function redisSetup[70]
2024/03/03 10:20:50 [INFO] Load configuration for function source[20]
2024/03/03 10:20:50 [INFO] Load configuration for function query2[30]
2024/03/03 10:20:50 [INFO] Parse FAAS_ENGINE_ID: 1
2024/03/03 10:20:50 [INFO] Parse FAAS_ENGINE_ID: 1
2024/03/03 10:20:50 [INFO] Current GOMAXPROCS is 2
2024/03/03 10:20:50 [INFO] Parse FAAS_ENGINE_ID: 1
2024/03/03 10:20:50 [INFO] Current GOMAXPROCS is 3
2024/03/03 10:20:50 [INFO] Parse FAAS_ENGINE_ID: 1
2024/03/03 10:20:50 [INFO] Current GOMAXPROCS is 4
2024/03/03 10:20:50 [INFO] Start new FuncWorker with client id 5
2024/03/03 10:20:50 [INFO] Start new FuncWorker with client id 6
2024/03/03 10:20:50 [INFO] Start new FuncWorker with client id 7
2024/03/03 10:20:50 [INFO] Start new FuncWorker with client id 8
Enter nexmark: funcName: source
Enter nexmark: funcName: source
2024/03/03 10:20:50 [INFO] Handshake with engine done
2024/03/03 10:20:50 [INFO] Handshake with engine done
Enter nexmark: funcName: source
Enter nexmark: funcName: source
2024/03/03 10:20:50 [INFO] Handshake with engine done
2024/03/03 10:20:50 [INFO] Handshake with engine done
redis address is [snapcache-1:6666 snapcache-2:6666 snapcache-3:6666 snapcache-4:6666]
new buffered sink stream nexmark_src[0] with bufMaxSize 131072
new buffered sink stream nexmark_src[1] with bufMaxSize 131072
new buffered sink stream nexmark_src[2] with bufMaxSize 131072
new buffered sink stream nexmark_src[3] with bufMaxSize 131072
Generator config: 
	InterEventDelayUs: [250]
	EventPerEpoch    : 0
	MaxEvents        : 2880000
	FirstEventNumber : 1
	EpochPeriodMs    : 0
	StepLengthSec    : 5
	BaseTime         : 1709461386194
	FirstEventId     : 1
	TotalProportion  : 50
	BidProportion    : 46
	AuctionProportion: 3
	PersonProportion : 1
Nexmark config: 
	NumEvents            : 2880000
	NumEventGenerators   : 4
	RateShape            : 0
	FirstEventRate       : 16000
	NextEventRate        : 16000
	RateUnit             : 1000000
	RatePeriodSec        : 10
	PreloadSeconds       : 0
	StreamTimeout        : 240
	IsRateLimited        : false
	UseWallclockEventTime: false
	AvgPersonByteSize    : 200
	AvgAuctionByteSize   : 500
	AvgBidByteSize       : 100
	HotAuctionRatio      : 2
	HotSellersRatio      : 4
	HotBiddersRatio      : 4
	WindowSizeSec        : 10
	WindowPeriodSec      : 5
	WatermarkHoldbackSec : 0
	NumInFlightAuctions  : 100
	NumActivePeople      : 1000
	OccasionalDelaySec   : 3
	ProbDelayedEvent     : 0.1
	OutOfOrderGroupSize  : 1
Input config: 
	SrcTopicName   : nexmark_src
	AppId          : q2
	FinalOutTpNames: [q2_out]
	Duration(s)    : 180
	FlushMs        : 10
	BufMaxSize     : 131072
	CommitEveryMs  : 100
	WaitForEndMark : true
	SerdeFormat    : MSGP
	NumOutPartition: 4
	ParNum         : 2
	NumSrcInstance : 4
	Guarantee      : ALIGN_CHKPT
new buffered sink stream __control_log_q2[0] with bufMaxSize 131072
new buffered sink stream __control_log_q2[0] with bufMaxSize 131072
generate events to [2]
StartTs: 1709461386196
gen first chkpt
srcGen_2 stats (40004 samples): dur=10.001033884s, p50=12, p90=1096, p99=1285
nexmark_src_bufEntry_2 stats (873 samples): dur=10.008126736s, p50=44, p90=48, p99=52
nexmark_src_bufSize_2 stats (873 samples): dur=10.008179854s, p50=11585, p90=12518, p99=13334
srcGen_2 stats (40008 samples): dur=10.002637596s, p50=12, p90=1094, p99=1891
nexmark_src_bufEntry_2 stats (897 samples): dur=10.005444245s, p50=44, p90=48, p99=48
nexmark_src_bufSize_2 stats (897 samples): dur=10.005451058s, p50=11475, p90=12365, p99=12684
srcGen_2 stats (40012 samples): dur=10.001607699s, p50=12, p90=1094, p99=1890
nexmark_src_bufEntry_2 stats (896 samples): dur=10.01009155s, p50=44, p90=48, p99=48
nexmark_src_bufSize_2 stats (896 samples): dur=10.010174356s, p50=11478, p90=12302, p99=12628
srcGen_2 stats (40004 samples): dur=10.001981384s, p50=12, p90=1094, p99=1887
nexmark_src_bufEntry_2 stats (895 samples): dur=10.003964996s, p50=44, p90=48, p99=48
nexmark_src_bufSize_2 stats (895 samples): dur=10.003877362s, p50=11486, p90=12362, p99=12722
srcGen_2 stats (40008 samples): dur=10.001187897s, p50=12, p90=1094, p99=1884
nexmark_src_bufEntry_2 stats (895 samples): dur=10.000195917s, p50=44, p90=48, p99=48
nexmark_src_bufSize_2 stats (895 samples): dur=10.000192948s, p50=11469, p90=12350, p99=12699
srcGen_2 stats (40004 samples): dur=10.000980801s, p50=12, p90=1095, p99=1880
nexmark_src_bufEntry_2 stats (893 samples): dur=10.002394329s, p50=44, p90=48, p99=48
nexmark_src_bufSize_2 stats (893 samples): dur=10.002391598s, p50=11481, p90=12393, p99=12696
srcGen_2 stats (40004 samples): dur=10.001025229s, p50=12, p90=1095, p99=1883
nexmark_src_bufEntry_2 stats (894 samples): dur=10.007421296s, p50=44, p90=48, p99=48
nexmark_src_bufSize_2 stats (894 samples): dur=10.007424978s, p50=11490, p90=12354, p99=12791
srcGen_2 stats (40008 samples): dur=10.001971724s, p50=12, p90=1094, p99=1884
nexmark_src_bufEntry_2 stats (898 samples): dur=10.000570028s, p50=44, p90=48, p99=48
nexmark_src_bufSize_2 stats (898 samples): dur=10.00057089s, p50=11462, p90=12267, p99=12578
srcGen_2 stats (40004 samples): dur=10.002445289s, p50=12, p90=1094, p99=1899
nexmark_src_bufEntry_2 stats (899 samples): dur=10.010492679s, p50=44, p90=48, p99=48
nexmark_src_bufSize_2 stats (899 samples): dur=10.010493529s, p50=11460, p90=12237, p99=12625
srcGen_2 stats (40012 samples): dur=10.002377055s, p50=12, p90=1092, p99=1902
nexmark_src_bufEntry_2 stats (895 samples): dur=10.000112017s, p50=44, p90=48, p99=48
nexmark_src_bufSize_2 stats (895 samples): dur=10.000121431s, p50=11479, p90=12320, p99=12717
srcGen_2 stats (40008 samples): dur=10.001511116s, p50=12, p90=1092, p99=1905
nexmark_src_bufEntry_2 stats (896 samples): dur=10.007793365s, p50=44, p90=48, p99=48
nexmark_src_bufSize_2 stats (896 samples): dur=10.00777797s, p50=11487, p90=12334, p99=12619
srcGen_2 stats (40004 samples): dur=10.001153174s, p50=12, p90=1093, p99=1898
nexmark_src_bufEntry_2 stats (896 samples): dur=10.001621645s, p50=44, p90=48, p99=48
nexmark_src_bufSize_2 stats (896 samples): dur=10.001624796s, p50=11480, p90=12320, p99=12628
srcGen_2 stats (40008 samples): dur=10.001738294s, p50=12, p90=1094, p99=1891
nexmark_src_bufEntry_2 stats (893 samples): dur=10.0010424s, p50=44, p90=48, p99=48
nexmark_src_bufSize_2 stats (893 samples): dur=10.001040993s, p50=11488, p90=12364, p99=12641
srcGen_2 stats (40004 samples): dur=10.001260356s, p50=12, p90=1093, p99=1896
nexmark_src_bufEntry_2 stats (896 samples): dur=10.006879903s, p50=44, p90=48, p99=48
nexmark_src_bufSize_2 stats (896 samples): dur=10.006879369s, p50=11483, p90=12310, p99=12654
srcGen_2 stats (40004 samples): dur=10.000948631s, p50=12, p90=1094, p99=1887
nexmark_src_bufEntry_2 stats (896 samples): dur=10.005059438s, p50=44, p90=48, p99=48
nexmark_src_bufSize_2 stats (896 samples): dur=10.005063206s, p50=11476, p90=12293, p99=12707
srcGen_2 stats (40004 samples): dur=10.001071684s, p50=12, p90=1093, p99=1887
nexmark_src_bufEntry_2 stats (896 samples): dur=10.003913878s, p50=44, p90=48, p99=52
nexmark_src_bufSize_2 stats (896 samples): dur=10.003913339s, p50=11467, p90=12338, p99=13172
srcGen_2 stats (40004 samples): dur=10.00099654s, p50=12, p90=1094, p99=1896
nexmark_src_bufEntry_2 stats (898 samples): dur=10.010094752s, p50=44, p90=48, p99=48
nexmark_src_bufSize_2 stats (898 samples): dur=10.010092376s, p50=11481, p90=12257, p99=12593
[2] chkmngr has terminated
generate stream end mark with tag: 404b3c06f60bdf02
[2] all stopped
