wait for last: true, sink max_buf_size: 131072
warmup: 0
config: map[NodeConstraint:"1,2,3,4" NumInstance:4 OutputTopicName:["nexmark_src"] funcName:"source"]
config: map[InputTopicNames:["nexmark_src"] NodeConstraint:"5,6,7,8" NumInstance:4 NumSrcProducer:[1] OutputTopicName:["q8_aucsBySellerID_out","q8_personsByID_out"] funcName:"q8GroupBy"]
config: map[Final:true InputTopicNames:["q8_aucsBySellerID_out","q8_personsByID_out"] NodeConstraint:"5,6,7,8" NumInstance:4 NumSrcProducer:[4,4] OutputTopicName:["q8_out"] funcName:"q8JoinStream"]
srcInvokeConfig: &{FinalTpNames:[q8_out] TopicName:nexmark_src AppId:q8 NodeConstraint:1,2,3,4 AdditionalBytes:0 ScaleEpoch:0 NumOutPartition:4 InstanceID:0 NumSrcInstance:4}
cliNodes: [0xc0000c01a0 0xc0000c0200]
inParamsMap: map[q8GroupBy:[0xc0000a2b40 0xc0000a2be0 0xc0000a2c80 0xc0000a2d20] q8JoinStream:[0xc0000a2dc0 0xc0000a2e60 0xc0000a2f00 0xc0000a2fa0]]
configScaleInput: &{Config:map[changelog:4 nexmark_src:4 q8GroupBy:4 q8JoinStream:4 q8_aucsBySellerID_out:4 q8_out:4 q8_personsByID_out:4 source:4] AppId:q8 FuncNames:[source q8GroupBy q8JoinStream] BufMaxSize:131072 ScaleEpoch:0 SerdeFormat:1 Bootstrap:false}
encoded json is {"sg":{"changelog":4,"nexmark_src":4,"q8GroupBy":4,"q8JoinStream":4,"q8_aucsBySellerID_out":4,"q8_out":4,"q8_personsByID_out":4,"source":4},"aid":"q8","fns":["source","q8GroupBy","q8JoinStream"],"bufMaxSize":131072,"epoch":1,"serdeFormat":1,"bs":true}, node constraint is 1
encoded json is {"outTpNames":["q8_out"]}, node constraint is 1
redis_setup url is http://ip-172-31-4-184.us-east-2.compute.internal:8080/function/redisSetup
encoded json is {"srcTpName":"nexmark_src","outTpNames":["q8_out"],"numOutParts":"BA==","chkptEveryMs":100,"bufMaxSize":131072,"srcNumPart":4,"gua":4,"serde_format":1}, node constraint is 1
chkptmngr url is http://ip-172-31-4-184.us-east-2.compute.internal:8080/function/chkptmngr
func source url is http://ip-172-31-4-184.us-east-2.compute.internal:8080/function/source
func source url is http://ip-172-31-4-184.us-east-2.compute.internal:8080/function/source
func source url is http://ip-172-31-4-184.us-east-2.compute.internal:8080/function/source
src instance: 4
func source url is http://ip-172-31-4-184.us-east-2.compute.internal:8080/function/source
encoded json is {"topic_name":"nexmark_src","rate_shape":"square","aid":"q8","events_num":20160000,"rate_period":10000000000,"finOutTpNs":["q8_out"],"first_event_rate":112000,"next_event_rate":112000,"bid_avg_size":100,"person_avg_size":200,"auction_avg_size":500,"duration":180,"person_proportion":1,"auction_proportion":3,"bid_proportion":46,"bid_hot_ratio_auctions":2,"bid_hot_ratio_bidders":4,"auction_hot_ratio_sellers":4,"flushms":100,"bufMaxSize":131072,"commEveryMs":100,"rate_limited":false,"waitEnd":true,"serde_format":1,"numOutPar":4,"parNum":1,"nSrcIns":4,"gua":4}, node constraint is 1,2,3,4
encoded json is {"topic_name":"nexmark_src","rate_shape":"square","aid":"q8","events_num":20160000,"rate_period":10000000000,"finOutTpNs":["q8_out"],"first_event_rate":112000,"next_event_rate":112000,"bid_avg_size":100,"person_avg_size":200,"auction_avg_size":500,"duration":180,"person_proportion":1,"auction_proportion":3,"bid_proportion":46,"bid_hot_ratio_auctions":2,"bid_hot_ratio_bidders":4,"auction_hot_ratio_sellers":4,"flushms":100,"bufMaxSize":131072,"commEveryMs":100,"rate_limited":false,"waitEnd":true,"serde_format":1,"numOutPar":4,"parNum":3,"nSrcIns":4,"gua":4}, node constraint is 1,2,3,4
encoded json is {"topic_name":"nexmark_src","rate_shape":"square","aid":"q8","events_num":20160000,"rate_period":10000000000,"finOutTpNs":["q8_out"],"first_event_rate":112000,"next_event_rate":112000,"bid_avg_size":100,"person_avg_size":200,"auction_avg_size":500,"duration":180,"person_proportion":1,"auction_proportion":3,"bid_proportion":46,"bid_hot_ratio_auctions":2,"bid_hot_ratio_bidders":4,"auction_hot_ratio_sellers":4,"flushms":100,"bufMaxSize":131072,"commEveryMs":100,"rate_limited":false,"waitEnd":true,"serde_format":1,"numOutPar":4,"parNum":2,"nSrcIns":4,"gua":4}, node constraint is 1,2,3,4
encoded json is {"topic_name":"nexmark_src","rate_shape":"square","aid":"q8","events_num":20160000,"rate_period":10000000000,"finOutTpNs":["q8_out"],"first_event_rate":112000,"next_event_rate":112000,"bid_avg_size":100,"person_avg_size":200,"auction_avg_size":500,"duration":180,"person_proportion":1,"auction_proportion":3,"bid_proportion":46,"bid_hot_ratio_auctions":2,"bid_hot_ratio_bidders":4,"auction_hot_ratio_sellers":4,"flushms":100,"bufMaxSize":131072,"commEveryMs":100,"rate_limited":false,"waitEnd":true,"serde_format":1,"numOutPar":4,"nSrcIns":4,"gua":4}, node constraint is 1,2,3,4
Waiting for all client to return
func name is q8GroupBy
func url is http://ip-172-31-4-184.us-east-2.compute.internal:8080/function/q8GroupBy
func name is q8JoinStream
func url is http://ip-172-31-4-184.us-east-2.compute.internal:8080/function/q8JoinStream
func name is q8JoinStream
func url is http://ip-172-31-4-184.us-east-2.compute.internal:8080/function/q8JoinStream
func name is q8JoinStream
func url is http://ip-172-31-4-184.us-east-2.compute.internal:8080/function/q8JoinStream
func name is q8JoinStream
func url is http://ip-172-31-4-184.us-east-2.compute.internal:8080/function/q8JoinStream
func name is q8GroupBy
func url is http://ip-172-31-4-184.us-east-2.compute.internal:8080/function/q8GroupBy
func name is q8GroupBy
func name is q8GroupBy
func url is http://ip-172-31-4-184.us-east-2.compute.internal:8080/function/q8GroupBy
func url is http://ip-172-31-4-184.us-east-2.compute.internal:8080/function/q8GroupBy
encoded json is {"aid":"q8","numOutPartition":"BAQ=","numSubstreamProducer":"AQ==","outputTopicName":["q8_aucsBySellerID_out","q8_personsByID_out"],"inputTopicName":["nexmark_src"],"commEveryMs":100,"flushMs":100,"snapEveryS":10,"duration":180,"bufMaxSize":131072,"epoch":1,"waitEnd":true,"numChangelogPartition":4,"numInPartition":4,"gua":4,"serdeFormat":1}, node constraint is 5,6,7,8
encoded json is {"aid":"q8","numOutPartition":"BA==","numSubstreamProducer":"BAQ=","outputTopicName":["q8_out"],"inputTopicName":["q8_aucsBySellerID_out","q8_personsByID_out"],"commEveryMs":100,"flushMs":100,"snapEveryS":10,"duration":180,"bufMaxSize":131072,"epoch":1,"waitEnd":true,"numChangelogPartition":4,"numInPartition":4,"ParNum":2,"gua":4,"serdeFormat":1}, node constraint is 5,6,7,8
encoded json is {"aid":"q8","numOutPartition":"BA==","numSubstreamProducer":"BAQ=","outputTopicName":["q8_out"],"inputTopicName":["q8_aucsBySellerID_out","q8_personsByID_out"],"commEveryMs":100,"flushMs":100,"snapEveryS":10,"duration":180,"bufMaxSize":131072,"epoch":1,"waitEnd":true,"numChangelogPartition":4,"numInPartition":4,"gua":4,"serdeFormat":1}, node constraint is 5,6,7,8
encoded json is {"aid":"q8","numOutPartition":"BA==","numSubstreamProducer":"BAQ=","outputTopicName":["q8_out"],"inputTopicName":["q8_aucsBySellerID_out","q8_personsByID_out"],"commEveryMs":100,"flushMs":100,"snapEveryS":10,"duration":180,"bufMaxSize":131072,"epoch":1,"waitEnd":true,"numChangelogPartition":4,"numInPartition":4,"ParNum":3,"gua":4,"serdeFormat":1}, node constraint is 5,6,7,8
encoded json is {"aid":"q8","numOutPartition":"BAQ=","numSubstreamProducer":"AQ==","outputTopicName":["q8_aucsBySellerID_out","q8_personsByID_out"],"inputTopicName":["nexmark_src"],"commEveryMs":100,"flushMs":100,"snapEveryS":10,"duration":180,"bufMaxSize":131072,"epoch":1,"waitEnd":true,"numChangelogPartition":4,"numInPartition":4,"ParNum":1,"gua":4,"serdeFormat":1}, node constraint is 5,6,7,8
encoded json is {"aid":"q8","numOutPartition":"BAQ=","numSubstreamProducer":"AQ==","outputTopicName":["q8_aucsBySellerID_out","q8_personsByID_out"],"inputTopicName":["nexmark_src"],"commEveryMs":100,"flushMs":100,"snapEveryS":10,"duration":180,"bufMaxSize":131072,"epoch":1,"waitEnd":true,"numChangelogPartition":4,"numInPartition":4,"ParNum":3,"gua":4,"serdeFormat":1}, node constraint is 5,6,7,8
encoded json is {"aid":"q8","numOutPartition":"BAQ=","numSubstreamProducer":"AQ==","outputTopicName":["q8_aucsBySellerID_out","q8_personsByID_out"],"inputTopicName":["nexmark_src"],"commEveryMs":100,"flushMs":100,"snapEveryS":10,"duration":180,"bufMaxSize":131072,"epoch":1,"waitEnd":true,"numChangelogPartition":4,"numInPartition":4,"ParNum":2,"gua":4,"serdeFormat":1}, node constraint is 5,6,7,8
encoded json is {"aid":"q8","numOutPartition":"BA==","numSubstreamProducer":"BAQ=","outputTopicName":["q8_out"],"inputTopicName":["q8_aucsBySellerID_out","q8_personsByID_out"],"commEveryMs":100,"flushMs":100,"snapEveryS":10,"duration":180,"bufMaxSize":131072,"epoch":1,"waitEnd":true,"numChangelogPartition":4,"numInPartition":4,"ParNum":1,"gua":4,"serdeFormat":1}, node constraint is 5,6,7,8
source-0 invoke done
source-2 invoke done
source-3 invoke done
source-1 invoke done
q8GroupBy-2 call done
q8GroupBy-3 call done
q8GroupBy-1 call done
q8GroupBy-0 call done
q8JoinStream-2 call done
q8JoinStream-0 call done
q8JoinStream-3 call done
q8JoinStream-1 call done
sink processed: 5039996, throughput: (event/s) 27999.06128434921
sink_ctrl processed: 2, throughput: (event/s) 0.01111074742295399
source-0 duration: 180.005891941

sink processed: 5039974, throughput: (event/s) 27998.813434741947
sink_ctrl processed: 2, throughput: (event/s) 0.01111069756897236
source-1 duration: 180.006699632

sink processed: 5039974, throughput: (event/s) 27998.947711452973
sink_ctrl processed: 2, throughput: (event/s) 0.011110750853656377
source-2 duration: 180.00583636

sink_ctrl processed: 2, throughput: (event/s) 0.011110610943688924
sink processed: 5039974, throughput: (event/s) 27998.595140153822
source-3 duration: 180.008103077

sink processed 20159918 events, duration: 180.008103077, tp: 111994.502777
sink_ctrl processed 8 events, duration: 180.008103077, tp: 0.044442

nexmark_src_src_epoch processed: 0, throughput: (event/s) 0
nexmark_src_src_logEntry processed: 10551, throughput: (event/s) 58.40195181586647
personsByIDSink processed: 100799, throughput: (event/s) 557.9431656797956
auctionsBySellerIDSink processed: 302399, throughput: (event/s) 1673.8405674501187
nexmark_src_src processed: 5040275, throughput: (event/s) 27898.957225733706
nexmark_src_src_ctrl processed: 281, throughput: (event/s) 1.5553927078247063
nexmark_src_src_data processed: 5039994, throughput: (event/s) 27897.401833025884
q8GroupBy-0 duration: 180.661770231

nexmark_src_src_data processed: 5039972, throughput: (event/s) 27897.296839495506
nexmark_src_src_epoch processed: 0, throughput: (event/s) 0
nexmark_src_src_logEntry processed: 10537, throughput: (event/s) 58.32449402452318
personsByIDSink processed: 100799, throughput: (event/s) 557.9435012980841
auctionsBySellerIDSink processed: 302399, throughput: (event/s) 1673.8415743116434
nexmark_src_src processed: 5040253, throughput: (event/s) 27898.852233138943
nexmark_src_src_ctrl processed: 281, throughput: (event/s) 1.5553936434365583
q8GroupBy-1 duration: 180.661661558

personsByIDSink processed: 100799, throughput: (event/s) 557.9434086789712
auctionsBySellerIDSink processed: 302399, throughput: (event/s) 1673.8412964524668
nexmark_src_src processed: 5040253, throughput: (event/s) 27898.847601904887
nexmark_src_src_ctrl processed: 281, throughput: (event/s) 1.5553933852398427
nexmark_src_src_data processed: 5039972, throughput: (event/s) 27897.292208519648
nexmark_src_src_epoch processed: 0, throughput: (event/s) 0
nexmark_src_src_logEntry processed: 10552, throughput: (event/s) 58.40751245925559
q8GroupBy-2 duration: 180.661691548

nexmark_src_src_logEntry processed: 10542, throughput: (event/s) 58.351821946997504
personsByIDSink processed: 100799, throughput: (event/s) 557.9401726840639
auctionsBySellerIDSink processed: 302399, throughput: (event/s) 1673.831588403538
nexmark_src_src processed: 5040253, throughput: (event/s) 27898.685792432174
nexmark_src_src_ctrl processed: 281, throughput: (event/s) 1.5553843641724814
nexmark_src_src_data processed: 5039972, throughput: (event/s) 27897.130408068002
nexmark_src_src_epoch processed: 0, throughput: (event/s) 0
q8GroupBy-3 duration: 180.662739367

nexmark_src_src processed 20161034 events, duration: 180.662739367
nexmark_src_src_ctrl processed 1124 events, duration: 180.662739367
nexmark_src_src_data processed 20159910 events, duration: 180.662739367
nexmark_src_src_epoch processed 0 events, duration: 180.662739367
nexmark_src_src_logEntry processed 42182 events, duration: 180.662739367
personsByIDSink processed 403196 events, duration: 180.662739367
auctionsBySellerIDSink processed 1209596 events, duration: 180.662739367

eventTimeLatency_sink, p50: 365 ms, p90: 1080 ms, p99: 2380 ms
auctionsBySellerIDSrc processed: 297787, throughput: (event/s) 1644.5354315467105
auctionsBySellerIDSrc_data processed: 297503, throughput: (event/s) 1642.9670351339748
auctionsBySellerIDSrc_logEntry processed: 2117, throughput: (event/s) 11.691180301975526
personsByIDSrc processed: 100568, throughput: (event/s) 555.389050830928
personsByIDSrc_ctrl processed: 284, throughput: (event/s) 1.5683964127354981
personsByIDSrc_data processed: 100284, throughput: (event/s) 553.8206544181926
auctionsBySellerIDSrc_epoch processed: 0, throughput: (event/s) 0
personsByIDSrc_epoch processed: 0, throughput: (event/s) 0
sink processed: 1187518, throughput: (event/s) 6558.094969221243
auctionsBySellerIDSrc_ctrl processed: 284, throughput: (event/s) 1.5683964127354981
personsByIDSrc_logEntry processed: 1132, throughput: (event/s) 6.251495560621774
q8JoinStream-0 duration: 181.076670218

eventTimeLatency_sink, p50: 376 ms, p90: 950 ms, p99: 2467 ms
auctionsBySellerIDSrc_data processed: 301163, throughput: (event/s) 1659.6473407511103
auctionsBySellerIDSrc_epoch processed: 0, throughput: (event/s) 0
personsByIDSrc_logEntry processed: 1132, throughput: (event/s) 6.238219136249329
auctionsBySellerIDSrc processed: 301447, throughput: (event/s) 1661.2124063294625
personsByIDSrc processed: 101308, throughput: (event/s) 558.2875479285751
personsByIDSrc_data processed: 101024, throughput: (event/s) 556.7224823502228
personsByIDSrc_epoch processed: 0, throughput: (event/s) 0
auctionsBySellerIDSrc_ctrl processed: 284, throughput: (event/s) 1.5650655783523053
auctionsBySellerIDSrc_logEntry processed: 2153, throughput: (event/s) 11.864740106311666
personsByIDSrc_ctrl processed: 284, throughput: (event/s) 1.5650655783523053
sink processed: 1205839, throughput: (event/s) 6645.130675826638
q8JoinStream-1 duration: 181.46204474

eventTimeLatency_sink, p50: 353 ms, p90: 843 ms, p99: 2241 ms
auctionsBySellerIDSrc_epoch processed: 0, throughput: (event/s) 0
auctionsBySellerIDSrc_logEntry processed: 2093, throughput: (event/s) 11.590452104750403
personsByIDSrc_ctrl processed: 284, throughput: (event/s) 1.5727130424028257
personsByIDSrc processed: 100788, throughput: (event/s) 558.1359229496338
personsByIDSrc_logEntry processed: 1131, throughput: (event/s) 6.263163559709844
auctionsBySellerIDSrc processed: 292186, throughput: (event/s) 1618.044834533493
auctionsBySellerIDSrc_ctrl processed: 284, throughput: (event/s) 1.5727130424028257
personsByIDSrc_data processed: 100504, throughput: (event/s) 556.563209907231
auctionsBySellerIDSrc_data processed: 291902, throughput: (event/s) 1616.4721214910903
personsByIDSrc_epoch processed: 0, throughput: (event/s) 0
sink processed: 1168849, throughput: (event/s) 6472.760798941903
q8JoinStream-2 duration: 180.5796686

eventTimeLatency_sink, p50: 364 ms, p90: 1127 ms, p99: 2531 ms
auctionsBySellerIDSrc_data processed: 319028, throughput: (event/s) 1760.684721340883
personsByIDSrc processed: 101668, throughput: (event/s) 561.095873243994
auctionsBySellerIDSrc_ctrl processed: 284, throughput: (event/s) 1.567368572228177
auctionsBySellerIDSrc_epoch processed: 0, throughput: (event/s) 0
personsByIDSrc_data processed: 101384, throughput: (event/s) 559.5285046717657
sink processed: 1277193, throughput: (event/s) 7048.704819964161
auctionsBySellerIDSrc processed: 319312, throughput: (event/s) 1762.2520899131114
personsByIDSrc_logEntry processed: 1132, throughput: (event/s) 6.247398675219353
personsByIDSrc_ctrl processed: 284, throughput: (event/s) 1.567368572228177
personsByIDSrc_epoch processed: 0, throughput: (event/s) 0
auctionsBySellerIDSrc_logEntry processed: 2220, throughput: (event/s) 12.251965599811806
q8JoinStream-3 duration: 181.1954157

auctionsBySellerIDSrc_logEntry processed 8583 events, duration: 181.46204474
personsByIDSrc_ctrl processed 1136 events, duration: 181.46204474
auctionsBySellerIDSrc_epoch processed 0 events, duration: 181.46204474
auctionsBySellerIDSrc_ctrl processed 1136 events, duration: 181.46204474
personsByIDSrc_logEntry processed 4527 events, duration: 181.46204474
auctionsBySellerIDSrc processed 1210732 events, duration: 181.46204474
auctionsBySellerIDSrc_data processed 1209596 events, duration: 181.46204474
personsByIDSrc processed 404332 events, duration: 181.46204474
personsByIDSrc_data processed 403196 events, duration: 181.46204474
personsByIDSrc_epoch processed 0 events, duration: 181.46204474
sink processed 4839399 events, duration: 181.46204474

