wait for last: true, sink max_buf_size: 131072
warmup: 0
config: map[NodeConstraint:"1,2,3,4" NumInstance:4 OutputTopicName:["nexmark_src"] funcName:"source"]
config: map[Final:true InputTopicNames:["nexmark_src"] NodeConstraint:"5,6,7,8" NumInstance:4 NumSrcProducer:[1] OutputTopicName:["q1_out"] funcName:"query1"]
encoded json is {"sg":{"nexmark_src":4,"q1_out":4,"query1":4,"source":4},"aid":"q1","fns":["source","query1"],"bufMaxSize":131072,"epoch":1,"serdeFormat":1,"bs":true}, node constraint is 1
srcInvokeConfig: &{FinalTpNames:[q1_out] TopicName:nexmark_src AppId:q1 NodeConstraint:1,2,3,4 AdditionalBytes:0 ScaleEpoch:0 NumOutPartition:4 InstanceID:0 NumSrcInstance:4}
cliNodes: [0xc0000c0120]
inParamsMap: map[query1:[0xc0000a2aa0 0xc0000a2b40 0xc0000a2be0 0xc0000a2c80]]
configScaleInput: &{Config:map[nexmark_src:4 q1_out:4 query1:4 source:4] AppId:q1 FuncNames:[source query1] BufMaxSize:131072 ScaleEpoch:0 SerdeFormat:1 Bootstrap:false}
encoded json is {"outTpNames":["q1_out"]}, node constraint is 1
redis_setup url is http://ip-172-31-15-150.us-east-2.compute.internal:8080/function/redisSetup
encoded json is {"srcTpName":"nexmark_src","outTpNames":["q1_out"],"numOutParts":"BA==","chkptEveryMs":100,"bufMaxSize":131072,"srcNumPart":4,"gua":4,"serde_format":1}, node constraint is 1
chkptmngr url is http://ip-172-31-15-150.us-east-2.compute.internal:8080/function/chkptmngr
func source url is http://ip-172-31-15-150.us-east-2.compute.internal:8080/function/source
func source url is http://ip-172-31-15-150.us-east-2.compute.internal:8080/function/source
func source url is http://ip-172-31-15-150.us-east-2.compute.internal:8080/function/source
func source url is http://ip-172-31-15-150.us-east-2.compute.internal:8080/function/source
src instance: 4
encoded json is {"topic_name":"nexmark_src","rate_shape":"square","aid":"q1","events_num":2880000,"rate_period":10000000000,"finOutTpNs":["q1_out"],"first_event_rate":16000,"next_event_rate":16000,"bid_avg_size":100,"person_avg_size":200,"auction_avg_size":500,"duration":180,"person_proportion":1,"auction_proportion":3,"bid_proportion":46,"bid_hot_ratio_auctions":2,"bid_hot_ratio_bidders":4,"auction_hot_ratio_sellers":4,"flushms":10,"bufMaxSize":131072,"commEveryMs":100,"rate_limited":false,"waitEnd":true,"serde_format":1,"numOutPar":4,"nSrcIns":4,"gua":4}, node constraint is 1,2,3,4
encoded json is {"topic_name":"nexmark_src","rate_shape":"square","aid":"q1","events_num":2880000,"rate_period":10000000000,"finOutTpNs":["q1_out"],"first_event_rate":16000,"next_event_rate":16000,"bid_avg_size":100,"person_avg_size":200,"auction_avg_size":500,"duration":180,"person_proportion":1,"auction_proportion":3,"bid_proportion":46,"bid_hot_ratio_auctions":2,"bid_hot_ratio_bidders":4,"auction_hot_ratio_sellers":4,"flushms":10,"bufMaxSize":131072,"commEveryMs":100,"rate_limited":false,"waitEnd":true,"serde_format":1,"numOutPar":4,"parNum":2,"nSrcIns":4,"gua":4}, node constraint is 1,2,3,4
encoded json is {"topic_name":"nexmark_src","rate_shape":"square","aid":"q1","events_num":2880000,"rate_period":10000000000,"finOutTpNs":["q1_out"],"first_event_rate":16000,"next_event_rate":16000,"bid_avg_size":100,"person_avg_size":200,"auction_avg_size":500,"duration":180,"person_proportion":1,"auction_proportion":3,"bid_proportion":46,"bid_hot_ratio_auctions":2,"bid_hot_ratio_bidders":4,"auction_hot_ratio_sellers":4,"flushms":10,"bufMaxSize":131072,"commEveryMs":100,"rate_limited":false,"waitEnd":true,"serde_format":1,"numOutPar":4,"parNum":1,"nSrcIns":4,"gua":4}, node constraint is 1,2,3,4
encoded json is {"topic_name":"nexmark_src","rate_shape":"square","aid":"q1","events_num":2880000,"rate_period":10000000000,"finOutTpNs":["q1_out"],"first_event_rate":16000,"next_event_rate":16000,"bid_avg_size":100,"person_avg_size":200,"auction_avg_size":500,"duration":180,"person_proportion":1,"auction_proportion":3,"bid_proportion":46,"bid_hot_ratio_auctions":2,"bid_hot_ratio_bidders":4,"auction_hot_ratio_sellers":4,"flushms":10,"bufMaxSize":131072,"commEveryMs":100,"rate_limited":false,"waitEnd":true,"serde_format":1,"numOutPar":4,"parNum":3,"nSrcIns":4,"gua":4}, node constraint is 1,2,3,4
Waiting for all client to return
func name is query1
func url is http://ip-172-31-15-150.us-east-2.compute.internal:8080/function/query1
func name is query1
encoded json is {"aid":"q1","numOutPartition":"BA==","numSubstreamProducer":"AQ==","outputTopicName":["q1_out"],"inputTopicName":["nexmark_src"],"commEveryMs":100,"flushMs":100,"duration":180,"bufMaxSize":131072,"epoch":1,"waitEnd":true,"numInPartition":4,"ParNum":3,"gua":4,"serdeFormat":1}, node constraint is 5,6,7,8
func name is query1
encoded json is {"aid":"q1","numOutPartition":"BA==","numSubstreamProducer":"AQ==","outputTopicName":["q1_out"],"inputTopicName":["nexmark_src"],"commEveryMs":100,"flushMs":100,"duration":180,"bufMaxSize":131072,"epoch":1,"waitEnd":true,"numInPartition":4,"ParNum":1,"gua":4,"serdeFormat":1}, node constraint is 5,6,7,8
func url is http://ip-172-31-15-150.us-east-2.compute.internal:8080/function/query1
func url is http://ip-172-31-15-150.us-east-2.compute.internal:8080/function/query1
encoded json is {"aid":"q1","numOutPartition":"BA==","numSubstreamProducer":"AQ==","outputTopicName":["q1_out"],"inputTopicName":["nexmark_src"],"commEveryMs":100,"flushMs":100,"duration":180,"bufMaxSize":131072,"epoch":1,"waitEnd":true,"numInPartition":4,"gua":4,"serdeFormat":1}, node constraint is 5,6,7,8
encoded json is {"aid":"q1","numOutPartition":"BA==","numSubstreamProducer":"AQ==","outputTopicName":["q1_out"],"inputTopicName":["nexmark_src"],"commEveryMs":100,"flushMs":100,"duration":180,"bufMaxSize":131072,"epoch":1,"waitEnd":true,"numInPartition":4,"ParNum":2,"gua":4,"serdeFormat":1}, node constraint is 5,6,7,8
func name is query1
func url is http://ip-172-31-15-150.us-east-2.compute.internal:8080/function/query1
source-0 invoke done
source-1 invoke done
source-2 invoke done
source-3 invoke done
query1-0 call done
query1-2 call done
query1-3 call done
query1-1 call done
sink processed: 720002, throughput: (event/s) 3999.69501554734
sink_ctrl processed: 2, throughput: (event/s) 0.011110233070317416
source-0 duration: 180.014225385

sink processed: 720002, throughput: (event/s) 3999.6873485526307
sink_ctrl processed: 2, throughput: (event/s) 0.01111021177316905
source-1 duration: 180.014570454

sink processed: 720002, throughput: (event/s) 3999.676449872112
sink_ctrl processed: 2, throughput: (event/s) 0.01111018149914059
source-2 duration: 180.015060974

sink processed: 720002, throughput: (event/s) 3999.679087373123
sink_ctrl processed: 2, throughput: (event/s) 0.011110188825511937
source-3 duration: 180.014942267

sink processed 2880008 events, duration: 180.015060974, tp: 15998.705799
sink_ctrl processed 8 events, duration: 180.015060974, tp: 0.044441

eventTimeLatency_sink, p50: 9 ms, p90: 13 ms, p99: 15 ms
nexmark_src_src processed: 721636, throughput: (event/s) 4008.684364688173
nexmark_src_src_ctrl processed: 1636, throughput: (event/s) 9.087971803831643
nexmark_src_src_data processed: 720000, throughput: (event/s) 3999.5963928843416
nexmark_src_src_epoch processed: 0, throughput: (event/s) 0
nexmark_src_src_logEntry processed: 15603, throughput: (event/s) 86.67458683079775
sink processed: 662400, throughput: (event/s) 3679.6286814535943
query1-0 duration: 180.018164153

eventTimeLatency_sink, p50: 9 ms, p90: 13 ms, p99: 15 ms
nexmark_src_src_ctrl processed: 1636, throughput: (event/s) 9.08794432572113
nexmark_src_src_data processed: 720000, throughput: (event/s) 3999.5842998283706
nexmark_src_src_epoch processed: 0, throughput: (event/s) 0
nexmark_src_src_logEntry processed: 15557, throughput: (event/s) 86.41879576726383
sink processed: 662400, throughput: (event/s) 3679.617555842101
nexmark_src_src processed: 721636, throughput: (event/s) 4008.672244154092
query1-1 duration: 180.018708452

eventTimeLatency_sink, p50: 9 ms, p90: 13 ms, p99: 15 ms
nexmark_src_src_logEntry processed: 15531, throughput: (event/s) 86.27442570929259
sink processed: 662400, throughput: (event/s) 3679.6200882000776
nexmark_src_src processed: 721636, throughput: (event/s) 4008.675002971545
nexmark_src_src_ctrl processed: 1636, throughput: (event/s) 9.087950580155988
nexmark_src_src_data processed: 720000, throughput: (event/s) 3999.5870523913886
nexmark_src_src_epoch processed: 0, throughput: (event/s) 0
query1-2 duration: 180.018584561

eventTimeLatency_sink, p50: 9 ms, p90: 13 ms, p99: 15 ms
nexmark_src_src processed: 721636, throughput: (event/s) 4008.6522189421325
nexmark_src_src_ctrl processed: 1636, throughput: (event/s) 9.087898927145165
nexmark_src_src_data processed: 720000, throughput: (event/s) 3999.5643200149875
nexmark_src_src_epoch processed: 0, throughput: (event/s) 0
nexmark_src_src_logEntry processed: 15556, throughput: (event/s) 86.41280911410159
sink processed: 662400, throughput: (event/s) 3679.599174413788
query1-3 duration: 180.019607735

nexmark_src_src_data processed 2880000 events, duration: 180.019607735
nexmark_src_src_epoch processed 0 events, duration: 180.019607735
nexmark_src_src_logEntry processed 62247 events, duration: 180.019607735
sink processed 2649600 events, duration: 180.019607735
nexmark_src_src processed 2886544 events, duration: 180.019607735
nexmark_src_src_ctrl processed 6544 events, duration: 180.019607735

