parallel restore str: , false
env str: , async2ndPhase: false
env str: , create snapshot: false
2024/03/03 20:38:49 [INFO] Load configuration for function scale[40]
2024/03/03 20:38:49 [INFO] Load configuration for function chkptmngr[60]
2024/03/03 20:38:49 [INFO] Load configuration for function redisSetup[70]
2024/03/03 20:38:49 [INFO] Load configuration for function source[20]
2024/03/03 20:38:49 [INFO] Load configuration for function query1[30]
2024/03/03 20:38:49 [INFO] Parse FAAS_ENGINE_ID: 3
2024/03/03 20:38:49 [INFO] Parse FAAS_ENGINE_ID: 3
2024/03/03 20:38:49 [INFO] Current GOMAXPROCS is 2
2024/03/03 20:38:49 [INFO] Parse FAAS_ENGINE_ID: 3
2024/03/03 20:38:49 [INFO] Start new FuncWorker with client id 4
2024/03/03 20:38:49 [INFO] Start new FuncWorker with client id 5
2024/03/03 20:38:49 [INFO] Current GOMAXPROCS is 3
2024/03/03 20:38:49 [INFO] Start new FuncWorker with client id 6
2024/03/03 20:38:49 [INFO] Parse FAAS_ENGINE_ID: 3
2024/03/03 20:38:49 [INFO] Current GOMAXPROCS is 4
2024/03/03 20:38:49 [INFO] Start new FuncWorker with client id 7
Enter nexmark: funcName: source
2024/03/03 20:38:49 [INFO] Handshake with engine done
Enter nexmark: funcName: source
Enter nexmark: funcName: source
2024/03/03 20:38:49 [INFO] Handshake with engine done
2024/03/03 20:38:49 [INFO] Handshake with engine done
Enter nexmark: funcName: source
2024/03/03 20:38:49 [INFO] Handshake with engine done
redis address is [snapcache-1:6666 snapcache-2:6666 snapcache-3:6666 snapcache-4:6666]
new buffered sink stream nexmark_src[0] with bufMaxSize 131072
new buffered sink stream nexmark_src[1] with bufMaxSize 131072
new buffered sink stream nexmark_src[2] with bufMaxSize 131072
new buffered sink stream nexmark_src[3] with bufMaxSize 131072
Generator config: 
	InterEventDelayUs: [250]
	EventPerEpoch    : 0
	MaxEvents        : 2880000
	FirstEventNumber : 1
	EpochPeriodMs    : 0
	StepLengthSec    : 5
	BaseTime         : 1709498454022
	FirstEventId     : 1
	TotalProportion  : 50
	BidProportion    : 46
	AuctionProportion: 3
	PersonProportion : 1
Nexmark config: 
	NumEvents            : 2880000
	NumEventGenerators   : 4
	RateShape            : 0
	FirstEventRate       : 16000
	NextEventRate        : 16000
	RateUnit             : 1000000
	RatePeriodSec        : 10
	PreloadSeconds       : 0
	StreamTimeout        : 240
	IsRateLimited        : false
	UseWallclockEventTime: false
	AvgPersonByteSize    : 200
	AvgAuctionByteSize   : 500
	AvgBidByteSize       : 100
	HotAuctionRatio      : 2
	HotSellersRatio      : 4
	HotBiddersRatio      : 4
	WindowSizeSec        : 10
	WindowPeriodSec      : 5
	WatermarkHoldbackSec : 0
	NumInFlightAuctions  : 100
	NumActivePeople      : 1000
	OccasionalDelaySec   : 3
	ProbDelayedEvent     : 0.1
	OutOfOrderGroupSize  : 1
Input config: 
	SrcTopicName   : nexmark_src
	AppId          : q1
	FinalOutTpNames: [q1_out]
	Duration(s)    : 180
	FlushMs        : 10
	BufMaxSize     : 131072
	CommitEveryMs  : 100
	WaitForEndMark : true
	SerdeFormat    : MSGP
	NumOutPartition: 4
	ParNum         : 0
	NumSrcInstance : 4
	Guarantee      : ALIGN_CHKPT
new buffered sink stream __control_log_q1[0] with bufMaxSize 131072
new buffered sink stream __control_log_q1[0] with bufMaxSize 131072
generate events to [0]
StartTs: 1709498454022
gen first chkpt
srcGen_0 stats (40004 samples): dur=10.00193941s, p50=12, p90=1092, p99=1911
nexmark_src_bufEntry_0 stats (890 samples): dur=10.005964024s, p50=44, p90=48, p99=52
nexmark_src_bufSize_0 stats (890 samples): dur=10.00601498s, p50=11487, p90=12335, p99=13298
srcGen_0 stats (40008 samples): dur=10.001922897s, p50=12, p90=1091, p99=1921
nexmark_src_bufEntry_0 stats (897 samples): dur=10.003033433s, p50=44, p90=48, p99=48
nexmark_src_bufSize_0 stats (897 samples): dur=10.003035174s, p50=11484, p90=12302, p99=12649
srcGen_0 stats (40008 samples): dur=10.002029896s, p50=12, p90=1092, p99=1912
nexmark_src_bufEntry_0 stats (897 samples): dur=10.002961394s, p50=44, p90=48, p99=48
nexmark_src_bufSize_0 stats (897 samples): dur=10.002954308s, p50=11483, p90=12270, p99=12627
srcGen_0 stats (40008 samples): dur=10.00255408s, p50=12, p90=1092, p99=1914
nexmark_src_bufEntry_0 stats (895 samples): dur=10.005060244s, p50=44, p90=48, p99=48
nexmark_src_bufSize_0 stats (895 samples): dur=10.005066478s, p50=11481, p90=12340, p99=12657
srcGen_0 stats (40008 samples): dur=10.001188725s, p50=12, p90=1092, p99=1911
nexmark_src_bufEntry_0 stats (897 samples): dur=10.006570461s, p50=44, p90=48, p99=48
nexmark_src_bufSize_0 stats (897 samples): dur=10.006569489s, p50=11496, p90=12349, p99=12607
srcGen_0 stats (40008 samples): dur=10.001894864s, p50=12, p90=1092, p99=1916
nexmark_src_bufEntry_0 stats (896 samples): dur=10.009420041s, p50=44, p90=48, p99=48
nexmark_src_bufSize_0 stats (896 samples): dur=10.009416448s, p50=11498, p90=12351, p99=12729
srcGen_0 stats (40004 samples): dur=10.001322692s, p50=12, p90=1092, p99=1914
nexmark_src_bufEntry_0 stats (898 samples): dur=10.003929334s, p50=44, p90=48, p99=48
nexmark_src_bufSize_0 stats (898 samples): dur=10.003929343s, p50=11492, p90=12253, p99=12672
srcGen_0 stats (40004 samples): dur=10.001084195s, p50=12, p90=1091, p99=1916
nexmark_src_bufEntry_0 stats (895 samples): dur=10.004871915s, p50=44, p90=48, p99=48
nexmark_src_bufSize_0 stats (895 samples): dur=10.004874707s, p50=11506, p90=12319, p99=12632
srcGen_0 stats (40008 samples): dur=10.001905705s, p50=12, p90=1091, p99=1917
nexmark_src_bufEntry_0 stats (898 samples): dur=10.008660377s, p50=44, p90=48, p99=48
nexmark_src_bufSize_0 stats (898 samples): dur=10.008662211s, p50=11478, p90=12229, p99=12599
srcGen_0 stats (40008 samples): dur=10.001431475s, p50=12, p90=1092, p99=1918
nexmark_src_bufEntry_0 stats (898 samples): dur=10.00161178s, p50=44, p90=48, p99=48
nexmark_src_bufSize_0 stats (898 samples): dur=10.001608821s, p50=11487, p90=12254, p99=12607
srcGen_0 stats (40002 samples): dur=10.000955529s, p50=12, p90=1092, p99=1911
nexmark_src_bufEntry_0 stats (899 samples): dur=10.009814388s, p50=44, p90=48, p99=48
nexmark_src_bufSize_0 stats (899 samples): dur=10.009816523s, p50=11488, p90=12261, p99=12637
srcGen_0 stats (40002 samples): dur=10.001172945s, p50=12, p90=1092, p99=1915
nexmark_src_bufEntry_0 stats (898 samples): dur=10.010128352s, p50=44, p90=48, p99=48
nexmark_src_bufSize_0 stats (898 samples): dur=10.010123097s, p50=11496, p90=12227, p99=12649
srcGen_0 stats (40004 samples): dur=10.001101123s, p50=12, p90=1092, p99=1916
nexmark_src_bufEntry_0 stats (899 samples): dur=10.003366553s, p50=44, p90=48, p99=48
nexmark_src_bufSize_0 stats (899 samples): dur=10.003373109s, p50=11483, p90=12157, p99=12661
srcGen_0 stats (40008 samples): dur=10.00123277s, p50=12, p90=1092, p99=1913
nexmark_src_bufEntry_0 stats (897 samples): dur=10.004951256s, p50=44, p90=48, p99=48
nexmark_src_bufSize_0 stats (897 samples): dur=10.004951804s, p50=11498, p90=12288, p99=12647
srcGen_0 stats (40008 samples): dur=10.001624894s, p50=12, p90=1092, p99=1915
nexmark_src_bufEntry_0 stats (898 samples): dur=10.0010658s, p50=44, p90=48, p99=48
nexmark_src_bufSize_0 stats (898 samples): dur=10.001062414s, p50=11487, p90=12254, p99=12653
srcGen_0 stats (40004 samples): dur=10.001095148s, p50=12, p90=1092, p99=1917
nexmark_src_bufEntry_0 stats (897 samples): dur=10.008130225s, p50=44, p90=48, p99=48
nexmark_src_bufSize_0 stats (897 samples): dur=10.008134638s, p50=11491, p90=12278, p99=12619
srcGen_0 stats (40004 samples): dur=10.001634865s, p50=12, p90=1092, p99=1911
nexmark_src_bufEntry_0 stats (898 samples): dur=10.002298415s, p50=44, p90=48, p99=48
nexmark_src_bufSize_0 stats (898 samples): dur=10.002297441s, p50=11486, p90=12286, p99=12625
[0] chkmngr has terminated
generate stream end mark with tag: 404b3c06f60bdf00
[0] all stopped
