parallel restore str: , false
env str: , async2ndPhase: false
env str: , create snapshot: false
2024/03/03 11:25:50 [INFO] Load configuration for function scale[40]
2024/03/03 11:25:50 [INFO] Load configuration for function chkptmngr[50]
2024/03/03 11:25:50 [INFO] Load configuration for function redisSetup[70]
2024/03/03 11:25:50 [INFO] Load configuration for function source[20]
2024/03/03 11:25:50 [INFO] Load configuration for function query2[30]
2024/03/03 11:25:50 [INFO] Parse FAAS_ENGINE_ID: 2
2024/03/03 11:25:50 [INFO] Parse FAAS_ENGINE_ID: 2
2024/03/03 11:25:50 [INFO] Current GOMAXPROCS is 2
2024/03/03 11:25:50 [INFO] Parse FAAS_ENGINE_ID: 2
2024/03/03 11:25:50 [INFO] Start new FuncWorker with client id 8
2024/03/03 11:25:50 [INFO] Current GOMAXPROCS is 3
2024/03/03 11:25:50 [INFO] Parse FAAS_ENGINE_ID: 2
2024/03/03 11:25:50 [INFO] Start new FuncWorker with client id 9
2024/03/03 11:25:50 [INFO] Current GOMAXPROCS is 4
2024/03/03 11:25:50 [INFO] Start new FuncWorker with client id 10
2024/03/03 11:25:50 [INFO] Start new FuncWorker with client id 11
Enter nexmark: funcName: source
2024/03/03 11:25:50 [INFO] Handshake with engine done
Enter nexmark: funcName: source
Enter nexmark: funcName: source
2024/03/03 11:25:50 [INFO] Handshake with engine done
2024/03/03 11:25:50 [INFO] Handshake with engine done
Enter nexmark: funcName: source
2024/03/03 11:25:50 [INFO] Handshake with engine done
redis address is [snapcache-1:6666 snapcache-2:6666 snapcache-3:6666 snapcache-4:6666]
new buffered sink stream nexmark_src[0] with bufMaxSize 131072
new buffered sink stream nexmark_src[1] with bufMaxSize 131072
new buffered sink stream nexmark_src[2] with bufMaxSize 131072
new buffered sink stream nexmark_src[3] with bufMaxSize 131072
Generator config: 
	InterEventDelayUs: [31.25]
	EventPerEpoch    : 0
	MaxEvents        : 23040000
	FirstEventNumber : 1
	EpochPeriodMs    : 0
	StepLengthSec    : 5
	BaseTime         : 1709465271968
	FirstEventId     : 1
	TotalProportion  : 50
	BidProportion    : 46
	AuctionProportion: 3
	PersonProportion : 1
Nexmark config: 
	NumEvents            : 23040000
	NumEventGenerators   : 4
	RateShape            : 0
	FirstEventRate       : 128000
	NextEventRate        : 128000
	RateUnit             : 1000000
	RatePeriodSec        : 10
	PreloadSeconds       : 0
	StreamTimeout        : 240
	IsRateLimited        : false
	UseWallclockEventTime: false
	AvgPersonByteSize    : 200
	AvgAuctionByteSize   : 500
	AvgBidByteSize       : 100
	HotAuctionRatio      : 2
	HotSellersRatio      : 4
	HotBiddersRatio      : 4
	WindowSizeSec        : 10
	WindowPeriodSec      : 5
	WatermarkHoldbackSec : 0
	NumInFlightAuctions  : 100
	NumActivePeople      : 1000
	OccasionalDelaySec   : 3
	ProbDelayedEvent     : 0.1
	OutOfOrderGroupSize  : 1
Input config: 
	SrcTopicName   : nexmark_src
	AppId          : q2
	FinalOutTpNames: [q2_out]
	Duration(s)    : 180
	FlushMs        : 10
	BufMaxSize     : 131072
	CommitEveryMs  : 100
	WaitForEndMark : true
	SerdeFormat    : MSGP
	NumOutPartition: 4
	ParNum         : 3
	NumSrcInstance : 4
	Guarantee      : ALIGN_CHKPT
new buffered sink stream __control_log_q2[0] with bufMaxSize 131072
new buffered sink stream __control_log_q2[0] with bufMaxSize 131072
generate events to [3]
StartTs: 1709465271968
gen first chkpt
srcGen_3 stats (320032 samples): dur=10.006755945s, p50=5, p90=15, p99=1549
nexmark_src_bufEntry_3 stats (791 samples): dur=10.004991664s, p50=416, p90=448, p99=504
nexmark_src_bufSize_3 stats (791 samples): dur=10.005034288s, p50=106690, p90=114948, p99=130787
srcGen_3 stats (320192 samples): dur=10.005537476s, p50=5, p90=15, p99=1569
nexmark_src_bufEntry_3 stats (793 samples): dur=10.008646316s, p50=416, p90=442, p99=448
nexmark_src_bufSize_3 stats (793 samples): dur=10.008681297s, p50=106419, p90=114568, p99=116640
srcGen_3 stats (320160 samples): dur=10.005471451s, p50=5, p90=15, p99=1564
nexmark_src_bufEntry_3 stats (795 samples): dur=10.002227302s, p50=416, p90=439, p99=475
nexmark_src_bufSize_3 stats (795 samples): dur=10.002205854s, p50=106594, p90=113387, p99=121833
srcGen_3 stats (320192 samples): dur=10.006386604s, p50=5, p90=15, p99=1578
nexmark_src_bufEntry_3 stats (798 samples): dur=10.004888567s, p50=416, p90=433, p99=478
nexmark_src_bufSize_3 stats (798 samples): dur=10.004878932s, p50=106926, p90=111967, p99=123033
srcGen_3 stats (320185 samples): dur=10.00492501s, p50=5, p90=15, p99=1573
nexmark_src_bufEntry_3 stats (800 samples): dur=10.011648237s, p50=416, p90=421, p99=460
nexmark_src_bufSize_3 stats (800 samples): dur=10.011656092s, p50=107146, p90=109693, p99=119088
srcGen_3 stats (320199 samples): dur=10.00668363s, p50=5, p90=15, p99=1583
nexmark_src_bufEntry_3 stats (799 samples): dur=10.003268997s, p50=416, p90=421, p99=455
nexmark_src_bufSize_3 stats (799 samples): dur=10.003258824s, p50=107203, p90=109819, p99=118323
srcGen_3 stats (320192 samples): dur=10.006165442s, p50=5, p90=15, p99=1578
nexmark_src_bufEntry_3 stats (804 samples): dur=10.005172244s, p50=416, p90=419, p99=480
nexmark_src_bufSize_3 stats (804 samples): dur=10.005172065s, p50=106994, p90=109500, p99=124530
srcGen_3 stats (320192 samples): dur=10.007290995s, p50=5, p90=15, p99=1586
nexmark_src_bufEntry_3 stats (805 samples): dur=10.004896464s, p50=390, p90=416, p99=480
nexmark_src_bufSize_3 stats (805 samples): dur=10.004899399s, p50=101273, p90=109064, p99=124179
srcGen_3 stats (320256 samples): dur=10.006151961s, p50=5, p90=15, p99=1586
nexmark_src_bufEntry_3 stats (803 samples): dur=10.00044228s, p50=416, p90=416, p99=448
nexmark_src_bufSize_3 stats (803 samples): dur=10.000445151s, p50=106814, p90=109132, p99=116961
srcGen_3 stats (320146 samples): dur=10.004941841s, p50=5, p90=15, p99=1580
nexmark_src_bufEntry_3 stats (801 samples): dur=10.007093852s, p50=416, p90=416, p99=448
nexmark_src_bufSize_3 stats (801 samples): dur=10.007086768s, p50=107043, p90=109188, p99=117185
srcGen_3 stats (320206 samples): dur=10.006698979s, p50=5, p90=14, p99=1588
nexmark_src_bufEntry_3 stats (800 samples): dur=10.00783345s, p50=416, p90=416, p99=448
nexmark_src_bufSize_3 stats (800 samples): dur=10.007832783s, p50=107857, p90=109925, p99=117859
srcGen_3 stats (320192 samples): dur=10.005753817s, p50=4, p90=14, p99=1626
nexmark_src_bufEntry_3 stats (802 samples): dur=10.009757512s, p50=416, p90=416, p99=448
nexmark_src_bufSize_3 stats (802 samples): dur=10.009768015s, p50=107801, p90=109729, p99=117673
srcGen_3 stats (320224 samples): dur=10.006221385s, p50=4, p90=14, p99=1614
nexmark_src_bufEntry_3 stats (796 samples): dur=10.008986038s, p50=416, p90=416, p99=448
nexmark_src_bufSize_3 stats (796 samples): dur=10.008979106s, p50=108141, p90=109802, p99=117791
srcGen_3 stats (320128 samples): dur=10.006657576s, p50=4, p90=14, p99=1623
nexmark_src_bufEntry_3 stats (803 samples): dur=10.001068538s, p50=416, p90=416, p99=448
nexmark_src_bufSize_3 stats (803 samples): dur=10.001078925s, p50=107733, p90=109763, p99=118142
srcGen_3 stats (320281 samples): dur=10.004636393s, p50=4, p90=14, p99=1612
nexmark_src_bufEntry_3 stats (797 samples): dur=10.007133873s, p50=416, p90=416, p99=448
nexmark_src_bufSize_3 stats (797 samples): dur=10.007122972s, p50=108147, p90=109939, p99=117776
srcGen_3 stats (320103 samples): dur=10.004754602s, p50=4, p90=14, p99=1615
nexmark_src_bufEntry_3 stats (795 samples): dur=10.006913873s, p50=416, p90=416, p99=448
nexmark_src_bufSize_3 stats (795 samples): dur=10.006913396s, p50=108237, p90=109954, p99=117924
srcGen_3 stats (320155 samples): dur=10.004625324s, p50=4, p90=14, p99=1599
nexmark_src_bufEntry_3 stats (794 samples): dur=10.005619958s, p50=416, p90=416, p99=448
nexmark_src_bufSize_3 stats (794 samples): dur=10.005621295s, p50=108223, p90=109858, p99=118106
[3] chkmngr has terminated
generate stream end mark with tag: 404b3c06f60bdf03
[3] all stopped
