wait for last: true, sink max_buf_size: 131072
warmup: 0
config: map[NodeConstraint:"1,2,3,4" NumInstance:4 OutputTopicName:["nexmark_src"] funcName:"source"]
config: map[Final:true InputTopicNames:["nexmark_src"] NodeConstraint:"5,6,7,8" NumInstance:4 NumSrcProducer:[1] OutputTopicName:["fanout_out"] funcName:"fanout"]
srcInvokeConfig: &{FinalTpNames:[fanout_out] TopicName:nexmark_src AppId:fanout NodeConstraint:1,2,3,4 AdditionalBytes:0 ScaleEpoch:0 NumOutPartition:4 InstanceID:0 NumSrcInstance:4}
cliNodes: [0xc000026160]
inParamsMap: map[fanout:[0xc00007eb40 0xc00007ebe0 0xc00007ec80 0xc00007ed20]]
configScaleInput: &{Config:map[fanout:4 fanout_out:128 nexmark_src:4 source:4] AppId:fanout FuncNames:[source fanout] BufMaxSize:131072 ScaleEpoch:0 SerdeFormat:1 Bootstrap:false}
encoded json is {"sg":{"fanout":4,"fanout_out":128,"nexmark_src":4,"source":4},"aid":"fanout","fns":["source","fanout"],"bufMaxSize":131072,"epoch":1,"serdeFormat":1,"bs":true}, node constraint is 1
func source url is http://ip-172-31-1-232.us-east-2.compute.internal:8080/function/source
func source url is http://ip-172-31-1-232.us-east-2.compute.internal:8080/function/source
func source url is http://ip-172-31-1-232.us-east-2.compute.internal:8080/function/source
func source url is http://ip-172-31-1-232.us-east-2.compute.internal:8080/function/source
src instance: 4
encoded json is {"topic_name":"nexmark_src","rate_shape":"square","aid":"fanout","events_num":46080000,"rate_period":10000000000,"finOutTpNs":["fanout_out"],"first_event_rate":256000,"next_event_rate":256000,"bid_avg_size":100,"person_avg_size":200,"auction_avg_size":500,"duration":180,"person_proportion":1,"auction_proportion":3,"bid_proportion":46,"bid_hot_ratio_auctions":2,"bid_hot_ratio_bidders":4,"auction_hot_ratio_sellers":4,"flushms":10,"bufMaxSize":131072,"commEveryMs":100,"rate_limited":false,"waitEnd":true,"serde_format":1,"numOutPar":4,"parNum":3,"nSrcIns":4,"gua":3}, node constraint is 1,2,3,4
encoded json is {"topic_name":"nexmark_src","rate_shape":"square","aid":"fanout","events_num":46080000,"rate_period":10000000000,"finOutTpNs":["fanout_out"],"first_event_rate":256000,"next_event_rate":256000,"bid_avg_size":100,"person_avg_size":200,"auction_avg_size":500,"duration":180,"person_proportion":1,"auction_proportion":3,"bid_proportion":46,"bid_hot_ratio_auctions":2,"bid_hot_ratio_bidders":4,"auction_hot_ratio_sellers":4,"flushms":10,"bufMaxSize":131072,"commEveryMs":100,"rate_limited":false,"waitEnd":true,"serde_format":1,"numOutPar":4,"parNum":2,"nSrcIns":4,"gua":3}, node constraint is 1,2,3,4
encoded json is {"topic_name":"nexmark_src","rate_shape":"square","aid":"fanout","events_num":46080000,"rate_period":10000000000,"finOutTpNs":["fanout_out"],"first_event_rate":256000,"next_event_rate":256000,"bid_avg_size":100,"person_avg_size":200,"auction_avg_size":500,"duration":180,"person_proportion":1,"auction_proportion":3,"bid_proportion":46,"bid_hot_ratio_auctions":2,"bid_hot_ratio_bidders":4,"auction_hot_ratio_sellers":4,"flushms":10,"bufMaxSize":131072,"commEveryMs":100,"rate_limited":false,"waitEnd":true,"serde_format":1,"numOutPar":4,"nSrcIns":4,"gua":3}, node constraint is 1,2,3,4
encoded json is {"topic_name":"nexmark_src","rate_shape":"square","aid":"fanout","events_num":46080000,"rate_period":10000000000,"finOutTpNs":["fanout_out"],"first_event_rate":256000,"next_event_rate":256000,"bid_avg_size":100,"person_avg_size":200,"auction_avg_size":500,"duration":180,"person_proportion":1,"auction_proportion":3,"bid_proportion":46,"bid_hot_ratio_auctions":2,"bid_hot_ratio_bidders":4,"auction_hot_ratio_sellers":4,"flushms":10,"bufMaxSize":131072,"commEveryMs":100,"rate_limited":false,"waitEnd":true,"serde_format":1,"numOutPar":4,"parNum":1,"nSrcIns":4,"gua":3}, node constraint is 1,2,3,4
encoded json is {"aid":"fanout","numOutPartition":"gA==","numSubstreamProducer":"AQ==","outputTopicName":["fanout_out"],"inputTopicName":["nexmark_src"],"commEveryMs":100,"flushMs":100,"duration":180,"bufMaxSize":131072,"epoch":1,"waitEnd":true,"numInPartition":4,"ParNum":3,"gua":3,"serdeFormat":1}, node constraint is 5,6,7,8
encoded json is {"aid":"fanout","numOutPartition":"gA==","numSubstreamProducer":"AQ==","outputTopicName":["fanout_out"],"inputTopicName":["nexmark_src"],"commEveryMs":100,"flushMs":100,"duration":180,"bufMaxSize":131072,"epoch":1,"waitEnd":true,"numInPartition":4,"ParNum":1,"gua":3,"serdeFormat":1}, node constraint is 5,6,7,8
encoded json is {"aid":"fanout","numOutPartition":"gA==","numSubstreamProducer":"AQ==","outputTopicName":["fanout_out"],"inputTopicName":["nexmark_src"],"commEveryMs":100,"flushMs":100,"duration":180,"bufMaxSize":131072,"epoch":1,"waitEnd":true,"numInPartition":4,"gua":3,"serdeFormat":1}, node constraint is 5,6,7,8
encoded json is {"aid":"fanout","numOutPartition":"gA==","numSubstreamProducer":"AQ==","outputTopicName":["fanout_out"],"inputTopicName":["nexmark_src"],"commEveryMs":100,"flushMs":100,"duration":180,"bufMaxSize":131072,"epoch":1,"waitEnd":true,"numInPartition":4,"ParNum":2,"gua":3,"serdeFormat":1}, node constraint is 5,6,7,8
Waiting for all client to return
func name is fanout
func url is http://ip-172-31-1-232.us-east-2.compute.internal:8080/function/fanout
func name is fanout
func url is http://ip-172-31-1-232.us-east-2.compute.internal:8080/function/fanout
func name is fanout
func name is fanout
func url is http://ip-172-31-1-232.us-east-2.compute.internal:8080/function/fanout
func url is http://ip-172-31-1-232.us-east-2.compute.internal:8080/function/fanout
source-3 invoke done
source-2 invoke done
source-0 invoke done
source-1 invoke done
fanout-2 call done
fanout-1 call done
fanout-3 call done
fanout-0 call done
sink processed: 11519955, throughput: (event/s) 63998.76955627229
sink_ctrl processed: 1, throughput: (event/s) 0.005555470447260626
source-0 duration: 180.002757551

sink_ctrl processed: 1, throughput: (event/s) 0.005555479215030514
sink processed: 11520001, throughput: (event/s) 63999.126112630736
source-1 duration: 180.002473467

sink processed: 11520001, throughput: (event/s) 63999.317070102305
sink_ctrl processed: 1, throughput: (event/s) 0.005555495791198482
source-2 duration: 180.001936386

sink_ctrl processed: 1, throughput: (event/s) 0.005555491898846684
sink processed: 11520001, throughput: (event/s) 63999.27223020569
source-3 duration: 180.002062501

sink processed 46079958 events, duration: 180.002757551, tp: 255995.844880
sink_ctrl processed 4 events, duration: 180.002757551, tp: 0.022222

eventTimeLatency_fanoutSink, p50: 61 ms, p90: 139 ms, p99: 207 ms
fanoutSink processed: 11519954, throughput: (event/s) 63838.67426429572
nexmark_src_src processed: 11519955, throughput: (event/s) 63838.67980586943
nexmark_src_src_ctrl processed: 1, throughput: (event/s) 0.0055415737132540385
nexmark_src_src_data processed: 11519954, throughput: (event/s) 63838.67426429572
nexmark_src_src_epoch processed: 0, throughput: (event/s) 0
nexmark_src_src_logEntry processed: 30300, throughput: (event/s) 167.90968351159736
fanout-0 duration: 180.454154676

eventTimeLatency_fanoutSink, p50: 60 ms, p90: 134 ms, p99: 163 ms
nexmark_src_src_logEntry processed: 30531, throughput: (event/s) 169.25366621963667
fanoutSink processed: 11520000, throughput: (event/s) 63863.032159123984
nexmark_src_src processed: 11520001, throughput: (event/s) 63863.037702789974
nexmark_src_src_ctrl processed: 1, throughput: (event/s) 0.005543665986035068
nexmark_src_src_data processed: 11520000, throughput: (event/s) 63863.032159123984
nexmark_src_src_epoch processed: 0, throughput: (event/s) 0
fanout-1 duration: 180.386048243

eventTimeLatency_fanoutSink, p50: 51 ms, p90: 125 ms, p99: 151 ms
nexmark_src_src_epoch processed: 0, throughput: (event/s) 0
nexmark_src_src_logEntry processed: 30334, throughput: (event/s) 168.1099404738306
fanoutSink processed: 11520000, throughput: (event/s) 63843.42698814955
nexmark_src_src processed: 11520001, throughput: (event/s) 63843.4325301137
nexmark_src_src_ctrl processed: 1, throughput: (event/s) 0.005541964148276871
nexmark_src_src_data processed: 11520000, throughput: (event/s) 63843.42698814955
fanout-2 duration: 180.441441562

eventTimeLatency_fanoutSink, p50: 59 ms, p90: 136 ms, p99: 167 ms
fanoutSink processed: 11520000, throughput: (event/s) 63844.23366053219
nexmark_src_src processed: 11520001, throughput: (event/s) 63844.239202566365
nexmark_src_src_ctrl processed: 1, throughput: (event/s) 0.005542034171921197
nexmark_src_src_data processed: 11520000, throughput: (event/s) 63844.23366053219
nexmark_src_src_epoch processed: 0, throughput: (event/s) 0
nexmark_src_src_logEntry processed: 30577, throughput: (event/s) 169.45877887483445
fanout-3 duration: 180.439161683

nexmark_src_src_ctrl processed 4 events, duration: 180.454154676
nexmark_src_src_data processed 46079954 events, duration: 180.454154676
nexmark_src_src_epoch processed 0 events, duration: 180.454154676
nexmark_src_src_logEntry processed 121742 events, duration: 180.454154676
fanoutSink processed 46079954 events, duration: 180.454154676
nexmark_src_src processed 46079958 events, duration: 180.454154676

