wait for last: true, sink max_buf_size: 131072
warmup: 0
config: map[NodeConstraint:"1,2,3,4" NumInstance:16 OutputTopicName:["nexmark_src"] funcName:"source"]
config: map[InputTopicNames:["nexmark_src"] NodeConstraint:"5,6,7,8" NumInstance:16 NumSrcProducer:[1] OutputTopicName:["q8_aucsBySellerID_out","q8_personsByID_out"] funcName:"q8GroupBy"]
config: map[Final:true InputTopicNames:["q8_aucsBySellerID_out","q8_personsByID_out"] NodeConstraint:"5,6,7,8" NumInstance:16 NumSrcProducer:[16,16] OutputTopicName:["q8_out"] funcName:"q8JoinStream"]
srcInvokeConfig: &{FinalTpNames:[q8_out] TopicName:nexmark_src AppId:q8 NodeConstraint:1,2,3,4 AdditionalBytes:0 ScaleEpoch:0 NumOutPartition:16 InstanceID:0 NumSrcInstance:16}
cliNodes: [0xc0000261c0 0xc000026200]
inParamsMap: map[q8GroupBy:[0xc00007eb40 0xc00007ebe0 0xc00007ec80 0xc00007ed20 0xc00007edc0 0xc00007ee60 0xc00007ef00 0xc00007efa0 0xc00007f040 0xc00007f0e0 0xc00007f180 0xc00007f220 0xc00007f2c0 0xc00007f360 0xc00007f400 0xc00007f4a0] q8JoinStream:[0xc00007f540 0xc00007f5e0 0xc00007f680 0xc00007f720 0xc00007f7c0 0xc00007f860 0xc00007f900 0xc00007f9a0 0xc00007fa40 0xc00007fae0 0xc00007fb80 0xc00007fc20 0xc00007fcc0 0xc00007fd60 0xc00007fe00 0xc00007fea0]]
configScaleInput: &{Config:map[changelog:16 nexmark_src:16 q8GroupBy:16 q8JoinStream:16 q8_aucsBySellerID_out:16 q8_out:16 q8_personsByID_out:16 source:16] AppId:q8 FuncNames:[source q8GroupBy q8JoinStream] BufMaxSize:131072 ScaleEpoch:0 SerdeFormat:1 Bootstrap:false}
encoded json is {"sg":{"changelog":16,"nexmark_src":16,"q8GroupBy":16,"q8JoinStream":16,"q8_aucsBySellerID_out":16,"q8_out":16,"q8_personsByID_out":16,"source":16},"aid":"q8","fns":["source","q8GroupBy","q8JoinStream"],"bufMaxSize":131072,"epoch":1,"serdeFormat":1,"bs":true}, node constraint is 1
func source url is http://ip-172-31-4-117.us-east-2.compute.internal:8080/function/source
func source url is http://ip-172-31-4-117.us-east-2.compute.internal:8080/function/source
func source url is http://ip-172-31-4-117.us-east-2.compute.internal:8080/function/source
func source url is http://ip-172-31-4-117.us-east-2.compute.internal:8080/function/source
func source url is http://ip-172-31-4-117.us-east-2.compute.internal:8080/function/source
func source url is http://ip-172-31-4-117.us-east-2.compute.internal:8080/function/source
func source url is http://ip-172-31-4-117.us-east-2.compute.internal:8080/function/source
func source url is http://ip-172-31-4-117.us-east-2.compute.internal:8080/function/source
src instance: 16
func source url is http://ip-172-31-4-117.us-east-2.compute.internal:8080/function/source
func source url is http://ip-172-31-4-117.us-east-2.compute.internal:8080/function/source
encoded json is {"topic_name":"nexmark_src","rate_shape":"square","aid":"q8","events_num":17280000,"rate_period":10000000000,"finOutTpNs":["q8_out"],"first_event_rate":96000,"next_event_rate":96000,"bid_avg_size":100,"person_avg_size":200,"auction_avg_size":500,"duration":180,"person_proportion":1,"auction_proportion":3,"bid_proportion":46,"bid_hot_ratio_auctions":2,"bid_hot_ratio_bidders":4,"auction_hot_ratio_sellers":4,"flushms":100,"bufMaxSize":131072,"commEveryMs":100,"rate_limited":false,"waitEnd":true,"serde_format":1,"numOutPar":16,"parNum":6,"nSrcIns":16,"gua":3}, node constraint is 1,2,3,4
func source url is http://ip-172-31-4-117.us-east-2.compute.internal:8080/function/source
encoded json is {"topic_name":"nexmark_src","rate_shape":"square","aid":"q8","events_num":17280000,"rate_period":10000000000,"finOutTpNs":["q8_out"],"first_event_rate":96000,"next_event_rate":96000,"bid_avg_size":100,"person_avg_size":200,"auction_avg_size":500,"duration":180,"person_proportion":1,"auction_proportion":3,"bid_proportion":46,"bid_hot_ratio_auctions":2,"bid_hot_ratio_bidders":4,"auction_hot_ratio_sellers":4,"flushms":100,"bufMaxSize":131072,"commEveryMs":100,"rate_limited":false,"waitEnd":true,"serde_format":1,"numOutPar":16,"parNum":1,"nSrcIns":16,"gua":3}, node constraint is 1,2,3,4
encoded json is {"topic_name":"nexmark_src","rate_shape":"square","aid":"q8","events_num":17280000,"rate_period":10000000000,"finOutTpNs":["q8_out"],"first_event_rate":96000,"next_event_rate":96000,"bid_avg_size":100,"person_avg_size":200,"auction_avg_size":500,"duration":180,"person_proportion":1,"auction_proportion":3,"bid_proportion":46,"bid_hot_ratio_auctions":2,"bid_hot_ratio_bidders":4,"auction_hot_ratio_sellers":4,"flushms":100,"bufMaxSize":131072,"commEveryMs":100,"rate_limited":false,"waitEnd":true,"serde_format":1,"numOutPar":16,"parNum":5,"nSrcIns":16,"gua":3}, node constraint is 1,2,3,4
func source url is http://ip-172-31-4-117.us-east-2.compute.internal:8080/function/source
encoded json is {"topic_name":"nexmark_src","rate_shape":"square","aid":"q8","events_num":17280000,"rate_period":10000000000,"finOutTpNs":["q8_out"],"first_event_rate":96000,"next_event_rate":96000,"bid_avg_size":100,"person_avg_size":200,"auction_avg_size":500,"duration":180,"person_proportion":1,"auction_proportion":3,"bid_proportion":46,"bid_hot_ratio_auctions":2,"bid_hot_ratio_bidders":4,"auction_hot_ratio_sellers":4,"flushms":100,"bufMaxSize":131072,"commEveryMs":100,"rate_limited":false,"waitEnd":true,"serde_format":1,"numOutPar":16,"parNum":10,"nSrcIns":16,"gua":3}, node constraint is 1,2,3,4
encoded json is {"topic_name":"nexmark_src","rate_shape":"square","aid":"q8","events_num":17280000,"rate_period":10000000000,"finOutTpNs":["q8_out"],"first_event_rate":96000,"next_event_rate":96000,"bid_avg_size":100,"person_avg_size":200,"auction_avg_size":500,"duration":180,"person_proportion":1,"auction_proportion":3,"bid_proportion":46,"bid_hot_ratio_auctions":2,"bid_hot_ratio_bidders":4,"auction_hot_ratio_sellers":4,"flushms":100,"bufMaxSize":131072,"commEveryMs":100,"rate_limited":false,"waitEnd":true,"serde_format":1,"numOutPar":16,"parNum":7,"nSrcIns":16,"gua":3}, node constraint is 1,2,3,4
func source url is http://ip-172-31-4-117.us-east-2.compute.internal:8080/function/source
encoded json is {"topic_name":"nexmark_src","rate_shape":"square","aid":"q8","events_num":17280000,"rate_period":10000000000,"finOutTpNs":["q8_out"],"first_event_rate":96000,"next_event_rate":96000,"bid_avg_size":100,"person_avg_size":200,"auction_avg_size":500,"duration":180,"person_proportion":1,"auction_proportion":3,"bid_proportion":46,"bid_hot_ratio_auctions":2,"bid_hot_ratio_bidders":4,"auction_hot_ratio_sellers":4,"flushms":100,"bufMaxSize":131072,"commEveryMs":100,"rate_limited":false,"waitEnd":true,"serde_format":1,"numOutPar":16,"nSrcIns":16,"gua":3}, node constraint is 1,2,3,4
encoded json is {"topic_name":"nexmark_src","rate_shape":"square","aid":"q8","events_num":17280000,"rate_period":10000000000,"finOutTpNs":["q8_out"],"first_event_rate":96000,"next_event_rate":96000,"bid_avg_size":100,"person_avg_size":200,"auction_avg_size":500,"duration":180,"person_proportion":1,"auction_proportion":3,"bid_proportion":46,"bid_hot_ratio_auctions":2,"bid_hot_ratio_bidders":4,"auction_hot_ratio_sellers":4,"flushms":100,"bufMaxSize":131072,"commEveryMs":100,"rate_limited":false,"waitEnd":true,"serde_format":1,"numOutPar":16,"parNum":8,"nSrcIns":16,"gua":3}, node constraint is 1,2,3,4
func source url is http://ip-172-31-4-117.us-east-2.compute.internal:8080/function/source
encoded json is {"topic_name":"nexmark_src","rate_shape":"square","aid":"q8","events_num":17280000,"rate_period":10000000000,"finOutTpNs":["q8_out"],"first_event_rate":96000,"next_event_rate":96000,"bid_avg_size":100,"person_avg_size":200,"auction_avg_size":500,"duration":180,"person_proportion":1,"auction_proportion":3,"bid_proportion":46,"bid_hot_ratio_auctions":2,"bid_hot_ratio_bidders":4,"auction_hot_ratio_sellers":4,"flushms":100,"bufMaxSize":131072,"commEveryMs":100,"rate_limited":false,"waitEnd":true,"serde_format":1,"numOutPar":16,"parNum":13,"nSrcIns":16,"gua":3}, node constraint is 1,2,3,4
func source url is http://ip-172-31-4-117.us-east-2.compute.internal:8080/function/source
encoded json is {"topic_name":"nexmark_src","rate_shape":"square","aid":"q8","events_num":17280000,"rate_period":10000000000,"finOutTpNs":["q8_out"],"first_event_rate":96000,"next_event_rate":96000,"bid_avg_size":100,"person_avg_size":200,"auction_avg_size":500,"duration":180,"person_proportion":1,"auction_proportion":3,"bid_proportion":46,"bid_hot_ratio_auctions":2,"bid_hot_ratio_bidders":4,"auction_hot_ratio_sellers":4,"flushms":100,"bufMaxSize":131072,"commEveryMs":100,"rate_limited":false,"waitEnd":true,"serde_format":1,"numOutPar":16,"parNum":3,"nSrcIns":16,"gua":3}, node constraint is 1,2,3,4
encoded json is {"topic_name":"nexmark_src","rate_shape":"square","aid":"q8","events_num":17280000,"rate_period":10000000000,"finOutTpNs":["q8_out"],"first_event_rate":96000,"next_event_rate":96000,"bid_avg_size":100,"person_avg_size":200,"auction_avg_size":500,"duration":180,"person_proportion":1,"auction_proportion":3,"bid_proportion":46,"bid_hot_ratio_auctions":2,"bid_hot_ratio_bidders":4,"auction_hot_ratio_sellers":4,"flushms":100,"bufMaxSize":131072,"commEveryMs":100,"rate_limited":false,"waitEnd":true,"serde_format":1,"numOutPar":16,"parNum":14,"nSrcIns":16,"gua":3}, node constraint is 1,2,3,4
encoded json is {"topic_name":"nexmark_src","rate_shape":"square","aid":"q8","events_num":17280000,"rate_period":10000000000,"finOutTpNs":["q8_out"],"first_event_rate":96000,"next_event_rate":96000,"bid_avg_size":100,"person_avg_size":200,"auction_avg_size":500,"duration":180,"person_proportion":1,"auction_proportion":3,"bid_proportion":46,"bid_hot_ratio_auctions":2,"bid_hot_ratio_bidders":4,"auction_hot_ratio_sellers":4,"flushms":100,"bufMaxSize":131072,"commEveryMs":100,"rate_limited":false,"waitEnd":true,"serde_format":1,"numOutPar":16,"parNum":2,"nSrcIns":16,"gua":3}, node constraint is 1,2,3,4
func source url is http://ip-172-31-4-117.us-east-2.compute.internal:8080/function/source
encoded json is {"topic_name":"nexmark_src","rate_shape":"square","aid":"q8","events_num":17280000,"rate_period":10000000000,"finOutTpNs":["q8_out"],"first_event_rate":96000,"next_event_rate":96000,"bid_avg_size":100,"person_avg_size":200,"auction_avg_size":500,"duration":180,"person_proportion":1,"auction_proportion":3,"bid_proportion":46,"bid_hot_ratio_auctions":2,"bid_hot_ratio_bidders":4,"auction_hot_ratio_sellers":4,"flushms":100,"bufMaxSize":131072,"commEveryMs":100,"rate_limited":false,"waitEnd":true,"serde_format":1,"numOutPar":16,"parNum":4,"nSrcIns":16,"gua":3}, node constraint is 1,2,3,4
encoded json is {"topic_name":"nexmark_src","rate_shape":"square","aid":"q8","events_num":17280000,"rate_period":10000000000,"finOutTpNs":["q8_out"],"first_event_rate":96000,"next_event_rate":96000,"bid_avg_size":100,"person_avg_size":200,"auction_avg_size":500,"duration":180,"person_proportion":1,"auction_proportion":3,"bid_proportion":46,"bid_hot_ratio_auctions":2,"bid_hot_ratio_bidders":4,"auction_hot_ratio_sellers":4,"flushms":100,"bufMaxSize":131072,"commEveryMs":100,"rate_limited":false,"waitEnd":true,"serde_format":1,"numOutPar":16,"parNum":9,"nSrcIns":16,"gua":3}, node constraint is 1,2,3,4
encoded json is {"topic_name":"nexmark_src","rate_shape":"square","aid":"q8","events_num":17280000,"rate_period":10000000000,"finOutTpNs":["q8_out"],"first_event_rate":96000,"next_event_rate":96000,"bid_avg_size":100,"person_avg_size":200,"auction_avg_size":500,"duration":180,"person_proportion":1,"auction_proportion":3,"bid_proportion":46,"bid_hot_ratio_auctions":2,"bid_hot_ratio_bidders":4,"auction_hot_ratio_sellers":4,"flushms":100,"bufMaxSize":131072,"commEveryMs":100,"rate_limited":false,"waitEnd":true,"serde_format":1,"numOutPar":16,"parNum":12,"nSrcIns":16,"gua":3}, node constraint is 1,2,3,4
encoded json is {"topic_name":"nexmark_src","rate_shape":"square","aid":"q8","events_num":17280000,"rate_period":10000000000,"finOutTpNs":["q8_out"],"first_event_rate":96000,"next_event_rate":96000,"bid_avg_size":100,"person_avg_size":200,"auction_avg_size":500,"duration":180,"person_proportion":1,"auction_proportion":3,"bid_proportion":46,"bid_hot_ratio_auctions":2,"bid_hot_ratio_bidders":4,"auction_hot_ratio_sellers":4,"flushms":100,"bufMaxSize":131072,"commEveryMs":100,"rate_limited":false,"waitEnd":true,"serde_format":1,"numOutPar":16,"parNum":15,"nSrcIns":16,"gua":3}, node constraint is 1,2,3,4
encoded json is {"topic_name":"nexmark_src","rate_shape":"square","aid":"q8","events_num":17280000,"rate_period":10000000000,"finOutTpNs":["q8_out"],"first_event_rate":96000,"next_event_rate":96000,"bid_avg_size":100,"person_avg_size":200,"auction_avg_size":500,"duration":180,"person_proportion":1,"auction_proportion":3,"bid_proportion":46,"bid_hot_ratio_auctions":2,"bid_hot_ratio_bidders":4,"auction_hot_ratio_sellers":4,"flushms":100,"bufMaxSize":131072,"commEveryMs":100,"rate_limited":false,"waitEnd":true,"serde_format":1,"numOutPar":16,"parNum":11,"nSrcIns":16,"gua":3}, node constraint is 1,2,3,4
func name is q8GroupBy
func url is http://ip-172-31-4-117.us-east-2.compute.internal:8080/function/q8GroupBy
encoded json is {"aid":"q8","numOutPartition":"EBA=","numSubstreamProducer":"AQ==","outputTopicName":["q8_aucsBySellerID_out","q8_personsByID_out"],"inputTopicName":["nexmark_src"],"commEveryMs":100,"flushMs":100,"snapEveryS":10,"duration":180,"bufMaxSize":131072,"epoch":1,"waitEnd":true,"numChangelogPartition":16,"numInPartition":16,"ParNum":4,"gua":3,"serdeFormat":1}, node constraint is 5,6,7,8
func name is q8GroupBy
func url is http://ip-172-31-4-117.us-east-2.compute.internal:8080/function/q8GroupBy
Waiting for all client to return
func name is q8GroupBy
func url is http://ip-172-31-4-117.us-east-2.compute.internal:8080/function/q8GroupBy
func name is q8GroupBy
func url is http://ip-172-31-4-117.us-east-2.compute.internal:8080/function/q8GroupBy
func name is q8GroupBy
func name is q8JoinStream
func url is http://ip-172-31-4-117.us-east-2.compute.internal:8080/function/q8JoinStream
func name is q8GroupBy
func name is q8GroupBy
func url is http://ip-172-31-4-117.us-east-2.compute.internal:8080/function/q8GroupBy
func name is q8GroupBy
func url is http://ip-172-31-4-117.us-east-2.compute.internal:8080/function/q8GroupBy
func url is http://ip-172-31-4-117.us-east-2.compute.internal:8080/function/q8GroupBy
func name is q8GroupBy
func url is http://ip-172-31-4-117.us-east-2.compute.internal:8080/function/q8GroupBy
func name is q8GroupBy
func url is http://ip-172-31-4-117.us-east-2.compute.internal:8080/function/q8GroupBy
func name is q8GroupBy
func url is http://ip-172-31-4-117.us-east-2.compute.internal:8080/function/q8GroupBy
encoded json is {"aid":"q8","numOutPartition":"EBA=","numSubstreamProducer":"AQ==","outputTopicName":["q8_aucsBySellerID_out","q8_personsByID_out"],"inputTopicName":["nexmark_src"],"commEveryMs":100,"flushMs":100,"snapEveryS":10,"duration":180,"bufMaxSize":131072,"epoch":1,"waitEnd":true,"numChangelogPartition":16,"numInPartition":16,"ParNum":12,"gua":3,"serdeFormat":1}, node constraint is 5,6,7,8
encoded json is {"aid":"q8","numOutPartition":"EBA=","numSubstreamProducer":"AQ==","outputTopicName":["q8_aucsBySellerID_out","q8_personsByID_out"],"inputTopicName":["nexmark_src"],"commEveryMs":100,"flushMs":100,"snapEveryS":10,"duration":180,"bufMaxSize":131072,"epoch":1,"waitEnd":true,"numChangelogPartition":16,"numInPartition":16,"ParNum":13,"gua":3,"serdeFormat":1}, node constraint is 5,6,7,8
func name is q8GroupBy
func url is http://ip-172-31-4-117.us-east-2.compute.internal:8080/function/q8GroupBy
func name is q8GroupBy
func url is http://ip-172-31-4-117.us-east-2.compute.internal:8080/function/q8GroupBy
func name is q8JoinStream
encoded json is {"aid":"q8","numOutPartition":"EBA=","numSubstreamProducer":"AQ==","outputTopicName":["q8_aucsBySellerID_out","q8_personsByID_out"],"inputTopicName":["nexmark_src"],"commEveryMs":100,"flushMs":100,"snapEveryS":10,"duration":180,"bufMaxSize":131072,"epoch":1,"waitEnd":true,"numChangelogPartition":16,"numInPartition":16,"ParNum":8,"gua":3,"serdeFormat":1}, node constraint is 5,6,7,8
func url is http://ip-172-31-4-117.us-east-2.compute.internal:8080/function/q8JoinStream
encoded json is {"aid":"q8","numOutPartition":"EA==","numSubstreamProducer":"EBA=","outputTopicName":["q8_out"],"inputTopicName":["q8_aucsBySellerID_out","q8_personsByID_out"],"commEveryMs":100,"flushMs":100,"snapEveryS":10,"duration":180,"bufMaxSize":131072,"epoch":1,"waitEnd":true,"numChangelogPartition":16,"numInPartition":16,"ParNum":5,"gua":3,"serdeFormat":1}, node constraint is 5,6,7,8
func name is q8GroupBy
func url is http://ip-172-31-4-117.us-east-2.compute.internal:8080/function/q8GroupBy
func name is q8JoinStream
func url is http://ip-172-31-4-117.us-east-2.compute.internal:8080/function/q8JoinStream
func name is q8JoinStream
func url is http://ip-172-31-4-117.us-east-2.compute.internal:8080/function/q8JoinStream
encoded json is {"aid":"q8","numOutPartition":"EA==","numSubstreamProducer":"EBA=","outputTopicName":["q8_out"],"inputTopicName":["q8_aucsBySellerID_out","q8_personsByID_out"],"commEveryMs":100,"flushMs":100,"snapEveryS":10,"duration":180,"bufMaxSize":131072,"epoch":1,"waitEnd":true,"numChangelogPartition":16,"numInPartition":16,"ParNum":15,"gua":3,"serdeFormat":1}, node constraint is 5,6,7,8
func name is q8JoinStream
func url is http://ip-172-31-4-117.us-east-2.compute.internal:8080/function/q8JoinStream
encoded json is {"aid":"q8","numOutPartition":"EBA=","numSubstreamProducer":"AQ==","outputTopicName":["q8_aucsBySellerID_out","q8_personsByID_out"],"inputTopicName":["nexmark_src"],"commEveryMs":100,"flushMs":100,"snapEveryS":10,"duration":180,"bufMaxSize":131072,"epoch":1,"waitEnd":true,"numChangelogPartition":16,"numInPartition":16,"ParNum":3,"gua":3,"serdeFormat":1}, node constraint is 5,6,7,8
encoded json is {"aid":"q8","numOutPartition":"EA==","numSubstreamProducer":"EBA=","outputTopicName":["q8_out"],"inputTopicName":["q8_aucsBySellerID_out","q8_personsByID_out"],"commEveryMs":100,"flushMs":100,"snapEveryS":10,"duration":180,"bufMaxSize":131072,"epoch":1,"waitEnd":true,"numChangelogPartition":16,"numInPartition":16,"ParNum":6,"gua":3,"serdeFormat":1}, node constraint is 5,6,7,8
encoded json is {"aid":"q8","numOutPartition":"EBA=","numSubstreamProducer":"AQ==","outputTopicName":["q8_aucsBySellerID_out","q8_personsByID_out"],"inputTopicName":["nexmark_src"],"commEveryMs":100,"flushMs":100,"snapEveryS":10,"duration":180,"bufMaxSize":131072,"epoch":1,"waitEnd":true,"numChangelogPartition":16,"numInPartition":16,"ParNum":9,"gua":3,"serdeFormat":1}, node constraint is 5,6,7,8
encoded json is {"aid":"q8","numOutPartition":"EBA=","numSubstreamProducer":"AQ==","outputTopicName":["q8_aucsBySellerID_out","q8_personsByID_out"],"inputTopicName":["nexmark_src"],"commEveryMs":100,"flushMs":100,"snapEveryS":10,"duration":180,"bufMaxSize":131072,"epoch":1,"waitEnd":true,"numChangelogPartition":16,"numInPartition":16,"ParNum":1,"gua":3,"serdeFormat":1}, node constraint is 5,6,7,8
func name is q8JoinStream
func url is http://ip-172-31-4-117.us-east-2.compute.internal:8080/function/q8JoinStream
encoded json is {"aid":"q8","numOutPartition":"EA==","numSubstreamProducer":"EBA=","outputTopicName":["q8_out"],"inputTopicName":["q8_aucsBySellerID_out","q8_personsByID_out"],"commEveryMs":100,"flushMs":100,"snapEveryS":10,"duration":180,"bufMaxSize":131072,"epoch":1,"waitEnd":true,"numChangelogPartition":16,"numInPartition":16,"ParNum":7,"gua":3,"serdeFormat":1}, node constraint is 5,6,7,8
encoded json is {"aid":"q8","numOutPartition":"EA==","numSubstreamProducer":"EBA=","outputTopicName":["q8_out"],"inputTopicName":["q8_aucsBySellerID_out","q8_personsByID_out"],"commEveryMs":100,"flushMs":100,"snapEveryS":10,"duration":180,"bufMaxSize":131072,"epoch":1,"waitEnd":true,"numChangelogPartition":16,"numInPartition":16,"ParNum":1,"gua":3,"serdeFormat":1}, node constraint is 5,6,7,8
func name is q8JoinStream
func url is http://ip-172-31-4-117.us-east-2.compute.internal:8080/function/q8JoinStream
func name is q8JoinStream
func url is http://ip-172-31-4-117.us-east-2.compute.internal:8080/function/q8JoinStream
encoded json is {"aid":"q8","numOutPartition":"EA==","numSubstreamProducer":"EBA=","outputTopicName":["q8_out"],"inputTopicName":["q8_aucsBySellerID_out","q8_personsByID_out"],"commEveryMs":100,"flushMs":100,"snapEveryS":10,"duration":180,"bufMaxSize":131072,"epoch":1,"waitEnd":true,"numChangelogPartition":16,"numInPartition":16,"ParNum":3,"gua":3,"serdeFormat":1}, node constraint is 5,6,7,8
encoded json is {"aid":"q8","numOutPartition":"EA==","numSubstreamProducer":"EBA=","outputTopicName":["q8_out"],"inputTopicName":["q8_aucsBySellerID_out","q8_personsByID_out"],"commEveryMs":100,"flushMs":100,"snapEveryS":10,"duration":180,"bufMaxSize":131072,"epoch":1,"waitEnd":true,"numChangelogPartition":16,"numInPartition":16,"ParNum":9,"gua":3,"serdeFormat":1}, node constraint is 5,6,7,8
func name is q8JoinStream
func url is http://ip-172-31-4-117.us-east-2.compute.internal:8080/function/q8JoinStream
encoded json is {"aid":"q8","numOutPartition":"EBA=","numSubstreamProducer":"AQ==","outputTopicName":["q8_aucsBySellerID_out","q8_personsByID_out"],"inputTopicName":["nexmark_src"],"commEveryMs":100,"flushMs":100,"snapEveryS":10,"duration":180,"bufMaxSize":131072,"epoch":1,"waitEnd":true,"numChangelogPartition":16,"numInPartition":16,"ParNum":10,"gua":3,"serdeFormat":1}, node constraint is 5,6,7,8
encoded json is {"aid":"q8","numOutPartition":"EA==","numSubstreamProducer":"EBA=","outputTopicName":["q8_out"],"inputTopicName":["q8_aucsBySellerID_out","q8_personsByID_out"],"commEveryMs":100,"flushMs":100,"snapEveryS":10,"duration":180,"bufMaxSize":131072,"epoch":1,"waitEnd":true,"numChangelogPartition":16,"numInPartition":16,"ParNum":2,"gua":3,"serdeFormat":1}, node constraint is 5,6,7,8
encoded json is {"aid":"q8","numOutPartition":"EA==","numSubstreamProducer":"EBA=","outputTopicName":["q8_out"],"inputTopicName":["q8_aucsBySellerID_out","q8_personsByID_out"],"commEveryMs":100,"flushMs":100,"snapEveryS":10,"duration":180,"bufMaxSize":131072,"epoch":1,"waitEnd":true,"numChangelogPartition":16,"numInPartition":16,"ParNum":10,"gua":3,"serdeFormat":1}, node constraint is 5,6,7,8
func name is q8JoinStream
func url is http://ip-172-31-4-117.us-east-2.compute.internal:8080/function/q8JoinStream
encoded json is {"aid":"q8","numOutPartition":"EA==","numSubstreamProducer":"EBA=","outputTopicName":["q8_out"],"inputTopicName":["q8_aucsBySellerID_out","q8_personsByID_out"],"commEveryMs":100,"flushMs":100,"snapEveryS":10,"duration":180,"bufMaxSize":131072,"epoch":1,"waitEnd":true,"numChangelogPartition":16,"numInPartition":16,"ParNum":4,"gua":3,"serdeFormat":1}, node constraint is 5,6,7,8
encoded json is {"aid":"q8","numOutPartition":"EA==","numSubstreamProducer":"EBA=","outputTopicName":["q8_out"],"inputTopicName":["q8_aucsBySellerID_out","q8_personsByID_out"],"commEveryMs":100,"flushMs":100,"snapEveryS":10,"duration":180,"bufMaxSize":131072,"epoch":1,"waitEnd":true,"numChangelogPartition":16,"numInPartition":16,"ParNum":11,"gua":3,"serdeFormat":1}, node constraint is 5,6,7,8
func name is q8JoinStream
func url is http://ip-172-31-4-117.us-east-2.compute.internal:8080/function/q8JoinStream
func name is q8JoinStream
func url is http://ip-172-31-4-117.us-east-2.compute.internal:8080/function/q8JoinStream
encoded json is {"aid":"q8","numOutPartition":"EA==","numSubstreamProducer":"EBA=","outputTopicName":["q8_out"],"inputTopicName":["q8_aucsBySellerID_out","q8_personsByID_out"],"commEveryMs":100,"flushMs":100,"snapEveryS":10,"duration":180,"bufMaxSize":131072,"epoch":1,"waitEnd":true,"numChangelogPartition":16,"numInPartition":16,"ParNum":12,"gua":3,"serdeFormat":1}, node constraint is 5,6,7,8
encoded json is {"aid":"q8","numOutPartition":"EBA=","numSubstreamProducer":"AQ==","outputTopicName":["q8_aucsBySellerID_out","q8_personsByID_out"],"inputTopicName":["nexmark_src"],"commEveryMs":100,"flushMs":100,"snapEveryS":10,"duration":180,"bufMaxSize":131072,"epoch":1,"waitEnd":true,"numChangelogPartition":16,"numInPartition":16,"ParNum":6,"gua":3,"serdeFormat":1}, node constraint is 5,6,7,8
encoded json is {"aid":"q8","numOutPartition":"EA==","numSubstreamProducer":"EBA=","outputTopicName":["q8_out"],"inputTopicName":["q8_aucsBySellerID_out","q8_personsByID_out"],"commEveryMs":100,"flushMs":100,"snapEveryS":10,"duration":180,"bufMaxSize":131072,"epoch":1,"waitEnd":true,"numChangelogPartition":16,"numInPartition":16,"ParNum":13,"gua":3,"serdeFormat":1}, node constraint is 5,6,7,8
encoded json is {"aid":"q8","numOutPartition":"EBA=","numSubstreamProducer":"AQ==","outputTopicName":["q8_aucsBySellerID_out","q8_personsByID_out"],"inputTopicName":["nexmark_src"],"commEveryMs":100,"flushMs":100,"snapEveryS":10,"duration":180,"bufMaxSize":131072,"epoch":1,"waitEnd":true,"numChangelogPartition":16,"numInPartition":16,"ParNum":2,"gua":3,"serdeFormat":1}, node constraint is 5,6,7,8
func name is q8JoinStream
func url is http://ip-172-31-4-117.us-east-2.compute.internal:8080/function/q8JoinStream
encoded json is {"aid":"q8","numOutPartition":"EBA=","numSubstreamProducer":"AQ==","outputTopicName":["q8_aucsBySellerID_out","q8_personsByID_out"],"inputTopicName":["nexmark_src"],"commEveryMs":100,"flushMs":100,"snapEveryS":10,"duration":180,"bufMaxSize":131072,"epoch":1,"waitEnd":true,"numChangelogPartition":16,"numInPartition":16,"ParNum":14,"gua":3,"serdeFormat":1}, node constraint is 5,6,7,8
encoded json is {"aid":"q8","numOutPartition":"EA==","numSubstreamProducer":"EBA=","outputTopicName":["q8_out"],"inputTopicName":["q8_aucsBySellerID_out","q8_personsByID_out"],"commEveryMs":100,"flushMs":100,"snapEveryS":10,"duration":180,"bufMaxSize":131072,"epoch":1,"waitEnd":true,"numChangelogPartition":16,"numInPartition":16,"ParNum":8,"gua":3,"serdeFormat":1}, node constraint is 5,6,7,8
func name is q8GroupBy
func url is http://ip-172-31-4-117.us-east-2.compute.internal:8080/function/q8GroupBy
func name is q8JoinStream
func url is http://ip-172-31-4-117.us-east-2.compute.internal:8080/function/q8JoinStream
encoded json is {"aid":"q8","numOutPartition":"EBA=","numSubstreamProducer":"AQ==","outputTopicName":["q8_aucsBySellerID_out","q8_personsByID_out"],"inputTopicName":["nexmark_src"],"commEveryMs":100,"flushMs":100,"snapEveryS":10,"duration":180,"bufMaxSize":131072,"epoch":1,"waitEnd":true,"numChangelogPartition":16,"numInPartition":16,"ParNum":15,"gua":3,"serdeFormat":1}, node constraint is 5,6,7,8
func name is q8GroupBy
func url is http://ip-172-31-4-117.us-east-2.compute.internal:8080/function/q8GroupBy
encoded json is {"aid":"q8","numOutPartition":"EBA=","numSubstreamProducer":"AQ==","outputTopicName":["q8_aucsBySellerID_out","q8_personsByID_out"],"inputTopicName":["nexmark_src"],"commEveryMs":100,"flushMs":100,"snapEveryS":10,"duration":180,"bufMaxSize":131072,"epoch":1,"waitEnd":true,"numChangelogPartition":16,"numInPartition":16,"ParNum":11,"gua":3,"serdeFormat":1}, node constraint is 5,6,7,8
encoded json is {"aid":"q8","numOutPartition":"EA==","numSubstreamProducer":"EBA=","outputTopicName":["q8_out"],"inputTopicName":["q8_aucsBySellerID_out","q8_personsByID_out"],"commEveryMs":100,"flushMs":100,"snapEveryS":10,"duration":180,"bufMaxSize":131072,"epoch":1,"waitEnd":true,"numChangelogPartition":16,"numInPartition":16,"ParNum":14,"gua":3,"serdeFormat":1}, node constraint is 5,6,7,8
func name is q8JoinStream
func url is http://ip-172-31-4-117.us-east-2.compute.internal:8080/function/q8JoinStream
func url is http://ip-172-31-4-117.us-east-2.compute.internal:8080/function/q8GroupBy
encoded json is {"aid":"q8","numOutPartition":"EBA=","numSubstreamProducer":"AQ==","outputTopicName":["q8_aucsBySellerID_out","q8_personsByID_out"],"inputTopicName":["nexmark_src"],"commEveryMs":100,"flushMs":100,"snapEveryS":10,"duration":180,"bufMaxSize":131072,"epoch":1,"waitEnd":true,"numChangelogPartition":16,"numInPartition":16,"gua":3,"serdeFormat":1}, node constraint is 5,6,7,8
encoded json is {"aid":"q8","numOutPartition":"EBA=","numSubstreamProducer":"AQ==","outputTopicName":["q8_aucsBySellerID_out","q8_personsByID_out"],"inputTopicName":["nexmark_src"],"commEveryMs":100,"flushMs":100,"snapEveryS":10,"duration":180,"bufMaxSize":131072,"epoch":1,"waitEnd":true,"numChangelogPartition":16,"numInPartition":16,"ParNum":5,"gua":3,"serdeFormat":1}, node constraint is 5,6,7,8
encoded json is {"aid":"q8","numOutPartition":"EA==","numSubstreamProducer":"EBA=","outputTopicName":["q8_out"],"inputTopicName":["q8_aucsBySellerID_out","q8_personsByID_out"],"commEveryMs":100,"flushMs":100,"snapEveryS":10,"duration":180,"bufMaxSize":131072,"epoch":1,"waitEnd":true,"numChangelogPartition":16,"numInPartition":16,"gua":3,"serdeFormat":1}, node constraint is 5,6,7,8
encoded json is {"aid":"q8","numOutPartition":"EBA=","numSubstreamProducer":"AQ==","outputTopicName":["q8_aucsBySellerID_out","q8_personsByID_out"],"inputTopicName":["nexmark_src"],"commEveryMs":100,"flushMs":100,"snapEveryS":10,"duration":180,"bufMaxSize":131072,"epoch":1,"waitEnd":true,"numChangelogPartition":16,"numInPartition":16,"ParNum":7,"gua":3,"serdeFormat":1}, node constraint is 5,6,7,8
func name is q8JoinStream
func url is http://ip-172-31-4-117.us-east-2.compute.internal:8080/function/q8JoinStream
source-6 invoke done
source-9 invoke done
source-5 invoke done
source-4 invoke done
source-1 invoke done
source-8 invoke done
source-0 invoke done
source-12 invoke done
source-14 invoke done
source-13 invoke done
source-11 invoke done
source-2 invoke done
source-7 invoke done
source-10 invoke done
source-15 invoke done
source-3 invoke done
q8GroupBy-5 call done
q8GroupBy-13 call done
q8GroupBy-14 call done
q8GroupBy-0 call done
q8GroupBy-1 call done
q8GroupBy-6 call done
q8GroupBy-3 call done
q8GroupBy-7 call done
q8GroupBy-4 call done
q8GroupBy-11 call done
q8GroupBy-9 call done
q8GroupBy-2 call done
q8GroupBy-15 call done
q8GroupBy-10 call done
q8GroupBy-8 call done
q8GroupBy-12 call done
q8JoinStream-13 call done
q8JoinStream-1 call done
q8JoinStream-2 call done
q8JoinStream-12 call done
q8JoinStream-9 call done
q8JoinStream-8 call done
q8JoinStream-0 call done
q8JoinStream-6 call done
q8JoinStream-5 call done
q8JoinStream-4 call done
q8JoinStream-14 call done
q8JoinStream-15 call done
q8JoinStream-10 call done
q8JoinStream-11 call done
q8JoinStream-3 call done
q8JoinStream-7 call done
sink processed: 1080001, throughput: (event/s) 5999.864423111344
sink_ctrl processed: 1, throughput: (event/s) 0.005555424877487469
source-0 duration: 180.004234069

sink processed: 1080001, throughput: (event/s) 5999.932283582517
sink_ctrl processed: 1, throughput: (event/s) 0.0055554877111988945
source-1 duration: 180.002198184

sink processed: 1080001, throughput: (event/s) 5999.931168008939
sink_ctrl processed: 1, throughput: (event/s) 0.005555486678261353
source-2 duration: 180.002231652

sink processed: 1080001, throughput: (event/s) 5999.910299612992
sink_ctrl processed: 1, throughput: (event/s) 0.005555467355690405
source-3 duration: 180.002857721

sink processed: 1080001, throughput: (event/s) 5999.911725436044
sink_ctrl processed: 1, throughput: (event/s) 0.005555468675895712
source-4 duration: 180.002814945

sink_ctrl processed: 1, throughput: (event/s) 0.005555462590691473
sink processed: 1080001, throughput: (event/s) 5999.9051534093815
source-5 duration: 180.003012112

sink processed: 1080001, throughput: (event/s) 5999.9436499702915
sink_ctrl processed: 1, throughput: (event/s) 0.005555498235622273
source-6 duration: 180.001857185

sink processed: 1080001, throughput: (event/s) 5999.914982872278
sink_ctrl processed: 1, throughput: (event/s) 0.00555547169203758
source-7 duration: 180.002717219

sink processed: 1080001, throughput: (event/s) 5999.904497564129
sink_ctrl processed: 1, throughput: (event/s) 0.005555461983427912
source-8 duration: 180.003031788

sink processed: 1080001, throughput: (event/s) 5999.9494884275655
sink_ctrl processed: 1, throughput: (event/s) 0.0055555036415962265
source-9 duration: 180.001682028

sink processed: 1080001, throughput: (event/s) 5999.925492749778
sink_ctrl processed: 1, throughput: (event/s) 0.005555481423396625
source-10 duration: 180.002401914

sink processed: 1080001, throughput: (event/s) 5999.891352923557
sink_ctrl processed: 1, throughput: (event/s) 0.005555449812475689
source-11 duration: 180.003426141

sink processed: 1080001, throughput: (event/s) 5999.943800200667
sink_ctrl processed: 1, throughput: (event/s) 0.005555498374724345
source-12 duration: 180.001852678

sink processed: 1080001, throughput: (event/s) 5999.932283682515
sink_ctrl processed: 1, throughput: (event/s) 0.0055554877112914845
source-13 duration: 180.002198181

sink processed: 1080001, throughput: (event/s) 5999.944110894575
sink_ctrl processed: 1, throughput: (event/s) 0.005555498662403623
source-14 duration: 180.001843357

sink processed: 1080001, throughput: (event/s) 5999.905710557969
sink_ctrl processed: 1, throughput: (event/s) 0.005555463106569316
source-15 duration: 180.002995397

sink processed 17280016 events, duration: 180.004234069, tp: 95997.830770
sink_ctrl processed 16 events, duration: 180.004234069, tp: 0.088887

auctionsBySellerIDSink processed: 64800, throughput: (event/s) 359.58051898799073
nexmark_src_src processed: 1080001, throughput: (event/s) 5993.014198881928
nexmark_src_src_ctrl processed: 1, throughput: (event/s) 0.005549082083148004
nexmark_src_src_data processed: 1080000, throughput: (event/s) 5993.008649799845
nexmark_src_src_epoch processed: 0, throughput: (event/s) 0
nexmark_src_src_logEntry processed: 3524, throughput: (event/s) 19.554965261013567
personsByIDSink processed: 21600, throughput: (event/s) 119.8601729959969
q8GroupBy-0 duration: 180.209985186

nexmark_src_src_epoch processed: 0, throughput: (event/s) 0
nexmark_src_src_logEntry processed: 3527, throughput: (event/s) 19.57172962953768
personsByIDSink processed: 21600, throughput: (event/s) 119.86089027445814
auctionsBySellerIDSink processed: 64800, throughput: (event/s) 359.58267082337443
nexmark_src_src processed: 1080001, throughput: (event/s) 5993.050062838198
nexmark_src_src_ctrl processed: 1, throughput: (event/s) 0.0055491152904841735
nexmark_src_src_data processed: 1080000, throughput: (event/s) 5993.044513722907
q8GroupBy-1 duration: 180.208906763

personsByIDSink processed: 21600, throughput: (event/s) 119.83183285430138
auctionsBySellerIDSink processed: 64800, throughput: (event/s) 359.4954985629041
nexmark_src_src processed: 1080001, throughput: (event/s) 5991.5971904851085
nexmark_src_src_ctrl processed: 1, throughput: (event/s) 0.00554777003955099
nexmark_src_src_data processed: 1080000, throughput: (event/s) 5991.591642715069
nexmark_src_src_epoch processed: 0, throughput: (event/s) 0
nexmark_src_src_logEntry processed: 3525, throughput: (event/s) 19.55588938941724
q8GroupBy-2 duration: 180.252604717

nexmark_src_src_epoch processed: 0, throughput: (event/s) 0
nexmark_src_src_logEntry processed: 3525, throughput: (event/s) 19.56223001170768
personsByIDSink processed: 21600, throughput: (event/s) 119.8706860291875
auctionsBySellerIDSink processed: 64800, throughput: (event/s) 359.6120580875625
nexmark_src_src processed: 1080001, throughput: (event/s) 5993.539851028172
nexmark_src_src_ctrl processed: 1, throughput: (event/s) 0.005549568797647569
nexmark_src_src_data processed: 1080000, throughput: (event/s) 5993.534301459375
q8GroupBy-3 duration: 180.194180208

nexmark_src_src_ctrl processed: 1, throughput: (event/s) 0.005547535882076045
nexmark_src_src_data processed: 1080000, throughput: (event/s) 5991.338752642129
nexmark_src_src_epoch processed: 0, throughput: (event/s) 0
nexmark_src_src_logEntry processed: 3524, throughput: (event/s) 19.549516448435984
personsByIDSink processed: 21600, throughput: (event/s) 119.82677505284258
auctionsBySellerIDSink processed: 64800, throughput: (event/s) 359.48032515852776
nexmark_src_src processed: 1080001, throughput: (event/s) 5991.344300178011
q8GroupBy-4 duration: 180.260213049

nexmark_src_src_data processed: 1080000, throughput: (event/s) 5994.297829313452
nexmark_src_src_epoch processed: 0, throughput: (event/s) 0
nexmark_src_src_logEntry processed: 3524, throughput: (event/s) 19.55917180601908
personsByIDSink processed: 21600, throughput: (event/s) 119.88595658626903
auctionsBySellerIDSink processed: 64800, throughput: (event/s) 359.6578697588071
nexmark_src_src processed: 1080001, throughput: (event/s) 5994.30337958922
nexmark_src_src_ctrl processed: 1, throughput: (event/s) 0.005550275767882826
q8GroupBy-5 duration: 180.171227849

nexmark_src_src_epoch processed: 0, throughput: (event/s) 0
nexmark_src_src_logEntry processed: 3525, throughput: (event/s) 19.55920563915553
personsByIDSink processed: 21600, throughput: (event/s) 119.85215370376154
auctionsBySellerIDSink processed: 64800, throughput: (event/s) 359.55646111128465
nexmark_src_src processed: 1080001, throughput: (event/s) 5992.613233898897
nexmark_src_src_ctrl processed: 1, throughput: (event/s) 0.00554871081961859
nexmark_src_src_data processed: 1080000, throughput: (event/s) 5992.607685188077
q8GroupBy-6 duration: 180.222043013

auctionsBySellerIDSink processed: 64800, throughput: (event/s) 359.6046267676152
nexmark_src_src processed: 1080001, throughput: (event/s) 5993.415995581036
nexmark_src_src_ctrl processed: 1, throughput: (event/s) 0.005549454116784185
nexmark_src_src_data processed: 1080000, throughput: (event/s) 5993.41044612692
nexmark_src_src_epoch processed: 0, throughput: (event/s) 0
nexmark_src_src_logEntry processed: 3525, throughput: (event/s) 19.561825761664252
personsByIDSink processed: 21600, throughput: (event/s) 119.8682089225384
q8GroupBy-7 duration: 180.197903966

personsByIDSink processed: 21600, throughput: (event/s) 119.75329257551853
auctionsBySellerIDSink processed: 64800, throughput: (event/s) 359.2598777265556
nexmark_src_src processed: 1080001, throughput: (event/s) 5987.670172909842
nexmark_src_src_ctrl processed: 1, throughput: (event/s) 0.005544133915533265
nexmark_src_src_data processed: 1080000, throughput: (event/s) 5987.664628775927
nexmark_src_src_epoch processed: 0, throughput: (event/s) 0
nexmark_src_src_logEntry processed: 3524, throughput: (event/s) 19.537527918339226
q8GroupBy-8 duration: 180.370823511

nexmark_src_src_data processed: 1080000, throughput: (event/s) 5991.179679465002
nexmark_src_src_epoch processed: 0, throughput: (event/s) 0
nexmark_src_src_logEntry processed: 3527, throughput: (event/s) 19.565639564326908
personsByIDSink processed: 21600, throughput: (event/s) 119.82359358930003
auctionsBySellerIDSink processed: 64800, throughput: (event/s) 359.4707807679001
nexmark_src_src processed: 1080001, throughput: (event/s) 5991.185226853594
nexmark_src_src_ctrl processed: 1, throughput: (event/s) 0.005547388592097224
q8GroupBy-9 duration: 180.264999179

nexmark_src_src_epoch processed: 0, throughput: (event/s) 0
nexmark_src_src_logEntry processed: 3527, throughput: (event/s) 19.55857213520298
personsByIDSink processed: 21600, throughput: (event/s) 119.78031134686259
auctionsBySellerIDSink processed: 64800, throughput: (event/s) 359.34093404058774
nexmark_src_src processed: 1080001, throughput: (event/s) 5989.0211127279135
nexmark_src_src_ctrl processed: 1, throughput: (event/s) 0.0055453847845769715
nexmark_src_src_data processed: 1080000, throughput: (event/s) 5989.015567343129
q8GroupBy-10 duration: 180.330137375

nexmark_src_src_logEntry processed: 3525, throughput: (event/s) 19.55770602113421
personsByIDSink processed: 21600, throughput: (event/s) 119.84296455503514
auctionsBySellerIDSink processed: 64800, throughput: (event/s) 359.52889366510544
nexmark_src_src processed: 1080001, throughput: (event/s) 5992.153776037153
nexmark_src_src_ctrl processed: 1, throughput: (event/s) 0.005548285396066442
nexmark_src_src_data processed: 1080000, throughput: (event/s) 5992.148227751757
nexmark_src_src_epoch processed: 0, throughput: (event/s) 0
q8GroupBy-11 duration: 180.235861823

nexmark_src_src processed: 1080001, throughput: (event/s) 5987.411104354453
nexmark_src_src_ctrl processed: 1, throughput: (event/s) 0.005543894037463347
nexmark_src_src_data processed: 1080000, throughput: (event/s) 5987.405560460415
nexmark_src_src_epoch processed: 0, throughput: (event/s) 0
nexmark_src_src_logEntry processed: 3525, throughput: (event/s) 19.5422264820583
personsByIDSink processed: 21600, throughput: (event/s) 119.7481112092083
auctionsBySellerIDSink processed: 64800, throughput: (event/s) 359.2443336276249
q8GroupBy-12 duration: 180.378627954

nexmark_src_src_ctrl processed: 1, throughput: (event/s) 0.005550498593544047
nexmark_src_src_data processed: 1080000, throughput: (event/s) 5994.538481027571
nexmark_src_src_epoch processed: 0, throughput: (event/s) 0
nexmark_src_src_logEntry processed: 3525, throughput: (event/s) 19.565507542242766
personsByIDSink processed: 21600, throughput: (event/s) 119.89076962055142
auctionsBySellerIDSink processed: 64800, throughput: (event/s) 359.67230886165424
nexmark_src_src processed: 1080001, throughput: (event/s) 5994.544031526165
q8GroupBy-13 duration: 180.163994846

nexmark_src_src_ctrl processed: 1, throughput: (event/s) 0.005550492233201777
nexmark_src_src_data processed: 1080000, throughput: (event/s) 5994.5316118579185
nexmark_src_src_epoch processed: 0, throughput: (event/s) 0
nexmark_src_src_logEntry processed: 3527, throughput: (event/s) 19.576586106502667
personsByIDSink processed: 21600, throughput: (event/s) 119.89063223715837
auctionsBySellerIDSink processed: 64800, throughput: (event/s) 359.67189671147514
nexmark_src_src processed: 1080001, throughput: (event/s) 5994.537162350152
q8GroupBy-14 duration: 180.164201297

nexmark_src_src_data processed: 1080000, throughput: (event/s) 5989.346511084565
nexmark_src_src_epoch processed: 0, throughput: (event/s) 0
nexmark_src_src_logEntry processed: 3523, throughput: (event/s) 19.53747014680641
personsByIDSink processed: 21600, throughput: (event/s) 119.78693022169129
auctionsBySellerIDSink processed: 64800, throughput: (event/s) 359.36079066507386
nexmark_src_src processed: 1080001, throughput: (event/s) 5989.352056775779
nexmark_src_src_ctrl processed: 1, throughput: (event/s) 0.00554569121396719
q8GroupBy-15 duration: 180.320173161

auctionsBySellerIDSink processed 1036800 events, duration: 180.378627954
nexmark_src_src processed 17280016 events, duration: 180.378627954
nexmark_src_src_ctrl processed 16 events, duration: 180.378627954
nexmark_src_src_data processed 17280000 events, duration: 180.378627954
nexmark_src_src_epoch processed 0 events, duration: 180.378627954
nexmark_src_src_logEntry processed 56402 events, duration: 180.378627954
personsByIDSink processed 345600 events, duration: 180.378627954

eventTimeLatency_sink, p50: 338 ms, p90: 493 ms, p99: 625 ms
sink processed: 943255, throughput: (event/s) 5225.675886685021
auctionsBySellerIDSrc_ctrl processed: 16, throughput: (event/s) 0.08864073255584158
auctionsBySellerIDSrc_data processed: 58937, throughput: (event/s) 326.5136784152272
auctionsBySellerIDSrc_epoch processed: 8802, throughput: (event/s) 48.76348299728235
personsByIDSrc_data processed: 20992, throughput: (event/s) 116.29664111326416
personsByIDSrc processed: 30813, throughput: (event/s) 170.70543076519667
personsByIDSrc_epoch processed: 9805, throughput: (event/s) 54.32014891937667
auctionsBySellerIDSrc_logEntry processed: 8802, throughput: (event/s) 48.76348299728235
auctionsBySellerIDSrc processed: 67755, throughput: (event/s) 375.3658021450654
personsByIDSrc_ctrl processed: 16, throughput: (event/s) 0.08864073255584158
personsByIDSrc_logEntry processed: 9805, throughput: (event/s) 54.32014891937667
q8JoinStream-0 duration: 180.503923407

eventTimeLatency_sink, p50: 331 ms, p90: 487 ms, p99: 638 ms
sink processed: 837575, throughput: (event/s) 4642.116908770178
personsByIDSrc_epoch processed: 9916, throughput: (event/s) 54.95774261094838
auctionsBySellerIDSrc processed: 61185, throughput: (event/s) 339.1074507513994
auctionsBySellerIDSrc_data processed: 52334, throughput: (event/s) 290.0522894111913
personsByIDSrc_data processed: 21648, throughput: (event/s) 119.98035619622938
personsByIDSrc processed: 31580, throughput: (event/s) 175.02677608448465
personsByIDSrc_logEntry processed: 9916, throughput: (event/s) 54.95774261094838
auctionsBySellerIDSrc_logEntry processed: 8835, throughput: (event/s) 48.966484062901266
personsByIDSrc_ctrl processed: 16, throughput: (event/s) 0.08867727730689533
auctionsBySellerIDSrc_ctrl processed: 16, throughput: (event/s) 0.08867727730689533
auctionsBySellerIDSrc_epoch processed: 8835, throughput: (event/s) 48.966484062901266
q8JoinStream-1 duration: 180.42953602

eventTimeLatency_sink, p50: 343 ms, p90: 522 ms, p99: 665 ms
personsByIDSrc_epoch processed: 9980, throughput: (event/s) 55.28611010926363
auctionsBySellerIDSrc processed: 62161, throughput: (event/s) 344.3526944390718
auctionsBySellerIDSrc_logEntry processed: 9139, throughput: (event/s) 50.6272304898357
personsByIDSrc_ctrl processed: 16, throughput: (event/s) 0.08863504626735652
personsByIDSrc_data processed: 22432, throughput: (event/s) 124.26633486683384
personsByIDSrc_logEntry processed: 9980, throughput: (event/s) 55.28611010926363
personsByIDSrc processed: 32428, throughput: (event/s) 179.64108002236483
sink processed: 848341, throughput: (event/s) 4699.546486593469
auctionsBySellerIDSrc_ctrl processed: 16, throughput: (event/s) 0.08863504626735652
auctionsBySellerIDSrc_data processed: 53006, throughput: (event/s) 293.6368289029688
auctionsBySellerIDSrc_epoch processed: 9139, throughput: (event/s) 50.6272304898357
q8JoinStream-2 duration: 180.515503447

eventTimeLatency_sink, p50: 352 ms, p90: 520 ms, p99: 691 ms
auctionsBySellerIDSrc processed: 89850, throughput: (event/s) 497.62934514113914
personsByIDSrc_data processed: 21056, throughput: (event/s) 116.6175124239491
sink processed: 1294571, throughput: (event/s) 7169.911173830937
auctionsBySellerIDSrc_logEntry processed: 8953, throughput: (event/s) 49.58570425207144
personsByIDSrc_epoch processed: 9808, throughput: (event/s) 54.321075316018835
personsByIDSrc_logEntry processed: 9808, throughput: (event/s) 54.321075316018835
personsByIDSrc processed: 30880, throughput: (event/s) 171.02720287098916
auctionsBySellerIDSrc_ctrl processed: 16, throughput: (event/s) 0.08861513102123791
auctionsBySellerIDSrc_data processed: 80881, throughput: (event/s) 447.9550257580465
auctionsBySellerIDSrc_epoch processed: 8953, throughput: (event/s) 49.58570425207144
personsByIDSrc_ctrl processed: 16, throughput: (event/s) 0.08861513102123791
q8JoinStream-3 duration: 180.55607226

eventTimeLatency_sink, p50: 351 ms, p90: 510 ms, p99: 650 ms
sink processed: 1110100, throughput: (event/s) 6151.398983981115
personsByIDSrc processed: 30469, throughput: (event/s) 168.83792058636212
personsByIDSrc_data processed: 20800, throughput: (event/s) 115.25907473813817
auctionsBySellerIDSrc_data processed: 69361, throughput: (event/s) 384.3502251400001
auctionsBySellerIDSrc_epoch processed: 8792, throughput: (event/s) 48.719124283543785
auctionsBySellerIDSrc_ctrl processed: 16, throughput: (event/s) 0.08866082672164474
auctionsBySellerIDSrc_logEntry processed: 8792, throughput: (event/s) 48.719124283543785
personsByIDSrc_ctrl processed: 16, throughput: (event/s) 0.08866082672164474
auctionsBySellerIDSrc processed: 78169, throughput: (event/s) 433.15801025026553
personsByIDSrc_epoch processed: 9653, throughput: (event/s) 53.4901850215023
personsByIDSrc_logEntry processed: 9653, throughput: (event/s) 53.4901850215023
q8JoinStream-4 duration: 180.463013843

eventTimeLatency_sink, p50: 330 ms, p90: 484 ms, p99: 669 ms
personsByIDSrc processed: 32309, throughput: (event/s) 178.9895868562709
sink processed: 901751, throughput: (event/s) 4995.637096079394
auctionsBySellerIDSrc processed: 65360, throughput: (event/s) 362.08980150812056
auctionsBySellerIDSrc_ctrl processed: 16, throughput: (event/s) 0.08863887429819352
auctionsBySellerIDSrc_logEntry processed: 9007, throughput: (event/s) 49.89814630023932
auctionsBySellerIDSrc_epoch processed: 9007, throughput: (event/s) 49.89814630023932
personsByIDSrc_logEntry processed: 10005, throughput: (event/s) 55.426996084589135
personsByIDSrc_epoch processed: 10005, throughput: (event/s) 55.426996084589135
auctionsBySellerIDSrc_data processed: 56337, throughput: (event/s) 312.103016333583
personsByIDSrc_data processed: 22288, throughput: (event/s) 123.47395189738357
personsByIDSrc_ctrl processed: 16, throughput: (event/s) 0.08863887429819352
q8JoinStream-5 duration: 180.507707557

eventTimeLatency_sink, p50: 338 ms, p90: 511 ms, p99: 667 ms
auctionsBySellerIDSrc_ctrl processed: 16, throughput: (event/s) 0.08868820727595839
personsByIDSrc_ctrl processed: 16, throughput: (event/s) 0.08868820727595839
auctionsBySellerIDSrc_epoch processed: 8842, throughput: (event/s) 49.0113205458765
personsByIDSrc processed: 30664, throughput: (event/s) 169.97094924437425
personsByIDSrc_data processed: 20832, throughput: (event/s) 115.47204587329782
personsByIDSrc_epoch processed: 9816, throughput: (event/s) 54.410215163800466
auctionsBySellerIDSrc_data processed: 66542, throughput: (event/s) 368.8431680348014
auctionsBySellerIDSrc_logEntry processed: 8842, throughput: (event/s) 49.0113205458765
personsByIDSrc_logEntry processed: 9816, throughput: (event/s) 54.410215163800466
auctionsBySellerIDSrc processed: 75400, throughput: (event/s) 417.94317678795386
sink processed: 1065056, throughput: (event/s) 5903.619205531446
q8JoinStream-6 duration: 180.407299814

eventTimeLatency_sink, p50: 341 ms, p90: 501 ms, p99: 640 ms
personsByIDSrc_logEntry processed: 9942, throughput: (event/s) 55.061926366576294
auctionsBySellerIDSrc processed: 101304, throughput: (event/s) 561.0534488673954
auctionsBySellerIDSrc_epoch processed: 9162, throughput: (event/s) 50.742040773543756
sink processed: 1474466, throughput: (event/s) 8166.056962585022
auctionsBySellerIDSrc_logEntry processed: 9162, throughput: (event/s) 50.742040773543756
personsByIDSrc processed: 31798, throughput: (event/s) 176.10733600929322
personsByIDSrc_epoch processed: 9942, throughput: (event/s) 55.061926366576294
personsByIDSrc_ctrl processed: 16, throughput: (event/s) 0.08861303780579569
auctionsBySellerIDSrc_ctrl processed: 16, throughput: (event/s) 0.08861303780579569
auctionsBySellerIDSrc_data processed: 92126, throughput: (event/s) 510.22279505604587
personsByIDSrc_data processed: 21840, throughput: (event/s) 120.95679660491112
q8JoinStream-7 duration: 180.560337352

eventTimeLatency_sink, p50: 334 ms, p90: 488 ms, p99: 621 ms
auctionsBySellerIDSrc processed: 65322, throughput: (event/s) 362.0221017170162
auctionsBySellerIDSrc_logEntry processed: 8993, throughput: (event/s) 49.840249238252454
personsByIDSrc processed: 32396, throughput: (event/s) 179.54239011702728
personsByIDSrc_ctrl processed: 16, throughput: (event/s) 0.08867385608940723
personsByIDSrc_epoch processed: 9916, throughput: (event/s) 54.95562231141013
auctionsBySellerIDSrc_ctrl processed: 16, throughput: (event/s) 0.08867385608940723
sink processed: 901377, throughput: (event/s) 4995.535898768851
personsByIDSrc_logEntry processed: 9916, throughput: (event/s) 54.95562231141013
auctionsBySellerIDSrc_data processed: 56313, throughput: (event/s) 312.0931786226743
auctionsBySellerIDSrc_epoch processed: 8993, throughput: (event/s) 49.840249238252454
personsByIDSrc_data processed: 22464, throughput: (event/s) 124.49809394952776
q8JoinStream-8 duration: 180.436497358

eventTimeLatency_sink, p50: 338 ms, p90: 493 ms, p99: 645 ms
personsByIDSrc_logEntry processed: 10152, throughput: (event/s) 56.27604007994821
sink processed: 1065161, throughput: (event/s) 5904.555075610492
auctionsBySellerIDSrc processed: 75526, throughput: (event/s) 418.6666866704264
personsByIDSrc_data processed: 22208, throughput: (event/s) 123.10660934746747
auctionsBySellerIDSrc_epoch processed: 8959, throughput: (event/s) 49.66282930223168
auctionsBySellerIDSrc_logEntry processed: 8959, throughput: (event/s) 49.66282930223168
auctionsBySellerIDSrc_data processed: 66551, throughput: (event/s) 368.91516384561004
personsByIDSrc_ctrl processed: 16, throughput: (event/s) 0.08869352258463074
personsByIDSrc processed: 32376, throughput: (event/s) 179.47134295000032
personsByIDSrc_epoch processed: 10152, throughput: (event/s) 56.27604007994821
auctionsBySellerIDSrc_ctrl processed: 16, throughput: (event/s) 0.08869352258463074
q8JoinStream-9 duration: 180.396488196

eventTimeLatency_sink, p50: 359 ms, p90: 546 ms, p99: 693 ms
sink processed: 1180896, throughput: (event/s) 6540.929002827878
auctionsBySellerIDSrc processed: 82730, throughput: (event/s) 458.23769104472393
personsByIDSrc_ctrl processed: 16, throughput: (event/s) 0.08862326914922741
personsByIDSrc_epoch processed: 9963, throughput: (event/s) 55.18460190835954
auctionsBySellerIDSrc_data processed: 73783, throughput: (event/s) 408.68066672734034
auctionsBySellerIDSrc_epoch processed: 8931, throughput: (event/s) 49.46840104823438
auctionsBySellerIDSrc_logEntry processed: 8931, throughput: (event/s) 49.46840104823438
personsByIDSrc_data processed: 21648, throughput: (event/s) 119.90728315890468
personsByIDSrc processed: 31627, throughput: (event/s) 175.18050833641345
personsByIDSrc_logEntry processed: 9963, throughput: (event/s) 55.18460190835954
auctionsBySellerIDSrc_ctrl processed: 16, throughput: (event/s) 0.08862326914922741
q8JoinStream-10 duration: 180.539492095

eventTimeLatency_sink, p50: 326 ms, p90: 466 ms, p99: 616 ms
auctionsBySellerIDSrc_logEntry processed: 8976, throughput: (event/s) 49.74258692069215
auctionsBySellerIDSrc processed: 86426, throughput: (event/s) 478.9497345374041
personsByIDSrc_logEntry processed: 9863, throughput: (event/s) 54.65810325298425
auctionsBySellerIDSrc_data processed: 77434, throughput: (event/s) 429.11847990384086
personsByIDSrc_ctrl processed: 16, throughput: (event/s) 0.08866771287110899
sink processed: 1239520, throughput: (event/s) 6869.087716124814
auctionsBySellerIDSrc_epoch processed: 8976, throughput: (event/s) 49.74258692069215
personsByIDSrc processed: 31607, throughput: (event/s) 175.15752504482137
personsByIDSrc_data processed: 21728, throughput: (event/s) 120.41075407896601
personsByIDSrc_epoch processed: 9863, throughput: (event/s) 54.65810325298425
auctionsBySellerIDSrc_ctrl processed: 16, throughput: (event/s) 0.08866771287110899
q8JoinStream-11 duration: 180.448998648

eventTimeLatency_sink, p50: 341 ms, p90: 505 ms, p99: 649 ms
personsByIDSrc processed: 32602, throughput: (event/s) 180.58452354463586
auctionsBySellerIDSrc processed: 69353, throughput: (event/s) 384.1506184096414
personsByIDSrc_ctrl processed: 16, throughput: (event/s) 0.08862500388669939
sink processed: 906347, throughput: (event/s) 5020.312899856146
auctionsBySellerIDSrc_ctrl processed: 16, throughput: (event/s) 0.08862500388669939
auctionsBySellerIDSrc_data processed: 60276, throughput: (event/s) 333.87254589216826
auctionsBySellerIDSrc_logEntry processed: 9061, throughput: (event/s) 50.18944751358645
personsByIDSrc_data processed: 22480, throughput: (event/s) 124.51813046081264
personsByIDSrc_epoch processed: 10106, throughput: (event/s) 55.9777680799365
auctionsBySellerIDSrc_epoch processed: 9061, throughput: (event/s) 50.18944751358645
personsByIDSrc_logEntry processed: 10106, throughput: (event/s) 55.9777680799365
q8JoinStream-12 duration: 180.535958232

eventTimeLatency_sink, p50: 331 ms, p90: 477 ms, p99: 626 ms
personsByIDSrc processed: 30626, throughput: (event/s) 169.66699702899797
auctionsBySellerIDSrc processed: 49040, throughput: (event/s) 271.67992993868154
auctionsBySellerIDSrc_data processed: 40442, throughput: (event/s) 224.0473027442936
sink processed: 647305, throughput: (event/s) 3586.0476559738627
personsByIDSrc_logEntry processed: 9778, throughput: (event/s) 54.16978700938882
auctionsBySellerIDSrc_ctrl processed: 16, throughput: (event/s) 0.08863945511865629
personsByIDSrc_data processed: 20832, throughput: (event/s) 115.40857056449049
personsByIDSrc_epoch processed: 9778, throughput: (event/s) 54.16978700938882
auctionsBySellerIDSrc_epoch processed: 8582, throughput: (event/s) 47.54398773926926
auctionsBySellerIDSrc_logEntry processed: 8582, throughput: (event/s) 47.54398773926926
personsByIDSrc_ctrl processed: 16, throughput: (event/s) 0.08863945511865629
q8JoinStream-13 duration: 180.506524759

eventTimeLatency_sink, p50: 341 ms, p90: 518 ms, p99: 664 ms
auctionsBySellerIDSrc_ctrl processed: 16, throughput: (event/s) 0.08857445460116298
personsByIDSrc processed: 30898, throughput: (event/s) 171.04834364167087
personsByIDSrc_ctrl processed: 16, throughput: (event/s) 0.08857445460116298
personsByIDSrc_logEntry processed: 9842, throughput: (event/s) 54.48436138654038
auctionsBySellerIDSrc processed: 74783, throughput: (event/s) 413.9914649024232
auctionsBySellerIDSrc_epoch processed: 8806, throughput: (event/s) 48.749165451115076
auctionsBySellerIDSrc_data processed: 65961, throughput: (event/s) 365.15372499670696
personsByIDSrc_data processed: 21040, throughput: (event/s) 116.47540780052933
personsByIDSrc_epoch processed: 9842, throughput: (event/s) 54.48436138654038
auctionsBySellerIDSrc_logEntry processed: 8806, throughput: (event/s) 48.749165451115076
sink processed: 1055686, throughput: (event/s) 5844.175730005209
q8JoinStream-14 duration: 180.638989786

eventTimeLatency_sink, p50: 333 ms, p90: 483 ms, p99: 622 ms
personsByIDSrc_data processed: 21312, throughput: (event/s) 118.0634045106555
personsByIDSrc_epoch processed: 9760, throughput: (event/s) 54.06807563926416
personsByIDSrc_logEntry processed: 9760, throughput: (event/s) 54.06807563926416
auctionsBySellerIDSrc_data processed: 66516, throughput: (event/s) 368.4827991005425
auctionsBySellerIDSrc_epoch processed: 8855, throughput: (event/s) 49.05459116656599
auctionsBySellerIDSrc_ctrl processed: 16, throughput: (event/s) 0.0886361895725642
sink processed: 1064689, throughput: (event/s) 5898.1235024889875
auctionsBySellerIDSrc processed: 75387, throughput: (event/s) 417.626026456681
auctionsBySellerIDSrc_logEntry processed: 8855, throughput: (event/s) 49.05459116656599
personsByIDSrc processed: 31088, throughput: (event/s) 172.22011633949222
personsByIDSrc_ctrl processed: 16, throughput: (event/s) 0.0886361895725642
q8JoinStream-15 duration: 180.513175004

personsByIDSrc_epoch processed 158305 events, duration: 180.638989786
personsByIDSrc_ctrl processed 256 events, duration: 180.638989786
personsByIDSrc_logEntry processed 158305 events, duration: 180.638989786
auctionsBySellerIDSrc_epoch processed 142695 events, duration: 180.638989786
personsByIDSrc_data processed 345600 events, duration: 180.638989786
auctionsBySellerIDSrc_data processed 1036800 events, duration: 180.638989786
personsByIDSrc processed 504161 events, duration: 180.638989786
auctionsBySellerIDSrc_logEntry processed 142695 events, duration: 180.638989786
auctionsBySellerIDSrc processed 1179751 events, duration: 180.638989786
sink processed 16536096 events, duration: 180.638989786
auctionsBySellerIDSrc_ctrl processed 256 events, duration: 180.638989786

