wait for last: true
warmup: 0
encoded json is {"sg":{"changelog":4,"nexmark_src":4,"q8GroupBy":4,"q8JoinStream":4,"q8_aucsBySellerID_out":4,"q8_out":4,"q8_personsByID_out":4,"source":4},"aid":"q8","fns":["source","q8GroupBy","q8JoinStream"],"epoch":1,"serdeFormat":1,"bs":true}, node constraint is 1
config: map[NodeConstraint:"1,2,3,4" NumInstance:4 OutputTopicName:["nexmark_src"] funcName:"source"]
config: map[InputTopicNames:["nexmark_src"] NodeConstraint:"5,6,7,8" NumInstance:4 NumSrcProducer:[1] OutputTopicName:["q8_aucsBySellerID_out","q8_personsByID_out"] funcName:"q8GroupBy"]
config: map[InputTopicNames:["q8_aucsBySellerID_out","q8_personsByID_out"] NodeConstraint:"5,6,7,8" NumInstance:4 NumSrcProducer:[4,4] OutputTopicName:["q8_out"] funcName:"q8JoinStream"]
srcInvokeConfig: {TopicName:nexmark_src AppId:q8 NodeConstraint:1,2,3,4 ScaleEpoch:0 NumOutPartition:4 InstanceID:0 NumSrcInstance:4}
cliNodes: [0xc000026260 0xc0000262c0]
inParamsMap: map[q8GroupBy:[0xc000000c80 0xc000000d20 0xc000000dc0 0xc000000e60] q8JoinStream:[0xc000000f00 0xc000000fa0 0xc000001040 0xc0000010e0]]
configScaleInput: {Config:map[changelog:4 nexmark_src:4 q8GroupBy:4 q8JoinStream:4 q8_aucsBySellerID_out:4 q8_out:4 q8_personsByID_out:4 source:4] AppId:q8 FuncNames:[source q8GroupBy q8JoinStream] ScaleEpoch:0 SerdeFormat:1 Bootstrap:false}
func source url is http://ip-172-31-5-102.us-east-2.compute.internal:8080/function/source
func source url is http://ip-172-31-5-102.us-east-2.compute.internal:8080/function/source
func source url is http://ip-172-31-5-102.us-east-2.compute.internal:8080/function/source
encoded json is {"topic_name":"nexmark_src","rate_shape":"square","aid":"q8","events_num":23040000,"rate_period":10000000000,"bid_avg_size":100,"first_event_rate":128000,"next_event_rate":128000,"person_avg_size":200,"auction_avg_size":500,"duration":180,"person_proportion":1,"auction_proportion":3,"bid_proportion":46,"bid_hot_ratio_auctions":2,"bid_hot_ratio_bidders":4,"auction_hot_ratio_sellers":4,"flushms":10,"rate_limited":false,"waitEnd":true,"serde_format":1,"numOutPar":4,"parNum":3,"nSrcIns":4}, node constraint is 1,2,3,4
func source url is http://ip-172-31-5-102.us-east-2.compute.internal:8080/function/source
encoded json is {"topic_name":"nexmark_src","rate_shape":"square","aid":"q8","events_num":23040000,"rate_period":10000000000,"bid_avg_size":100,"first_event_rate":128000,"next_event_rate":128000,"person_avg_size":200,"auction_avg_size":500,"duration":180,"person_proportion":1,"auction_proportion":3,"bid_proportion":46,"bid_hot_ratio_auctions":2,"bid_hot_ratio_bidders":4,"auction_hot_ratio_sellers":4,"flushms":10,"rate_limited":false,"waitEnd":true,"serde_format":1,"numOutPar":4,"nSrcIns":4}, node constraint is 1,2,3,4
encoded json is {"topic_name":"nexmark_src","rate_shape":"square","aid":"q8","events_num":23040000,"rate_period":10000000000,"bid_avg_size":100,"first_event_rate":128000,"next_event_rate":128000,"person_avg_size":200,"auction_avg_size":500,"duration":180,"person_proportion":1,"auction_proportion":3,"bid_proportion":46,"bid_hot_ratio_auctions":2,"bid_hot_ratio_bidders":4,"auction_hot_ratio_sellers":4,"flushms":10,"rate_limited":false,"waitEnd":true,"serde_format":1,"numOutPar":4,"parNum":1,"nSrcIns":4}, node constraint is 1,2,3,4
src instance: 4
encoded json is {"topic_name":"nexmark_src","rate_shape":"square","aid":"q8","events_num":23040000,"rate_period":10000000000,"bid_avg_size":100,"first_event_rate":128000,"next_event_rate":128000,"person_avg_size":200,"auction_avg_size":500,"duration":180,"person_proportion":1,"auction_proportion":3,"bid_proportion":46,"bid_hot_ratio_auctions":2,"bid_hot_ratio_bidders":4,"auction_hot_ratio_sellers":4,"flushms":10,"rate_limited":false,"waitEnd":true,"serde_format":1,"numOutPar":4,"parNum":2,"nSrcIns":4}, node constraint is 1,2,3,4
Waiting for all client to return
func name is q8GroupBy
func name is q8GroupBy
func url is http://ip-172-31-5-102.us-east-2.compute.internal:8080/function/q8GroupBy
func url is http://ip-172-31-5-102.us-east-2.compute.internal:8080/function/q8GroupBy
func name is q8JoinStream
func url is http://ip-172-31-5-102.us-east-2.compute.internal:8080/function/q8JoinStream
func name is q8JoinStream
func name is q8GroupBy
func url is http://ip-172-31-5-102.us-east-2.compute.internal:8080/function/q8JoinStream
func url is http://ip-172-31-5-102.us-east-2.compute.internal:8080/function/q8GroupBy
func name is q8JoinStream
func url is http://ip-172-31-5-102.us-east-2.compute.internal:8080/function/q8JoinStream
func name is q8JoinStream
func url is http://ip-172-31-5-102.us-east-2.compute.internal:8080/function/q8JoinStream
func name is q8GroupBy
func url is http://ip-172-31-5-102.us-east-2.compute.internal:8080/function/q8GroupBy
encoded json is {"aid":"q8","numOutPartition":"BAQ=","numSubstreamProducer":"AQ==","outputTopicName":["q8_aucsBySellerID_out","q8_personsByID_out"],"inputTopicName":["nexmark_src"],"commEveryMs":10,"flushMs":10,"snapEveryS":10,"duration":180,"epoch":1,"waitEnd":true,"numChangelogPartition":4,"numInPartition":4,"gua":3,"serdeFormat":1}, node constraint is 5,6,7,8
encoded json is {"aid":"q8","numOutPartition":"BA==","numSubstreamProducer":"BAQ=","outputTopicName":["q8_out"],"inputTopicName":["q8_aucsBySellerID_out","q8_personsByID_out"],"commEveryMs":10,"flushMs":10,"snapEveryS":10,"duration":180,"epoch":1,"waitEnd":true,"numChangelogPartition":4,"numInPartition":4,"ParNum":1,"gua":3,"serdeFormat":1}, node constraint is 5,6,7,8
encoded json is {"aid":"q8","numOutPartition":"BAQ=","numSubstreamProducer":"AQ==","outputTopicName":["q8_aucsBySellerID_out","q8_personsByID_out"],"inputTopicName":["nexmark_src"],"commEveryMs":10,"flushMs":10,"snapEveryS":10,"duration":180,"epoch":1,"waitEnd":true,"numChangelogPartition":4,"numInPartition":4,"ParNum":2,"gua":3,"serdeFormat":1}, node constraint is 5,6,7,8
encoded json is {"aid":"q8","numOutPartition":"BAQ=","numSubstreamProducer":"AQ==","outputTopicName":["q8_aucsBySellerID_out","q8_personsByID_out"],"inputTopicName":["nexmark_src"],"commEveryMs":10,"flushMs":10,"snapEveryS":10,"duration":180,"epoch":1,"waitEnd":true,"numChangelogPartition":4,"numInPartition":4,"ParNum":1,"gua":3,"serdeFormat":1}, node constraint is 5,6,7,8
encoded json is {"aid":"q8","numOutPartition":"BAQ=","numSubstreamProducer":"AQ==","outputTopicName":["q8_aucsBySellerID_out","q8_personsByID_out"],"inputTopicName":["nexmark_src"],"commEveryMs":10,"flushMs":10,"snapEveryS":10,"duration":180,"epoch":1,"waitEnd":true,"numChangelogPartition":4,"numInPartition":4,"ParNum":3,"gua":3,"serdeFormat":1}, node constraint is 5,6,7,8
encoded json is {"aid":"q8","numOutPartition":"BA==","numSubstreamProducer":"BAQ=","outputTopicName":["q8_out"],"inputTopicName":["q8_aucsBySellerID_out","q8_personsByID_out"],"commEveryMs":10,"flushMs":10,"snapEveryS":10,"duration":180,"epoch":1,"waitEnd":true,"numChangelogPartition":4,"numInPartition":4,"gua":3,"serdeFormat":1}, node constraint is 5,6,7,8
encoded json is {"aid":"q8","numOutPartition":"BA==","numSubstreamProducer":"BAQ=","outputTopicName":["q8_out"],"inputTopicName":["q8_aucsBySellerID_out","q8_personsByID_out"],"commEveryMs":10,"flushMs":10,"snapEveryS":10,"duration":180,"epoch":1,"waitEnd":true,"numChangelogPartition":4,"numInPartition":4,"ParNum":2,"gua":3,"serdeFormat":1}, node constraint is 5,6,7,8
encoded json is {"aid":"q8","numOutPartition":"BA==","numSubstreamProducer":"BAQ=","outputTopicName":["q8_out"],"inputTopicName":["q8_aucsBySellerID_out","q8_personsByID_out"],"commEveryMs":10,"flushMs":10,"snapEveryS":10,"duration":180,"epoch":1,"waitEnd":true,"numChangelogPartition":4,"numInPartition":4,"ParNum":3,"gua":3,"serdeFormat":1}, node constraint is 5,6,7,8
source-3 invoke done
source-2 invoke done
source-1 invoke done
source-0 invoke done
q8GroupBy-1 call done
q8GroupBy-2 call done
q8GroupBy-0 call done
q8GroupBy-3 call done
q8JoinStream-0 call done
q8JoinStream-2 call done
q8JoinStream-3 call done
q8JoinStream-1 call done
sink processed: 5760001, throughput: (event/s) 31999.06310243844
sink_ctrl processed: 1, throughput: (event/s) 0.005555391935251129
source-0 duration: 180.005301454

sink processed: 5759969, throughput: (event/s) 31999.315773970153
sink_ctrl processed: 1, throughput: (event/s) 0.0055554666655272195
source-1 duration: 180.002880083

sink processed: 5760001, throughput: (event/s) 31999.64930665979
sink_ctrl processed: 1, throughput: (event/s) 0.005555493706799667
source-2 duration: 180.002003922

sink processed: 5760001, throughput: (event/s) 31999.44356088365
sink_ctrl processed: 1, throughput: (event/s) 0.005555457987053067
source-3 duration: 180.003161275

sink_ctrl processed 4 events, duration: 180.005301454, tp: 0.022222
sink processed 23039972 events, duration: 180.005301454, tp: 127996.074637

nexmark_src_src_epoch processed: 0, throughput: (event/s) 0
nexmark_src_src_logEntry processed: 14059, throughput: (event/s) 78.09003481753942
personsByIDSink processed: 115200, throughput: (event/s) 639.8728224610954
auctionsBySellerIDSink processed: 345600, throughput: (event/s) 1919.6184673832863
nexmark_src_src processed: 5760001, throughput: (event/s) 31993.646677506353
nexmark_src_src_ctrl processed: 1, throughput: (event/s) 0.0055544515838636755
nexmark_src_src_data processed: 5760000, throughput: (event/s) 31993.64112305477
q8GroupBy-0 duration: 180.035775792

nexmark_src_src processed: 5759969, throughput: (event/s) 31993.853087993528
nexmark_src_src_ctrl processed: 1, throughput: (event/s) 0.005554518277440995
nexmark_src_src_data processed: 5759968, throughput: (event/s) 31993.84753347525
nexmark_src_src_epoch processed: 0, throughput: (event/s) 0
nexmark_src_src_logEntry processed: 14052, throughput: (event/s) 78.05209083460086
personsByIDSink processed: 115199, throughput: (event/s) 639.8749510429252
auctionsBySellerIDSink processed: 345599, throughput: (event/s) 1919.6359621653303
q8GroupBy-1 duration: 180.033614087

nexmark_src_src_data processed: 5760000, throughput: (event/s) 31993.824608141073
nexmark_src_src_epoch processed: 0, throughput: (event/s) 0
nexmark_src_src_logEntry processed: 14197, throughput: (event/s) 78.85700138225327
personsByIDSink processed: 115200, throughput: (event/s) 639.8764921628215
auctionsBySellerIDSink processed: 345600, throughput: (event/s) 1919.6294764884644
nexmark_src_src processed: 5760001, throughput: (event/s) 31993.830162624512
nexmark_src_src_ctrl processed: 1, throughput: (event/s) 0.005554483438913381
q8GroupBy-2 duration: 180.034743284

nexmark_src_src_data processed: 5760000, throughput: (event/s) 31992.236885900973
nexmark_src_src_epoch processed: 0, throughput: (event/s) 0
nexmark_src_src_logEntry processed: 14489, throughput: (event/s) 80.47491670830195
personsByIDSink processed: 115200, throughput: (event/s) 639.8447377180195
auctionsBySellerIDSink processed: 345600, throughput: (event/s) 1919.5342131540583
nexmark_src_src processed: 5760001, throughput: (event/s) 31992.242440108763
nexmark_src_src_ctrl processed: 1, throughput: (event/s) 0.005554207792691141
q8GroupBy-3 duration: 180.043678113

personsByIDSink processed 460799 events, duration: 180.043678113
auctionsBySellerIDSink processed 1382399 events, duration: 180.043678113
nexmark_src_src processed 23039972 events, duration: 180.043678113
nexmark_src_src_ctrl processed 4 events, duration: 180.043678113
nexmark_src_src_data processed 23039968 events, duration: 180.043678113
nexmark_src_src_epoch processed 0 events, duration: 180.043678113
nexmark_src_src_logEntry processed 56797 events, duration: 180.043678113

eventTimeLatency_sink, p50: 17802 ms, p90: 26146 ms, p99: 29491 ms
personsByIDSrc_epoch processed: 26153, throughput: (event/s) 124.89431233453672
personsByIDSrc_data processed: 114828, throughput: (event/s) 548.3640154762429
auctionsBySellerIDSrc_ctrl processed: 4, throughput: (event/s) 0.019102101072081476
auctionsBySellerIDSrc_data processed: 336109, throughput: (event/s) 1605.0970223090583
personsByIDSrc_logEntry processed: 26153, throughput: (event/s) 124.89431233453672
auctionsBySellerIDSrc processed: 361712, throughput: (event/s) 1727.3647957461837
auctionsBySellerIDSrc_logEntry processed: 25599, throughput: (event/s) 122.24867133605343
personsByIDSrc processed: 140985, throughput: (event/s) 673.2774299118518
personsByIDSrc_ctrl processed: 4, throughput: (event/s) 0.019102101072081476
sink processed: 822903, throughput: (event/s) 3929.794069629766
auctionsBySellerIDSrc_epoch processed: 25599, throughput: (event/s) 122.24867133605343
q8JoinStream-0 duration: 209.401048864

eventTimeLatency_sink, p50: 19833 ms, p90: 35231 ms, p99: 36802 ms
personsByIDSrc_epoch processed: 26218, throughput: (event/s) 121.29215773428979
personsByIDSrc_data processed: 115564, throughput: (event/s) 534.6329588986752
sink processed: 559355, throughput: (event/s) 2587.740288712475
auctionsBySellerIDSrc_data processed: 342318, throughput: (event/s) 1583.663469802678
auctionsBySellerIDSrc_logEntry processed: 25604, throughput: (event/s) 118.45161364820946
auctionsBySellerIDSrc processed: 367925, throughput: (event/s) 1702.1289623307869
auctionsBySellerIDSrc_epoch processed: 25603, throughput: (event/s) 118.44698735490965
personsByIDSrc processed: 141786, throughput: (event/s) 655.9436218061642
personsByIDSrc_logEntry processed: 26218, throughput: (event/s) 121.29215773428979
auctionsBySellerIDSrc_ctrl processed: 4, throughput: (event/s) 0.01850517319922035
personsByIDSrc_ctrl processed: 4, throughput: (event/s) 0.01850517319922035
q8JoinStream-1 duration: 216.155772061

eventTimeLatency_sink, p50: 17659 ms, p90: 28323 ms, p99: 31639 ms
auctionsBySellerIDSrc_logEntry processed: 25576, throughput: (event/s) 121.07899369253643
auctionsBySellerIDSrc_data processed: 335699, throughput: (event/s) 1589.2280694241003
personsByIDSrc_data processed: 114599, throughput: (event/s) 542.5215670226378
sink processed: 1076685, throughput: (event/s) 5097.119812474531
personsByIDSrc_epoch processed: 26147, throughput: (event/s) 123.78215702528739
auctionsBySellerIDSrc_ctrl processed: 4, throughput: (event/s) 0.01893634558844799
auctionsBySellerIDSrc_epoch processed: 25576, throughput: (event/s) 121.07899369253643
auctionsBySellerIDSrc processed: 361279, throughput: (event/s) 1710.3259994622251
personsByIDSrc_logEntry processed: 26147, throughput: (event/s) 123.78215702528739
personsByIDSrc processed: 140750, throughput: (event/s) 666.3226603935136
personsByIDSrc_ctrl processed: 4, throughput: (event/s) 0.01893634558844799
q8JoinStream-2 duration: 211.233998731

eventTimeLatency_sink, p50: 23793 ms, p90: 32228 ms, p99: 34678 ms
auctionsBySellerIDSrc_epoch processed: 25674, throughput: (event/s) 119.54263665415942
personsByIDSrc processed: 141975, throughput: (event/s) 661.0604439890272
personsByIDSrc_logEntry processed: 26163, throughput: (event/s) 121.8195062235247
auctionsBySellerIDSrc_ctrl processed: 4, throughput: (event/s) 0.018624699953908145
auctionsBySellerIDSrc_data processed: 368273, throughput: (event/s) 1714.7435315314035
auctionsBySellerIDSrc processed: 393951, throughput: (event/s) 1834.304792885517
personsByIDSrc_ctrl processed: 4, throughput: (event/s) 0.018624699953908145
personsByIDSrc_data processed: 115808, throughput: (event/s) 539.2223130655486
sink processed: 895715, throughput: (event/s) 4170.605779803708
auctionsBySellerIDSrc_logEntry processed: 25674, throughput: (event/s) 119.54263665415942
personsByIDSrc_epoch processed: 26163, throughput: (event/s) 121.8195062235247
q8JoinStream-3 duration: 214.768560562

auctionsBySellerIDSrc_logEntry processed 102453 events, duration: 216.155772061
personsByIDSrc processed 565496 events, duration: 216.155772061
personsByIDSrc_epoch processed 104681 events, duration: 216.155772061
personsByIDSrc_data processed 460799 events, duration: 216.155772061
personsByIDSrc_logEntry processed 104681 events, duration: 216.155772061
personsByIDSrc_ctrl processed 16 events, duration: 216.155772061
sink processed 3354658 events, duration: 216.155772061
auctionsBySellerIDSrc_epoch processed 102452 events, duration: 216.155772061
auctionsBySellerIDSrc_ctrl processed 16 events, duration: 216.155772061
auctionsBySellerIDSrc_data processed 1382399 events, duration: 216.155772061
auctionsBySellerIDSrc processed 1484867 events, duration: 216.155772061

