wait for last: true
warmup: 0
config: map[NodeConstraint:"1,2,3,4" NumInstance:4 OutputTopicName:["nexmark_src"] funcName:"source"]
config: map[InputTopicNames:["nexmark_src"] NodeConstraint:"5,6,7,8" NumInstance:4 NumSrcProducer:[1] OutputTopicName:["q8_aucsBySellerID_out","q8_personsByID_out"] funcName:"q8GroupBy"]
config: map[InputTopicNames:["q8_aucsBySellerID_out","q8_personsByID_out"] NodeConstraint:"5,6,7,8" NumInstance:4 NumSrcProducer:[4,4] OutputTopicName:["q8_out"] funcName:"q8JoinStream"]
srcInvokeConfig: {TopicName:nexmark_src AppId:q8 NodeConstraint:1,2,3,4 ScaleEpoch:0 NumOutPartition:4 InstanceID:0 NumSrcInstance:4}
cliNodes: [0xc000026260 0xc0000262c0]
inParamsMap: map[q8GroupBy:[0xc000000be0 0xc000000c80 0xc000000d20 0xc000000dc0] q8JoinStream:[0xc000000e60 0xc000000f00 0xc000000fa0 0xc000001040]]
configScaleInput: {Config:map[changelog:4 nexmark_src:4 q8GroupBy:4 q8JoinStream:4 q8_aucsBySellerID_out:4 q8_out:4 q8_personsByID_out:4 source:4] AppId:q8 FuncNames:[source q8GroupBy q8JoinStream] ScaleEpoch:0 SerdeFormat:1 Bootstrap:false}
encoded json is {"sg":{"changelog":4,"nexmark_src":4,"q8GroupBy":4,"q8JoinStream":4,"q8_aucsBySellerID_out":4,"q8_out":4,"q8_personsByID_out":4,"source":4},"aid":"q8","fns":["source","q8GroupBy","q8JoinStream"],"epoch":1,"serdeFormat":1,"bs":true}, node constraint is 1
func source url is http://ip-172-31-8-71.us-east-2.compute.internal:8080/function/source
func source url is http://ip-172-31-8-71.us-east-2.compute.internal:8080/function/source
func source url is http://ip-172-31-8-71.us-east-2.compute.internal:8080/function/source
src instance: 4
func source url is http://ip-172-31-8-71.us-east-2.compute.internal:8080/function/source
encoded json is {"topic_name":"nexmark_src","rate_shape":"square","aid":"q8","events_num":5760000,"rate_period":10000000000,"bid_avg_size":100,"first_event_rate":32000,"next_event_rate":32000,"person_avg_size":200,"auction_avg_size":500,"duration":180,"person_proportion":1,"auction_proportion":3,"bid_proportion":46,"bid_hot_ratio_auctions":2,"bid_hot_ratio_bidders":4,"auction_hot_ratio_sellers":4,"flushms":100,"rate_limited":false,"waitEnd":true,"serde_format":1,"numOutPar":4,"parNum":1,"nSrcIns":4}, node constraint is 1,2,3,4
encoded json is {"topic_name":"nexmark_src","rate_shape":"square","aid":"q8","events_num":5760000,"rate_period":10000000000,"bid_avg_size":100,"first_event_rate":32000,"next_event_rate":32000,"person_avg_size":200,"auction_avg_size":500,"duration":180,"person_proportion":1,"auction_proportion":3,"bid_proportion":46,"bid_hot_ratio_auctions":2,"bid_hot_ratio_bidders":4,"auction_hot_ratio_sellers":4,"flushms":100,"rate_limited":false,"waitEnd":true,"serde_format":1,"numOutPar":4,"parNum":3,"nSrcIns":4}, node constraint is 1,2,3,4
encoded json is {"topic_name":"nexmark_src","rate_shape":"square","aid":"q8","events_num":5760000,"rate_period":10000000000,"bid_avg_size":100,"first_event_rate":32000,"next_event_rate":32000,"person_avg_size":200,"auction_avg_size":500,"duration":180,"person_proportion":1,"auction_proportion":3,"bid_proportion":46,"bid_hot_ratio_auctions":2,"bid_hot_ratio_bidders":4,"auction_hot_ratio_sellers":4,"flushms":100,"rate_limited":false,"waitEnd":true,"serde_format":1,"numOutPar":4,"nSrcIns":4}, node constraint is 1,2,3,4
encoded json is {"topic_name":"nexmark_src","rate_shape":"square","aid":"q8","events_num":5760000,"rate_period":10000000000,"bid_avg_size":100,"first_event_rate":32000,"next_event_rate":32000,"person_avg_size":200,"auction_avg_size":500,"duration":180,"person_proportion":1,"auction_proportion":3,"bid_proportion":46,"bid_hot_ratio_auctions":2,"bid_hot_ratio_bidders":4,"auction_hot_ratio_sellers":4,"flushms":100,"rate_limited":false,"waitEnd":true,"serde_format":1,"numOutPar":4,"parNum":2,"nSrcIns":4}, node constraint is 1,2,3,4
Waiting for all client to return
func name is q8JoinStream
func url is http://ip-172-31-8-71.us-east-2.compute.internal:8080/function/q8JoinStream
func name is q8GroupBy
func url is http://ip-172-31-8-71.us-east-2.compute.internal:8080/function/q8GroupBy
encoded json is {"aid":"q8","numOutPartition":"BA==","numSubstreamProducer":"BAQ=","outputTopicName":["q8_out"],"inputTopicName":["q8_aucsBySellerID_out","q8_personsByID_out"],"commEveryMs":100,"flushMs":100,"duration":180,"epoch":1,"waitEnd":true,"numChangelogPartition":4,"numInPartition":4,"ParNum":3,"gua":2,"serdeFormat":1}, node constraint is 5,6,7,8
encoded json is {"aid":"q8","numOutPartition":"BAQ=","numSubstreamProducer":"AQ==","outputTopicName":["q8_aucsBySellerID_out","q8_personsByID_out"],"inputTopicName":["nexmark_src"],"commEveryMs":100,"flushMs":100,"duration":180,"epoch":1,"waitEnd":true,"numChangelogPartition":4,"numInPartition":4,"ParNum":3,"gua":2,"serdeFormat":1}, node constraint is 5,6,7,8
encoded json is {"aid":"q8","numOutPartition":"BAQ=","numSubstreamProducer":"AQ==","outputTopicName":["q8_aucsBySellerID_out","q8_personsByID_out"],"inputTopicName":["nexmark_src"],"commEveryMs":100,"flushMs":100,"duration":180,"epoch":1,"waitEnd":true,"numChangelogPartition":4,"numInPartition":4,"ParNum":2,"gua":2,"serdeFormat":1}, node constraint is 5,6,7,8
encoded json is {"aid":"q8","numOutPartition":"BAQ=","numSubstreamProducer":"AQ==","outputTopicName":["q8_aucsBySellerID_out","q8_personsByID_out"],"inputTopicName":["nexmark_src"],"commEveryMs":100,"flushMs":100,"duration":180,"epoch":1,"waitEnd":true,"numChangelogPartition":4,"numInPartition":4,"ParNum":1,"gua":2,"serdeFormat":1}, node constraint is 5,6,7,8
encoded json is {"aid":"q8","numOutPartition":"BAQ=","numSubstreamProducer":"AQ==","outputTopicName":["q8_aucsBySellerID_out","q8_personsByID_out"],"inputTopicName":["nexmark_src"],"commEveryMs":100,"flushMs":100,"duration":180,"epoch":1,"waitEnd":true,"numChangelogPartition":4,"numInPartition":4,"gua":2,"serdeFormat":1}, node constraint is 5,6,7,8
encoded json is {"aid":"q8","numOutPartition":"BA==","numSubstreamProducer":"BAQ=","outputTopicName":["q8_out"],"inputTopicName":["q8_aucsBySellerID_out","q8_personsByID_out"],"commEveryMs":100,"flushMs":100,"duration":180,"epoch":1,"waitEnd":true,"numChangelogPartition":4,"numInPartition":4,"ParNum":1,"gua":2,"serdeFormat":1}, node constraint is 5,6,7,8
encoded json is {"aid":"q8","numOutPartition":"BA==","numSubstreamProducer":"BAQ=","outputTopicName":["q8_out"],"inputTopicName":["q8_aucsBySellerID_out","q8_personsByID_out"],"commEveryMs":100,"flushMs":100,"duration":180,"epoch":1,"waitEnd":true,"numChangelogPartition":4,"numInPartition":4,"gua":2,"serdeFormat":1}, node constraint is 5,6,7,8
encoded json is {"aid":"q8","numOutPartition":"BA==","numSubstreamProducer":"BAQ=","outputTopicName":["q8_out"],"inputTopicName":["q8_aucsBySellerID_out","q8_personsByID_out"],"commEveryMs":100,"flushMs":100,"duration":180,"epoch":1,"waitEnd":true,"numChangelogPartition":4,"numInPartition":4,"ParNum":2,"gua":2,"serdeFormat":1}, node constraint is 5,6,7,8
func name is q8GroupBy
func url is http://ip-172-31-8-71.us-east-2.compute.internal:8080/function/q8GroupBy
func name is q8GroupBy
func url is http://ip-172-31-8-71.us-east-2.compute.internal:8080/function/q8GroupBy
func name is q8GroupBy
func url is http://ip-172-31-8-71.us-east-2.compute.internal:8080/function/q8GroupBy
func name is q8JoinStream
func url is http://ip-172-31-8-71.us-east-2.compute.internal:8080/function/q8JoinStream
func name is q8JoinStream
func url is http://ip-172-31-8-71.us-east-2.compute.internal:8080/function/q8JoinStream
func name is q8JoinStream
func url is http://ip-172-31-8-71.us-east-2.compute.internal:8080/function/q8JoinStream
source-1 invoke done
source-0 invoke done
source-2 invoke done
source-3 invoke done
q8GroupBy-1 call done
q8GroupBy-3 call done
q8GroupBy-2 call done
q8GroupBy-0 call done
q8JoinStream-0 call done
q8JoinStream-2 call done
q8JoinStream-1 call done
q8JoinStream-3 call done
sink processed: 1440001, throughput: (event/s) 7999.878190428205
sink_ctrl processed: 1, throughput: (event/s) 0.005555467107611873
source-0 duration: 180.002865759

sink processed: 1440001, throughput: (event/s) 7999.894654793711
sink_ctrl processed: 1, throughput: (event/s) 0.00555547854119109
source-1 duration: 180.0024953

sink_ctrl processed: 1, throughput: (event/s) 0.005555457761505443
sink processed: 1440001, throughput: (event/s) 7999.8647320256
source-2 duration: 180.003168583

sink processed: 1440001, throughput: (event/s) 7999.849665285075
sink_ctrl processed: 1, throughput: (event/s) 0.005555447298498456
source-3 duration: 180.003507597

sink processed 5760004 events, duration: 180.003507597, tp: 31999.398661
sink_ctrl processed 4 events, duration: 180.003507597, tp: 0.022222

nexmark_src_src_ctrl processed: 1, throughput: (event/s) 0.005554565012291316
nexmark_src_src_data processed: 1440000, throughput: (event/s) 7998.573617699495
nexmark_src_src_epoch processed: 0, throughput: (event/s) 0
nexmark_src_src_logEntry processed: 3522, throughput: (event/s) 19.563177973290014
personsByIDSink processed: 28800, throughput: (event/s) 159.9714723539899
auctionsBySellerIDSink processed: 86400, throughput: (event/s) 479.9144170619697
nexmark_src_src processed: 1440001, throughput: (event/s) 7998.579172264507
q8GroupBy-0 duration: 180.032099325

nexmark_src_src processed: 1440001, throughput: (event/s) 7998.888980199816
nexmark_src_src_ctrl processed: 1, throughput: (event/s) 0.00555478015654143
nexmark_src_src_data processed: 1440000, throughput: (event/s) 7998.883425419659
nexmark_src_src_epoch processed: 0, throughput: (event/s) 0
nexmark_src_src_logEntry processed: 3527, throughput: (event/s) 19.591709612121623
personsByIDSink processed: 28800, throughput: (event/s) 159.97766850839318
auctionsBySellerIDSink processed: 86400, throughput: (event/s) 479.9330055251795
q8GroupBy-1 duration: 180.025126435

nexmark_src_src processed: 1440001, throughput: (event/s) 7998.845105593279
nexmark_src_src_ctrl processed: 1, throughput: (event/s) 0.0055547496880858265
nexmark_src_src_data processed: 1440000, throughput: (event/s) 7998.839550843591
nexmark_src_src_epoch processed: 0, throughput: (event/s) 0
nexmark_src_src_logEntry processed: 3517, throughput: (event/s) 19.536054652997855
personsByIDSink processed: 28800, throughput: (event/s) 159.97679101687183
auctionsBySellerIDSink processed: 86400, throughput: (event/s) 479.93037305061546
q8GroupBy-2 duration: 180.026113894

nexmark_src_src_logEntry processed: 3515, throughput: (event/s) 19.524952136250153
personsByIDSink processed: 28800, throughput: (event/s) 159.97684822873526
auctionsBySellerIDSink processed: 86400, throughput: (event/s) 479.93054468620574
nexmark_src_src processed: 1440001, throughput: (event/s) 7998.847966188438
nexmark_src_src_ctrl processed: 1, throughput: (event/s) 0.005554751674608863
nexmark_src_src_data processed: 1440000, throughput: (event/s) 7998.842411436763
nexmark_src_src_epoch processed: 0, throughput: (event/s) 0
q8GroupBy-3 duration: 180.026049512

nexmark_src_src_ctrl processed 4 events, duration: 180.032099325
nexmark_src_src_data processed 5760000 events, duration: 180.032099325
nexmark_src_src_epoch processed 0 events, duration: 180.032099325
nexmark_src_src_logEntry processed 14081 events, duration: 180.032099325
personsByIDSink processed 115200 events, duration: 180.032099325
auctionsBySellerIDSink processed 345600 events, duration: 180.032099325
nexmark_src_src processed 5760004 events, duration: 180.032099325

eventTimeLatency_sink, p50: 104 ms, p90: 154 ms, p99: 184 ms
auctionsBySellerIDSrc_epoch processed: 6089, throughput: (event/s) 33.82005627882947
personsByIDSrc_ctrl processed: 4, throughput: (event/s) 0.02221714979722744
personsByIDSrc_data processed: 28892, throughput: (event/s) 160.47447298537378
auctionsBySellerIDSrc_ctrl processed: 4, throughput: (event/s) 0.02221714979722744
auctionsBySellerIDSrc_data processed: 78337, throughput: (event/s) 435.10621591635146
personsByIDSrc_logEntry processed: 6193, throughput: (event/s) 34.397702173557384
sink processed: 310200, throughput: (event/s) 1722.9399667749879
auctionsBySellerIDSrc_logEntry processed: 6089, throughput: (event/s) 33.82005627882947
personsByIDSrc processed: 35089, throughput: (event/s) 194.89439230872838
personsByIDSrc_epoch processed: 6193, throughput: (event/s) 34.397702173557384
auctionsBySellerIDSrc processed: 84430, throughput: (event/s) 468.94848934497816
q8JoinStream-0 duration: 180.041096023

eventTimeLatency_sink, p50: 104 ms, p90: 154 ms, p99: 183 ms
auctionsBySellerIDSrc processed: 87198, throughput: (event/s) 484.3174594986142
personsByIDSrc_epoch processed: 6206, throughput: (event/s) 34.46953087970366
personsByIDSrc_logEntry processed: 6206, throughput: (event/s) 34.46953087970366
auctionsBySellerIDSrc_ctrl processed: 4, throughput: (event/s) 0.02221690678678934
auctionsBySellerIDSrc_epoch processed: 6101, throughput: (event/s) 33.88633707655044
personsByIDSrc_ctrl processed: 4, throughput: (event/s) 0.02221690678678934
personsByIDSrc processed: 35094, throughput: (event/s) 194.92003169389628
sink processed: 324864, throughput: (event/s) 1804.368301595883
auctionsBySellerIDSrc_data processed: 81093, throughput: (event/s) 450.408905515277
auctionsBySellerIDSrc_logEntry processed: 6101, throughput: (event/s) 33.88633707655044
personsByIDSrc_data processed: 28884, throughput: (event/s) 160.4282839074058
q8JoinStream-1 duration: 180.043065328

eventTimeLatency_sink, p50: 105 ms, p90: 154 ms, p99: 183 ms
auctionsBySellerIDSrc processed: 88960, throughput: (event/s) 494.105234921386
personsByIDSrc_epoch processed: 6189, throughput: (event/s) 34.37519445737925
personsByIDSrc processed: 34885, throughput: (event/s) 193.7596798587292
personsByIDSrc_data processed: 28692, throughput: (event/s) 159.3622684393481
personsByIDSrc_logEntry processed: 6189, throughput: (event/s) 34.37519445737925
sink processed: 331910, throughput: (event/s) 1843.5079645094113
auctionsBySellerIDSrc_ctrl processed: 4, throughput: (event/s) 0.022216962001860883
auctionsBySellerIDSrc_data processed: 82863, throughput: (event/s) 460.24103059004955
auctionsBySellerIDSrc_epoch processed: 6093, throughput: (event/s) 33.84198736933459
personsByIDSrc_ctrl processed: 4, throughput: (event/s) 0.022216962001860883
auctionsBySellerIDSrc_logEntry processed: 6093, throughput: (event/s) 33.84198736933459
q8JoinStream-2 duration: 180.042617873

eventTimeLatency_sink, p50: 104 ms, p90: 154 ms, p99: 183 ms
personsByIDSrc_epoch processed: 6190, throughput: (event/s) 34.3807527767633
sink processed: 414017, throughput: (event/s) 2299.5502620964803
auctionsBySellerIDSrc processed: 109422, throughput: (event/s) 607.7561761452333
auctionsBySellerIDSrc_logEntry processed: 6111, throughput: (event/s) 33.94196772516972
personsByIDSrc processed: 34926, throughput: (event/s) 193.98742673364058
personsByIDSrc_data processed: 28732, throughput: (event/s) 159.5844569922396
personsByIDSrc_ctrl processed: 4, throughput: (event/s) 0.022216964637649952
personsByIDSrc_logEntry processed: 6190, throughput: (event/s) 34.3807527767633
auctionsBySellerIDSrc_epoch processed: 6111, throughput: (event/s) 33.94196772516972
auctionsBySellerIDSrc_ctrl processed: 4, throughput: (event/s) 0.022216964637649952
auctionsBySellerIDSrc_data processed: 103307, throughput: (event/s) 573.7919914554259
q8JoinStream-3 duration: 180.042596513

auctionsBySellerIDSrc_epoch processed 24394 events, duration: 180.043065328
personsByIDSrc_ctrl processed 16 events, duration: 180.043065328
auctionsBySellerIDSrc_ctrl processed 16 events, duration: 180.043065328
auctionsBySellerIDSrc_data processed 345600 events, duration: 180.043065328
personsByIDSrc processed 139994 events, duration: 180.043065328
personsByIDSrc_data processed 115200 events, duration: 180.043065328
personsByIDSrc_logEntry processed 24778 events, duration: 180.043065328
sink processed 1380991 events, duration: 180.043065328
auctionsBySellerIDSrc_logEntry processed 24394 events, duration: 180.043065328
personsByIDSrc_epoch processed 24778 events, duration: 180.043065328
auctionsBySellerIDSrc processed 370010 events, duration: 180.043065328

