wait for last: true, sink max_buf_size: 131072
warmup: 0
config: map[NodeConstraint:"1,2,3,4" NumInstance:4 OutputTopicName:["nexmark_src"] funcName:"source"]
config: map[InputTopicNames:["nexmark_src"] NodeConstraint:"5,6,7,8" NumInstance:4 NumSrcProducer:[1] OutputTopicName:["q46_aucsByID","q46_bidsByAucID"] funcName:"q46GroupBy"]
config: map[InputTopicNames:["q46_aucsByID","q46_bidsByAucID"] NodeConstraint:"5,6,7,8" NumInstance:4 NumSrcProducer:[4,4] OutputTopicName:["q6_aucIDSeller"] funcName:"q6JoinStream"]
config: map[InputTopicNames:["q6_aucIDSeller"] NodeConstraint:"5,6,7,8" NumInstance:4 NumSrcProducer:[1] OutputTopicName:["q6_maxBids"] funcName:"q6MaxBid"]
config: map[Final:true InputTopicNames:["q6_maxBids"] NodeConstraint:"5,6,7,8" NumInstance:4 NumSrcProducer:[4] OutputTopicName:["q6_out"] funcName:"q6Avg"]
srcInvokeConfig: &{FinalTpNames:[q6_out] TopicName:nexmark_src AppId:q6 NodeConstraint:1,2,3,4 AdditionalBytes:0 ScaleEpoch:0 NumOutPartition:4 InstanceID:0 NumSrcInstance:4}
cliNodes: [0xc0000261e0 0xc000026240 0xc000026280 0xc0000262e0]
inParamsMap: map[q46GroupBy:[0xc00007eaa0 0xc00007eb40 0xc00007ebe0 0xc00007ec80] q6Avg:[0xc00007f220 0xc00007f2c0 0xc00007f360 0xc00007f400] q6JoinStream:[0xc00007ed20 0xc00007edc0 0xc00007ee60 0xc00007ef00] q6MaxBid:[0xc00007efa0 0xc00007f040 0xc00007f0e0 0xc00007f180]]
configScaleInput: &{Config:map[changelog:4 nexmark_src:4 q46GroupBy:4 q46_aucsByID:4 q46_bidsByAucID:4 q6Avg:4 q6JoinStream:4 q6MaxBid:4 q6_aucIDSeller:4 q6_maxBids:4 q6_out:4 source:4] AppId:q6 FuncNames:[source q46GroupBy q6JoinStream q6MaxBid q6Avg] BufMaxSize:131072 ScaleEpoch:0 SerdeFormat:1 Bootstrap:false}
encoded json is {"sg":{"changelog":4,"nexmark_src":4,"q46GroupBy":4,"q46_aucsByID":4,"q46_bidsByAucID":4,"q6Avg":4,"q6JoinStream":4,"q6MaxBid":4,"q6_aucIDSeller":4,"q6_maxBids":4,"q6_out":4,"source":4},"aid":"q6","fns":["source","q46GroupBy","q6JoinStream","q6MaxBid","q6Avg"],"bufMaxSize":131072,"epoch":1,"serdeFormat":1,"bs":true}, node constraint is 1
encoded json is {"outTpNames":["q6_out"]}, node constraint is 1
redis_setup url is http://ip-172-31-5-53.us-east-2.compute.internal:8080/function/redisSetup
encoded json is {"srcTpName":"nexmark_src","outTpNames":["q6_out"],"numOutParts":"BA==","chkptEveryMs":100,"bufMaxSize":131072,"srcNumPart":4,"gua":4,"serde_format":1}, node constraint is 1
chkptmngr url is http://ip-172-31-5-53.us-east-2.compute.internal:8080/function/chkptmngr
func source url is http://ip-172-31-5-53.us-east-2.compute.internal:8080/function/source
func source url is http://ip-172-31-5-53.us-east-2.compute.internal:8080/function/source
func source url is http://ip-172-31-5-53.us-east-2.compute.internal:8080/function/source
func source url is http://ip-172-31-5-53.us-east-2.compute.internal:8080/function/source
encoded json is {"topic_name":"nexmark_src","rate_shape":"square","aid":"q6","events_num":180000,"rate_period":10000000000,"finOutTpNs":["q6_out"],"first_event_rate":1000,"next_event_rate":1000,"bid_avg_size":100,"person_avg_size":200,"auction_avg_size":500,"duration":180,"person_proportion":1,"auction_proportion":3,"bid_proportion":46,"bid_hot_ratio_auctions":2,"bid_hot_ratio_bidders":4,"auction_hot_ratio_sellers":4,"flushms":100,"bufMaxSize":131072,"commEveryMs":100,"rate_limited":false,"waitEnd":true,"serde_format":1,"numOutPar":4,"parNum":2,"nSrcIns":4,"gua":4}, node constraint is 1,2,3,4
encoded json is {"topic_name":"nexmark_src","rate_shape":"square","aid":"q6","events_num":180000,"rate_period":10000000000,"finOutTpNs":["q6_out"],"first_event_rate":1000,"next_event_rate":1000,"bid_avg_size":100,"person_avg_size":200,"auction_avg_size":500,"duration":180,"person_proportion":1,"auction_proportion":3,"bid_proportion":46,"bid_hot_ratio_auctions":2,"bid_hot_ratio_bidders":4,"auction_hot_ratio_sellers":4,"flushms":100,"bufMaxSize":131072,"commEveryMs":100,"rate_limited":false,"waitEnd":true,"serde_format":1,"numOutPar":4,"parNum":3,"nSrcIns":4,"gua":4}, node constraint is 1,2,3,4
src instance: 4
encoded json is {"topic_name":"nexmark_src","rate_shape":"square","aid":"q6","events_num":180000,"rate_period":10000000000,"finOutTpNs":["q6_out"],"first_event_rate":1000,"next_event_rate":1000,"bid_avg_size":100,"person_avg_size":200,"auction_avg_size":500,"duration":180,"person_proportion":1,"auction_proportion":3,"bid_proportion":46,"bid_hot_ratio_auctions":2,"bid_hot_ratio_bidders":4,"auction_hot_ratio_sellers":4,"flushms":100,"bufMaxSize":131072,"commEveryMs":100,"rate_limited":false,"waitEnd":true,"serde_format":1,"numOutPar":4,"nSrcIns":4,"gua":4}, node constraint is 1,2,3,4
encoded json is {"topic_name":"nexmark_src","rate_shape":"square","aid":"q6","events_num":180000,"rate_period":10000000000,"finOutTpNs":["q6_out"],"first_event_rate":1000,"next_event_rate":1000,"bid_avg_size":100,"person_avg_size":200,"auction_avg_size":500,"duration":180,"person_proportion":1,"auction_proportion":3,"bid_proportion":46,"bid_hot_ratio_auctions":2,"bid_hot_ratio_bidders":4,"auction_hot_ratio_sellers":4,"flushms":100,"bufMaxSize":131072,"commEveryMs":100,"rate_limited":false,"waitEnd":true,"serde_format":1,"numOutPar":4,"parNum":1,"nSrcIns":4,"gua":4}, node constraint is 1,2,3,4
func name is q46GroupBy
func url is http://ip-172-31-5-53.us-east-2.compute.internal:8080/function/q46GroupBy
Waiting for all client to return
func name is q6Avg
func url is http://ip-172-31-5-53.us-east-2.compute.internal:8080/function/q6Avg
func name is q6JoinStream
func url is http://ip-172-31-5-53.us-east-2.compute.internal:8080/function/q6JoinStream
func name is q6JoinStream
func url is http://ip-172-31-5-53.us-east-2.compute.internal:8080/function/q6JoinStream
encoded json is {"aid":"q6","numOutPartition":"BAQ=","numSubstreamProducer":"AQ==","outputTopicName":["q46_aucsByID","q46_bidsByAucID"],"inputTopicName":["nexmark_src"],"commEveryMs":100,"flushMs":100,"snapEveryS":10,"duration":180,"bufMaxSize":131072,"epoch":1,"waitEnd":true,"numChangelogPartition":4,"numInPartition":4,"ParNum":3,"gua":4,"serdeFormat":1}, node constraint is 5,6,7,8
encoded json is {"aid":"q6","numOutPartition":"BA==","numSubstreamProducer":"AQ==","outputTopicName":["q6_maxBids"],"inputTopicName":["q6_aucIDSeller"],"commEveryMs":100,"flushMs":100,"snapEveryS":10,"duration":180,"bufMaxSize":131072,"epoch":1,"waitEnd":true,"numChangelogPartition":4,"numInPartition":4,"ParNum":1,"gua":4,"serdeFormat":1}, node constraint is 5,6,7,8
encoded json is {"aid":"q6","numOutPartition":"BA==","numSubstreamProducer":"AQ==","outputTopicName":["q6_maxBids"],"inputTopicName":["q6_aucIDSeller"],"commEveryMs":100,"flushMs":100,"snapEveryS":10,"duration":180,"bufMaxSize":131072,"epoch":1,"waitEnd":true,"numChangelogPartition":4,"numInPartition":4,"ParNum":2,"gua":4,"serdeFormat":1}, node constraint is 5,6,7,8
func name is q6JoinStream
func url is http://ip-172-31-5-53.us-east-2.compute.internal:8080/function/q6JoinStream
func name is q6JoinStream
func url is http://ip-172-31-5-53.us-east-2.compute.internal:8080/function/q6JoinStream
func name is q6MaxBid
func url is http://ip-172-31-5-53.us-east-2.compute.internal:8080/function/q6MaxBid
func name is q6MaxBid
func url is http://ip-172-31-5-53.us-east-2.compute.internal:8080/function/q6MaxBid
func name is q6MaxBid
func url is http://ip-172-31-5-53.us-east-2.compute.internal:8080/function/q6MaxBid
encoded json is {"aid":"q6","numOutPartition":"BA==","numSubstreamProducer":"BA==","outputTopicName":["q6_out"],"inputTopicName":["q6_maxBids"],"commEveryMs":100,"flushMs":100,"snapEveryS":10,"duration":180,"bufMaxSize":131072,"epoch":1,"waitEnd":true,"numChangelogPartition":4,"numInPartition":4,"ParNum":1,"gua":4,"serdeFormat":1}, node constraint is 5,6,7,8
encoded json is {"aid":"q6","numOutPartition":"BAQ=","numSubstreamProducer":"AQ==","outputTopicName":["q46_aucsByID","q46_bidsByAucID"],"inputTopicName":["nexmark_src"],"commEveryMs":100,"flushMs":100,"snapEveryS":10,"duration":180,"bufMaxSize":131072,"epoch":1,"waitEnd":true,"numChangelogPartition":4,"numInPartition":4,"gua":4,"serdeFormat":1}, node constraint is 5,6,7,8
encoded json is {"aid":"q6","numOutPartition":"BA==","numSubstreamProducer":"BA==","outputTopicName":["q6_out"],"inputTopicName":["q6_maxBids"],"commEveryMs":100,"flushMs":100,"snapEveryS":10,"duration":180,"bufMaxSize":131072,"epoch":1,"waitEnd":true,"numChangelogPartition":4,"numInPartition":4,"gua":4,"serdeFormat":1}, node constraint is 5,6,7,8
encoded json is {"aid":"q6","numOutPartition":"BA==","numSubstreamProducer":"BA==","outputTopicName":["q6_out"],"inputTopicName":["q6_maxBids"],"commEveryMs":100,"flushMs":100,"snapEveryS":10,"duration":180,"bufMaxSize":131072,"epoch":1,"waitEnd":true,"numChangelogPartition":4,"numInPartition":4,"ParNum":2,"gua":4,"serdeFormat":1}, node constraint is 5,6,7,8
encoded json is {"aid":"q6","numOutPartition":"BAQ=","numSubstreamProducer":"AQ==","outputTopicName":["q46_aucsByID","q46_bidsByAucID"],"inputTopicName":["nexmark_src"],"commEveryMs":100,"flushMs":100,"snapEveryS":10,"duration":180,"bufMaxSize":131072,"epoch":1,"waitEnd":true,"numChangelogPartition":4,"numInPartition":4,"ParNum":1,"gua":4,"serdeFormat":1}, node constraint is 5,6,7,8
encoded json is {"aid":"q6","numOutPartition":"BA==","numSubstreamProducer":"AQ==","outputTopicName":["q6_maxBids"],"inputTopicName":["q6_aucIDSeller"],"commEveryMs":100,"flushMs":100,"snapEveryS":10,"duration":180,"bufMaxSize":131072,"epoch":1,"waitEnd":true,"numChangelogPartition":4,"numInPartition":4,"ParNum":3,"gua":4,"serdeFormat":1}, node constraint is 5,6,7,8
encoded json is {"aid":"q6","numOutPartition":"BA==","numSubstreamProducer":"BAQ=","outputTopicName":["q6_aucIDSeller"],"inputTopicName":["q46_aucsByID","q46_bidsByAucID"],"commEveryMs":100,"flushMs":100,"snapEveryS":10,"duration":180,"bufMaxSize":131072,"epoch":1,"waitEnd":true,"numChangelogPartition":4,"numInPartition":4,"ParNum":1,"gua":4,"serdeFormat":1}, node constraint is 5,6,7,8
encoded json is {"aid":"q6","numOutPartition":"BA==","numSubstreamProducer":"BAQ=","outputTopicName":["q6_aucIDSeller"],"inputTopicName":["q46_aucsByID","q46_bidsByAucID"],"commEveryMs":100,"flushMs":100,"snapEveryS":10,"duration":180,"bufMaxSize":131072,"epoch":1,"waitEnd":true,"numChangelogPartition":4,"numInPartition":4,"ParNum":2,"gua":4,"serdeFormat":1}, node constraint is 5,6,7,8
func name is q6Avg
func url is http://ip-172-31-5-53.us-east-2.compute.internal:8080/function/q6Avg
func name is q46GroupBy
func url is http://ip-172-31-5-53.us-east-2.compute.internal:8080/function/q46GroupBy
func name is q6Avg
func url is http://ip-172-31-5-53.us-east-2.compute.internal:8080/function/q6Avg
func name is q6Avg
func url is http://ip-172-31-5-53.us-east-2.compute.internal:8080/function/q6Avg
func name is q46GroupBy
func url is http://ip-172-31-5-53.us-east-2.compute.internal:8080/function/q46GroupBy
func name is q6MaxBid
func url is http://ip-172-31-5-53.us-east-2.compute.internal:8080/function/q6MaxBid
encoded json is {"aid":"q6","numOutPartition":"BAQ=","numSubstreamProducer":"AQ==","outputTopicName":["q46_aucsByID","q46_bidsByAucID"],"inputTopicName":["nexmark_src"],"commEveryMs":100,"flushMs":100,"snapEveryS":10,"duration":180,"bufMaxSize":131072,"epoch":1,"waitEnd":true,"numChangelogPartition":4,"numInPartition":4,"ParNum":2,"gua":4,"serdeFormat":1}, node constraint is 5,6,7,8
func name is q46GroupBy
func url is http://ip-172-31-5-53.us-east-2.compute.internal:8080/function/q46GroupBy
encoded json is {"aid":"q6","numOutPartition":"BA==","numSubstreamProducer":"BAQ=","outputTopicName":["q6_aucIDSeller"],"inputTopicName":["q46_aucsByID","q46_bidsByAucID"],"commEveryMs":100,"flushMs":100,"snapEveryS":10,"duration":180,"bufMaxSize":131072,"epoch":1,"waitEnd":true,"numChangelogPartition":4,"numInPartition":4,"ParNum":3,"gua":4,"serdeFormat":1}, node constraint is 5,6,7,8
encoded json is {"aid":"q6","numOutPartition":"BA==","numSubstreamProducer":"AQ==","outputTopicName":["q6_maxBids"],"inputTopicName":["q6_aucIDSeller"],"commEveryMs":100,"flushMs":100,"snapEveryS":10,"duration":180,"bufMaxSize":131072,"epoch":1,"waitEnd":true,"numChangelogPartition":4,"numInPartition":4,"gua":4,"serdeFormat":1}, node constraint is 5,6,7,8
encoded json is {"aid":"q6","numOutPartition":"BA==","numSubstreamProducer":"BA==","outputTopicName":["q6_out"],"inputTopicName":["q6_maxBids"],"commEveryMs":100,"flushMs":100,"snapEveryS":10,"duration":180,"bufMaxSize":131072,"epoch":1,"waitEnd":true,"numChangelogPartition":4,"numInPartition":4,"ParNum":3,"gua":4,"serdeFormat":1}, node constraint is 5,6,7,8
encoded json is {"aid":"q6","numOutPartition":"BA==","numSubstreamProducer":"BAQ=","outputTopicName":["q6_aucIDSeller"],"inputTopicName":["q46_aucsByID","q46_bidsByAucID"],"commEveryMs":100,"flushMs":100,"snapEveryS":10,"duration":180,"bufMaxSize":131072,"epoch":1,"waitEnd":true,"numChangelogPartition":4,"numInPartition":4,"gua":4,"serdeFormat":1}, node constraint is 5,6,7,8
source-0 invoke done
source-1 invoke done
source-3 invoke done
source-2 invoke done
q46GroupBy-0 call done
q46GroupBy-2 call done
q46GroupBy-3 call done
q46GroupBy-1 call done
q6MaxBid-1 call done
q6MaxBid-0 call done
q6MaxBid-2 call done
q6MaxBid-3 call done
q6Avg-1 call done
q6JoinStream-0 call done
q6JoinStream-1 call done
q6Avg-3 call done
q6JoinStream-3 call done
q6JoinStream-2 call done
q6Avg-0 call done
q6Avg-2 call done
sink processed: 45002, throughput: (event/s) 249.88537308107564
sink_ctrl processed: 2, throughput: (event/s) 0.011105523002581025
source-0 duration: 180.09057291

sink processed: 45002, throughput: (event/s) 249.88497502164034
sink_ctrl processed: 2, throughput: (event/s) 0.011105505311836822
source-1 duration: 180.090859789

sink_ctrl processed: 2, throughput: (event/s) 0.011105882660288249
sink processed: 45002, throughput: (event/s) 249.89346573914588
source-2 duration: 180.084740779

sink processed: 45002, throughput: (event/s) 249.88348340377567
sink_ctrl processed: 2, throughput: (event/s) 0.011105439020655779
source-3 duration: 180.091934797

sink_ctrl processed 8 events, duration: 180.091934797, tp: 0.044422
sink processed 180008 events, duration: 180.091934797, tp: 999.533934

aucsByIDSink processed: 2700, throughput: (event/s) 14.990439853312846
bidsByAucIDSink processed: 41400, throughput: (event/s) 229.85341108413033
nexmark_src_src processed: 46150, throughput: (event/s) 256.22548119643994
nexmark_src_src_ctrl processed: 1150, throughput: (event/s) 6.384816974559175
nexmark_src_src_data processed: 45000, throughput: (event/s) 249.8406642218808
nexmark_src_src_epoch processed: 0, throughput: (event/s) 0
nexmark_src_src_logEntry processed: 1732, throughput: (event/s) 9.616089565162167
q46GroupBy-0 duration: 180.114794924

nexmark_src_src processed: 46150, throughput: (event/s) 256.22233207436864
nexmark_src_src_ctrl processed: 1150, throughput: (event/s) 6.384738502394884
nexmark_src_src_data processed: 45000, throughput: (event/s) 249.83759357197374
nexmark_src_src_epoch processed: 0, throughput: (event/s) 0
nexmark_src_src_logEntry processed: 1732, throughput: (event/s) 9.615971379259078
aucsByIDSink processed: 2700, throughput: (event/s) 14.990255614318423
bidsByAucIDSink processed: 41400, throughput: (event/s) 229.85058608621583
q46GroupBy-1 duration: 180.11700864

bidsByAucIDSink processed: 41400, throughput: (event/s) 229.86102284073834
nexmark_src_src processed: 46150, throughput: (event/s) 256.2339662826105
nexmark_src_src_ctrl processed: 1150, throughput: (event/s) 6.385028412242732
nexmark_src_src_data processed: 45000, throughput: (event/s) 249.84893787036776
nexmark_src_src_epoch processed: 0, throughput: (event/s) 0
nexmark_src_src_logEntry processed: 1732, throughput: (event/s) 9.616408008699487
aucsByIDSink processed: 2700, throughput: (event/s) 14.990936272222065
q46GroupBy-2 duration: 180.108830494

nexmark_src_src processed: 46150, throughput: (event/s) 256.2226377983456
nexmark_src_src_ctrl processed: 1150, throughput: (event/s) 6.3847461206521645
nexmark_src_src_data processed: 45000, throughput: (event/s) 249.83789167769342
nexmark_src_src_epoch processed: 0, throughput: (event/s) 0
nexmark_src_src_logEntry processed: 1732, throughput: (event/s) 9.615982853017
aucsByIDSink processed: 2700, throughput: (event/s) 14.990273500661605
bidsByAucIDSink processed: 41400, throughput: (event/s) 229.85086034347793
q46GroupBy-3 duration: 180.116793725

bidsByAucIDSink processed 165600 events, duration: 180.11700864
nexmark_src_src processed 184600 events, duration: 180.11700864
nexmark_src_src_ctrl processed 4600 events, duration: 180.11700864
nexmark_src_src_data processed 180000 events, duration: 180.11700864
nexmark_src_src_epoch processed 0 events, duration: 180.11700864
nexmark_src_src_logEntry processed 6928 events, duration: 180.11700864
aucsByIDSink processed 10800 events, duration: 180.11700864

bidsByAucIDSrc_logEntry processed: 4509, throughput: (event/s) 25.000888134926804
aucsByIDSrc_logEntry processed: 1954, throughput: (event/s) 10.834272658160785
bidsByAucIDSrc_epoch processed: 0, throughput: (event/s) 0
aucsByIDSrc processed: 3757, throughput: (event/s) 20.831301113976494
aucsByIDSrc_data processed: 2604, throughput: (event/s) 14.438303992758794
bidsByAucIDSrc_data processed: 44550, throughput: (event/s) 247.01476300975585
sink processed: 119511, throughput: (event/s) 662.6482905063733
aucsByIDSrc_ctrl processed: 1153, throughput: (event/s) 6.392997121217699
aucsByIDSrc_epoch processed: 0, throughput: (event/s) 0
bidsByAucIDSrc processed: 45703, throughput: (event/s) 253.40776013097354
bidsByAucIDSrc_ctrl processed: 1153, throughput: (event/s) 6.392997121217699
q6JoinStream-0 duration: 180.353592867

aucsByIDSrc_ctrl processed: 1153, throughput: (event/s) 6.392825222653089
aucsByIDSrc_data processed: 2628, throughput: (event/s) 14.570984115466018
aucsByIDSrc_epoch processed: 0, throughput: (event/s) 0
sink processed: 97132, throughput: (event/s) 538.549782763868
bidsByAucIDSrc_ctrl processed: 1153, throughput: (event/s) 6.392825222653089
bidsByAucIDSrc_epoch processed: 0, throughput: (event/s) 0
bidsByAucIDSrc processed: 39791, throughput: (event/s) 220.6217766128266
bidsByAucIDSrc_data processed: 38638, throughput: (event/s) 214.2289513901735
bidsByAucIDSrc_logEntry processed: 4454, throughput: (event/s) 24.695267599043245
aucsByIDSrc processed: 3781, throughput: (event/s) 20.963809338119106
aucsByIDSrc_logEntry processed: 1959, throughput: (event/s) 10.861703912556289
q6JoinStream-1 duration: 180.358442448

aucsByIDSrc processed: 3953, throughput: (event/s) 21.90903937372725
aucsByIDSrc_data processed: 2800, throughput: (event/s) 15.51867195710506
bidsByAucIDSrc_data processed: 49121, throughput: (event/s) 272.24738757319915
bidsByAucIDSrc_logEntry processed: 4514, throughput: (event/s) 25.018316147990085
aucsByIDSrc_logEntry processed: 2063, throughput: (event/s) 11.433935802681335
bidsByAucIDSrc_ctrl processed: 1153, throughput: (event/s) 6.39036741662219
sink processed: 148864, throughput: (event/s) 825.0612793651742
bidsByAucIDSrc_epoch processed: 0, throughput: (event/s) 0
aucsByIDSrc_ctrl processed: 1153, throughput: (event/s) 6.39036741662219
aucsByIDSrc_epoch processed: 0, throughput: (event/s) 0
bidsByAucIDSrc processed: 50274, throughput: (event/s) 278.63775498982136
q6JoinStream-2 duration: 180.427810301

sink processed: 93973, throughput: (event/s) 520.9342977499003
bidsByAucIDSrc_logEntry processed: 4489, throughput: (event/s) 24.88453132920416
bidsByAucIDSrc_ctrl processed: 1153, throughput: (event/s) 6.391593812112363
bidsByAucIDSrc_epoch processed: 0, throughput: (event/s) 0
bidsByAucIDSrc_data processed: 33291, throughput: (event/s) 184.54687736256088
aucsByIDSrc_data processed: 2768, throughput: (event/s) 15.344259906268015
aucsByIDSrc_epoch processed: 0, throughput: (event/s) 0
aucsByIDSrc_logEntry processed: 2008, throughput: (event/s) 11.131240567841825
bidsByAucIDSrc processed: 34444, throughput: (event/s) 190.93847117467323
aucsByIDSrc processed: 3921, throughput: (event/s) 21.735853718380376
aucsByIDSrc_ctrl processed: 1153, throughput: (event/s) 6.391593812112363
q6JoinStream-3 duration: 180.393190477

aucsByIDSrc_epoch processed 0 events, duration: 180.427810301
bidsByAucIDSrc processed 170212 events, duration: 180.427810301
bidsByAucIDSrc_ctrl processed 4612 events, duration: 180.427810301
bidsByAucIDSrc_logEntry processed 17966 events, duration: 180.427810301
aucsByIDSrc_logEntry processed 7984 events, duration: 180.427810301
bidsByAucIDSrc_epoch processed 0 events, duration: 180.427810301
aucsByIDSrc_data processed 10800 events, duration: 180.427810301
aucsByIDSrc_ctrl processed 4612 events, duration: 180.427810301
aucsByIDSrc processed 15412 events, duration: 180.427810301
bidsByAucIDSrc_data processed 165600 events, duration: 180.427810301
sink processed 459480 events, duration: 180.427810301

q6_aucIDSeller_src_epoch processed: 0, throughput: (event/s) 0
q6_aucIDSeller_src_logEntry processed: 1148, throughput: (event/s) 6.369202558178383
sink processed: 237761, throughput: (event/s) 1319.1184402744343
q6_aucIDSeller_src processed: 120661, throughput: (event/s) 669.4375869968309
q6_aucIDSeller_src_ctrl processed: 1150, throughput: (event/s) 6.380298729882527
q6_aucIDSeller_src_data processed: 119511, throughput: (event/s) 663.0572882669484
q6MaxBid-0 duration: 180.242344236

q6_aucIDSeller_src_logEntry processed: 1150, throughput: (event/s) 6.380291653705798
sink processed: 192951, throughput: (event/s) 1070.5075259775542
q6_aucIDSeller_src processed: 98282, throughput: (event/s) 545.2763689647941
q6_aucIDSeller_src_ctrl processed: 1150, throughput: (event/s) 6.380291653705798
q6_aucIDSeller_src_data processed: 97132, throughput: (event/s) 538.8960773110883
q6_aucIDSeller_src_epoch processed: 0, throughput: (event/s) 0
q6MaxBid-1 duration: 180.242544137

q6_aucIDSeller_src processed: 150014, throughput: (event/s) 832.0822599601279
q6_aucIDSeller_src_ctrl processed: 1150, throughput: (event/s) 6.378701980842768
q6_aucIDSeller_src_data processed: 148864, throughput: (event/s) 825.7035579792852
q6_aucIDSeller_src_epoch processed: 0, throughput: (event/s) 0
q6_aucIDSeller_src_logEntry processed: 1152, throughput: (event/s) 6.389795375592061
sink processed: 296349, throughput: (event/s) 1643.7582202789335
q6MaxBid-2 duration: 180.287463414

q6_aucIDSeller_src processed: 95123, throughput: (event/s) 527.6104516066787
q6_aucIDSeller_src_ctrl processed: 1150, throughput: (event/s) 6.378604746987379
q6_aucIDSeller_src_data processed: 93973, throughput: (event/s) 521.2318468596912
q6_aucIDSeller_src_epoch processed: 0, throughput: (event/s) 0
q6_aucIDSeller_src_logEntry processed: 1148, throughput: (event/s) 6.367511521340444
sink processed: 186570, throughput: (event/s) 1034.8315544742916
q6MaxBid-3 duration: 180.290211671

q6_aucIDSeller_src processed 464080 events, duration: 180.290211671
q6_aucIDSeller_src_ctrl processed 4600 events, duration: 180.290211671
q6_aucIDSeller_src_data processed 459480 events, duration: 180.290211671
q6_aucIDSeller_src_epoch processed 0 events, duration: 180.290211671
q6_aucIDSeller_src_logEntry processed 4598 events, duration: 180.290211671
sink processed 913631 events, duration: 180.290211671

eventTimeLatency_sink, p50: 72 ms, p90: 158 ms, p99: 307 ms
sink processed: 286557, throughput: (event/s) 1589.4207791654562
q6_maxBids_src processed: 287710, throughput: (event/s) 1595.8160239453002
q6_maxBids_src_ctrl processed: 1153, throughput: (event/s) 6.395244779844049
q6_maxBids_src_data processed: 286557, throughput: (event/s) 1589.4207791654562
q6_maxBids_src_epoch processed: 0, throughput: (event/s) 0
q6_maxBids_src_logEntry processed: 4201, throughput: (event/s) 23.301321179639938
q6Avg-0 duration: 180.290206191

eventTimeLatency_sink, p50: 107 ms, p90: 204 ms, p99: 571 ms
sink processed: 58534, throughput: (event/s) 324.6647353084396
q6_maxBids_src processed: 59687, throughput: (event/s) 331.0599661112317
q6_maxBids_src_ctrl processed: 1153, throughput: (event/s) 6.395230802792067
q6_maxBids_src_data processed: 58534, throughput: (event/s) 324.6647353084396
q6_maxBids_src_epoch processed: 0, throughput: (event/s) 0
q6_maxBids_src_logEntry processed: 3744, throughput: (event/s) 20.766473656247616
q6Avg-1 duration: 180.290600223

eventTimeLatency_sink, p50: 71 ms, p90: 142 ms, p99: 270 ms
q6_maxBids_src processed: 438566, throughput: (event/s) 2432.5393480127614
q6_maxBids_src_ctrl processed: 1153, throughput: (event/s) 6.395201334026609
q6_maxBids_src_data processed: 437413, throughput: (event/s) 2426.1441466787346
q6_maxBids_src_epoch processed: 0, throughput: (event/s) 0
q6_maxBids_src_logEntry processed: 4409, throughput: (event/s) 24.454850547895333
sink processed: 437413, throughput: (event/s) 2426.1441466787346
q6Avg-2 duration: 180.291430993

eventTimeLatency_sink, p50: 80 ms, p90: 191 ms, p99: 462 ms
q6_maxBids_src processed: 132280, throughput: (event/s) 733.698106624099
q6_maxBids_src_ctrl processed: 1153, throughput: (event/s) 6.395176269561431
q6_maxBids_src_data processed: 131127, throughput: (event/s) 727.3029303545375
q6_maxBids_src_epoch processed: 0, throughput: (event/s) 0
q6_maxBids_src_logEntry processed: 4049, throughput: (event/s) 22.457995416699248
sink processed: 131127, throughput: (event/s) 727.3029303545375
q6Avg-3 duration: 180.292137605

q6_maxBids_src_epoch processed 0 events, duration: 180.292137605
q6_maxBids_src_logEntry processed 16403 events, duration: 180.292137605
sink processed 913631 events, duration: 180.292137605
q6_maxBids_src processed 918243 events, duration: 180.292137605
q6_maxBids_src_ctrl processed 4612 events, duration: 180.292137605
q6_maxBids_src_data processed 913631 events, duration: 180.292137605

