wait for last: true, sink max_buf_size: 131072
warmup: 0
config: map[NodeConstraint:"1,2,3,4" NumInstance:4 OutputTopicName:["nexmark_src"] funcName:"source"]
config: map[InputTopicNames:["nexmark_src"] NodeConstraint:"5,6,7,8" NumInstance:4 NumSrcProducer:[1] OutputTopicName:["q46_aucsByID","q46_bidsByAucID"] funcName:"q46GroupBy"]
config: map[InputTopicNames:["q46_aucsByID","q46_bidsByAucID"] NodeConstraint:"5,6,7,8" NumInstance:4 NumSrcProducer:[4,4] OutputTopicName:["q6_aucIDSeller"] funcName:"q6JoinStream"]
config: map[InputTopicNames:["q6_aucIDSeller"] NodeConstraint:"5,6,7,8" NumInstance:4 NumSrcProducer:[1] OutputTopicName:["q6_maxBids"] funcName:"q6MaxBid"]
config: map[Final:true InputTopicNames:["q6_maxBids"] NodeConstraint:"5,6,7,8" NumInstance:4 NumSrcProducer:[4] OutputTopicName:["q6_out"] funcName:"q6Avg"]
srcInvokeConfig: &{FinalTpNames:[q6_out] TopicName:nexmark_src AppId:q6 NodeConstraint:1,2,3,4 AdditionalBytes:0 ScaleEpoch:0 NumOutPartition:4 InstanceID:0 NumSrcInstance:4}
cliNodes: [0xc0000c01a0 0xc0000c0200 0xc0000c0240 0xc0000c02a0]
inParamsMap: map[q46GroupBy:[0xc0000a2b40 0xc0000a2be0 0xc0000a2c80 0xc0000a2d20] q6Avg:[0xc0000a32c0 0xc0000a3360 0xc0000a3400 0xc0000a34a0] q6JoinStream:[0xc0000a2dc0 0xc0000a2e60 0xc0000a2f00 0xc0000a2fa0] q6MaxBid:[0xc0000a3040 0xc0000a30e0 0xc0000a3180 0xc0000a3220]]
encoded json is {"sg":{"changelog":4,"nexmark_src":4,"q46GroupBy":4,"q46_aucsByID":4,"q46_bidsByAucID":4,"q6Avg":4,"q6JoinStream":4,"q6MaxBid":4,"q6_aucIDSeller":4,"q6_maxBids":4,"q6_out":4,"source":4},"aid":"q6","fns":["source","q46GroupBy","q6JoinStream","q6MaxBid","q6Avg"],"bufMaxSize":131072,"epoch":1,"serdeFormat":1,"bs":true}, node constraint is 1
configScaleInput: &{Config:map[changelog:4 nexmark_src:4 q46GroupBy:4 q46_aucsByID:4 q46_bidsByAucID:4 q6Avg:4 q6JoinStream:4 q6MaxBid:4 q6_aucIDSeller:4 q6_maxBids:4 q6_out:4 source:4] AppId:q6 FuncNames:[source q46GroupBy q6JoinStream q6MaxBid q6Avg] BufMaxSize:131072 ScaleEpoch:0 SerdeFormat:1 Bootstrap:false}
encoded json is {"outTpNames":["q6_out"]}, node constraint is 1
redis_setup url is http://ip-172-31-5-53.us-east-2.compute.internal:8080/function/redisSetup
encoded json is {"srcTpName":"nexmark_src","outTpNames":["q6_out"],"numOutParts":"BA==","chkptEveryMs":100,"bufMaxSize":131072,"srcNumPart":4,"gua":4,"serde_format":1}, node constraint is 1
chkptmngr url is http://ip-172-31-5-53.us-east-2.compute.internal:8080/function/chkptmngr
src instance: 4
func source url is http://ip-172-31-5-53.us-east-2.compute.internal:8080/function/source
func source url is http://ip-172-31-5-53.us-east-2.compute.internal:8080/function/source
func source url is http://ip-172-31-5-53.us-east-2.compute.internal:8080/function/source
func source url is http://ip-172-31-5-53.us-east-2.compute.internal:8080/function/source
encoded json is {"topic_name":"nexmark_src","rate_shape":"square","aid":"q6","events_num":720000,"rate_period":10000000000,"finOutTpNs":["q6_out"],"first_event_rate":4000,"next_event_rate":4000,"bid_avg_size":100,"person_avg_size":200,"auction_avg_size":500,"duration":180,"person_proportion":1,"auction_proportion":3,"bid_proportion":46,"bid_hot_ratio_auctions":2,"bid_hot_ratio_bidders":4,"auction_hot_ratio_sellers":4,"flushms":100,"bufMaxSize":131072,"commEveryMs":100,"rate_limited":false,"waitEnd":true,"serde_format":1,"numOutPar":4,"parNum":1,"nSrcIns":4,"gua":4}, node constraint is 1,2,3,4
encoded json is {"topic_name":"nexmark_src","rate_shape":"square","aid":"q6","events_num":720000,"rate_period":10000000000,"finOutTpNs":["q6_out"],"first_event_rate":4000,"next_event_rate":4000,"bid_avg_size":100,"person_avg_size":200,"auction_avg_size":500,"duration":180,"person_proportion":1,"auction_proportion":3,"bid_proportion":46,"bid_hot_ratio_auctions":2,"bid_hot_ratio_bidders":4,"auction_hot_ratio_sellers":4,"flushms":100,"bufMaxSize":131072,"commEveryMs":100,"rate_limited":false,"waitEnd":true,"serde_format":1,"numOutPar":4,"nSrcIns":4,"gua":4}, node constraint is 1,2,3,4
encoded json is {"topic_name":"nexmark_src","rate_shape":"square","aid":"q6","events_num":720000,"rate_period":10000000000,"finOutTpNs":["q6_out"],"first_event_rate":4000,"next_event_rate":4000,"bid_avg_size":100,"person_avg_size":200,"auction_avg_size":500,"duration":180,"person_proportion":1,"auction_proportion":3,"bid_proportion":46,"bid_hot_ratio_auctions":2,"bid_hot_ratio_bidders":4,"auction_hot_ratio_sellers":4,"flushms":100,"bufMaxSize":131072,"commEveryMs":100,"rate_limited":false,"waitEnd":true,"serde_format":1,"numOutPar":4,"parNum":2,"nSrcIns":4,"gua":4}, node constraint is 1,2,3,4
encoded json is {"topic_name":"nexmark_src","rate_shape":"square","aid":"q6","events_num":720000,"rate_period":10000000000,"finOutTpNs":["q6_out"],"first_event_rate":4000,"next_event_rate":4000,"bid_avg_size":100,"person_avg_size":200,"auction_avg_size":500,"duration":180,"person_proportion":1,"auction_proportion":3,"bid_proportion":46,"bid_hot_ratio_auctions":2,"bid_hot_ratio_bidders":4,"auction_hot_ratio_sellers":4,"flushms":100,"bufMaxSize":131072,"commEveryMs":100,"rate_limited":false,"waitEnd":true,"serde_format":1,"numOutPar":4,"parNum":3,"nSrcIns":4,"gua":4}, node constraint is 1,2,3,4
encoded json is {"aid":"q6","numOutPartition":"BAQ=","numSubstreamProducer":"AQ==","outputTopicName":["q46_aucsByID","q46_bidsByAucID"],"inputTopicName":["nexmark_src"],"commEveryMs":100,"flushMs":100,"snapEveryS":10,"duration":180,"bufMaxSize":131072,"epoch":1,"waitEnd":true,"numChangelogPartition":4,"numInPartition":4,"ParNum":1,"gua":4,"serdeFormat":1}, node constraint is 5,6,7,8
encoded json is {"aid":"q6","numOutPartition":"BA==","numSubstreamProducer":"BA==","outputTopicName":["q6_out"],"inputTopicName":["q6_maxBids"],"commEveryMs":100,"flushMs":100,"snapEveryS":10,"duration":180,"bufMaxSize":131072,"epoch":1,"waitEnd":true,"numChangelogPartition":4,"numInPartition":4,"gua":4,"serdeFormat":1}, node constraint is 5,6,7,8
encoded json is {"aid":"q6","numOutPartition":"BA==","numSubstreamProducer":"BAQ=","outputTopicName":["q6_aucIDSeller"],"inputTopicName":["q46_aucsByID","q46_bidsByAucID"],"commEveryMs":100,"flushMs":100,"snapEveryS":10,"duration":180,"bufMaxSize":131072,"epoch":1,"waitEnd":true,"numChangelogPartition":4,"numInPartition":4,"ParNum":3,"gua":4,"serdeFormat":1}, node constraint is 5,6,7,8
encoded json is {"aid":"q6","numOutPartition":"BA==","numSubstreamProducer":"BAQ=","outputTopicName":["q6_aucIDSeller"],"inputTopicName":["q46_aucsByID","q46_bidsByAucID"],"commEveryMs":100,"flushMs":100,"snapEveryS":10,"duration":180,"bufMaxSize":131072,"epoch":1,"waitEnd":true,"numChangelogPartition":4,"numInPartition":4,"ParNum":1,"gua":4,"serdeFormat":1}, node constraint is 5,6,7,8
encoded json is {"aid":"q6","numOutPartition":"BAQ=","numSubstreamProducer":"AQ==","outputTopicName":["q46_aucsByID","q46_bidsByAucID"],"inputTopicName":["nexmark_src"],"commEveryMs":100,"flushMs":100,"snapEveryS":10,"duration":180,"bufMaxSize":131072,"epoch":1,"waitEnd":true,"numChangelogPartition":4,"numInPartition":4,"ParNum":2,"gua":4,"serdeFormat":1}, node constraint is 5,6,7,8
func name is q6JoinStream
Waiting for all client to return
func name is q46GroupBy
func url is http://ip-172-31-5-53.us-east-2.compute.internal:8080/function/q46GroupBy
func name is q6MaxBid
func name is q6Avg
func url is http://ip-172-31-5-53.us-east-2.compute.internal:8080/function/q6JoinStream
func url is http://ip-172-31-5-53.us-east-2.compute.internal:8080/function/q6MaxBid
func url is http://ip-172-31-5-53.us-east-2.compute.internal:8080/function/q6Avg
func name is q6MaxBid
func url is http://ip-172-31-5-53.us-east-2.compute.internal:8080/function/q6MaxBid
func name is q6MaxBid
func url is http://ip-172-31-5-53.us-east-2.compute.internal:8080/function/q6MaxBid
func name is q46GroupBy
func name is q6Avg
func name is q6Avg
func url is http://ip-172-31-5-53.us-east-2.compute.internal:8080/function/q6Avg
func url is http://ip-172-31-5-53.us-east-2.compute.internal:8080/function/q6Avg
func name is q6Avg
func url is http://ip-172-31-5-53.us-east-2.compute.internal:8080/function/q46GroupBy
func url is http://ip-172-31-5-53.us-east-2.compute.internal:8080/function/q6Avg
func name is q46GroupBy
func url is http://ip-172-31-5-53.us-east-2.compute.internal:8080/function/q46GroupBy
func name is q6JoinStream
func name is q6JoinStream
func url is http://ip-172-31-5-53.us-east-2.compute.internal:8080/function/q6JoinStream
func name is q6MaxBid
func url is http://ip-172-31-5-53.us-east-2.compute.internal:8080/function/q6MaxBid
func name is q6JoinStream
func url is http://ip-172-31-5-53.us-east-2.compute.internal:8080/function/q6JoinStream
func url is http://ip-172-31-5-53.us-east-2.compute.internal:8080/function/q6JoinStream
func name is q46GroupBy
func url is http://ip-172-31-5-53.us-east-2.compute.internal:8080/function/q46GroupBy
encoded json is {"aid":"q6","numOutPartition":"BA==","numSubstreamProducer":"AQ==","outputTopicName":["q6_maxBids"],"inputTopicName":["q6_aucIDSeller"],"commEveryMs":100,"flushMs":100,"snapEveryS":10,"duration":180,"bufMaxSize":131072,"epoch":1,"waitEnd":true,"numChangelogPartition":4,"numInPartition":4,"ParNum":1,"gua":4,"serdeFormat":1}, node constraint is 5,6,7,8
encoded json is {"aid":"q6","numOutPartition":"BA==","numSubstreamProducer":"BA==","outputTopicName":["q6_out"],"inputTopicName":["q6_maxBids"],"commEveryMs":100,"flushMs":100,"snapEveryS":10,"duration":180,"bufMaxSize":131072,"epoch":1,"waitEnd":true,"numChangelogPartition":4,"numInPartition":4,"ParNum":1,"gua":4,"serdeFormat":1}, node constraint is 5,6,7,8
encoded json is {"aid":"q6","numOutPartition":"BA==","numSubstreamProducer":"AQ==","outputTopicName":["q6_maxBids"],"inputTopicName":["q6_aucIDSeller"],"commEveryMs":100,"flushMs":100,"snapEveryS":10,"duration":180,"bufMaxSize":131072,"epoch":1,"waitEnd":true,"numChangelogPartition":4,"numInPartition":4,"gua":4,"serdeFormat":1}, node constraint is 5,6,7,8
encoded json is {"aid":"q6","numOutPartition":"BAQ=","numSubstreamProducer":"AQ==","outputTopicName":["q46_aucsByID","q46_bidsByAucID"],"inputTopicName":["nexmark_src"],"commEveryMs":100,"flushMs":100,"snapEveryS":10,"duration":180,"bufMaxSize":131072,"epoch":1,"waitEnd":true,"numChangelogPartition":4,"numInPartition":4,"ParNum":3,"gua":4,"serdeFormat":1}, node constraint is 5,6,7,8
encoded json is {"aid":"q6","numOutPartition":"BA==","numSubstreamProducer":"BAQ=","outputTopicName":["q6_aucIDSeller"],"inputTopicName":["q46_aucsByID","q46_bidsByAucID"],"commEveryMs":100,"flushMs":100,"snapEveryS":10,"duration":180,"bufMaxSize":131072,"epoch":1,"waitEnd":true,"numChangelogPartition":4,"numInPartition":4,"gua":4,"serdeFormat":1}, node constraint is 5,6,7,8
encoded json is {"aid":"q6","numOutPartition":"BA==","numSubstreamProducer":"AQ==","outputTopicName":["q6_maxBids"],"inputTopicName":["q6_aucIDSeller"],"commEveryMs":100,"flushMs":100,"snapEveryS":10,"duration":180,"bufMaxSize":131072,"epoch":1,"waitEnd":true,"numChangelogPartition":4,"numInPartition":4,"ParNum":2,"gua":4,"serdeFormat":1}, node constraint is 5,6,7,8
encoded json is {"aid":"q6","numOutPartition":"BA==","numSubstreamProducer":"BAQ=","outputTopicName":["q6_aucIDSeller"],"inputTopicName":["q46_aucsByID","q46_bidsByAucID"],"commEveryMs":100,"flushMs":100,"snapEveryS":10,"duration":180,"bufMaxSize":131072,"epoch":1,"waitEnd":true,"numChangelogPartition":4,"numInPartition":4,"ParNum":2,"gua":4,"serdeFormat":1}, node constraint is 5,6,7,8
encoded json is {"aid":"q6","numOutPartition":"BA==","numSubstreamProducer":"BA==","outputTopicName":["q6_out"],"inputTopicName":["q6_maxBids"],"commEveryMs":100,"flushMs":100,"snapEveryS":10,"duration":180,"bufMaxSize":131072,"epoch":1,"waitEnd":true,"numChangelogPartition":4,"numInPartition":4,"ParNum":3,"gua":4,"serdeFormat":1}, node constraint is 5,6,7,8
encoded json is {"aid":"q6","numOutPartition":"BAQ=","numSubstreamProducer":"AQ==","outputTopicName":["q46_aucsByID","q46_bidsByAucID"],"inputTopicName":["nexmark_src"],"commEveryMs":100,"flushMs":100,"snapEveryS":10,"duration":180,"bufMaxSize":131072,"epoch":1,"waitEnd":true,"numChangelogPartition":4,"numInPartition":4,"gua":4,"serdeFormat":1}, node constraint is 5,6,7,8
encoded json is {"aid":"q6","numOutPartition":"BA==","numSubstreamProducer":"AQ==","outputTopicName":["q6_maxBids"],"inputTopicName":["q6_aucIDSeller"],"commEveryMs":100,"flushMs":100,"snapEveryS":10,"duration":180,"bufMaxSize":131072,"epoch":1,"waitEnd":true,"numChangelogPartition":4,"numInPartition":4,"ParNum":3,"gua":4,"serdeFormat":1}, node constraint is 5,6,7,8
encoded json is {"aid":"q6","numOutPartition":"BA==","numSubstreamProducer":"BA==","outputTopicName":["q6_out"],"inputTopicName":["q6_maxBids"],"commEveryMs":100,"flushMs":100,"snapEveryS":10,"duration":180,"bufMaxSize":131072,"epoch":1,"waitEnd":true,"numChangelogPartition":4,"numInPartition":4,"ParNum":2,"gua":4,"serdeFormat":1}, node constraint is 5,6,7,8
source-2 invoke done
source-1 invoke done
source-0 invoke done
source-3 invoke done
q46GroupBy-0 call done
q46GroupBy-2 call done
q46GroupBy-1 call done
q46GroupBy-3 call done
q6MaxBid-1 call done
q6MaxBid-0 call done
q6JoinStream-1 call done
q6JoinStream-0 call done
q6MaxBid-2 call done
q6JoinStream-2 call done
q6MaxBid-3 call done
q6JoinStream-3 call done
q6Avg-1 call done
q6Avg-3 call done
q6Avg-0 call done
q6Avg-2 call done
sink processed: 180002, throughput: (event/s) 999.9810518917984
sink_ctrl processed: 2, throughput: (event/s) 0.011110777123496387
source-0 duration: 180.005410762

sink processed: 180002, throughput: (event/s) 999.9858576682587
sink_ctrl processed: 2, throughput: (event/s) 0.011110830520419316
source-1 duration: 180.004545684

sink processed: 180002, throughput: (event/s) 999.9829393250824
sink_ctrl processed: 2, throughput: (event/s) 0.011110798094744308
source-2 duration: 180.005071008

sink processed: 180002, throughput: (event/s) 999.9939009327444
sink_ctrl processed: 2, throughput: (event/s) 0.011110919889031727
source-3 duration: 180.003097851

sink processed 720008 events, duration: 180.005410762, tp: 3999.924208
sink_ctrl processed 8 events, duration: 180.005410762, tp: 0.044443

nexmark_src_src_ctrl processed: 475, throughput: (event/s) 2.638528136437263
nexmark_src_src_data processed: 180000, throughput: (event/s) 999.8632938078049
nexmark_src_src_epoch processed: 0, throughput: (event/s) 0
nexmark_src_src_logEntry processed: 1764, throughput: (event/s) 9.798660279316488
aucsByIDSink processed: 10800, throughput: (event/s) 59.9917976284683
bidsByAucIDSink processed: 165600, throughput: (event/s) 919.8742303031805
nexmark_src_src processed: 180475, throughput: (event/s) 1002.5018219442421
q46GroupBy-0 duration: 180.024610479

bidsByAucIDSink processed: 165600, throughput: (event/s) 919.8748866617112
nexmark_src_src processed: 180475, throughput: (event/s) 1002.5025372600986
nexmark_src_src_ctrl processed: 475, throughput: (event/s) 2.638530019108169
nexmark_src_src_data processed: 180000, throughput: (event/s) 999.8640072409904
nexmark_src_src_epoch processed: 0, throughput: (event/s) 0
nexmark_src_src_logEntry processed: 1764, throughput: (event/s) 9.798667270961706
aucsByIDSink processed: 10800, throughput: (event/s) 59.99184043445943
q46GroupBy-1 duration: 180.024482026

aucsByIDSink processed: 10800, throughput: (event/s) 59.99180052667587
bidsByAucIDSink processed: 165600, throughput: (event/s) 919.8742747423632
nexmark_src_src processed: 180475, throughput: (event/s) 1002.5018703751691
nexmark_src_src_ctrl processed: 475, throughput: (event/s) 2.6385282639047256
nexmark_src_src_data processed: 180000, throughput: (event/s) 999.8633421112644
nexmark_src_src_epoch processed: 0, throughput: (event/s) 0
nexmark_src_src_logEntry processed: 1766, throughput: (event/s) 9.809770345380517
q46GroupBy-2 duration: 180.024601782

bidsByAucIDSink processed: 165600, throughput: (event/s) 919.8824418755638
nexmark_src_src processed: 180475, throughput: (event/s) 1002.5107711201231
nexmark_src_src_ctrl processed: 475, throughput: (event/s) 2.638551690162396
nexmark_src_src_data processed: 180000, throughput: (event/s) 999.8722194299608
nexmark_src_src_epoch processed: 0, throughput: (event/s) 0
nexmark_src_src_logEntry processed: 1765, throughput: (event/s) 9.804302596077115
aucsByIDSink processed: 10800, throughput: (event/s) 59.99233316579764
q46GroupBy-3 duration: 180.023003442

nexmark_src_src_epoch processed 0 events, duration: 180.024610479
nexmark_src_src_logEntry processed 7059 events, duration: 180.024610479
aucsByIDSink processed 43200 events, duration: 180.024610479
bidsByAucIDSink processed 662400 events, duration: 180.024610479
nexmark_src_src processed 721900 events, duration: 180.024610479
nexmark_src_src_ctrl processed 1900 events, duration: 180.024610479
nexmark_src_src_data processed 720000 events, duration: 180.024610479

bidsByAucIDSrc_ctrl processed: 478, throughput: (event/s) 2.6443747524066454
bidsByAucIDSrc_epoch processed: 0, throughput: (event/s) 0
sink processed: 432762, throughput: (event/s) 2394.1106832657
aucsByIDSrc processed: 11378, throughput: (event/s) 62.94497057088454
aucsByIDSrc_epoch processed: 0, throughput: (event/s) 0
bidsByAucIDSrc processed: 157982, throughput: (event/s) 873.9824521646583
aucsByIDSrc_data processed: 10900, throughput: (event/s) 60.3005958184779
bidsByAucIDSrc_data processed: 157504, throughput: (event/s) 871.3380774122517
aucsByIDSrc_ctrl processed: 478, throughput: (event/s) 2.6443747524066454
aucsByIDSrc_logEntry processed: 1796, throughput: (event/s) 9.935767898163881
bidsByAucIDSrc_logEntry processed: 1931, throughput: (event/s) 10.68261013995237
q6JoinStream-0 duration: 180.761066322

bidsByAucIDSrc_logEntry processed: 1949, throughput: (event/s) 10.785387011427158
aucsByIDSrc processed: 11182, throughput: (event/s) 61.879013628413794
aucsByIDSrc_ctrl processed: 478, throughput: (event/s) 2.6451590515455012
bidsByAucIDSrc_epoch processed: 0, throughput: (event/s) 0
bidsByAucIDSrc processed: 144282, throughput: (event/s) 798.428531956251
bidsByAucIDSrc_ctrl processed: 478, throughput: (event/s) 2.6451590515455012
bidsByAucIDSrc_data processed: 143804, throughput: (event/s) 795.7833729047055
aucsByIDSrc_data processed: 10704, throughput: (event/s) 59.233854576868296
aucsByIDSrc_epoch processed: 0, throughput: (event/s) 0
aucsByIDSrc_logEntry processed: 1825, throughput: (event/s) 10.099195123578536
sink processed: 425125, throughput: (event/s) 2352.559083239082
q6JoinStream-1 duration: 180.707470018

bidsByAucIDSrc_ctrl processed: 478, throughput: (event/s) 2.6242572248225557
sink processed: 477398, throughput: (event/s) 2620.9521979410843
aucsByIDSrc_logEntry processed: 1807, throughput: (event/s) 9.920570722289451
bidsByAucIDSrc_epoch processed: 0, throughput: (event/s) 0
bidsByAucIDSrc_logEntry processed: 1922, throughput: (event/s) 10.5519296780522
bidsByAucIDSrc processed: 166388, throughput: (event/s) 913.4830776648021
aucsByIDSrc_ctrl processed: 478, throughput: (event/s) 2.6242572248225557
aucsByIDSrc_epoch processed: 0, throughput: (event/s) 0
bidsByAucIDSrc_data processed: 165910, throughput: (event/s) 910.8588204399795
aucsByIDSrc_data processed: 10804, throughput: (event/s) 59.314801374441195
aucsByIDSrc processed: 11282, throughput: (event/s) 61.939058599263745
q6JoinStream-2 duration: 182.146778707

aucsByIDSrc_logEntry processed: 1830, throughput: (event/s) 9.994305899262171
bidsByAucIDSrc processed: 195660, throughput: (event/s) 1068.5715258194734
bidsByAucIDSrc_data processed: 195182, throughput: (event/s) 1065.9609912731087
bidsByAucIDSrc_logEntry processed: 1975, throughput: (event/s) 10.78620445412174
aucsByIDSrc_data processed: 10792, throughput: (event/s) 58.93909795892751
sink processed: 559553, throughput: (event/s) 3055.925600464396
aucsByIDSrc processed: 11270, throughput: (event/s) 61.549632505292166
bidsByAucIDSrc_epoch processed: 0, throughput: (event/s) 0
bidsByAucIDSrc_ctrl processed: 478, throughput: (event/s) 2.6105345463646543
aucsByIDSrc_ctrl processed: 478, throughput: (event/s) 2.6105345463646543
aucsByIDSrc_epoch processed: 0, throughput: (event/s) 0
q6JoinStream-3 duration: 183.104261411

bidsByAucIDSrc processed 664312 events, duration: 183.104261411
bidsByAucIDSrc_data processed 662400 events, duration: 183.104261411
aucsByIDSrc_ctrl processed 1912 events, duration: 183.104261411
bidsByAucIDSrc_logEntry processed 7777 events, duration: 183.104261411
sink processed 1894838 events, duration: 183.104261411
aucsByIDSrc processed 45112 events, duration: 183.104261411
aucsByIDSrc_epoch processed 0 events, duration: 183.104261411
aucsByIDSrc_data processed 43200 events, duration: 183.104261411
aucsByIDSrc_logEntry processed 7258 events, duration: 183.104261411
bidsByAucIDSrc_ctrl processed 1912 events, duration: 183.104261411
bidsByAucIDSrc_epoch processed 0 events, duration: 183.104261411

q6_aucIDSeller_src_ctrl processed: 475, throughput: (event/s) 2.6338628201185
q6_aucIDSeller_src_data processed: 432762, throughput: (event/s) 2399.654193179205
q6_aucIDSeller_src_epoch processed: 0, throughput: (event/s) 0
q6_aucIDSeller_src_logEntry processed: 815, throughput: (event/s) 4.519154101887532
sink processed: 860116, throughput: (event/s) 4769.321165029565
q6_aucIDSeller_src processed: 433237, throughput: (event/s) 2402.288055999323
q6MaxBid-0 duration: 180.343485003

sink processed: 844963, throughput: (event/s) 4685.515024517797
q6_aucIDSeller_src processed: 425600, throughput: (event/s) 2360.05031514371
q6_aucIDSeller_src_ctrl processed: 475, throughput: (event/s) 2.6339847267228906
q6_aucIDSeller_src_data processed: 425125, throughput: (event/s) 2357.416330416987
q6_aucIDSeller_src_epoch processed: 0, throughput: (event/s) 0
q6_aucIDSeller_src_logEntry processed: 811, throughput: (event/s) 4.497182343941609
q6MaxBid-1 duration: 180.33513831

q6_aucIDSeller_src processed: 477873, throughput: (event/s) 2630.1476685563425
q6_aucIDSeller_src_ctrl processed: 475, throughput: (event/s) 2.6143350692846483
q6_aucIDSeller_src_data processed: 477398, throughput: (event/s) 2627.533333487058
q6_aucIDSeller_src_epoch processed: 0, throughput: (event/s) 0
q6_aucIDSeller_src_logEntry processed: 870, throughput: (event/s) 4.788361074268724
sink processed: 949512, throughput: (event/s) 5225.984253277063
q6MaxBid-2 duration: 181.690558942

q6_aucIDSeller_src_logEntry processed: 977, throughput: (event/s) 5.35079437466811
sink processed: 1113725, throughput: (event/s) 6099.6043653298275
q6_aucIDSeller_src processed: 560028, throughput: (event/s) 3067.1388659740355
q6_aucIDSeller_src_ctrl processed: 475, throughput: (event/s) 2.6014609293422235
q6_aucIDSeller_src_data processed: 559553, throughput: (event/s) 3064.537405044693
q6_aucIDSeller_src_epoch processed: 0, throughput: (event/s) 0
q6MaxBid-3 duration: 182.589711282

q6_aucIDSeller_src_logEntry processed 3473 events, duration: 182.589711282
sink processed 3768316 events, duration: 182.589711282
q6_aucIDSeller_src processed 1896738 events, duration: 182.589711282
q6_aucIDSeller_src_ctrl processed 1900 events, duration: 182.589711282
q6_aucIDSeller_src_data processed 1894838 events, duration: 182.589711282
q6_aucIDSeller_src_epoch processed 0 events, duration: 182.589711282

eventTimeLatency_sink, p50: 215 ms, p90: 786 ms, p99: 1681 ms
q6_maxBids_src_ctrl processed: 478, throughput: (event/s) 2.6179859314587564
q6_maxBids_src_data processed: 963268, throughput: (event/s) 5275.778393774923
q6_maxBids_src_epoch processed: 0, throughput: (event/s) 0
q6_maxBids_src_logEntry processed: 2235, throughput: (event/s) 12.241001164875147
sink processed: 963268, throughput: (event/s) 5275.778393774923
q6_maxBids_src processed: 963746, throughput: (event/s) 5278.396379706382
q6Avg-0 duration: 182.583104919

eventTimeLatency_sink, p50: 284 ms, p90: 783 ms, p99: 2299 ms
q6_maxBids_src processed: 723044, throughput: (event/s) 3960.0525525243206
q6_maxBids_src_ctrl processed: 478, throughput: (event/s) 2.6179667075677626
q6_maxBids_src_data processed: 722566, throughput: (event/s) 3957.434585816753
q6_maxBids_src_epoch processed: 0, throughput: (event/s) 0
q6_maxBids_src_logEntry processed: 2112, throughput: (event/s) 11.567250389922833
sink processed: 722566, throughput: (event/s) 3957.434585816753
q6Avg-1 duration: 182.584445638

eventTimeLatency_sink, p50: 217 ms, p90: 960 ms, p99: 2217 ms
q6_maxBids_src_ctrl processed: 478, throughput: (event/s) 2.617900694833054
q6_maxBids_src_data processed: 1211245, throughput: (event/s) 6633.7220232490845
q6_maxBids_src_epoch processed: 0, throughput: (event/s) 0
q6_maxBids_src_logEntry processed: 2327, throughput: (event/s) 12.74446635329815
sink processed: 1211245, throughput: (event/s) 6633.7220232490845
q6_maxBids_src processed: 1211723, throughput: (event/s) 6636.339923943918
q6Avg-2 duration: 182.58904967

eventTimeLatency_sink, p50: 375 ms, p90: 972 ms, p99: 2037 ms
q6_maxBids_src_ctrl processed: 478, throughput: (event/s) 2.617901819207593
q6_maxBids_src_data processed: 871237, throughput: (event/s) 4771.575161633819
q6_maxBids_src_epoch processed: 0, throughput: (event/s) 0
q6_maxBids_src_logEntry processed: 2245, throughput: (event/s) 12.295375698998004
sink processed: 871237, throughput: (event/s) 4771.575161633819
q6_maxBids_src processed: 871715, throughput: (event/s) 4774.193063453027
q6Avg-3 duration: 182.588971249

q6_maxBids_src_logEntry processed 8919 events, duration: 182.58904967
sink processed 3768316 events, duration: 182.58904967
q6_maxBids_src processed 3770228 events, duration: 182.58904967
q6_maxBids_src_ctrl processed 1912 events, duration: 182.58904967
q6_maxBids_src_data processed 3768316 events, duration: 182.58904967
q6_maxBids_src_epoch processed 0 events, duration: 182.58904967

