encoded json is {"sg":{"nexmark_q1_sink":4,"nexmark_src":4,"query1":4},"aid":"q1","fns":["nexmark_src","query1"],"epoch":1,"serdeFormat":1,"bs":true}
config: map[NumInstance:4 OutputTopicName:["nexmark_src"] funcName:"nexmark_src"]
config: map[InputTopicNames:["nexmark_src"] NumInstance:4 OutputTopicName:["nexmark_q1_sink"] funcName:"query1"]
func source url is http://ip-172-31-0-147.us-east-2.compute.internal:8080/function/source
src instance: 4
encoded json is {"topic_name":"nexmark_src","rate_shape":"square","aid":"","events_num":12500000,"rate_period":10000000000,"bid_avg_size":100,"first_event_rate":10000000,"next_event_rate":10000000,"person_avg_size":200,"auction_avg_size":500,"duration":610,"person_proportion":1,"auction_proportion":3,"bid_proportion":46,"bid_hot_ratio_auctions":2,"bid_hot_ratio_bidders":4,"auction_hot_ratio_sellers":4,"rate_limited":false,"serde_format":1,"numOutPar":4,"parNum":3,"nSrcIns":4}
func source url is http://ip-172-31-0-147.us-east-2.compute.internal:8080/function/source
func source url is http://ip-172-31-0-147.us-east-2.compute.internal:8080/function/source
encoded json is {"topic_name":"nexmark_src","rate_shape":"square","aid":"","events_num":12500000,"rate_period":10000000000,"bid_avg_size":100,"first_event_rate":10000000,"next_event_rate":10000000,"person_avg_size":200,"auction_avg_size":500,"duration":610,"person_proportion":1,"auction_proportion":3,"bid_proportion":46,"bid_hot_ratio_auctions":2,"bid_hot_ratio_bidders":4,"auction_hot_ratio_sellers":4,"rate_limited":false,"serde_format":1,"numOutPar":4,"nSrcIns":4}
encoded json is {"topic_name":"nexmark_src","rate_shape":"square","aid":"","events_num":12500000,"rate_period":10000000000,"bid_avg_size":100,"first_event_rate":10000000,"next_event_rate":10000000,"person_avg_size":200,"auction_avg_size":500,"duration":610,"person_proportion":1,"auction_proportion":3,"bid_proportion":46,"bid_hot_ratio_auctions":2,"bid_hot_ratio_bidders":4,"auction_hot_ratio_sellers":4,"rate_limited":false,"serde_format":1,"numOutPar":4,"parNum":1,"nSrcIns":4}
func source url is http://ip-172-31-0-147.us-east-2.compute.internal:8080/function/source
encoded json is {"topic_name":"nexmark_src","rate_shape":"square","aid":"","events_num":12500000,"rate_period":10000000000,"bid_avg_size":100,"first_event_rate":10000000,"next_event_rate":10000000,"person_avg_size":200,"auction_avg_size":500,"duration":610,"person_proportion":1,"auction_proportion":3,"bid_proportion":46,"bid_hot_ratio_auctions":2,"bid_hot_ratio_bidders":4,"auction_hot_ratio_sellers":4,"rate_limited":false,"serde_format":1,"numOutPar":4,"parNum":2,"nSrcIns":4}
func name is query1
func name is query1
func name is query1
func url is http://ip-172-31-0-147.us-east-2.compute.internal:8080/function/query1
func url is http://ip-172-31-0-147.us-east-2.compute.internal:8080/function/query1
func url is http://ip-172-31-0-147.us-east-2.compute.internal:8080/function/query1
func name is query1
func url is http://ip-172-31-0-147.us-east-2.compute.internal:8080/function/query1
encoded json is {"outputTopicName":["nexmark_q1_sink"],"aid":"q1","inputTopicName":["nexmark_src"],"commEveryMs":10,"epoch":1,"duration":600,"numInPartition":4,"numOutPartition":"BA==","ParNum":3,"serdeFormat":1}
encoded json is {"outputTopicName":["nexmark_q1_sink"],"aid":"q1","inputTopicName":["nexmark_src"],"commEveryMs":10,"epoch":1,"duration":600,"numInPartition":4,"numOutPartition":"BA==","ParNum":1,"serdeFormat":1}
encoded json is {"outputTopicName":["nexmark_q1_sink"],"aid":"q1","inputTopicName":["nexmark_src"],"commEveryMs":10,"epoch":1,"duration":600,"numInPartition":4,"numOutPartition":"BA==","serdeFormat":1}
encoded json is {"outputTopicName":["nexmark_q1_sink"],"aid":"q1","inputTopicName":["nexmark_src"],"commEveryMs":10,"epoch":1,"duration":600,"numInPartition":4,"numOutPartition":"BA==","ParNum":2,"serdeFormat":1}
sum of e2e time: 303.9925330049671 processed: 12500000, throughput: (event/s) 41119.43104798484, p50: 5 us, p90: 15 us, p99: 850 us
source-0 duration: 315.754024381

sum of e2e time: 291.161927004112 processed: 12500000, throughput: (event/s) 42931.4372542378, p50: 4 us, p90: 14 us, p99: 831 us
source-1 duration: 302.394378621

sum of e2e time: 265.01722600435056 processed: 12500000, throughput: (event/s) 47166.74530354792, p50: 5 us, p90: 15 us, p99: 728 us
source-2 duration: 276.352297926

sum of e2e time: 297.52016200493847 processed: 12500000, throughput: (event/s) 42013.959375944796, p50: 5 us, p90: 15 us, p99: 850 us
source-3 duration: 309.163655122

source outputs 50000000 events, time 303.9925330049671 s, throughput 164477.72419193937 (event/s)

sum of e2e time: 13.419682000000012 processed: 9553, throughput: (event/s) 711.8648564101587, p50: 1495 us, p90: 1737 us, p99: 2159 us
eventTimeLatency, p50: 16630 us, p90: 21922 us, p99: 23117
sum of filterBids time: 0.01584500000000068 processed: 458888, throughput: (event/s) 2.896106027137774e+07, p50: 0 us, p90: 0 us, p99: 1 us
sum of q1Map time: 0.008150999999999844 processed: 422178, throughput: (event/s) 5.1794626426206365e+07, p50: 0 us, p90: 0 us, p99: 0 us
sum of sink time: 10.197223000000019 processed: 422178, throughput: (event/s) 41401.27169916743, p50: 0 us, p90: 1 us, p99: 1170 us
sum of src time: 2.780981 processed: 458888, throughput: (event/s) 165009.39776287574, p50: 301 us, p90: 404 us, p99: 630 us
query1-0 duration: 14.428267628

sum of e2e time: 391.3387839999946 processed: 259220, throughput: (event/s) 662.3928181879453, p50: 1534 us, p90: 1946 us, p99: 2293 us
eventTimeLatency, p50: 200462 us, p90: 354170 us, p99: 392609
sum of filterBids time: 0.5166480000001822 processed: 12500000, throughput: (event/s) 2.4194422508159507e+07, p50: 0 us, p90: 0 us, p99: 1 us
sum of q1Map time: 0.28639400000006787 processed: 11500000, throughput: (event/s) 4.015447250988943e+07, p50: 0 us, p90: 0 us, p99: 0 us
sum of sink time: 284.78438700001414 processed: 11500000, throughput: (event/s) 40381.42723041706, p50: 0 us, p90: 1 us, p99: 1187 us
sum of src time: 93.06415799999849 processed: 12500000, throughput: (event/s) 134315.94148200646, p50: 339 us, p90: 504 us, p99: 677 us
query1-1 duration: 392.529734247

sum of src time: 95.74003700000374 processed: 12500000, throughput: (event/s) 130561.88812627587, p50: 344 us, p90: 528 us, p99: 698 us
sum of e2e time: 389.74699500002146 processed: 259681, throughput: (event/s) 666.2809549050806, p50: 1534 us, p90: 1940 us, p99: 2290 us
eventTimeLatency, p50: 201219 us, p90: 353586 us, p99: 390982
sum of filterBids time: 0.4824890000001774 processed: 12500000, throughput: (event/s) 2.590732638463344e+07, p50: 0 us, p90: 0 us, p99: 1 us
sum of q1Map time: 0.2539470000000818 processed: 11500000, throughput: (event/s) 4.528503979175299e+07, p50: 0 us, p90: 0 us, p99: 0 us
sum of sink time: 280.5032260000355 processed: 11500000, throughput: (event/s) 40997.74595818212, p50: 0 us, p90: 1 us, p99: 1176 us
query1-2 duration: 390.937183335

sum of filterBids time: 0.3851100000002503 processed: 12500000, throughput: (event/s) 3.2458258679317273e+07, p50: 0 us, p90: 0 us, p99: 1 us
sum of q1Map time: 0.2146060000000241 processed: 11500000, throughput: (event/s) 5.35865726028103e+07, p50: 0 us, p90: 0 us, p99: 0 us
sum of sink time: 248.2832119999997 processed: 11500000, throughput: (event/s) 46318.07324935048, p50: 0 us, p90: 1 us, p99: 1084 us
sum of src time: 78.24948299999107 processed: 12500000, throughput: (event/s) 159745.46438858166, p50: 314 us, p90: 420 us, p99: 552 us
sum of e2e time: 338.1326180000534 processed: 259244, throughput: (event/s) 766.6932623458381, p50: 1451 us, p90: 1609 us, p99: 1983 us
eventTimeLatency, p50: 176495 us, p90: 308842 us, p99: 339912
query1-3 duration: 339.310368807

sink processed 34922178 events, time 391.3387839999946 s, throughput 89237.71276398835 (event/s)
src processed 37958888 events, time 391.3387839999946 s, throughput 96997.51098526572 (event/s)
query1 outputs 34922178 events

