wait for last: true
warmup: 0
config: map[NodeConstraint:"1,2,3,4" NumInstance:4 OutputTopicName:["nexmark_src"] funcName:"source"]
config: map[InputTopicNames:["nexmark_src"] NodeConstraint:"5,6,7,8" NumInstance:4 NumSrcProducer:[1] OutputTopicName:["q8_aucsBySellerID_out","q8_personsByID_out"] funcName:"q8GroupBy"]
config: map[InputTopicNames:["q8_aucsBySellerID_out","q8_personsByID_out"] NodeConstraint:"5,6,7,8" NumInstance:4 NumSrcProducer:[4,4] OutputTopicName:["q8_out"] funcName:"q8JoinStream"]
srcInvokeConfig: {TopicName:nexmark_src AppId:q8 NodeConstraint:1,2,3,4 ScaleEpoch:0 NumOutPartition:4 InstanceID:0 NumSrcInstance:4}
cliNodes: [0xc000026260 0xc0000262c0]
inParamsMap: map[q8GroupBy:[0xc000000be0 0xc000000c80 0xc000000d20 0xc000000dc0] q8JoinStream:[0xc000000e60 0xc000000f00 0xc000000fa0 0xc000001040]]
configScaleInput: {Config:map[changelog:4 nexmark_src:4 q8GroupBy:4 q8JoinStream:4 q8_aucsBySellerID_out:4 q8_out:4 q8_personsByID_out:4 source:4] AppId:q8 FuncNames:[source q8GroupBy q8JoinStream] ScaleEpoch:0 SerdeFormat:1 Bootstrap:false}
encoded json is {"sg":{"changelog":4,"nexmark_src":4,"q8GroupBy":4,"q8JoinStream":4,"q8_aucsBySellerID_out":4,"q8_out":4,"q8_personsByID_out":4,"source":4},"aid":"q8","fns":["source","q8GroupBy","q8JoinStream"],"epoch":1,"serdeFormat":1,"bs":true}, node constraint is 1
func source url is http://ip-172-31-12-180.us-east-2.compute.internal:8080/function/source
func source url is http://ip-172-31-12-180.us-east-2.compute.internal:8080/function/source
func source url is http://ip-172-31-12-180.us-east-2.compute.internal:8080/function/source
src instance: 4
encoded json is {"topic_name":"nexmark_src","rate_shape":"square","aid":"q8","events_num":5760000,"rate_period":10000000000,"bid_avg_size":100,"first_event_rate":32000,"next_event_rate":32000,"person_avg_size":200,"auction_avg_size":500,"duration":180,"person_proportion":1,"auction_proportion":3,"bid_proportion":46,"bid_hot_ratio_auctions":2,"bid_hot_ratio_bidders":4,"auction_hot_ratio_sellers":4,"flushms":100,"rate_limited":false,"waitEnd":true,"serde_format":1,"numOutPar":4,"parNum":3,"nSrcIns":4}, node constraint is 1,2,3,4
func source url is http://ip-172-31-12-180.us-east-2.compute.internal:8080/function/source
encoded json is {"topic_name":"nexmark_src","rate_shape":"square","aid":"q8","events_num":5760000,"rate_period":10000000000,"bid_avg_size":100,"first_event_rate":32000,"next_event_rate":32000,"person_avg_size":200,"auction_avg_size":500,"duration":180,"person_proportion":1,"auction_proportion":3,"bid_proportion":46,"bid_hot_ratio_auctions":2,"bid_hot_ratio_bidders":4,"auction_hot_ratio_sellers":4,"flushms":100,"rate_limited":false,"waitEnd":true,"serde_format":1,"numOutPar":4,"parNum":2,"nSrcIns":4}, node constraint is 1,2,3,4
encoded json is {"topic_name":"nexmark_src","rate_shape":"square","aid":"q8","events_num":5760000,"rate_period":10000000000,"bid_avg_size":100,"first_event_rate":32000,"next_event_rate":32000,"person_avg_size":200,"auction_avg_size":500,"duration":180,"person_proportion":1,"auction_proportion":3,"bid_proportion":46,"bid_hot_ratio_auctions":2,"bid_hot_ratio_bidders":4,"auction_hot_ratio_sellers":4,"flushms":100,"rate_limited":false,"waitEnd":true,"serde_format":1,"numOutPar":4,"nSrcIns":4}, node constraint is 1,2,3,4
encoded json is {"topic_name":"nexmark_src","rate_shape":"square","aid":"q8","events_num":5760000,"rate_period":10000000000,"bid_avg_size":100,"first_event_rate":32000,"next_event_rate":32000,"person_avg_size":200,"auction_avg_size":500,"duration":180,"person_proportion":1,"auction_proportion":3,"bid_proportion":46,"bid_hot_ratio_auctions":2,"bid_hot_ratio_bidders":4,"auction_hot_ratio_sellers":4,"flushms":100,"rate_limited":false,"waitEnd":true,"serde_format":1,"numOutPar":4,"parNum":1,"nSrcIns":4}, node constraint is 1,2,3,4
Waiting for all client to return
func name is q8JoinStream
func url is http://ip-172-31-12-180.us-east-2.compute.internal:8080/function/q8JoinStream
func name is q8GroupBy
func url is http://ip-172-31-12-180.us-east-2.compute.internal:8080/function/q8GroupBy
func name is q8GroupBy
func url is http://ip-172-31-12-180.us-east-2.compute.internal:8080/function/q8GroupBy
func name is q8GroupBy
func url is http://ip-172-31-12-180.us-east-2.compute.internal:8080/function/q8GroupBy
func name is q8GroupBy
func url is http://ip-172-31-12-180.us-east-2.compute.internal:8080/function/q8GroupBy
func name is q8JoinStream
func url is http://ip-172-31-12-180.us-east-2.compute.internal:8080/function/q8JoinStream
func name is q8JoinStream
func url is http://ip-172-31-12-180.us-east-2.compute.internal:8080/function/q8JoinStream
func name is q8JoinStream
func url is http://ip-172-31-12-180.us-east-2.compute.internal:8080/function/q8JoinStream
encoded json is {"aid":"q8","numOutPartition":"BA==","numSubstreamProducer":"BAQ=","outputTopicName":["q8_out"],"inputTopicName":["q8_aucsBySellerID_out","q8_personsByID_out"],"commEveryMs":100,"flushMs":100,"snapEveryS":10,"duration":180,"epoch":1,"waitEnd":true,"numChangelogPartition":4,"numInPartition":4,"ParNum":3,"gua":3,"serdeFormat":1}, node constraint is 5,6,7,8
encoded json is {"aid":"q8","numOutPartition":"BAQ=","numSubstreamProducer":"AQ==","outputTopicName":["q8_aucsBySellerID_out","q8_personsByID_out"],"inputTopicName":["nexmark_src"],"commEveryMs":100,"flushMs":100,"snapEveryS":10,"duration":180,"epoch":1,"waitEnd":true,"numChangelogPartition":4,"numInPartition":4,"gua":3,"serdeFormat":1}, node constraint is 5,6,7,8
encoded json is {"aid":"q8","numOutPartition":"BAQ=","numSubstreamProducer":"AQ==","outputTopicName":["q8_aucsBySellerID_out","q8_personsByID_out"],"inputTopicName":["nexmark_src"],"commEveryMs":100,"flushMs":100,"snapEveryS":10,"duration":180,"epoch":1,"waitEnd":true,"numChangelogPartition":4,"numInPartition":4,"ParNum":3,"gua":3,"serdeFormat":1}, node constraint is 5,6,7,8
encoded json is {"aid":"q8","numOutPartition":"BA==","numSubstreamProducer":"BAQ=","outputTopicName":["q8_out"],"inputTopicName":["q8_aucsBySellerID_out","q8_personsByID_out"],"commEveryMs":100,"flushMs":100,"snapEveryS":10,"duration":180,"epoch":1,"waitEnd":true,"numChangelogPartition":4,"numInPartition":4,"ParNum":1,"gua":3,"serdeFormat":1}, node constraint is 5,6,7,8
encoded json is {"aid":"q8","numOutPartition":"BAQ=","numSubstreamProducer":"AQ==","outputTopicName":["q8_aucsBySellerID_out","q8_personsByID_out"],"inputTopicName":["nexmark_src"],"commEveryMs":100,"flushMs":100,"snapEveryS":10,"duration":180,"epoch":1,"waitEnd":true,"numChangelogPartition":4,"numInPartition":4,"ParNum":1,"gua":3,"serdeFormat":1}, node constraint is 5,6,7,8
encoded json is {"aid":"q8","numOutPartition":"BA==","numSubstreamProducer":"BAQ=","outputTopicName":["q8_out"],"inputTopicName":["q8_aucsBySellerID_out","q8_personsByID_out"],"commEveryMs":100,"flushMs":100,"snapEveryS":10,"duration":180,"epoch":1,"waitEnd":true,"numChangelogPartition":4,"numInPartition":4,"ParNum":2,"gua":3,"serdeFormat":1}, node constraint is 5,6,7,8
encoded json is {"aid":"q8","numOutPartition":"BA==","numSubstreamProducer":"BAQ=","outputTopicName":["q8_out"],"inputTopicName":["q8_aucsBySellerID_out","q8_personsByID_out"],"commEveryMs":100,"flushMs":100,"snapEveryS":10,"duration":180,"epoch":1,"waitEnd":true,"numChangelogPartition":4,"numInPartition":4,"gua":3,"serdeFormat":1}, node constraint is 5,6,7,8
encoded json is {"aid":"q8","numOutPartition":"BAQ=","numSubstreamProducer":"AQ==","outputTopicName":["q8_aucsBySellerID_out","q8_personsByID_out"],"inputTopicName":["nexmark_src"],"commEveryMs":100,"flushMs":100,"snapEveryS":10,"duration":180,"epoch":1,"waitEnd":true,"numChangelogPartition":4,"numInPartition":4,"ParNum":2,"gua":3,"serdeFormat":1}, node constraint is 5,6,7,8
source-3 invoke done
source-0 invoke done
source-1 invoke done
source-2 invoke done
q8GroupBy-3 call done
q8GroupBy-0 call done
q8GroupBy-2 call done
q8GroupBy-1 call done
q8JoinStream-0 call done
q8JoinStream-2 call done
q8JoinStream-1 call done
q8JoinStream-3 call done
sink processed: 1440001, throughput: (event/s) 7999.877639778728
sink_ctrl processed: 1, throughput: (event/s) 0.005555466725216668
source-0 duration: 180.002878149

sink processed: 1440001, throughput: (event/s) 7999.859508875939
sink_ctrl processed: 1, throughput: (event/s) 0.005555454134320697
source-1 duration: 180.003286108

sink processed: 1440001, throughput: (event/s) 7999.848419244078
sink_ctrl processed: 1, throughput: (event/s) 0.005555446433192809
source-2 duration: 180.003535634

sink processed: 1440001, throughput: (event/s) 7999.94251036417
sink_ctrl processed: 1, throughput: (event/s) 0.005555511774203052
source-3 duration: 180.001418527

sink processed 5760004 events, duration: 180.003535634, tp: 31999.393677
sink_ctrl processed 4 events, duration: 180.003535634, tp: 0.022222

auctionsBySellerIDSink processed: 86400, throughput: (event/s) 479.9087829084569
nexmark_src_src processed: 1440001, throughput: (event/s) 7998.48526964075
nexmark_src_src_ctrl processed: 1, throughput: (event/s) 0.005554499802181214
nexmark_src_src_data processed: 1440000, throughput: (event/s) 7998.4797151409475
nexmark_src_src_epoch processed: 0, throughput: (event/s) 0
nexmark_src_src_logEntry processed: 3523, throughput: (event/s) 19.568502803084417
personsByIDSink processed: 28800, throughput: (event/s) 159.96959430281896
q8GroupBy-0 duration: 180.034212911

nexmark_src_src_data processed: 1440000, throughput: (event/s) 7998.173852546991
nexmark_src_src_epoch processed: 0, throughput: (event/s) 0
nexmark_src_src_logEntry processed: 3526, throughput: (event/s) 19.584417363944922
personsByIDSink processed: 28800, throughput: (event/s) 159.96347705093982
auctionsBySellerIDSink processed: 86400, throughput: (event/s) 479.8904311528194
nexmark_src_src processed: 1440001, throughput: (event/s) 7998.179406834388
nexmark_src_src_ctrl processed: 1, throughput: (event/s) 0.005554287397602077
q8GroupBy-1 duration: 180.041097699

nexmark_src_src_ctrl processed: 1, throughput: (event/s) 0.005554454246325014
nexmark_src_src_data processed: 1440000, throughput: (event/s) 7998.41411470802
nexmark_src_src_epoch processed: 0, throughput: (event/s) 0
nexmark_src_src_logEntry processed: 3518, throughput: (event/s) 19.5405700385714
personsByIDSink processed: 28800, throughput: (event/s) 159.96828229416042
auctionsBySellerIDSink processed: 86400, throughput: (event/s) 479.9048468824812
nexmark_src_src processed: 1440001, throughput: (event/s) 7998.4196691622665
q8GroupBy-2 duration: 180.035689494

personsByIDSink processed: 28800, throughput: (event/s) 159.9769683895993
auctionsBySellerIDSink processed: 86400, throughput: (event/s) 479.93090516879795
nexmark_src_src processed: 1440001, throughput: (event/s) 7998.8539742358125
nexmark_src_src_ctrl processed: 1, throughput: (event/s) 0.005554755846861087
nexmark_src_src_data processed: 1440000, throughput: (event/s) 7998.848419479966
nexmark_src_src_epoch processed: 0, throughput: (event/s) 0
nexmark_src_src_logEntry processed: 3522, throughput: (event/s) 19.56385009264475
q8GroupBy-3 duration: 180.025914292

nexmark_src_src_ctrl processed 4 events, duration: 180.041097699
nexmark_src_src_data processed 5760000 events, duration: 180.041097699
nexmark_src_src_epoch processed 0 events, duration: 180.041097699
nexmark_src_src_logEntry processed 14089 events, duration: 180.041097699
personsByIDSink processed 115200 events, duration: 180.041097699
auctionsBySellerIDSink processed 345600 events, duration: 180.041097699
nexmark_src_src processed 5760004 events, duration: 180.041097699

eventTimeLatency_sink, p50: 108 ms, p90: 158 ms, p99: 188 ms
auctionsBySellerIDSrc_data processed: 78337, throughput: (event/s) 434.99778677724447
personsByIDSrc_data processed: 28892, throughput: (event/s) 160.43448249956148
auctionsBySellerIDSrc processed: 84256, throughput: (event/s) 467.865421482869
auctionsBySellerIDSrc_ctrl processed: 4, throughput: (event/s) 0.022211613249281666
auctionsBySellerIDSrc_epoch processed: 5915, throughput: (event/s) 32.84542309237526
personsByIDSrc processed: 34953, throughput: (event/s) 194.0906294755355
personsByIDSrc_ctrl processed: 4, throughput: (event/s) 0.022211613249281666
auctionsBySellerIDSrc_logEntry processed: 5915, throughput: (event/s) 32.84542309237526
personsByIDSrc_epoch processed: 6057, throughput: (event/s) 33.63393536272476
personsByIDSrc_logEntry processed: 6057, throughput: (event/s) 33.63393536272476
sink processed: 310241, throughput: (event/s) 1722.7382765175983
q8JoinStream-0 duration: 180.085973725

eventTimeLatency_sink, p50: 109 ms, p90: 159 ms, p99: 188 ms
auctionsBySellerIDSrc_logEntry processed: 5939, throughput: (event/s) 32.9764087493579
auctionsBySellerIDSrc_epoch processed: 5939, throughput: (event/s) 32.9764087493579
personsByIDSrc processed: 34945, throughput: (event/s) 194.03276708979826
personsByIDSrc_ctrl processed: 4, throughput: (event/s) 0.022210074928006668
sink processed: 324831, throughput: (event/s) 1803.6302122348334
personsByIDSrc_epoch processed: 6057, throughput: (event/s) 33.631605959734095
personsByIDSrc_logEntry processed: 6057, throughput: (event/s) 33.631605959734095
auctionsBySellerIDSrc processed: 87036, throughput: (event/s) 483.2690203584971
personsByIDSrc_data processed: 28884, throughput: (event/s) 160.37895105513616
auctionsBySellerIDSrc_ctrl processed: 4, throughput: (event/s) 0.022210074928006668
auctionsBySellerIDSrc_data processed: 81093, throughput: (event/s) 450.2704015342112
q8JoinStream-1 duration: 180.098446897

eventTimeLatency_sink, p50: 109 ms, p90: 159 ms, p99: 189 ms
personsByIDSrc processed: 34745, throughput: (event/s) 192.94264566100378
personsByIDSrc_ctrl processed: 4, throughput: (event/s) 0.02221242143168845
auctionsBySellerIDSrc_ctrl processed: 4, throughput: (event/s) 0.02221242143168845
auctionsBySellerIDSrc_epoch processed: 5947, throughput: (event/s) 33.024317563562796
auctionsBySellerIDSrc_logEntry processed: 5947, throughput: (event/s) 33.024317563562796
sink processed: 331952, throughput: (event/s) 1843.3644297729609
personsByIDSrc_epoch processed: 6049, throughput: (event/s) 33.59073431007086
auctionsBySellerIDSrc processed: 88814, throughput: (event/s) 493.19349925849446
auctionsBySellerIDSrc_data processed: 82863, throughput: (event/s) 460.14696927349996
personsByIDSrc_data processed: 28692, throughput: (event/s) 159.32969892950123
personsByIDSrc_logEntry processed: 6049, throughput: (event/s) 33.59073431007086
q8JoinStream-2 duration: 180.079421431

eventTimeLatency_sink, p50: 109 ms, p90: 159 ms, p99: 188 ms
personsByIDSrc_data processed: 28732, throughput: (event/s) 159.53984757200118
auctionsBySellerIDSrc_logEntry processed: 5958, throughput: (event/s) 33.08291841270997
personsByIDSrc_ctrl processed: 4, throughput: (event/s) 0.02221075422135614
auctionsBySellerIDSrc_data processed: 103307, throughput: (event/s) 573.6315965864097
sink processed: 414046, throughput: (event/s) 2299.0684855839063
auctionsBySellerIDSrc processed: 109269, throughput: (event/s) 606.736725753341
personsByIDSrc processed: 34791, throughput: (event/s) 193.1835875288004
personsByIDSrc_epoch processed: 6055, throughput: (event/s) 33.62152920257786
personsByIDSrc_logEntry processed: 6055, throughput: (event/s) 33.62152920257786
auctionsBySellerIDSrc_epoch processed: 5958, throughput: (event/s) 33.08291841270997
auctionsBySellerIDSrc_ctrl processed: 4, throughput: (event/s) 0.02221075422135614
q8JoinStream-3 duration: 180.092938769

auctionsBySellerIDSrc_data processed 345600 events, duration: 180.098446897
auctionsBySellerIDSrc processed 369375 events, duration: 180.098446897
auctionsBySellerIDSrc_ctrl processed 16 events, duration: 180.098446897
personsByIDSrc_logEntry processed 24218 events, duration: 180.098446897
auctionsBySellerIDSrc_logEntry processed 23759 events, duration: 180.098446897
personsByIDSrc_epoch processed 24218 events, duration: 180.098446897
sink processed 1381070 events, duration: 180.098446897
personsByIDSrc_data processed 115200 events, duration: 180.098446897
auctionsBySellerIDSrc_epoch processed 23759 events, duration: 180.098446897
personsByIDSrc processed 139434 events, duration: 180.098446897
personsByIDSrc_ctrl processed 16 events, duration: 180.098446897

