parallel restore str: , false
env str: , async2ndPhase: false
env str: , create snapshot: false
2024/03/03 12:47:47 [INFO] Load configuration for function scale[40]
2024/03/03 12:47:47 [INFO] Load configuration for function chkptmngr[50]
2024/03/03 12:47:47 [INFO] Load configuration for function redisSetup[70]
2024/03/03 12:47:47 [INFO] Load configuration for function source[20]
2024/03/03 12:47:47 [INFO] Load configuration for function query2[30]
2024/03/03 12:47:47 [INFO] Parse FAAS_ENGINE_ID: 7
2024/03/03 12:47:47 [INFO] Parse FAAS_ENGINE_ID: 7
2024/03/03 12:47:47 [INFO] Current GOMAXPROCS is 2
2024/03/03 12:47:47 [INFO] Parse FAAS_ENGINE_ID: 7
2024/03/03 12:47:47 [INFO] Current GOMAXPROCS is 3
2024/03/03 12:47:47 [INFO] Parse FAAS_ENGINE_ID: 7
2024/03/03 12:47:47 [INFO] Current GOMAXPROCS is 4
2024/03/03 12:47:47 [INFO] Start new FuncWorker with client id 2
2024/03/03 12:47:47 [INFO] Start new FuncWorker with client id 3
2024/03/03 12:47:47 [INFO] Start new FuncWorker with client id 5
2024/03/03 12:47:47 [INFO] Start new FuncWorker with client id 4
Enter nexmark: funcName: query2
Enter nexmark: funcName: query2
2024/03/03 12:47:47 [INFO] Handshake with engine done
2024/03/03 12:47:47 [INFO] Handshake with engine done
Enter nexmark: funcName: query2
Enter nexmark: funcName: query2
2024/03/03 12:47:47 [INFO] Handshake with engine done
2024/03/03 12:47:47 [INFO] Handshake with engine done
new buffered sink stream nexmark_src[0] with bufMaxSize 131072
new buffered sink stream nexmark_src[1] with bufMaxSize 131072
new buffered sink stream nexmark_src[2] with bufMaxSize 131072
new buffered sink stream nexmark_src[3] with bufMaxSize 131072
new buffered sink stream q2_out[0] with bufMaxSize 131072
new buffered sink stream q2_out[1] with bufMaxSize 131072
new buffered sink stream q2_out[2] with bufMaxSize 131072
new buffered sink stream q2_out[3] with bufMaxSize 131072
nexmark_src notEnded: map[0:{}], notScaleFence: map[0:{}]
redis address is [snapcache-1:6666 snapcache-2:6666 snapcache-3:6666 snapcache-4:6666]
new buffered sink stream __control_log_q2[0] with bufMaxSize 131072
new buffered sink stream __control_log_q2[0] with bufMaxSize 131072
[0] finished prev task source, funcName query2, meta epoch 0, current epoch 1, cmm instance 0, remain instances: map[]
[1] finished prev task source, funcName query2, meta epoch 0, current epoch 1, cmm instance 0, remain instances: map[]
[2] finished prev task source, funcName query2, meta epoch 0, current epoch 1, cmm instance 0, remain instances: map[]
[3] finished prev task source, funcName query2, meta epoch 0, current epoch 1, cmm instance 0, remain instances: map[]
[0] finished prev task query2, funcName query2, meta epoch 0, current epoch 1, cmm instance 0, remain instances: map[]
[0] prodId: ProducerId: {TaskId: 0x1c00500000001, TaskEpoch: 0x1}, warmup time: 0s, flush every: 100ms, waitEndMark: true
nexmark_src_src counter: dur=10.001925086s, value=885214, rate=88504.36214914877 per second
q2_out_sink counter: dur=10.001780396s, value=6398, rate=639.6861105407538 per second
q2_out_sink stats (6398 samples): dur=10.001806039s, p50=0, p90=1, p99=1
q2_out_bufEntry_0 stats (200 samples): dur=18.999209833s, p50=34, p90=46, p99=517
q2_out_bufSize_0 stats (200 samples): dur=18.999236976s, p50=8676, p90=11568, p99=130965
nexmark_src_src counter: dur=10.001724124s, value=1765280, rate=87991.42918651452 per second
q2_out_sink counter: dur=10.001551328s, value=12929, rate=652.998698483508 per second
q2_out_sink stats (6531 samples): dur=10.001551329s, p50=0, p90=1, p99=2
nexmark_src_src counter: dur=10.003665157s, value=2645625, rate=88002.24579528077 per second
q2_out_sink counter: dur=10.00414841s, value=19410, rate=647.8312530351595 per second
q2_out_sink stats (6481 samples): dur=10.0041626s, p50=0, p90=1, p99=1
q2_out_bufEntry_0 stats (200 samples): dur=19.202409102s, p50=34, p90=50, p99=515
q2_out_bufSize_0 stats (200 samples): dur=19.202407057s, p50=8751, p90=12862, p99=131010
nexmark_src_src counter: dur=10.002119212s, value=3525408, rate=87959.65948341068 per second
q2_out_sink counter: dur=10.001762319s, value=26642, rate=723.0725715468785 per second
q2_out_sink stats (7232 samples): dur=10.001760483s, p50=0, p90=1, p99=1
nexmark_src_src counter: dur=10.001035385s, value=4405231, rate=87973.1913877235 per second
q2_out_sink counter: dur=10.003390417s, value=33069, rate=642.4821717522694 per second
q2_out_sink stats (6427 samples): dur=10.003382128s, p50=0, p90=1, p99=2
q2_out_bufEntry_0 stats (200 samples): dur=19.299734403s, p50=34, p90=49, p99=507
q2_out_bufSize_0 stats (200 samples): dur=19.299732755s, p50=8766, p90=12443, p99=131005
nexmark_src_src counter: dur=10.005394516s, value=5285281, rate=87957.55115829557 per second
q2_out_sink counter: dur=10.003023374s, value=39553, rate=648.2040236808108 per second
q2_out_sink stats (6484 samples): dur=10.003019596s, p50=0, p90=1, p99=2
nexmark_src_src counter: dur=10.011490203s, value=6166399, rate=88010.67394901591 per second
q2_out_sink counter: dur=10.015031393s, value=46807, rate=724.3112592807427 per second
q2_out_sink stats (7254 samples): dur=10.015047138s, p50=0, p90=1, p99=2
q2_out_bufEntry_0 stats (200 samples): dur=19.098714648s, p50=33, p90=49, p99=509
q2_out_bufSize_0 stats (200 samples): dur=19.098714843s, p50=8527, p90=12535, p99=131040
nexmark_src_src counter: dur=10.012447724s, value=7047348, rate=87985.37822957626 per second
q2_out_sink counter: dur=10.00885298s, value=53220, rate=640.7327605685342 per second
q2_out_sink stats (6413 samples): dur=10.008835902s, p50=0, p90=1, p99=1
nexmark_src_src counter: dur=10.001546917s, value=7928182, rate=88069.77633657987 per second
q2_out_sink counter: dur=10.001618268s, value=59617, rate=639.5964961457375 per second
q2_out_sink stats (6397 samples): dur=10.001620919s, p50=0, p90=1, p99=2
q2_out_bufEntry_0 stats (200 samples): dur=19.199359084s, p50=33, p90=49, p99=509
q2_out_bufSize_0 stats (200 samples): dur=19.199362388s, p50=8517, p90=12628, p99=130998
nexmark_src_src counter: dur=10.002317757s, value=8808820, rate=88043.39368079926 per second
q2_out_sink counter: dur=10.007508458s, value=66831, rate=720.858746237994 per second
q2_out_sink stats (7214 samples): dur=10.007517106s, p50=0, p90=1, p99=1
nexmark_src_src counter: dur=10.00676076s, value=9689374, rate=87995.90807844995 per second
q2_out_sink counter: dur=10.001590403s, value=73317, rate=648.496862864381 per second
q2_out_sink stats (6486 samples): dur=10.001580576s, p50=0, p90=1, p99=2
q2_out_bufEntry_0 stats (200 samples): dur=19.199173288s, p50=33, p90=47, p99=508
q2_out_bufSize_0 stats (200 samples): dur=19.199170061s, p50=8589, p90=12173, p99=131015
nexmark_src_src counter: dur=10.000583844s, value=10569449, rate=88002.36203489402 per second
q2_out_sink counter: dur=10.000540388s, value=79692, rate=637.4655521265217 per second
q2_out_sink stats (6375 samples): dur=10.000537791s, p50=0, p90=1, p99=1
nexmark_src_src counter: dur=10.003124977s, value=11449686, rate=87996.20138945706 per second
q2_out_sink counter: dur=10.003155008s, value=86184, rate=648.9952414821162 per second
q2_out_sink stats (6492 samples): dur=10.003158202s, p50=0, p90=1, p99=2
q2_out_bufEntry_0 stats (200 samples): dur=19.300031406s, p50=33, p90=45, p99=507
q2_out_bufSize_0 stats (200 samples): dur=19.300032136s, p50=8552, p90=11889, p99=131007
nexmark_src_src counter: dur=10.002348616s, value=12329976, rate=88008.33022275055 per second
q2_out_sink counter: dur=10.002362419s, value=93279, rate=709.3324259599596 per second
q2_out_sink stats (7095 samples): dur=10.00236312s, p50=0, p90=1, p99=1
nexmark_src_src counter: dur=10.000366583s, value=13209936, rate=87992.77433448062 per second
q2_out_sink counter: dur=10.00587068s, value=99698, rate=641.5233821510874 per second
q2_out_sink stats (6419 samples): dur=10.005881212s, p50=0, p90=1, p99=2
q2_out_bufEntry_0 stats (200 samples): dur=19.172389698s, p50=33, p90=49, p99=508
q2_out_bufSize_0 stats (200 samples): dur=19.172388571s, p50=8566, p90=12458, p99=130982
nexmark_src_src counter: dur=10.002629157s, value=14090288, rate=88012.06024757157 per second
q2_out_sink counter: dur=10.003132879s, value=106266, rate=656.594296951556 per second
q2_out_sink stats (6568 samples): dur=10.003140053s, p50=0, p90=1, p99=2
nexmark_src_src counter: dur=10.000514731s, value=14970125, rate=87979.17143931058 per second
q2_out_sink counter: dur=10.000012748s, value=113475, rate=720.8990809978516 per second
q2_out_sink stats (7210 samples): dur=10.006855414s, p50=0, p90=0, p99=1
q2_out_bufEntry_0 stats (200 samples): dur=19.227993738s, p50=34, p90=50, p99=508
q2_out_bufSize_0 stats (200 samples): dur=19.227993686s, p50=8681, p90=12739, p99=130938
0 producer ended, map[] remain
exit due to ctrlMsg
createChkpt_0(ms) (1 samples): dur=2m59.88102251s, data=[3]
[0]duration: 180.014488 s, uts: 1709470387482
WaitAlignTime_0(ms) (1 samples): dur=2m59.887467465s, data=[0]
nexmark_src_src msgCnt 15839951, ctrlCnt 2, epochCnt 0, logEntry 43554
sink msgCnt 119843, ctrlCnt 2
