parallel restore str: , false
env str: , async2ndPhase: false
env str: , create snapshot: false
2024/03/03 07:18:58 [INFO] Load configuration for function scale[40]
2024/03/03 07:18:58 [INFO] Load configuration for function chkptmngr[60]
2024/03/03 07:18:58 [INFO] Load configuration for function redisSetup[70]
2024/03/03 07:18:58 [INFO] Load configuration for function source[20]
2024/03/03 07:18:58 [INFO] Load configuration for function query1[30]
2024/03/03 07:18:58 [INFO] Parse FAAS_ENGINE_ID: 3
2024/03/03 07:18:58 [INFO] Parse FAAS_ENGINE_ID: 3
2024/03/03 07:18:58 [INFO] Current GOMAXPROCS is 2
2024/03/03 07:18:58 [INFO] Parse FAAS_ENGINE_ID: 3
2024/03/03 07:18:58 [INFO] Start new FuncWorker with client id 8
2024/03/03 07:18:58 [INFO] Current GOMAXPROCS is 3
2024/03/03 07:18:58 [INFO] Parse FAAS_ENGINE_ID: 3
2024/03/03 07:18:58 [INFO] Start new FuncWorker with client id 9
2024/03/03 07:18:58 [INFO] Current GOMAXPROCS is 4
2024/03/03 07:18:58 [INFO] Start new FuncWorker with client id 10
2024/03/03 07:18:58 [INFO] Start new FuncWorker with client id 11
Enter nexmark: funcName: source
2024/03/03 07:18:58 [INFO] Handshake with engine done
Enter nexmark: funcName: source
2024/03/03 07:18:58 [INFO] Handshake with engine done
Enter nexmark: funcName: source
2024/03/03 07:18:58 [INFO] Handshake with engine done
Enter nexmark: funcName: source
2024/03/03 07:18:58 [INFO] Handshake with engine done
redis address is [snapcache-1:6666 snapcache-2:6666 snapcache-3:6666 snapcache-4:6666]
new buffered sink stream nexmark_src[0] with bufMaxSize 131072
new buffered sink stream nexmark_src[1] with bufMaxSize 131072
new buffered sink stream nexmark_src[2] with bufMaxSize 131072
new buffered sink stream nexmark_src[3] with bufMaxSize 131072
Generator config: 
	InterEventDelayUs: [250]
	EventPerEpoch    : 0
	MaxEvents        : 2880000
	FirstEventNumber : 1
	EpochPeriodMs    : 0
	StepLengthSec    : 5
	BaseTime         : 1709450463259
	FirstEventId     : 1
	TotalProportion  : 50
	BidProportion    : 46
	AuctionProportion: 3
	PersonProportion : 1
Nexmark config: 
	NumEvents            : 2880000
	NumEventGenerators   : 4
	RateShape            : 0
	FirstEventRate       : 16000
	NextEventRate        : 16000
	RateUnit             : 1000000
	RatePeriodSec        : 10
	PreloadSeconds       : 0
	StreamTimeout        : 240
	IsRateLimited        : false
	UseWallclockEventTime: false
	AvgPersonByteSize    : 200
	AvgAuctionByteSize   : 500
	AvgBidByteSize       : 100
	HotAuctionRatio      : 2
	HotSellersRatio      : 4
	HotBiddersRatio      : 4
	WindowSizeSec        : 10
	WindowPeriodSec      : 5
	WatermarkHoldbackSec : 0
	NumInFlightAuctions  : 100
	NumActivePeople      : 1000
	OccasionalDelaySec   : 3
	ProbDelayedEvent     : 0.1
	OutOfOrderGroupSize  : 1
Input config: 
	SrcTopicName   : nexmark_src
	AppId          : q1
	FinalOutTpNames: [q1_out]
	Duration(s)    : 180
	FlushMs        : 10
	BufMaxSize     : 131072
	CommitEveryMs  : 100
	WaitForEndMark : true
	SerdeFormat    : MSGP
	NumOutPartition: 4
	ParNum         : 0
	NumSrcInstance : 4
	Guarantee      : ALIGN_CHKPT
new buffered sink stream __control_log_q1[0] with bufMaxSize 131072
new buffered sink stream __control_log_q1[0] with bufMaxSize 131072
generate events to [0]
StartTs: 1709450463272
gen first chkpt
srcGen_0 stats (40084 samples): dur=10.002711542s, p50=12, p90=1099, p99=1222
nexmark_src_bufEntry_0 stats (876 samples): dur=10.000782248s, p50=44, p90=48, p99=52
nexmark_src_bufSize_0 stats (876 samples): dur=10.000836247s, p50=11584, p90=12510, p99=13296
srcGen_0 stats (40012 samples): dur=10.001347716s, p50=13, p90=1099, p99=1224
nexmark_src_bufEntry_0 stats (882 samples): dur=10.00179613s, p50=44, p90=48, p99=48
nexmark_src_bufSize_0 stats (882 samples): dur=10.00181665s, p50=11568, p90=12494, p99=12798
srcGen_0 stats (40004 samples): dur=10.001381459s, p50=13, p90=1097, p99=1282
nexmark_src_bufEntry_0 stats (884 samples): dur=10.002230244s, p50=44, p90=48, p99=52
nexmark_src_bufSize_0 stats (884 samples): dur=10.002205523s, p50=11568, p90=12508, p99=13250
srcGen_0 stats (40008 samples): dur=10.001827911s, p50=12, p90=1097, p99=1259
nexmark_src_bufEntry_0 stats (884 samples): dur=10.001473034s, p50=44, p90=48, p99=48
nexmark_src_bufSize_0 stats (884 samples): dur=10.001478617s, p50=11541, p90=12470, p99=12788
srcGen_0 stats (40008 samples): dur=10.001699945s, p50=12, p90=1098, p99=1790
nexmark_src_bufEntry_0 stats (886 samples): dur=10.005491174s, p50=44, p90=48, p99=48
nexmark_src_bufSize_0 stats (886 samples): dur=10.005483068s, p50=11542, p90=12489, p99=12786
srcGen_0 stats (40004 samples): dur=10.001043408s, p50=12, p90=1097, p99=1535
nexmark_src_bufEntry_0 stats (885 samples): dur=10.002973045s, p50=44, p90=48, p99=52
nexmark_src_bufSize_0 stats (885 samples): dur=10.002976066s, p50=11554, p90=12471, p99=13198
srcGen_0 stats (40004 samples): dur=10.000961796s, p50=12, p90=1097, p99=1844
nexmark_src_bufEntry_0 stats (887 samples): dur=10.002064044s, p50=44, p90=48, p99=52
nexmark_src_bufSize_0 stats (887 samples): dur=10.002068749s, p50=11534, p90=12483, p99=13055
srcGen_0 stats (40004 samples): dur=10.001271728s, p50=12, p90=1097, p99=1801
nexmark_src_bufEntry_0 stats (885 samples): dur=10.006300698s, p50=44, p90=48, p99=52
nexmark_src_bufSize_0 stats (885 samples): dur=10.00632778s, p50=11545, p90=12512, p99=13361
srcGen_0 stats (40004 samples): dur=10.00135098s, p50=12, p90=1097, p99=1309
nexmark_src_bufEntry_0 stats (885 samples): dur=10.003262926s, p50=44, p90=48, p99=48
nexmark_src_bufSize_0 stats (885 samples): dur=10.003242709s, p50=11542, p90=12457, p99=12789
srcGen_0 stats (40008 samples): dur=10.001374607s, p50=12, p90=1098, p99=1444
nexmark_src_bufEntry_0 stats (885 samples): dur=10.005895297s, p50=44, p90=48, p99=48
nexmark_src_bufSize_0 stats (885 samples): dur=10.00588329s, p50=11539, p90=12518, p99=12771
srcGen_0 stats (40004 samples): dur=10.001752375s, p50=12, p90=1097, p99=1843
nexmark_src_bufEntry_0 stats (887 samples): dur=10.009417085s, p50=44, p90=48, p99=52
nexmark_src_bufSize_0 stats (887 samples): dur=10.009433439s, p50=11534, p90=12482, p99=13067
srcGen_0 stats (40008 samples): dur=10.002574192s, p50=13, p90=1098, p99=1280
nexmark_src_bufEntry_0 stats (885 samples): dur=10.009729982s, p50=44, p90=48, p99=48
nexmark_src_bufSize_0 stats (885 samples): dur=10.009712871s, p50=11570, p90=12481, p99=12696
srcGen_0 stats (40008 samples): dur=10.001522237s, p50=13, p90=1098, p99=1263
nexmark_src_bufEntry_0 stats (883 samples): dur=10.002340414s, p50=44, p90=48, p99=48
nexmark_src_bufSize_0 stats (883 samples): dur=10.002370036s, p50=11549, p90=12487, p99=12782
srcGen_0 stats (40008 samples): dur=10.001655977s, p50=12, p90=1098, p99=1297
nexmark_src_bufEntry_0 stats (885 samples): dur=10.005246772s, p50=44, p90=48, p99=48
nexmark_src_bufSize_0 stats (885 samples): dur=10.005219155s, p50=11543, p90=12492, p99=12775
srcGen_0 stats (40008 samples): dur=10.001715628s, p50=13, p90=1098, p99=1240
nexmark_src_bufEntry_0 stats (885 samples): dur=10.010377838s, p50=44, p90=48, p99=48
nexmark_src_bufSize_0 stats (885 samples): dur=10.010381265s, p50=11528, p90=12503, p99=12742
srcGen_0 stats (40004 samples): dur=10.001531837s, p50=13, p90=1101, p99=1220
nexmark_src_bufEntry_0 stats (880 samples): dur=10.002499363s, p50=44, p90=48, p99=48
nexmark_src_bufSize_0 stats (880 samples): dur=10.002504115s, p50=11573, p90=12524, p99=12768
srcGen_0 stats (40008 samples): dur=10.001769433s, p50=13, p90=1098, p99=1252
nexmark_src_bufEntry_0 stats (884 samples): dur=10.005990751s, p50=44, p90=48, p99=48
nexmark_src_bufSize_0 stats (884 samples): dur=10.00597843s, p50=11554, p90=12488, p99=12792
[0] chkmngr has terminated
generate stream end mark with tag: 404b3c06f60bdf00
[0] all stopped
