wait for last: true, sink max_buf_size: 131072
warmup: 0
config: map[NodeConstraint:"1,2,3,4" NumInstance:4 OutputTopicName:["nexmark_src"] funcName:"source"]
config: map[InputTopicNames:["nexmark_src"] NodeConstraint:"5,6,7,8" NumInstance:4 NumSrcProducer:[1] OutputTopicName:["q46_aucsByID","q46_bidsByAucID"] funcName:"q46GroupBy"]
config: map[InputTopicNames:["q46_aucsByID","q46_bidsByAucID"] NodeConstraint:"5,6,7,8" NumInstance:4 NumSrcProducer:[4,4] OutputTopicName:["q6_aucIDSeller"] funcName:"q6JoinStream"]
config: map[InputTopicNames:["q6_aucIDSeller"] NodeConstraint:"5,6,7,8" NumInstance:4 NumSrcProducer:[1] OutputTopicName:["q6_maxBids"] funcName:"q6MaxBid"]
config: map[Final:true InputTopicNames:["q6_maxBids"] NodeConstraint:"5,6,7,8" NumInstance:4 NumSrcProducer:[4] OutputTopicName:["q6_out"] funcName:"q6Avg"]
srcInvokeConfig: &{FinalTpNames:[q6_out] TopicName:nexmark_src AppId:q6 NodeConstraint:1,2,3,4 AdditionalBytes:0 ScaleEpoch:0 NumOutPartition:4 InstanceID:0 NumSrcInstance:4}
cliNodes: [0xc0000261e0 0xc000026240 0xc000026280 0xc0000262e0]
inParamsMap: map[q46GroupBy:[0xc00007eaa0 0xc00007eb40 0xc00007ebe0 0xc00007ec80] q6Avg:[0xc00007f220 0xc00007f2c0 0xc00007f360 0xc00007f400] q6JoinStream:[0xc00007ed20 0xc00007edc0 0xc00007ee60 0xc00007ef00] q6MaxBid:[0xc00007efa0 0xc00007f040 0xc00007f0e0 0xc00007f180]]
configScaleInput: &{Config:map[changelog:4 nexmark_src:4 q46GroupBy:4 q46_aucsByID:4 q46_bidsByAucID:4 q6Avg:4 q6JoinStream:4 q6MaxBid:4 q6_aucIDSeller:4 q6_maxBids:4 q6_out:4 source:4] AppId:q6 FuncNames:[source q46GroupBy q6JoinStream q6MaxBid q6Avg] BufMaxSize:131072 ScaleEpoch:0 SerdeFormat:1 Bootstrap:false}
encoded json is {"sg":{"changelog":4,"nexmark_src":4,"q46GroupBy":4,"q46_aucsByID":4,"q46_bidsByAucID":4,"q6Avg":4,"q6JoinStream":4,"q6MaxBid":4,"q6_aucIDSeller":4,"q6_maxBids":4,"q6_out":4,"source":4},"aid":"q6","fns":["source","q46GroupBy","q6JoinStream","q6MaxBid","q6Avg"],"bufMaxSize":131072,"epoch":1,"serdeFormat":1,"bs":true}, node constraint is 1
encoded json is {"outTpNames":["q6_out"]}, node constraint is 1
redis_setup url is http://ip-172-31-7-169.us-east-2.compute.internal:8080/function/redisSetup
chkptmngr url is http://ip-172-31-7-169.us-east-2.compute.internal:8080/function/chkptmngr
encoded json is {"srcTpName":"nexmark_src","outTpNames":["q6_out"],"numOutParts":"BA==","chkptEveryMs":100,"bufMaxSize":131072,"srcNumPart":4,"gua":4,"serde_format":1}, node constraint is 1
func source url is http://ip-172-31-7-169.us-east-2.compute.internal:8080/function/source
func source url is http://ip-172-31-7-169.us-east-2.compute.internal:8080/function/source
src instance: 4
func source url is http://ip-172-31-7-169.us-east-2.compute.internal:8080/function/source
func source url is http://ip-172-31-7-169.us-east-2.compute.internal:8080/function/source
encoded json is {"topic_name":"nexmark_src","rate_shape":"square","aid":"q6","events_num":900000,"rate_period":10000000000,"finOutTpNs":["q6_out"],"first_event_rate":5000,"next_event_rate":5000,"bid_avg_size":100,"person_avg_size":200,"auction_avg_size":500,"duration":180,"person_proportion":1,"auction_proportion":3,"bid_proportion":46,"bid_hot_ratio_auctions":2,"bid_hot_ratio_bidders":4,"auction_hot_ratio_sellers":4,"flushms":100,"bufMaxSize":131072,"commEveryMs":100,"rate_limited":false,"waitEnd":true,"serde_format":1,"numOutPar":4,"parNum":1,"nSrcIns":4,"gua":4}, node constraint is 1,2,3,4
encoded json is {"topic_name":"nexmark_src","rate_shape":"square","aid":"q6","events_num":900000,"rate_period":10000000000,"finOutTpNs":["q6_out"],"first_event_rate":5000,"next_event_rate":5000,"bid_avg_size":100,"person_avg_size":200,"auction_avg_size":500,"duration":180,"person_proportion":1,"auction_proportion":3,"bid_proportion":46,"bid_hot_ratio_auctions":2,"bid_hot_ratio_bidders":4,"auction_hot_ratio_sellers":4,"flushms":100,"bufMaxSize":131072,"commEveryMs":100,"rate_limited":false,"waitEnd":true,"serde_format":1,"numOutPar":4,"nSrcIns":4,"gua":4}, node constraint is 1,2,3,4
encoded json is {"topic_name":"nexmark_src","rate_shape":"square","aid":"q6","events_num":900000,"rate_period":10000000000,"finOutTpNs":["q6_out"],"first_event_rate":5000,"next_event_rate":5000,"bid_avg_size":100,"person_avg_size":200,"auction_avg_size":500,"duration":180,"person_proportion":1,"auction_proportion":3,"bid_proportion":46,"bid_hot_ratio_auctions":2,"bid_hot_ratio_bidders":4,"auction_hot_ratio_sellers":4,"flushms":100,"bufMaxSize":131072,"commEveryMs":100,"rate_limited":false,"waitEnd":true,"serde_format":1,"numOutPar":4,"parNum":3,"nSrcIns":4,"gua":4}, node constraint is 1,2,3,4
encoded json is {"topic_name":"nexmark_src","rate_shape":"square","aid":"q6","events_num":900000,"rate_period":10000000000,"finOutTpNs":["q6_out"],"first_event_rate":5000,"next_event_rate":5000,"bid_avg_size":100,"person_avg_size":200,"auction_avg_size":500,"duration":180,"person_proportion":1,"auction_proportion":3,"bid_proportion":46,"bid_hot_ratio_auctions":2,"bid_hot_ratio_bidders":4,"auction_hot_ratio_sellers":4,"flushms":100,"bufMaxSize":131072,"commEveryMs":100,"rate_limited":false,"waitEnd":true,"serde_format":1,"numOutPar":4,"parNum":2,"nSrcIns":4,"gua":4}, node constraint is 1,2,3,4
Waiting for all client to return
func name is q6Avg
func url is http://ip-172-31-7-169.us-east-2.compute.internal:8080/function/q6Avg
func name is q6JoinStream
func url is http://ip-172-31-7-169.us-east-2.compute.internal:8080/function/q6JoinStream
func name is q46GroupBy
func url is http://ip-172-31-7-169.us-east-2.compute.internal:8080/function/q46GroupBy
func name is q46GroupBy
func url is http://ip-172-31-7-169.us-east-2.compute.internal:8080/function/q46GroupBy
func name is q6MaxBid
func name is q46GroupBy
func url is http://ip-172-31-7-169.us-east-2.compute.internal:8080/function/q46GroupBy
func url is http://ip-172-31-7-169.us-east-2.compute.internal:8080/function/q6MaxBid
func name is q46GroupBy
func url is http://ip-172-31-7-169.us-east-2.compute.internal:8080/function/q46GroupBy
func name is q6MaxBid
func url is http://ip-172-31-7-169.us-east-2.compute.internal:8080/function/q6MaxBid
func name is q6Avg
func url is http://ip-172-31-7-169.us-east-2.compute.internal:8080/function/q6Avg
func name is q6JoinStream
func url is http://ip-172-31-7-169.us-east-2.compute.internal:8080/function/q6JoinStream
func name is q6JoinStream
func url is http://ip-172-31-7-169.us-east-2.compute.internal:8080/function/q6JoinStream
func name is q6JoinStream
func url is http://ip-172-31-7-169.us-east-2.compute.internal:8080/function/q6JoinStream
func name is q6Avg
func url is http://ip-172-31-7-169.us-east-2.compute.internal:8080/function/q6Avg
func name is q6MaxBid
func url is http://ip-172-31-7-169.us-east-2.compute.internal:8080/function/q6MaxBid
encoded json is {"aid":"q6","numOutPartition":"BAQ=","numSubstreamProducer":"AQ==","outputTopicName":["q46_aucsByID","q46_bidsByAucID"],"inputTopicName":["nexmark_src"],"commEveryMs":100,"flushMs":100,"snapEveryS":10,"duration":180,"bufMaxSize":131072,"epoch":1,"waitEnd":true,"numChangelogPartition":4,"numInPartition":4,"ParNum":2,"gua":4,"serdeFormat":1}, node constraint is 5,6,7,8
encoded json is {"aid":"q6","numOutPartition":"BA==","numSubstreamProducer":"BA==","outputTopicName":["q6_out"],"inputTopicName":["q6_maxBids"],"commEveryMs":100,"flushMs":100,"snapEveryS":10,"duration":180,"bufMaxSize":131072,"epoch":1,"waitEnd":true,"numChangelogPartition":4,"numInPartition":4,"ParNum":3,"gua":4,"serdeFormat":1}, node constraint is 5,6,7,8
func name is q6Avg
func url is http://ip-172-31-7-169.us-east-2.compute.internal:8080/function/q6Avg
encoded json is {"aid":"q6","numOutPartition":"BA==","numSubstreamProducer":"BA==","outputTopicName":["q6_out"],"inputTopicName":["q6_maxBids"],"commEveryMs":100,"flushMs":100,"snapEveryS":10,"duration":180,"bufMaxSize":131072,"epoch":1,"waitEnd":true,"numChangelogPartition":4,"numInPartition":4,"gua":4,"serdeFormat":1}, node constraint is 5,6,7,8
encoded json is {"aid":"q6","numOutPartition":"BA==","numSubstreamProducer":"BAQ=","outputTopicName":["q6_aucIDSeller"],"inputTopicName":["q46_aucsByID","q46_bidsByAucID"],"commEveryMs":100,"flushMs":100,"snapEveryS":10,"duration":180,"bufMaxSize":131072,"epoch":1,"waitEnd":true,"numChangelogPartition":4,"numInPartition":4,"ParNum":3,"gua":4,"serdeFormat":1}, node constraint is 5,6,7,8
encoded json is {"aid":"q6","numOutPartition":"BAQ=","numSubstreamProducer":"AQ==","outputTopicName":["q46_aucsByID","q46_bidsByAucID"],"inputTopicName":["nexmark_src"],"commEveryMs":100,"flushMs":100,"snapEveryS":10,"duration":180,"bufMaxSize":131072,"epoch":1,"waitEnd":true,"numChangelogPartition":4,"numInPartition":4,"gua":4,"serdeFormat":1}, node constraint is 5,6,7,8
encoded json is {"aid":"q6","numOutPartition":"BAQ=","numSubstreamProducer":"AQ==","outputTopicName":["q46_aucsByID","q46_bidsByAucID"],"inputTopicName":["nexmark_src"],"commEveryMs":100,"flushMs":100,"snapEveryS":10,"duration":180,"bufMaxSize":131072,"epoch":1,"waitEnd":true,"numChangelogPartition":4,"numInPartition":4,"ParNum":1,"gua":4,"serdeFormat":1}, node constraint is 5,6,7,8
encoded json is {"aid":"q6","numOutPartition":"BA==","numSubstreamProducer":"BAQ=","outputTopicName":["q6_aucIDSeller"],"inputTopicName":["q46_aucsByID","q46_bidsByAucID"],"commEveryMs":100,"flushMs":100,"snapEveryS":10,"duration":180,"bufMaxSize":131072,"epoch":1,"waitEnd":true,"numChangelogPartition":4,"numInPartition":4,"gua":4,"serdeFormat":1}, node constraint is 5,6,7,8
encoded json is {"aid":"q6","numOutPartition":"BA==","numSubstreamProducer":"BA==","outputTopicName":["q6_out"],"inputTopicName":["q6_maxBids"],"commEveryMs":100,"flushMs":100,"snapEveryS":10,"duration":180,"bufMaxSize":131072,"epoch":1,"waitEnd":true,"numChangelogPartition":4,"numInPartition":4,"ParNum":2,"gua":4,"serdeFormat":1}, node constraint is 5,6,7,8
encoded json is {"aid":"q6","numOutPartition":"BA==","numSubstreamProducer":"AQ==","outputTopicName":["q6_maxBids"],"inputTopicName":["q6_aucIDSeller"],"commEveryMs":100,"flushMs":100,"snapEveryS":10,"duration":180,"bufMaxSize":131072,"epoch":1,"waitEnd":true,"numChangelogPartition":4,"numInPartition":4,"ParNum":3,"gua":4,"serdeFormat":1}, node constraint is 5,6,7,8
encoded json is {"aid":"q6","numOutPartition":"BA==","numSubstreamProducer":"AQ==","outputTopicName":["q6_maxBids"],"inputTopicName":["q6_aucIDSeller"],"commEveryMs":100,"flushMs":100,"snapEveryS":10,"duration":180,"bufMaxSize":131072,"epoch":1,"waitEnd":true,"numChangelogPartition":4,"numInPartition":4,"ParNum":2,"gua":4,"serdeFormat":1}, node constraint is 5,6,7,8
encoded json is {"aid":"q6","numOutPartition":"BAQ=","numSubstreamProducer":"AQ==","outputTopicName":["q46_aucsByID","q46_bidsByAucID"],"inputTopicName":["nexmark_src"],"commEveryMs":100,"flushMs":100,"snapEveryS":10,"duration":180,"bufMaxSize":131072,"epoch":1,"waitEnd":true,"numChangelogPartition":4,"numInPartition":4,"ParNum":3,"gua":4,"serdeFormat":1}, node constraint is 5,6,7,8
encoded json is {"aid":"q6","numOutPartition":"BA==","numSubstreamProducer":"AQ==","outputTopicName":["q6_maxBids"],"inputTopicName":["q6_aucIDSeller"],"commEveryMs":100,"flushMs":100,"snapEveryS":10,"duration":180,"bufMaxSize":131072,"epoch":1,"waitEnd":true,"numChangelogPartition":4,"numInPartition":4,"ParNum":1,"gua":4,"serdeFormat":1}, node constraint is 5,6,7,8
encoded json is {"aid":"q6","numOutPartition":"BA==","numSubstreamProducer":"AQ==","outputTopicName":["q6_maxBids"],"inputTopicName":["q6_aucIDSeller"],"commEveryMs":100,"flushMs":100,"snapEveryS":10,"duration":180,"bufMaxSize":131072,"epoch":1,"waitEnd":true,"numChangelogPartition":4,"numInPartition":4,"gua":4,"serdeFormat":1}, node constraint is 5,6,7,8
encoded json is {"aid":"q6","numOutPartition":"BA==","numSubstreamProducer":"BA==","outputTopicName":["q6_out"],"inputTopicName":["q6_maxBids"],"commEveryMs":100,"flushMs":100,"snapEveryS":10,"duration":180,"bufMaxSize":131072,"epoch":1,"waitEnd":true,"numChangelogPartition":4,"numInPartition":4,"ParNum":1,"gua":4,"serdeFormat":1}, node constraint is 5,6,7,8
encoded json is {"aid":"q6","numOutPartition":"BA==","numSubstreamProducer":"BAQ=","outputTopicName":["q6_aucIDSeller"],"inputTopicName":["q46_aucsByID","q46_bidsByAucID"],"commEveryMs":100,"flushMs":100,"snapEveryS":10,"duration":180,"bufMaxSize":131072,"epoch":1,"waitEnd":true,"numChangelogPartition":4,"numInPartition":4,"ParNum":2,"gua":4,"serdeFormat":1}, node constraint is 5,6,7,8
func name is q6MaxBid
func url is http://ip-172-31-7-169.us-east-2.compute.internal:8080/function/q6MaxBid
encoded json is {"aid":"q6","numOutPartition":"BA==","numSubstreamProducer":"BAQ=","outputTopicName":["q6_aucIDSeller"],"inputTopicName":["q46_aucsByID","q46_bidsByAucID"],"commEveryMs":100,"flushMs":100,"snapEveryS":10,"duration":180,"bufMaxSize":131072,"epoch":1,"waitEnd":true,"numChangelogPartition":4,"numInPartition":4,"ParNum":1,"gua":4,"serdeFormat":1}, node constraint is 5,6,7,8
source-0 invoke done
source-3 invoke done
source-2 invoke done
source-1 invoke done
q46GroupBy-3 call done
q46GroupBy-2 call done
q46GroupBy-1 call done
q46GroupBy-0 call done
q6MaxBid-0 call done
q6JoinStream-0 call done
q6MaxBid-2 call done
q6JoinStream-2 call done
q6MaxBid-1 call done
q6JoinStream-1 call done
q6MaxBid-3 call done
q6Avg-1 call done
q6Avg-0 call done
q6Avg-3 call done
q6Avg-2 call done
q6JoinStream-3 call done
sink processed: 225002, throughput: (event/s) 1249.9655427075547
sink_ctrl processed: 2, throughput: (event/s) 0.011110706062235487
source-0 duration: 180.006562031

sink processed: 225002, throughput: (event/s) 1249.9803016660792
sink_ctrl processed: 2, throughput: (event/s) 0.011110837251811797
source-1 duration: 180.00443663

sink processed: 225002, throughput: (event/s) 1249.9965789217172
sink_ctrl processed: 2, throughput: (event/s) 0.01111098193724249
source-2 duration: 180.002092641

sink processed: 225002, throughput: (event/s) 1249.9925098684057
sink_ctrl processed: 2, throughput: (event/s) 0.011110945768201224
source-3 duration: 180.002678595

sink processed 900008 events, duration: 180.006562031, tp: 4999.862171
sink_ctrl processed 8 events, duration: 180.006562031, tp: 0.044443

nexmark_src_src_epoch processed: 0, throughput: (event/s) 0
nexmark_src_src_logEntry processed: 1764, throughput: (event/s) 9.7972228313187
aucsByIDSink processed: 13500, throughput: (event/s) 74.97874615805128
bidsByAucIDSink processed: 207000, throughput: (event/s) 1149.6741077567863
nexmark_src_src processed: 225329, throughput: (event/s) 1251.4730291146325
nexmark_src_src_ctrl processed: 329, throughput: (event/s) 1.8272598137776943
nexmark_src_src_data processed: 225000, throughput: (event/s) 1249.6457693008547
q46GroupBy-0 duration: 180.05102368

nexmark_src_src processed: 225329, throughput: (event/s) 1251.690385627954
nexmark_src_src_ctrl processed: 329, throughput: (event/s) 1.8275771732515425
nexmark_src_src_data processed: 225000, throughput: (event/s) 1249.8628084547022
nexmark_src_src_epoch processed: 0, throughput: (event/s) 0
nexmark_src_src_logEntry processed: 1762, throughput: (event/s) 9.787814526654158
aucsByIDSink processed: 13500, throughput: (event/s) 74.99176850728213
bidsByAucIDSink processed: 207000, throughput: (event/s) 1149.873783778326
q46GroupBy-1 duration: 180.019757751

nexmark_src_src_epoch processed: 0, throughput: (event/s) 0
nexmark_src_src_logEntry processed: 1763, throughput: (event/s) 9.793068160757652
aucsByIDSink processed: 13500, throughput: (event/s) 74.9894612423303
bidsByAucIDSink processed: 207000, throughput: (event/s) 1149.8384057157311
nexmark_src_src processed: 225329, throughput: (event/s) 1251.6518749831885
nexmark_src_src_ctrl processed: 329, throughput: (event/s) 1.8275209443501235
nexmark_src_src_data processed: 225000, throughput: (event/s) 1249.8243540388382
q46GroupBy-2 duration: 180.025296573

nexmark_src_src_data processed: 225000, throughput: (event/s) 1249.8516900015504
nexmark_src_src_epoch processed: 0, throughput: (event/s) 0
nexmark_src_src_logEntry processed: 1763, throughput: (event/s) 9.793282353212147
aucsByIDSink processed: 13500, throughput: (event/s) 74.99110140009302
bidsByAucIDSink processed: 207000, throughput: (event/s) 1149.8635548014263
nexmark_src_src processed: 225329, throughput: (event/s) 1251.6792509171526
nexmark_src_src_ctrl processed: 329, throughput: (event/s) 1.827560915602267
q46GroupBy-3 duration: 180.021359174

nexmark_src_src_ctrl processed 1316 events, duration: 180.05102368
nexmark_src_src_data processed 900000 events, duration: 180.05102368
nexmark_src_src_epoch processed 0 events, duration: 180.05102368
nexmark_src_src_logEntry processed 7052 events, duration: 180.05102368
aucsByIDSink processed 54000 events, duration: 180.05102368
bidsByAucIDSink processed 828000 events, duration: 180.05102368
nexmark_src_src processed 901316 events, duration: 180.05102368

aucsByIDSrc processed: 13756, throughput: (event/s) 75.76826314100126
bidsByAucIDSrc_logEntry processed: 7023, throughput: (event/s) 38.682793838270705
aucsByIDSrc_data processed: 13424, throughput: (event/s) 73.93960194858977
aucsByIDSrc_logEntry processed: 6152, throughput: (event/s) 33.88531221601045
bidsByAucIDSrc processed: 192228, throughput: (event/s) 1058.794830406251
aucsByIDSrc_ctrl processed: 332, throughput: (event/s) 1.828661192411487
bidsByAucIDSrc_ctrl processed: 332, throughput: (event/s) 1.828661192411487
sink processed: 554525, throughput: (event/s) 3054.332372656566
aucsByIDSrc_epoch processed: 0, throughput: (event/s) 0
bidsByAucIDSrc_data processed: 191896, throughput: (event/s) 1056.9661692138395
bidsByAucIDSrc_epoch processed: 0, throughput: (event/s) 0
q6JoinStream-0 duration: 181.553587607

aucsByIDSrc_ctrl processed: 332, throughput: (event/s) 1.757650660133934
aucsByIDSrc_data processed: 13444, throughput: (event/s) 71.17426347843556
aucsByIDSrc_epoch processed: 0, throughput: (event/s) 0
aucsByIDSrc_logEntry processed: 6204, throughput: (event/s) 32.8447731791293
bidsByAucIDSrc_epoch processed: 0, throughput: (event/s) 0
bidsByAucIDSrc_logEntry processed: 7023, throughput: (event/s) 37.180664416025955
sink processed: 554350, throughput: (event/s) 2934.8001308591756
aucsByIDSrc processed: 13776, throughput: (event/s) 72.9319141385695
bidsByAucIDSrc processed: 189555, throughput: (event/s) 1003.5285267520718
bidsByAucIDSrc_data processed: 189223, throughput: (event/s) 1001.7708760919379
bidsByAucIDSrc_ctrl processed: 332, throughput: (event/s) 1.757650660133934
q6JoinStream-1 duration: 188.888501868

aucsByIDSrc_logEntry processed: 6188, throughput: (event/s) 33.96604573824011
bidsByAucIDSrc_ctrl processed: 332, throughput: (event/s) 1.8223541023102323
bidsByAucIDSrc_epoch processed: 0, throughput: (event/s) 0
aucsByIDSrc_epoch processed: 0, throughput: (event/s) 0
bidsByAucIDSrc_data processed: 205740, throughput: (event/s) 1129.3106415942987
sink processed: 582677, throughput: (event/s) 3198.324762866925
aucsByIDSrc processed: 13952, throughput: (event/s) 76.58278444407337
bidsByAucIDSrc_logEntry processed: 7022, throughput: (event/s) 38.543887067537504
aucsByIDSrc_ctrl processed: 332, throughput: (event/s) 1.8223541023102323
aucsByIDSrc_data processed: 13620, throughput: (event/s) 74.76043034176314
bidsByAucIDSrc processed: 206072, throughput: (event/s) 1131.132995696609
q6JoinStream-2 duration: 182.181936858

bidsByAucIDSrc_data processed: 241141, throughput: (event/s) 1246.4435415305188
aucsByIDSrc processed: 13844, throughput: (event/s) 71.55881575073714
aucsByIDSrc_ctrl processed: 332, throughput: (event/s) 1.7160883291855482
aucsByIDSrc_epoch processed: 0, throughput: (event/s) 0
aucsByIDSrc_data processed: 13512, throughput: (event/s) 69.84272742155159
bidsByAucIDSrc processed: 241473, throughput: (event/s) 1248.1596298597044
bidsByAucIDSrc_epoch processed: 0, throughput: (event/s) 0
bidsByAucIDSrc_logEntry processed: 7021, throughput: (event/s) 36.2911330096739
sink processed: 695515, throughput: (event/s) 3595.0758261249593
aucsByIDSrc_logEntry processed: 6146, throughput: (event/s) 31.768309852934877
bidsByAucIDSrc_ctrl processed: 332, throughput: (event/s) 1.7160883291855482
q6JoinStream-3 duration: 193.463235169

bidsByAucIDSrc_epoch processed 0 events, duration: 193.463235169
aucsByIDSrc processed 55328 events, duration: 193.463235169
aucsByIDSrc_data processed 54000 events, duration: 193.463235169
aucsByIDSrc_logEntry processed 24690 events, duration: 193.463235169
aucsByIDSrc_ctrl processed 1328 events, duration: 193.463235169
sink processed 2387067 events, duration: 193.463235169
bidsByAucIDSrc_logEntry processed 28089 events, duration: 193.463235169
bidsByAucIDSrc processed 829328 events, duration: 193.463235169
bidsByAucIDSrc_ctrl processed 1328 events, duration: 193.463235169
aucsByIDSrc_epoch processed 0 events, duration: 193.463235169
bidsByAucIDSrc_data processed 828000 events, duration: 193.463235169

sink processed: 95469, throughput: (event/s) 527.4980167774853
q6_aucIDSeller_src processed: 554854, throughput: (event/s) 3065.7531198719457
q6_aucIDSeller_src_ctrl processed: 329, throughput: (event/s) 1.8178345590693592
q6_aucIDSeller_src_data processed: 554525, throughput: (event/s) 3063.9352853128767
q6_aucIDSeller_src_epoch processed: 0, throughput: (event/s) 0
q6_aucIDSeller_src_logEntry processed: 1664, throughput: (event/s) 9.194154122466303
q6MaxBid-0 duration: 180.984566697

q6_aucIDSeller_src_logEntry processed: 1766, throughput: (event/s) 9.377511353627684
sink processed: 91885, throughput: (event/s) 487.9120219298299
q6_aucIDSeller_src processed: 554679, throughput: (event/s) 2945.3616195463474
q6_aucIDSeller_src_ctrl processed: 329, throughput: (event/s) 1.7469995670121787
q6_aucIDSeller_src_data processed: 554350, throughput: (event/s) 2943.614619979335
q6_aucIDSeller_src_epoch processed: 0, throughput: (event/s) 0
q6MaxBid-1 duration: 188.322885828

q6_aucIDSeller_src_epoch processed: 0, throughput: (event/s) 0
q6_aucIDSeller_src_logEntry processed: 1660, throughput: (event/s) 9.143095891103531
sink processed: 94517, throughput: (event/s) 520.5891532165256
q6_aucIDSeller_src processed: 583006, throughput: (event/s) 3211.132387402835
q6_aucIDSeller_src_ctrl processed: 329, throughput: (event/s) 1.8120955109476278
q6_aucIDSeller_src_data processed: 582677, throughput: (event/s) 3209.3202918918873
q6MaxBid-2 duration: 181.557758966

q6_aucIDSeller_src_epoch processed: 0, throughput: (event/s) 0
q6_aucIDSeller_src_logEntry processed: 1831, throughput: (event/s) 9.498311123738054
sink processed: 99920, throughput: (event/s) 518.3349248956342
q6_aucIDSeller_src processed: 695844, throughput: (event/s) 3609.690226972355
q6_aucIDSeller_src_ctrl processed: 329, throughput: (event/s) 1.7066872527088037
q6_aucIDSeller_src_data processed: 695515, throughput: (event/s) 3607.983539719646
q6MaxBid-3 duration: 192.771112269

q6_aucIDSeller_src processed 2388383 events, duration: 192.771112269
q6_aucIDSeller_src_ctrl processed 1316 events, duration: 192.771112269
q6_aucIDSeller_src_data processed 2387067 events, duration: 192.771112269
q6_aucIDSeller_src_epoch processed 0 events, duration: 192.771112269
q6_aucIDSeller_src_logEntry processed 6921 events, duration: 192.771112269
sink processed 381791 events, duration: 192.771112269

eventTimeLatency_sink, p50: 230 ms, p90: 2038 ms, p99: 10505 ms
q6_maxBids_src_ctrl processed: 332, throughput: (event/s) 1.722281704371194
q6_maxBids_src_data processed: 90882, throughput: (event/s) 471.4590537851291
q6_maxBids_src_epoch processed: 0, throughput: (event/s) 0
q6_maxBids_src_logEntry processed: 5350, throughput: (event/s) 27.753635898752677
sink processed: 90882, throughput: (event/s) 471.4590537851291
q6_maxBids_src processed: 91214, throughput: (event/s) 473.18133548950027
q6Avg-0 duration: 192.767535739

eventTimeLatency_sink, p50: 257 ms, p90: 2591 ms, p99: 9528 ms
sink processed: 72518, throughput: (event/s) 376.1931497146241
q6_maxBids_src processed: 72850, throughput: (event/s) 377.9154272968141
q6_maxBids_src_ctrl processed: 332, throughput: (event/s) 1.7222775821900107
q6_maxBids_src_data processed: 72518, throughput: (event/s) 376.1931497146241
q6_maxBids_src_epoch processed: 0, throughput: (event/s) 0
q6_maxBids_src_logEntry processed: 5284, throughput: (event/s) 27.411188988831373
q6Avg-1 duration: 192.767997118

eventTimeLatency_sink, p50: 250 ms, p90: 2749 ms, p99: 9235 ms
q6_maxBids_src_epoch processed: 0, throughput: (event/s) 0
q6_maxBids_src_logEntry processed: 5414, throughput: (event/s) 28.085408696632246
sink processed: 123967, throughput: (event/s) 643.0853084402308
q6_maxBids_src processed: 124299, throughput: (event/s) 644.8075758372167
q6_maxBids_src_ctrl processed: 332, throughput: (event/s) 1.7222673969859448
q6_maxBids_src_data processed: 123967, throughput: (event/s) 643.0853084402308
q6Avg-2 duration: 192.769137116

eventTimeLatency_sink, p50: 291 ms, p90: 3287 ms, p99: 11644 ms
q6_maxBids_src_epoch processed: 0, throughput: (event/s) 0
q6_maxBids_src_logEntry processed: 5413, throughput: (event/s) 28.079908242457257
sink processed: 94424, throughput: (event/s) 489.82398963343513
q6_maxBids_src processed: 94756, throughput: (event/s) 491.54623783895806
q6_maxBids_src_ctrl processed: 332, throughput: (event/s) 1.722248205522965
q6_maxBids_src_data processed: 94424, throughput: (event/s) 489.82398963343513
q6Avg-3 duration: 192.771285193

q6_maxBids_src_data processed 381791 events, duration: 192.771285193
q6_maxBids_src_epoch processed 0 events, duration: 192.771285193
q6_maxBids_src_logEntry processed 21461 events, duration: 192.771285193
sink processed 381791 events, duration: 192.771285193
q6_maxBids_src processed 383119 events, duration: 192.771285193
q6_maxBids_src_ctrl processed 1328 events, duration: 192.771285193

