wait for last: true
warmup: 0
config: map[NodeConstraint:"1,2,3,4" NumInstance:4 OutputTopicName:["nexmark_src"] funcName:"source"]
config: map[InputTopicNames:["nexmark_src"] NodeConstraint:"5,6,7,8" NumInstance:4 NumSrcProducer:[1] OutputTopicName:["q8_aucsBySellerID_out","q8_personsByID_out"] funcName:"q8GroupBy"]
config: map[InputTopicNames:["q8_aucsBySellerID_out","q8_personsByID_out"] NodeConstraint:"5,6,7,8" NumInstance:4 NumSrcProducer:[4,4] OutputTopicName:["q8_out"] funcName:"q8JoinStream"]
srcInvokeConfig: {TopicName:nexmark_src AppId:q8 NodeConstraint:1,2,3,4 ScaleEpoch:0 NumOutPartition:4 InstanceID:0 NumSrcInstance:4}
cliNodes: [0xc000026260 0xc0000262c0]
inParamsMap: map[q8GroupBy:[0xc000000c80 0xc000000d20 0xc000000dc0 0xc000000e60] q8JoinStream:[0xc000000f00 0xc000000fa0 0xc000001040 0xc0000010e0]]
encoded json is {"sg":{"changelog":4,"nexmark_src":4,"q8GroupBy":4,"q8JoinStream":4,"q8_aucsBySellerID_out":4,"q8_out":4,"q8_personsByID_out":4,"source":4},"aid":"q8","fns":["source","q8GroupBy","q8JoinStream"],"epoch":1,"serdeFormat":1,"bs":true}, node constraint is 1
configScaleInput: {Config:map[changelog:4 nexmark_src:4 q8GroupBy:4 q8JoinStream:4 q8_aucsBySellerID_out:4 q8_out:4 q8_personsByID_out:4 source:4] AppId:q8 FuncNames:[source q8GroupBy q8JoinStream] ScaleEpoch:0 SerdeFormat:1 Bootstrap:false}
func source url is http://ip-172-31-12-180.us-east-2.compute.internal:8080/function/source
func source url is http://ip-172-31-12-180.us-east-2.compute.internal:8080/function/source
func source url is http://ip-172-31-12-180.us-east-2.compute.internal:8080/function/source
src instance: 4
func source url is http://ip-172-31-12-180.us-east-2.compute.internal:8080/function/source
encoded json is {"topic_name":"nexmark_src","rate_shape":"square","aid":"q8","events_num":25920000,"rate_period":10000000000,"bid_avg_size":100,"first_event_rate":144000,"next_event_rate":144000,"person_avg_size":200,"auction_avg_size":500,"duration":180,"person_proportion":1,"auction_proportion":3,"bid_proportion":46,"bid_hot_ratio_auctions":2,"bid_hot_ratio_bidders":4,"auction_hot_ratio_sellers":4,"flushms":100,"rate_limited":false,"waitEnd":true,"serde_format":1,"numOutPar":4,"nSrcIns":4}, node constraint is 1,2,3,4
encoded json is {"topic_name":"nexmark_src","rate_shape":"square","aid":"q8","events_num":25920000,"rate_period":10000000000,"bid_avg_size":100,"first_event_rate":144000,"next_event_rate":144000,"person_avg_size":200,"auction_avg_size":500,"duration":180,"person_proportion":1,"auction_proportion":3,"bid_proportion":46,"bid_hot_ratio_auctions":2,"bid_hot_ratio_bidders":4,"auction_hot_ratio_sellers":4,"flushms":100,"rate_limited":false,"waitEnd":true,"serde_format":1,"numOutPar":4,"parNum":2,"nSrcIns":4}, node constraint is 1,2,3,4
encoded json is {"topic_name":"nexmark_src","rate_shape":"square","aid":"q8","events_num":25920000,"rate_period":10000000000,"bid_avg_size":100,"first_event_rate":144000,"next_event_rate":144000,"person_avg_size":200,"auction_avg_size":500,"duration":180,"person_proportion":1,"auction_proportion":3,"bid_proportion":46,"bid_hot_ratio_auctions":2,"bid_hot_ratio_bidders":4,"auction_hot_ratio_sellers":4,"flushms":100,"rate_limited":false,"waitEnd":true,"serde_format":1,"numOutPar":4,"parNum":3,"nSrcIns":4}, node constraint is 1,2,3,4
encoded json is {"topic_name":"nexmark_src","rate_shape":"square","aid":"q8","events_num":25920000,"rate_period":10000000000,"bid_avg_size":100,"first_event_rate":144000,"next_event_rate":144000,"person_avg_size":200,"auction_avg_size":500,"duration":180,"person_proportion":1,"auction_proportion":3,"bid_proportion":46,"bid_hot_ratio_auctions":2,"bid_hot_ratio_bidders":4,"auction_hot_ratio_sellers":4,"flushms":100,"rate_limited":false,"waitEnd":true,"serde_format":1,"numOutPar":4,"parNum":1,"nSrcIns":4}, node constraint is 1,2,3,4
encoded json is {"aid":"q8","numOutPartition":"BA==","numSubstreamProducer":"BAQ=","outputTopicName":["q8_out"],"inputTopicName":["q8_aucsBySellerID_out","q8_personsByID_out"],"commEveryMs":100,"flushMs":100,"snapEveryS":10,"duration":180,"epoch":1,"waitEnd":true,"numChangelogPartition":4,"numInPartition":4,"ParNum":3,"gua":3,"serdeFormat":1}, node constraint is 5,6,7,8
encoded json is {"aid":"q8","numOutPartition":"BAQ=","numSubstreamProducer":"AQ==","outputTopicName":["q8_aucsBySellerID_out","q8_personsByID_out"],"inputTopicName":["nexmark_src"],"commEveryMs":100,"flushMs":100,"snapEveryS":10,"duration":180,"epoch":1,"waitEnd":true,"numChangelogPartition":4,"numInPartition":4,"gua":3,"serdeFormat":1}, node constraint is 5,6,7,8
encoded json is {"aid":"q8","numOutPartition":"BA==","numSubstreamProducer":"BAQ=","outputTopicName":["q8_out"],"inputTopicName":["q8_aucsBySellerID_out","q8_personsByID_out"],"commEveryMs":100,"flushMs":100,"snapEveryS":10,"duration":180,"epoch":1,"waitEnd":true,"numChangelogPartition":4,"numInPartition":4,"ParNum":2,"gua":3,"serdeFormat":1}, node constraint is 5,6,7,8
encoded json is {"aid":"q8","numOutPartition":"BA==","numSubstreamProducer":"BAQ=","outputTopicName":["q8_out"],"inputTopicName":["q8_aucsBySellerID_out","q8_personsByID_out"],"commEveryMs":100,"flushMs":100,"snapEveryS":10,"duration":180,"epoch":1,"waitEnd":true,"numChangelogPartition":4,"numInPartition":4,"gua":3,"serdeFormat":1}, node constraint is 5,6,7,8
encoded json is {"aid":"q8","numOutPartition":"BAQ=","numSubstreamProducer":"AQ==","outputTopicName":["q8_aucsBySellerID_out","q8_personsByID_out"],"inputTopicName":["nexmark_src"],"commEveryMs":100,"flushMs":100,"snapEveryS":10,"duration":180,"epoch":1,"waitEnd":true,"numChangelogPartition":4,"numInPartition":4,"ParNum":3,"gua":3,"serdeFormat":1}, node constraint is 5,6,7,8
encoded json is {"aid":"q8","numOutPartition":"BAQ=","numSubstreamProducer":"AQ==","outputTopicName":["q8_aucsBySellerID_out","q8_personsByID_out"],"inputTopicName":["nexmark_src"],"commEveryMs":100,"flushMs":100,"snapEveryS":10,"duration":180,"epoch":1,"waitEnd":true,"numChangelogPartition":4,"numInPartition":4,"ParNum":1,"gua":3,"serdeFormat":1}, node constraint is 5,6,7,8
encoded json is {"aid":"q8","numOutPartition":"BAQ=","numSubstreamProducer":"AQ==","outputTopicName":["q8_aucsBySellerID_out","q8_personsByID_out"],"inputTopicName":["nexmark_src"],"commEveryMs":100,"flushMs":100,"snapEveryS":10,"duration":180,"epoch":1,"waitEnd":true,"numChangelogPartition":4,"numInPartition":4,"ParNum":2,"gua":3,"serdeFormat":1}, node constraint is 5,6,7,8
encoded json is {"aid":"q8","numOutPartition":"BA==","numSubstreamProducer":"BAQ=","outputTopicName":["q8_out"],"inputTopicName":["q8_aucsBySellerID_out","q8_personsByID_out"],"commEveryMs":100,"flushMs":100,"snapEveryS":10,"duration":180,"epoch":1,"waitEnd":true,"numChangelogPartition":4,"numInPartition":4,"ParNum":1,"gua":3,"serdeFormat":1}, node constraint is 5,6,7,8
Waiting for all client to return
func name is q8JoinStream
func url is http://ip-172-31-12-180.us-east-2.compute.internal:8080/function/q8JoinStream
func name is q8GroupBy
func url is http://ip-172-31-12-180.us-east-2.compute.internal:8080/function/q8GroupBy
func name is q8GroupBy
func url is http://ip-172-31-12-180.us-east-2.compute.internal:8080/function/q8GroupBy
func name is q8GroupBy
func url is http://ip-172-31-12-180.us-east-2.compute.internal:8080/function/q8GroupBy
func name is q8GroupBy
func url is http://ip-172-31-12-180.us-east-2.compute.internal:8080/function/q8GroupBy
func name is q8JoinStream
func url is http://ip-172-31-12-180.us-east-2.compute.internal:8080/function/q8JoinStream
func name is q8JoinStream
func url is http://ip-172-31-12-180.us-east-2.compute.internal:8080/function/q8JoinStream
func name is q8JoinStream
func url is http://ip-172-31-12-180.us-east-2.compute.internal:8080/function/q8JoinStream
source-0 invoke done
source-3 invoke done
source-2 invoke done
source-1 invoke done
q8GroupBy-3 call done
q8GroupBy-0 call done
q8GroupBy-1 call done
q8GroupBy-2 call done
q8JoinStream-0 call done
q8JoinStream-2 call done
q8JoinStream-3 call done
q8JoinStream-1 call done
sink processed: 6480001, throughput: (event/s) 35999.197558966225
sink_ctrl processed: 1, throughput: (event/s) 0.005555430864743111
source-0 duration: 180.004040073

sink processed: 6480001, throughput: (event/s) 35999.45186518615
sink_ctrl processed: 1, throughput: (event/s) 0.005555470109524081
source-1 duration: 180.002768494

sink processed: 6480001, throughput: (event/s) 35999.3972715399
sink_ctrl processed: 1, throughput: (event/s) 0.005555461684579971
source-2 duration: 180.003041471

sink processed: 6480001, throughput: (event/s) 35999.550122047
sink_ctrl processed: 1, throughput: (event/s) 0.005555485272617551
source-3 duration: 180.002277196

sink_ctrl processed 4 events, duration: 180.004040073, tp: 0.022222
sink processed 25920004 events, duration: 180.004040073, tp: 143996.790236

auctionsBySellerIDSink processed: 388800, throughput: (event/s) 2159.527725803192
nexmark_src_src processed: 6480001, throughput: (event/s) 35992.134317727396
nexmark_src_src_ctrl processed: 1, throughput: (event/s) 0.005554340858547305
nexmark_src_src_data processed: 6480000, throughput: (event/s) 35992.128763386536
nexmark_src_src_epoch processed: 0, throughput: (event/s) 0
nexmark_src_src_logEntry processed: 14099, throughput: (event/s) 78.31065176465845
personsByIDSink processed: 129600, throughput: (event/s) 719.8425752677307
q8GroupBy-0 duration: 180.03936479

personsByIDSink processed: 129600, throughput: (event/s) 719.8509265195344
auctionsBySellerIDSink processed: 388800, throughput: (event/s) 2159.552779558603
nexmark_src_src processed: 6480001, throughput: (event/s) 35992.551880382016
nexmark_src_src_ctrl processed: 1, throughput: (event/s) 0.005554405297218629
nexmark_src_src_data processed: 6480000, throughput: (event/s) 35992.54632597671
nexmark_src_src_epoch processed: 0, throughput: (event/s) 0
nexmark_src_src_logEntry processed: 14093, throughput: (event/s) 78.27823385370213
q8GroupBy-1 duration: 180.037276088

nexmark_src_src processed: 6480001, throughput: (event/s) 35990.568788029916
nexmark_src_src_ctrl processed: 1, throughput: (event/s) 0.005554099264495471
nexmark_src_src_data processed: 6480000, throughput: (event/s) 35990.563233930654
nexmark_src_src_epoch processed: 0, throughput: (event/s) 0
nexmark_src_src_logEntry processed: 14105, throughput: (event/s) 78.34057012570862
personsByIDSink processed: 129600, throughput: (event/s) 719.811264678613
auctionsBySellerIDSink processed: 388800, throughput: (event/s) 2159.433794035839
q8GroupBy-2 duration: 180.047196202

nexmark_src_src_epoch processed: 0, throughput: (event/s) 0
nexmark_src_src_logEntry processed: 14107, throughput: (event/s) 78.35797227863415
personsByIDSink processed: 129600, throughput: (event/s) 719.8690867874805
auctionsBySellerIDSink processed: 388800, throughput: (event/s) 2159.607260362441
nexmark_src_src processed: 6480001, throughput: (event/s) 35993.45989391944
nexmark_src_src_ctrl processed: 1, throughput: (event/s) 0.005554545422742904
nexmark_src_src_data processed: 6480000, throughput: (event/s) 35993.454339374024
q8GroupBy-3 duration: 180.032734255

nexmark_src_src_data processed 25920000 events, duration: 180.047196202
nexmark_src_src_epoch processed 0 events, duration: 180.047196202
nexmark_src_src_logEntry processed 56404 events, duration: 180.047196202
personsByIDSink processed 518400 events, duration: 180.047196202
auctionsBySellerIDSink processed 1555200 events, duration: 180.047196202
nexmark_src_src processed 25920004 events, duration: 180.047196202
nexmark_src_src_ctrl processed 4 events, duration: 180.047196202

eventTimeLatency_sink, p50: 262 ms, p90: 847 ms, p99: 1592 ms
auctionsBySellerIDSrc processed: 377325, throughput: (event/s) 2091.3485719041873
personsByIDSrc_logEntry processed: 5922, throughput: (event/s) 32.823073591245205
sink processed: 1483279, throughput: (event/s) 8221.171187664404
auctionsBySellerIDSrc_epoch processed: 5922, throughput: (event/s) 32.823073591245205
personsByIDSrc_data processed: 129372, throughput: (event/s) 717.0527991635553
personsByIDSrc_epoch processed: 5922, throughput: (event/s) 32.823073591245205
auctionsBySellerIDSrc_logEntry processed: 6353, throughput: (event/s) 35.21191937270868
personsByIDSrc processed: 135298, throughput: (event/s) 749.8980430172735
personsByIDSrc_ctrl processed: 4, throughput: (event/s) 0.02217026247297886
auctionsBySellerIDSrc_ctrl processed: 4, throughput: (event/s) 0.02217026247297886
auctionsBySellerIDSrc_data processed: 371399, throughput: (event/s) 2058.503328050469
q8JoinStream-0 duration: 180.421860358

eventTimeLatency_sink, p50: 290 ms, p90: 1007 ms, p99: 2208 ms
personsByIDSrc_ctrl processed: 4, throughput: (event/s) 0.021926645736320936
personsByIDSrc_epoch processed: 5922, throughput: (event/s) 32.462399012623145
auctionsBySellerIDSrc processed: 400775, throughput: (event/s) 2196.9128612435056
sink processed: 1580640, throughput: (event/s) 8664.533329164582
auctionsBySellerIDSrc_ctrl processed: 4, throughput: (event/s) 0.021926645736320936
auctionsBySellerIDSrc_epoch processed: 5922, throughput: (event/s) 32.462399012623145
personsByIDSrc processed: 136146, throughput: (event/s) 746.3062776042875
auctionsBySellerIDSrc_data processed: 394849, throughput: (event/s) 2164.428535585146
auctionsBySellerIDSrc_logEntry processed: 6398, throughput: (event/s) 35.07166985524534
personsByIDSrc_data processed: 130220, throughput: (event/s) 713.821951945928
personsByIDSrc_logEntry processed: 5922, throughput: (event/s) 32.462399012623145
q8JoinStream-1 duration: 182.42644352

eventTimeLatency_sink, p50: 237 ms, p90: 700 ms, p99: 1125 ms
auctionsBySellerIDSrc_data processed: 384233, throughput: (event/s) 2131.209939265618
auctionsBySellerIDSrc_logEntry processed: 6368, throughput: (event/s) 35.32113299285447
personsByIDSrc_data processed: 129000, throughput: (event/s) 715.5191828012291
personsByIDSrc_epoch processed: 5922, throughput: (event/s) 32.84732248487503
sink processed: 1538416, throughput: (event/s) 8533.07100099485
personsByIDSrc processed: 134926, throughput: (event/s) 748.3886919274313
personsByIDSrc_logEntry processed: 5922, throughput: (event/s) 32.84732248487503
auctionsBySellerIDSrc processed: 390159, throughput: (event/s) 2164.07944839182
auctionsBySellerIDSrc_ctrl processed: 4, throughput: (event/s) 0.022186641327169895
auctionsBySellerIDSrc_epoch processed: 5922, throughput: (event/s) 32.84732248487503
personsByIDSrc_ctrl processed: 4, throughput: (event/s) 0.022186641327169895
q8JoinStream-2 duration: 180.288667447

eventTimeLatency_sink, p50: 403 ms, p90: 1998 ms, p99: 3527 ms
personsByIDSrc_data processed: 129808, throughput: (event/s) 719.9726501629705
auctionsBySellerIDSrc_epoch processed: 5922, throughput: (event/s) 32.84603440670152
auctionsBySellerIDSrc processed: 410645, throughput: (event/s) 2277.6190136676705
auctionsBySellerIDSrc_ctrl processed: 4, throughput: (event/s) 0.022185771298008458
personsByIDSrc_epoch processed: 5922, throughput: (event/s) 32.84603440670152
personsByIDSrc_logEntry processed: 5922, throughput: (event/s) 32.84603440670152
auctionsBySellerIDSrc_data processed: 404719, throughput: (event/s) 2244.750793489671
personsByIDSrc processed: 135734, throughput: (event/s) 752.84087034097
sink processed: 1619806, throughput: (event/s) 8984.161365785472
auctionsBySellerIDSrc_logEntry processed: 6445, throughput: (event/s) 35.746824003916124
personsByIDSrc_ctrl processed: 4, throughput: (event/s) 0.022185771298008458
q8JoinStream-3 duration: 180.295737582

sink processed 6222141 events, duration: 182.42644352
auctionsBySellerIDSrc_epoch processed 23688 events, duration: 182.42644352
personsByIDSrc processed 542104 events, duration: 182.42644352
personsByIDSrc_ctrl processed 16 events, duration: 182.42644352
auctionsBySellerIDSrc_ctrl processed 16 events, duration: 182.42644352
personsByIDSrc_logEntry processed 23688 events, duration: 182.42644352
personsByIDSrc_data processed 518400 events, duration: 182.42644352
personsByIDSrc_epoch processed 23688 events, duration: 182.42644352
auctionsBySellerIDSrc_logEntry processed 25564 events, duration: 182.42644352
auctionsBySellerIDSrc_data processed 1555200 events, duration: 182.42644352
auctionsBySellerIDSrc processed 1578904 events, duration: 182.42644352

